 --------------------------------
 AVL - B O O S T
 Version:        v2022.1.0.0.0
 Build:          Apr 27 2022 22:44:48
 Git Build Hash: 7670062eda46b95e13935a621f250d93513addf7
 System:         x86_64-unknown-winnt_i19v19
 --------------------------------

LICENSE
-------
 sys_1DCFD_solver 2022.0@ License will expire in 218 days

PROJECT
-------
 Preprocessor Version :  2022.1
 Calculation date     : 14.10.2025
 File     : single500_GDi.bst
 Case Set : "Case Set 1"
 Case     : "7k"
 
 Project ID: "4-Cylinder"
 Run ID:     "WOT"
 Model date: "7.3.2000"

ELEMENTS
--------
 Element Name        Number

 PIPE                  23
 SYSTEMBOUNDARY         2
 CYLINDER               4
 RESTRICTION            8
 MEASURINGPOINT         8
 JUNCTION               7
 ENGINE                 1
 PIPE_END              46
 ALL_PIPES             23
 ALL_BOUNDARIES         2
 RESTRICTIONS           8
 ALL_PIDS               1
 PIPE_VAR_WALL_TEMP    23

GLOBAL DATA
-----------
  Engine Speed :         7000.0  rpm
  Calculationmode:        BOOST  Single
  Cycle Duration:        720.00  degrees
  Max. calc. period:   14400.00  degrees
  Cycles calculated:         20  cycles
  Calc. time steps:     1.79732  degrees (max)
                        1.01672  degrees
                        0.02421  ms
  Traces results step:  5.00000  degrees
  User concentrations:        0
  Ref. pressure:      100000.00  Pa
  Ref. temperature:     298.000  K
  Gas properties:      Variable
  Gasproperties File:     GASOLINE.BGP
     bgp_build_version:   v2013.0.0.0.0
     bgp_build_host:      boosthost
     bgp_build_user:      boost
     bgp_build_date:      2012.03.23
     bgp_build_time:      08:00:00
  Lower calorific:  0.43500E+08  J/kg
  Stoic. A/F-ratio:      14.500

  Warnings:                   0
  Convergence errors:       119

PIPES
-----

 Total number of pipe cells:     88

 Pipe   Cells   Cell size       W.Heat     Wall T    Fric. coeff.   Lam. Fric. Coeff.  Heat Factor       Volume
  nr.                [mm]         [kJ]        [K]             [-]                 [-]          [-]        [dm3]
    1       2        40.0        0.001     340.00        0.040000           64.000000     1.000000     0.070513
    2       2        30.0       -0.007     850.00        0.040000           64.000000     1.000000     0.048255
    3       2        40.0        0.001     340.00        0.040000           64.000000     1.000000     0.070513
    4       2        30.0       -0.006     850.00        0.040000           64.000000     1.000000     0.048255
    5       2        40.0        0.001     340.00        0.040000           64.000000     1.000000     0.070513
    6       2        30.0       -0.006     850.00        0.040000           64.000000     1.000000     0.048255
    7       2        40.0        0.001     340.00        0.040000           64.000000     1.000000     0.070513
    8       2        30.0       -0.006     850.00        0.040000           64.000000     1.000000     0.048255
    9       9        29.2        0.001     300.00        0.019000           64.000000     1.000000     1.192182
   10       4        35.0        0.000     300.00        0.019000           64.000000     1.000000     0.158776
   11       2        40.0        0.001     300.00        0.019000           64.000000     1.000000     0.090729
   12       4        35.0        0.000     300.00        0.019000           64.000000     1.000000     0.158776
   13       4        35.0        0.000     300.00        0.019000           64.000000     1.000000     0.158776
   14       2        40.0        0.000     300.00        0.019000           64.000000     1.000000     0.090729
   15       2        40.0        0.000     300.00        0.019000           64.000000     1.000000     0.090729
   16       4        35.0        0.000     300.00        0.019000           64.000000     1.000000     0.158776
   17       6        33.3       -0.067     300.00        0.019000           64.000000     1.000000     0.251327
   18       6        33.3       -0.064     300.00        0.019000           64.000000     1.000000     0.251327
   19       6        33.3       -0.069     300.00        0.019000           64.000000     1.000000     0.251327
   20       6        33.3       -0.066     300.00        0.019000           64.000000     1.000000     0.251327
   21       5        30.0       -0.087     300.00        0.019000           64.000000     1.000000     0.188496
   22       5        30.0       -0.086     300.00        0.019000           64.000000     1.000000     0.188496
   23       7        30.3       -0.157     300.00        0.019000           64.000000     1.000000     0.266407


MEASURINGPOINTS: Average Values
-------------------------------
 Mp. Pipe Location   Diameter  Pressure  Temp. Ms.Temp.  Velo.   Massflow   Massflow To.Ent.f.  To.Ent.f.  Mach. Wtemp.  Converg.
 nr.  nr.     [mm]       [mm]     [bar]    [K]      [K]  [m/s]      [g/s]  [g/cycle]    [kJ/s]  [kJ/cyc.]    [-]    [K]       [-]
  1   1    10.0000    33.5000    0.9621  291.4    278.3   42.2    37.2691     0.6389    -0.112    -0.0019   0.13  340.0 0.447E-07
  2  19    10.0000    40.0000    1.2473 1088.2   1301.2   82.6    39.8353     0.6829    50.574     0.8670   0.12  300.0 0.781E-07
  3   3    10.0000    33.5000    0.9177  289.6    276.7   41.3    34.9253     0.5987    -0.025    -0.0004   0.12  340.0 0.399E-08
  4  17    10.0000    40.0000    1.2438 1099.5   1303.9   79.6    37.3356     0.6400    47.368     0.8120   0.12  300.0 0.308E-06
  5   5    10.0000    33.5000    0.9215  290.5    273.7   39.4    32.1075     0.5504    -0.330    -0.0057   0.12  340.0 0.149E-07
  6  18    10.0000    40.0000    1.2454 1104.3   1296.7   76.2    34.3228     0.5884    43.024     0.7375   0.11  300.0 0.541E-07
  7   7    10.0000    33.5000    0.9224  291.6    280.5   40.3    34.0114     0.5831    -0.017    -0.0003   0.12  340.0 0.111E-06
  8  20    10.0000    40.0000    1.2478 1101.9   1303.4   78.0    36.3531     0.6232    46.018     0.7889   0.11  300.0 0.126E-06

SYSTEMBOUNDARIES
Attachments
-----------
 Type                 Nr.   Pipe       Mass flow
                             Nr.       [g/cycle]
 SYSTEMBOUNDARY        1      9          2.3709
 SYSTEMBOUNDARY        2     23          2.5348

CYLINDERS: Average Values
-------------------------
                               Total
                              Engine         Cyl.   1       Cyl.   2       Cyl.   3       Cyl.   4
Firing TDC [deg]                                  0.00         540.00         180.00         360.00
Bore [mm]                                        86.00          86.00          86.00          86.00
Stroke [mm]                                      86.00          86.00          86.00          86.00
Conrodl. [mm]                                   143.50         143.50         143.50         143.50
Piston pin offset [mm]                            0.00           0.00           0.00           0.00
Swept Vol. [l]                   1.9982         0.4996         0.4996         0.4996         0.4996
Compression ratio [-]                            10.50          10.50          10.50          10.50
Dyn. Comp. ratio [-]                              8.00           7.96           7.96           7.98

Combustion Data:
----------------
Combustion Char.                               2Z-Vibe        2Z-Vibe        2Z-Vibe        2Z-Vibe     
Comb.start [deg]                                -14.00         -14.00         -14.00         -14.00
Comb.dur.1 [deg]                                 50.00          50.00          50.00          50.00
Peak Fir.Pres. [bar]              75.89          81.84          76.85          70.05          74.81
at Crankangle [deg]               12.05          12.04          12.05          12.03          12.08
Peak Pres.Rise[bar/deg]            3.33           3.60           3.37           3.10           3.28
at Crankangle [deg]               -0.73          -0.76          -0.57          -0.72          -0.84
Peak Fir. Temp. [K]             2666.35        2673.34        2670.84        2655.46        2665.75
at Crankangle [deg]               20.84          20.81          20.84          20.79          20.90
Peak T_burned [K]               2804.56        2811.37        2808.94        2793.86        2804.08
at Crankangle [deg]                8.58           8.57           8.58           8.56           8.60
Res. Gascompr. [bar]               0.96           0.97           0.96           0.94           0.99
at Crankangle [deg]              339.85         340.53         340.28         340.36         338.23
Evaporation Energy [kJ]         -0.0480        -0.0129        -0.0121        -0.0111        -0.0118
Required O.N. [-]                 90.24          90.24          88.06          81.43          86.52
Knock Intensity [-]               -1.00           0.00           0.00           0.00           0.00

Emissions (Classic Species Transport):
--------------------------------------
NOx: Calculated based on MTZ 34 1973 (12).
CO:  Calculated based on SAE 2002-01-0006.
HC:  Calculated based on SAE 2002-01-0006.
NOX   [g/kWh]                 13.325863      13.470839      13.585792      12.818892      13.369606
NOX   [g/h]                 1773.493121     490.835587     456.416505     390.422616     435.818414
NOX   [ppm]                     3215.88        3303.42        3277.13        3049.65        3213.99
CO    [g/kWh]                  1.148375       1.092090       1.151984       1.193212       1.165677
CO    [g/h]                  152.833243      39.792374      38.701042      36.341442      37.998385
CO    [ppm]                      296.88         286.89         297.67         304.09         300.19
HC    [g/kWh]                  0.428766       0.402654       0.424726       0.457314       0.435444
HC    [g/h]                   57.063004      14.671479      14.268722      13.928320      14.194482
HC    [ppm]                       73.92          70.54          73.19          77.73          74.79

Performance:
------------
IMEP [bar]                      13.9032        14.9894        14.0143        12.9373        13.6720
Rel. to Ave. [-]                                1.0781         1.0080         0.9305         0.9834
IMEP Exh. [bar]                 -1.4749        -1.5625        -1.4857        -1.3841        -1.4672
IMEP Int. [bar]                  0.6335         0.6505         0.6229         0.6194         0.6414
IMEP Gasex. [bar]               -0.8413        -0.9120        -0.8628        -0.7647        -0.8257
IMEP HP [bar]                   14.7446        15.9015        14.8771        13.7020        14.4977
FMEP [bar]                       2.4857         2.4857         2.4857         2.4857         2.4857
BMEP [bar]                      11.4175        12.5037        11.5285        10.4516        11.1863
AMEP;SMEP [bar]                  0.0000         0.0000         0.0000         0.0000         0.0000
ISFC [g/kWh]                   211.7824       211.7260       212.3113       211.1270       211.9223
Rel. to Ave. [-]                                0.9997         1.0025         0.9969         1.0007
ISFC (tr.f.) [g/kWh]           211.7824       211.7260       212.3113       211.1270       211.9223
BSFC [g/kWh]                   257.8896       253.8167       258.0886       261.3396       259.0139
Indicated Eff. [-]               0.3908         0.3909         0.3898         0.3920         0.3905
Iso vol. comb. Eff [-]           0.9702         0.9702         0.9702         0.9702         0.9701
Polytropic Coeff. [-]                           1.2904         1.2900         1.2943         1.2901

Fuel Mass Balance:
------------------
Inj. Fuelmass [g]              0.163432       0.044038       0.041287       0.037902       0.040205
Asp.Trap. Fuelmass [g]         0.000004       0.000001       0.000001       0.000001       0.000001
Fuelmassfl.(A+I) [g/s]         9.533789       2.568970       2.408478       2.210992       2.345349
Fuelmass tot.trap. [g]         0.163436       0.044039       0.041288       0.037903       0.040206
Trapped Fuelm.fl.[g/s]         9.533789       2.568970       2.408478       2.210992       2.345349
Trapp. Eff. Fuel [-]             1.0000         1.0000         1.0000         1.0000         1.0000

Energy Balance Cylinder:
------------------------
Fuel Energy [kJ]                7.11141        1.91623        1.79653        1.64923        1.74942
Released Energy [kJ]            6.89753        1.85857        1.74249        1.59957        1.69691
-> Brake Power     [%]           33.077         33.608         33.051         32.641         32.932
-> Loss: Friction  [%]            7.201          6.681          7.126          7.763          7.318
-> Loss: Piston    [%]            3.488          3.448          3.499          3.497          3.512
-> Loss: Head      [%]            4.052          4.010          4.068          4.054          4.081
-> Loss: Liner     [%]            4.409          4.360          4.423          4.417          4.439
-> Loss: Int. Port [%]           -0.020         -0.022         -0.018         -0.025         -0.015
-> Loss: Exh. Port [%]            0.314          0.303          0.313          0.324          0.317
-> Loss: Exh. Gas  [%]           47.993         48.140         48.027         47.869         47.914
Eff. Rel. Energy [kJ]           6.87010        1.85119        1.73560        1.59323        1.69009
Gross Rel. Energy [kJ]          6.89753        1.85857        1.74249        1.59957        1.69691
Eff.Gross Rel.Ener.[kJ]         6.87010        1.85119        1.73560        1.59323        1.69009
Energy Balance [-]               0.9985         0.9985         0.9985         0.9985         0.9986
Eff. Energy Balance [-]          0.9945         0.9945         0.9946         0.9945         0.9945

Blowby:
-------
Blowbymass [g]                 0.000000       0.000000       0.000000       0.000000       0.000000
Blowbymassfl. [g/s]            0.000000       0.000000       0.000000       0.000000       0.000000
Blowby Heat Flow [kJ]          0.000000       0.000000       0.000000       0.000000       0.000000

Reference Values at Start of High Pressure:
-------------------------------------------
Pressure at SHP[bar]             1.7175         1.8468         1.7637         1.5554         1.7041
Temperature [K]                  415.06         416.46         421.06         404.41         418.30
Air Massfl.  [g/s]           138.302815      37.262187      34.924576      32.109481      34.006571
Fuel Massfl. [g/s]             9.533789       2.568970       2.408478       2.210992       2.345349
Trapp. Eff. Air [-]              0.9995         0.9996         0.9999         0.9984         1.0000
Trapp. Eff.Fuel [-]              1.0000         1.0000         1.0000         1.0000         1.0000
A/F-Ratio (Cmb.) [-]              14.60          14.60          14.60          14.60          14.60
Excess Air Ratio [-]             1.0070         1.0069         1.0070         1.0070         1.0070

Reference Values at Start Of Combustion:
----------------------------------------
Pressure [bar]                  21.0212        22.8998        21.3893        18.8701        20.9257
Temperature [K]                  744.76         748.84         752.43         727.51         750.26

Residual Gas:
-------------
Res.gas content [-]              0.0244         0.0226         0.0245         0.0245         0.0263
External EGR [-]                 0.0000        -0.0000        -0.0000         0.0000         0.0000
Internal EGR [-]                 0.0244         0.0226         0.0245         0.0245         0.0263
Com.Prod.Mass. at EO [g]       2.590731       0.696865       0.654540       0.600845       0.638481
Res.gas mass at SHP [g]        0.060074       0.014959       0.015238       0.013966       0.015911
Res.gas aspirated IN [g]       0.000000      -0.000000      -0.000000       0.000000       0.000000
Res.gas from intake [g]        0.001844       0.000000       0.000483       0.000000       0.001361
Rel. to Total [-]                0.0307         0.0000         0.0317         0.0000         0.0856
Res.gas flow EX [g]            2.530709       0.681916       0.639325       0.586884       0.622584
Res.gas from exhaust [g]       0.001079       0.000223       0.000292       0.000148       0.000416
Rel. to Total [-]                0.0180         0.0149         0.0192         0.0106         0.0262

Gas Exchange:
-------------
Volumetric Eff. [-]              1.0146         1.0936         1.0253         0.9412         0.9984
Rel. to Ave. [-]                                1.0778         1.0105         0.9276         0.9840
Total Mass at SHP[g]             2.4593         0.6614         0.6214         0.5704         0.6061
Mass Delivered [g]              2.37089        0.63878        0.59871        0.55045        0.58296
Mass Delivered [g/s]          138.30201       37.26219       34.92457       32.10948       34.00577
Delivery Ratio [-]               1.0151         1.0940         1.0254         0.9427         0.9984
Rel. to Ave. [-]                                1.0777         1.0101         0.9287         0.9835
Av.Airmass at SHP[g]             2.3698         0.6386         0.5987         0.5496         0.5830
Air Delivered [g]               2.37091        0.63878        0.59871        0.55045        0.58297
Air Delivered [g/s]           138.30282       37.26219       34.92458       32.10948       34.00657
Airdeliveryratio [-]             1.0151         1.0940         1.0254         0.9427         0.9984
Rel. to Ave. [-]                                1.0777         1.0101         0.9287         0.9835
Airmass Trapped [g]             2.36976        0.63855        0.59866        0.54957        0.58297
Airmass Trapped [g/s]         138.23580       37.24899       34.92202       32.05821       34.00657
Trapp. Eff. Air [-]              0.9995         0.9996         0.9999         0.9984         1.0000
Rel. to Ave. [-]                                1.0001         1.0004         0.9989         1.0005
Airpurity [-]                    0.9636         0.9654         0.9634         0.9635         0.9618
Dyn. Swirl [-]                   0.0000         0.0000         0.0000         0.0000         0.0000
Dyn. Tumble [-]                  0.0000         0.0000         0.0000         0.0000         0.0000

Wall Heatlosses:
----------------
Piston [kJ]                     -0.2406        -0.0641        -0.0610        -0.0559        -0.0596
Piston Temperature [K]                          570.00         570.00         570.00         570.00
Cylinderhead [kJ]              -0.27949       -0.07453       -0.07088       -0.06484       -0.06924
Head Temperature [K]                            665.00         665.00         665.00         665.00
Cylinderliner [kJ]             -0.30410       -0.08103       -0.07707       -0.07066       -0.07533
LinerTDC Temperature [K]                        460.00         460.00         460.00         460.00
LinerBDC Temperature [K]                        455.00         455.00         455.00         455.00
Sum of Wallheat [kJ]           -0.82417       -0.21964       -0.20892       -0.19144       -0.20417
Wall Heatlosses in High Pressure Phase:
Piston HP [kJ]                 -0.20320       -0.05414       -0.05149       -0.04733       -0.05023
Cylinderhead HP [kJ]           -0.24413       -0.06506       -0.06188       -0.05683       -0.06035
Cylinderliner HP [kJ]          -0.14234       -0.03789       -0.03615       -0.03310       -0.03520
Sum of Wallheat HP [kJ]        -0.58966       -0.15709       -0.14952       -0.13727       -0.14578
Wall Heatlosses Related to Heatinput:
Piston [-]                      -0.0338        -0.0334        -0.0339        -0.0339        -0.0341
Cylinderhead [-]                -0.0393        -0.0389        -0.0395        -0.0393        -0.0396
Cylinderliner [-]               -0.0428        -0.0423        -0.0429        -0.0429        -0.0431
Sum of Wallheat [-]             -0.1159        -0.1147        -0.1163        -0.1161        -0.1167
M. Eff. HTC [W/m2/K]             674.94         712.21         680.47         639.58         667.51
M. Eff. Temp. [K]               1460.08        1469.04        1465.30        1443.94        1462.05

Reference Values at EO:
-----------------------
Pressure [bar]                     6.68           7.21           6.74           6.18           6.58
Temperature [K]                 1756.60        1762.41        1758.99        1748.96        1756.04
A/F-Ratio [-]                     14.50          14.50          14.50          14.50          14.50
Com.Prod.Conc. [-]              0.99904        0.99903        0.99904        0.99902        0.99908
Fuel Concentr. [-]             0.000069       0.000070       0.000069       0.000071       0.000067

Average Values of Pipeattachements:
-----------------------------------
 Attached Pipe                                       1              3              5              7
Vlv/Prt.Op.Clr.0mm[deg]                         340.00         340.00         340.00         340.00
Vlv/Prt.Op.Eff.0mm[deg]                         340.00         340.00         340.00         340.00
Vlv/Prt.Op.Eff.1mm[deg]                         362.50         362.50         362.50         362.50
Vlv/Prt.Op.Udef.mm[deg]                         340.00         340.00         340.00         340.00
Vlv/Prt.Cl.Clr.0mm[deg]                         610.00         610.00         610.00         610.00
Vlv/Prt.Cl.Eff.0mm[deg]                         610.00         610.00         610.00         610.00
Vlv/Prt.Cl.Eff.1mm[deg]                         577.53         577.53         577.52         577.52
Vlv/Prt.Cl.Udef.mm[deg]                         610.00         610.00         610.00         610.00
Cam Phasing [deg]                                 0.00           0.00           0.00           0.00
Massflow [g/cycle]                            0.638780       0.598707       0.550448       0.582956
Wallheat [kJ/cycle]                           0.000413       0.000318       0.000404       0.000246
rel.to Heatinp.[-]                              0.0002         0.0002         0.0002         0.0001
 Attached Pipe                                       2              4              6              8
Vlv/Prt.Op.Clr.0mm[deg]                         130.00         130.00         130.00         130.00
Vlv/Prt.Op.Eff.0mm[deg]                         130.00         130.00         130.00         130.00
Vlv/Prt.Op.Eff.1mm[deg]                         150.84         150.84         150.84         150.84
Vlv/Prt.Op.Udef.mm[deg]                         130.00         130.00         130.00         130.00
Vlv/Prt.Cl.Clr.0mm[deg]                         390.00         390.00         390.00         390.00
Vlv/Prt.Cl.Eff.0mm[deg]                         390.00         390.00         390.00         390.00
Vlv/Prt.Cl.Eff.1mm[deg]                         356.00         356.00         356.00         356.00
Vlv/Prt.Cl.Udef.mm[deg]                         390.00         390.00         390.00         390.00
Cam Phasing [deg]                                 0.00           0.00           0.00           0.00
Massflow [g/cycle]                            0.682822       0.639994       0.588346       0.623161
Wallheat [kJ/cycle]                          -0.005623      -0.005454      -0.005181      -0.005379
rel.to Heatinp.[-]                             -0.0029        -0.0030        -0.0031        -0.0031

FLOWRESTRICTIONS: Average Values
--------------------------------
 Flr. Att.Pi.  Massflow  Att.Pi.  Massflow
  nr.  number [g/cycle]   number [g/cycle]
    1       2    0.6828       19    0.6829
    2       1    0.6388       10    0.6388
    3       4    0.6400       17    0.6401
    4       3    0.5987       12    0.5987
    5       6    0.5883       18    0.5884
    6       5    0.5504       13    0.5504
    7       8    0.6232       20    0.6232
    8       7    0.5830       16    0.5829

JUNCTIONS: Average Values
-------------------------
Junction   1: Attached pipe   9:     -2.3709 g/cycle
              Attached pipe  10:     -0.6388 g/cycle
              Attached pipe  11:     -1.7320 g/cycle
Junction   2: Attached pipe  11:     -1.7320 g/cycle
              Attached pipe  12:     -0.5987 g/cycle
              Attached pipe  14:     -1.1331 g/cycle
Junction   3: Attached pipe  13:     -0.5504 g/cycle
              Attached pipe  14:     -1.1331 g/cycle
              Attached pipe  15:     -0.5823 g/cycle
Junction   4: Attached pipe  15:     -0.5823 g/cycle
              Attached pipe  16:     -0.5829 g/cycle
Junction   5: Attached pipe  17:     -0.6401 g/cycle
              Attached pipe  18:     -0.5884 g/cycle
              Attached pipe  22:     -1.2283 g/cycle
Junction   6: Attached pipe  19:     -0.6829 g/cycle
              Attached pipe  20:     -0.6232 g/cycle
              Attached pipe  21:     -1.3061 g/cycle
Junction   7: Attached pipe  21:     -1.3061 g/cycle
              Attached pipe  22:     -1.2283 g/cycle
              Attached pipe  23:     -2.5348 g/cycle

OVERALL ENGINE PERFORMANCE:
===========================

Indicated Torque          :    221.08 Nm                    Indicated Specific Torque :    110.64 Nm/l
Indicated Power           :    162.06 kW,       220.34 PS   Indicated Specific Power  :     81.10 kW/l,     110.27 PS/l
Friction Torque           :     39.53 Nm                    Friction Power            :     28.97 kW
Effective Torque          :    181.55 Nm                    Effective Specific Torque :     90.86 Nm/l
Effective Power           :    133.09 kW,       180.95 PS   Effective Specific Power  :     66.60 kW/l,      90.55 PS/l

Required time for reading the inputfile and initialisation:       0.07 min
Required time for the calculation: .........................      0.30 min
Required time for writing the outputfile: ..................      0.00 min
Required total time: .......................................      0.37 min
Required total CPU-time: ...................................      9.48 sec
