 --------------------------------
 AVL - B O O S T
 Version:        v2022.1.0.0.0
 Build:          Apr 27 2022 22:44:48
 Git Build Hash: 7670062eda46b95e13935a621f250d93513addf7
 System:         x86_64-unknown-winnt_i19v19
 --------------------------------

LICENSE
-------
 sys_1DCFD_solver 2022.0@ License will expire in 218 days

PROJECT
-------
 Preprocessor Version :  2022.1
 Calculation date     : 14.10.2025
 File     : single500_GDi.bst
 Case Set : "Case Set 1"
 Case     : "Case 4"
 
 Project ID: "4-Cylinder"
 Run ID:     "WOT"
 Model date: "7.3.2000"

ELEMENTS
--------
 Element Name        Number

 PIPE                  23
 SYSTEMBOUNDARY         2
 CYLINDER               4
 RESTRICTION            8
 MEASURINGPOINT         8
 JUNCTION               7
 ENGINE                 1
 PIPE_END              46
 ALL_PIPES             23
 ALL_BOUNDARIES         2
 RESTRICTIONS           8
 ALL_PIDS               1
 PIPE_VAR_WALL_TEMP    23

GLOBAL DATA
-----------
  Engine Speed :         5500.0  rpm
  Calculationmode:        BOOST  Single
  Cycle Duration:        720.00  degrees
  Max. calc. period:   14400.00  degrees
  Cycles calculated:         20  cycles
  Calc. time steps:     1.41218  degrees (max)
                        0.86338  degrees
                        0.02616  ms
                        0.86338  degrees (short pipe)
                        0.02616  ms (short pipe)
  Traces results step:  5.00000  degrees
  User concentrations:        0
  Ref. pressure:      100000.00  Pa
  Ref. temperature:     298.000  K
  Gas properties:      Variable
  Gasproperties File:     GASOLINE.BGP
     bgp_build_version:   v2013.0.0.0.0
     bgp_build_host:      boosthost
     bgp_build_user:      boost
     bgp_build_date:      2012.03.23
     bgp_build_time:      08:00:00
  Lower calorific:  0.43500E+08  J/kg
  Stoic. A/F-ratio:      14.500

  Warnings:                   0
  Convergence errors:       205

PIPES
-----

 Total number of pipe cells:     89

 Pipe   Cells   Cell size       W.Heat     Wall T    Fric. coeff.   Lam. Fric. Coeff.  Heat Factor       Volume
  nr.                [mm]         [kJ]        [K]             [-]                 [-]          [-]        [dm3]
    1       2        40.0        0.001     340.00        0.040000           64.000000     1.000000     0.070513
    2       2        30.0       -0.006     850.00        0.040000           64.000000     1.000000     0.048255
    3       2        40.0        0.001     340.00        0.040000           64.000000     1.000000     0.070513
    4       2        30.0       -0.006     850.00        0.040000           64.000000     1.000000     0.048255
    5       2        40.0        0.001     340.00        0.040000           64.000000     1.000000     0.070513
    6       2        30.0       -0.006     850.00        0.040000           64.000000     1.000000     0.048255
    7       2        40.0        0.001     340.00        0.040000           64.000000     1.000000     0.070513
    8       2        30.0       -0.006     850.00        0.040000           64.000000     1.000000     0.048255
    9       3        30.3        0.001     300.00        0.019000           64.000000     1.000000     0.092423
   10       3        36.7        0.000     300.00        0.019000           64.000000     1.000000     0.111966
   11       2        40.0        0.001     300.00        0.019000           64.000000     1.000000     0.081430
   12       3        36.7        0.000     300.00        0.019000           64.000000     1.000000     0.111966
   13       3        36.7        0.000     300.00        0.019000           64.000000     1.000000     0.111966
   14       2        40.0        0.000     300.00        0.019000           64.000000     1.000000     0.081430
   15       2        40.0        0.000     300.00        0.019000           64.000000     1.000000     0.081430
   16       3        36.7        0.000     300.00        0.019000           64.000000     1.000000     0.111966
   17      10        30.0       -0.108     300.00        0.019000           64.000000     1.000000     0.376991
   18      10        30.0       -0.110     300.00        0.019000           64.000000     1.000000     0.376991
   19      10        30.0       -0.110     300.00        0.019000           64.000000     1.000000     0.376991
   20      10        30.0       -0.109     300.00        0.019000           64.000000     1.000000     0.376991
   21       1        50.0       -0.032     300.00        0.019000           64.000000     1.000000     0.062832
   22       1        50.0       -0.032     300.00        0.019000           64.000000     1.000000     0.062832
   23      10        31.2       -0.228     300.00        0.019000           64.000000     1.000000     0.392071


MEASURINGPOINTS: Average Values
-------------------------------
 Mp. Pipe Location   Diameter  Pressure  Temp. Ms.Temp.  Velo.   Massflow   Massflow To.Ent.f.  To.Ent.f.  Mach. Wtemp.  Converg.
 nr.  nr.     [mm]       [mm]     [bar]    [K]      [K]  [m/s]      [g/s]  [g/cycle]    [kJ/s]  [kJ/cyc.]    [-]    [K]       [-]
  1   1    10.0000    33.5000    0.9274  293.3    284.2   29.4    27.1922     0.5933    -0.099    -0.0021   0.09  340.0 0.171E-07
  2  19    10.0000    40.0000    1.1784 1067.6   1291.3   64.2    29.0640     0.6341    36.159     0.7889   0.09  300.0 0.146E-06
  3   3    10.0000    33.5000    0.9242  293.7    286.3   28.3    26.1201     0.5699    -0.044    -0.0010   0.08  340.0 0.224E-07
  4  17    10.0000    40.0000    1.1774 1072.9   1290.9   62.9    27.9055     0.6088    34.653     0.7561   0.09  300.0 0.103E-06
  5   5    10.0000    33.5000    0.9264  294.7    284.2   30.4    27.0458     0.5901    -0.144    -0.0031   0.09  340.0 0.445E-07
  6  18    10.0000    40.0000    1.1774 1068.0   1291.0   64.3    28.9115     0.6308    35.972     0.7848   0.10  300.0 0.332E-06
  7   7    10.0000    33.5000    0.9264  292.4    285.8   29.7    26.8831     0.5865    -0.105    -0.0023   0.09  340.0 0.593E-08
  8  20    10.0000    40.0000    1.1776 1069.8   1291.4   64.1    28.7322     0.6269    35.746     0.7799   0.09  300.0 0.321E-06

SYSTEMBOUNDARIES
Attachments
-----------
 Type                 Nr.   Pipe       Mass flow
                             Nr.       [g/cycle]
 SYSTEMBOUNDARY        1      9          2.3393
 SYSTEMBOUNDARY        2     23          2.5022

CYLINDERS: Average Values
-------------------------
                               Total
                              Engine         Cyl.   1       Cyl.   2       Cyl.   3       Cyl.   4
Firing TDC [deg]                                  0.00         540.00         180.00         360.00
Bore [mm]                                        86.00          86.00          86.00          86.00
Stroke [mm]                                      86.00          86.00          86.00          86.00
Conrodl. [mm]                                   143.50         143.50         143.50         143.50
Piston pin offset [mm]                            0.00           0.00           0.00           0.00
Swept Vol. [l]                   1.9982         0.4996         0.4996         0.4996         0.4996
Compression ratio [-]                            10.50          10.50          10.50          10.50
Dyn. Comp. ratio [-]                              7.96           7.96           8.00           7.96

Combustion Data:
----------------
Combustion Char.                               2Z-Vibe        2Z-Vibe        2Z-Vibe        2Z-Vibe     
Comb.start [deg]                                -10.00         -10.00         -10.00         -10.00
Comb.dur.1 [deg]                                 50.00          50.00          50.00          50.00
Peak Fir.Pres. [bar]              67.15          68.10          65.39          67.80          67.31
at Crankangle [deg]               15.16          15.17          15.15          15.16          15.15
Peak Pres.Rise[bar/deg]            2.86           2.90           2.79           2.89           2.87
at Crankangle [deg]                2.72           2.72           2.71           2.71           2.71
Peak Fir. Temp. [K]             2609.59        2610.58        2606.57        2610.79        2610.40
at Crankangle [deg]               24.39          24.41          24.38          24.38          24.38
Peak T_burned [K]               2762.14        2763.31        2758.86        2763.43        2762.95
at Crankangle [deg]               11.66          11.67          11.66          11.66          11.66
Res. Gascompr. [bar]               1.19           1.20           1.18           1.18           1.19
at Crankangle [deg]              299.86         299.62         299.87         299.94         300.02
Evaporation Energy [kJ]         -0.0474        -0.0120        -0.0115        -0.0120        -0.0119
Required O.N. [-]                 84.56          84.45          82.61          84.56          84.00
Knock Intensity [-]               -1.00           0.00           0.00           0.00           0.00

Emissions (Classic Species Transport):
--------------------------------------
NOx: Calculated based on MTZ 34 1973 (12).
CO:  Calculated based on SAE 2002-01-0006.
HC:  Calculated based on SAE 2002-01-0006.
NOX   [g/kWh]                 10.690493      10.724774      10.527272      10.775821      10.728148
NOX   [g/h]                 1167.156556     297.769572     279.271787     296.455024     293.660174
NOX   [ppm]                     2732.31        2748.97        2685.06        2751.28        2742.26
CO    [g/kWh]                  0.932177       0.920459       0.936909       0.938060       0.933563
CO    [g/h]                  101.772299      25.556211      24.854699      25.807091      25.554298
CO    [ppm]                      255.22         252.74         255.99         256.57         255.63
HC    [g/kWh]                  0.444962       0.440339       0.455204       0.441651       0.443053
HC    [g/h]                   48.579640      12.225853      12.075833      12.150326      12.127629
HC    [ppm]                       81.25          80.64          82.95          80.56          80.91

Performance:
------------
IMEP [bar]                      13.9351        14.1405        13.6006        14.0298        13.9694
Rel. to Ave. [-]                                1.0147         0.9760         1.0068         1.0025
IMEP Exh. [bar]                 -1.2367        -1.2494        -1.2206        -1.2390        -1.2379
IMEP Int. [bar]                  0.7882         0.7996         0.8134         0.7573         0.7828
IMEP Gasex. [bar]               -0.4484        -0.4498        -0.4072        -0.4817        -0.4551
IMEP HP [bar]                   14.3835        14.5903        14.0078        14.5115        14.4245
FMEP [bar]                       2.0143         2.0143         2.0143         2.0143         2.0143
BMEP [bar]                      11.9208        12.1262        11.5863        12.0155        11.9551
AMEP;SMEP [bar]                  0.0000         0.0000         0.0000         0.0000         0.0000
ISFC [g/kWh]                   208.5347       208.4434       208.1115       208.9953       208.5765
Rel. to Ave. [-]                                0.9996         0.9980         1.0022         1.0002
ISFC (tr.f.) [g/kWh]           208.5346       208.4429       208.1115       208.9953       208.5765
BSFC [g/kWh]                   243.7714       243.0679       244.2918       244.0314       243.7191
Indicated Eff. [-]               0.3969         0.3970         0.3977         0.3960         0.3968
Iso vol. comb. Eff [-]           0.9561         0.9561         0.9561         0.9561         0.9561
Polytropic Coeff. [-]                           1.2908         1.2913         1.2907         1.2911

Fuel Mass Balance:
------------------
Inj. Fuelmass [g]              0.161297       0.040901       0.039277       0.040688       0.040431
Asp.Trap. Fuelmass [g]         0.000001      -0.000000       0.000000       0.000001       0.000001
Fuelmassfl.(A+I) [g/s]         7.392844       1.874638       1.800187       1.864883       1.853136
Fuelmass tot.trap. [g]         0.161298       0.040901       0.039277       0.040688       0.040432
Trapped Fuelm.fl.[g/s]         7.392840       1.874633       1.800187       1.864883       1.853136
Trapp. Eff. Fuel [-]             1.0000         1.0000         1.0000         1.0000         1.0000

Energy Balance Cylinder:
------------------------
Fuel Energy [kJ]                7.01753        1.77945        1.70880        1.77021        1.75906
Released Energy [kJ]            6.80569        1.72575        1.65721        1.71676        1.70596
-> Brake Power     [%]           35.001         35.102         34.926         34.964         35.008
-> Loss: Friction  [%]            5.914          5.831          6.072          5.861          5.898
-> Loss: Piston    [%]            3.444          3.434          3.456          3.447          3.440
-> Loss: Head      [%]            4.101          4.088          4.111          4.108          4.096
-> Loss: Liner     [%]            4.438          4.426          4.453          4.441          4.432
-> Loss: Int. Port [%]           -0.023         -0.022         -0.022         -0.023         -0.023
-> Loss: Exh. Port [%]            0.353          0.350          0.357          0.351          0.352
-> Loss: Exh. Gas  [%]           47.245         47.263         47.113         47.322         47.277
Eff. Rel. Energy [kJ]           6.78706        1.72105        1.65269        1.71206        1.70126
Gross Rel. Energy [kJ]          6.80569        1.72575        1.65721        1.71676        1.70596
Eff.Gross Rel.Ener.[kJ]         6.78706        1.72105        1.65269        1.71206        1.70126
Energy Balance [-]               0.9988         0.9988         0.9988         0.9988         0.9988
Eff. Energy Balance [-]          0.9961         0.9961         0.9961         0.9961         0.9961

Blowby:
-------
Blowbymass [g]                 0.000000       0.000000       0.000000       0.000000       0.000000
Blowbymassfl. [g/s]            0.000000       0.000000       0.000000       0.000000       0.000000
Blowby Heat Flow [kJ]          0.000000       0.000000       0.000000       0.000000       0.000000

Reference Values at Start of High Pressure:
-------------------------------------------
Pressure at SHP[bar]             1.6215         1.6463         1.5794         1.6335         1.6265
Temperature [K]                  397.43         397.42         396.52         398.30         397.46
Air Massfl.  [g/s]           107.231548      27.191903      26.109830      27.048302      26.881513
Fuel Massfl. [g/s]             7.392844       1.874638       1.800187       1.864883       1.853136
Trapp. Eff. Air [-]              0.9997         0.9996         0.9997         0.9997         0.9996
Trapp. Eff.Fuel [-]              1.0000         1.0000         1.0000         1.0000         1.0000
A/F-Ratio (Cmb.) [-]              14.57          14.57          14.57          14.57          14.57
Excess Air Ratio [-]             1.0051         1.0051         1.0051         1.0051         1.0051

Reference Values at Start Of Combustion:
----------------------------------------
Pressure [bar]                  22.0598        22.4720        21.4791        22.3073        21.9810
Temperature [K]                  732.04         732.45         730.63         733.96         731.11

Residual Gas:
-------------
Res.gas content [-]              0.0224         0.0220         0.0235         0.0225         0.0218
External EGR [-]                 0.0000        -0.0000        -0.0000         0.0000         0.0000
Internal EGR [-]                 0.0224         0.0220         0.0235         0.0225         0.0218
Com.Prod.Mass. at EO [g]       2.552147       0.646862       0.622085       0.643847       0.639353
Res.gas mass at SHP [g]        0.054368       0.013478       0.013857       0.013775       0.013259
Res.gas aspirated IN [g]       0.000000      -0.000000      -0.000000       0.000000       0.000001
Res.gas from intake [g]        0.000001       0.000000       0.000000       0.000000       0.000001
Rel. to Total [-]                0.0000         0.0000         0.0000         0.0000         0.0000
Res.gas flow EX [g]            2.497894       0.633417       0.608255       0.630094       0.626129
Res.gas from exhaust [g]       0.009275       0.002243       0.002515       0.002431       0.002087
Rel. to Total [-]                0.1706         0.1664         0.1815         0.1765         0.1574

Gas Exchange:
-------------
Volumetric Eff. [-]              1.0014         1.0157         0.9754         1.0104         1.0040
Rel. to Ave. [-]                                1.0143         0.9740         1.0090         1.0026
Total Mass at SHP[g]             2.4224         0.6140         0.5905         0.6111         0.6068
Mass Delivered [g]              2.33960        0.59328        0.56967        0.59015        0.58651
Mass Delivered [g/s]          107.23156       27.19188       26.10981       27.04832       26.88154
Delivery Ratio [-]               1.0017         1.0161         0.9756         1.0107         1.0045
Rel. to Ave. [-]                                1.0143         0.9740         1.0090         1.0027
Av.Airmass at SHP[g]             2.3388         0.5931         0.5695         0.5900         0.5863
Air Delivered [g]               2.33960        0.59328        0.56967        0.59014        0.58651
Air Delivered [g/s]           107.23155       27.19190       26.10983       27.04830       26.88151
Airdeliveryratio [-]             1.0017         1.0161         0.9756         1.0107         1.0045
Rel. to Ave. [-]                                1.0143         0.9740         1.0090         1.0027
Airmass Trapped [g]             2.33881        0.59307        0.56952        0.58996        0.58625
Airmass Trapped [g/s]         107.19535       27.18231       26.10316       27.04006       26.86982
Trapp. Eff. Air [-]              0.9997         0.9996         0.9997         0.9997         0.9996
Rel. to Ave. [-]                                1.0000         1.0001         1.0000         0.9999
Airpurity [-]                    0.9655         0.9660         0.9645         0.9655         0.9661
Dyn. Swirl [-]                   0.0000         0.0000         0.0000         0.0000         0.0000
Dyn. Tumble [-]                  0.0000         0.0000         0.0000         0.0000         0.0000

Wall Heatlosses:
----------------
Piston [kJ]                     -0.2344        -0.0593        -0.0573        -0.0592        -0.0587
Piston Temperature [K]                          555.00         555.00         555.00         555.00
Cylinderhead [kJ]              -0.27908       -0.07055       -0.06813       -0.07053       -0.06988
Head Temperature [K]                            625.00         625.00         625.00         625.00
Cylinderliner [kJ]             -0.30204       -0.07638       -0.07380       -0.07624       -0.07561
LinerTDC Temperature [K]                        453.00         453.00         453.00         453.00
LinerBDC Temperature [K]                        447.00         447.00         447.00         447.00
Sum of Wallheat [kJ]           -0.81551       -0.20618       -0.19920       -0.20595       -0.20417
Wall Heatlosses in High Pressure Phase:
Piston HP [kJ]                 -0.20130       -0.05092       -0.04919       -0.05073       -0.05045
Cylinderhead HP [kJ]           -0.24632       -0.06232       -0.06019       -0.06208       -0.06174
Cylinderliner HP [kJ]          -0.15326       -0.03878       -0.03749       -0.03855       -0.03844
Sum of Wallheat HP [kJ]        -0.60088       -0.15202       -0.14688       -0.15136       -0.15062
Wall Heatlosses Related to Heatinput:
Piston [-]                      -0.0334        -0.0333        -0.0335        -0.0334        -0.0334
Cylinderhead [-]                -0.0398        -0.0397        -0.0399        -0.0398        -0.0397
Cylinderliner [-]               -0.0430        -0.0429        -0.0432        -0.0431        -0.0430
Sum of Wallheat [-]             -0.1162        -0.1159        -0.1166        -0.1164        -0.1161
M. Eff. HTC [W/m2/K]             554.16         561.32         546.39         554.33         554.59
M. Eff. Temp. [K]               1385.61        1384.25        1378.31        1393.66        1386.22

Reference Values at EO:
-----------------------
Pressure [bar]                     6.53           6.63           6.35           6.61           6.55
Temperature [K]                 1750.19        1750.84        1747.10        1752.03        1750.80
A/F-Ratio [-]                     14.50          14.50          14.50          14.50          14.50
Com.Prod.Conc. [-]              0.99914        0.99915        0.99914        0.99914        0.99913
Fuel Concentr. [-]             0.000058       0.000057       0.000058       0.000058       0.000058

Average Values of Pipeattachements:
-----------------------------------
 Attached Pipe                                       1              3              5              7
Vlv/Prt.Op.Clr.0mm[deg]                         340.00         340.00         340.00         340.00
Vlv/Prt.Op.Eff.0mm[deg]                         340.00         340.00         340.00         340.00
Vlv/Prt.Op.Eff.1mm[deg]                         362.50         362.50         362.50         362.50
Vlv/Prt.Op.Udef.mm[deg]                         340.00         340.00         340.00         340.00
Vlv/Prt.Cl.Clr.0mm[deg]                         610.00         610.00         610.00         610.00
Vlv/Prt.Cl.Eff.0mm[deg]                         610.00         610.00         610.00         610.00
Vlv/Prt.Cl.Eff.1mm[deg]                         577.52         577.52         577.52         577.52
Vlv/Prt.Cl.Udef.mm[deg]                         610.00         610.00         610.00         610.00
Cam Phasing [deg]                                 0.00           0.00           0.00           0.00
Massflow [g/cycle]                            0.593277       0.569669       0.590145       0.586506
Wallheat [kJ/cycle]                           0.000380       0.000364       0.000399       0.000394
rel.to Heatinp.[-]                              0.0002         0.0002         0.0002         0.0002
 Attached Pipe                                       2              4              6              8
Vlv/Prt.Op.Clr.0mm[deg]                         130.00         130.00         130.00         130.00
Vlv/Prt.Op.Eff.0mm[deg]                         130.00         130.00         130.00         130.00
Vlv/Prt.Op.Eff.1mm[deg]                         150.84         150.84         150.84         150.84
Vlv/Prt.Op.Udef.mm[deg]                         130.00         130.00         130.00         130.00
Vlv/Prt.Cl.Clr.0mm[deg]                         390.00         390.00         390.00         390.00
Vlv/Prt.Cl.Eff.0mm[deg]                         390.00         390.00         390.00         390.00
Vlv/Prt.Cl.Eff.1mm[deg]                         356.00         356.00         356.00         356.00
Vlv/Prt.Cl.Udef.mm[deg]                         390.00         390.00         390.00         390.00
Cam Phasing [deg]                                 0.00           0.00           0.00           0.00
Massflow [g/cycle]                            0.634178       0.608938       0.630835       0.626938
Wallheat [kJ/cycle]                          -0.006042      -0.005923      -0.006026      -0.006007
rel.to Heatinp.[-]                             -0.0034        -0.0035        -0.0034        -0.0034

FLOWRESTRICTIONS: Average Values
--------------------------------
 Flr. Att.Pi.  Massflow  Att.Pi.  Massflow
  nr.  number [g/cycle]   number [g/cycle]
    1       2    0.6342       19    0.6343
    2       1    0.5933       10    0.5933
    3       4    0.6089       17    0.6090
    4       3    0.5697       12    0.5697
    5       6    0.6308       18    0.6309
    6       5    0.5901       13    0.5901
    7       8    0.6269       20    0.6270
    8       7    0.5865       16    0.5865

JUNCTIONS: Average Values
-------------------------
Junction   1: Attached pipe   9:     -2.3393 g/cycle
              Attached pipe  10:     -0.5933 g/cycle
              Attached pipe  11:     -1.7461 g/cycle
Junction   2: Attached pipe  11:     -1.7461 g/cycle
              Attached pipe  12:     -0.5697 g/cycle
              Attached pipe  14:     -1.1763 g/cycle
Junction   3: Attached pipe  13:     -0.5901 g/cycle
              Attached pipe  14:     -1.1763 g/cycle
              Attached pipe  15:     -0.5860 g/cycle
Junction   4: Attached pipe  15:     -0.5860 g/cycle
              Attached pipe  16:     -0.5865 g/cycle
Junction   5: Attached pipe  17:     -0.6090 g/cycle
              Attached pipe  18:     -0.6310 g/cycle
              Attached pipe  22:     -1.2398 g/cycle
Junction   6: Attached pipe  19:     -0.6343 g/cycle
              Attached pipe  20:     -0.6271 g/cycle
              Attached pipe  21:     -1.2612 g/cycle
Junction   7: Attached pipe  21:     -1.2612 g/cycle
              Attached pipe  22:     -1.2398 g/cycle
              Attached pipe  23:     -2.5023 g/cycle

OVERALL ENGINE PERFORMANCE:
===========================

Indicated Torque          :    221.59 Nm                    Indicated Specific Torque :    110.89 Nm/l
Indicated Power           :    127.62 kW,       173.52 PS   Indicated Specific Power  :     63.87 kW/l,      86.84 PS/l
Friction Torque           :     32.03 Nm                    Friction Power            :     18.45 kW
Effective Torque          :    189.56 Nm                    Effective Specific Torque :     94.86 Nm/l
Effective Power           :    109.18 kW,       148.44 PS   Effective Specific Power  :     54.64 kW/l,      74.29 PS/l

Required time for reading the inputfile and initialisation:       0.08 min
Required time for the calculation: .........................      0.26 min
Required time for writing the outputfile: ..................      0.00 min
Required total time: .......................................      0.34 min
Required total CPU-time: ...................................     10.62 sec
