MESSAGE
RUNINFO      1 CONTROL      1 BOOST       0.00 DEGCRA
 System date and time : 09.10.2025 07:44:10
ENDOFMESSAGE
MESSAGE
RUNINFO      2 CONTROL      2 BOOST       0.00 DEGCRA
 Executable information:
  Version  : v2022.1.0.0.0
  Build    : Apr 27 2022 22:44:48
  Platform : x86_64-unknown-winnt_i19v19
ENDOFMESSAGE
MESSAGE
RUNINFO      3 CONTROL      3 BOOST       0.00 DEGCRA
 Opened file :  Nissan_vr38DETT_PFi_biturbo.bst
ENDOFMESSAGE
MESSAGE
RUNINFO 70011 INPUT     0 BST_READ_GLOBAL 0.00DEGCRA
  The following User Defined Parameters were identified:
ENDOFMESSAGE
ENDOFMESSAGE
MESSAGE
RUNINFO 571129 INPUT      0 BST_READ_GLOBAL       0.00 DEGCRA
 Using C gas property library
ENDOFMESSAGE
MESSAGE
RUNINFO 270000 REACTION_LIBRARY      1 CL_BOOST_MessageSystem       0.00 DEGCRA
>>> Catalyst Library <<<
  Version: 2.800
  Platform: x86_64-unknown-winnt_i19v19
  Build date: Apr 27 2022 21:58:54
ENDOFMESSAGE
MESSAGE
RUNINFO 270000 REACTION_LIBRARY      1 CL_BOOST_MessageSystem       0.00 DEGCRA
>>> Transfer Model Library Version 1.400 <<<
ENDOFMESSAGE
MESSAGE
RUNINFO 100001 BOOST      1 BOOST_GPR_printf       0.00 DEGCRA
    Classic gas property data are read from:
      C:/Program Files (x86)/AVL/R2022.1/BOOST/files/GASOLINE.BGP

ENDOFMESSAGE
MESSAGE
RUNINFO  10660 GLOBAL      1 LICENSING       0.00 DEGCRA
  >>>
  >>>   The Licence for application "sys_1DCFD_solver"
  >>>   has been checked out!
  >>>
ENDOFMESSAGE
MESSAGE
RUNINFO      0 POSTLINKS      0 BOOST       0.00 DEGCRA
 Opened file : Nissan_vr38DETT_PFi_biturbo.glb
 Unit Number :    13
ENDOFMESSAGE
MESSAGE
RUNINFO 150006 SYSTEMBOUNDARY      1 BOOST       0.00 DEGCRA
 Open end correction for PIPE :     8
 End correction   [mm] :     21.000
 Original Length  [mm] :    300.000
 Corrected Length [mm] :    321.000
ENDOFMESSAGE
MESSAGE
RUNINFO 150006 SYSTEMBOUNDARY      2 BOOST       0.00 DEGCRA
 Open end correction for PIPE :    17
 End correction   [mm] :     18.450
 Original Length  [mm] :   1000.000
 Corrected Length [mm] :   1018.450
ENDOFMESSAGE
MESSAGE
CONVERGENCEFAIL 342500 JUNCTION      1 KNOTEN     244.90 DEGCRA
 The iteration of the junction massflow failed to
 converge within  25 iterations.
                    24 iteration   25 iteration
 Pressure    [Pa]:    224804.93      224804.93
 Difference in percent of meanvalue:    0.00
 Mass flow error [percent of total massflow]:   0.79
ENDOFMESSAGE
MESSAGE
CONVERGENCEFAIL 342500 JUNCTION      2 KNOTEN     341.74 DEGCRA
 The iteration of the junction massflow failed to
 converge within  25 iterations.
                    24 iteration   25 iteration
 Pressure    [Pa]:    259715.72      259715.72
 Difference in percent of meanvalue:    0.00
 Mass flow error [percent of total massflow]:   1.55
ENDOFMESSAGE
MESSAGE
CONVERGENCEFAIL 342500 JUNCTION      2 KNOTEN     343.47 DEGCRA
 The iteration of the junction massflow failed to
 converge within  25 iterations.
                    24 iteration   25 iteration
 Pressure    [Pa]:    257080.83      257080.83
 Difference in percent of meanvalue:    0.00
 Mass flow error [percent of total massflow]:   2.09
ENDOFMESSAGE
MESSAGE
CONVERGENCEFAIL 342500 JUNCTION      2 KNOTEN     345.20 DEGCRA
 The iteration of the junction massflow failed to
 converge within  25 iterations.
                    24 iteration   25 iteration
 Pressure    [Pa]:    254797.91      254797.91
 Difference in percent of meanvalue:    0.00
 Mass flow error [percent of total massflow]:   0.79
ENDOFMESSAGE
MESSAGE
CONVERGENCEFAIL 342500 JUNCTION      2 KNOTEN     363.49 DEGCRA
 The iteration of the junction massflow failed to
 converge within  25 iterations.
                    24 iteration   25 iteration
 Pressure    [Pa]:    221495.83      221495.83
 Difference in percent of meanvalue:    0.00
 Mass flow error [percent of total massflow]:   0.83
ENDOFMESSAGE
MESSAGE
CONVERGENCEFAIL 342500 JUNCTION      2 KNOTEN     365.24 DEGCRA
 The iteration of the junction massflow failed to
 converge within  25 iterations.
                    24 iteration   25 iteration
 Pressure    [Pa]:    218867.28      218867.28
 Difference in percent of meanvalue:    0.00
 Mass flow error [percent of total massflow]:   0.83
ENDOFMESSAGE
MESSAGE
CONVERGENCEFAIL 342500 JUNCTION      2 KNOTEN     366.99 DEGCRA
 The iteration of the junction massflow failed to
 converge within  25 iterations.
                    24 iteration   25 iteration
 Pressure    [Pa]:    216678.60      216678.60
 Difference in percent of meanvalue:    0.00
 Mass flow error [percent of total massflow]:   1.48
ENDOFMESSAGE
MESSAGE
CONVERGENCEFAIL 342500 JUNCTION      1 KNOTEN     451.20 DEGCRA
 The iteration of the junction massflow failed to
 converge within  25 iterations.
                    24 iteration   25 iteration
 Pressure    [Pa]:    239574.62      239574.62
 Difference in percent of meanvalue:    0.00
 Mass flow error [percent of total massflow]:   0.52
ENDOFMESSAGE
MESSAGE
CONVERGENCEFAIL 342500 JUNCTION      1 KNOTEN     453.04 DEGCRA
 The iteration of the junction massflow failed to
 converge within  25 iterations.
                    24 iteration   25 iteration
 Pressure    [Pa]:    236088.26      236088.26
 Difference in percent of meanvalue:    0.00
 Mass flow error [percent of total massflow]:   0.51
ENDOFMESSAGE
MESSAGE
CONVERGENCEFAIL 342500 JUNCTION      2 KNOTEN     571.88 DEGCRA
 The iteration of the junction massflow failed to
 converge within  25 iterations.
                    24 iteration   25 iteration
 Pressure    [Pa]:    257507.98      257507.98
 Difference in percent of meanvalue:    0.00
 Mass flow error [percent of total massflow]:   0.82
ENDOFMESSAGE
MESSAGE
CONVERGENCEFAIL 342500 JUNCTION      2 KNOTEN     573.83 DEGCRA
 The iteration of the junction massflow failed to
 converge within  25 iterations.
                    24 iteration   25 iteration
 Pressure    [Pa]:    254527.54      254527.54
 Difference in percent of meanvalue:    0.00
 Mass flow error [percent of total massflow]:   1.49
ENDOFMESSAGE
MESSAGE
CONVERGENCEFAIL 342500 JUNCTION      2 KNOTEN     575.78 DEGCRA
 The iteration of the junction massflow failed to
 converge within  25 iterations.
                    24 iteration   25 iteration
 Pressure    [Pa]:    251820.34      251820.34
 Difference in percent of meanvalue:    0.00
 Mass flow error [percent of total massflow]:   1.66
ENDOFMESSAGE
MESSAGE
CONVERGENCEFAIL 342500 JUNCTION      2 KNOTEN     577.74 DEGCRA
 The iteration of the junction massflow failed to
 converge within  25 iterations.
                    24 iteration   25 iteration
 Pressure    [Pa]:    249287.61      249287.61
 Difference in percent of meanvalue:    0.00
 Mass flow error [percent of total massflow]:   1.29
ENDOFMESSAGE
MESSAGE
CONVERGENCEFAIL 342500 JUNCTION      2 KNOTEN     579.70 DEGCRA
 The iteration of the junction massflow failed to
 converge within  25 iterations.
                    24 iteration   25 iteration
 Pressure    [Pa]:    246928.11      246928.11
 Difference in percent of meanvalue:    0.00
 Mass flow error [percent of total massflow]:   0.78
ENDOFMESSAGE
MESSAGE
CONVERGENCEFAIL 342500 JUNCTION      2 KNOTEN     589.48 DEGCRA
 The iteration of the junction massflow failed to
 converge within  25 iterations.
                    24 iteration   25 iteration
 Pressure    [Pa]:    235626.97      235626.97
 Difference in percent of meanvalue:    0.00
 Mass flow error [percent of total massflow]:   0.78
ENDOFMESSAGE
MESSAGE
CONVERGENCEFAIL 342500 JUNCTION      2 KNOTEN     591.44 DEGCRA
 The iteration of the junction massflow failed to
 converge within  25 iterations.
                    24 iteration   25 iteration
 Pressure    [Pa]:    233270.70      233270.70
 Difference in percent of meanvalue:    0.00
 Mass flow error [percent of total massflow]:   3.27
ENDOFMESSAGE
MESSAGE
CONVERGENCEFAIL 342500 JUNCTION      2 KNOTEN     673.09 DEGCRA
 The iteration of the junction massflow failed to
 converge within  25 iterations.
                    24 iteration   25 iteration
 Pressure    [Pa]:    232501.05      232501.05
 Difference in percent of meanvalue:    0.00
 Mass flow error [percent of total massflow]:  -0.62
ENDOFMESSAGE
MESSAGE
CONVERGENCEFAIL 342500 JUNCTION      2 KNOTEN     675.07 DEGCRA
 The iteration of the junction massflow failed to
 converge within  25 iterations.
                    24 iteration   25 iteration
 Pressure    [Pa]:    227790.70      227790.70
 Difference in percent of meanvalue:    0.00
 Mass flow error [percent of total massflow]:  -0.64
ENDOFMESSAGE
MESSAGE
CONVERGENCEFAIL 342500 JUNCTION      2 KNOTEN     677.05 DEGCRA
 The iteration of the junction massflow failed to
 converge within  25 iterations.
                    24 iteration   25 iteration
 Pressure    [Pa]:    223313.00      223313.00
 Difference in percent of meanvalue:    0.00
 Mass flow error [percent of total massflow]:  -0.70
ENDOFMESSAGE
MESSAGE
CONVERGENCEFAIL 342500 JUNCTION      1 KNOTEN     893.21 DEGCRA
 The iteration of the junction massflow failed to
 converge within  25 iterations.
                    24 iteration   25 iteration
 Pressure    [Pa]:    316989.20      316989.20
 Difference in percent of meanvalue:    0.00
 Mass flow error [percent of total massflow]:   0.63
ENDOFMESSAGE
MESSAGE
CONVERGENCEFAIL 342500 JUNCTION      1 KNOTEN     894.76 DEGCRA
 The iteration of the junction massflow failed to
 converge within  25 iterations.
                    24 iteration   25 iteration
 Pressure    [Pa]:    316989.20      316989.20
 Difference in percent of meanvalue:    0.00
 Mass flow error [percent of total massflow]:   2.00
ENDOFMESSAGE
MESSAGE
CONVERGENCEFAIL 342500 JUNCTION      2 KNOTEN     935.56 DEGCRA
 The iteration of the junction massflow failed to
 converge within  25 iterations.
                    24 iteration   25 iteration
 Pressure    [Pa]:    350946.73      350946.73
 Difference in percent of meanvalue:    0.00
 Mass flow error [percent of total massflow]:  -1.22
ENDOFMESSAGE
MESSAGE
CONVERGENCEFAIL 342500 JUNCTION      2 KNOTEN     961.87 DEGCRA
 The iteration of the junction massflow failed to
 converge within  25 iterations.
                    24 iteration   25 iteration
 Pressure    [Pa]:    290151.73      290151.73
 Difference in percent of meanvalue:    0.00
 Mass flow error [percent of total massflow]:   0.76
ENDOFMESSAGE
MESSAGE
CONVERGENCEFAIL 342500 JUNCTION      2 KNOTEN     965.62 DEGCRA
 The iteration of the junction massflow failed to
 converge within  25 iterations.
                    24 iteration   25 iteration
 Pressure    [Pa]:    284353.07      284353.07
 Difference in percent of meanvalue:    0.00
 Mass flow error [percent of total massflow]:   0.70
ENDOFMESSAGE
MESSAGE
CONVERGENCEFAIL 342500 JUNCTION      1 KNOTEN     969.35 DEGCRA
 The iteration of the junction massflow failed to
 converge within  25 iterations.
                    24 iteration   25 iteration
 Pressure    [Pa]:    306658.41      306658.41
 Difference in percent of meanvalue:   -0.00
 Mass flow error [percent of total massflow]:  -1.65
ENDOFMESSAGE
MESSAGE
CONVERGENCEFAIL 342500 JUNCTION      1 KNOTEN     971.26 DEGCRA
 The iteration of the junction massflow failed to
 converge within  25 iterations.
                    24 iteration   25 iteration
 Pressure    [Pa]:    304426.03      304426.03
 Difference in percent of meanvalue:    0.00
 Mass flow error [percent of total massflow]:  -2.61
ENDOFMESSAGE
MESSAGE
CONVERGENCEFAIL 342500 JUNCTION      2 KNOTEN     971.26 DEGCRA
 The iteration of the junction massflow failed to
 converge within  25 iterations.
                    24 iteration   25 iteration
 Pressure    [Pa]:    275553.35      275553.35
 Difference in percent of meanvalue:    0.00
 Mass flow error [percent of total massflow]:   3.40
ENDOFMESSAGE
MESSAGE
CONVERGENCEFAIL 342500 JUNCTION      2 KNOTEN     973.17 DEGCRA
 The iteration of the junction massflow failed to
 converge within  25 iterations.
                    24 iteration   25 iteration
 Pressure    [Pa]:    272797.82      272797.82
 Difference in percent of meanvalue:    0.00
 Mass flow error [percent of total massflow]:   1.65
ENDOFMESSAGE
MESSAGE
CONVERGENCEFAIL 342500 JUNCTION      2 KNOTEN    1095.63 DEGCRA
 The iteration of the junction massflow failed to
 converge within  25 iterations.
                    24 iteration   25 iteration
 Pressure    [Pa]:    295667.92      295667.92
 Difference in percent of meanvalue:   -0.00
 Mass flow error [percent of total massflow]:  -0.56
ENDOFMESSAGE
MESSAGE
RUNINFO 163607 TURBOCHARGER      1 TURLAD    2160.00 DEGCRA
 Cycle number     3 completed:
 Compressorwork [J] :  0.51477E+03, average pressure ratio [-]:  2.600
 Turbinework    [J] :  0.86372E+03, average pressure ratio [-]:  3.255
 Added Mechanical Work  [J] :  0.00000E+00
 relative energy balance error [-] : -0.48732E+00
 new estimate of TurbineToTotal Massflow :  0.90000E+00
ENDOFMESSAGE
MESSAGE
CONVERGENCEFAIL 342500 JUNCTION      1 KNOTEN    3286.68 DEGCRA
 The iteration of the junction massflow failed to
 converge within  25 iterations.
                    24 iteration   25 iteration
 Pressure    [Pa]:    726508.18      726508.18
 Difference in percent of meanvalue:    0.00
 Mass flow error [percent of total massflow]:  -0.55
ENDOFMESSAGE
MESSAGE
CONVERGENCEFAIL 342500 JUNCTION      2 KNOTEN    3416.10 DEGCRA
 The iteration of the junction massflow failed to
 converge within  25 iterations.
                    24 iteration   25 iteration
 Pressure    [Pa]:    622490.43      622490.43
 Difference in percent of meanvalue:    0.00
 Mass flow error [percent of total massflow]:   0.87
ENDOFMESSAGE
MESSAGE
CONVERGENCEFAIL 342500 JUNCTION      1 KNOTEN    3482.69 DEGCRA
 The iteration of the junction massflow failed to
 converge within  25 iterations.
                    24 iteration   25 iteration
 Pressure    [Pa]:    547307.47      547307.47
 Difference in percent of meanvalue:   -0.00
 Mass flow error [percent of total massflow]:  -0.75
ENDOFMESSAGE
MESSAGE
CONVERGENCEFAIL 342500 JUNCTION      2 KNOTEN    3484.04 DEGCRA
 The iteration of the junction massflow failed to
 converge within  25 iterations.
                    24 iteration   25 iteration
 Pressure    [Pa]:    598849.31      598849.31
 Difference in percent of meanvalue:    0.00
 Mass flow error [percent of total massflow]:   0.80
ENDOFMESSAGE
MESSAGE
CONVERGENCEFAIL 342500 JUNCTION      2 KNOTEN    3485.39 DEGCRA
 The iteration of the junction massflow failed to
 converge within  25 iterations.
                    24 iteration   25 iteration
 Pressure    [Pa]:    592418.47      592418.47
 Difference in percent of meanvalue:    0.00
 Mass flow error [percent of total massflow]:   0.55
ENDOFMESSAGE
MESSAGE
CONVERGENCEFAIL 342500 JUNCTION      2 KNOTEN    3488.09 DEGCRA
 The iteration of the junction massflow failed to
 converge within  25 iterations.
                    24 iteration   25 iteration
 Pressure    [Pa]:    578660.58      578660.58
 Difference in percent of meanvalue:    0.00
 Mass flow error [percent of total massflow]:   0.50
ENDOFMESSAGE
MESSAGE
CONVERGENCEFAIL 342500 JUNCTION      2 KNOTEN    3546.04 DEGCRA
 The iteration of the junction massflow failed to
 converge within  25 iterations.
                    24 iteration   25 iteration
 Pressure    [Pa]:    628168.88      628168.88
 Difference in percent of meanvalue:   -0.00
 Mass flow error [percent of total massflow]:  -0.67
ENDOFMESSAGE
MESSAGE
RUNINFO 163607 TURBOCHARGER      1 TURLAD    3600.00 DEGCRA
 Cycle number     5 completed:
 Compressorwork [J] :  0.54228E+03, average pressure ratio [-]:  2.600
 Turbinework    [J] :  0.14745E+04, average pressure ratio [-]:  2.987
 Added Mechanical Work  [J] :  0.00000E+00
 relative energy balance error [-] : -0.90847E+00
 new estimate of TurbineToTotal Massflow :  0.81000E+00
ENDOFMESSAGE
MESSAGE
CONVERGENCEFAIL 342500 JUNCTION      1 KNOTEN    3798.37 DEGCRA
 The iteration of the junction massflow failed to
 converge within  25 iterations.
                    24 iteration   25 iteration
 Pressure    [Pa]:    639248.30      639248.30
 Difference in percent of meanvalue:   -0.00
 Mass flow error [percent of total massflow]:  -0.76
ENDOFMESSAGE
MESSAGE
RUNINFO 163607 TURBOCHARGER      1 TURLAD    5040.00 DEGCRA
 Cycle number     7 completed:
 Compressorwork [J] :  0.57489E+03, average pressure ratio [-]:  2.600
 Turbinework    [J] :  0.12204E+04, average pressure ratio [-]:  2.820
 Added Mechanical Work  [J] :  0.00000E+00
 relative energy balance error [-] : -0.70146E+00
 new estimate of TurbineToTotal Massflow :  0.72900E+00
ENDOFMESSAGE
MESSAGE
CONVERGENCEFAIL 342500 JUNCTION      1 KNOTEN    6176.16 DEGCRA
 The iteration of the junction massflow failed to
 converge within  25 iterations.
                    24 iteration   25 iteration
 Pressure    [Pa]:    572407.02      572407.02
 Difference in percent of meanvalue:    0.00
 Mass flow error [percent of total massflow]:  -0.78
ENDOFMESSAGE
MESSAGE
CONVERGENCEFAIL 342500 JUNCTION      1 KNOTEN    6284.84 DEGCRA
 The iteration of the junction massflow failed to
 converge within  25 iterations.
                    24 iteration   25 iteration
 Pressure    [Pa]:    479131.38      479131.38
 Difference in percent of meanvalue:   -0.00
 Mass flow error [percent of total massflow]:  -0.51
ENDOFMESSAGE
MESSAGE
RUNINFO 163607 TURBOCHARGER      1 TURLAD    6480.00 DEGCRA
 Cycle number     9 completed:
 Compressorwork [J] :  0.58859E+03, average pressure ratio [-]:  2.600
 Turbinework    [J] :  0.10060E+04, average pressure ratio [-]:  2.523
 Added Mechanical Work  [J] :  0.00000E+00
 relative energy balance error [-] : -0.50470E+00
 new estimate of TurbineToTotal Massflow :  0.65610E+00
ENDOFMESSAGE
MESSAGE
CONVERGENCEFAIL 342500 JUNCTION      1 KNOTEN    7448.97 DEGCRA
 The iteration of the junction massflow failed to
 converge within  25 iterations.
                    24 iteration   25 iteration
 Pressure    [Pa]:    353456.78      353456.78
 Difference in percent of meanvalue:   -0.00
 Mass flow error [percent of total massflow]:  -0.51
ENDOFMESSAGE
MESSAGE
RUNINFO 163607 TURBOCHARGER      1 TURLAD    7920.00 DEGCRA
 Cycle number    11 completed:
 Compressorwork [J] :  0.59454E+03, average pressure ratio [-]:  2.600
 Turbinework    [J] :  0.79569E+03, average pressure ratio [-]:  2.259
 Added Mechanical Work  [J] :  0.00000E+00
 relative energy balance error [-] : -0.26957E+00
 new estimate of TurbineToTotal Massflow :  0.59313E+00
ENDOFMESSAGE
MESSAGE
CONVERGENCEFAIL 342500 JUNCTION      1 KNOTEN    8170.14 DEGCRA
 The iteration of the junction massflow failed to
 converge within  25 iterations.
                    24 iteration   25 iteration
 Pressure    [Pa]:    331241.05      331241.05
 Difference in percent of meanvalue:   -0.00
 Mass flow error [percent of total massflow]:  -0.92
ENDOFMESSAGE
MESSAGE
RUNINFO 163607 TURBOCHARGER      1 TURLAD    9360.00 DEGCRA
 Cycle number    13 completed:
 Compressorwork [J] :  0.59995E+03, average pressure ratio [-]:  2.600
 Turbinework    [J] :  0.63718E+03, average pressure ratio [-]:  2.052
 Added Mechanical Work  [J] :  0.00000E+00
 relative energy balance error [-] : -0.39992E-01
 new estimate of TurbineToTotal Massflow :  0.58423E+00
ENDOFMESSAGE
MESSAGE
RUNINFO 163607 TURBOCHARGER      1 TURLAD   10080.00 DEGCRA
 Cycle number    14 completed:
 Compressorwork [J] :  0.60143E+03, average pressure ratio [-]:  2.600
 Turbinework    [J] :  0.62014E+03, average pressure ratio [-]:  2.030
 Added Mechanical Work  [J] :  0.00000E+00
 relative energy balance error [-] : -0.10421E-01
 new estimate of TurbineToTotal Massflow :  0.58190E+00
ENDOFMESSAGE
MESSAGE
RUNINFO 163607 TURBOCHARGER      1 TURLAD   10800.00 DEGCRA
 Cycle number    15 completed:
 Compressorwork [J] :  0.60245E+03, average pressure ratio [-]:  2.600
 Turbinework    [J] :  0.61139E+03, average pressure ratio [-]:  2.021
 Added Mechanical Work  [J] :  0.00000E+00
 relative energy balance error [-] : -0.54701E-02
 new estimate of TurbineToTotal Massflow :  0.58270E+00
ENDOFMESSAGE
MESSAGE
RUNINFO 163607 TURBOCHARGER      1 TURLAD   11520.00 DEGCRA
 Cycle number    16 completed:
 Compressorwork [J] :  0.60293E+03, average pressure ratio [-]:  2.600
 Turbinework    [J] :  0.61124E+03, average pressure ratio [-]:  2.022
 Added Mechanical Work  [J] :  0.00000E+00
 relative energy balance error [-] : -0.65155E-02
 new estimate of TurbineToTotal Massflow :  0.58328E+00
ENDOFMESSAGE
MESSAGE
CONVERGENCEFAIL 342500 JUNCTION      1 KNOTEN   11939.97 DEGCRA
 The iteration of the junction massflow failed to
 converge within  25 iterations.
                    24 iteration   25 iteration
 Pressure    [Pa]:    444692.20      444692.21
 Difference in percent of meanvalue:    0.00
 Mass flow error [percent of total massflow]:  -1.37
ENDOFMESSAGE
MESSAGE
CONVERGENCEFAIL 342500 JUNCTION      1 KNOTEN   12016.79 DEGCRA
 The iteration of the junction massflow failed to
 converge within  25 iterations.
                    24 iteration   25 iteration
 Pressure    [Pa]:    388729.56      388729.56
 Difference in percent of meanvalue:    0.00
 Mass flow error [percent of total massflow]:  -0.51
ENDOFMESSAGE
MESSAGE
RUNINFO 163607 TURBOCHARGER      1 TURLAD   12240.00 DEGCRA
 Cycle number    17 completed:
 Compressorwork [J] :  0.60302E+03, average pressure ratio [-]:  2.600
 Turbinework    [J] :  0.61182E+03, average pressure ratio [-]:  2.024
 Added Mechanical Work  [J] :  0.00000E+00
 relative energy balance error [-] : -0.57095E-02
 new estimate of TurbineToTotal Massflow :  0.58362E+00
ENDOFMESSAGE
MESSAGE
CONVERGENCEFAIL 342500 JUNCTION      1 KNOTEN   12659.98 DEGCRA
 The iteration of the junction massflow failed to
 converge within  25 iterations.
                    24 iteration   25 iteration
 Pressure    [Pa]:    444476.01      444476.04
 Difference in percent of meanvalue:    0.00
 Mass flow error [percent of total massflow]:  -1.23
ENDOFMESSAGE
MESSAGE
CONVERGENCEFAIL 342500 JUNCTION      1 KNOTEN   12736.79 DEGCRA
 The iteration of the junction massflow failed to
 converge within  25 iterations.
                    24 iteration   25 iteration
 Pressure    [Pa]:    388689.80      388689.80
 Difference in percent of meanvalue:    0.00
 Mass flow error [percent of total massflow]:   0.60
ENDOFMESSAGE
MESSAGE
RUNINFO 163607 TURBOCHARGER      1 TURLAD   12960.00 DEGCRA
 Cycle number    18 completed:
 Compressorwork [J] :  0.60297E+03, average pressure ratio [-]:  2.600
 Turbinework    [J] :  0.61193E+03, average pressure ratio [-]:  2.025
 Added Mechanical Work  [J] :  0.00000E+00
 relative energy balance error [-] : -0.54623E-02
 new estimate of TurbineToTotal Massflow :  0.58680E+00
ENDOFMESSAGE
MESSAGE
CONVERGENCEFAIL 342500 JUNCTION      1 KNOTEN   13211.51 DEGCRA
 The iteration of the junction massflow failed to
 converge within  25 iterations.
                    24 iteration   25 iteration
 Pressure    [Pa]:    310591.26      310591.26
 Difference in percent of meanvalue:   -0.00
 Mass flow error [percent of total massflow]:  -0.55
ENDOFMESSAGE
MESSAGE
RUNINFO 163607 TURBOCHARGER      1 TURLAD   13680.00 DEGCRA
 Cycle number    19 completed:
 Compressorwork [J] :  0.60286E+03, average pressure ratio [-]:  2.600
 Turbinework    [J] :  0.61727E+03, average pressure ratio [-]:  2.034
 Added Mechanical Work  [J] :  0.00000E+00
 relative energy balance error [-] : -0.34217E-02
 new estimate of TurbineToTotal Massflow :  0.58557E+00
ENDOFMESSAGE
MESSAGE
CONVERGENCEFAIL 342500 JUNCTION      1 KNOTEN   13931.51 DEGCRA
 The iteration of the junction massflow failed to
 converge within  25 iterations.
                    24 iteration   25 iteration
 Pressure    [Pa]:    310614.57      310614.57
 Difference in percent of meanvalue:   -0.00
 Mass flow error [percent of total massflow]:  -0.57
ENDOFMESSAGE
MESSAGE
CONVERGENCEFAIL 342500 JUNCTION      1 KNOTEN   14176.81 DEGCRA
 The iteration of the junction massflow failed to
 converge within  25 iterations.
                    24 iteration   25 iteration
 Pressure    [Pa]:    389400.84      389400.84
 Difference in percent of meanvalue:    0.00
 Mass flow error [percent of total massflow]:  -0.57
ENDOFMESSAGE
MESSAGE
RUNINFO 163607 TURBOCHARGER      1 TURLAD   14400.00 DEGCRA
 Cycle number    20 completed:
 Compressorwork [J] :  0.60270E+03, average pressure ratio [-]:  2.600
 Turbinework    [J] :  0.61590E+03, average pressure ratio [-]:  2.031
 Added Mechanical Work  [J] :  0.00000E+00
 relative energy balance error [-] : -0.14577E-02
 new estimate of TurbineToTotal Massflow :  0.58516E+00
ENDOFMESSAGE
