 --------------------------------
 AVL - B O O S T
 Version:        v2022.1.0.0.0
 Build:          Apr 27 2022 22:44:48
 Git Build Hash: 7670062eda46b95e13935a621f250d93513addf7
 System:         x86_64-unknown-winnt_i19v19
 --------------------------------

LICENSE
-------
 sys_1DCFD_solver 2022.0@ License will expire in 217 days

PROJECT
-------
 Preprocessor Version :  2022.1
 Calculation date     : 15.10.2025
 File     : single500_GDi.bst
 Case Set : "Case Set 1"
 Case     : "5k"
 
 Project ID: "4-Cylinder"
 Run ID:     "WOT"
 Model date: "7.3.2000"

ELEMENTS
--------
 Element Name        Number

 PIPE                  24
 SYSTEMBOUNDARY         2
 CYLINDER               4
 RESTRICTION            8
 MEASURINGPOINT         8
 JUNCTION               8
 ENGINE                 1
 PIPE_END              48
 ALL_PIPES             24
 ALL_BOUNDARIES         2
 RESTRICTIONS           8
 ALL_PIDS               1
 PIPE_VAR_WALL_TEMP    24

GLOBAL DATA
-----------
  Engine Speed :         5000.0  rpm
  Calculationmode:        BOOST  Single
  Cycle Duration:        720.00  degrees
  Max. calc. period:   14400.00  degrees
  Cycles calculated:         20  cycles
  Calc. time steps:     1.28380  degrees (max)
                        0.80347  degrees
                        0.02678  ms
  Traces results step:  5.00000  degrees
  User concentrations:        0
  Ref. pressure:      100000.00  Pa
  Ref. temperature:     298.000  K
  Gas properties:      Variable
  Gasproperties File:     GASOLINE.BGP
     bgp_build_version:   v2013.0.0.0.0
     bgp_build_host:      boosthost
     bgp_build_user:      boost
     bgp_build_date:      2012.03.23
     bgp_build_time:      08:00:00
  Lower calorific:  0.43500E+08  J/kg
  Stoic. A/F-ratio:      14.500

  Warnings:                   0
  Convergence errors:       130

PIPES
-----

 Total number of pipe cells:    122

 Pipe   Cells   Cell size       W.Heat     Wall T    Fric. coeff.   Lam. Fric. Coeff.  Heat Factor       Volume
  nr.                [mm]         [kJ]        [K]             [-]                 [-]          [-]        [dm3]
    1       2        40.0        0.001     340.00        0.040000           64.000000     1.000000     0.070513
    2       2        30.0       -0.007     850.00        0.040000           64.000000     1.000000     0.048255
    3       2        40.0        0.001     340.00        0.040000           64.000000     1.000000     0.070513
    4       2        30.0       -0.007     850.00        0.040000           64.000000     1.000000     0.048255
    5       2        40.0        0.001     340.00        0.040000           64.000000     1.000000     0.070513
    6       2        30.0       -0.006     850.00        0.040000           64.000000     1.000000     0.048255
    7       2        40.0        0.001     340.00        0.040000           64.000000     1.000000     0.070513
    8       2        30.0       -0.007     850.00        0.040000           64.000000     1.000000     0.048255
    9       8        30.0        0.001     300.00        0.019000           64.000000     1.000000     0.244290
   10       3        36.7        0.001     300.00        0.019000           64.000000     1.000000     0.111966
   11       8        30.0        0.001     300.00        0.019000           64.000000     1.000000     0.244290
   12       8        30.0        0.001     300.00        0.019000           64.000000     1.000000     0.244290
   13       3        36.7        0.001     300.00        0.019000           64.000000     1.000000     0.111966
   14       3        36.7        0.000     300.00        0.019000           64.000000     1.000000     0.111966
   15       8        30.0        0.001     300.00        0.019000           64.000000     1.000000     0.244290
   16       7        31.4       -0.096     300.00        0.019000           64.000000     1.000000     0.249505
   17       7        31.4       -0.091     300.00        0.019000           64.000000     1.000000     0.249505
   18       7        31.4       -0.096     300.00        0.019000           64.000000     1.000000     0.249505
   19       7        31.4       -0.094     300.00        0.019000           64.000000     1.000000     0.249505
   20       8        31.2       -0.170     300.00        0.019000           64.000000     1.000000     0.314159
   21       8        31.2       -0.165     300.00        0.019000           64.000000     1.000000     0.314159
   22      10        31.3       -0.216     300.00        0.019000           64.000000     1.000000     0.433089
   23       8        30.7        0.002     300.00        0.019000           64.000000     1.000000     0.250194
   24       3        36.7        0.001     300.00        0.019000           64.000000     1.000000     0.111966


MEASURINGPOINTS: Average Values
-------------------------------
 Mp. Pipe Location   Diameter  Pressure  Temp. Ms.Temp.  Velo.   Massflow   Massflow To.Ent.f.  To.Ent.f.  Mach. Wtemp.  Converg.
 nr.  nr.     [mm]       [mm]     [bar]    [K]      [K]  [m/s]      [g/s]  [g/cycle]    [kJ/s]  [kJ/cyc.]    [-]    [K]       [-]
  1   1    10.0000    33.5000    0.9356  293.0    285.2   31.5    28.4014     0.6816    -0.070    -0.0017   0.09  340.0 0.365E-07
  2  18    10.0000    38.0000    1.2208 1021.9   1280.0   69.5    30.3632     0.7287    37.692     0.9046   0.10  300.0 0.115E-05
  3   3    10.0000    33.5000    0.9143  298.0    284.4   30.2    26.1826     0.6284    -0.038    -0.0009   0.09  340.0 0.101E-07
  4  16    10.0000    38.0000    1.2203 1029.7   1280.3   66.4    27.9993     0.6720    34.655     0.8317   0.10  300.0 0.102E-06
  5   5    10.0000    33.5000    0.9086  297.0    282.7   28.3    23.5612     0.5655    -0.087    -0.0021   0.08  340.0 0.466E-08
  6  17    10.0000    38.0000    1.2179 1044.2   1278.9   62.9    25.1849     0.6044    30.984     0.7436   0.09  300.0 0.644E-06
  7   7    10.0000    33.5000    0.9224  295.7    288.0   29.5    26.0529     0.6253    -0.026    -0.0006   0.09  340.0 0.791E-07
  8  19    10.0000    38.0000    1.2236 1031.4   1281.5   65.4    27.8463     0.6683    34.446     0.8267   0.10  300.0 0.103E-06

SYSTEMBOUNDARIES
Attachments
-----------
 Type                 Nr.   Pipe       Mass flow
                             Nr.       [g/cycle]
 SYSTEMBOUNDARY        1     23          2.4997
 SYSTEMBOUNDARY        2     22          2.6738

CYLINDERS: Average Values
-------------------------
                               Total
                              Engine         Cyl.   1       Cyl.   2       Cyl.   3       Cyl.   4
Firing TDC [deg]                                  0.00         540.00         180.00         360.00
Bore [mm]                                        86.00          86.00          86.00          86.00
Stroke [mm]                                      86.00          86.00          86.00          86.00
Conrodl. [mm]                                   143.50         143.50         143.50         143.50
Piston pin offset [mm]                            0.00           0.00           0.00           0.00
Swept Vol. [l]                   1.9982         0.4996         0.4996         0.4996         0.4996
Compression ratio [-]                            10.50          10.50          10.50          10.50
Dyn. Comp. ratio [-]                              7.99           7.99           7.98           8.01

Combustion Data:
----------------
Combustion Char.                               2Z-Vibe        2Z-Vibe        2Z-Vibe        2Z-Vibe     
Comb.start [deg]                                -10.00         -10.00         -10.00         -10.00
Comb.dur.1 [deg]                                 50.00          50.00          50.00          50.00
Peak Fir.Pres. [bar]              71.89          78.41          72.31          64.88          71.97
at Crankangle [deg]               15.12          15.11          15.12          15.08          15.16
Peak Pres.Rise[bar/deg]            3.05           3.33           3.07           2.76           3.05
at Crankangle [deg]                2.48           2.48           2.48           2.47           2.48
Peak Fir. Temp. [K]             2617.87        2626.46        2619.50        2608.73        2616.78
at Crankangle [deg]               24.23          24.21          24.23          24.16          24.33
Peak T_burned [K]               2772.71        2781.98        2774.63        2762.49        2771.72
at Crankangle [deg]               11.28          11.27          11.28          11.25          11.31
Res. Gascompr. [bar]               1.04           1.18           1.17           1.16           0.63
at Crankangle [deg]              322.06         310.13         309.94         309.93         358.26
Evaporation Energy [kJ]         -0.0507        -0.0138        -0.0127        -0.0115        -0.0127
Required O.N. [-]                 95.24          95.24          91.22          85.35          90.75
Knock Intensity [-]               -1.00           0.00           0.00           0.00           0.00

Emissions (Classic Species Transport):
--------------------------------------
NOx: Calculated based on MTZ 34 1973 (12).
CO:  Calculated based on SAE 2002-01-0006.
HC:  Calculated based on SAE 2002-01-0006.
NOX   [g/kWh]                 11.281724      11.511424      11.362200      10.976129      11.219192
NOX   [g/h]                 1219.985275     343.357818     308.872974     263.812588     303.941896
NOX   [ppm]                     2938.92        3034.97        2960.37        2810.55        2928.76
CO    [g/kWh]                  0.845650       0.811797       0.848722       0.899094       0.832426
CO    [g/h]                   91.447105      24.213948      23.071887      21.609824      22.551446
CO    [ppm]                      235.99         229.28         236.88         246.62         232.79
HC    [g/kWh]                  0.422383       0.393742       0.420618       0.458263       0.423854
HC    [g/h]                   45.675691      11.744371      11.434179      11.014409      11.482732
HC    [ppm]                       78.61          74.16          78.29          83.83          79.05

Performance:
------------
IMEP [bar]                      14.8452        16.1871        14.9172        13.4042        14.8725
Rel. to Ave. [-]                                1.0904         1.0048         0.9029         1.0018
IMEP Exh. [bar]                 -1.1809        -1.2226        -1.1816        -1.1304        -1.1890
IMEP Int. [bar]                  0.7316         0.7354         0.7290         0.7077         0.7542
IMEP Gasex. [bar]               -0.4493        -0.4872        -0.4526        -0.4227        -0.4348
IMEP HP [bar]                   15.2945        16.6742        15.3697        13.8269        15.3073
FMEP [bar]                       1.8571         1.8571         1.8571         1.8571         1.8571
BMEP [bar]                      12.9881        14.3299        13.0600        11.5471        13.0153
AMEP;SMEP [bar]                  0.0000         0.0000         0.0000         0.0000         0.0000
ISFC [g/kWh]                   209.1896       209.0840       209.3016       209.5145       208.8996
Rel. to Ave. [-]                                0.9995         1.0005         1.0016         0.9986
ISFC (tr.f.) [g/kWh]           209.1868       209.0819       209.2959       209.5108       208.8996
BSFC [g/kWh]                   239.1013       236.1810       239.0644       243.2112       238.7073
Indicated Eff. [-]               0.3956         0.3958         0.3954         0.3950         0.3962
Iso vol. comb. Eff [-]           0.9562         0.9562         0.9562         0.9562         0.9562
Polytropic Coeff. [-]                           1.2866         1.2870         1.2886         1.2873

Fuel Mass Balance:
------------------
Inj. Fuelmass [g]              0.172373       0.046965       0.043325       0.038971       0.043112
Asp.Trap. Fuelmass [g]        -0.000002      -0.000000      -0.000001      -0.000001       0.000001
Fuelmassfl.(A+I) [g/s]         7.182218       1.956863       1.805219       1.623781       1.796355
Fuelmass tot.trap. [g]         0.172371       0.046964       0.043324       0.038970       0.043113
Trapped Fuelm.fl.[g/s]         7.182120       1.956843       1.805170       1.623752       1.796355
Trapp. Eff. Fuel [-]             1.0000         1.0000         1.0000         1.0000         1.0000

Energy Balance Cylinder:
------------------------
Fuel Energy [kJ]                7.49930        2.04323        1.88487        1.69548        1.87571
Released Energy [kJ]            7.27243        1.98155        1.82796        1.64404        1.81888
-> Brake Power     [%]           35.687         36.126         35.691         35.087         35.747
-> Loss: Friction  [%]            5.103          4.682          5.075          5.643          5.101
-> Loss: Piston    [%]            3.578          3.526          3.580          3.636          3.579
-> Loss: Head      [%]            4.328          4.269          4.331          4.393          4.330
-> Loss: Liner     [%]            4.465          4.393          4.470          4.549          4.463
-> Loss: Int. Port [%]           -0.022         -0.022         -0.021         -0.023         -0.022
-> Loss: Exh. Port [%]            0.351          0.335          0.351          0.371          0.352
-> Loss: Exh. Gas  [%]           46.998         47.170         47.007         46.834         46.949
Eff. Rel. Energy [kJ]           7.25425        1.97659        1.82340        1.63994        1.81431
Gross Rel. Energy [kJ]          7.27243        1.98155        1.82796        1.64404        1.81888
Eff.Gross Rel.Ener.[kJ]         7.25425        1.97659        1.82340        1.63994        1.81431
Energy Balance [-]               0.9988         0.9989         0.9989         0.9987         0.9988
Eff. Energy Balance [-]          0.9963         0.9964         0.9964         0.9962         0.9963

Blowby:
-------
Blowbymass [g]                 0.000000       0.000000       0.000000       0.000000       0.000000
Blowbymassfl. [g/s]            0.000000       0.000000       0.000000       0.000000       0.000000
Blowby Heat Flow [kJ]          0.000000       0.000000       0.000000       0.000000       0.000000

Reference Values at Start of High Pressure:
-------------------------------------------
Pressure at SHP[bar]             1.7603         1.9268         1.7763         1.5799         1.7582
Temperature [K]                  405.51         408.28         407.10         401.35         405.32
Air Massfl.  [g/s]           104.207719      28.401987      26.192356      23.562149      26.051227
Fuel Massfl. [g/s]             7.182218       1.956863       1.805219       1.623781       1.796355
Trapp. Eff. Air [-]              0.9994         0.9990         0.9994         0.9993         0.9998
Trapp. Eff.Fuel [-]              1.0000         1.0000         1.0000         1.0000         1.0000
A/F-Ratio (Cmb.) [-]              14.57          14.57          14.57          14.57          14.57
Excess Air Ratio [-]             1.0046         1.0046         1.0047         1.0046         1.0046

Reference Values at Start Of Combustion:
----------------------------------------
Pressure [bar]                  23.9843        26.1534        24.1943        21.5151        24.0744
Temperature [K]                  743.94         747.49         746.26         737.58         744.43

Residual Gas:
-------------
Res.gas content [-]              0.0197         0.0171         0.0195         0.0217         0.0209
External EGR [-]                 0.0000         0.0000         0.0000         0.0000        -0.0000
Internal EGR [-]                 0.0197         0.0171         0.0195         0.0217         0.0209
Com.Prod.Mass. at EO [g]       2.720183       0.739322       0.683584       0.616171       0.681105
Res.gas mass at SHP [g]        0.050836       0.012002       0.012618       0.012700       0.013516
Res.gas aspirated IN [g]       0.000000       0.000000       0.000000       0.000000      -0.000000
Res.gas from intake [g]        0.000000       0.000000       0.000000       0.000000       0.000000
Rel. to Total [-]                0.0000         0.0000         0.0000         0.0000         0.0000
Res.gas flow EX [g]            2.669454       0.727360       0.670992       0.603475       0.667627
Res.gas from exhaust [g]       0.003421       0.000626       0.000838       0.000686       0.001271
Rel. to Total [-]                0.0673         0.0522         0.0664         0.0540         0.0940

Gas Exchange:
-------------
Volumetric Eff. [-]              1.0701         1.1663         1.0759         0.9678         1.0706
Rel. to Ave. [-]                                1.0898         1.0054         0.9043         1.0004
Total Mass at SHP[g]             2.5813         0.7015         0.6487         0.5848         0.6464
Mass Delivered [g]              2.50099        0.68165        0.62862        0.56549        0.62523
Mass Delivered [g/s]          104.20772       28.40199       26.19236       23.56215       26.05122
Delivery Ratio [-]               1.0708         1.1674         1.0766         0.9685         1.0708
Rel. to Ave. [-]                                1.0902         1.0054         0.9044         1.0000
Av.Airmass at SHP[g]             2.4994         0.6810         0.6282         0.5651         0.6251
Air Delivered [g]               2.50099        0.68165        0.62862        0.56549        0.62523
Air Delivered [g/s]           104.20772       28.40199       26.19236       23.56215       26.05123
Airdeliveryratio [-]             1.0708         1.1674         1.0766         0.9685         1.0708
Rel. to Ave. [-]                                1.0902         1.0054         0.9044         1.0000
Airmass Trapped [g]             2.49940        0.68099        0.62822        0.56508        0.62511
Airmass Trapped [g/s]         104.14177       28.37472       26.17581       23.54479       26.04644
Trapp. Eff. Air [-]              0.9994         0.9990         0.9994         0.9993         0.9998
Rel. to Ave. [-]                                0.9997         1.0000         0.9999         1.0004
Airpurity [-]                    0.9683         0.9708         0.9685         0.9662         0.9671
Dyn. Swirl [-]                   0.0000         0.0000         0.0000         0.0000         0.0000
Dyn. Tumble [-]                  0.0000         0.0000         0.0000         0.0000         0.0000

Wall Heatlosses:
----------------
Piston [kJ]                     -0.2602        -0.0699        -0.0654        -0.0598        -0.0651
Piston Temperature [K]                          550.00         550.00         550.00         550.00
Cylinderhead [kJ]              -0.31472       -0.08459       -0.07916       -0.07222       -0.07876
Head Temperature [K]                            610.00         610.00         610.00         610.00
Cylinderliner [kJ]             -0.32472       -0.08704       -0.08172       -0.07479       -0.08117
LinerTDC Temperature [K]                        450.00         450.00         450.00         450.00
LinerBDC Temperature [K]                        445.00         445.00         445.00         445.00
Sum of Wallheat [kJ]           -0.89963       -0.24149       -0.22633       -0.20678       -0.22503
Wall Heatlosses in High Pressure Phase:
Piston HP [kJ]                 -0.22551       -0.06073       -0.05672       -0.05165       -0.05642
Cylinderhead HP [kJ]           -0.27869       -0.07507       -0.07010       -0.06380       -0.06972
Cylinderliner HP [kJ]          -0.16889       -0.04555       -0.04248       -0.03855       -0.04232
Sum of Wallheat HP [kJ]        -0.67309       -0.18134       -0.16929       -0.15400       -0.16846
Wall Heatlosses Related to Heatinput:
Piston [-]                      -0.0347        -0.0342        -0.0347        -0.0353        -0.0347
Cylinderhead [-]                -0.0420        -0.0414        -0.0420        -0.0426        -0.0420
Cylinderliner [-]               -0.0433        -0.0426        -0.0434        -0.0441        -0.0433
Sum of Wallheat [-]             -0.1200        -0.1182        -0.1201        -0.1220        -0.1200
M. Eff. HTC [W/m2/K]             539.10         571.28         542.20         503.86         539.05
M. Eff. Temp. [K]               1411.21        1423.24        1411.95        1397.30        1412.38

Reference Values at EO:
-----------------------
Pressure [bar]                     6.99           7.61           7.03           6.33           6.98
Temperature [K]                 1753.27        1759.61        1754.81        1747.39        1751.28
A/F-Ratio [-]                     14.50          14.50          14.50          14.50          14.50
Com.Prod.Conc. [-]              0.99915        0.99920        0.99920        0.99908        0.99912
Fuel Concentr. [-]             0.000057       0.000054       0.000054       0.000062       0.000059

Average Values of Pipeattachements:
-----------------------------------
 Attached Pipe                                       1              3              5              7
Vlv/Prt.Op.Clr.0mm[deg]                         340.00         340.00         340.00         340.00
Vlv/Prt.Op.Eff.0mm[deg]                         340.00         340.00         340.00         340.00
Vlv/Prt.Op.Eff.1mm[deg]                         362.50         362.50         362.50         362.50
Vlv/Prt.Op.Udef.mm[deg]                         340.00         340.00         340.00         340.00
Vlv/Prt.Cl.Clr.0mm[deg]                         610.00         610.00         610.00         610.00
Vlv/Prt.Cl.Eff.0mm[deg]                         610.00         610.00         610.00         610.00
Vlv/Prt.Cl.Eff.1mm[deg]                         577.52         577.52         577.53         577.52
Vlv/Prt.Cl.Udef.mm[deg]                         610.00         610.00         610.00         610.00
Cam Phasing [deg]                                 0.00           0.00           0.00           0.00
Massflow [g/cycle]                            0.681648       0.628617       0.565492       0.625229
Wallheat [kJ/cycle]                           0.000434       0.000385       0.000378       0.000394
rel.to Heatinp.[-]                              0.0002         0.0002         0.0002         0.0002
 Attached Pipe                                       2              4              6              8
Vlv/Prt.Op.Clr.0mm[deg]                         130.00         130.00         130.00         130.00
Vlv/Prt.Op.Eff.0mm[deg]                         130.00         130.00         130.00         130.00
Vlv/Prt.Op.Eff.1mm[deg]                         150.84         150.84         150.84         150.84
Vlv/Prt.Op.Udef.mm[deg]                         130.00         130.00         130.00         130.00
Vlv/Prt.Cl.Clr.0mm[deg]                         390.00         390.00         390.00         390.00
Vlv/Prt.Cl.Eff.0mm[deg]                         390.00         390.00         390.00         390.00
Vlv/Prt.Cl.Eff.1mm[deg]                         356.00         356.00         356.00         356.00
Vlv/Prt.Cl.Udef.mm[deg]                         390.00         390.00         390.00         390.00
Cam Phasing [deg]                                 0.00           0.00           0.00           0.00
Massflow [g/cycle]                            0.728609       0.671941       0.604462       0.668342
Wallheat [kJ/cycle]                          -0.006645      -0.006410      -0.006092      -0.006398
rel.to Heatinp.[-]                             -0.0033        -0.0034        -0.0036        -0.0034

FLOWRESTRICTIONS: Average Values
--------------------------------
 Flr. Att.Pi.  Massflow  Att.Pi.  Massflow
  nr.  number [g/cycle]   number [g/cycle]
    1       2    0.7286       18    0.7287
    2       1    0.6816        9    0.6817
    3       4    0.6719       16    0.6721
    4       3    0.6286       11    0.6287
    5       6    0.6045       17    0.6046
    6       5    0.5655       12    0.5654
    7       8    0.6683       19    0.6684
    8       7    0.6252       15    0.6252

JUNCTIONS: Average Values
-------------------------
Junction   1: Attached pipe   9:     -0.6817 g/cycle
              Attached pipe  10:     -1.8190 g/cycle
              Attached pipe  24:     -2.5008 g/cycle
Junction   2: Attached pipe  10:     -1.8189 g/cycle
              Attached pipe  11:     -0.6287 g/cycle
              Attached pipe  13:     -1.1901 g/cycle
Junction   3: Attached pipe  12:     -0.5654 g/cycle
              Attached pipe  13:     -1.1901 g/cycle
              Attached pipe  14:     -0.6246 g/cycle
Junction   4: Attached pipe  14:     -0.6246 g/cycle
              Attached pipe  15:     -0.6252 g/cycle
Junction   5: Attached pipe  16:     -0.6721 g/cycle
              Attached pipe  17:     -0.6046 g/cycle
              Attached pipe  21:     -1.2763 g/cycle
Junction   6: Attached pipe  18:     -0.7287 g/cycle
              Attached pipe  19:     -0.6684 g/cycle
              Attached pipe  20:     -1.3972 g/cycle
Junction   7: Attached pipe  20:     -1.3972 g/cycle
              Attached pipe  21:     -1.2763 g/cycle
              Attached pipe  22:     -2.6738 g/cycle
Junction   8: Attached pipe  23:     -2.4997 g/cycle
              Attached pipe  24:     -2.5008 g/cycle

OVERALL ENGINE PERFORMANCE:
===========================

Indicated Torque          :    236.06 Nm                    Indicated Specific Torque :    118.13 Nm/l
Indicated Power           :    123.60 kW,       168.05 PS   Indicated Specific Power  :     61.86 kW/l,      84.10 PS/l
Friction Torque           :     29.53 Nm                    Friction Power            :     15.46 kW
Effective Torque          :    206.53 Nm                    Effective Specific Torque :    103.36 Nm/l
Effective Power           :    108.14 kW,       147.03 PS   Effective Specific Power  :     54.12 kW/l,      73.58 PS/l

Required time for reading the inputfile and initialisation:       0.07 min
Required time for the calculation: .........................      0.11 min
Required time for writing the outputfile: ..................      0.00 min
Required total time: .......................................      0.18 min
Required total CPU-time: ...................................      6.27 sec
