  CASE 1 of 11 Case Set 1.Case 1 ...
      TASK: createseriesresults
      TASK: creation
      TASK: simulation
  CASE 2 of 11 Case Set 1.Case 2 ...
      TASK: createseriesresults
      TASK: creation
      TASK: simulation
  CASE 3 of 11 Case Set 1.Case 3 ...
      TASK: createseriesresults
      TASK: creation
      TASK: simulation
  CASE 4 of 11 Case Set 1.Case 4 ...
      TASK: createseriesresults
      TASK: creation
      TASK: simulation
  CASE 5 of 11 Case Set 1.Case 5 ...
      TASK: createseriesresults
      TASK: creation
      TASK: simulation
  CASE 6 of 11 Case Set 1.Case 6 ...
      TASK: createseriesresults
      TASK: creation
      TASK: simulation
  CASE 7 of 11 Case Set 1.Case 7 ...
      TASK: createseriesresults
      TASK: creation
      TASK: simulation
  CASE 8 of 11 Case Set 1.Case 8 ...
      TASK: createseriesresults
      TASK: creation
      TASK: simulation
  CASE 9 of 11 Case Set 1.Case 9 ...
      TASK: createseriesresults
      TASK: creation
      TASK: simulation
  CASE 10 of 11 Case Set 1.Case 10 ...
      TASK: createseriesresults
      TASK: creation
      TASK: simulation
  CASE 11 of 11 Case Set 1.Case 11 ...
      TASK: createseriesresults
      TASK: creation
      TASK: simulation
  finished Pre-Processing
