 --------------------------------
 AVL - B O O S T
 Version:        v2022.1.0.0.0
 Build:          Apr 27 2022 22:44:48
 Git Build Hash: 7670062eda46b95e13935a621f250d93513addf7
 System:         x86_64-unknown-winnt_i19v19
 --------------------------------

LICENSE
-------
 sys_1DCFD_solver 2022.0@ License will expire in 217 days

PROJECT
-------
 Preprocessor Version :  2022.1
 Calculation date     : 15.10.2025
 File     : single500_GDi.bst
 Case Set : "Case Set 1"
 Case     : "7_5k"
 
 Project ID: "4-Cylinder"
 Run ID:     "WOT"
 Model date: "7.3.2000"

ELEMENTS
--------
 Element Name        Number

 PIPE                  20
 SYSTEMBOUNDARY         2
 PLENUM                 1
 CYLINDER               4
 RESTRICTION            8
 MEASURINGPOINT         8
 JUNCTION               3
 ENGINE                 1
 PIPE_END              40
 ALL_PIPES             20
 ALL_PLENUMS            1
 ALL_BOUNDARIES         2
 RESTRICTIONS           8
 ALL_PIDS               1
 PIPE_VAR_WALL_TEMP    20

GLOBAL DATA
-----------
  Engine Speed :         7500.0  rpm
  Calculationmode:        BOOST  Single
  Cycle Duration:        720.00  degrees
  Max. calc. period:   14400.00  degrees
  Cycles calculated:         20  cycles
  Calc. time steps:     1.92570  degrees (max)
                        1.10402  degrees
                        0.02453  ms
  Traces results step:  5.00000  degrees
  User concentrations:        0
  Ref. pressure:      100000.00  Pa
  Ref. temperature:     298.000  K
  Gas properties:      Variable
  Gasproperties File:     GASOLINE.BGP
     bgp_build_version:   v2013.0.0.0.0
     bgp_build_host:      boosthost
     bgp_build_user:      boost
     bgp_build_date:      2012.03.23
     bgp_build_time:      08:00:00
  Lower calorific:  0.43500E+08  J/kg
  Stoic. A/F-ratio:      14.500

  Warnings:                   4
  Convergence errors:       148

PIPES
-----

 Total number of pipe cells:    106

 Pipe   Cells   Cell size       W.Heat     Wall T    Fric. coeff.   Lam. Fric. Coeff.  Heat Factor       Volume
  nr.                [mm]         [kJ]        [K]             [-]                 [-]          [-]        [dm3]
    1       2        40.0        0.001     340.00        0.040000           64.000000     1.000000     0.070513
    2       2        30.0       -0.006     850.00        0.040000           64.000000     1.000000     0.048255
    3       2        40.0        0.001     340.00        0.040000           64.000000     1.000000     0.070513
    4       2        30.0       -0.006     850.00        0.040000           64.000000     1.000000     0.048255
    5       2        40.0        0.001     340.00        0.040000           64.000000     1.000000     0.070513
    6       2        30.0       -0.006     850.00        0.040000           64.000000     1.000000     0.048255
    7       2        40.0        0.001     340.00        0.040000           64.000000     1.000000     0.070513
    8       2        30.0       -0.006     850.00        0.040000           64.000000     1.000000     0.048255
    9       7        31.4       -0.073     300.00        0.019000           64.000000     1.000000     0.249505
   10       7        31.4       -0.073     300.00        0.019000           64.000000     1.000000     0.249505
   11       7        31.4       -0.073     300.00        0.019000           64.000000     1.000000     0.249505
   12       7        31.4       -0.073     300.00        0.019000           64.000000     1.000000     0.249505
   13       8        31.2       -0.127     300.00        0.019000           64.000000     1.000000     0.314159
   14       8        31.2       -0.127     300.00        0.019000           64.000000     1.000000     0.314159
   15      10        31.3       -0.192     300.00        0.019000           64.000000     1.000000     0.433089
   16       4        32.4        0.000     300.00        0.019000           64.000000     1.000000     0.429721
   17       8        30.0        0.001     300.00        0.019000           64.000000     1.000000     0.217901
   18       8        30.0        0.001     300.00        0.019000           64.000000     1.000000     0.217901
   19       8        30.0        0.001     300.00        0.019000           64.000000     1.000000     0.217901
   20       8        30.0        0.001     300.00        0.019000           64.000000     1.000000     0.217901


MEASURINGPOINTS: Average Values
-------------------------------
 Mp. Pipe Location   Diameter  Pressure  Temp. Ms.Temp.  Velo.   Massflow   Massflow To.Ent.f.  To.Ent.f.  Mach. Wtemp.  Converg.
 nr.  nr.     [mm]       [mm]     [bar]    [K]      [K]  [m/s]      [g/s]  [g/cycle]    [kJ/s]  [kJ/cyc.]    [-]    [K]       [-]
  1   1    10.0000    33.5000    0.9690  298.1    272.8   45.1    33.9965     0.5439    -0.101    -0.0016   0.14  340.0 0.403E-07
  2  11    10.0000    38.0000    1.2271 1111.2   1292.8   85.7    36.3619     0.5818    45.712     0.7314   0.13  300.0 0.166E-05
  3   3    10.0000    33.5000    0.9690  298.1    272.8   45.1    33.9949     0.5439    -0.101    -0.0016   0.14  340.0 0.261E-07
  4   9    10.0000    38.0000    1.2271 1111.2   1292.8   85.7    36.3615     0.5818    45.711     0.7314   0.13  300.0 0.389E-06
  5   5    10.0000    33.5000    0.9690  298.1    272.8   45.1    33.9951     0.5439    -0.101    -0.0016   0.14  340.0 0.224E-07
  6  10    10.0000    38.0000    1.2271 1111.2   1292.8   85.7    36.3614     0.5818    45.711     0.7314   0.13  300.0 0.138E-05
  7   7    10.0000    33.5000    0.9690  298.1    272.8   45.1    33.9948     0.5439    -0.101    -0.0016   0.14  340.0 0.141E-06
  8  12    10.0000    38.0000    1.2271 1111.2   1292.8   85.7    36.3608     0.5818    45.710     0.7314   0.13  300.0 0.139E-05

SYSTEMBOUNDARIES
Attachments
-----------
 Type                 Nr.   Pipe       Mass flow
                             Nr.       [g/cycle]
 SYSTEMBOUNDARY        1     16          2.1772
 SYSTEMBOUNDARY        2     15          2.3273

PLENUMS: Average Values
-----------------------
                   Pl. Pressure   Temp.      Mass Wallheat
                   nr.    [bar]     [K]       [g]     [kJ]
 PLENUM             1    0.9913  296.87     2.325    0.000
                                          Attached pipe  16:      2.1772 g/cycle
                                          Attached pipe  17:      0.5443 g/cycle
                                          Attached pipe  18:      0.5443 g/cycle
                                          Attached pipe  19:      0.5443 g/cycle
                                          Attached pipe  20:      0.5443 g/cycle

PLENUMS
Attachments
-----------
 Type                 Nr.   Pipe       Mass flow
                             Nr.       [g/cycle]
 PLENUM                1     16          2.1772
 PLENUM                1     17          0.5443
 PLENUM                1     18          0.5443
 PLENUM                1     19          0.5443
 PLENUM                1     20          0.5443

CYLINDERS: Average Values
-------------------------
                               Total
                              Engine         Cyl.   1       Cyl.   2       Cyl.   3       Cyl.   4
Firing TDC [deg]                                  0.00         540.00         180.00         360.00
Bore [mm]                                        86.00          86.00          86.00          86.00
Stroke [mm]                                      86.00          86.00          86.00          86.00
Conrodl. [mm]                                   143.50         143.50         143.50         143.50
Piston pin offset [mm]                            0.00           0.00           0.00           0.00
Swept Vol. [l]                   1.9982         0.4996         0.4996         0.4996         0.4996
Compression ratio [-]                            10.50          10.50          10.50          10.50
Dyn. Comp. ratio [-]                              8.00           8.00           8.00           8.00

Combustion Data:
----------------
Combustion Char.                               2Z-Vibe        2Z-Vibe        2Z-Vibe        2Z-Vibe     
Comb.start [deg]                                -21.00         -21.00         -21.00         -21.00
Comb.dur.1 [deg]                                 50.00          50.00          50.00          50.00
Peak Fir.Pres. [bar]              80.35          80.35          80.35          80.36          80.35
at Crankangle [deg]                7.37           7.37           7.37           7.37           7.37
Peak Pres.Rise[bar/deg]            3.63           3.63           3.63           3.63           3.63
at Crankangle [deg]               -5.35          -5.35          -5.35          -5.35          -5.35
Peak Fir. Temp. [K]             2756.58        2756.59        2756.59        2756.57        2756.57
at Crankangle [deg]               13.89          13.89          13.89          13.89          13.89
Peak T_burned [K]               2859.27        2859.28        2859.27        2859.26        2859.26
at Crankangle [deg]                4.59           4.59           4.59           4.59           4.59
Res. Gascompr. [bar]               0.83           0.83           0.83           0.83           0.83
at Crankangle [deg]              360.00         360.00         360.00         360.00         360.00
Evaporation Energy [kJ]         -0.0441        -0.0110        -0.0110        -0.0110        -0.0110
Required O.N. [-]                 87.38          87.38          87.38          87.38          87.38
Knock Intensity [-]               -1.00           0.00           0.00           0.00           0.00

Emissions (Classic Species Transport):
--------------------------------------
NOx: Calculated based on MTZ 34 1973 (12).
CO:  Calculated based on SAE 2002-01-0006.
HC:  Calculated based on SAE 2002-01-0006.
NOX   [g/kWh]                 17.934660      17.932323      17.935504      17.936486      17.934327
NOX   [g/h]                 2188.777704     547.130601     547.219536     547.254782     547.172784
NOX   [ppm]                     4025.95        4025.34        4026.17        4026.42        4025.86
CO    [g/kWh]                  1.314174       1.315976       1.313609       1.312919       1.314193
CO    [g/h]                  160.384163      40.151545      40.078754      40.058089      40.095776
CO    [ppm]                      316.02         316.45         315.89         315.72         316.02
HC    [g/kWh]                  0.440161       0.440305       0.440120       0.440055       0.440163
HC    [g/h]                   53.718013      13.434088      13.428248      13.426381      13.429296
HC    [ppm]                       70.59          70.61          70.58          70.57          70.59

Performance:
------------
IMEP [bar]                      12.4149        12.4150        12.4148        12.4149        12.4146
Rel. to Ave. [-]                                1.0000         1.0000         1.0000         1.0000
IMEP Exh. [bar]                 -1.4705        -1.4704        -1.4705        -1.4705        -1.4704
IMEP Int. [bar]                  0.5003         0.5003         0.5003         0.5003         0.5003
IMEP Gasex. [bar]               -0.9702        -0.9701        -0.9702        -0.9702        -0.9701
IMEP HP [bar]                   13.3850        13.3851        13.3850        13.3851        13.3848
FMEP [bar]                       2.6429         2.6429         2.6429         2.6429         2.6429
BMEP [bar]                       9.7720         9.7721         9.7720         9.7721         9.7718
AMEP;SMEP [bar]                  0.0000         0.0000         0.0000         0.0000         0.0000
ISFC [g/kWh]                   217.6169       217.6159       217.6204       217.6154       217.6160
Rel. to Ave. [-]                                1.0000         1.0000         1.0000         1.0000
ISFC (tr.f.) [g/kWh]           217.6169       217.6159       217.6204       217.6154       217.6160
BSFC [g/kWh]                   276.4719       276.4697       276.4763       276.4695       276.4719
Indicated Eff. [-]               0.3803         0.3803         0.3803         0.3803         0.3803
Iso vol. comb. Eff [-]           0.9771         0.9771         0.9771         0.9771         0.9771
Polytropic Coeff. [-]                           1.2969         1.2969         1.2969         1.2969

Fuel Mass Balance:
------------------
Inj. Fuelmass [g]              0.149955       0.037489       0.037489       0.037489       0.037488
Asp.Trap. Fuelmass [g]         0.000006       0.000001       0.000001       0.000001       0.000001
Fuelmassfl.(A+I) [g/s]         9.372532       2.343147       2.343168       2.343133       2.343084
Fuelmass tot.trap. [g]         0.149961       0.037490       0.037491       0.037490       0.037489
Trapped Fuelm.fl.[g/s]         9.372532       2.343147       2.343168       2.343133       2.343084
Trapp. Eff. Fuel [-]             1.0000         1.0000         1.0000         1.0000         1.0000

Energy Balance Cylinder:
------------------------
Fuel Energy [kJ]                6.52460        1.63118        1.63117        1.63114        1.63111
Released Energy [kJ]            6.32554        1.58141        1.58140        1.58138        1.58135
-> Brake Power     [%]           30.870         30.869         30.869         30.870         30.870
-> Loss: Friction  [%]            8.349          8.349          8.349          8.349          8.349
-> Loss: Piston    [%]            4.096          4.096          4.096          4.096          4.096
-> Loss: Head      [%]            4.718          4.718          4.718          4.718          4.718
-> Loss: Liner     [%]            4.491          4.491          4.491          4.491          4.491
-> Loss: Int. Port [%]           -0.024         -0.024         -0.024         -0.024         -0.024
-> Loss: Exh. Port [%]            0.316          0.316          0.316          0.316          0.316
-> Loss: Exh. Gas  [%]           47.796         47.796         47.796         47.796         47.796
Eff. Rel. Energy [kJ]           6.29590        1.57400        1.57398        1.57398        1.57394
Gross Rel. Energy [kJ]          6.32554        1.58141        1.58140        1.58138        1.58135
Eff.Gross Rel.Ener.[kJ]         6.29590        1.57400        1.57398        1.57398        1.57394
Energy Balance [-]               0.9979         0.9979         0.9979         0.9979         0.9979
Eff. Energy Balance [-]          0.9932         0.9932         0.9932         0.9932         0.9932

Blowby:
-------
Blowbymass [g]                 0.000000       0.000000       0.000000       0.000000       0.000000
Blowbymassfl. [g/s]            0.000000       0.000000       0.000000       0.000000       0.000000
Blowby Heat Flow [kJ]          0.000000       0.000000       0.000000       0.000000       0.000000

Reference Values at Start of High Pressure:
-------------------------------------------
Pressure at SHP[bar]             1.5942         1.5942         1.5942         1.5942         1.5941
Temperature [K]                  423.11         423.11         423.12         423.11         423.11
Air Massfl.  [g/s]           136.076884      34.020400      34.018770      34.019027      34.018687
Fuel Massfl. [g/s]             9.372532       2.343147       2.343168       2.343133       2.343084
Trapp. Eff. Air [-]              0.9987         0.9987         0.9987         0.9987         0.9987
Trapp. Eff.Fuel [-]              1.0000         1.0000         1.0000         1.0000         1.0000
A/F-Ratio (Cmb.) [-]              14.66          14.66          14.66          14.66          14.66
Excess Air Ratio [-]             1.0110         1.0111         1.0110         1.0111         1.0110

Reference Values at Start Of Combustion:
----------------------------------------
Pressure [bar]                  15.7345        15.7344        15.7353        15.7350        15.7332
Temperature [K]                  725.45         725.44         725.46         725.45         725.44

Residual Gas:
-------------
Res.gas content [-]              0.0223         0.0223         0.0223         0.0223         0.0223
External EGR [-]                 0.0000         0.0000         0.0000         0.0000         0.0000
Internal EGR [-]                 0.0223         0.0223         0.0223         0.0223         0.0223
Com.Prod.Mass. at EO [g]       2.372045       0.593014       0.593006       0.593021       0.593004
Res.gas mass at SHP [g]        0.050177       0.012540       0.012548       0.012542       0.012547
Res.gas aspirated IN [g]       0.000000       0.000000       0.000000       0.000000       0.000000
Res.gas from intake [g]        0.000000       0.000000       0.000000       0.000000       0.000000
Rel. to Total [-]                0.0000         0.0000         0.0000         0.0000         0.0000
Res.gas flow EX [g]            2.321887       0.580477       0.580471       0.580479       0.580461
Res.gas from exhaust [g]       0.000176       0.000044       0.000044       0.000044       0.000044
Rel. to Total [-]                0.0035         0.0035         0.0035         0.0035         0.0035

Gas Exchange:
-------------
Volumetric Eff. [-]              0.9310         0.9310         0.9309         0.9310         0.9309
Rel. to Ave. [-]                                1.0000         1.0000         1.0000         1.0000
Total Mass at SHP[g]             2.2514         0.5629         0.5628         0.5629         0.5628
Mass Delivered [g]              2.17723        0.54433        0.54430        0.54430        0.54430
Mass Delivered [g/s]          136.07688       34.02040       34.01877       34.01903       34.01869
Delivery Ratio [-]               0.9322         0.9322         0.9322         0.9322         0.9322
Rel. to Ave. [-]                                1.0000         1.0000         1.0000         1.0000
Av.Airmass at SHP[g]             2.1744         0.5436         0.5436         0.5436         0.5436
Air Delivered [g]               2.17723        0.54433        0.54430        0.54430        0.54430
Air Delivered [g/s]           136.07688       34.02040       34.01877       34.01903       34.01869
Airdeliveryratio [-]             0.9322         0.9322         0.9322         0.9322         0.9322
Rel. to Ave. [-]                                1.0000         1.0000         1.0000         1.0000
Airmass Trapped [g]             2.17432        0.54360        0.54357        0.54359        0.54357
Airmass Trapped [g/s]         135.89528       33.97469       33.97309       33.97442       33.97308
Trapp. Eff. Air [-]              0.9987         0.9987         0.9987         0.9987         0.9987
Rel. to Ave. [-]                                1.0000         1.0000         1.0000         1.0000
Airpurity [-]                    0.9658         0.9658         0.9658         0.9658         0.9658
Dyn. Swirl [-]                   0.0000         0.0000         0.0000         0.0000         0.0000
Dyn. Tumble [-]                  0.0000         0.0000         0.0000         0.0000         0.0000

Wall Heatlosses:
----------------
Piston [kJ]                     -0.2591        -0.0648        -0.0648        -0.0648        -0.0648
Piston Temperature [K]                          570.00         570.00         570.00         570.00
Cylinderhead [kJ]              -0.29843       -0.07461       -0.07461       -0.07461       -0.07461
Head Temperature [K]                            685.00         685.00         685.00         685.00
Cylinderliner [kJ]             -0.28410       -0.07102       -0.07103       -0.07102       -0.07102
LinerTDC Temperature [K]                        463.00         463.00         463.00         463.00
LinerBDC Temperature [K]                        457.00         457.00         457.00         457.00
Sum of Wallheat [kJ]           -0.84160       -0.21040       -0.21040       -0.21040       -0.21040
Wall Heatlosses in High Pressure Phase:
Piston HP [kJ]                 -0.22336       -0.05584       -0.05584       -0.05584       -0.05584
Cylinderhead HP [kJ]           -0.26664       -0.06666       -0.06666       -0.06666       -0.06666
Cylinderliner HP [kJ]          -0.13070       -0.03268       -0.03268       -0.03268       -0.03268
Sum of Wallheat HP [kJ]        -0.62071       -0.15518       -0.15518       -0.15518       -0.15517
Wall Heatlosses Related to Heatinput:
Piston [-]                      -0.0397        -0.0397        -0.0397        -0.0397        -0.0397
Cylinderhead [-]                -0.0457        -0.0457        -0.0457        -0.0457        -0.0457
Cylinderliner [-]               -0.0436        -0.0436        -0.0436        -0.0436        -0.0436
Sum of Wallheat [-]             -0.1290        -0.1290        -0.1290        -0.1290        -0.1290
M. Eff. HTC [W/m2/K]             689.08         689.09         689.08         689.09         689.07
M. Eff. Temp. [K]               1576.69        1576.70        1576.71        1576.69        1576.69

Reference Values at EO:
-----------------------
Pressure [bar]                     6.09           6.09           6.09           6.09           6.09
Temperature [K]                 1746.87        1746.88        1746.88        1746.85        1746.85
A/F-Ratio [-]                     14.51          14.51          14.51          14.51          14.51
Com.Prod.Conc. [-]              0.99899        0.99899        0.99899        0.99899        0.99899
Fuel Concentr. [-]             0.000113       0.000113       0.000113       0.000113       0.000113

Average Values of Pipeattachements:
-----------------------------------
 Attached Pipe                                       1              3              5              7
Vlv/Prt.Op.Clr.0mm[deg]                         340.00         340.00         340.00         340.00
Vlv/Prt.Op.Eff.0mm[deg]                         340.00         340.00         340.00         340.00
Vlv/Prt.Op.Eff.1mm[deg]                         362.50         362.50         362.50         362.50
Vlv/Prt.Op.Udef.mm[deg]                         340.00         340.00         340.00         340.00
Vlv/Prt.Cl.Clr.0mm[deg]                         610.00         610.00         610.00         610.00
Vlv/Prt.Cl.Eff.0mm[deg]                         610.00         610.00         610.00         610.00
Vlv/Prt.Cl.Eff.1mm[deg]                         577.53         577.53         577.53         577.53
Vlv/Prt.Cl.Udef.mm[deg]                         610.00         610.00         610.00         610.00
Cam Phasing [deg]                                 0.00           0.00           0.00           0.00
Massflow [g/cycle]                            0.544326       0.544300       0.544304       0.544299
Wallheat [kJ/cycle]                           0.000380       0.000380       0.000380       0.000380
rel.to Heatinp.[-]                              0.0002         0.0002         0.0002         0.0002
 Attached Pipe                                       2              4              6              8
Vlv/Prt.Op.Clr.0mm[deg]                         130.00         130.00         130.00         130.00
Vlv/Prt.Op.Eff.0mm[deg]                         130.00         130.00         130.00         130.00
Vlv/Prt.Op.Eff.1mm[deg]                         150.84         150.84         150.84         150.84
Vlv/Prt.Op.Udef.mm[deg]                         130.00         130.00         130.00         130.00
Vlv/Prt.Cl.Clr.0mm[deg]                         390.00         390.00         390.00         390.00
Vlv/Prt.Cl.Eff.0mm[deg]                         390.00         390.00         390.00         390.00
Vlv/Prt.Cl.Eff.1mm[deg]                         356.00         356.00         356.00         356.00
Vlv/Prt.Cl.Udef.mm[deg]                         390.00         390.00         390.00         390.00
Cam Phasing [deg]                                 0.00           0.00           0.00           0.00
Massflow [g/cycle]                            0.581805       0.581799       0.581806       0.581788
Wallheat [kJ/cycle]                          -0.004995      -0.004995      -0.004995      -0.004995
rel.to Heatinp.[-]                             -0.0031        -0.0031        -0.0031        -0.0031

FLOWRESTRICTIONS: Average Values
--------------------------------
 Flr. Att.Pi.  Massflow  Att.Pi.  Massflow
  nr.  number [g/cycle]   number [g/cycle]
    1       2    0.5818       11    0.5819
    2       1    0.5443       17    0.5443
    3       4    0.5818        9    0.5819
    4       3    0.5443       18    0.5443
    5       6    0.5818       10    0.5819
    6       5    0.5443       19    0.5443
    7       8    0.5818       12    0.5818
    8       7    0.5443       20    0.5443

JUNCTIONS: Average Values
-------------------------
Junction   1: Attached pipe   9:     -0.5819 g/cycle
              Attached pipe  10:     -0.5819 g/cycle
              Attached pipe  14:     -1.1635 g/cycle
Junction   2: Attached pipe  11:     -0.5819 g/cycle
              Attached pipe  12:     -0.5819 g/cycle
              Attached pipe  13:     -1.1635 g/cycle
Junction   3: Attached pipe  13:     -1.1635 g/cycle
              Attached pipe  14:     -1.1635 g/cycle
              Attached pipe  15:     -2.3273 g/cycle

OVERALL ENGINE PERFORMANCE:
===========================

Indicated Torque          :    197.41 Nm                    Indicated Specific Torque :     98.79 Nm/l
Indicated Power           :    155.05 kW,       210.81 PS   Indicated Specific Power  :     77.59 kW/l,     105.50 PS/l
Friction Torque           :     42.03 Nm                    Friction Power            :     33.01 kW
Effective Torque          :    155.39 Nm                    Effective Specific Torque :     77.76 Nm/l
Effective Power           :    122.04 kW,       165.93 PS   Effective Specific Power  :     61.07 kW/l,      83.04 PS/l

Required time for reading the inputfile and initialisation:       0.07 min
Required time for the calculation: .........................      0.09 min
Required time for writing the outputfile: ..................      0.00 min
Required total time: .......................................      0.16 min
Required total CPU-time: ...................................      4.22 sec
