 --------------------------------
 AVL - B O O S T
 Version:        v2022.1.0.0.0
 Build:          Apr 27 2022 22:44:48
 Git Build Hash: 7670062eda46b95e13935a621f250d93513addf7
 System:         x86_64-unknown-winnt_i19v19
 --------------------------------

LICENSE
-------
 sys_1DCFD_solver 2022.0@ License will expire in 218 days

PROJECT
-------
 Preprocessor Version :  2022.1
 Calculation date     : 14.10.2025
 File     : single500_GDi.bst
 Case Set : "Case Set 1"
 Case     : "2_5k"
 
 Project ID: "4-Cylinder"
 Run ID:     "WOT"
 Model date: "7.3.2000"

ELEMENTS
--------
 Element Name        Number

 PIPE                  23
 SYSTEMBOUNDARY         2
 CYLINDER               4
 RESTRICTION            8
 MEASURINGPOINT         8
 JUNCTION               7
 ENGINE                 1
 PIPE_END              46
 ALL_PIPES             23
 ALL_BOUNDARIES         2
 RESTRICTIONS           8
 ALL_PIDS               1
 PIPE_VAR_WALL_TEMP    23

GLOBAL DATA
-----------
  Engine Speed :         2500.0  rpm
  Calculationmode:        BOOST  Single
  Cycle Duration:        720.00  degrees
  Max. calc. period:   14400.00  degrees
  Cycles calculated:         20  cycles
  Calc. time steps:     0.64190  degrees (max)
                        0.49149  degrees
                        0.03277  ms
  Traces results step:  5.00000  degrees
  User concentrations:        0
  Ref. pressure:      100000.00  Pa
  Ref. temperature:     298.000  K
  Gas properties:      Variable
  Gasproperties File:     GASOLINE.BGP
     bgp_build_version:   v2013.0.0.0.0
     bgp_build_host:      boosthost
     bgp_build_user:      boost
     bgp_build_date:      2012.03.23
     bgp_build_time:      08:00:00
  Lower calorific:  0.43500E+08  J/kg
  Stoic. A/F-ratio:      14.500

  Warnings:                   0
  Convergence errors:       252

PIPES
-----

 Total number of pipe cells:     88

 Pipe   Cells   Cell size       W.Heat     Wall T    Fric. coeff.   Lam. Fric. Coeff.  Heat Factor       Volume
  nr.                [mm]         [kJ]        [K]             [-]                 [-]          [-]        [dm3]
    1       2        40.0        0.000     340.00        0.040000           64.000000     1.000000     0.070513
    2       2        30.0       -0.005     850.00        0.040000           64.000000     1.000000     0.048255
    3       2        40.0        0.000     340.00        0.040000           64.000000     1.000000     0.070513
    4       2        30.0       -0.005     850.00        0.040000           64.000000     1.000000     0.048255
    5       2        40.0        0.000     340.00        0.040000           64.000000     1.000000     0.070513
    6       2        30.0       -0.005     850.00        0.040000           64.000000     1.000000     0.048255
    7       2        40.0        0.000     340.00        0.040000           64.000000     1.000000     0.070513
    8       2        30.0       -0.005     850.00        0.040000           64.000000     1.000000     0.048255
    9       9        29.2        0.001     300.00        0.019000           64.000000     1.000000     1.192182
   10       4        35.0        0.000     300.00        0.019000           64.000000     1.000000     0.158776
   11       2        40.0        0.000     300.00        0.019000           64.000000     1.000000     0.090729
   12       4        35.0        0.000     300.00        0.019000           64.000000     1.000000     0.158776
   13       4        35.0        0.000     300.00        0.019000           64.000000     1.000000     0.158776
   14       2        40.0        0.000     300.00        0.019000           64.000000     1.000000     0.090729
   15       2        40.0        0.000     300.00        0.019000           64.000000     1.000000     0.090729
   16       4        35.0        0.000     300.00        0.019000           64.000000     1.000000     0.158776
   17       6        33.3       -0.064     300.00        0.019000           64.000000     1.000000     0.251327
   18       6        33.3       -0.064     300.00        0.019000           64.000000     1.000000     0.251327
   19       6        33.3       -0.064     300.00        0.019000           64.000000     1.000000     0.251327
   20       6        33.3       -0.065     300.00        0.019000           64.000000     1.000000     0.251327
   21       5        30.0       -0.094     300.00        0.019000           64.000000     1.000000     0.188496
   22       5        30.0       -0.093     300.00        0.019000           64.000000     1.000000     0.188496
   23       7        30.3       -0.195     300.00        0.019000           64.000000     1.000000     0.266407


MEASURINGPOINTS: Average Values
-------------------------------
 Mp. Pipe Location   Diameter  Pressure  Temp. Ms.Temp.  Velo.   Massflow   Massflow To.Ent.f.  To.Ent.f.  Mach. Wtemp.  Converg.
 nr.  nr.     [mm]       [mm]     [bar]    [K]      [K]  [m/s]      [g/s]  [g/cycle]    [kJ/s]  [kJ/cyc.]    [-]    [K]       [-]
  1   1    10.0000    33.5000    0.9965  311.9    292.8    9.8     9.8022     0.4705    -0.036    -0.0017   0.03  340.0 0.823E-07
  2  19    10.0000    40.0000    1.0458 1013.6   1257.7   26.2    10.4897     0.5035    12.343     0.5925   0.04  300.0 0.121E-04
  3   3    10.0000    33.5000    0.9870  313.0    292.2   10.3     9.9740     0.4788    -0.034    -0.0016   0.03  340.0 0.470E-06
  4  17    10.0000    40.0000    1.0457 1014.5   1260.2   26.7    10.6753     0.5124    12.609     0.6052   0.04  300.0 0.156E-05
  5   5    10.0000    33.5000    0.9886  326.0    292.7   10.2     9.8390     0.4723    -0.033    -0.0016   0.03  340.0 0.993E-06
  6  18    10.0000    40.0000    1.0457 1013.0   1258.3   26.3    10.5309     0.5055    12.405     0.5955   0.04  300.0 0.280E-05
  7   7    10.0000    33.5000    0.9905  319.7    291.1   10.9    10.2689     0.4929    -0.043    -0.0020   0.03  340.0 0.425E-05
  8  20    10.0000    40.0000    1.0458 1010.8   1261.5   27.3    10.9966     0.5278    13.025     0.6252   0.04  300.0 0.629E-05

SYSTEMBOUNDARIES
Attachments
-----------
 Type                 Nr.   Pipe       Mass flow
                             Nr.       [g/cycle]
 SYSTEMBOUNDARY        1      9          1.9156
 SYSTEMBOUNDARY        2     23          2.0485

CYLINDERS: Average Values
-------------------------
                               Total
                              Engine         Cyl.   1       Cyl.   2       Cyl.   3       Cyl.   4
Firing TDC [deg]                                  0.00         540.00         180.00         360.00
Bore [mm]                                        86.00          86.00          86.00          86.00
Stroke [mm]                                      86.00          86.00          86.00          86.00
Conrodl. [mm]                                   143.50         143.50         143.50         143.50
Piston pin offset [mm]                            0.00           0.00           0.00           0.00
Swept Vol. [l]                   1.9982         0.4996         0.4996         0.4996         0.4996
Compression ratio [-]                            10.50          10.50          10.50          10.50
Dyn. Comp. ratio [-]                              8.01           7.99           8.01           7.98

Combustion Data:
----------------
Combustion Char.                               2Z-Vibe        2Z-Vibe        2Z-Vibe        2Z-Vibe     
Comb.start [deg]                                 -3.00          -3.00          -3.00          -3.00
Comb.dur.1 [deg]                                 50.00          50.00          50.00          50.00
Peak Fir.Pres. [bar]              45.82          44.97          45.76          45.32          47.22
at Crankangle [deg]               20.63          20.59          20.73          20.42          20.79
Peak Pres.Rise[bar/deg]            1.72           1.69           1.72           1.69           1.77
at Crankangle [deg]                8.61           8.29           8.55           8.82           8.77
Peak Fir. Temp. [K]             2463.13        2458.66        2464.97        2459.68        2469.23
at Crankangle [deg]               31.23          31.32          31.32          31.20          31.07
Peak T_burned [K]               2637.03        2632.66        2638.78        2633.60        2643.09
at Crankangle [deg]               16.54          16.71          16.46          16.53          16.46
Res. Gascompr. [bar]               1.30           1.30           1.30           1.31           1.31
at Crankangle [deg]              357.24         357.35         357.45         356.90         357.27
Evaporation Energy [kJ]         -0.0389        -0.0095        -0.0097        -0.0096        -0.0100
Required O.N. [-]                 87.43          83.88          85.25          85.51          87.43
Knock Intensity [-]               -1.00           0.00           0.00           0.00           0.00

Emissions (Classic Species Transport):
--------------------------------------
NOx: Calculated based on MTZ 34 1973 (12).
CO:  Calculated based on SAE 2002-01-0006.
HC:  Calculated based on SAE 2002-01-0006.
NOX   [g/kWh]                  6.490428       6.242975       6.561276       6.342946       6.799014
NOX   [g/h]                  268.791080      63.669968      67.940673      64.630883      72.549556
NOX   [ppm]                     1693.58        1632.75        1711.89        1650.93        1774.65
CO    [g/kWh]                  0.456066       0.447207       0.459898       0.451604       0.465075
CO    [g/h]                   18.887260       4.560909       4.762147       4.601574       4.962631
CO    [ppm]                      127.48         125.29         128.54         125.92         130.04
HC    [g/kWh]                  0.654603       0.664379       0.652996       0.664910       0.636977
HC    [g/h]                   27.109387       6.775771       6.761643       6.775044       6.796929
HC    [ppm]                      122.03         124.14         121.72         123.64         118.78

Performance:
------------
IMEP [bar]                      11.0195        10.8708        11.0208        10.8619        11.3243
Rel. to Ave. [-]                                0.9865         1.0001         0.9857         1.0277
IMEP Exh. [bar]                 -1.0381        -1.0377        -1.0379        -1.0381        -1.0385
IMEP Int. [bar]                  0.9379         0.9650         0.9377         0.9335         0.9152
IMEP Gasex. [bar]               -0.1002        -0.0727        -0.1002        -0.1046        -0.1232
IMEP HP [bar]                   11.1197        10.9436        11.1211        10.9666        11.4475
FMEP [bar]                       1.0714         1.0714         1.0714         1.0714         1.0714
BMEP [bar]                       9.9480         9.7994         9.9494         9.7905        10.2529
AMEP;SMEP [bar]                  0.0000         0.0000         0.0000         0.0000         0.0000
ISFC [g/kWh]                   216.1244       215.3149       216.1443       216.3411       216.6743
Rel. to Ave. [-]                                0.9963         1.0001         1.0010         1.0025
ISFC (tr.f.) [g/kWh]           216.1244       215.3149       216.1443       216.3411       216.6743
BSFC [g/kWh]                   239.4015       238.8566       239.4203       240.0165       239.3169
Indicated Eff. [-]               0.3829         0.3844         0.3829         0.3825         0.3819
Iso vol. comb. Eff [-]           0.9161         0.9161         0.9161         0.9161         0.9160
Polytropic Coeff. [-]                           1.2847         1.2836         1.2831         1.2825

Fuel Mass Balance:
------------------
Inj. Fuelmass [g]              0.132184       0.032479       0.033054       0.032607       0.034045
Asp.Trap. Fuelmass [g]         0.000009       0.000002       0.000001       0.000002       0.000004
Fuelmassfl.(A+I) [g/s]         2.754013       0.676671       0.688652       0.679341       0.709348
Fuelmass tot.trap. [g]         0.132193       0.032480       0.033055       0.032608       0.034049
Trapped Fuelm.fl.[g/s]         2.754013       0.676671       0.688652       0.679341       0.709348
Trapp. Eff. Fuel [-]             1.0000         1.0000         1.0000         1.0000         1.0000

Energy Balance Cylinder:
------------------------
Fuel Energy [kJ]                5.75101        1.41303        1.43809        1.41863        1.48126
Released Energy [kJ]            5.57426        1.36958        1.39380        1.37498        1.43590
-> Brake Power     [%]           35.661         35.743         35.660         35.571         35.670
-> Loss: Friction  [%]            3.841          3.908          3.840          3.893          3.728
-> Loss: Piston    [%]            4.402          4.395          4.396          4.427          4.392
-> Loss: Head      [%]            5.577          5.565          5.569          5.608          5.564
-> Loss: Liner     [%]            5.411          5.399          5.399          5.451          5.395
-> Loss: Int. Port [%]            0.041          0.042          0.036          0.049          0.036
-> Loss: Exh. Port [%]            0.525          0.528          0.524          0.528          0.517
-> Loss: Exh. Gas  [%]           44.951         44.827         44.979         44.870         45.120
Eff. Rel. Energy [kJ]           5.56807        1.36808        1.39227        1.37344        1.43428
Gross Rel. Energy [kJ]          5.57426        1.36958        1.39380        1.37498        1.43590
Eff.Gross Rel.Ener.[kJ]         5.56807        1.36808        1.39227        1.37344        1.43428
Energy Balance [-]               0.9988         0.9988         0.9988         0.9988         0.9989
Eff. Energy Balance [-]          0.9977         0.9977         0.9977         0.9977         0.9978

Blowby:
-------
Blowbymass [g]                 0.000000       0.000000       0.000000       0.000000       0.000000
Blowbymassfl. [g/s]            0.000000       0.000000       0.000000       0.000000       0.000000
Blowby Heat Flow [kJ]          0.000000       0.000000       0.000000       0.000000       0.000000

Reference Values at Start of High Pressure:
-------------------------------------------
Pressure at SHP[bar]             1.3940         1.3530         1.3901         1.3848         1.4481
Temperature [K]                  397.51         393.01         396.68         399.46         400.89
Air Massfl.  [g/s]            39.930824       9.811657       9.984777       9.849816      10.284573
Fuel Massfl. [g/s]             2.754013       0.676671       0.688652       0.679341       0.709348
Trapp. Eff. Air [-]              1.0000         1.0000         1.0000         1.0000         1.0000
Trapp. Eff.Fuel [-]              1.0000         1.0000         1.0000         1.0000         1.0000
A/F-Ratio (Cmb.) [-]              14.53          14.53          14.53          14.53          14.53
Excess Air Ratio [-]             1.0020         1.0021         1.0020         1.0020         1.0020

Reference Values at Start Of Combustion:
----------------------------------------
Pressure [bar]                  21.0143        20.5199        20.9429        20.8952        21.6991
Temperature [K]                  743.35         737.47         741.86         746.60         747.48

Residual Gas:
-------------
Res.gas content [-]              0.0685         0.0692         0.0666         0.0719         0.0662
External EGR [-]                 0.0000        -0.0000        -0.0000        -0.0000         0.0001
Internal EGR [-]                 0.0685         0.0693         0.0666         0.0719         0.0662
Com.Prod.Mass. at EO [g]       2.189522       0.538416       0.546440       0.541963       0.562703
Res.gas mass at SHP [g]        0.142625       0.035476       0.034633       0.037069       0.035448
Res.gas aspirated IN [g]       0.000004      -0.000011      -0.000013      -0.000002       0.000031
Res.gas from intake [g]        0.052085       0.013793       0.011841       0.014505       0.011946
Rel. to Total [-]                0.3652         0.3888         0.3419         0.3913         0.3370
Res.gas flow EX [g]            2.046947       0.502943       0.511813       0.504903       0.527288
Res.gas from exhaust [g]       0.046484       0.011398       0.010658       0.012927       0.011501
Rel. to Total [-]                0.3259         0.3213         0.3077         0.3487         0.3245

Gas Exchange:
-------------
Volumetric Eff. [-]              0.8206         0.8066         0.8208         0.8097         0.8455
Rel. to Ave. [-]                                0.9829         1.0002         0.9867         1.0302
Total Mass at SHP[g]             2.0832         0.5123         0.5199         0.5157         0.5353
Mass Delivered [g]              1.91656        0.47092        0.47923        0.47275        0.49367
Mass Delivered [g/s]           39.92823        9.81076        9.98386        9.84891       10.28470
Delivery Ratio [-]               0.8206         0.8065         0.8207         0.8096         0.8455
Rel. to Ave. [-]                                0.9828         1.0002         0.9867         1.0303
Av.Airmass at SHP[g]             1.9167         0.4710         0.4793         0.4728         0.4937
Air Delivered [g]               1.91668        0.47096        0.47927        0.47279        0.49366
Air Delivered [g/s]            39.93082        9.81166        9.98478        9.84982       10.28457
Airdeliveryratio [-]             0.8206         0.8066         0.8208         0.8097         0.8455
Rel. to Ave. [-]                                0.9829         1.0002         0.9867         1.0302
Airmass Trapped [g]             1.91668        0.47096        0.47927        0.47279        0.49366
Airmass Trapped [g/s]          39.93082        9.81166        9.98478        9.84982       10.28457
Trapp. Eff. Air [-]              1.0000         1.0000         1.0000         1.0000         1.0000
Rel. to Ave. [-]                                1.0000         1.0000         1.0000         1.0000
Airpurity [-]                    0.9201         0.9193         0.9219         0.9167         0.9222
Dyn. Swirl [-]                   0.0000         0.0000         0.0000         0.0000         0.0000
Dyn. Tumble [-]                  0.0000         0.0000         0.0000         0.0000         0.0000

Wall Heatlosses:
----------------
Piston [kJ]                     -0.2454        -0.0602        -0.0613        -0.0609        -0.0631
Piston Temperature [K]                          525.00         525.00         525.00         525.00
Cylinderhead [kJ]              -0.31085       -0.07622       -0.07762       -0.07711       -0.07990
Head Temperature [K]                            545.00         545.00         545.00         545.00
Cylinderliner [kJ]             -0.30161       -0.07395       -0.07525       -0.07494       -0.07747
LinerTDC Temperature [K]                        437.00         437.00         437.00         437.00
LinerBDC Temperature [K]                        432.00         432.00         432.00         432.00
Sum of Wallheat [kJ]           -0.85786       -0.21035       -0.21415       -0.21293       -0.22042
Wall Heatlosses in High Pressure Phase:
Piston HP [kJ]                 -0.21300       -0.05230       -0.05326       -0.05268       -0.05476
Cylinderhead HP [kJ]           -0.27188       -0.06675       -0.06798       -0.06724       -0.06991
Cylinderliner HP [kJ]          -0.17999       -0.04424       -0.04503       -0.04449       -0.04624
Sum of Wallheat HP [kJ]        -0.66487       -0.16328       -0.16627       -0.16442       -0.17091
Wall Heatlosses Related to Heatinput:
Piston [-]                      -0.0427        -0.0426        -0.0426        -0.0429        -0.0426
Cylinderhead [-]                -0.0541        -0.0539        -0.0540        -0.0544        -0.0539
Cylinderliner [-]               -0.0525        -0.0523        -0.0523        -0.0528        -0.0523
Sum of Wallheat [-]             -0.1492        -0.1489        -0.1489        -0.1501        -0.1488
M. Eff. HTC [W/m2/K]             279.16         276.34         278.99         277.11         284.19
M. Eff. Temp. [K]               1310.03        1303.04        1309.63        1309.78        1317.68

Reference Values at EO:
-----------------------
Pressure [bar]                     5.39           5.28           5.38           5.32           5.56
Temperature [K]                 1676.61        1672.32        1677.94        1673.21        1682.98
A/F-Ratio [-]                     14.50          14.50          14.50          14.50          14.50
Com.Prod.Conc. [-]              0.99913        0.99912        0.99908        0.99910        0.99921
Fuel Concentr. [-]             0.000057       0.000057       0.000060       0.000059       0.000051

Average Values of Pipeattachements:
-----------------------------------
 Attached Pipe                                       1              3              5              7
Vlv/Prt.Op.Clr.0mm[deg]                         340.00         340.00         340.00         340.00
Vlv/Prt.Op.Eff.0mm[deg]                         340.00         340.00         340.00         340.00
Vlv/Prt.Op.Eff.1mm[deg]                         362.50         362.50         362.50         362.50
Vlv/Prt.Op.Udef.mm[deg]                         340.00         340.00         340.00         340.00
Vlv/Prt.Cl.Clr.0mm[deg]                         610.00         610.00         610.00         610.00
Vlv/Prt.Cl.Eff.0mm[deg]                         610.00         610.00         610.00         610.00
Vlv/Prt.Cl.Eff.1mm[deg]                         577.52         577.52         577.52         577.52
Vlv/Prt.Cl.Udef.mm[deg]                         610.00         610.00         610.00         610.00
Cam Phasing [deg]                                 0.00           0.00           0.00           0.00
Massflow [g/cycle]                            0.470917       0.479225       0.472748       0.493665
Wallheat [kJ/cycle]                          -0.000581      -0.000501      -0.000674      -0.000517
rel.to Heatinp.[-]                             -0.0004        -0.0003        -0.0005        -0.0003
 Attached Pipe                                       2              4              6              8
Vlv/Prt.Op.Clr.0mm[deg]                         130.00         130.00         130.00         130.00
Vlv/Prt.Op.Eff.0mm[deg]                         130.00         130.00         130.00         130.00
Vlv/Prt.Op.Eff.1mm[deg]                         150.84         150.84         150.84         150.84
Vlv/Prt.Op.Udef.mm[deg]                         130.00         130.00         130.00         130.00
Vlv/Prt.Cl.Clr.0mm[deg]                         390.00         390.00         390.00         390.00
Vlv/Prt.Cl.Eff.0mm[deg]                         390.00         390.00         390.00         390.00
Vlv/Prt.Cl.Eff.1mm[deg]                         356.00         356.00         356.00         356.00
Vlv/Prt.Cl.Udef.mm[deg]                         390.00         390.00         390.00         390.00
Cam Phasing [deg]                                 0.00           0.00           0.00           0.00
Massflow [g/cycle]                            0.503386       0.512285       0.505360       0.527703
Wallheat [kJ/cycle]                          -0.007237      -0.007309      -0.007266      -0.007428
rel.to Heatinp.[-]                             -0.0051        -0.0051        -0.0051        -0.0050

FLOWRESTRICTIONS: Average Values
--------------------------------
 Flr. Att.Pi.  Massflow  Att.Pi.  Massflow
  nr.  number [g/cycle]   number [g/cycle]
    1       2    0.5034       19    0.5035
    2       1    0.4709       10    0.4709
    3       4    0.5123       17    0.5124
    4       3    0.4792       12    0.4791
    5       6    0.5054       18    0.5055
    6       5    0.4727       13    0.4727
    7       8    0.5277       20    0.5278
    8       7    0.4937       16    0.4936

JUNCTIONS: Average Values
-------------------------
Junction   1: Attached pipe   9:     -1.9156 g/cycle
              Attached pipe  10:     -0.4709 g/cycle
              Attached pipe  11:     -1.4443 g/cycle
Junction   2: Attached pipe  11:     -1.4443 g/cycle
              Attached pipe  12:     -0.4791 g/cycle
              Attached pipe  14:     -0.9652 g/cycle
Junction   3: Attached pipe  13:     -0.4727 g/cycle
              Attached pipe  14:     -0.9652 g/cycle
              Attached pipe  15:     -0.4924 g/cycle
Junction   4: Attached pipe  15:     -0.4924 g/cycle
              Attached pipe  16:     -0.4936 g/cycle
Junction   5: Attached pipe  17:     -0.5124 g/cycle
              Attached pipe  18:     -0.5055 g/cycle
              Attached pipe  22:     -1.0179 g/cycle
Junction   6: Attached pipe  19:     -0.5035 g/cycle
              Attached pipe  20:     -0.5278 g/cycle
              Attached pipe  21:     -1.0313 g/cycle
Junction   7: Attached pipe  21:     -1.0313 g/cycle
              Attached pipe  22:     -1.0179 g/cycle
              Attached pipe  23:     -2.0484 g/cycle

OVERALL ENGINE PERFORMANCE:
===========================

Indicated Torque          :    175.22 Nm                    Indicated Specific Torque :     87.69 Nm/l
Indicated Power           :     45.87 kW,        62.37 PS   Indicated Specific Power  :     22.96 kW/l,      31.21 PS/l
Friction Torque           :     17.04 Nm                    Friction Power            :      4.46 kW
Effective Torque          :    158.19 Nm                    Effective Specific Torque :     79.16 Nm/l
Effective Power           :     41.41 kW,        56.31 PS   Effective Specific Power  :     20.73 kW/l,      28.18 PS/l

Required time for reading the inputfile and initialisation:       0.08 min
Required time for the calculation: .........................      0.55 min
Required time for writing the outputfile: ..................      0.00 min
Required total time: .......................................      0.63 min
Required total CPU-time: ...................................     18.31 sec
