 --------------------------------
 AVL - B O O S T
 Version:        v2022.1.0.0.0
 Build:          Apr 27 2022 22:44:48
 Git Build Hash: 7670062eda46b95e13935a621f250d93513addf7
 System:         x86_64-unknown-winnt_i19v19
 --------------------------------

LICENSE
-------
 sys_1DCFD_solver 2022.0@ License will expire in 217 days

PROJECT
-------
 Preprocessor Version :  2022.1
 Calculation date     : 15.10.2025
 File     : single500_GDi.bst
 Case Set : "Case Set 1"
 Case     : "2k"
 
 Project ID: "4-Cylinder"
 Run ID:     "WOT"
 Model date: "7.3.2000"

ELEMENTS
--------
 Element Name        Number

 PIPE                  24
 SYSTEMBOUNDARY         2
 CYLINDER               4
 RESTRICTION            8
 MEASURINGPOINT         8
 JUNCTION               8
 ENGINE                 1
 PIPE_END              48
 ALL_PIPES             24
 ALL_BOUNDARIES         2
 RESTRICTIONS           8
 ALL_PIDS               1
 PIPE_VAR_WALL_TEMP    24

GLOBAL DATA
-----------
  Engine Speed :         2000.0  rpm
  Calculationmode:        BOOST  Single
  Cycle Duration:        720.00  degrees
  Max. calc. period:   14400.00  degrees
  Cycles calculated:         20  cycles
  Calc. time steps:     0.51352  degrees (max)
                        0.40657  degrees
                        0.03388  ms
  Traces results step:  5.00000  degrees
  User concentrations:        0
  Ref. pressure:      100000.00  Pa
  Ref. temperature:     298.000  K
  Gas properties:      Variable
  Gasproperties File:     GASOLINE.BGP
     bgp_build_version:   v2013.0.0.0.0
     bgp_build_host:      boosthost
     bgp_build_user:      boost
     bgp_build_date:      2012.03.23
     bgp_build_time:      08:00:00
  Lower calorific:  0.43500E+08  J/kg
  Stoic. A/F-ratio:      14.500

  Warnings:                   0
  Convergence errors:       789

PIPES
-----

 Total number of pipe cells:    122

 Pipe   Cells   Cell size       W.Heat     Wall T    Fric. coeff.   Lam. Fric. Coeff.  Heat Factor       Volume
  nr.                [mm]         [kJ]        [K]             [-]                 [-]          [-]        [dm3]
    1       2        40.0        0.000     340.00        0.040000           64.000000     1.000000     0.070513
    2       2        30.0       -0.005     850.00        0.040000           64.000000     1.000000     0.048255
    3       2        40.0        0.000     340.00        0.040000           64.000000     1.000000     0.070513
    4       2        30.0       -0.005     850.00        0.040000           64.000000     1.000000     0.048255
    5       2        40.0        0.000     340.00        0.040000           64.000000     1.000000     0.070513
    6       2        30.0       -0.005     850.00        0.040000           64.000000     1.000000     0.048255
    7       2        40.0        0.000     340.00        0.040000           64.000000     1.000000     0.070513
    8       2        30.0       -0.005     850.00        0.040000           64.000000     1.000000     0.048255
    9       8        30.0        0.000     300.00        0.019000           64.000000     1.000000     0.244290
   10       3        36.7        0.000     300.00        0.019000           64.000000     1.000000     0.111966
   11       8        30.0        0.000     300.00        0.019000           64.000000     1.000000     0.244290
   12       8        30.0        0.000     300.00        0.019000           64.000000     1.000000     0.244290
   13       3        36.7        0.000     300.00        0.019000           64.000000     1.000000     0.111966
   14       3        36.7        0.000     300.00        0.019000           64.000000     1.000000     0.111966
   15       8        30.0        0.000     300.00        0.019000           64.000000     1.000000     0.244290
   16       7        31.4       -0.083     300.00        0.019000           64.000000     1.000000     0.249505
   17       7        31.4       -0.085     300.00        0.019000           64.000000     1.000000     0.249505
   18       7        31.4       -0.080     300.00        0.019000           64.000000     1.000000     0.249505
   19       7        31.4       -0.083     300.00        0.019000           64.000000     1.000000     0.249505
   20       8        31.2       -0.175     300.00        0.019000           64.000000     1.000000     0.314159
   21       8        31.2       -0.180     300.00        0.019000           64.000000     1.000000     0.314159
   22      10        31.3       -0.309     300.00        0.019000           64.000000     1.000000     0.433089
   23       8        30.7        0.002     300.00        0.019000           64.000000     1.000000     0.250194
   24       3        36.7        0.001     300.00        0.019000           64.000000     1.000000     0.111966


MEASURINGPOINTS: Average Values
-------------------------------
 Mp. Pipe Location   Diameter  Pressure  Temp. Ms.Temp.  Velo.   Massflow   Massflow To.Ent.f.  To.Ent.f.  Mach. Wtemp.  Converg.
 nr.  nr.     [mm]       [mm]     [bar]    [K]      [K]  [m/s]      [g/s]  [g/cycle]    [kJ/s]  [kJ/cyc.]    [-]    [K]       [-]
  1   1    10.0000    33.5000    0.9897  316.7    294.8    8.1     8.0613     0.4837    -0.029    -0.0018   0.02  340.0 0.140E-06
  2  18    10.0000    38.0000    1.0408  970.7   1236.6   23.9     8.6309     0.5179     9.951     0.5971   0.04  300.0 0.232E-05
  3   3    10.0000    33.5000    0.9889  309.1    295.8    8.8     8.7362     0.5242    -0.022    -0.0013   0.03  340.0 0.360E-06
  4  16    10.0000    38.0000    1.0408  966.4   1242.1   25.5     9.3465     0.5608    10.882     0.6529   0.04  300.0 0.774E-06
  5   5    10.0000    33.5000    0.9900  314.2    295.5    9.3     9.0197     0.5412    -0.024    -0.0015   0.03  340.0 0.473E-06
  6  17    10.0000    38.0000    1.0409  963.3   1243.9   26.2     9.6483     0.5789    11.271     0.6763   0.04  300.0 0.856E-07
  7   7    10.0000    33.5000    0.9901  306.9    294.5    9.0     8.7058     0.5223    -0.029    -0.0018   0.03  340.0 0.610E-07
  8  19    10.0000    38.0000    1.0410  967.1   1242.2   25.5     9.3211     0.5593    10.855     0.6513   0.04  300.0 0.116E-05

SYSTEMBOUNDARIES
Attachments
-----------
 Type                 Nr.   Pipe       Mass flow
                             Nr.       [g/cycle]
 SYSTEMBOUNDARY        1     23          2.0702
 SYSTEMBOUNDARY        2     22          2.2156

CYLINDERS: Average Values
-------------------------
                               Total
                              Engine         Cyl.   1       Cyl.   2       Cyl.   3       Cyl.   4
Firing TDC [deg]                                  0.00         540.00         180.00         360.00
Bore [mm]                                        86.00          86.00          86.00          86.00
Stroke [mm]                                      86.00          86.00          86.00          86.00
Conrodl. [mm]                                   143.50         143.50         143.50         143.50
Piston pin offset [mm]                            0.00           0.00           0.00           0.00
Swept Vol. [l]                   1.9982         0.4996         0.4996         0.4996         0.4996
Compression ratio [-]                            10.50          10.50          10.50          10.50
Dyn. Comp. ratio [-]                              8.00           7.99           8.00           8.01

Combustion Data:
----------------
Combustion Char.                               2Z-Vibe        2Z-Vibe        2Z-Vibe        2Z-Vibe     
Comb.start [deg]                                 -2.00          -2.00          -2.00          -2.00
Comb.dur.1 [deg]                                 50.00          50.00          50.00          50.00
Peak Fir.Pres. [bar]              48.57          45.51          49.06          50.71          48.98
at Crankangle [deg]               21.27          21.25          21.20          21.33          21.29
Peak Pres.Rise[bar/deg]            1.75           1.64           1.78           1.83           1.77
at Crankangle [deg]                9.51           9.45           9.74           9.58           9.28
Peak Fir. Temp. [K]             2446.49        2432.83        2449.00        2454.55        2449.58
at Crankangle [deg]               32.22          32.27          32.25          32.09          32.28
Peak T_burned [K]               2626.97        2613.27        2629.53        2635.05        2630.04
at Crankangle [deg]               17.22          17.03          17.36          17.39          17.12
Res. Gascompr. [bar]               1.40           1.43           1.36           1.39           1.40
at Crankangle [deg]              359.36         358.83         359.67         359.52         359.41
Evaporation Energy [kJ]         -0.0420        -0.0098        -0.0106        -0.0110        -0.0106
Required O.N. [-]                 99.67          93.45          97.08          99.67          97.45
Knock Intensity [-]               -1.00           0.00           0.00           0.00           0.00

Emissions (Classic Species Transport):
--------------------------------------
NOx: Calculated based on MTZ 34 1973 (12).
CO:  Calculated based on SAE 2002-01-0006.
HC:  Calculated based on SAE 2002-01-0006.
NOX   [g/kWh]                  6.773472       6.114944       6.861506       7.146478       6.905260
NOX   [g/h]                  243.933784      51.218041      62.660144      67.343531      62.712067
NOX   [ppm]                     1776.78        1597.15        1804.12        1878.35        1810.53
CO    [g/kWh]                  0.342138       0.331706       0.339914       0.349236       0.346631
CO    [g/h]                   12.321451       2.778332       3.104137       3.290957       3.148025
CO    [ppm]                       96.14          92.81          95.74          98.33          97.36
HC    [g/kWh]                  0.638044       0.681948       0.630335       0.612390       0.631924
HC    [g/h]                   22.977947       5.711911       5.756296       5.770748       5.738992
HC    [ppm]                      119.57         127.25         118.41         114.99         118.37

Performance:
------------
IMEP [bar]                      11.7278        10.9743        11.8826        12.2323        11.8221
Rel. to Ave. [-]                                0.9357         1.0132         1.0430         1.0080
IMEP Exh. [bar]                 -1.0373        -1.0371        -1.0366        -1.0376        -1.0377
IMEP Int. [bar]                  0.9576         0.9719         0.9684         0.9436         0.9466
IMEP Gasex. [bar]               -0.0796        -0.0652        -0.0683        -0.0940        -0.0910
IMEP HP [bar]                   11.8074        11.0395        11.9508        12.3263        11.9131
FMEP [bar]                       0.9143         0.9143         0.9143         0.9143         0.9143
BMEP [bar]                      10.8135        10.0600        10.9683        11.3180        10.9078
AMEP;SMEP [bar]                  0.0000         0.0000         0.0000         0.0000         0.0000
ISFC [g/kWh]                   219.6536       219.3408       219.3752       219.9732       219.8931
Rel. to Ave. [-]                                0.9986         0.9987         1.0015         1.0011
ISFC (tr.f.) [g/kWh]           219.6536       219.3408       219.3752       219.9732       219.8931
BSFC [g/kWh]                   238.2254       239.2753       237.6618       237.7429       238.3245
Indicated Eff. [-]               0.3768         0.3773         0.3772         0.3762         0.3764
Iso vol. comb. Eff [-]           0.9091         0.9091         0.9091         0.9090         0.9091
Polytropic Coeff. [-]                           1.2791         1.2786         1.2775         1.2782

Fuel Mass Balance:
------------------
Inj. Fuelmass [g]              0.142977       0.033400       0.036170       0.037336       0.036071
Asp.Trap. Fuelmass [g]         0.000010       0.000003       0.000003       0.000002       0.000003
Fuelmassfl.(A+I) [g/s]         2.383121       0.556706       0.602877       0.622313       0.601225
Fuelmass tot.trap. [g]         0.142987       0.033402       0.036173       0.037339       0.036074
Trapped Fuelm.fl.[g/s]         2.383121       0.556706       0.602877       0.622313       0.601225
Trapp. Eff. Fuel [-]             1.0000         1.0000         1.0000         1.0000         1.0000

Energy Balance Cylinder:
------------------------
Fuel Energy [kJ]                6.22045        1.45315        1.57364        1.62434        1.56932
Released Energy [kJ]            6.02899        1.40838        1.52514        1.57450        1.52097
-> Brake Power     [%]           35.840         35.683         35.926         35.910         35.826
-> Loss: Friction  [%]            3.030          3.243          2.995          2.901          3.003
-> Loss: Piston    [%]            4.797          4.854          4.776          4.769          4.792
-> Loss: Head      [%]            6.120          6.192          6.094          6.086          6.114
-> Loss: Liner     [%]            5.686          5.779          5.654          5.646          5.673
-> Loss: Int. Port [%]            0.058          0.073          0.053          0.053          0.056
-> Loss: Exh. Port [%]            0.544          0.563          0.541          0.533          0.542
-> Loss: Exh. Gas  [%]           44.326         44.004         44.362         44.504         44.403
Eff. Rel. Energy [kJ]           6.02330        1.40705        1.52370        1.57300        1.51955
Gross Rel. Energy [kJ]          6.02899        1.40838        1.52514        1.57450        1.52097
Eff.Gross Rel.Ener.[kJ]         6.02330        1.40705        1.52370        1.57300        1.51955
Energy Balance [-]               0.9988         0.9988         0.9988         0.9989         0.9988
Eff. Energy Balance [-]          0.9979         0.9979         0.9979         0.9980         0.9979

Blowby:
-------
Blowbymass [g]                 0.000000       0.000000       0.000000       0.000000       0.000000
Blowbymassfl. [g/s]            0.000000       0.000000       0.000000       0.000000       0.000000
Blowby Heat Flow [kJ]          0.000000       0.000000       0.000000       0.000000       0.000000

Reference Values at Start of High Pressure:
-------------------------------------------
Pressure at SHP[bar]             1.5808         1.4822         1.5918         1.6566         1.5926
Temperature [K]                  412.10         410.20         410.78         414.88         412.53
Air Massfl.  [g/s]            34.552731       8.071810       8.740849       9.023124       8.716948
Fuel Massfl. [g/s]             2.383121       0.556706       0.602877       0.622313       0.601225
Trapp. Eff. Air [-]              1.0000         1.0000         1.0000         1.0000         1.0000
Trapp. Eff.Fuel [-]              1.0000         1.0000         1.0000         1.0000         1.0000
A/F-Ratio (Cmb.) [-]              14.52          14.52          14.52          14.53          14.52
Excess Air Ratio [-]             1.0016         1.0016         1.0016         1.0018         1.0016

Reference Values at Start Of Combustion:
----------------------------------------
Pressure [bar]                  23.7324        22.3097        23.8855        24.8196        23.9148
Temperature [K]                  764.09         761.80         761.92         767.86         764.79

Residual Gas:
-------------
Res.gas content [-]              0.0782         0.0861         0.0760         0.0747         0.0765
External EGR [-]                 0.0000         0.0000         0.0000         0.0000         0.0000
Internal EGR [-]                 0.0782         0.0861         0.0760         0.0747         0.0765
Com.Prod.Mass. at EO [g]       2.392022       0.563402       0.603717       0.622494       0.602409
Res.gas mass at SHP [g]        0.178040       0.046216       0.043666       0.044281       0.043878
Res.gas aspirated IN [g]       0.000005       0.000002       0.000001       0.000001       0.000001
Res.gas from intake [g]        0.080920       0.022283       0.019362       0.019730       0.019545
Rel. to Total [-]                0.4545         0.4821         0.4434         0.4456         0.4454
Res.gas flow EX [g]            2.214016       0.517191       0.560070       0.578214       0.558540
Res.gas from exhaust [g]       0.080012       0.021265       0.019518       0.019861       0.019368
Rel. to Total [-]                0.4494         0.4601         0.4470         0.4485         0.4414

Gas Exchange:
-------------
Volumetric Eff. [-]              0.8876         0.8294         0.8982         0.9272         0.8957
Rel. to Ave. [-]                                0.9344         1.0119         1.0446         1.0091
Total Mass at SHP[g]             2.2771         0.5366         0.5747         0.5924         0.5734
Mass Delivered [g]              2.07303        0.48427        0.52441        0.54135        0.52299
Mass Delivered [g/s]           34.55045        8.07120        8.74024        9.02252        8.71649
Delivery Ratio [-]               0.8876         0.8294         0.8981         0.9271         0.8957
Rel. to Ave. [-]                                0.9344         1.0119         1.0446         1.0091
Av.Airmass at SHP[g]             2.0732         0.4843         0.5245         0.5414         0.5230
Air Delivered [g]               2.07316        0.48431        0.52445        0.54139        0.52302
Air Delivered [g/s]            34.55273        8.07181        8.74085        9.02312        8.71695
Airdeliveryratio [-]             0.8876         0.8294         0.8982         0.9272         0.8957
Rel. to Ave. [-]                                0.9344         1.0119         1.0446         1.0091
Airmass Trapped [g]             2.07316        0.48431        0.52445        0.54139        0.52302
Airmass Trapped [g/s]          34.55273        8.07181        8.74085        9.02312        8.71695
Trapp. Eff. Air [-]              1.0000         1.0000         1.0000         1.0000         1.0000
Rel. to Ave. [-]                                1.0000         1.0000         1.0000         1.0000
Airpurity [-]                    0.9104         0.9026         0.9126         0.9138         0.9121
Dyn. Swirl [-]                   0.0000         0.0000         0.0000         0.0000         0.0000
Dyn. Tumble [-]                  0.0000         0.0000         0.0000         0.0000         0.0000

Wall Heatlosses:
----------------
Piston [kJ]                     -0.2892        -0.0684        -0.0728        -0.0751        -0.0729
Piston Temperature [K]                          520.00         520.00         520.00         520.00
Cylinderhead [kJ]              -0.36898       -0.08721       -0.09294       -0.09583       -0.09300
Head Temperature [K]                            535.00         535.00         535.00         535.00
Cylinderliner [kJ]             -0.34281       -0.08139       -0.08624       -0.08890       -0.08628
LinerTDC Temperature [K]                        435.00         435.00         435.00         435.00
LinerBDC Temperature [K]                        430.00         430.00         430.00         430.00
Sum of Wallheat [kJ]           -1.00097       -0.23697       -0.25202       -0.25982       -0.25216
Wall Heatlosses in High Pressure Phase:
Piston HP [kJ]                 -0.25435       -0.05982       -0.06423       -0.06616       -0.06415
Cylinderhead HP [kJ]           -0.32620       -0.07671       -0.08237       -0.08485       -0.08227
Cylinderliner HP [kJ]          -0.21486       -0.05048       -0.05435       -0.05584       -0.05419
Sum of Wallheat HP [kJ]        -0.79541       -0.18701       -0.20095       -0.20685       -0.20061
Wall Heatlosses Related to Heatinput:
Piston [-]                      -0.0465        -0.0471        -0.0463        -0.0462        -0.0464
Cylinderhead [-]                -0.0593        -0.0600        -0.0591        -0.0590        -0.0593
Cylinderliner [-]               -0.0551        -0.0560        -0.0548        -0.0547        -0.0550
Sum of Wallheat [-]             -0.1609        -0.1631        -0.1602        -0.1600        -0.1607
M. Eff. HTC [W/m2/K]             252.95         243.44         254.65         259.43         254.28
M. Eff. Temp. [K]               1337.14        1323.17        1338.01        1347.74        1339.65

Reference Values at EO:
-----------------------
Pressure [bar]                     5.84           5.46           5.89           6.11           5.89
Temperature [K]                 1660.90        1648.33        1662.29        1669.13        1663.85
A/F-Ratio [-]                     14.50          14.50          14.50          14.50          14.50
Com.Prod.Conc. [-]              0.99911        0.99910        0.99908        0.99918        0.99909
Fuel Concentr. [-]             0.000058       0.000059       0.000060       0.000053       0.000059

Average Values of Pipeattachements:
-----------------------------------
 Attached Pipe                                       1              3              5              7
Vlv/Prt.Op.Clr.0mm[deg]                         340.00         340.00         340.00         340.00
Vlv/Prt.Op.Eff.0mm[deg]                         340.00         340.00         340.00         340.00
Vlv/Prt.Op.Eff.1mm[deg]                         362.50         362.50         362.50         362.50
Vlv/Prt.Op.Udef.mm[deg]                         340.00         340.00         340.00         340.00
Vlv/Prt.Cl.Clr.0mm[deg]                         610.00         610.00         610.00         610.00
Vlv/Prt.Cl.Eff.0mm[deg]                         610.00         610.00         610.00         610.00
Vlv/Prt.Cl.Eff.1mm[deg]                         577.52         577.52         577.52         577.52
Vlv/Prt.Cl.Udef.mm[deg]                         610.00         610.00         610.00         610.00
Cam Phasing [deg]                                 0.00           0.00           0.00           0.00
Massflow [g/cycle]                            0.484272       0.524414       0.541351       0.522990
Wallheat [kJ/cycle]                          -0.001028      -0.000805      -0.000827      -0.000845
rel.to Heatinp.[-]                             -0.0007        -0.0005        -0.0005        -0.0005
 Attached Pipe                                       2              4              6              8
Vlv/Prt.Op.Clr.0mm[deg]                         130.00         130.00         130.00         130.00
Vlv/Prt.Op.Eff.0mm[deg]                         130.00         130.00         130.00         130.00
Vlv/Prt.Op.Eff.1mm[deg]                         150.84         150.84         150.84         150.84
Vlv/Prt.Op.Udef.mm[deg]                         130.00         130.00         130.00         130.00
Vlv/Prt.Cl.Clr.0mm[deg]                         390.00         390.00         390.00         390.00
Vlv/Prt.Cl.Eff.0mm[deg]                         390.00         390.00         390.00         390.00
Vlv/Prt.Cl.Eff.1mm[deg]                         356.00         356.00         356.00         356.00
Vlv/Prt.Cl.Udef.mm[deg]                         390.00         390.00         390.00         390.00
Cam Phasing [deg]                                 0.00           0.00           0.00           0.00
Massflow [g/cycle]                            0.517661       0.560585       0.578688       0.559061
Wallheat [kJ/cycle]                          -0.007934      -0.008246      -0.008393      -0.008246
rel.to Heatinp.[-]                             -0.0055        -0.0052        -0.0052        -0.0053

FLOWRESTRICTIONS: Average Values
--------------------------------
 Flr. Att.Pi.  Massflow  Att.Pi.  Massflow
  nr.  number [g/cycle]   number [g/cycle]
    1       2    0.5177       18    0.5178
    2       1    0.4843        9    0.4842
    3       4    0.5606       16    0.5608
    4       3    0.5244       11    0.5243
    5       6    0.5787       17    0.5789
    6       5    0.5414       12    0.5412
    7       8    0.5591       19    0.5593
    8       7    0.5230       15    0.5229

JUNCTIONS: Average Values
-------------------------
Junction   1: Attached pipe   9:     -0.4842 g/cycle
              Attached pipe  10:     -1.5876 g/cycle
              Attached pipe  24:     -2.0719 g/cycle
Junction   2: Attached pipe  10:     -1.5876 g/cycle
              Attached pipe  11:     -0.5243 g/cycle
              Attached pipe  13:     -1.0631 g/cycle
Junction   3: Attached pipe  12:     -0.5412 g/cycle
              Attached pipe  13:     -1.0631 g/cycle
              Attached pipe  14:     -0.5217 g/cycle
Junction   4: Attached pipe  14:     -0.5217 g/cycle
              Attached pipe  15:     -0.5229 g/cycle
Junction   5: Attached pipe  16:     -0.5608 g/cycle
              Attached pipe  17:     -0.5789 g/cycle
              Attached pipe  21:     -1.1390 g/cycle
Junction   6: Attached pipe  18:     -0.5178 g/cycle
              Attached pipe  19:     -0.5593 g/cycle
              Attached pipe  20:     -1.0765 g/cycle
Junction   7: Attached pipe  20:     -1.0765 g/cycle
              Attached pipe  21:     -1.1391 g/cycle
              Attached pipe  22:     -2.2156 g/cycle
Junction   8: Attached pipe  23:     -2.0702 g/cycle
              Attached pipe  24:     -2.0719 g/cycle

OVERALL ENGINE PERFORMANCE:
===========================

Indicated Torque          :    186.49 Nm                    Indicated Specific Torque :     93.33 Nm/l
Indicated Power           :     39.06 kW,        53.10 PS   Indicated Specific Power  :     19.55 kW/l,      26.58 PS/l
Friction Torque           :     14.54 Nm                    Friction Power            :      3.04 kW
Effective Torque          :    171.95 Nm                    Effective Specific Torque :     86.05 Nm/l
Effective Power           :     36.01 kW,        48.96 PS   Effective Specific Power  :     18.02 kW/l,      24.50 PS/l

Required time for reading the inputfile and initialisation:       0.07 min
Required time for the calculation: .........................      0.21 min
Required time for writing the outputfile: ..................      0.00 min
Required total time: .......................................      0.28 min
Required total CPU-time: ...................................     11.78 sec
