 --------------------------------
 AVL - B O O S T
 Version:        v2022.1.0.0.0
 Build:          Apr 27 2022 22:44:48
 Git Build Hash: 7670062eda46b95e13935a621f250d93513addf7
 System:         x86_64-unknown-winnt_i19v19
 --------------------------------

LICENSE
-------
 sys_1DCFD_solver 2022.0@ License will expire in 218 days

PROJECT
-------
 Preprocessor Version :  2022.1
 Calculation date     : 14.10.2025
 File     : single500_GDi.bst
 Case Set : "Case Set 1"
 Case     : "Case 6"
 
 Project ID: "4-Cylinder"
 Run ID:     "WOT"
 Model date: "7.3.2000"

ELEMENTS
--------
 Element Name        Number

 PIPE                  23
 SYSTEMBOUNDARY         2
 CYLINDER               4
 RESTRICTION            8
 MEASURINGPOINT         8
 JUNCTION               7
 ENGINE                 1
 PIPE_END              46
 ALL_PIPES             23
 ALL_BOUNDARIES         2
 RESTRICTIONS           8
 ALL_PIDS               1
 PIPE_VAR_WALL_TEMP    23

GLOBAL DATA
-----------
  Engine Speed :         4500.0  rpm
  Calculationmode:        BOOST  Single
  Cycle Duration:        720.00  degrees
  Max. calc. period:   14400.00  degrees
  Cycles calculated:         20  cycles
  Calc. time steps:     1.15542  degrees (max)
                        0.74210  degrees
                        0.02749  ms
                        0.74210  degrees (short pipe)
                        0.02749  ms (short pipe)
  Traces results step:  5.00000  degrees
  User concentrations:        0
  Ref. pressure:      100000.00  Pa
  Ref. temperature:     298.000  K
  Gas properties:      Variable
  Gasproperties File:     GASOLINE.BGP
     bgp_build_version:   v2013.0.0.0.0
     bgp_build_host:      boosthost
     bgp_build_user:      boost
     bgp_build_date:      2012.03.23
     bgp_build_time:      08:00:00
  Lower calorific:  0.43500E+08  J/kg
  Stoic. A/F-ratio:      14.500

  Warnings:                   0
  Convergence errors:       221

PIPES
-----

 Total number of pipe cells:     89

 Pipe   Cells   Cell size       W.Heat     Wall T    Fric. coeff.   Lam. Fric. Coeff.  Heat Factor       Volume
  nr.                [mm]         [kJ]        [K]             [-]                 [-]          [-]        [dm3]
    1       2        40.0        0.001     340.00        0.040000           64.000000     1.000000     0.070513
    2       2        30.0       -0.005     850.00        0.040000           64.000000     1.000000     0.048255
    3       2        40.0        0.001     340.00        0.040000           64.000000     1.000000     0.070513
    4       2        30.0       -0.006     850.00        0.040000           64.000000     1.000000     0.048255
    5       2        40.0        0.001     340.00        0.040000           64.000000     1.000000     0.070513
    6       2        30.0       -0.006     850.00        0.040000           64.000000     1.000000     0.048255
    7       2        40.0        0.001     340.00        0.040000           64.000000     1.000000     0.070513
    8       2        30.0       -0.006     850.00        0.040000           64.000000     1.000000     0.048255
    9       3        30.3        0.001     300.00        0.019000           64.000000     1.000000     0.092423
   10       3        36.7        0.000     300.00        0.019000           64.000000     1.000000     0.111966
   11       2        40.0        0.000     300.00        0.019000           64.000000     1.000000     0.081430
   12       3        36.7        0.000     300.00        0.019000           64.000000     1.000000     0.111966
   13       3        36.7        0.000     300.00        0.019000           64.000000     1.000000     0.111966
   14       2        40.0        0.000     300.00        0.019000           64.000000     1.000000     0.081430
   15       2        40.0        0.000     300.00        0.019000           64.000000     1.000000     0.081430
   16       3        36.7        0.000     300.00        0.019000           64.000000     1.000000     0.111966
   17      10        30.0       -0.105     300.00        0.019000           64.000000     1.000000     0.376991
   18      10        30.0       -0.108     300.00        0.019000           64.000000     1.000000     0.376991
   19      10        30.0       -0.102     300.00        0.019000           64.000000     1.000000     0.376991
   20      10        30.0       -0.108     300.00        0.019000           64.000000     1.000000     0.376991
   21       1        50.0       -0.033     300.00        0.019000           64.000000     1.000000     0.062832
   22       1        50.0       -0.033     300.00        0.019000           64.000000     1.000000     0.062832
   23      10        31.2       -0.215     300.00        0.019000           64.000000     1.000000     0.392071


MEASURINGPOINTS: Average Values
-------------------------------
 Mp. Pipe Location   Diameter  Pressure  Temp. Ms.Temp.  Velo.   Massflow   Massflow To.Ent.f.  To.Ent.f.  Mach. Wtemp.  Converg.
 nr.  nr.     [mm]       [mm]     [bar]    [K]      [K]  [m/s]      [g/s]  [g/cycle]    [kJ/s]  [kJ/cyc.]    [-]    [K]       [-]
  1   1    10.0000    33.5000    0.9496  295.9    284.9   21.0    19.6250     0.5233    -0.097    -0.0026   0.06  340.0 0.947E-08
  2  19    10.0000    40.0000    1.1548 1064.9   1263.0   48.5    20.9788     0.5594    25.098     0.6693   0.07  300.0 0.503E-07
  3   3    10.0000    33.5000    0.9500  294.0    287.7   22.2    21.0444     0.5612    -0.073    -0.0020   0.07  340.0 0.931E-07
  4  17    10.0000    40.0000    1.1555 1057.5   1264.7   51.0    22.4912     0.5998    27.043     0.7211   0.08  300.0 0.206E-06
  5   5    10.0000    33.5000    0.9534  294.4    289.1   23.7    22.2830     0.5942    -0.081    -0.0022   0.07  340.0 0.983E-07
  6  18    10.0000    40.0000    1.1567 1049.8   1267.8   52.5    23.8273     0.6354    28.794     0.7678   0.08  300.0 0.120E-06
  7   7    10.0000    33.5000    0.9567  295.3    289.5   24.0    22.6743     0.6046    -0.069    -0.0018   0.07  340.0 0.759E-08
  8  20    10.0000    40.0000    1.1555 1048.7   1267.7   53.6    24.2412     0.6464    29.334     0.7823   0.08  300.0 0.213E-06

SYSTEMBOUNDARIES
Attachments
-----------
 Type                 Nr.   Pipe       Mass flow
                             Nr.       [g/cycle]
 SYSTEMBOUNDARY        1      9          2.2827
 SYSTEMBOUNDARY        2     23          2.4412

CYLINDERS: Average Values
-------------------------
                               Total
                              Engine         Cyl.   1       Cyl.   2       Cyl.   3       Cyl.   4
Firing TDC [deg]                                  0.00         540.00         180.00         360.00
Bore [mm]                                        86.00          86.00          86.00          86.00
Stroke [mm]                                      86.00          86.00          86.00          86.00
Conrodl. [mm]                                   143.50         143.50         143.50         143.50
Piston pin offset [mm]                            0.00           0.00           0.00           0.00
Swept Vol. [l]                   1.9982         0.4996         0.4996         0.4996         0.4996
Compression ratio [-]                            10.50          10.50          10.50          10.50
Dyn. Comp. ratio [-]                              7.98           7.97           7.97           7.96

Combustion Data:
----------------
Combustion Char.                               2Z-Vibe        2Z-Vibe        2Z-Vibe        2Z-Vibe     
Comb.start [deg]                                -10.00         -10.00         -10.00         -10.00
Comb.dur.1 [deg]                                 50.00          50.00          50.00          50.00
Peak Fir.Pres. [bar]              66.38          60.86          65.19          69.15          70.32
at Crankangle [deg]               15.03          15.04          14.99          15.09          15.00
Peak Pres.Rise[bar/deg]            2.80           2.57           2.75           2.91           2.96
at Crankangle [deg]                2.27           2.27           2.26           2.28           2.27
Peak Fir. Temp. [K]             2580.15        2566.86        2577.53        2586.58        2589.62
at Crankangle [deg]               24.45          24.62          24.54          24.09          24.56
Peak T_burned [K]               2736.88        2723.45        2734.38        2743.34        2746.35
at Crankangle [deg]               11.50          11.51          11.47          11.55          11.48
Res. Gascompr. [bar]               1.22           1.21           1.22           1.23           1.23
at Crankangle [deg]              273.97         274.01         274.20         273.53         274.13
Evaporation Energy [kJ]         -0.0463        -0.0106        -0.0114        -0.0121        -0.0123
Required O.N. [-]                 93.03          85.19          88.61          92.16          93.03
Knock Intensity [-]               -1.00           0.00           0.00           0.00           0.00

Emissions (Classic Species Transport):
--------------------------------------
NOx: Calculated based on MTZ 34 1973 (12).
CO:  Calculated based on SAE 2002-01-0006.
HC:  Calculated based on SAE 2002-01-0006.
NOX   [g/kWh]                  9.850074       9.208543       9.707545      10.129361      10.253299
NOX   [g/h]                  886.088340     187.798521     214.378137     238.173607     245.738074
NOX   [ppm]                     2599.30        2404.02        2559.41        2684.13        2721.89
CO    [g/kWh]                  0.662655       0.674627       0.662425       0.663569       0.651783
CO    [g/h]                   59.610806      13.758306      14.628764      15.602631      15.621106
CO    [ppm]                      187.32         188.67         187.09         188.36         185.35
HC    [g/kWh]                  0.474417       0.512720       0.481652       0.457296       0.451956
HC    [g/h]                   42.677402      10.456389      10.636637      10.752480      10.831897
HC    [ppm]                       89.44          95.63          90.72          86.57          85.72

Performance:
------------
IMEP [bar]                      13.7050        12.5864        13.4884        14.2515        14.4936
Rel. to Ave. [-]                                0.9184         0.9842         1.0399         1.0575
IMEP Exh. [bar]                 -1.0995        -1.0732        -1.0912        -1.1148        -1.1186
IMEP Int. [bar]                  0.8468         0.8574         0.8593         0.8358         0.8346
IMEP Gasex. [bar]               -0.2527        -0.2158        -0.2319        -0.2790        -0.2840
IMEP HP [bar]                   13.9577        12.8022        13.7203        14.5305        14.7776
FMEP [bar]                       1.7000         1.7000         1.7000         1.7000         1.7000
BMEP [bar]                      12.0050        10.8864        11.7884        12.5515        12.7936
AMEP;SMEP [bar]                  0.0000         0.0000         0.0000         0.0000         0.0000
ISFC [g/kWh]                   207.0270       206.6674       206.7322       207.2920       207.3531
Rel. to Ave. [-]                                0.9983         0.9986         1.0013         1.0016
ISFC (tr.f.) [g/kWh]           207.0270       206.6674       206.7322       207.2920       207.3531
BSFC [g/kWh]                   236.3437       238.9402       236.5450       235.3681       234.9060
Indicated Eff. [-]               0.3997         0.4004         0.4003         0.3992         0.3991
Iso vol. comb. Eff [-]           0.9566         0.9566         0.9566         0.9566         0.9566
Polytropic Coeff. [-]                           1.2896         1.2887         1.2875         1.2874

Fuel Mass Balance:
------------------
Inj. Fuelmass [g]              0.157482       0.036094       0.038693       0.040993       0.041701
Asp.Trap. Fuelmass [g]         0.000006       0.000002       0.000002       0.000001       0.000002
Fuelmassfl.(A+I) [g/s]         5.905805       1.353593       1.451050       1.537293       1.563869
Fuelmass tot.trap. [g]         0.157488       0.036096       0.038695       0.040994       0.041703
Trapped Fuelm.fl.[g/s]         5.905805       1.353593       1.451050       1.537293       1.563869
Trapp. Eff. Fuel [-]             1.0000         1.0000         1.0000         1.0000         1.0000

Energy Balance Cylinder:
------------------------
Fuel Energy [kJ]                6.85171        1.57037        1.68347        1.78350        1.81436
Released Energy [kJ]            6.64343        1.52265        1.63220        1.72945        1.75912
-> Brake Power     [%]           36.109         35.717         36.080         36.255         36.331
-> Loss: Friction  [%]            5.113          5.577          5.203          4.910          4.828
-> Loss: Piston    [%]            3.831          3.883          3.835          3.814          3.799
-> Loss: Head      [%]            4.648          4.704          4.651          4.631          4.614
-> Loss: Liner     [%]            4.600          4.667          4.604          4.581          4.555
-> Loss: Int. Port [%]           -0.006         -0.001         -0.006         -0.009         -0.008
-> Loss: Exh. Port [%]            0.377          0.394          0.380          0.370          0.367
-> Loss: Exh. Gas  [%]           45.805         45.551         45.716         45.935         45.978
Eff. Rel. Energy [kJ]           6.62814        1.51914        1.62847        1.72544        1.75509
Gross Rel. Energy [kJ]          6.64343        1.52265        1.63220        1.72945        1.75912
Eff.Gross Rel.Ener.[kJ]         6.62814        1.51914        1.62847        1.72544        1.75509
Energy Balance [-]               0.9988         0.9988         0.9987         0.9989         0.9987
Eff. Energy Balance [-]          0.9965         0.9965         0.9964         0.9965         0.9964

Blowby:
-------
Blowbymass [g]                 0.000000       0.000000       0.000000       0.000000       0.000000
Blowbymassfl. [g/s]            0.000000       0.000000       0.000000       0.000000       0.000000
Blowby Heat Flow [kJ]          0.000000       0.000000       0.000000       0.000000       0.000000

Reference Values at Start of High Pressure:
-------------------------------------------
Pressure at SHP[bar]             1.6556         1.5079         1.6200         1.7319         1.7628
Temperature [K]                  406.05         401.64         404.19         408.88         409.48
Air Massfl.  [g/s]            85.631112      19.626043      21.040135      22.289533      22.675401
Fuel Massfl. [g/s]             5.905805       1.353593       1.451050       1.537293       1.563869
Trapp. Eff. Air [-]              1.0000         1.0000         1.0000         1.0000         1.0000
Trapp. Eff.Fuel [-]              1.0000         1.0000         1.0000         1.0000         1.0000
A/F-Ratio (Cmb.) [-]              14.56          14.56          14.56          14.56          14.56
Excess Air Ratio [-]             1.0042         1.0042         1.0042         1.0042         1.0042

Reference Values at Start Of Combustion:
----------------------------------------
Pressure [bar]                  22.3914        20.4458        21.9737        23.3647        23.7815
Temperature [K]                  744.18         738.08         741.77         748.01         748.88

Residual Gas:
-------------
Res.gas content [-]              0.0436         0.0491         0.0442         0.0417         0.0402
External EGR [-]                 0.0000        -0.0000         0.0000         0.0000         0.0000
Internal EGR [-]                 0.0436         0.0491         0.0442         0.0417         0.0402
Com.Prod.Mass. at EO [g]       2.544082       0.586281       0.625411       0.661014       0.671376
Res.gas mass at SHP [g]        0.105458       0.027358       0.026259       0.026185       0.025656
Res.gas aspirated IN [g]       0.000000      -0.000001       0.000000       0.000000       0.000000
Res.gas from intake [g]        0.016125       0.004626       0.004137       0.003457       0.003905
Rel. to Total [-]                0.1529         0.1691         0.1575         0.1320         0.1522
Res.gas flow EX [g]            2.438657       0.558934       0.599152       0.634831       0.645740
Res.gas from exhaust [g]       0.033159       0.008834       0.008130       0.008304       0.007891
Rel. to Total [-]                0.3144         0.3229         0.3096         0.3171         0.3076

Gas Exchange:
-------------
Volumetric Eff. [-]              0.9777         0.8963         0.9609         1.0180         1.0356
Rel. to Ave. [-]                                0.9168         0.9828         1.0412         1.0592
Total Mass at SHP[g]             2.4175         0.5573         0.5943         0.6280         0.6379
Mass Delivered [g]              2.28344        0.52334        0.56106        0.59438        0.60467
Mass Delivered [g/s]           85.62917       19.62532       21.03960       22.28917       22.67508
Delivery Ratio [-]               0.9777         0.8963         0.9609         1.0179         1.0356
Rel. to Ave. [-]                                0.9168         0.9828         1.0412         1.0592
Av.Airmass at SHP[g]             2.2835         0.5234         0.5611         0.5944         0.6047
Air Delivered [g]               2.28350        0.52336        0.56107        0.59439        0.60468
Air Delivered [g/s]            85.63111       19.62604       21.04013       22.28953       22.67540
Airdeliveryratio [-]             0.9777         0.8963         0.9609         1.0180         1.0356
Rel. to Ave. [-]                                0.9168         0.9828         1.0412         1.0592
Airmass Trapped [g]             2.28350        0.52336        0.56107        0.59439        0.60468
Airmass Trapped [g/s]          85.63111       19.62604       21.04013       22.28953       22.67540
Trapp. Eff. Air [-]              1.0000         1.0000         1.0000         1.0000         1.0000
Rel. to Ave. [-]                                1.0000         1.0000         1.0000         1.0000
Airpurity [-]                    0.9446         0.9392         0.9440         0.9465         0.9479
Dyn. Swirl [-]                   0.0000         0.0000         0.0000         0.0000         0.0000
Dyn. Tumble [-]                  0.0000         0.0000         0.0000         0.0000         0.0000

Wall Heatlosses:
----------------
Piston [kJ]                     -0.2545        -0.0591        -0.0626        -0.0660        -0.0668
Piston Temperature [K]                          545.00         545.00         545.00         545.00
Cylinderhead [kJ]              -0.30881       -0.07163       -0.07592       -0.08010       -0.08117
Head Temperature [K]                            602.00         602.00         602.00         602.00
Cylinderliner [kJ]             -0.30557       -0.07106       -0.07514       -0.07923       -0.08014
LinerTDC Temperature [K]                        447.00         447.00         447.00         447.00
LinerBDC Temperature [K]                        443.00         443.00         443.00         443.00
Sum of Wallheat [kJ]           -0.86888       -0.20181       -0.21365       -0.22529       -0.22813
Wall Heatlosses in High Pressure Phase:
Piston HP [kJ]                 -0.22023       -0.05099       -0.05419       -0.05707       -0.05798
Cylinderhead HP [kJ]           -0.27274       -0.06312       -0.06710       -0.07069       -0.07182
Cylinderliner HP [kJ]          -0.16161       -0.03744       -0.03977       -0.04180       -0.04260
Sum of Wallheat HP [kJ]        -0.65457       -0.15156       -0.16105       -0.16956       -0.17240
Wall Heatlosses Related to Heatinput:
Piston [-]                      -0.0371        -0.0377        -0.0372        -0.0370        -0.0368
Cylinderhead [-]                -0.0451        -0.0456        -0.0451        -0.0449        -0.0447
Cylinderliner [-]               -0.0446        -0.0453        -0.0446        -0.0444        -0.0442
Sum of Wallheat [-]             -0.1268        -0.1285        -0.1269        -0.1263        -0.1258
M. Eff. HTC [W/m2/K]             478.59         454.60         473.82         490.46         495.48
M. Eff. Temp. [K]               1399.42        1381.26        1394.50        1409.66        1412.26

Reference Values at EO:
-----------------------
Pressure [bar]                     6.40           5.86           6.28           6.69           6.77
Temperature [K]                 1713.40        1702.12        1710.95        1720.15        1720.37
A/F-Ratio [-]                     14.50          14.50          14.50          14.50          14.50
Com.Prod.Conc. [-]              0.99909        0.99910        0.99904        0.99917        0.99905
Fuel Concentr. [-]             0.000061       0.000060       0.000064       0.000056       0.000063

Average Values of Pipeattachements:
-----------------------------------
 Attached Pipe                                       1              3              5              7
Vlv/Prt.Op.Clr.0mm[deg]                         340.00         340.00         340.00         340.00
Vlv/Prt.Op.Eff.0mm[deg]                         340.00         340.00         340.00         340.00
Vlv/Prt.Op.Eff.1mm[deg]                         362.50         362.50         362.50         362.50
Vlv/Prt.Op.Udef.mm[deg]                         340.00         340.00         340.00         340.00
Vlv/Prt.Cl.Clr.0mm[deg]                         610.00         610.00         610.00         610.00
Vlv/Prt.Cl.Eff.0mm[deg]                         610.00         610.00         610.00         610.00
Vlv/Prt.Cl.Eff.1mm[deg]                         577.52         577.52         577.52         577.53
Vlv/Prt.Cl.Udef.mm[deg]                         610.00         610.00         610.00         610.00
Cam Phasing [deg]                                 0.00           0.00           0.00           0.00
Massflow [g/cycle]                            0.523342       0.561056       0.594378       0.604669
Wallheat [kJ/cycle]                           0.000016       0.000096       0.000153       0.000143
rel.to Heatinp.[-]                              0.0000         0.0001         0.0001         0.0001
 Attached Pipe                                       2              4              6              8
Vlv/Prt.Op.Clr.0mm[deg]                         130.00         130.00         130.00         130.00
Vlv/Prt.Op.Eff.0mm[deg]                         130.00         130.00         130.00         130.00
Vlv/Prt.Op.Eff.1mm[deg]                         150.84         150.84         150.84         150.84
Vlv/Prt.Op.Udef.mm[deg]                         130.00         130.00         130.00         130.00
Vlv/Prt.Cl.Clr.0mm[deg]                         390.00         390.00         390.00         390.00
Vlv/Prt.Cl.Eff.0mm[deg]                         390.00         390.00         390.00         390.00
Vlv/Prt.Cl.Eff.1mm[deg]                         356.00         356.00         356.00         356.00
Vlv/Prt.Cl.Udef.mm[deg]                         390.00         390.00         390.00         390.00
Cam Phasing [deg]                                 0.00           0.00           0.00           0.00
Massflow [g/cycle]                            0.559442       0.599737       0.635370       0.646370
Wallheat [kJ/cycle]                          -0.005998      -0.006207      -0.006406      -0.006454
rel.to Heatinp.[-]                             -0.0038        -0.0037        -0.0036        -0.0036

FLOWRESTRICTIONS: Average Values
--------------------------------
 Flr. Att.Pi.  Massflow  Att.Pi.  Massflow
  nr.  number [g/cycle]   number [g/cycle]
    1       2    0.5594       19    0.5595
    2       1    0.5233       10    0.5234
    3       4    0.5997       17    0.5998
    4       3    0.5611       12    0.5610
    5       6    0.6354       18    0.6355
    6       5    0.5944       13    0.5943
    7       8    0.6464       20    0.6465
    8       7    0.6047       16    0.6046

JUNCTIONS: Average Values
-------------------------
Junction   1: Attached pipe   9:     -2.2827 g/cycle
              Attached pipe  10:     -0.5234 g/cycle
              Attached pipe  11:     -1.7593 g/cycle
Junction   2: Attached pipe  11:     -1.7593 g/cycle
              Attached pipe  12:     -0.5610 g/cycle
              Attached pipe  14:     -1.1983 g/cycle
Junction   3: Attached pipe  13:     -0.5943 g/cycle
              Attached pipe  14:     -1.1983 g/cycle
              Attached pipe  15:     -0.6040 g/cycle
Junction   4: Attached pipe  15:     -0.6040 g/cycle
              Attached pipe  16:     -0.6046 g/cycle
Junction   5: Attached pipe  17:     -0.5998 g/cycle
              Attached pipe  18:     -0.6355 g/cycle
              Attached pipe  22:     -1.2350 g/cycle
Junction   6: Attached pipe  19:     -0.5595 g/cycle
              Attached pipe  20:     -0.6465 g/cycle
              Attached pipe  21:     -1.2058 g/cycle
Junction   7: Attached pipe  21:     -1.2058 g/cycle
              Attached pipe  22:     -1.2350 g/cycle
              Attached pipe  23:     -2.4412 g/cycle

OVERALL ENGINE PERFORMANCE:
===========================

Indicated Torque          :    217.93 Nm                    Indicated Specific Torque :    109.06 Nm/l
Indicated Power           :    102.70 kW,       139.63 PS   Indicated Specific Power  :     51.39 kW/l,      69.88 PS/l
Friction Torque           :     27.03 Nm                    Friction Power            :     12.74 kW
Effective Torque          :    190.90 Nm                    Effective Specific Torque :     95.53 Nm/l
Effective Power           :     89.96 kW,       122.31 PS   Effective Specific Power  :     45.02 kW/l,      61.21 PS/l

Required time for reading the inputfile and initialisation:       0.08 min
Required time for the calculation: .........................      0.36 min
Required time for writing the outputfile: ..................      0.01 min
Required total time: .......................................      0.44 min
Required total CPU-time: ...................................     12.75 sec
