 --------------------------------
 AVL - B O O S T
 Version:        v2022.1.0.0.0
 Build:          Apr 27 2022 22:44:48
 Git Build Hash: 7670062eda46b95e13935a621f250d93513addf7
 System:         x86_64-unknown-winnt_i19v19
 --------------------------------

LICENSE
-------
 sys_1DCFD_solver 2022.0@ License will expire in 217 days

PROJECT
-------
 Preprocessor Version :  2022.1
 Calculation date     : 15.10.2025
 File     : single500_GDi.bst
 Case Set : "Case Set 1"
 Case     : "8k"
 
 Project ID: "4-Cylinder"
 Run ID:     "WOT"
 Model date: "7.3.2000"

ELEMENTS
--------
 Element Name        Number

 PIPE                  20
 SYSTEMBOUNDARY         2
 PLENUM                 1
 CYLINDER               4
 RESTRICTION            8
 MEASURINGPOINT         8
 JUNCTION               3
 ENGINE                 1
 PIPE_END              40
 ALL_PIPES             20
 ALL_PLENUMS            1
 ALL_BOUNDARIES         2
 RESTRICTIONS           8
 ALL_PIDS               1
 PIPE_VAR_WALL_TEMP    20

GLOBAL DATA
-----------
  Engine Speed :         8000.0  rpm
  Calculationmode:        BOOST  Single
  Cycle Duration:        720.00  degrees
  Max. calc. period:   14400.00  degrees
  Cycles calculated:         20  cycles
  Calc. time steps:     2.05408  degrees (max)
                        1.15456  degrees
                        0.02405  ms
  Traces results step:  5.00000  degrees
  User concentrations:        0
  Ref. pressure:      100000.00  Pa
  Ref. temperature:     298.000  K
  Gas properties:      Variable
  Gasproperties File:     GASOLINE.BGP
     bgp_build_version:   v2013.0.0.0.0
     bgp_build_host:      boosthost
     bgp_build_user:      boost
     bgp_build_date:      2012.03.23
     bgp_build_time:      08:00:00
  Lower calorific:  0.43500E+08  J/kg
  Stoic. A/F-ratio:      14.500

  Warnings:                   4
  Convergence errors:       126

PIPES
-----

 Total number of pipe cells:    106

 Pipe   Cells   Cell size       W.Heat     Wall T    Fric. coeff.   Lam. Fric. Coeff.  Heat Factor       Volume
  nr.                [mm]         [kJ]        [K]             [-]                 [-]          [-]        [dm3]
    1       2        40.0        0.001     340.00        0.040000           64.000000     1.000000     0.070513
    2       2        30.0       -0.006     850.00        0.040000           64.000000     1.000000     0.048255
    3       2        40.0        0.001     340.00        0.040000           64.000000     1.000000     0.070513
    4       2        30.0       -0.006     850.00        0.040000           64.000000     1.000000     0.048255
    5       2        40.0        0.001     340.00        0.040000           64.000000     1.000000     0.070513
    6       2        30.0       -0.006     850.00        0.040000           64.000000     1.000000     0.048255
    7       2        40.0        0.001     340.00        0.040000           64.000000     1.000000     0.070513
    8       2        30.0       -0.006     850.00        0.040000           64.000000     1.000000     0.048255
    9       7        31.4       -0.075     300.00        0.019000           64.000000     1.000000     0.249505
   10       7        31.4       -0.075     300.00        0.019000           64.000000     1.000000     0.249505
   11       7        31.4       -0.075     300.00        0.019000           64.000000     1.000000     0.249505
   12       7        31.4       -0.075     300.00        0.019000           64.000000     1.000000     0.249505
   13       8        31.2       -0.124     300.00        0.019000           64.000000     1.000000     0.314159
   14       8        31.2       -0.124     300.00        0.019000           64.000000     1.000000     0.314159
   15      10        31.3       -0.189     300.00        0.019000           64.000000     1.000000     0.433089
   16       4        32.4        0.000     300.00        0.019000           64.000000     1.000000     0.429721
   17       8        30.0        0.001     300.00        0.019000           64.000000     1.000000     0.217901
   18       8        30.0        0.001     300.00        0.019000           64.000000     1.000000     0.217901
   19       8        30.0        0.001     300.00        0.019000           64.000000     1.000000     0.217901
   20       8        30.0        0.001     300.00        0.019000           64.000000     1.000000     0.217901


MEASURINGPOINTS: Average Values
-------------------------------
 Mp. Pipe Location   Diameter  Pressure  Temp. Ms.Temp.  Velo.   Massflow   Massflow To.Ent.f.  To.Ent.f.  Mach. Wtemp.  Converg.
 nr.  nr.     [mm]       [mm]     [bar]    [K]      [K]  [m/s]      [g/s]  [g/cycle]    [kJ/s]  [kJ/cyc.]    [-]    [K]       [-]
  1   1    10.0000    33.5000    0.9668  298.1    274.7   46.5    35.8298     0.5374    -0.109    -0.0016   0.14  340.0 0.407E-08
  2  11    10.0000    38.0000    1.2669 1147.2   1308.5   86.4    38.3089     0.5746    48.715     0.7307   0.13  300.0 0.105E-05
  3   3    10.0000    33.5000    0.9668  298.1    274.7   46.5    35.8296     0.5374    -0.109    -0.0016   0.14  340.0 0.414E-08
  4   9    10.0000    38.0000    1.2668 1147.2   1308.5   86.4    38.3090     0.5746    48.715     0.7307   0.13  300.0 0.978E-06
  5   5    10.0000    33.5000    0.9668  298.1    274.7   46.5    35.8296     0.5374    -0.109    -0.0016   0.14  340.0 0.125E-07
  6  10    10.0000    38.0000    1.2668 1147.2   1308.5   86.4    38.3086     0.5746    48.714     0.7307   0.13  300.0 0.950E-06
  7   7    10.0000    33.5000    0.9668  298.1    274.7   46.5    35.8297     0.5374    -0.109    -0.0016   0.14  340.0 0.495E-08
  8  12    10.0000    38.0000    1.2669 1147.2   1308.5   86.4    38.3090     0.5746    48.715     0.7307   0.13  300.0 0.448E-06

SYSTEMBOUNDARIES
Attachments
-----------
 Type                 Nr.   Pipe       Mass flow
                             Nr.       [g/cycle]
 SYSTEMBOUNDARY        1     16          2.1506
 SYSTEMBOUNDARY        2     15          2.2992

PLENUMS: Average Values
-----------------------
                   Pl. Pressure   Temp.      Mass Wallheat
                   nr.    [bar]     [K]       [g]     [kJ]
 PLENUM             1    0.9906  296.73     2.324    0.000
                                          Attached pipe  16:      2.1506 g/cycle
                                          Attached pipe  17:      0.5377 g/cycle
                                          Attached pipe  18:      0.5377 g/cycle
                                          Attached pipe  19:      0.5377 g/cycle
                                          Attached pipe  20:      0.5377 g/cycle

PLENUMS
Attachments
-----------
 Type                 Nr.   Pipe       Mass flow
                             Nr.       [g/cycle]
 PLENUM                1     16          2.1506
 PLENUM                1     17          0.5377
 PLENUM                1     18          0.5377
 PLENUM                1     19          0.5377
 PLENUM                1     20          0.5377

CYLINDERS: Average Values
-------------------------
                               Total
                              Engine         Cyl.   1       Cyl.   2       Cyl.   3       Cyl.   4
Firing TDC [deg]                                  0.00         540.00         180.00         360.00
Bore [mm]                                        86.00          86.00          86.00          86.00
Stroke [mm]                                      86.00          86.00          86.00          86.00
Conrodl. [mm]                                   143.50         143.50         143.50         143.50
Piston pin offset [mm]                            0.00           0.00           0.00           0.00
Swept Vol. [l]                   1.9982         0.4996         0.4996         0.4996         0.4996
Compression ratio [-]                            10.50          10.50          10.50          10.50
Dyn. Comp. ratio [-]                              6.88           6.88           6.88           6.88

Combustion Data:
----------------
Combustion Char.                               2Z-Vibe        2Z-Vibe        2Z-Vibe        2Z-Vibe     
Comb.start [deg]                                -22.00         -22.00         -22.00         -22.00
Comb.dur.1 [deg]                                 50.00          50.00          50.00          50.00
Peak Fir.Pres. [bar]              81.09          81.09          81.09          81.09          81.09
at Crankangle [deg]                6.93           6.93           6.93           6.93           6.93
Peak Pres.Rise[bar/deg]            3.65           3.65           3.65           3.65           3.65
at Crankangle [deg]               -6.57          -6.57          -6.57          -6.57          -6.57
Peak Fir. Temp. [K]             2768.48        2768.48        2768.49        2768.49        2768.48
at Crankangle [deg]               12.93          12.93          12.93          12.93          12.93
Peak T_burned [K]               2864.52        2864.52        2864.52        2864.52        2864.52
at Crankangle [deg]                3.95           3.95           3.95           3.95           3.95
Res. Gascompr. [bar]               0.78           0.78           0.78           0.78           0.78
at Crankangle [deg]              360.00         360.00         360.00         360.00         360.00
Evaporation Energy [kJ]         -0.0436        -0.0109        -0.0109        -0.0109        -0.0109
Required O.N. [-]                 86.22          86.22          86.22          86.22          86.22
Knock Intensity [-]               -1.00           0.00           0.00           0.00           0.00

Emissions (Classic Species Transport):
--------------------------------------
NOx: Calculated based on MTZ 34 1973 (12).
CO:  Calculated based on SAE 2002-01-0006.
HC:  Calculated based on SAE 2002-01-0006.
NOX   [g/kWh]                 18.927535      18.927290      18.927470      18.927537      18.927843
NOX   [g/h]                 2359.939278     589.974470     589.984877     589.986373     589.993558
NOX   [ppm]                     4118.21        4118.13        4118.21        4118.23        4118.26
CO    [g/kWh]                  1.604842       1.604954       1.604917       1.604874       1.604624
CO    [g/h]                  200.096337      50.027337      50.026601      50.025196      50.017203
CO    [ppm]                      374.05         374.08         374.07         374.06         374.00
HC    [g/kWh]                  0.429020       0.429027       0.429021       0.429025       0.429005
HC    [g/h]                   53.491392      13.373011      13.372954      13.373063      13.372364
HC    [ppm]                       66.69          66.69          66.69          66.69          66.69

Performance:
------------
IMEP [bar]                      12.1595        12.1595        12.1595        12.1595        12.1595
Rel. to Ave. [-]                                1.0000         1.0000         1.0000         1.0000
IMEP Exh. [bar]                 -1.5619        -1.5619        -1.5618        -1.5619        -1.5619
IMEP Int. [bar]                  0.5023         0.5023         0.5023         0.5023         0.5023
IMEP Gasex. [bar]               -1.0595        -1.0595        -1.0595        -1.0595        -1.0595
IMEP HP [bar]                   13.2190        13.2190        13.2190        13.2191        13.2190
FMEP [bar]                       2.8000         2.8000         2.8000         2.8000         2.8000
BMEP [bar]                       9.3595         9.3595         9.3595         9.3595         9.3595
AMEP;SMEP [bar]                  0.0000         0.0000         0.0000         0.0000         0.0000
ISFC [g/kWh]                   219.7757       219.7759       219.7756       219.7757       219.7754
Rel. to Ave. [-]                                1.0000         1.0000         1.0000         1.0000
ISFC (tr.f.) [g/kWh]           219.7757       219.7759       219.7756       219.7757       219.7754
BSFC [g/kWh]                   285.5240       285.5246       285.5237       285.5239       285.5238
Indicated Eff. [-]               0.3766         0.3766         0.3766         0.3766         0.3766
Iso vol. comb. Eff [-]           0.9761         0.9761         0.9761         0.9761         0.9761
Polytropic Coeff. [-]                           1.2969         1.2969         1.2969         1.2969

Fuel Mass Balance:
------------------
Inj. Fuelmass [g]              0.148326       0.037081       0.037082       0.037082       0.037081
Asp.Trap. Fuelmass [g]         0.000007       0.000002       0.000002       0.000002       0.000002
Fuelmassfl.(A+I) [g/s]         9.888875       2.472213       2.472225       2.472224       2.472213
Fuelmass tot.trap. [g]         0.148333       0.037083       0.037083       0.037083       0.037083
Trapped Fuelm.fl.[g/s]         9.888875       2.472213       2.472225       2.472224       2.472213
Trapp. Eff. Fuel [-]             1.0000         1.0000         1.0000         1.0000         1.0000

Energy Balance Cylinder:
------------------------
Fuel Energy [kJ]                6.45276        1.61319        1.61319        1.61319        1.61319
Released Energy [kJ]            6.25617        1.56404        1.56405        1.56405        1.56404
-> Brake Power     [%]           29.894         29.894         29.894         29.894         29.894
-> Loss: Friction  [%]            8.943          8.943          8.943          8.943          8.943
-> Loss: Piston    [%]            4.085          4.085          4.085          4.085          4.085
-> Loss: Head      [%]            4.651          4.651          4.651          4.651          4.651
-> Loss: Liner     [%]            4.466          4.466          4.466          4.466          4.466
-> Loss: Int. Port [%]           -0.023         -0.023         -0.023         -0.023         -0.023
-> Loss: Exh. Port [%]            0.314          0.314          0.314          0.314          0.314
-> Loss: Exh. Gas  [%]           48.307         48.307         48.307         48.307         48.307
Eff. Rel. Energy [kJ]           6.22526        1.55631        1.55632        1.55632        1.55631
Gross Rel. Energy [kJ]          6.25617        1.56404        1.56405        1.56405        1.56404
Eff.Gross Rel.Ener.[kJ]         6.22526        1.55631        1.55632        1.55632        1.55631
Energy Balance [-]               0.9978         0.9978         0.9978         0.9978         0.9978
Eff. Energy Balance [-]          0.9929         0.9929         0.9929         0.9929         0.9929

Blowby:
-------
Blowbymass [g]                 0.000000       0.000000       0.000000       0.000000       0.000000
Blowbymassfl. [g/s]            0.000000       0.000000       0.000000       0.000000       0.000000
Blowby Heat Flow [kJ]          0.000000       0.000000       0.000000       0.000000       0.000000

Reference Values at Start of High Pressure:
-------------------------------------------
Pressure at SHP[bar]             1.9457         1.9457         1.9457         1.9457         1.9457
Temperature [K]                  448.73         448.74         448.73         448.73         448.74
Air Massfl.  [g/s]           143.380707      35.845256      35.845125      35.845095      35.845231
Fuel Massfl. [g/s]             9.888875       2.472213       2.472225       2.472224       2.472213
Trapp. Eff. Air [-]              1.0000         1.0000         1.0000         1.0000         1.0000
Trapp. Eff.Fuel [-]              1.0000         1.0000         1.0000         1.0000         1.0000
A/F-Ratio (Cmb.) [-]              14.66          14.66          14.66          14.66          14.66
Excess Air Ratio [-]             1.0112         1.0112         1.0112         1.0112         1.0112

Reference Values at Start Of Combustion:
----------------------------------------
Pressure [bar]                  15.1944        15.1946        15.1940        15.1947        15.1943
Temperature [K]                  724.41         724.41         724.40         724.41         724.41

Residual Gas:
-------------
Res.gas content [-]              0.0257         0.0257         0.0257         0.0257         0.0257
External EGR [-]                 0.0000         0.0000         0.0000         0.0000         0.0000
Internal EGR [-]                 0.0257         0.0257         0.0257         0.0257         0.0257
Com.Prod.Mass. at EO [g]       2.354185       0.588546       0.588546       0.588547       0.588547
Res.gas mass at SHP [g]        0.057541       0.014385       0.014386       0.014385       0.014385
Res.gas aspirated IN [g]       0.000000       0.000000       0.000000       0.000000       0.000000
Res.gas from intake [g]        0.000000       0.000000       0.000000       0.000000       0.000000
Rel. to Total [-]                0.0000         0.0000         0.0000         0.0000         0.0000
Res.gas flow EX [g]            2.296672       0.574168       0.574168       0.574168       0.574169
Res.gas from exhaust [g]       0.000397       0.000099       0.000100       0.000099       0.000099
Rel. to Total [-]                0.0069         0.0069         0.0069         0.0069         0.0069

Gas Exchange:
-------------
Volumetric Eff. [-]              0.9208         0.9208         0.9208         0.9208         0.9208
Rel. to Ave. [-]                                1.0000         1.0000         1.0000         1.0000
Total Mass at SHP[g]             2.2401         0.5600         0.5600         0.5600         0.5600
Mass Delivered [g]              2.15071        0.53768        0.53768        0.53768        0.53768
Mass Delivered [g/s]          143.38071       35.84526       35.84513       35.84509       35.84523
Delivery Ratio [-]               0.9208         0.9208         0.9208         0.9208         0.9208
Rel. to Ave. [-]                                1.0000         1.0000         1.0000         1.0000
Av.Airmass at SHP[g]             2.1507         0.5377         0.5377         0.5377         0.5377
Air Delivered [g]               2.15071        0.53768        0.53768        0.53768        0.53768
Air Delivered [g/s]           143.38071       35.84526       35.84513       35.84509       35.84523
Airdeliveryratio [-]             0.9208         0.9208         0.9208         0.9208         0.9208
Rel. to Ave. [-]                                1.0000         1.0000         1.0000         1.0000
Airmass Trapped [g]             2.15068        0.53767        0.53767        0.53767        0.53767
Airmass Trapped [g/s]         143.37852       35.84467       35.84454       35.84467       35.84464
Trapp. Eff. Air [-]              1.0000         1.0000         1.0000         1.0000         1.0000
Rel. to Ave. [-]                                1.0000         1.0000         1.0000         1.0000
Airpurity [-]                    0.9601         0.9601         0.9601         0.9601         0.9601
Dyn. Swirl [-]                   0.0000         0.0000         0.0000         0.0000         0.0000
Dyn. Tumble [-]                  0.0000         0.0000         0.0000         0.0000         0.0000

Wall Heatlosses:
----------------
Piston [kJ]                     -0.2555        -0.0639        -0.0639        -0.0639        -0.0639
Piston Temperature [K]                          580.00         580.00         580.00         580.00
Cylinderhead [kJ]              -0.29098       -0.07275       -0.07275       -0.07275       -0.07275
Head Temperature [K]                            705.00         705.00         705.00         705.00
Cylinderliner [kJ]             -0.27939       -0.06985       -0.06985       -0.06985       -0.06985
LinerTDC Temperature [K]                        467.00         467.00         467.00         467.00
LinerBDC Temperature [K]                        460.00         460.00         460.00         460.00
Sum of Wallheat [kJ]           -0.82592       -0.20648       -0.20648       -0.20648       -0.20648
Wall Heatlosses in High Pressure Phase:
Piston HP [kJ]                 -0.21799       -0.05450       -0.05450       -0.05450       -0.05450
Cylinderhead HP [kJ]           -0.25875       -0.06469       -0.06469       -0.06469       -0.06469
Cylinderliner HP [kJ]          -0.12159       -0.03040       -0.03040       -0.03040       -0.03040
Sum of Wallheat HP [kJ]        -0.59833       -0.14958       -0.14958       -0.14958       -0.14958
Wall Heatlosses Related to Heatinput:
Piston [-]                      -0.0396        -0.0396        -0.0396        -0.0396        -0.0396
Cylinderhead [-]                -0.0451        -0.0451        -0.0451        -0.0451        -0.0451
Cylinderliner [-]               -0.0433        -0.0433        -0.0433        -0.0433        -0.0433
Sum of Wallheat [-]             -0.1280        -0.1280        -0.1280        -0.1280        -0.1280
M. Eff. HTC [W/m2/K]             726.66         726.66         726.66         726.66         726.66
M. Eff. Temp. [K]               1584.15        1584.15        1584.15        1584.15        1584.15

Reference Values at EO:
-----------------------
Pressure [bar]                     6.33           6.33           6.33           6.33           6.33
Temperature [K]                 1767.16        1767.16        1767.16        1767.16        1767.16
A/F-Ratio [-]                     14.51          14.51          14.51          14.51          14.51
Com.Prod.Conc. [-]              0.99901        0.99901        0.99901        0.99901        0.99901
Fuel Concentr. [-]             0.000126       0.000126       0.000126       0.000126       0.000126

Average Values of Pipeattachements:
-----------------------------------
 Attached Pipe                                       1              3              5              7
Vlv/Prt.Op.Clr.0mm[deg]                         354.00         354.00         354.00         354.00
Vlv/Prt.Op.Eff.0mm[deg]                         354.00         354.00         354.00         354.00
Vlv/Prt.Op.Eff.1mm[deg]                         376.50         376.50         376.50         376.50
Vlv/Prt.Op.Udef.mm[deg]                         354.00         354.00         354.00         354.00
Vlv/Prt.Cl.Clr.0mm[deg]                         624.00         624.00         624.00         624.00
Vlv/Prt.Cl.Eff.0mm[deg]                         624.00         624.00         624.00         624.00
Vlv/Prt.Cl.Eff.1mm[deg]                         591.53         591.53         591.53         591.53
Vlv/Prt.Cl.Udef.mm[deg]                         624.00         624.00         624.00         624.00
Cam Phasing [deg]                                 0.00           0.00           0.00           0.00
Massflow [g/cycle]                            0.537679       0.537677       0.537676       0.537678
Wallheat [kJ/cycle]                           0.000365       0.000365       0.000365       0.000365
rel.to Heatinp.[-]                              0.0002         0.0002         0.0002         0.0002
 Attached Pipe                                       2              4              6              8
Vlv/Prt.Op.Clr.0mm[deg]                         124.00         124.00         124.00         124.00
Vlv/Prt.Op.Eff.0mm[deg]                         124.00         124.00         124.00         124.00
Vlv/Prt.Op.Eff.1mm[deg]                         144.84         144.84         144.84         144.84
Vlv/Prt.Op.Udef.mm[deg]                         124.00         124.00         124.00         124.00
Vlv/Prt.Cl.Clr.0mm[deg]                         384.00         384.00         384.00         384.00
Vlv/Prt.Cl.Eff.0mm[deg]                         384.00         384.00         384.00         384.00
Vlv/Prt.Cl.Eff.1mm[deg]                         350.00         350.00         350.00         350.00
Vlv/Prt.Cl.Udef.mm[deg]                         384.00         384.00         384.00         384.00
Cam Phasing [deg]                                 0.00           0.00           0.00           0.00
Massflow [g/cycle]                            0.574759       0.574760       0.574759       0.574760
Wallheat [kJ/cycle]                          -0.004906      -0.004906      -0.004906      -0.004906
rel.to Heatinp.[-]                             -0.0030        -0.0030        -0.0030        -0.0030

FLOWRESTRICTIONS: Average Values
--------------------------------
 Flr. Att.Pi.  Massflow  Att.Pi.  Massflow
  nr.  number [g/cycle]   number [g/cycle]
    1       2    0.5748       11    0.5748
    2       1    0.5377       17    0.5377
    3       4    0.5748        9    0.5748
    4       3    0.5377       18    0.5377
    5       6    0.5748       10    0.5748
    6       5    0.5377       19    0.5377
    7       8    0.5748       12    0.5748
    8       7    0.5377       20    0.5377

JUNCTIONS: Average Values
-------------------------
Junction   1: Attached pipe   9:     -0.5748 g/cycle
              Attached pipe  10:     -0.5748 g/cycle
              Attached pipe  14:     -1.1495 g/cycle
Junction   2: Attached pipe  11:     -0.5748 g/cycle
              Attached pipe  12:     -0.5748 g/cycle
              Attached pipe  13:     -1.1497 g/cycle
Junction   3: Attached pipe  13:     -1.1497 g/cycle
              Attached pipe  14:     -1.1495 g/cycle
              Attached pipe  15:     -2.2992 g/cycle

OVERALL ENGINE PERFORMANCE:
===========================

Indicated Torque          :    193.35 Nm                    Indicated Specific Torque :     96.76 Nm/l
Indicated Power           :    161.98 kW,       220.24 PS   Indicated Specific Power  :     81.06 kW/l,     110.22 PS/l
Friction Torque           :     44.52 Nm                    Friction Power            :     37.30 kW
Effective Torque          :    148.83 Nm                    Effective Specific Torque :     74.48 Nm/l
Effective Power           :    124.68 kW,       169.52 PS   Effective Specific Power  :     62.40 kW/l,      84.84 PS/l

Required time for reading the inputfile and initialisation:       0.07 min
Required time for the calculation: .........................      0.07 min
Required time for writing the outputfile: ..................      0.00 min
Required total time: .......................................      0.14 min
Required total CPU-time: ...................................      4.08 sec
