 --------------------------------
 AVL - B O O S T
 Version:        v2022.1.0.0.0
 Build:          Apr 27 2022 22:44:48
 Git Build Hash: 7670062eda46b95e13935a621f250d93513addf7
 System:         x86_64-unknown-winnt_i19v19
 --------------------------------

LICENSE
-------
 sys_1DCFD_solver 2022.0@ License will expire in 218 days

PROJECT
-------
 Preprocessor Version :  2022.1
 Calculation date     : 14.10.2025
 File     : single500_GDi.bst
 Case Set : "Case Set 1"
 Case     : "Case 8"
 
 Project ID: "4-Cylinder"
 Run ID:     "WOT"
 Model date: "7.3.2000"

ELEMENTS
--------
 Element Name        Number

 PIPE                  23
 SYSTEMBOUNDARY         2
 CYLINDER               4
 RESTRICTION            8
 MEASURINGPOINT         8
 JUNCTION               7
 ENGINE                 1
 PIPE_END              46
 ALL_PIPES             23
 ALL_BOUNDARIES         2
 RESTRICTIONS           8
 ALL_PIDS               1
 PIPE_VAR_WALL_TEMP    23

GLOBAL DATA
-----------
  Engine Speed :         3500.0  rpm
  Calculationmode:        BOOST  Single
  Cycle Duration:        720.00  degrees
  Max. calc. period:   14400.00  degrees
  Cycles calculated:         20  cycles
  Calc. time steps:     0.89866  degrees (max)
                        0.62084  degrees
                        0.02956  ms
                        0.62084  degrees (short pipe)
                        0.02956  ms (short pipe)
  Traces results step:  5.00000  degrees
  User concentrations:        0
  Ref. pressure:      100000.00  Pa
  Ref. temperature:     298.000  K
  Gas properties:      Variable
  Gasproperties File:     GASOLINE.BGP
     bgp_build_version:   v2013.0.0.0.0
     bgp_build_host:      boosthost
     bgp_build_user:      boost
     bgp_build_date:      2012.03.23
     bgp_build_time:      08:00:00
  Lower calorific:  0.43500E+08  J/kg
  Stoic. A/F-ratio:      14.500

  Warnings:                   0
  Convergence errors:       342

PIPES
-----

 Total number of pipe cells:     89

 Pipe   Cells   Cell size       W.Heat     Wall T    Fric. coeff.   Lam. Fric. Coeff.  Heat Factor       Volume
  nr.                [mm]         [kJ]        [K]             [-]                 [-]          [-]        [dm3]
    1       2        40.0        0.001     340.00        0.040000           64.000000     1.000000     0.070513
    2       2        30.0       -0.006     850.00        0.040000           64.000000     1.000000     0.048255
    3       2        40.0        0.001     340.00        0.040000           64.000000     1.000000     0.070513
    4       2        30.0       -0.006     850.00        0.040000           64.000000     1.000000     0.048255
    5       2        40.0        0.001     340.00        0.040000           64.000000     1.000000     0.070513
    6       2        30.0       -0.006     850.00        0.040000           64.000000     1.000000     0.048255
    7       2        40.0        0.001     340.00        0.040000           64.000000     1.000000     0.070513
    8       2        30.0       -0.006     850.00        0.040000           64.000000     1.000000     0.048255
    9       3        30.3        0.001     300.00        0.019000           64.000000     1.000000     0.092423
   10       3        36.7        0.000     300.00        0.019000           64.000000     1.000000     0.111966
   11       2        40.0        0.001     300.00        0.019000           64.000000     1.000000     0.081430
   12       3        36.7        0.000     300.00        0.019000           64.000000     1.000000     0.111966
   13       3        36.7        0.000     300.00        0.019000           64.000000     1.000000     0.111966
   14       2        40.0        0.000     300.00        0.019000           64.000000     1.000000     0.081430
   15       2        40.0        0.000     300.00        0.019000           64.000000     1.000000     0.081430
   16       3        36.7        0.000     300.00        0.019000           64.000000     1.000000     0.111966
   17      10        30.0       -0.109     300.00        0.019000           64.000000     1.000000     0.376991
   18      10        30.0       -0.110     300.00        0.019000           64.000000     1.000000     0.376991
   19      10        30.0       -0.108     300.00        0.019000           64.000000     1.000000     0.376991
   20      10        30.0       -0.112     300.00        0.019000           64.000000     1.000000     0.376991
   21       1        50.0       -0.033     300.00        0.019000           64.000000     1.000000     0.062832
   22       1        50.0       -0.033     300.00        0.019000           64.000000     1.000000     0.062832
   23      10        31.2       -0.248     300.00        0.019000           64.000000     1.000000     0.392071


MEASURINGPOINTS: Average Values
-------------------------------
 Mp. Pipe Location   Diameter  Pressure  Temp. Ms.Temp.  Velo.   Massflow   Massflow To.Ent.f.  To.Ent.f.  Mach. Wtemp.  Converg.
 nr.  nr.     [mm]       [mm]     [bar]    [K]      [K]  [m/s]      [g/s]  [g/cycle]    [kJ/s]  [kJ/cyc.]    [-]    [K]       [-]
  1   1    10.0000    33.5000    0.9647  300.2    290.7   16.1    15.8261     0.5426    -0.059    -0.0020   0.05  340.0 0.390E-07
  2  19    10.0000    40.0000    1.1484 1043.9   1274.2   37.7    16.9268     0.5803    20.358     0.6980   0.06  300.0 0.948E-07
  3   3    10.0000    33.5000    0.9655  304.2    292.3   16.4    16.0386     0.5499    -0.038    -0.0013   0.05  340.0 0.233E-07
  4  17    10.0000    40.0000    1.1474 1043.2   1275.0   38.3    17.1680     0.5886    20.688     0.7093   0.06  300.0 0.893E-07
  5   5    10.0000    33.5000    0.9677  301.0    287.4   18.0    16.4763     0.5649    -0.098    -0.0034   0.05  340.0 0.184E-06
  6  18    10.0000    40.0000    1.1474 1042.0   1277.8   38.9    17.6366     0.6047    21.335     0.7315   0.06  300.0 0.229E-06
  7   7    10.0000    33.5000    0.9703  299.0    289.6   18.4    17.2050     0.5899    -0.068    -0.0023   0.05  340.0 0.152E-06
  8  20    10.0000    40.0000    1.1479 1037.7   1278.4   40.2    18.4219     0.6316    22.351     0.7663   0.06  300.0 0.256E-06

SYSTEMBOUNDARIES
Attachments
-----------
 Type                 Nr.   Pipe       Mass flow
                             Nr.       [g/cycle]
 SYSTEMBOUNDARY        1      9          2.2482
 SYSTEMBOUNDARY        2     23          2.4042

CYLINDERS: Average Values
-------------------------
                               Total
                              Engine         Cyl.   1       Cyl.   2       Cyl.   3       Cyl.   4
Firing TDC [deg]                                  0.00         540.00         180.00         360.00
Bore [mm]                                        86.00          86.00          86.00          86.00
Stroke [mm]                                      86.00          86.00          86.00          86.00
Conrodl. [mm]                                   143.50         143.50         143.50         143.50
Piston pin offset [mm]                            0.00           0.00           0.00           0.00
Swept Vol. [l]                   1.9982         0.4996         0.4996         0.4996         0.4996
Compression ratio [-]                            10.50          10.50          10.50          10.50
Dyn. Comp. ratio [-]                              7.97           8.00           8.01           7.98

Combustion Data:
----------------
Combustion Char.                               2Z-Vibe        2Z-Vibe        2Z-Vibe        2Z-Vibe     
Comb.start [deg]                                 -5.00          -5.00          -5.00          -5.00
Comb.dur.1 [deg]                                 50.00          50.00          50.00          50.00
Peak Fir.Pres. [bar]              57.36          55.30          56.10          57.76          60.28
at Crankangle [deg]               18.76          18.66          19.00          18.77          18.61
Peak Pres.Rise[bar/deg]            2.20           2.13           2.16           2.21           2.31
at Crankangle [deg]                6.77           6.78           6.76           6.79           6.77
Peak Fir. Temp. [K]             2518.91        2511.94        2515.21        2521.52        2526.99
at Crankangle [deg]               29.39          29.34          29.47          29.52          29.22
Peak T_burned [K]               2685.63        2678.26        2681.54        2688.18        2694.52
at Crankangle [deg]               15.13          15.15          15.10          15.17          15.12
Res. Gascompr. [bar]               1.19           1.27           1.25           1.12           1.12
at Crankangle [deg]              350.76         359.44         359.02         341.84         342.75
Evaporation Energy [kJ]         -0.0456        -0.0110        -0.0112        -0.0115        -0.0120
Required O.N. [-]                 93.43          87.90          88.81          91.31          93.43
Knock Intensity [-]               -1.00           0.00           0.00           0.00           0.00

Emissions (Classic Species Transport):
--------------------------------------
NOx: Calculated based on MTZ 34 1973 (12).
CO:  Calculated based on SAE 2002-01-0006.
HC:  Calculated based on SAE 2002-01-0006.
NOX   [g/kWh]                  7.841536       7.441437       7.606982       8.002856       8.273075
NOX   [g/h]                  541.851427     124.081590     128.784449     138.470539     150.514849
NOX   [ppm]                     2076.41        1970.81        2016.67        2110.60        2196.35
CO    [g/kWh]                  0.614190       0.602085       0.616152       0.623403       0.614699
CO    [g/h]                   42.440656      10.039413      10.431307      10.786515      11.183421
CO    [ppm]                      174.22         170.82         174.98         176.12         174.82
HC    [g/kWh]                  0.519165       0.536659       0.526322       0.517512       0.498043
HC    [g/h]                   35.874370       8.948478       8.910505       8.954328       9.061059
HC    [ppm]                       98.21         101.54          99.69          97.51          94.46

Performance:
------------
IMEP [bar]                      13.2420        12.8297        13.0050        13.2609        13.8722
Rel. to Ave. [-]                                0.9689         0.9821         1.0014         1.0476
IMEP Exh. [bar]                 -1.0002        -0.9968        -0.9982        -1.0006        -1.0051
IMEP Int. [bar]                  0.8845         0.9209         0.9199         0.8386         0.8587
IMEP Gasex. [bar]               -0.1157        -0.0759        -0.0783        -0.1621        -0.1464
IMEP HP [bar]                   13.3576        12.9056        13.0833        13.4230        14.0186
FMEP [bar]                       1.3857         1.3857         1.3857         1.3857         1.3857
BMEP [bar]                      11.8562        11.4440        11.6193        11.8752        12.4865
AMEP;SMEP [bar]                  0.0000         0.0000         0.0000         0.0000         0.0000
ISFC [g/kWh]                   211.0582       210.2528       210.3662       211.9353       211.6133
Rel. to Ave. [-]                                0.9962         0.9967         1.0042         1.0026
ISFC (tr.f.) [g/kWh]           211.0582       210.2528       210.3662       211.9353       211.6133
BSFC [g/kWh]                   235.7259       235.7116       235.4545       236.6661       235.0976
Indicated Eff. [-]               0.3921         0.3936         0.3934         0.3905         0.3911
Iso vol. comb. Eff [-]           0.9293         0.9294         0.9294         0.9293         0.9293
Polytropic Coeff. [-]                           1.2833         1.2832         1.2818         1.2814

Fuel Mass Balance:
------------------
Inj. Fuelmass [g]              0.155122       0.037430       0.037963       0.038997       0.040732
Asp.Trap. Fuelmass [g]         0.000009       0.000002       0.000001       0.000003       0.000003
Fuelmassfl.(A+I) [g/s]         4.524639       1.091764       1.107275       1.137485       1.188114
Fuelmass tot.trap. [g]         0.155130       0.037432       0.037964       0.039000       0.040735
Trapped Fuelm.fl.[g/s]         4.524639       1.091764       1.107275       1.137485       1.188114
Trapp. Eff. Fuel [-]             1.0000         1.0000         1.0000         1.0000         1.0000

Energy Balance Cylinder:
------------------------
Fuel Energy [kJ]                6.74889        1.62843        1.65160        1.69668        1.77219
Released Energy [kJ]            6.54208        1.57863        1.60098        1.64462        1.71784
-> Brake Power     [%]           36.214         36.214         36.256         36.071         36.311
-> Loss: Friction  [%]            4.233          4.385          4.324          4.209          4.030
-> Loss: Piston    [%]            3.854          3.862          3.861          3.863          3.831
-> Loss: Head      [%]            4.794          4.801          4.802          4.807          4.768
-> Loss: Liner     [%]            4.910          4.922          4.932          4.921          4.867
-> Loss: Int. Port [%]            0.020          0.024          0.025          0.020          0.011
-> Loss: Exh. Port [%]            0.435          0.443          0.440          0.434          0.423
-> Loss: Exh. Gas  [%]           45.972         45.779         45.819         46.108         46.164
Eff. Rel. Energy [kJ]           6.53243        1.57631        1.59866        1.64217        1.71529
Gross Rel. Energy [kJ]          6.54208        1.57863        1.60098        1.64462        1.71784
Eff.Gross Rel.Ener.[kJ]         6.53243        1.57631        1.59866        1.64217        1.71529
Energy Balance [-]               0.9988         0.9989         0.9988         0.9987         0.9988
Eff. Energy Balance [-]          0.9973         0.9974         0.9973         0.9973         0.9973

Blowby:
-------
Blowbymass [g]                 0.000000       0.000000       0.000000       0.000000       0.000000
Blowbymassfl. [g/s]            0.000000       0.000000       0.000000       0.000000       0.000000
Blowby Heat Flow [kJ]          0.000000       0.000000       0.000000       0.000000       0.000000

Reference Values at Start of High Pressure:
-------------------------------------------
Pressure at SHP[bar]             1.6782         1.6113         1.6301         1.6944         1.7771
Temperature [K]                  412.48         408.54         409.47         415.29         416.62
Air Massfl.  [g/s]            65.603910      15.829777      16.055135      16.492646      17.226353
Fuel Massfl. [g/s]             4.524639       1.091764       1.107275       1.137485       1.188114
Trapp. Eff. Air [-]              1.0000         1.0000         1.0000         1.0000         1.0000
Trapp. Eff.Fuel [-]              1.0000         1.0000         1.0000         1.0000         1.0000
A/F-Ratio (Cmb.) [-]              14.54          14.54          14.54          14.54          14.54
Excess Air Ratio [-]             1.0029         1.0029         1.0029         1.0029         1.0029

Reference Values at Start Of Combustion:
----------------------------------------
Pressure [bar]                  24.6662        23.7265        24.0582        24.9117        25.9686
Temperature [K]                  764.34         758.56         760.39         768.76         769.67

Residual Gas:
-------------
Res.gas content [-]              0.0579         0.0602         0.0589         0.0579         0.0550
External EGR [-]                 0.0000        -0.0000        -0.0000         0.0000         0.0000
Internal EGR [-]                 0.0579         0.0602         0.0589         0.0579         0.0550
Com.Prod.Mass. at EO [g]       2.542073       0.614807       0.622738       0.639039       0.665490
Res.gas mass at SHP [g]        0.140088       0.035194       0.034890       0.035208       0.034796
Res.gas aspirated IN [g]       0.000001      -0.000001      -0.000009       0.000004       0.000008
Res.gas from intake [g]        0.041980       0.011626       0.011674       0.010801       0.007878
Rel. to Total [-]                0.2997         0.3303         0.3346         0.3068         0.2264
Res.gas flow EX [g]            2.402075       0.579638       0.587844       0.603856       0.630738
Res.gas from exhaust [g]       0.048574       0.012516       0.012170       0.012278       0.011610
Rel. to Total [-]                0.3467         0.3556         0.3488         0.3487         0.3337

Gas Exchange:
-------------
Volumetric Eff. [-]              0.9630         0.9295         0.9427         0.9684         1.0115
Rel. to Ave. [-]                                0.9652         0.9789         1.0056         1.0503
Total Mass at SHP[g]             2.4174         0.5847         0.5922         0.6077         0.6328
Mass Delivered [g]              2.24915        0.54271        0.55042        0.56543        0.59060
Mass Delivered [g/s]           65.60009       15.82890       16.05390       16.49161       17.22569
Delivery Ratio [-]               0.9630         0.9295         0.9427         0.9684         1.0115
Rel. to Ave. [-]                                0.9652         0.9789         1.0056         1.0503
Av.Airmass at SHP[g]             2.2493         0.5427         0.5505         0.5655         0.5906
Air Delivered [g]               2.24928        0.54274        0.55046        0.56546        0.59062
Air Delivered [g/s]            65.60391       15.82978       16.05513       16.49265       17.22635
Airdeliveryratio [-]             0.9630         0.9295         0.9427         0.9684         1.0115
Rel. to Ave. [-]                                0.9652         0.9789         1.0056         1.0503
Airmass Trapped [g]             2.24928        0.54274        0.55046        0.56546        0.59062
Airmass Trapped [g/s]          65.60391       15.82978       16.05513       16.49265       17.22635
Trapp. Eff. Air [-]              1.0000         1.0000         1.0000         1.0000         1.0000
Rel. to Ave. [-]                                1.0000         1.0000         1.0000         1.0000
Airpurity [-]                    0.9305         0.9282         0.9295         0.9305         0.9334
Dyn. Swirl [-]                   0.0000         0.0000         0.0000         0.0000         0.0000
Dyn. Tumble [-]                  0.0000         0.0000         0.0000         0.0000         0.0000

Wall Heatlosses:
----------------
Piston [kJ]                     -0.2521        -0.0610        -0.0618        -0.0635        -0.0658
Piston Temperature [K]                          535.00         535.00         535.00         535.00
Cylinderhead [kJ]              -0.31363       -0.07579       -0.07687       -0.07906       -0.08191
Head Temperature [K]                            570.00         570.00         570.00         570.00
Cylinderliner [kJ]             -0.32120       -0.07771       -0.07896       -0.08092       -0.08360
LinerTDC Temperature [K]                        443.00         443.00         443.00         443.00
LinerBDC Temperature [K]                        437.00         437.00         437.00         437.00
Sum of Wallheat [kJ]           -0.88696       -0.21446       -0.21766       -0.22352       -0.23132
Wall Heatlosses in High Pressure Phase:
Piston HP [kJ]                 -0.21601       -0.05223       -0.05289       -0.05440       -0.05650
Cylinderhead HP [kJ]           -0.27210       -0.06578       -0.06662       -0.06853       -0.07118
Cylinderliner HP [kJ]          -0.17889       -0.04331       -0.04372       -0.04503       -0.04684
Sum of Wallheat HP [kJ]        -0.66701       -0.16131       -0.16323       -0.16795       -0.17452
Wall Heatlosses Related to Heatinput:
Piston [-]                      -0.0374        -0.0374        -0.0374        -0.0375        -0.0371
Cylinderhead [-]                -0.0465        -0.0465        -0.0465        -0.0466        -0.0462
Cylinderliner [-]               -0.0476        -0.0477        -0.0478        -0.0477        -0.0472
Sum of Wallheat [-]             -0.1314        -0.1317        -0.1318        -0.1318        -0.1305
M. Eff. HTC [W/m2/K]             387.80         380.03         383.60         388.16         399.41
M. Eff. Temp. [K]               1348.01        1337.52        1341.34        1353.91        1359.29

Reference Values at EO:
-----------------------
Pressure [bar]                     6.40           6.16           6.28           6.45           6.72
Temperature [K]                 1718.05        1711.39        1716.31        1720.32        1724.19
A/F-Ratio [-]                     14.50          14.50          14.50          14.50          14.50
Com.Prod.Conc. [-]              0.99909        0.99914        0.99909        0.99905        0.99907
Fuel Concentr. [-]             0.000059       0.000056       0.000060       0.000062       0.000061

Average Values of Pipeattachements:
-----------------------------------
 Attached Pipe                                       1              3              5              7
Vlv/Prt.Op.Clr.0mm[deg]                         340.00         340.00         340.00         340.00
Vlv/Prt.Op.Eff.0mm[deg]                         340.00         340.00         340.00         340.00
Vlv/Prt.Op.Eff.1mm[deg]                         362.50         362.50         362.50         362.50
Vlv/Prt.Op.Udef.mm[deg]                         340.00         340.00         340.00         340.00
Vlv/Prt.Cl.Clr.0mm[deg]                         610.00         610.00         610.00         610.00
Vlv/Prt.Cl.Eff.0mm[deg]                         610.00         610.00         610.00         610.00
Vlv/Prt.Cl.Eff.1mm[deg]                         577.52         577.52         577.53         577.52
Vlv/Prt.Cl.Udef.mm[deg]                         610.00         610.00         610.00         610.00
Cam Phasing [deg]                                 0.00           0.00           0.00           0.00
Massflow [g/cycle]                            0.542705       0.550419       0.565427       0.590595
Wallheat [kJ/cycle]                          -0.000384      -0.000403      -0.000331      -0.000196
rel.to Heatinp.[-]                             -0.0002        -0.0002        -0.0002        -0.0001
 Attached Pipe                                       2              4              6              8
Vlv/Prt.Op.Clr.0mm[deg]                         130.00         130.00         130.00         130.00
Vlv/Prt.Op.Eff.0mm[deg]                         130.00         130.00         130.00         130.00
Vlv/Prt.Op.Eff.1mm[deg]                         150.84         150.84         150.84         150.84
Vlv/Prt.Op.Udef.mm[deg]                         130.00         130.00         130.00         130.00
Vlv/Prt.Cl.Clr.0mm[deg]                         390.00         390.00         390.00         390.00
Vlv/Prt.Cl.Eff.0mm[deg]                         390.00         390.00         390.00         390.00
Vlv/Prt.Cl.Eff.1mm[deg]                         356.00         356.00         356.00         356.00
Vlv/Prt.Cl.Udef.mm[deg]                         390.00         390.00         390.00         390.00
Cam Phasing [deg]                                 0.00           0.00           0.00           0.00
Massflow [g/cycle]                            0.580135       0.588382       0.604428       0.631328
Wallheat [kJ/cycle]                          -0.006996      -0.007041      -0.007140      -0.007266
rel.to Heatinp.[-]                             -0.0043        -0.0043        -0.0042        -0.0041

FLOWRESTRICTIONS: Average Values
--------------------------------
 Flr. Att.Pi.  Massflow  Att.Pi.  Massflow
  nr.  number [g/cycle]   number [g/cycle]
    1       2    0.5801       19    0.5803
    2       1    0.5427       10    0.5427
    3       4    0.5884       17    0.5885
    4       3    0.5504       12    0.5504
    5       6    0.6044       18    0.6046
    6       5    0.5654       13    0.5654
    7       8    0.6313       20    0.6315
    8       7    0.5906       16    0.5905

JUNCTIONS: Average Values
-------------------------
Junction   1: Attached pipe   9:     -2.2482 g/cycle
              Attached pipe  10:     -0.5427 g/cycle
              Attached pipe  11:     -1.7054 g/cycle
Junction   2: Attached pipe  11:     -1.7054 g/cycle
              Attached pipe  12:     -0.5504 g/cycle
              Attached pipe  14:     -1.1551 g/cycle
Junction   3: Attached pipe  13:     -0.5654 g/cycle
              Attached pipe  14:     -1.1551 g/cycle
              Attached pipe  15:     -0.5897 g/cycle
Junction   4: Attached pipe  15:     -0.5897 g/cycle
              Attached pipe  16:     -0.5905 g/cycle
Junction   5: Attached pipe  17:     -0.5885 g/cycle
              Attached pipe  18:     -0.6046 g/cycle
              Attached pipe  22:     -1.1929 g/cycle
Junction   6: Attached pipe  19:     -0.5802 g/cycle
              Attached pipe  20:     -0.6315 g/cycle
              Attached pipe  21:     -1.2116 g/cycle
Junction   7: Attached pipe  21:     -1.2116 g/cycle
              Attached pipe  22:     -1.1929 g/cycle
              Attached pipe  23:     -2.4042 g/cycle

OVERALL ENGINE PERFORMANCE:
===========================

Indicated Torque          :    210.57 Nm                    Indicated Specific Torque :    105.38 Nm/l
Indicated Power           :     77.18 kW,       104.93 PS   Indicated Specific Power  :     38.62 kW/l,      52.51 PS/l
Friction Torque           :     22.03 Nm                    Friction Power            :      8.08 kW
Effective Torque          :    188.53 Nm                    Effective Specific Torque :     94.35 Nm/l
Effective Power           :     69.10 kW,        93.95 PS   Effective Specific Power  :     34.58 kW/l,      47.02 PS/l

Required time for reading the inputfile and initialisation:       0.08 min
Required time for the calculation: .........................      0.40 min
Required time for writing the outputfile: ..................      0.00 min
Required total time: .......................................      0.48 min
Required total CPU-time: ...................................     14.81 sec
