 --------------------------------
 AVL - B O O S T
 Version:        v2022.1.0.0.0
 Build:          Apr 27 2022 22:44:48
 Git Build Hash: 7670062eda46b95e13935a621f250d93513addf7
 System:         x86_64-unknown-winnt_i19v19
 --------------------------------

LICENSE
-------
 sys_1DCFD_solver 2022.0@ License will expire in 216 days

PROJECT
-------
 Preprocessor Version :  2022.1
 Calculation date     : 16.10.2025
 File     : Nissan_vr38DETT_PFi_biturbo.bst
 Case Set : "Case Set 1"
 Case     : "Case 5000"
 
 Project ID: "4-Cylinder"
 Run ID:     "WOT"
 Model date: "7.3.2000"

ELEMENTS
--------
 Element Name        Number

 PIPE                  14
 SYSTEMBOUNDARY         2
 PLENUM                 1
 CYLINDER               3
 RESTRICTION            1
 MEASURINGPOINT         1
 AIRCOOLER              1
 CATALYST               1
 TURBOCHARGER           1
 JUNCTION               2
 ENGINE                 1
 MICROPHONE             1
 PIPE_END              32
 ASSEMBLED              2
 ALL_PIPES             16
 ALL_PLENUMS            5
 ALL_BOUNDARIES         2
 ALL_CHARGERS           1
 RESTRICTIONS           1
 ALL_PIDS               1
 PIPE_VAR_WALL_TEMP    16

GLOBAL DATA
-----------
  Engine Speed :         5000.0  rpm
  Calculationmode:        BOOST  Single
  Cycle Duration:        720.00  degrees
  Max. calc. period:   14400.00  degrees
  Cycles calculated:         20  cycles
  Calc. time steps:     1.33973  degrees (max)
                        1.10664  degrees
                        0.03689  ms
  Traces results step:  5.00000  degrees
  User concentrations:        0
  Ref. pressure:      100000.00  Pa
  Ref. temperature:     298.000  K
  Gas properties:      Variable
  Gasproperties File:     GASOLINE.BGP
     bgp_build_version:   v2013.0.0.0.0
     bgp_build_host:      boosthost
     bgp_build_user:      boost
     bgp_build_date:      2012.03.23
     bgp_build_time:      08:00:00
  Lower calorific:  0.43500E+08  J/kg
  Stoic. A/F-ratio:      14.500

  Warnings:                   0
  Convergence errors:        81

PIPES
-----

 Total number of pipe cells:    134

 Pipe   Cells   Cell size       W.Heat     Wall T    Fric. coeff.   Lam. Fric. Coeff.  Heat Factor       Volume
  nr.                [mm]         [kJ]        [K]             [-]                 [-]          [-]        [dm3]
    1       5        32.0       -0.008     850.00        0.040000           64.000000     1.000000     0.314159
    2       5        32.0       -0.007     850.00        0.040000           64.000000     1.000000     0.314159
    3       5        32.0       -0.008     850.00        0.040000           64.000000     1.000000     0.314159
    4      13        30.8       -0.000     300.00        0.019000           64.000000     1.000000     0.407150
    5      11        29.2       -0.000     300.00        0.019000           64.000000     1.000000     1.235353
    6       3        33.3       -0.028     300.00        0.019000           64.000000     1.000000     0.282743
    7       3        33.3       -0.037     300.00        0.019000           64.000000     1.000000     0.196350
    8       5        30.0       -0.035     300.00        0.019000           64.000000     1.000000     0.424115
    9      16        31.2       -0.003     300.00        0.019000           64.000000     1.000000     0.508938
   10      13        30.8       -0.081     300.00        0.019000           64.000000     1.000000     1.697167
   11      34        29.8       -0.213     300.00        0.019000           64.000000     1.000000     1.271717
   12       7        30.0        0.000     300.00        0.019000           64.000000     1.000000     0.480946
   13       7        30.0        0.000     300.00        0.019000           64.000000     1.000000     0.480946
   14       7        30.0        0.000     300.00        0.019000           64.000000     1.000000     0.480946
   15      10        30.0       -0.013     303.15       46.626651      5064235.787684    63.721271     3.000000  COOLER_PIPE     1
   16      10        30.0        0.000     300.00        9.766610       332569.298663     0.000000     3.000000  CATALYST_PIPE     1


MEASURINGPOINTS: Average Values
-------------------------------
 Mp. Pipe Location   Diameter  Pressure  Temp. Ms.Temp.  Velo.   Massflow   Massflow To.Ent.f.  To.Ent.f.  Mach. Wtemp.  Converg.
 nr.  nr.     [mm]       [mm]     [bar]    [K]      [K]  [m/s]      [g/s]  [g/cycle]    [kJ/s]  [kJ/cyc.]    [-]    [K]       [-]
  1   4    20.0000    36.0000    1.8197  307.2    307.2    8.3    17.5080     0.4202     0.161     0.0039   0.02  300.0 0.102E-02

SYSTEMBOUNDARIES
Attachments
-----------
 Type                 Nr.   Pipe       Mass flow
                             Nr.       [g/cycle]
 SYSTEMBOUNDARY        1      5          0.1273
 SYSTEMBOUNDARY        2     11          0.7413

PLENUMS: Average Values
-----------------------
                   Pl. Pressure   Temp.      Mass Wallheat
                   nr.    [bar]     [K]       [g]     [kJ]
 PLENUM             1    1.8211  299.14     2.120    0.000
                                          Attached pipe   4:      0.4528 g/cycle
                                          Attached pipe  12:      0.1820 g/cycle
                                          Attached pipe  13:      0.1801 g/cycle
                                          Attached pipe  14:      0.1838 g/cycle
 AIRCOOLER          1    1.8212  369.46     0.858    0.000
                                          Attached pipe   9:      0.1493 g/cycle
                                          Attached pipe  15:      0.1787 g/cycle
 AIRCOOLER          1    1.8204  307.37     1.031    0.000
                                          Attached pipe   4:      0.4185 g/cycle
                                          Attached pipe  15:      0.3807 g/cycle
 CATALYST           1    1.0210 1044.97     0.051    0.000
                                          Attached pipe  10:      0.7460 g/cycle
                                          Attached pipe  16:      0.7456 g/cycle
 CATALYST           1    1.0128 1056.10     0.050    0.000
                                          Attached pipe  11:      0.7403 g/cycle
                                          Attached pipe  16:      0.7401 g/cycle

PLENUMS
Attachments
-----------
 Type                 Nr.   Pipe       Mass flow
                             Nr.       [g/cycle]
 PLENUM                1      4          0.4528
 PLENUM                1     12          0.1820
 PLENUM                1     13          0.1801
 PLENUM                1     14          0.1838
 AIRCOOLER             1      9          0.1493
 AIRCOOLER             1     15          0.1787
 AIRCOOLER             1      4          0.4185
 AIRCOOLER             1     15          0.3807
 CATALYST              1     10          0.7460
 CATALYST              1     16          0.7456
 CATALYST              1     11          0.7403
 CATALYST              1     16          0.7401

TURBOCHARGERS: Average Values
-----------------------------
                  Compressor                           Turbine                              Efficiencies        Calculation
TCh.    Work    Press.rat.  Boostpres.     Work  Press.rat. Dis.coeff. Turb./tot. VTG-pos Comp. Turb. mech. total      mode
nr.      [kJ]      [-]       [bar]         [kJ]      [-]      [-]        [-]      [-]    [-]    [-]    [-]    [-]
  1     0.0102     1.8006     1.8019     0.0132     1.0656     0.3000     1.0000 1.000    0.700 0.875 0.980 0.600  Boostpressure
  Attached pipe   5:      0.1280 g/cycle
  Attached pipe   9:      0.1280 g/cycle
  Attached pipe  10:      0.7466 g/cycle
  Attached pipe   8:      0.7466 g/cycle

CYLINDERS: Average Values
-------------------------
                               Total
                              Engine         Cyl.   1       Cyl.   2       Cyl.   3
Firing TDC [deg]                                  0.00         240.00         480.00
Bore [mm]                                        77.08          77.08          77.08
Stroke [mm]                                      71.37          71.37          71.37
Conrodl. [mm]                                   145.00         145.00         145.00
Piston pin offset [mm]                            0.00           0.00           0.00
Swept Vol. [l]                   0.9991         0.3330         0.3330         0.3330
Compression ratio [-]                             9.00           9.00           9.00
Dyn. Comp. ratio [-]                              6.15           6.16           6.16

Combustion Data:
----------------
Combustion Char.                               2Z-Vibe        2Z-Vibe        2Z-Vibe     
Comb.start [deg]                                -19.00         -19.00         -19.00
Comb.dur.1 [deg]                                 50.00          50.00          50.00
Comb. Noise [dB(A)]                92.3           92.5           92.2           92.2
Noise Index [kPa]                   0.1            0.0            0.1            0.0
Peak Fir.Pres. [bar]              42.15          42.17          42.43          41.85
at Crankangle [deg]                9.65           9.31           9.87           9.77
Peak Pres.Rise[bar/deg]            1.82           1.81           1.84           1.82
at Crankangle [deg]               -3.83          -3.74          -3.38          -4.37
Peak Fir. Temp. [K]             2635.59        2647.49        2628.99        2630.29
at Crankangle [deg]               15.60          15.16          15.86          15.79
Peak T_burned [K]               2745.07        2757.65        2738.15        2739.40
at Crankangle [deg]                5.23           5.82           4.94           4.92
Res. Gascompr. [bar]               1.12           1.06           0.94           1.35
at Crankangle [deg]              300.24         350.63         353.06         197.04
Evaporation Energy [kJ]         -0.0140        -0.0047        -0.0047        -0.0046
Required O.N. [-]                 61.82          61.10          61.82          61.15
Knock Intensity [-]               -1.00           0.00           0.00           0.00

Emissions (Classic Species Transport):
--------------------------------------
NOx: Calculated based on MTZ 34 1973 (12).
CO:  Calculated based on SAE 2002-01-0006.
HC:  Calculated based on SAE 2002-01-0006.
NOX   [g/kWh]                 12.644971      12.614433      13.685790      11.621076
NOX   [g/h]                  306.201874     102.320445     110.936154      92.945275
NOX   [ppm]                     2693.76        2720.67        2929.90        2433.19
CO    [g/kWh]                 21.084786      16.664698       1.077849      45.844497
CO    [g/h]                  510.574586     135.173672       8.736980     366.663934
CO    [ppm]                     4811.69        3850.29         247.19       10282.64
HC    [g/kWh]                  0.964170       0.996588       0.737811       1.160705
HC    [g/h]                   23.347663       8.083706       5.980646       9.283310
HC    [ppm]                      146.74         153.56         112.85         173.62

Performance:
------------
IMEP [bar]                       7.2169         7.2454         7.2415         7.1637
Rel. to Ave. [-]                                1.0040         1.0034         0.9926
IMEP Exh. [bar]                 -1.0033        -1.0055        -1.0060        -0.9985
IMEP Int. [bar]                  0.4634         0.4430         0.4739         0.4732
IMEP Gasex. [bar]               -0.5400        -0.5625        -0.5320        -0.5253
IMEP HP [bar]                    7.7568         7.8079         7.7736         7.6891
FMEP [bar]                       1.4000         1.4000         1.4000         1.4000
BMEP [bar]                       5.8169         5.8454         5.8415         5.7637
AMEP;SMEP [bar]                  0.0000         0.0000         0.0000         0.0000
ISFC [g/kWh]                   237.7631       237.3122       237.6195       238.3643
Rel. to Ave. [-]                                0.9981         0.9994         1.0025
ISFC (tr.f.) [g/kWh]           237.7631       237.3122       237.6195       238.3643
BSFC [g/kWh]                   294.9876       294.1492       294.5684       296.2627
Indicated Eff. [-]               0.3481         0.3487         0.3483         0.3472
Iso vol. comb. Eff [-]           0.9798         0.9798         0.9798         0.9798
Polytropic Coeff. [-]                           1.2904         1.2934         1.2932

Fuel Mass Balance:
------------------
Inj. Fuelmass [g]              0.047618       0.015905       0.015917       0.015795
Asp.Trap. Fuelmass [g]         0.000003       0.000001       0.000001       0.000001
Fuelmassfl.(A+I) [g/s]         1.984226       0.662765       0.663265       0.658196
Fuelmass tot.trap. [g]         0.047621       0.015906       0.015918       0.015797
Trapped Fuelm.fl.[g/s]         1.984226       0.662765       0.663265       0.658196
Trapp. Eff. Fuel [-]             1.0000         1.0000         1.0000         1.0000

Energy Balance Cylinder:
------------------------
Fuel Energy [kJ]                2.08734        0.70700        0.69280        0.68753
Released Energy [kJ]            2.02849        0.68866        0.67274        0.66710
-> Brake Power     [%]           28.650         28.269         28.918         28.774
-> Loss: Friction  [%]            6.895          6.770          6.931          6.989
-> Loss: Piston    [%]            6.164          6.066          6.219          6.209
-> Loss: Head      [%]            7.413          7.300          7.477          7.464
-> Loss: Liner     [%]            4.348          4.234          4.405          4.408
-> Loss: Int. Port [%]            0.000          0.000          0.000          0.000
-> Loss: Exh. Port [%]            2.413          2.329          2.393          2.520
-> Loss: Exh. Gas  [%]           45.477         45.905         44.680         45.840
Eff. Rel. Energy [kJ]           2.00316        0.67022        0.66951        0.66343
Gross Rel. Energy [kJ]          2.02849        0.68866        0.67274        0.66710
Eff.Gross Rel.Ener.[kJ]         2.00316        0.67022        0.66951        0.66343
Energy Balance [-]               0.9981         0.9982         0.9981         0.9979
Eff. Energy Balance [-]          0.9856         0.9715         0.9933         0.9925

Blowby:
-------
Blowbymass [g]                 0.000000       0.000000       0.000000       0.000000
Blowbymassfl. [g/s]            0.000000       0.000000       0.000000       0.000000
Blowby Heat Flow [kJ]          0.000000       0.000000       0.000000       0.000000

Reference Values at Start of High Pressure:
-------------------------------------------
Pressure at SHP[bar]             1.1852         1.1564         1.2107         1.1885
Temperature [K]                  437.14         435.39         438.75         437.27
Air Massfl.  [g/s]            28.684082       9.391957       9.710976       9.581148
Fuel Massfl. [g/s]             1.984226       0.662765       0.663265       0.658196
Trapp. Eff. Air [-]              1.0000         0.9999         1.0000         1.0000
Trapp. Eff.Fuel [-]              1.0000         1.0000         1.0000         1.0000
A/F-Ratio (Cmb.) [-]              14.61          14.32          14.80          14.72
Excess Air Ratio [-]             1.0078         0.9875         1.0208         1.0152

Reference Values at Start Of Combustion:
----------------------------------------
Pressure [bar]                   9.3273         9.2641         9.4572         9.2607
Temperature [K]                  706.84         705.72         708.79         706.00

Residual Gas:
-------------
Res.gas content [-]              0.0577         0.0546         0.0599         0.0586
External EGR [-]                 0.0000         0.0000         0.0000         0.0000
Internal EGR [-]                 0.0577         0.0546         0.0599         0.0586
Com.Prod.Mass. at EO [g]       0.783567       0.259825       0.263775       0.259967
Res.gas mass at SHP [g]        0.042756       0.013196       0.015059       0.014502
Res.gas aspirated IN [g]       0.000000       0.000000       0.000000       0.000000
Res.gas from intake [g]        0.000000       0.000000       0.000000       0.000000
Rel. to Total [-]                0.0000         0.0000         0.0000         0.0000
Res.gas flow EX [g]            0.741410       0.246692       0.248795       0.245923
Res.gas from exhaust [g]       0.002255       0.000221       0.001378       0.000657
Rel. to Total [-]                0.0527         0.0167         0.0915         0.0453

Gas Exchange:
-------------
Volumetric Eff. [-]              0.5895         0.5790         0.5987         0.5907
Rel. to Ave. [-]                                0.9822         1.0157         1.0021
     Rel. To PL 1 [-]            0.3249         0.3192         0.3300         0.3256
Total Mass at SHP[g]             0.7408         0.2418         0.2514         0.2477
Mass Delivered [g]              0.68309        0.22541        0.22774        0.22994
Mass Delivered [g/s]           28.46195        9.39196        9.48927        9.58073
Delivery Ratio [-]               0.5849         0.5791         0.5851         0.5907
Rel. to Ave. [-]                                0.9899         1.0002         1.0098
     Rel. To PL 1 [-]            0.3224         0.3192         0.3225         0.3256
Av.Airmass at SHP[g]             0.6884         0.2254         0.2331         0.2299
Air Delivered [g]               0.68842        0.22541        0.23306        0.22995
Air Delivered [g/s]            28.68408        9.39196        9.71098        9.58115
Airdeliveryratio [-]             0.5895         0.5791         0.5987         0.5907
Rel. to Ave. [-]                                0.9823         1.0156         1.0021
     Rel. To PL 1 [-]            0.3250         0.3192         0.3300         0.3256
Airmass Trapped [g]             0.68841        0.22539        0.23306        0.22995
Airmass Trapped [g/s]          28.68356        9.39143        9.71098        9.58115
Trapp. Eff. Air [-]              1.0000         0.9999         1.0000         1.0000
Rel. to Ave. [-]                                1.0000         1.0000         1.0000
Airpurity [-]                    0.9292         0.9320         0.9272         0.9285
Dyn. Swirl [-]                   0.0000         0.0000         0.0000         0.0000
Dyn. Tumble [-]                  0.0000         0.0000         0.0000         0.0000

Wall Heatlosses:
----------------
Piston [kJ]                     -0.1250        -0.0418        -0.0418        -0.0414
Piston Temperature [K]                          555.00         555.00         555.00
Cylinderhead [kJ]              -0.15036       -0.05027       -0.05030       -0.04979
Head Temperature [K]                            625.00         625.00         625.00
Cylinderliner [kJ]             -0.08820       -0.02916       -0.02964       -0.02941
LinerTDC Temperature [K]                        453.00         453.00         453.00
LinerBDC Temperature [K]                        447.00         447.00         447.00
Sum of Wallheat [kJ]           -0.36360       -0.12120       -0.12178       -0.12061
Wall Heatlosses in High Pressure Phase:
Piston HP [kJ]                 -0.10980       -0.03676       -0.03668       -0.03635
Cylinderhead HP [kJ]           -0.13543       -0.04536       -0.04523       -0.04483
Cylinderliner HP [kJ]          -0.04684       -0.01560       -0.01568       -0.01556
Sum of Wallheat HP [kJ]        -0.29207       -0.09773       -0.09760       -0.09674
Wall Heatlosses Related to Heatinput:
Piston [-]                      -0.0604        -0.0604        -0.0604        -0.0603
Cylinderhead [-]                -0.0726        -0.0727        -0.0726        -0.0725
Cylinderliner [-]               -0.0426        -0.0421        -0.0428        -0.0428
Sum of Wallheat [-]             -0.1755        -0.1752        -0.1759        -0.1755
M. Eff. HTC [W/m2/K]             318.88         316.66         321.45         318.52
M. Eff. Temp. [K]               1487.53        1496.03        1483.78        1482.77

Reference Values at EO:
-----------------------
Pressure [bar]                     4.17           4.14           4.20           4.15
Temperature [K]                 1700.40        1694.92        1700.67        1705.61
A/F-Ratio [-]                     14.44          14.20          14.59          14.53
Com.Prod.Conc. [-]              0.99922        0.99926        0.99924        0.99917
Fuel Concentr. [-]             0.000079       0.000076       0.000077       0.000083

Average Values of Pipeattachements:
-----------------------------------
 Attached Pipe                                       1              2              3
Vlv/Prt.Op.Clr.0mm[deg]                         118.00         118.00         118.00
Vlv/Prt.Op.Eff.0mm[deg]                         118.00         118.00         118.00
Vlv/Prt.Op.Eff.1mm[deg]                         138.84         138.84         138.84
Vlv/Prt.Op.Udef.mm[deg]                         118.00         118.00         118.00
Vlv/Prt.Cl.Clr.0mm[deg]                         378.00         378.00         378.00
Vlv/Prt.Cl.Eff.0mm[deg]                         378.00         378.00         378.00
Vlv/Prt.Cl.Eff.1mm[deg]                         344.00         344.00         344.00
Vlv/Prt.Cl.Udef.mm[deg]                         378.00         378.00         378.00
Cam Phasing [deg]                                 0.00           0.00           0.00
Massflow [g/cycle]                            0.246895       0.248986       0.246126
Wallheat [kJ/cycle]                          -0.016039      -0.016096      -0.016812
rel.to Heatinp.[-]                             -0.0232        -0.0232        -0.0245
 Attached Pipe                                      13             12             14
Vlv/Prt.Op.Clr.0mm[deg]                         350.00         350.00         350.00
Vlv/Prt.Op.Eff.0mm[deg]                         350.00         350.00         350.00
Vlv/Prt.Op.Eff.1mm[deg]                         372.48         372.48         372.48
Vlv/Prt.Op.Udef.mm[deg]                         350.00         350.00         350.00
Vlv/Prt.Cl.Clr.0mm[deg]                         620.00         620.00         620.00
Vlv/Prt.Cl.Eff.0mm[deg]                         620.00         620.00         620.00
Vlv/Prt.Cl.Eff.1mm[deg]                         587.60         587.60         587.60
Vlv/Prt.Cl.Udef.mm[deg]                         620.00         620.00         620.00
Cam Phasing [deg]                                 0.00           0.00           0.00
Massflow [g/cycle]                            0.225407       0.227742       0.229937
Wallheat [kJ/cycle]                           0.000000       0.000000       0.000000
rel.to Heatinp.[-]                              0.0000         0.0000         0.0000

FLOWRESTRICTIONS: Average Values
--------------------------------
 Flr. Att.Pi.  Massflow  Att.Pi.  Massflow
  nr.  number [g/cycle]   number [g/cycle]
    1       1    0.2470        6    0.2472

ASSEMBLED: Average Values
-------------------------
 Type         Nr.  ----------Inlet-----------   ---------Outlet-----------    ----------------------Core----------------------
                   Pressure Temperat.   Mass    Pressure Temperat.   Mass     Rej.Heat   Rej.Heat    Fric. coeff.  Heat Factor
                    [bar]     [K]        [g]     [bar]      [K]       [g]       [kJ]       [kW]        [-]           [-]
 AIRCOOLER     1    1.8212   369.46     0.858    1.8204   307.37     1.031    -0.0127    -0.5281      46.626651    63.721271
 CATALYST      1    1.0210  1044.97     0.051    1.0128  1056.10     0.050     0.0000     0.0000       9.766610     0.000000

ASSEMBLED
Attachments
-----------
 Type                 Nr.   Pipe       Mass flow
                             Nr.       [g/cycle]
 AIRCOOLER             1      4          0.4185
 AIRCOOLER             1      9          0.1493
 CATALYST              1     10          0.7460
 CATALYST              1     11          0.7403

JUNCTIONS: Average Values
-------------------------
Junction   1: Attached pipe   2:     -0.2506 g/cycle
              Attached pipe   6:     -0.2479 g/cycle
              Attached pipe   7:     -0.4984 g/cycle
Junction   2: Attached pipe   3:     -0.2470 g/cycle
              Attached pipe   7:     -0.4991 g/cycle
              Attached pipe   8:     -0.7457 g/cycle

MICROPHONES
-----------
 Number    Distance     ---Overall dB Level---
              [mm]      [dB(A)]       [db,lin]
   1         500.00     115.171       117.218

OVERALL ENGINE PERFORMANCE:
===========================

Indicated Torque          :     57.38 Nm                    Indicated Specific Torque :     57.43 Nm/l
Indicated Power           :     30.04 kW,        40.85 PS   Indicated Specific Power  :     30.07 kW/l,      40.88 PS/l
Friction Torque           :     11.13 Nm                    Friction Power            :      5.83 kW
Effective Torque          :     46.25 Nm                    Effective Specific Torque :     46.29 Nm/l
Effective Power           :     24.22 kW,        32.92 PS   Effective Specific Power  :     24.24 kW/l,      32.95 PS/l

Required time for reading the inputfile and initialisation:       0.07 min
Required time for the calculation: .........................      0.07 min
Required time for writing the outputfile: ..................      0.00 min
Required total time: .......................................      0.14 min
Required total CPU-time: ...................................      4.17 sec
