 --------------------------------
 AVL - B O O S T
 Version:        v2022.1.0.0.0
 Build:          Apr 27 2022 22:44:48
 Git Build Hash: 7670062eda46b95e13935a621f250d93513addf7
 System:         x86_64-unknown-winnt_i19v19
 --------------------------------

LICENSE
-------
 sys_1DCFD_solver 2022.0@ License will expire in 215 days

PROJECT
-------
 Preprocessor Version :  2022.1
 Calculation date     : 17.10.2025
 File     : unoptsingle500_GDi.bst
 Case Set : "Case Set 1"
 Case     : "Case 10"
 
 Project ID: "4-Cylinder"
 Run ID:     "WOT"
 Model date: "7.3.2000"

ELEMENTS
--------
 Element Name        Number

 PIPE                   4
 SYSTEMBOUNDARY         2
 CYLINDER               1
 RESTRICTION            2
 MEASURINGPOINT         2
 ENGINE                 1
 PIPE_END               8
 ALL_PIPES              4
 ALL_BOUNDARIES         2
 RESTRICTIONS           2
 ALL_PIDS               1
 PIPE_VAR_WALL_TEMP     4

GLOBAL DATA
-----------
  Engine Speed :         2500.0  rpm
  Calculationmode:        BOOST  Single
  Cycle Duration:        720.00  degrees
  Max. calc. period:   14400.00  degrees
  Cycles calculated:         20  cycles
  Calc. time steps:     0.64190  degrees (max)
                        0.59849  degrees
                        0.03990  ms
  Traces results step:  5.00000  degrees
  User concentrations:        0
  Ref. pressure:      100000.00  Pa
  Ref. temperature:     298.000  K
  Gas properties:      Variable
  Gasproperties File:     GASOLINE.BGP
     bgp_build_version:   v2013.0.0.0.0
     bgp_build_host:      boosthost
     bgp_build_user:      boost
     bgp_build_date:      2012.03.23
     bgp_build_time:      08:00:00
  Lower calorific:  0.43500E+08  J/kg
  Stoic. A/F-ratio:      14.500

  Warnings:                   0
  Convergence errors:         0

PIPES
-----

 Total number of pipe cells:     22

 Pipe   Cells   Cell size       W.Heat     Wall T    Fric. coeff.   Lam. Fric. Coeff.  Heat Factor       Volume
  nr.                [mm]         [kJ]        [K]             [-]                 [-]          [-]        [dm3]
    1       2        40.0        0.001     340.00        0.040000           64.000000     1.000000     0.070513
    2       2        30.0       -0.005     850.00        0.040000           64.000000     1.000000     0.048255
    3       3        30.0        0.000     300.00        0.019000           64.000000     1.000000     0.079371
    4      15        31.3       -0.183     300.00        0.019000           64.000000     1.000000     0.377675


MEASURINGPOINTS: Average Values
-------------------------------
 Mp. Pipe Location   Diameter  Pressure  Temp. Ms.Temp.  Velo.   Massflow   Massflow To.Ent.f.  To.Ent.f.  Mach. Wtemp.  Converg.
 nr.  nr.     [mm]       [mm]     [bar]    [K]      [K]  [m/s]      [g/s]  [g/cycle]    [kJ/s]  [kJ/cyc.]    [-]    [K]       [-]
  1   1    10.0000    33.5000    0.9959  308.0    291.7   10.3    10.3927     0.4988    -0.050    -0.0024   0.03  340.0 0.309E-09
  2   4    10.0000    32.0000    1.0455  971.1   1227.6   36.9    11.1147     0.5335    12.800     0.6144   0.06  300.0 0.306E-08

SYSTEMBOUNDARIES
Attachments
-----------
 Type                 Nr.   Pipe       Mass flow
                             Nr.       [g/cycle]
 SYSTEMBOUNDARY        1      3          0.4989
 SYSTEMBOUNDARY        2      4          0.5335

CYLINDERS: Average Values
-------------------------
                               Total
                              Engine         Cyl.   1
Firing TDC [deg]                                  0.00
Bore [mm]                                        86.00
Stroke [mm]                                      86.00
Conrodl. [mm]                                   143.50
Piston pin offset [mm]                            0.00
Swept Vol. [l]                   0.4996         0.4996
Compression ratio [-]                            10.50
Dyn. Comp. ratio [-]                              8.00

Combustion Data:
----------------
Combustion Char.                               2Z-Vibe     
Comb.start [deg]                                 -6.00
Comb.dur.1 [deg]                                 50.00
Peak Fir.Pres. [bar]              51.03          51.03
at Crankangle [deg]               17.97          17.97
Peak Pres.Rise[bar/deg]            2.07           2.07
at Crankangle [deg]                5.78           5.78
Peak Fir. Temp. [K]             2495.09        2495.09
at Crankangle [deg]               28.24          28.24
Peak T_burned [K]               2670.28        2670.28
at Crankangle [deg]               14.12          14.12
Res. Gascompr. [bar]               1.31           1.31
at Crankangle [deg]              350.44         350.44
Evaporation Energy [kJ]         -0.0101        -0.0101
Required O.N. [-]                 86.45          86.45

Emissions (Classic Species Transport):
--------------------------------------
NOx: Calculated based on MTZ 34 1973 (12).
CO:  Calculated based on SAE 2002-01-0006.
HC:  Calculated based on SAE 2002-01-0006.
NOX   [g/kWh]                  7.922394       7.922394
NOX   [g/h]                   87.258345      87.258345
NOX   [ppm]                     2111.73        2111.73
CO    [g/kWh]                  0.378261       0.378261
CO    [g/h]                    4.166214       4.166214
CO    [ppm]                      108.01         108.01
HC    [g/kWh]                  0.615470       0.615470
HC    [g/h]                    6.778868       6.778868
HC    [ppm]                      117.21         117.21

Performance:
------------
IMEP [bar]                      11.6544        11.6544
Rel. to Ave. [-]                                1.0000
IMEP Exh. [bar]                 -1.0772        -1.0772
IMEP Int. [bar]                  0.9680         0.9680
IMEP Gasex. [bar]               -0.1091        -0.1091
IMEP HP [bar]                   11.7635        11.7635
FMEP [bar]                       1.0714         1.0714
BMEP [bar]                      10.5829        10.5829
AMEP;SMEP [bar]                  0.0000         0.0000
ISFC [g/kWh]                   212.6692       212.6692
Rel. to Ave. [-]                                1.0000
ISFC (tr.f.) [g/kWh]           212.6692       212.6692
BSFC [g/kWh]                   234.2001       234.2001
Indicated Eff. [-]               0.3891         0.3891
Iso vol. comb. Eff [-]           0.9354         0.9354
Polytropic Coeff. [-]                           1.2916

Fuel Mass Balance:
------------------
Inj. Fuelmass [g]              0.034396       0.034396
Asp.Trap. Fuelmass [g]        -0.000003      -0.000003
Fuelmassfl.(A+I) [g/s]         0.716531       0.716531
Fuelmass tot.trap. [g]         0.034393       0.034393
Trapped Fuelm.fl.[g/s]         0.716531       0.716531
Trapp. Eff. Fuel [-]             1.0000         1.0000

Energy Balance Cylinder:
------------------------
Fuel Energy [kJ]                1.49629        1.49629
Released Energy [kJ]            1.45081        1.45081
-> Brake Power     [%]           36.440         36.440
-> Loss: Friction  [%]            3.689          3.689
-> Loss: Piston    [%]            4.642          4.642
-> Loss: Head      [%]            5.885          5.885
-> Loss: Liner     [%]            5.201          5.201
-> Loss: Int. Port [%]            0.010          0.010
-> Loss: Exh. Port [%]            0.528          0.528
-> Loss: Exh. Gas  [%]           44.036         44.036
Eff. Rel. Energy [kJ]           1.44783        1.44783
Gross Rel. Energy [kJ]          1.45081        1.45081
Eff.Gross Rel.Ener.[kJ]         1.44783        1.44783
Energy Balance [-]               0.9988         0.9988
Eff. Energy Balance [-]          0.9968         0.9968

Blowby:
-------
Blowbymass [g]                 0.000000       0.000000
Blowbymassfl. [g/s]            0.000000       0.000000
Blowby Heat Flow [kJ]          0.000000       0.000000

Reference Values at Start of High Pressure:
-------------------------------------------
Pressure at SHP[bar]             1.3395         1.3395
Temperature [K]                  376.03         376.03
Air Massfl.  [g/s]            10.393701      10.393701
Fuel Massfl. [g/s]             0.716531       0.716531
Trapp. Eff. Air [-]              0.9997         0.9997
Trapp. Eff.Fuel [-]              1.0000         1.0000
A/F-Ratio (Cmb.) [-]              14.57          14.57
Excess Air Ratio [-]             1.0046         1.0046

Reference Values at Start Of Combustion:
----------------------------------------
Pressure [bar]                  19.7830        19.7830
Temperature [K]                  708.38         708.38

Residual Gas:
-------------
Res.gas content [-]              0.0466         0.0466
External EGR [-]                -0.0001        -0.0001
Internal EGR [-]                 0.0467         0.0467
Com.Prod.Mass. at EO [g]       0.557343       0.557343
Res.gas mass at SHP [g]        0.024705       0.024705
Res.gas aspirated IN [g]      -0.000032      -0.000032
Res.gas from intake [g]        0.006771       0.006771
Rel. to Total [-]                0.2741         0.2741
Res.gas flow EX [g]            0.532617       0.532617
Res.gas from exhaust [g]       0.000000       0.000000
Rel. to Total [-]                0.0000         0.0000

Gas Exchange:
-------------
Volumetric Eff. [-]              0.8542         0.8542
Rel. to Ave. [-]                                1.0000
Total Mass at SHP[g]             0.5297         0.5297
Mass Delivered [g]              0.49886        0.49886
Mass Delivered [g/s]           10.39298       10.39298
Delivery Ratio [-]               0.8544         0.8544
Rel. to Ave. [-]                                1.0000
Av.Airmass at SHP[g]             0.4987         0.4987
Air Delivered [g]               0.49890        0.49890
Air Delivered [g/s]            10.39370       10.39370
Airdeliveryratio [-]             0.8544         0.8544
Rel. to Ave. [-]                                1.0000
Airmass Trapped [g]             0.49875        0.49875
Airmass Trapped [g/s]          10.39059       10.39059
Trapp. Eff. Air [-]              0.9997         0.9997
Rel. to Ave. [-]                                1.0000
Airpurity [-]                    0.9416         0.9416
Dyn. Swirl [-]                   0.0000         0.0000
Dyn. Tumble [-]                  0.0000         0.0000

Wall Heatlosses:
----------------
Piston [kJ]                     -0.0673        -0.0673
Piston Temperature [K]                          525.00
Cylinderhead [kJ]              -0.08539       -0.08539
Head Temperature [K]                            545.00
Cylinderliner [kJ]             -0.07545       -0.07545
LinerTDC Temperature [K]                        437.00
LinerBDC Temperature [K]                        432.00
Sum of Wallheat [kJ]           -0.22818       -0.22818
Wall Heatlosses in High Pressure Phase:
Piston HP [kJ]                 -0.05998       -0.05998
Cylinderhead HP [kJ]           -0.07663       -0.07663
Cylinderliner HP [kJ]          -0.04595       -0.04595
Sum of Wallheat HP [kJ]        -0.18255       -0.18255
Wall Heatlosses Related to Heatinput:
Piston [-]                      -0.0450        -0.0450
Cylinderhead [-]                -0.0571        -0.0571
Cylinderliner [-]               -0.0504        -0.0504
Sum of Wallheat [-]             -0.1525        -0.1525
M. Eff. HTC [W/m2/K]             295.02         295.02
M. Eff. Temp. [K]               1340.41        1340.41

Reference Values at EO:
-----------------------
Pressure [bar]                     5.43           5.43
Temperature [K]                 1659.29        1659.29
A/F-Ratio [-]                     14.50          14.50
Com.Prod.Conc. [-]              0.99912        0.99912
Fuel Concentr. [-]             0.000058       0.000058

Average Values of Pipeattachements:
-----------------------------------
 Attached Pipe                                       1
Vlv/Prt.Op.Clr.0mm[deg]                         340.00
Vlv/Prt.Op.Eff.0mm[deg]                         340.00
Vlv/Prt.Op.Eff.1mm[deg]                         362.50
Vlv/Prt.Op.Udef.mm[deg]                         340.00
Vlv/Prt.Cl.Clr.0mm[deg]                         610.00
Vlv/Prt.Cl.Eff.0mm[deg]                         610.00
Vlv/Prt.Cl.Eff.1mm[deg]                         577.52
Vlv/Prt.Cl.Udef.mm[deg]                         610.00
Cam Phasing [deg]                                 0.00
Massflow [g/cycle]                            0.498863
Wallheat [kJ/cycle]                          -0.000149
rel.to Heatinp.[-]                             -0.0001
 Attached Pipe                                       2
Vlv/Prt.Op.Clr.0mm[deg]                         130.00
Vlv/Prt.Op.Eff.0mm[deg]                         130.00
Vlv/Prt.Op.Eff.1mm[deg]                         150.84
Vlv/Prt.Op.Udef.mm[deg]                         130.00
Vlv/Prt.Cl.Clr.0mm[deg]                         390.00
Vlv/Prt.Cl.Eff.0mm[deg]                         390.00
Vlv/Prt.Cl.Eff.1mm[deg]                         356.00
Vlv/Prt.Cl.Udef.mm[deg]                         390.00
Cam Phasing [deg]                                 0.00
Massflow [g/cycle]                            0.533260
Wallheat [kJ/cycle]                          -0.007659
rel.to Heatinp.[-]                             -0.0051

FLOWRESTRICTIONS: Average Values
--------------------------------
 Flr. Att.Pi.  Massflow  Att.Pi.  Massflow
  nr.  number [g/cycle]   number [g/cycle]
    1       2    0.5333        4    0.5335
    2       1    0.4989        3    0.4989

OVERALL ENGINE PERFORMANCE:
===========================

Indicated Torque          :     46.33 Nm                    Indicated Specific Torque :     92.74 Nm/l
Indicated Power           :     12.13 kW,        16.49 PS   Indicated Specific Power  :     24.28 kW/l,      33.01 PS/l
Friction Torque           :      4.26 Nm                    Friction Power            :      1.12 kW
Effective Torque          :     42.07 Nm                    Effective Specific Torque :     84.22 Nm/l
Effective Power           :     11.01 kW,        14.98 PS   Effective Specific Power  :     22.05 kW/l,      29.98 PS/l

Required time for reading the inputfile and initialisation:       0.07 min
Required time for the calculation: .........................      0.03 min
Required time for writing the outputfile: ..................      0.00 min
Required total time: .......................................      0.10 min
Required total CPU-time: ...................................      1.75 sec
