 --------------------------------
 AVL - B O O S T
 Version:        v2022.1.0.0.0
 Build:          Apr 27 2022 22:44:48
 Git Build Hash: 7670062eda46b95e13935a621f250d93513addf7
 System:         x86_64-unknown-winnt_i19v19
 --------------------------------

LICENSE
-------
 sys_1DCFD_solver 2022.0@ License will expire in 216 days

PROJECT
-------
 Preprocessor Version :  2022.1
 Calculation date     : 16.10.2025
 File     : t3_GDi.bst
 Case Set : "Case Set 1"
 Case     : "Case 6500"
 
 Project ID: "4-Cylinder"
 Run ID:     "WOT"
 Model date: "7.3.2000"

ELEMENTS
--------
 Element Name        Number

 PIPE                  14
 SYSTEMBOUNDARY         2
 PLENUM                 1
 CYLINDER               3
 RESTRICTION            1
 MEASURINGPOINT         4
 AIRCOOLER              1
 CATALYST               1
 TURBOCHARGER           1
 JUNCTION               2
 ENGINE                 1
 PIPE_END              32
 ASSEMBLED              2
 ALL_PIPES             16
 ALL_PLENUMS            5
 ALL_BOUNDARIES         2
 ALL_CHARGERS           1
 RESTRICTIONS           1
 ALL_PIDS               1
 PIPE_VAR_WALL_TEMP    16

GLOBAL DATA
-----------
  Engine Speed :         6500.0  rpm
  Calculationmode:        BOOST  Single
  Cycle Duration:        720.00  degrees
  Max. calc. period:   14400.00  degrees
  Cycles calculated:         20  cycles
  Calc. time steps:     1.66894  degrees (max)
                        1.05632  degrees
                        0.02709  ms
  Traces results step:  5.00000  degrees
  User concentrations:        0
  Ref. pressure:      100000.00  Pa
  Ref. temperature:     298.000  K
  Gas properties:      Variable
  Gasproperties File:     GASOLINE.BGP
     bgp_build_version:   v2013.0.0.0.0
     bgp_build_host:      boosthost
     bgp_build_user:      boost
     bgp_build_date:      2012.03.23
     bgp_build_time:      08:00:00
  Lower calorific:  0.43500E+08  J/kg
  Stoic. A/F-ratio:      14.500

  Warnings:                   0
  Convergence errors:        57

PIPES
-----

 Total number of pipe cells:    110

 Pipe   Cells   Cell size       W.Heat     Wall T    Fric. coeff.   Lam. Fric. Coeff.  Heat Factor       Volume
  nr.                [mm]         [kJ]        [K]             [-]                 [-]          [-]        [dm3]
    1      13        30.8       -0.005     300.00        0.019000           64.000000     1.000000     1.130973
    2      11        29.2       -0.000     300.00        0.019000           64.000000     1.000000     1.235353
    3       3        33.3       -0.048     300.00        0.019000           64.000000     1.000000     0.282743
    4       3        33.3       -0.084     300.00        0.019000           64.000000     1.000000     0.196350
    5       5        30.0       -0.136     300.00        0.019000           64.000000     1.000000     0.424115
    6      16        31.2       -0.034     300.00        0.019000           64.000000     1.000000     1.413717
    7      13        30.8       -0.275     300.00        0.019000           64.000000     1.000000     1.697167
    8      34        29.9       -0.743     300.00        0.019000           64.000000     1.000000     2.878327
    9       2        40.0        0.000     340.00        0.040000           64.000000     1.000000     0.081430
   10       2        30.0       -0.011     850.00        0.040000           64.000000     1.000000     0.061073
   11       2        40.0        0.000     340.00        0.040000           64.000000     1.000000     0.081430
   12       2        30.0       -0.011     850.00        0.040000           64.000000     1.000000     0.061073
   13       2        40.0        0.000     340.00        0.040000           64.000000     1.000000     0.081430
   14       2        30.0       -0.010     850.00        0.040000           64.000000     1.000000     0.061073
   15      16        31.2       -0.257     303.15        0.738301       179307.274832    17.098211     1.000000  COOLER_PIPE     1
   16      10        30.0        0.000     300.00       30.507454      1038829.549052     0.000000     3.000000  CATALYST_PIPE     1


MEASURINGPOINTS: Average Values
-------------------------------
 Mp. Pipe Location   Diameter  Pressure  Temp. Ms.Temp.  Velo.   Massflow   Massflow To.Ent.f.  To.Ent.f.  Mach. Wtemp.  Converg.
 nr.  nr.     [mm]       [mm]     [bar]    [K]      [K]  [m/s]      [g/s]  [g/cycle]    [kJ/s]  [kJ/cyc.]    [-]    [K]       [-]
  1   1    20.0000    60.0000    2.4372  327.9    327.1   20.0   145.1534     2.6798     4.270     0.0788   0.06  300.0 0.352E-09
  2   9    10.0000    36.0000    2.4119  333.4    322.2  -19.2   -48.5002    -0.8954    -1.355    -0.0250  -0.05  340.0 0.292E-03
  3  11    10.0000    36.0000    2.4127  326.3    321.5   19.1    48.5342     0.8960     1.343     0.0248   0.05  340.0 0.319E-09
  4  13    10.0000    36.0000    2.4130  326.3    321.5   19.0    48.2311     0.8904     1.334     0.0246   0.05  340.0 0.150E-09

SYSTEMBOUNDARIES
Attachments
-----------
 Type                 Nr.   Pipe       Mass flow
                             Nr.       [g/cycle]
 SYSTEMBOUNDARY        1      2          2.6788
 SYSTEMBOUNDARY        2      8          3.4010

PLENUMS: Average Values
-----------------------
                   Pl. Pressure   Temp.      Mass Wallheat
                   nr.    [bar]     [K]       [g]     [kJ]
 PLENUM             1    2.4344  326.50     2.597    0.000
                                          Attached pipe   1:      2.6787 g/cycle
                                          Attached pipe   9:     -0.8947 g/cycle
                                          Attached pipe  11:      0.8946 g/cycle
                                          Attached pipe  13:      0.8894 g/cycle
 AIRCOOLER          1    2.5414  422.40     1.048    0.000
                                          Attached pipe   6:      2.6787 g/cycle
                                          Attached pipe  15:      2.6787 g/cycle
 AIRCOOLER          1    2.4428  328.25     1.296    0.000
                                          Attached pipe   1:      2.6787 g/cycle
                                          Attached pipe  15:      2.6787 g/cycle
 CATALYST           1    1.5350 1295.78     0.061    0.000
                                          Attached pipe   7:      3.4010 g/cycle
                                          Attached pipe  16:      3.4010 g/cycle
 CATALYST           1    1.1038 1286.40     0.044    0.000
                                          Attached pipe   8:      3.4010 g/cycle
                                          Attached pipe  16:      3.4010 g/cycle

PLENUMS
Attachments
-----------
 Type                 Nr.   Pipe       Mass flow
                             Nr.       [g/cycle]
 PLENUM                1      1          2.6787
 PLENUM                1      9         -0.8947
 PLENUM                1     11          0.8946
 PLENUM                1     13          0.8894
 AIRCOOLER             1      6          2.6787
 AIRCOOLER             1     15          2.6787
 AIRCOOLER             1      1          2.6787
 AIRCOOLER             1     15          2.6787
 CATALYST              1      7          3.4010
 CATALYST              1     16          3.4010
 CATALYST              1      8          3.4010
 CATALYST              1     16          3.4010

TURBOCHARGERS: Average Values
-----------------------------
                  Compressor                           Turbine                              Efficiencies        Calculation
TCh.    Work    Press.rat.  Boostpres.     Work  Press.rat. Dis.coeff. Turb./tot. VTG-pos Comp. Turb. mech. total      mode
nr.      [kJ]      [-]       [bar]         [kJ]      [-]      [-]        [-]      [-]    [-]    [-]    [-]    [-]
  1     0.3537     2.5500     2.5491     0.3609     1.5853     0.2500     0.6941 1.000    0.700 0.875 0.980 0.600  Wastegateflow
  Attached pipe   2:      2.6788 g/cycle
  Attached pipe   6:      2.6787 g/cycle
  Attached pipe   7:      3.4010 g/cycle
  Attached pipe   5:      3.4010 g/cycle

CYLINDERS: Average Values
-------------------------
                               Total
                              Engine         Cyl.   1       Cyl.   2       Cyl.   3
Firing TDC [deg]                                  0.00         480.00         240.00
Bore [mm]                                        77.08          77.08          77.08
Stroke [mm]                                      71.37          71.37          71.37
Conrodl. [mm]                                   143.50         143.50         143.50
Piston pin offset [mm]                            0.00           0.00           0.00
Swept Vol. [l]                   0.9991         0.3330         0.3330         0.3330
Compression ratio [-]                            10.50          10.50          10.50
Dyn. Comp. ratio [-]                              8.86           8.81           8.84

Combustion Data:
----------------
Combustion Char.                               2Z-Vibe        2Z-Vibe        2Z-Vibe     
Comb.start [deg]                                 12.00          12.00          12.00
Comb.dur.1 [deg]                                 50.00          50.00          50.00
Peak Fir.Pres. [bar]              83.06          83.15          83.14          82.91
at Crankangle [deg]               36.37          36.70          35.78          36.62
Peak Pres.Rise[bar/deg]            2.84           2.85           2.84           2.82
at Crankangle [deg]               24.25          24.41          24.49          23.86
Peak Fir. Temp. [K]             2582.89        2583.71        2583.68        2581.29
at Crankangle [deg]               47.95          48.05          48.14          47.66
Peak T_burned [K]               2748.59        2749.42        2749.19        2747.15
at Crankangle [deg]               32.47          32.21          32.40          32.81
Res. Gascompr. [bar]               1.53           1.50           1.48           1.62
at Crankangle [deg]              317.27         308.02         319.67         324.11
Evaporation Energy [kJ]         -0.0593        -0.0198        -0.0198        -0.0197
Required O.N. [-]                 87.01          86.82          86.82          87.01

Emissions (Classic Species Transport):
--------------------------------------
NOx: Calculated based on MTZ 34 1973 (12).
CO:  Calculated based on SAE 2002-01-0006.
HC:  Calculated based on SAE 2002-01-0006.
NOX   [g/kWh]                  3.209905       3.208393       3.210387       3.210955
NOX   [g/h]                  465.732797     156.271345     156.041554     153.419899
NOX   [ppm]                      788.02         791.72         790.55         781.76
CO    [g/kWh]                120.835477     120.048209     120.323148     122.159193
CO    [g/h]                17532.308808    5847.193248    5848.332333    5836.783226
CO    [ppm]                    31778.25       31734.34       31740.30       31860.59
HC    [g/kWh]                  0.759989       0.754524       0.756836       0.768768
HC    [g/h]                  110.268616      36.750612      36.786164      36.731840
HC    [ppm]                      133.30         133.02         133.15         133.72

Performance:
------------
IMEP [bar]                      28.5103        28.7004        28.6440        28.1866
Rel. to Ave. [-]                                1.0067         1.0047         0.9886
IMEP Exh. [bar]                 -1.8152        -1.6670        -1.7163        -2.0621
IMEP Int. [bar]                  2.2697         2.2691         2.2699         2.2700
IMEP Gasex. [bar]                0.4545         0.6021         0.5536         0.2079
IMEP HP [bar]                   28.0559        28.0984        28.0904        27.9788
FMEP [bar]                       1.7000         1.7000         1.7000         1.7000
BMEP [bar]                      26.8103        27.0004        26.9440        26.4866
AMEP;SMEP [bar]                  0.0000         0.0000         0.0000         0.0000
ISFC [g/kWh]                   255.0647       253.7172       254.2166       257.2987
Rel. to Ave. [-]                                0.9947         0.9967         1.0088
ISFC (tr.f.) [g/kWh]           254.9472       253.5987       254.0949       257.1864
BSFC [g/kWh]                   271.2380       269.6918       270.2561       273.8130
Indicated Eff. [-]               0.3246         0.3263         0.3257         0.3218
Iso vol. comb. Eff [-]           0.7866         0.7867         0.7868         0.7862
Polytropic Coeff. [-]                           1.2712         1.2717         1.2713

Fuel Mass Balance:
------------------
Inj. Fuelmass [g]              0.201818       0.067365       0.067362       0.067091
Asp.Trap. Fuelmass [g]        -0.000093      -0.000033      -0.000031      -0.000028
Fuelmassfl.(A+I) [g/s]        10.931824       3.648858       3.648848       3.634118
Fuelmass tot.trap. [g]         0.201725       0.067332       0.067331       0.067062
Trapped Fuelm.fl.[g/s]        10.926787       3.647153       3.647101       3.632532
Trapp. Eff. Fuel [-]             0.9995         0.9995         0.9995         0.9996

Energy Balance Cylinder:
------------------------
Fuel Energy [kJ]                8.77748        2.92961        2.92966        2.91821
Released Energy [kJ]            8.76652        2.92651        2.92602        2.91400
-> Brake Power     [%]           30.555         30.726         30.667         30.271
-> Loss: Friction  [%]            1.937          1.935          1.935          1.943
-> Loss: Piston    [%]            2.032          2.020          2.021          2.056
-> Loss: Head      [%]            2.280          2.265          2.267          2.308
-> Loss: Liner     [%]            3.147          3.126          3.126          3.189
-> Loss: Int. Port [%]           -0.008         -0.008         -0.008         -0.008
-> Loss: Exh. Port [%]            0.198          0.197          0.197          0.200
-> Loss: Exh. Gas  [%]           60.152         60.039         60.086         60.332
Eff. Rel. Energy [kJ]           7.60472        2.53879        2.53825        2.52768
Gross Rel. Energy [kJ]          8.76652        2.92651        2.92602        2.91400
Eff.Gross Rel.Ener.[kJ]         7.60472        2.53879        2.53825        2.52768
Energy Balance [-]               0.9988         0.9989         0.9988         0.9986
Eff. Energy Balance [-]          0.8664         0.8666         0.8664         0.8662

Blowby:
-------
Blowbymass [g]                 0.000000       0.000000       0.000000       0.000000
Blowbymassfl. [g/s]            0.000000       0.000000       0.000000       0.000000
Blowby Heat Flow [kJ]          0.000000       0.000000       0.000000       0.000000

Reference Values at Start of High Pressure:
-------------------------------------------
Pressure at SHP[bar]             3.1584         3.1493         3.1697         3.1561
Temperature [K]                  387.36         386.74         387.47         387.87
Air Massfl.  [g/s]           145.097262      48.461995      48.460006      48.175261
Fuel Massfl. [g/s]            10.931824       3.648858       3.648848       3.634118
Trapp. Eff. Air [-]              0.9794         0.9788         0.9788         0.9807
Trapp. Eff.Fuel [-]              0.9995         0.9995         0.9995         0.9996
A/F-Ratio (Cmb.) [-]              13.06          13.06          13.06          13.06
Excess Air Ratio [-]             0.9006         0.9005         0.9005         0.9009

Reference Values at Start Of Combustion:
----------------------------------------
Pressure [bar]                  47.5034        47.5118        47.6323        47.3662
Temperature [K]                  714.93         714.50         714.94         715.36

Residual Gas:
-------------
Res.gas content [-]              0.0103         0.0096         0.0096         0.0116
External EGR [-]                 0.0000        -0.0000         0.0000         0.0000
Internal EGR [-]                 0.0103         0.0096         0.0096         0.0116
Com.Prod.Mass. at EO [g]       2.850330       0.950969       0.950767       0.948595
Res.gas mass at SHP [g]        0.027616       0.008615       0.008615       0.010387
Res.gas aspirated IN [g]       0.000000      -0.000003       0.000001       0.000001
Res.gas from intake [g]        0.000003       0.000000       0.000001       0.000001
Rel. to Total [-]                0.0001         0.0000         0.0002         0.0001
Res.gas flow EX [g]            2.822898       0.942389       0.942206       0.938302
Res.gas from exhaust [g]       0.000000       0.000000       0.000000       0.000000
Rel. to Total [-]                0.0000         0.0000         0.0000         0.0000

Gas Exchange:
-------------
Volumetric Eff. [-]              2.2467         2.2498         2.2497         2.2406
Rel. to Ave. [-]                                1.0014         1.0013         0.9973
     Rel. To PL 1 [-]            1.0112         1.0126         1.0125         1.0084
Total Mass at SHP[g]             2.6810         0.8943         0.8943         0.8924
Mass Delivered [g]              2.67872        0.89468        0.89465        0.88939
Mass Delivered [g/s]          145.09726       48.46175       48.46014       48.17538
Delivery Ratio [-]               2.2939         2.2984         2.2983         2.2848
Rel. to Ave. [-]                                1.0020         1.0020         0.9961
     Rel. To PL 1 [-]            1.0324         1.0345         1.0344         1.0283
Av.Airmass at SHP[g]             2.6236         0.8758         0.8757         0.8722
Air Delivered [g]               2.67872        0.89468        0.89465        0.88939
Air Delivered [g/s]           145.09726       48.46200       48.46001       48.17526
Airdeliveryratio [-]             2.2939         2.2984         2.2983         2.2848
Rel. to Ave. [-]                                1.0020         1.0019         0.9961
     Rel. To PL 1 [-]            1.0324         1.0345         1.0344         1.0283
Airmass Trapped [g]             2.62365        0.87576        0.87571        0.87218
Airmass Trapped [g/s]         142.11437       47.43683       47.43439       47.24315
Trapp. Eff. Air [-]              0.9794         0.9788         0.9788         0.9807
Rel. to Ave. [-]                                0.9994         0.9994         1.0012
Airpurity [-]                    0.9786         0.9793         0.9792         0.9773
Dyn. Swirl [-]                   0.0000         0.0000         0.0000         0.0000
Dyn. Tumble [-]                  0.0000         0.0000         0.0000         0.0000

Wall Heatlosses:
----------------
Piston [kJ]                     -0.1782        -0.0591        -0.0591        -0.0599
Piston Temperature [K]                          570.00         570.00         570.00
Cylinderhead [kJ]              -0.19987       -0.06629       -0.06632       -0.06726
Head Temperature [K]                            650.00         650.00         650.00
Cylinderliner [kJ]             -0.27590       -0.09149       -0.09147       -0.09294
LinerTDC Temperature [K]                        460.00         460.00         460.00
LinerBDC Temperature [K]                        455.00         455.00         455.00
Sum of Wallheat [kJ]           -0.65395       -0.21689       -0.21693       -0.22013
Wall Heatlosses in High Pressure Phase:
Piston HP [kJ]                 -0.14354       -0.04785       -0.04789       -0.04780
Cylinderhead HP [kJ]           -0.16855       -0.05619       -0.05624       -0.05612
Cylinderliner HP [kJ]          -0.14647       -0.04877       -0.04885       -0.04885
Sum of Wallheat HP [kJ]        -0.45855       -0.15281       -0.15297       -0.15277
Wall Heatlosses Related to Heatinput:
Piston [-]                      -0.0203        -0.0202        -0.0202        -0.0205
Cylinderhead [-]                -0.0228        -0.0226        -0.0226        -0.0231
Cylinderliner [-]               -0.0314        -0.0312        -0.0312        -0.0319
Sum of Wallheat [-]             -0.0745        -0.0741        -0.0741        -0.0755
M. Eff. HTC [W/m2/K]             947.58         944.63         946.06         952.04
M. Eff. Temp. [K]               1151.06        1150.05        1149.66        1153.45

Reference Values at EO:
-----------------------
Pressure [bar]                    16.69          16.75          16.72          16.61
Temperature [K]                 1942.15        1944.32        1943.02        1939.10
A/F-Ratio [-]                     13.01          13.01          13.01          13.01
Com.Prod.Conc. [-]              0.99914        0.99927        0.99912        0.99901
Fuel Concentr. [-]             0.000062       0.000052       0.000063       0.000071

Average Values of Pipeattachements:
-----------------------------------
 Attached Pipe                                       9             11             13
Vlv/Prt.Op.Clr.0mm[deg]                         330.00         330.00         330.00
Vlv/Prt.Op.Eff.0mm[deg]                         330.00         330.00         330.00
Vlv/Prt.Op.Eff.1mm[deg]                         352.13         352.13         352.13
Vlv/Prt.Op.Udef.mm[deg]                         330.00         330.00         330.00
Vlv/Prt.Cl.Clr.0mm[deg]                         595.00         595.00         595.00
Vlv/Prt.Cl.Eff.0mm[deg]                         595.00         595.00         595.00
Vlv/Prt.Cl.Eff.1mm[deg]                         563.12         563.12         563.12
Vlv/Prt.Cl.Udef.mm[deg]                         595.00         595.00         595.00
Cam Phasing [deg]                                 0.00           0.00           0.00
Massflow [g/cycle]                           -0.894678       0.894649       0.889392
Wallheat [kJ/cycle]                           0.000232       0.000232       0.000230
rel.to Heatinp.[-]                              0.0001         0.0001         0.0001
 Attached Pipe                                      10             12             14
Vlv/Prt.Op.Clr.0mm[deg]                         130.00         130.00         130.00
Vlv/Prt.Op.Eff.0mm[deg]                         130.00         130.00         130.00
Vlv/Prt.Op.Eff.1mm[deg]                         150.84         150.84         150.84
Vlv/Prt.Op.Udef.mm[deg]                         130.00         130.00         130.00
Vlv/Prt.Cl.Clr.0mm[deg]                         390.00         390.00         390.00
Vlv/Prt.Cl.Eff.0mm[deg]                         390.00         390.00         390.00
Vlv/Prt.Cl.Eff.1mm[deg]                         356.00         356.00         356.00
Vlv/Prt.Cl.Udef.mm[deg]                         390.00         390.00         390.00
Cam Phasing [deg]                                 0.00           0.00           0.00
Massflow [g/cycle]                            0.962044       0.962011       0.956482
Wallheat [kJ/cycle]                          -0.005751      -0.005759      -0.005828
rel.to Heatinp.[-]                             -0.0020        -0.0020        -0.0020

FLOWRESTRICTIONS: Average Values
--------------------------------
 Flr. Att.Pi.  Massflow  Att.Pi.  Massflow
  nr.  number [g/cycle]   number [g/cycle]
    1       3    1.4767       14    0.9565

ASSEMBLED: Average Values
-------------------------
 Type         Nr.  ----------Inlet-----------   ---------Outlet-----------    ----------------------Core----------------------
                   Pressure Temperat.   Mass    Pressure Temperat.   Mass     Rej.Heat   Rej.Heat    Fric. coeff.  Heat Factor
                    [bar]     [K]        [g]     [bar]      [K]       [g]       [kJ]       [kW]        [-]           [-]
 AIRCOOLER     1    2.5414   422.40     1.048    2.4428   328.25     1.296    -0.2572   -13.9327       0.738301    17.098211
 CATALYST      1    1.5350  1295.78     0.061    1.1038  1286.40     0.044     0.0000     0.0000      30.507454     0.000000

ASSEMBLED
Attachments
-----------
 Type                 Nr.   Pipe       Mass flow
                             Nr.       [g/cycle]
 AIRCOOLER             1      1          2.6787
 AIRCOOLER             1      6          2.6787
 CATALYST              1      7          3.4010
 CATALYST              1      8          3.4010

JUNCTIONS: Average Values
-------------------------
Junction   1: Attached pipe   3:     -1.4767 g/cycle
              Attached pipe   4:     -2.4390 g/cycle
              Attached pipe  12:     -0.9620 g/cycle
Junction   2: Attached pipe   4:     -2.4390 g/cycle
              Attached pipe   5:     -3.4010 g/cycle
              Attached pipe  10:     -0.9620 g/cycle

OVERALL ENGINE PERFORMANCE:
===========================

Indicated Torque          :    226.67 Nm                    Indicated Specific Torque :    226.88 Nm/l
Indicated Power           :    154.29 kW,       209.78 PS   Indicated Specific Power  :    154.43 kW/l,     209.97 PS/l
Friction Torque           :     13.52 Nm                    Friction Power            :      9.20 kW
Effective Torque          :    213.16 Nm                    Effective Specific Torque :    213.35 Nm/l
Effective Power           :    145.09 kW,       197.27 PS   Effective Specific Power  :    145.22 kW/l,     197.45 PS/l

Required time for reading the inputfile and initialisation:       0.07 min
Required time for the calculation: .........................      0.07 min
Required time for writing the outputfile: ..................      0.00 min
Required total time: .......................................      0.14 min
Required total CPU-time: ...................................      4.14 sec
