 --------------------------------
 AVL - B O O S T
 Version:        v2022.1.0.0.0
 Build:          Apr 27 2022 22:44:48
 Git Build Hash: 7670062eda46b95e13935a621f250d93513addf7
 System:         x86_64-unknown-winnt_i19v19
 --------------------------------

LICENSE
-------
 sys_1DCFD_solver 2022.0@ License will expire in 219 days

PROJECT
-------
 Preprocessor Version :  2022.1
 Calculation date     : 13.10.2025
 File     : single500_GDi.bst
 Case Set : "Case Set 1"
 Case     : "Case 2"
 
 Project ID: "4-Cylinder"
 Run ID:     "WOT"
 Model date: "7.3.2000"

ELEMENTS
--------
 Element Name        Number

 PIPE                   4
 SYSTEMBOUNDARY         2
 CYLINDER               1
 RESTRICTION            2
 MEASURINGPOINT         2
 ENGINE                 1
 PIPE_END               8
 ALL_PIPES              4
 ALL_BOUNDARIES         2
 RESTRICTIONS           2
 ALL_PIDS               1
 PIPE_VAR_WALL_TEMP     4

GLOBAL DATA
-----------
  Engine Speed :         6500.0  rpm
  Calculationmode:        BOOST  Single
  Cycle Duration:        720.00  degrees
  Max. calc. period:   14400.00  degrees
  Cycles calculated:         20  cycles
  Calc. time steps:     1.66894  degrees (max)
                        1.36607  degrees
                        0.03503  ms
  Traces results step:  5.00000  degrees
  User concentrations:        0
  Ref. pressure:      100000.00  Pa
  Ref. temperature:     298.000  K
  Gas properties:      Variable
  Gasproperties File:     GASOLINE.BGP
     bgp_build_version:   v2013.0.0.0.0
     bgp_build_host:      boosthost
     bgp_build_user:      boost
     bgp_build_date:      2012.03.23
     bgp_build_time:      08:00:00
  Lower calorific:  0.43500E+08  J/kg
  Stoic. A/F-ratio:      14.500

  Warnings:                   1
  Convergence errors:         0

PIPES
-----

 Total number of pipe cells:     24

 Pipe   Cells   Cell size       W.Heat     Wall T    Fric. coeff.   Lam. Fric. Coeff.  Heat Factor       Volume
  nr.                [mm]         [kJ]        [K]             [-]                 [-]          [-]        [dm3]
    1       2        40.0        0.001     340.00        0.040000           64.000000     1.000000     0.070513
    2       2        30.0       -0.008     850.00        0.040000           64.000000     1.000000     0.048255
    3       5        33.9        0.001     300.00        0.019000           64.000000     1.000000     0.136400
    4      15        31.3       -0.174     300.00        0.019000           64.000000     1.000000     0.377675


MEASURINGPOINTS: Average Values
-------------------------------
 Mp. Pipe Location   Diameter  Pressure  Temp. Ms.Temp.  Velo.   Massflow   Massflow To.Ent.f.  To.Ent.f.  Mach. Wtemp.  Converg.
 nr.  nr.     [mm]       [mm]     [bar]    [K]      [K]  [m/s]      [g/s]  [g/cycle]    [kJ/s]  [kJ/cyc.]    [-]    [K]       [-]
  1   1    10.0000    33.5000    0.9758  294.1    278.7   41.3    35.2939     0.6516    -0.171    -0.0032   0.12  340.0 0.654E-15
  2   4    10.0000    32.0000    1.2309 1026.7   1292.8   95.0    37.7141     0.6963    47.346     0.8741   0.14  300.0 0.469E-14

SYSTEMBOUNDARIES
Attachments
-----------
 Type                 Nr.   Pipe       Mass flow
                             Nr.       [g/cycle]
 SYSTEMBOUNDARY        1      3          0.6511
 SYSTEMBOUNDARY        2      4          0.6960

CYLINDERS: Average Values
-------------------------
                               Total
                              Engine         Cyl.   1
Firing TDC [deg]                                  0.00
Bore [mm]                                        86.00
Stroke [mm]                                      86.00
Conrodl. [mm]                                   143.50
Piston pin offset [mm]                            0.00
Swept Vol. [l]                   0.4996         0.4996
Compression ratio [-]                            10.50
Dyn. Comp. ratio [-]                              7.91

Combustion Data:
----------------
Combustion Char.                               2Z-Vibe     
Comb.start [deg]                                 -8.00
Comb.dur.1 [deg]                                 34.00
Peak Fir.Pres. [bar]              88.36          88.36
at Crankangle [deg]               12.68          12.68
Peak Pres.Rise[bar/deg]            5.09           5.09
at Crankangle [deg]                1.56           1.56
Peak Fir. Temp. [K]             2746.89        2746.89
at Crankangle [deg]               17.68          17.68
Peak T_burned [K]               2830.27        2830.27
at Crankangle [deg]                9.40           9.40
Res. Gascompr. [bar]               0.64           0.64
at Crankangle [deg]              360.00         360.00
Evaporation Energy [kJ]         -0.0132        -0.0132
Required O.N. [-]                 85.61          85.61

Emissions (Classic Species Transport):
--------------------------------------
NOx: Calculated based on MTZ 34 1973 (12).
CO:  Calculated based on SAE 2002-01-0006.
HC:  Calculated based on SAE 2002-01-0006.
NOX   [g/kWh]                 14.869454      14.869454
NOX   [g/h]                  513.156026     513.156026
NOX   [ppm]                     3639.77        3639.77
CO    [g/kWh]                  0.932388       0.932388
CO    [g/h]                   32.177403      32.177403
CO    [ppm]                      244.49         244.49
HC    [g/kWh]                  0.425601       0.425601
HC    [g/h]                   14.687804      14.687804
HC    [ppm]                       74.43          74.43

Performance:
------------
IMEP [bar]                      15.0823        15.0823
Rel. to Ave. [-]                                1.0000
IMEP Exh. [bar]                 -1.8173        -1.8173
IMEP Int. [bar]                  0.6262         0.6262
IMEP Gasex. [bar]               -1.1911        -1.1911
IMEP HP [bar]                   16.2734        16.2734
FMEP [bar]                       2.3286         2.3286
BMEP [bar]                      12.7537        12.7537
AMEP;SMEP [bar]                  0.0000         0.0000
ISFC [g/kWh]                   214.0294       214.0294
Rel. to Ave. [-]                                1.0000
ISFC (tr.f.) [g/kWh]           214.0294       214.0294
BSFC [g/kWh]                   253.1068       253.1068
Indicated Eff. [-]               0.3867         0.3867
Iso vol. comb. Eff [-]           0.9796         0.9796
Polytropic Coeff. [-]                           1.2909

Fuel Mass Balance:
------------------
Inj. Fuelmass [g]              0.044793       0.044793
Asp.Trap. Fuelmass [g]         0.000002       0.000002
Fuelmassfl.(A+I) [g/s]         2.426363       2.426363
Fuelmass tot.trap. [g]         0.044794       0.044794
Trapped Fuelm.fl.[g/s]         2.426363       2.426363
Trapp. Eff. Fuel [-]             1.0000         1.0000

Energy Balance Cylinder:
------------------------
Fuel Energy [kJ]                1.94864        1.94864
Released Energy [kJ]            1.88749        1.88749
-> Brake Power     [%]           33.755         33.755
-> Loss: Friction  [%]            6.163          6.163
-> Loss: Piston    [%]            3.583          3.583
-> Loss: Head      [%]            4.200          4.200
-> Loss: Liner     [%]            4.451          4.451
-> Loss: Int. Port [%]           -0.023         -0.023
-> Loss: Exh. Port [%]            0.319          0.319
-> Loss: Exh. Gas  [%]           47.959         47.959
Eff. Rel. Energy [kJ]           1.87802        1.87802
Gross Rel. Energy [kJ]          1.88749        1.88749
Eff.Gross Rel.Ener.[kJ]         1.87802        1.87802
Energy Balance [-]               0.9967         0.9967
Eff. Energy Balance [-]          0.9917         0.9917

Blowby:
-------
Blowbymass [g]                 0.000000       0.000000
Blowbymassfl. [g/s]            0.000000       0.000000
Blowby Heat Flow [kJ]          0.000000       0.000000

Reference Values at Start of High Pressure:
-------------------------------------------
Pressure at SHP[bar]             1.8569         1.8569
Temperature [K]                  412.32         412.32
Air Massfl.  [g/s]            35.271548      35.271548
Fuel Massfl. [g/s]             2.426363       2.426363
Trapp. Eff. Air [-]              0.9974         0.9974
Trapp. Eff.Fuel [-]              1.0000         1.0000
A/F-Ratio (Cmb.) [-]              14.67          14.67
Excess Air Ratio [-]             1.0116         1.0116

Reference Values at Start Of Combustion:
----------------------------------------
Pressure [bar]                  26.0163        26.0163
Temperature [K]                  759.30         759.30

Residual Gas:
-------------
Res.gas content [-]              0.0152         0.0152
External EGR [-]                -0.0000        -0.0000
Internal EGR [-]                 0.0152         0.0152
Com.Prod.Mass. at EO [g]       0.703557       0.703557
Res.gas mass at SHP [g]        0.010123       0.010123
Res.gas aspirated IN [g]      -0.000000      -0.000000
Res.gas from intake [g]        0.000000       0.000000
Rel. to Total [-]                0.0000         0.0000
Res.gas flow EX [g]            0.693484       0.693484
Res.gas from exhaust [g]       0.000014       0.000014
Rel. to Total [-]                0.0014         0.0014

Gas Exchange:
-------------
Volumetric Eff. [-]              1.1123         1.1123
Rel. to Ave. [-]                                1.0000
Total Mass at SHP[g]             0.6677         0.6677
Mass Delivered [g]              0.65117        0.65117
Mass Delivered [g/s]           35.27155       35.27155
Delivery Ratio [-]               1.1152         1.1152
Rel. to Ave. [-]                                1.0000
Av.Airmass at SHP[g]             0.6495         0.6495
Air Delivered [g]               0.65117        0.65117
Air Delivered [g/s]            35.27155       35.27155
Airdeliveryratio [-]             1.1152         1.1152
Rel. to Ave. [-]                                1.0000
Airmass Trapped [g]             0.64947        0.64947
Airmass Trapped [g/s]          35.17984       35.17984
Trapp. Eff. Air [-]              0.9974         0.9974
Rel. to Ave. [-]                                1.0000
Airpurity [-]                    0.9727         0.9727
Dyn. Swirl [-]                   0.0000         0.0000
Dyn. Tumble [-]                  0.0000         0.0000

Wall Heatlosses:
----------------
Piston [kJ]                     -0.0676        -0.0676
Piston Temperature [K]                          565.00
Cylinderhead [kJ]              -0.07927       -0.07927
Head Temperature [K]                            655.00
Cylinderliner [kJ]             -0.08402       -0.08402
LinerTDC Temperature [K]                        457.00
LinerBDC Temperature [K]                        453.00
Sum of Wallheat [kJ]           -0.23091       -0.23091
Wall Heatlosses in High Pressure Phase:
Piston HP [kJ]                 -0.05742       -0.05742
Cylinderhead HP [kJ]           -0.06941       -0.06941
Cylinderliner HP [kJ]          -0.03950       -0.03950
Sum of Wallheat HP [kJ]        -0.16634       -0.16634
Wall Heatlosses Related to Heatinput:
Piston [-]                      -0.0347        -0.0347
Cylinderhead [-]                -0.0407        -0.0407
Cylinderliner [-]               -0.0431        -0.0431
Sum of Wallheat [-]             -0.1185        -0.1185
M. Eff. HTC [W/m2/K]             687.50         687.50
M. Eff. Temp. [K]               1473.48        1473.48

Reference Values at EO:
-----------------------
Pressure [bar]                     7.18           7.18
Temperature [K]                 1744.39        1744.39
A/F-Ratio [-]                     14.53          14.53
Com.Prod.Conc. [-]              0.99889        0.99889
Fuel Concentr. [-]             0.000196       0.000196

Average Values of Pipeattachements:
-----------------------------------
 Attached Pipe                                       1
Vlv/Prt.Op.Clr.0mm[deg]                         340.00
Vlv/Prt.Op.Eff.0mm[deg]                         340.00
Vlv/Prt.Op.Eff.1mm[deg]                         362.50
Vlv/Prt.Op.Udef.mm[deg]                         340.00
Vlv/Prt.Cl.Clr.0mm[deg]                         610.00
Vlv/Prt.Cl.Eff.0mm[deg]                         610.00
Vlv/Prt.Cl.Eff.1mm[deg]                         577.53
Vlv/Prt.Cl.Udef.mm[deg]                         610.00
Cam Phasing [deg]                                 0.00
Massflow [g/cycle]                            0.651167
Wallheat [kJ/cycle]                           0.000435
rel.to Heatinp.[-]                              0.0002
 Attached Pipe                                       2
Vlv/Prt.Op.Clr.0mm[deg]                         130.00
Vlv/Prt.Op.Eff.0mm[deg]                         130.00
Vlv/Prt.Op.Eff.1mm[deg]                         150.84
Vlv/Prt.Op.Udef.mm[deg]                         130.00
Vlv/Prt.Cl.Clr.0mm[deg]                         390.00
Vlv/Prt.Cl.Eff.0mm[deg]                         390.00
Vlv/Prt.Cl.Eff.1mm[deg]                         356.00
Vlv/Prt.Cl.Udef.mm[deg]                         390.00
Cam Phasing [deg]                                 0.00
Massflow [g/cycle]                            0.695960
Wallheat [kJ/cycle]                          -0.006024
rel.to Heatinp.[-]                             -0.0031

FLOWRESTRICTIONS: Average Values
--------------------------------
 Flr. Att.Pi.  Massflow  Att.Pi.  Massflow
  nr.  number [g/cycle]   number [g/cycle]
    1       2    0.6960        4    0.6960
    2       1    0.6512        3    0.6511

OVERALL ENGINE PERFORMANCE:
===========================

Indicated Torque          :     59.96 Nm                    Indicated Specific Torque :    120.02 Nm/l
Indicated Power           :     40.81 kW,        55.49 PS   Indicated Specific Power  :     81.70 kW/l,     111.08 PS/l
Friction Torque           :      9.26 Nm                    Friction Power            :      6.30 kW
Effective Torque          :     50.70 Nm                    Effective Specific Torque :    101.49 Nm/l
Effective Power           :     34.51 kW,        46.92 PS   Effective Specific Power  :     69.08 kW/l,      93.93 PS/l

Required time for reading the inputfile and initialisation:       0.08 min
Required time for the calculation: .........................      0.05 min
Required time for writing the outputfile: ..................      0.00 min
Required total time: .......................................      0.13 min
Required total CPU-time: ...................................      2.11 sec
