BOOST Python job started.
Tue, 07 Oct 2025 17:01:46
    AAA    VV   VV  LL        BBBBBB    OOOOO    OOOOO    SSSSS  TTTTTTTT
   AAAAA   VV   VV  LL        BBBBBBB  OOOOOOO  OOOOOOO  SSSSSS  TTTTTTTT
  AA   AA  VV   VV  LL        BB   BB  OO   OO  OO   OO  SS         TT
  AAAAAAA  VV   VV  LL        BBBBBB   OO   OO  OO   OO  SSSSSS     TT
  AAAAAAA  VVV VVV  LL        BB   BB  OO   OO  OO   OO      SS     TT
  AA   AA   VVVVV   LLLLL     BBBBBBB  OOOOOOO  OOOOOOO  SSSSSS     TT
  AA   AA    VVV    LLLLL     BBBBBB    OOOOO    OOOOO   SSSSS      TT

  V E R S I O N   v2022.1.0.0.0
  AVL - Advanced Simulation Technologies
  Platform: x86_64-unknown-winnt_i19v19
  Build date: Apr 27 2022 22:44:48
  Git build hash: 7670062eda46b95e13935a621f250d93513addf7

  System date: 07.10.2025


  input file name:     single500_GDi.bst
  sys_1DCFD_solver License will expire in 225 days

  Starting calculation
  -------------------------------
   Cycle   IMEP [bar] of cylinder
  compl.       1
  -------------------------------
       2    1.40
       3   15.22
       4   15.51
       5   15.39
       6   15.38
       7   15.38
       8   15.38
       9   15.38
      10   15.38
      11   15.38
      12   15.38
      13   15.38
      14   15.38
      15   15.38
      16   15.38
      17   15.38
      18   15.38
      19   15.38
      20   15.38
   1 warning(s) issued. Please check messages.
  Successful finish for single500_GDi.bst

Results tree writer (Boost PPD writer) 2022 R1
Impress chart results tree generation completed.
Result unpacker (boost_unpack) v2022 R1
Results unpacking completed. 
Tue, 07 Oct 2025 17:02:03
BOOST Python job completed.
