 --------------------------------
 AVL - B O O S T
 Version:        v2022.1.0.0.0
 Build:          Apr 27 2022 22:44:48
 Git Build Hash: 7670062eda46b95e13935a621f250d93513addf7
 System:         x86_64-unknown-winnt_i19v19
 --------------------------------

LICENSE
-------
 sys_1DCFD_solver 2022.0@ License will expire in 217 days

PROJECT
-------
 Preprocessor Version :  2022.1
 Calculation date     : 15.10.2025
 File     : Nissan_vr38DETT_PFi_biturbo.bst
 Case Set : "Case Set 1"
 Case     : "Case 4000"
 
 Project ID: "4-Cylinder"
 Run ID:     "WOT"
 Model date: "7.3.2000"

ELEMENTS
--------
 Element Name        Number

 PIPE                  17
 SYSTEMBOUNDARY         2
 PLENUM                 1
 CYLINDER               3
 RESTRICTION            1
 FUELINJECTOR           3
 MEASURINGPOINT         1
 AIRCOOLER              1
 CATALYST               1
 TURBOCHARGER           1
 JUNCTION               2
 ENGINE                 1
 MICROPHONE             1
 PIPE_END              38
 ASSEMBLED              2
 ALL_PIPES             19
 ALL_PLENUMS            5
 ALL_BOUNDARIES         2
 ALL_CHARGERS           1
 RESTRICTIONS           4
 ALL_PIDS               1
 PIPE_VAR_WALL_TEMP    19

GLOBAL DATA
-----------
  Engine Speed :         4000.0  rpm
  Calculationmode:        BOOST  Single
  Cycle Duration:        720.00  degrees
  Max. calc. period:   14400.00  degrees
  Cycles calculated:         20  cycles
  Calc. time steps:     1.07179  degrees (max)
                        0.83720  degrees
                        0.03488  ms
  Traces results step:  5.00000  degrees
  User concentrations:        0
  Ref. pressure:      100000.00  Pa
  Ref. temperature:     298.000  K
  Gas properties:      Variable
  Gasproperties File:     GASOLINE.BGP
     bgp_build_version:   v2013.0.0.0.0
     bgp_build_host:      boosthost
     bgp_build_user:      boost
     bgp_build_date:      2012.03.23
     bgp_build_time:      08:00:00
  Lower calorific:  0.43500E+08  J/kg
  Stoic. A/F-ratio:      14.500

  Warnings:                   0
  Convergence errors:        91

PIPES
-----

 Total number of pipe cells:    134

 Pipe   Cells   Cell size       W.Heat     Wall T    Fric. coeff.   Lam. Fric. Coeff.  Heat Factor       Volume
  nr.                [mm]         [kJ]        [K]             [-]                 [-]          [-]        [dm3]
    1       2        30.0        0.000     340.00        0.040000           64.000000     1.000000     0.129885
    2       5        32.0       -0.018     850.00        0.040000           64.000000     1.000000     0.314159
    3       2        30.0        0.000     340.00        0.040000           64.000000     1.000000     0.129885
    4       5        32.0       -0.020     850.00        0.040000           64.000000     1.000000     0.314159
    5       2        30.0        0.000     340.00        0.040000           64.000000     1.000000     0.129885
    6       5        32.0       -0.022     850.00        0.040000           64.000000     1.000000     0.314159
    7      13        30.8       -0.005     300.00        0.019000           64.000000     1.000000     1.130973
    8      11        29.2       -0.001     300.00        0.019000           64.000000     1.000000     1.235353
    9       3        33.3       -0.055     300.00        0.019000           64.000000     1.000000     0.282743
   10       3        33.3       -0.086     300.00        0.019000           64.000000     1.000000     0.196350
   11       5        30.0       -0.094     300.00        0.019000           64.000000     1.000000     0.424115
   12      16        31.2       -0.036     300.00        0.019000           64.000000     1.000000     0.628319
   13       5        30.0       -0.001     300.00        0.019000           64.000000     1.000000     0.356374
   14       5        30.0       -0.001     300.00        0.019000           64.000000     1.000000     0.356374
   15       5        30.0       -0.001     300.00        0.019000           64.000000     1.000000     0.356374
   16      13        30.8       -0.186     300.00        0.019000           64.000000     1.000000     1.697167
   17      34        30.0       -0.468     300.00        0.019000           64.000000     1.000000     3.025379
   18      10        30.0       -0.178     303.15       77.965862      8468064.879264    63.721271     3.000000  COOLER_PIPE     1
   19      10        30.0        0.000     300.00       30.987618      1055179.905028     0.000000     3.000000  CATALYST_PIPE     1


MEASURINGPOINTS: Average Values
-------------------------------
 Mp. Pipe Location   Diameter  Pressure  Temp. Ms.Temp.  Velo.   Massflow   Massflow To.Ent.f.  To.Ent.f.  Mach. Wtemp.  Converg.
 nr.  nr.     [mm]       [mm]     [bar]    [K]      [K]  [m/s]      [g/s]  [g/cycle]    [kJ/s]  [kJ/cyc.]    [-]    [K]       [-]
  1   7    20.0000    60.0000    2.1037  320.8    319.3   12.3    78.7935     2.3638     1.721     0.0516   0.03  300.0 0.273E-05

SYSTEMBOUNDARIES
Attachments
-----------
 Type                 Nr.   Pipe       Mass flow
                             Nr.       [g/cycle]
 SYSTEMBOUNDARY        1      8          2.3602
 SYSTEMBOUNDARY        2     17          2.5398

PLENUMS: Average Values
-----------------------
                   Pl. Pressure   Temp.      Mass Wallheat
                   nr.    [bar]     [K]       [g]     [kJ]
 PLENUM             1    2.1029  318.87     4.593    0.000
                                          Attached pipe   7:      2.3602 g/cycle
                                          Attached pipe  13:      0.7863 g/cycle
                                          Attached pipe  14:      0.7874 g/cycle
                                          Attached pipe  15:      0.7897 g/cycle
 AIRCOOLER          1    2.1520  394.59     0.950    0.000
                                          Attached pipe  12:      2.3603 g/cycle
                                          Attached pipe  18:      2.3603 g/cycle
 AIRCOOLER          1    2.1085  321.17     1.143    0.000
                                          Attached pipe   7:      2.3601 g/cycle
                                          Attached pipe  18:      2.3601 g/cycle
 CATALYST           1    1.1162 1048.00     0.055    0.000
                                          Attached pipe  16:      2.5453 g/cycle
                                          Attached pipe  19:      2.5453 g/cycle
 CATALYST           1    1.0201 1065.61     0.050    0.000
                                          Attached pipe  17:      2.5448 g/cycle
                                          Attached pipe  19:      2.5449 g/cycle

PLENUMS
Attachments
-----------
 Type                 Nr.   Pipe       Mass flow
                             Nr.       [g/cycle]
 PLENUM                1      7          2.3602
 PLENUM                1     13          0.7863
 PLENUM                1     14          0.7874
 PLENUM                1     15          0.7897
 AIRCOOLER             1     12          2.3603
 AIRCOOLER             1     18          2.3603
 AIRCOOLER             1      7          2.3601
 AIRCOOLER             1     18          2.3601
 CATALYST              1     16          2.5453
 CATALYST              1     19          2.5453
 CATALYST              1     17          2.5448
 CATALYST              1     19          2.5449

TURBOCHARGERS: Average Values
-----------------------------
                  Compressor                           Turbine                              Efficiencies        Calculation
TCh.    Work    Press.rat.  Boostpres.     Work  Press.rat. Dis.coeff. Turb./tot. VTG-pos Comp. Turb. mech. total      mode
nr.      [kJ]      [-]       [bar]         [kJ]      [-]      [-]        [-]      [-]    [-]    [-]    [-]    [-]
  1     0.2521     2.1643     2.1641     0.2602     1.4677     0.2000     1.0000 1.000    0.700 0.875 0.980 0.600  Boostpressure
  Attached pipe   8:      2.3601 g/cycle
  Attached pipe  12:      2.3602 g/cycle
  Attached pipe  16:      2.5446 g/cycle
  Attached pipe  11:      2.5446 g/cycle

CYLINDERS: Average Values
-------------------------
                               Total
                              Engine         Cyl.   1       Cyl.   2       Cyl.   3
Firing TDC [deg]                                  0.00         240.00         480.00
Bore [mm]                                        77.08          77.08          77.08
Stroke [mm]                                      71.37          71.37          71.37
Conrodl. [mm]                                   145.00         145.00         145.00
Piston pin offset [mm]                            0.00           0.00           0.00
Swept Vol. [l]                   0.9991         0.3330         0.3330         0.3330
Compression ratio [-]                             9.00           9.00           9.00
Dyn. Comp. ratio [-]                              7.23           7.23           7.23

Combustion Data:
----------------
Combustion Char.                               2Z-Vibe        2Z-Vibe        2Z-Vibe     
Comb.start [deg]                                -10.00         -10.00         -10.00
Comb.dur.1 [deg]                                 50.00          50.00          50.00
Comb. Noise [dB(A)]                97.2           97.2           97.2           97.2
Noise Index [kPa]                   0.2            0.1            0.5            0.1
Peak Fir.Pres. [bar]             119.45         119.58         119.33         119.44
at Crankangle [deg]               16.53          16.46          16.63          16.49
Peak Pres.Rise[bar/deg]            5.17           5.18           5.16           5.17
at Crankangle [deg]                3.66           3.60           3.64           3.72
Peak Fir. Temp. [K]             2671.61        2671.53        2671.23        2672.08
at Crankangle [deg]               24.93          24.70          24.68          25.40
Peak T_burned [K]               2835.08        2836.78        2834.09        2834.37
at Crankangle [deg]               11.96          11.88          12.03          11.97
Res. Gascompr. [bar]               1.11           1.02           1.13           1.18
at Crankangle [deg]              306.17         342.68         356.10         219.74
Required O.N. [-]                100.71         100.62         100.61         100.71
Knock Intensity [-]               -1.00           0.00           0.00           0.00

Emissions (Classic Species Transport):
--------------------------------------
NOx: Calculated based on MTZ 34 1973 (12).
CO:  Calculated based on SAE 2002-01-0006.
HC:  Calculated based on SAE 2002-01-0006.
NOX   [g/kWh]                  5.050064       4.959627       5.437797       4.753124
NOX   [g/h]                  447.668905     146.534196     160.602287     140.532423
NOX   [ppm]                     1404.21        1379.89        1512.73        1320.25
CO    [g/kWh]                 70.729848      72.137991      62.819193      77.224826
CO    [g/h]                 6269.930632    2131.346242    1855.329789    2283.254600
CO    [ppm]                    21068.17       21500.37       18720.55       22978.52
HC    [g/kWh]                  0.914887       0.922114       0.875036       0.947474
HC    [g/h]                   81.101252      27.244231      25.843703      28.013318
HC    [ppm]                      181.75         183.29         173.91         188.02

Performance:
------------
IMEP [bar]                      27.8177        27.8147        27.8049        27.8336
Rel. to Ave. [-]                                0.9999         0.9995         1.0006
IMEP Exh. [bar]                 -1.2461        -1.2526        -1.2389        -1.2467
IMEP Int. [bar]                  2.0432         2.0437         2.0432         2.0427
IMEP Gasex. [bar]                0.7971         0.7911         0.8043         0.7960
IMEP HP [bar]                   27.0206        27.0236        27.0005        27.0376
FMEP [bar]                       1.2000         1.2000         1.2000         1.2000
BMEP [bar]                      26.6177        26.6147        26.6049        26.6336
AMEP;SMEP [bar]                  0.0000         0.0000         0.0000         0.0000
ISFC [g/kWh]                   225.0947       225.0509       225.5155       224.7180
Rel. to Ave. [-]                                0.9998         1.0019         0.9983
ISFC (tr.f.) [g/kWh]           222.7439       222.9616       222.7717       222.4984
BSFC [g/kWh]                   235.2426       235.1980       235.6873       234.8429
Indicated Eff. [-]               0.3715         0.3712         0.3715         0.3720
Iso vol. comb. Eff [-]           0.9613         0.9613         0.9613         0.9613
Polytropic Coeff. [-]                           1.3230         1.3232         1.3233

Fuel Mass Balance:
------------------
Inj. Fuelmass [g]              0.000000       0.000000       0.000000       0.000000
Asp.Trap. Fuelmass [g]         0.171963       0.057371       0.057302       0.057291
Fuelmassfl.(A+I) [g/s]         5.792598       1.930283       1.933581       1.928734
Fuelmass tot.trap. [g]         0.171963       0.057371       0.057302       0.057291
Trapped Fuelm.fl.[g/s]         5.732102       1.912363       1.910056       1.909684
Trapp. Eff. Fuel [-]             0.9896         0.9907         0.9878         0.9901

Energy Balance Cylinder:
------------------------
Fuel Energy [kJ]                7.49856        2.51292        2.49306        2.49258
Released Energy [kJ]            7.42031        2.49146        2.46527        2.46359
-> Brake Power     [%]           35.839         35.576         35.941         36.004
-> Loss: Friction  [%]            1.616          1.604          1.621          1.622
-> Loss: Piston    [%]            3.970          3.941          3.979          3.989
-> Loss: Head      [%]            4.877          4.841          4.888          4.901
-> Loss: Liner     [%]            3.041          3.012          3.049          3.061
-> Loss: Int. Port [%]           -0.035         -0.035         -0.035         -0.035
-> Loss: Exh. Port [%]            1.212          1.197          1.213          1.227
-> Loss: Exh. Gas  [%]           49.533         49.778         49.302         49.517
Eff. Rel. Energy [kJ]           6.75644        2.24946        2.25168        2.25530
Gross Rel. Energy [kJ]          7.42031        2.49146        2.46527        2.46359
Eff.Gross Rel.Ener.[kJ]         6.75644        2.24946        2.25168        2.25530
Energy Balance [-]               0.9989         0.9990         0.9988         0.9988
Eff. Energy Balance [-]          0.9095         0.9020         0.9123         0.9144

Blowby:
-------
Blowbymass [g]                 0.000000       0.000000       0.000000       0.000000
Blowbymassfl. [g/s]            0.000000       0.000000       0.000000       0.000000
Blowby Heat Flow [kJ]          0.000000       0.000000       0.000000       0.000000

Reference Values at Start of High Pressure:
-------------------------------------------
Pressure at SHP[bar]             2.8631         2.8609         2.8623         2.8659
Temperature [K]                  377.67         377.88         377.52         377.62
Air Massfl.  [g/s]            78.948059      26.265641      26.297354      26.385064
Fuel Massfl. [g/s]             5.792598       1.930283       1.933581       1.928734
Trapp. Eff. Air [-]              0.9822         0.9823         0.9830         0.9813
Trapp. Eff.Fuel [-]              0.9896         0.9907         0.9878         0.9901
A/F-Ratio (Cmb.) [-]              13.53          13.49          13.53          13.56
Excess Air Ratio [-]             0.9329         0.9304         0.9334         0.9350

Reference Values at Start Of Combustion:
----------------------------------------
Pressure [bar]                  35.5373        35.5688        35.5400        35.5030
Temperature [K]                  693.91         694.35         693.79         693.59

Residual Gas:
-------------
Res.gas content [-]              0.0108         0.0112         0.0109         0.0104
External EGR [-]                -0.0000        -0.0000         0.0000        -0.0000
Internal EGR [-]                 0.0108         0.0113         0.0109         0.0104
Com.Prod.Mass. at EO [g]       2.524617       0.841358       0.841253       0.842007
Res.gas mass at SHP [g]        0.027358       0.009459       0.009169       0.008730
Res.gas aspirated IN [g]      -0.000017      -0.000003       0.000000      -0.000014
Res.gas from intake [g]        0.000000       0.000000       0.000000       0.000000
Rel. to Total [-]                0.0000         0.0000         0.0000         0.0000
Res.gas flow EX [g]            2.497448       0.831898       0.832090       0.833460
Res.gas from exhaust [g]       0.000000       0.000000       0.000000       0.000000
Rel. to Total [-]                0.0000         0.0000         0.0000         0.0000

Gas Exchange:
-------------
Volumetric Eff. [-]              1.9920         1.9884         1.9923         1.9954
Rel. to Ave. [-]                                0.9982         1.0001         1.0017
     Rel. To PL 1 [-]            1.0136         1.0118         1.0138         1.0153
Total Mass at SHP[g]             2.5256         0.8408         0.8420         0.8427
Mass Delivered [g]              2.54220        0.84588        0.84693        0.84940
Mass Delivered [g/s]           84.74011       28.19584       28.23094       28.31333
Delivery Ratio [-]               2.1769         2.1730         2.1757         2.1821
Rel. to Ave. [-]                                0.9982         0.9994         1.0024
     Rel. To PL 1 [-]            1.1078         1.1058         1.1071         1.1104
Av.Airmass at SHP[g]             2.3262         0.7740         0.7755         0.7767
Air Delivered [g]               2.36844        0.78797        0.78892        0.79155
Air Delivered [g/s]            78.94806       26.26564       26.29735       26.38506
Airdeliveryratio [-]             2.0282         2.0243         2.0267         2.0335
Rel. to Ave. [-]                                0.9981         0.9993         1.0026
     Rel. To PL 1 [-]            1.0320         1.0301         1.0313         1.0347
Airmass Trapped [g]             2.32624        0.77401        0.77551        0.77671
Airmass Trapped [g/s]          77.54126       25.80041       25.85039       25.89045
Trapp. Eff. Air [-]              0.9822         0.9823         0.9830         0.9813
Rel. to Ave. [-]                                1.0001         1.0008         0.9991
Airpurity [-]                    0.9211         0.9205         0.9211         0.9217
Dyn. Swirl [-]                   0.0000         0.0000         0.0000         0.0000
Dyn. Tumble [-]                  0.0000         0.0000         0.0000         0.0000

Wall Heatlosses:
----------------
Piston [kJ]                     -0.2946        -0.0982        -0.0981        -0.0983
Piston Temperature [K]                          545.00         545.00         545.00
Cylinderhead [kJ]              -0.36186       -0.12062       -0.12050       -0.12074
Head Temperature [K]                            592.00         592.00         592.00
Cylinderliner [kJ]             -0.22562       -0.07505       -0.07517       -0.07540
LinerTDC Temperature [K]                        447.00         447.00         447.00
LinerBDC Temperature [K]                        443.00         443.00         443.00
Sum of Wallheat [kJ]           -0.88205       -0.29386       -0.29377       -0.29442
Wall Heatlosses in High Pressure Phase:
Piston HP [kJ]                 -0.26952       -0.08986       -0.08975       -0.08992
Cylinderhead HP [kJ]           -0.33735       -0.11247       -0.11233       -0.11255
Cylinderliner HP [kJ]          -0.13305       -0.04428       -0.04430       -0.04447
Sum of Wallheat HP [kJ]        -0.73992       -0.24661       -0.24638       -0.24694
Wall Heatlosses Related to Heatinput:
Piston [-]                      -0.0394        -0.0393        -0.0394        -0.0394
Cylinderhead [-]                -0.0484        -0.0483        -0.0483        -0.0484
Cylinderliner [-]               -0.0302        -0.0301        -0.0302        -0.0303
Sum of Wallheat [-]             -0.1179        -0.1177        -0.1179        -0.1181
M. Eff. HTC [W/m2/K]             657.15         657.32         656.98         657.16
M. Eff. Temp. [K]               1397.96        1397.69        1397.42        1398.79

Reference Values at EO:
-----------------------
Pressure [bar]                    15.37          15.36          15.38          15.36
Temperature [K]                 1806.90        1803.56        1808.09        1809.06
A/F-Ratio [-]                     13.50          13.42          13.53          13.56
Com.Prod.Conc. [-]              0.99917        0.99925        0.99913        0.99914
Fuel Concentr. [-]             0.000057       0.000052       0.000060       0.000059

Average Values of Pipeattachements:
-----------------------------------
 Attached Pipe                                       1              3              5
Vlv/Prt.Op.Clr.0mm[deg]                         335.00         335.00         335.00
Vlv/Prt.Op.Eff.0mm[deg]                         335.00         335.00         335.00
Vlv/Prt.Op.Eff.1mm[deg]                         373.38         373.38         373.38
Vlv/Prt.Op.Udef.mm[deg]                         335.00         335.00         335.00
Vlv/Prt.Cl.Clr.0mm[deg]                         602.00         602.00         602.00
Vlv/Prt.Cl.Eff.0mm[deg]                         602.00         602.00         602.00
Vlv/Prt.Cl.Eff.1mm[deg]                         558.01         558.02         558.02
Vlv/Prt.Cl.Udef.mm[deg]                         602.00         602.00         602.00
Cam Phasing [deg]                                 0.00           0.00           0.00
Massflow [g/cycle]                            0.845875       0.846928       0.849400
Wallheat [kJ/cycle]                           0.000865       0.000867       0.000872
rel.to Heatinp.[-]                              0.0003         0.0003         0.0003
 Attached Pipe                                       2              4              6
Vlv/Prt.Op.Clr.0mm[deg]                         111.00         111.00         111.00
Vlv/Prt.Op.Eff.0mm[deg]                         111.00         111.00         111.00
Vlv/Prt.Op.Eff.1mm[deg]                         142.32         142.32         142.32
Vlv/Prt.Op.Udef.mm[deg]                         111.00         111.00         111.00
Vlv/Prt.Cl.Clr.0mm[deg]                         390.00         390.00         390.00
Vlv/Prt.Cl.Eff.0mm[deg]                         390.00         390.00         390.00
Vlv/Prt.Cl.Eff.1mm[deg]                         352.97         352.97         352.97
Vlv/Prt.Cl.Udef.mm[deg]                         390.00         390.00         390.00
Cam Phasing [deg]                                 0.00           0.00           0.00
Massflow [g/cycle]                            0.847027       0.847798       0.849598
Wallheat [kJ/cycle]                          -0.029823      -0.029899      -0.030235
rel.to Heatinp.[-]                             -0.0120        -0.0120        -0.0121

FLOWRESTRICTIONS: Average Values
--------------------------------
 Flr. Att.Pi.  Massflow  Att.Pi.  Massflow
  nr.  number [g/cycle]   number [g/cycle]
    1       2    0.8470        9    0.8476

FUELINJECTORS: Average Values
-----------------------------
 Inj. Att.Pi.  Massflow  Att.Pi.  Massflow Added Fuel
  nr.  number [g/cycle]   number [g/cycle]  [g/cycle]
    1       1    0.8456       13    0.7871     0.0578
    2       3    0.8466       14    0.7881     0.0578
    3       5    0.8487       15    0.7902     0.0578

ASSEMBLED: Average Values
-------------------------
 Type         Nr.  ----------Inlet-----------   ---------Outlet-----------    ----------------------Core----------------------
                   Pressure Temperat.   Mass    Pressure Temperat.   Mass     Rej.Heat   Rej.Heat    Fric. coeff.  Heat Factor
                    [bar]     [K]        [g]     [bar]      [K]       [g]       [kJ]       [kW]        [-]           [-]
 AIRCOOLER     1    2.1520   394.59     0.950    2.1085   321.17     1.143    -0.1778    -5.9252      77.965862    63.721271
 CATALYST      1    1.1162  1048.00     0.055    1.0201  1065.61     0.050     0.0000     0.0000      30.987618     0.000000

ASSEMBLED
Attachments
-----------
 Type                 Nr.   Pipe       Mass flow
                             Nr.       [g/cycle]
 AIRCOOLER             1      7          2.3601
 AIRCOOLER             1     12          2.3603
 CATALYST              1     16          2.5453
 CATALYST              1     17          2.5448

JUNCTIONS: Average Values
-------------------------
Junction   1: Attached pipe   4:     -0.8479 g/cycle
              Attached pipe   9:     -0.8476 g/cycle
              Attached pipe  10:     -1.6951 g/cycle
Junction   2: Attached pipe   6:     -0.8498 g/cycle
              Attached pipe  10:     -1.6952 g/cycle
              Attached pipe  11:     -2.5444 g/cycle

MICROPHONES
-----------
 Number    Distance     ---Overall dB Level---
              [mm]      [dB(A)]       [db,lin]
   1         500.00     115.186       119.477

OVERALL ENGINE PERFORMANCE:
===========================

Indicated Torque          :    221.17 Nm                    Indicated Specific Torque :    221.37 Nm/l
Indicated Power           :     92.64 kW,       125.96 PS   Indicated Specific Power  :     92.73 kW/l,     126.07 PS/l
Friction Torque           :      9.54 Nm                    Friction Power            :      4.00 kW
Effective Torque          :    211.63 Nm                    Effective Specific Torque :    211.82 Nm/l
Effective Power           :     88.65 kW,       120.53 PS   Effective Specific Power  :     88.73 kW/l,     120.63 PS/l

Required time for reading the inputfile and initialisation:       0.07 min
Required time for the calculation: .........................      0.11 min
Required time for writing the outputfile: ..................      0.00 min
Required total time: .......................................      0.18 min
Required total CPU-time: ...................................      5.97 sec
