 --------------------------------
 AVL - B O O S T
 Version:        v2022.1.0.0.0
 Build:          Apr 27 2022 22:44:48
 Git Build Hash: 7670062eda46b95e13935a621f250d93513addf7
 System:         x86_64-unknown-winnt_i19v19
 --------------------------------

LICENSE
-------
 sys_1DCFD_solver 2022.0@ License will expire in 217 days

PROJECT
-------
 Preprocessor Version :  2022.1
 Calculation date     : 15.10.2025
 File     : single500_GDi.bst
 Case Set : "Case Set 1"
 Case     : "3k"
 
 Project ID: "4-Cylinder"
 Run ID:     "WOT"
 Model date: "7.3.2000"

ELEMENTS
--------
 Element Name        Number

 PIPE                  20
 SYSTEMBOUNDARY         2
 PLENUM                 1
 CYLINDER               4
 RESTRICTION            8
 MEASURINGPOINT         8
 JUNCTION               3
 ENGINE                 1
 PIPE_END              40
 ALL_PIPES             20
 ALL_PLENUMS            1
 ALL_BOUNDARIES         2
 RESTRICTIONS           8
 ALL_PIDS               1
 PIPE_VAR_WALL_TEMP    20

GLOBAL DATA
-----------
  Engine Speed :         3000.0  rpm
  Calculationmode:        BOOST  Single
  Cycle Duration:        720.00  degrees
  Max. calc. period:   14400.00  degrees
  Cycles calculated:         20  cycles
  Calc. time steps:     0.77028  degrees (max)
                        0.60139  degrees
                        0.03341  ms
  Traces results step:  5.00000  degrees
  User concentrations:        0
  Ref. pressure:      100000.00  Pa
  Ref. temperature:     298.000  K
  Gas properties:      Variable
  Gasproperties File:     GASOLINE.BGP
     bgp_build_version:   v2013.0.0.0.0
     bgp_build_host:      boosthost
     bgp_build_user:      boost
     bgp_build_date:      2012.03.23
     bgp_build_time:      08:00:00
  Lower calorific:  0.43500E+08  J/kg
  Stoic. A/F-ratio:      14.500

  Warnings:                   4
  Convergence errors:       330

PIPES
-----

 Total number of pipe cells:    106

 Pipe   Cells   Cell size       W.Heat     Wall T    Fric. coeff.   Lam. Fric. Coeff.  Heat Factor       Volume
  nr.                [mm]         [kJ]        [K]             [-]                 [-]          [-]        [dm3]
    1       2        40.0        0.000     340.00        0.040000           64.000000     1.000000     0.070513
    2       2        30.0       -0.005     850.00        0.040000           64.000000     1.000000     0.048255
    3       2        40.0        0.000     340.00        0.040000           64.000000     1.000000     0.070513
    4       2        30.0       -0.005     850.00        0.040000           64.000000     1.000000     0.048255
    5       2        40.0        0.000     340.00        0.040000           64.000000     1.000000     0.070513
    6       2        30.0       -0.005     850.00        0.040000           64.000000     1.000000     0.048255
    7       2        40.0        0.000     340.00        0.040000           64.000000     1.000000     0.070513
    8       2        30.0       -0.005     850.00        0.040000           64.000000     1.000000     0.048255
    9       7        31.4       -0.068     300.00        0.019000           64.000000     1.000000     0.249505
   10       7        31.4       -0.068     300.00        0.019000           64.000000     1.000000     0.249505
   11       7        31.4       -0.068     300.00        0.019000           64.000000     1.000000     0.249505
   12       7        31.4       -0.068     300.00        0.019000           64.000000     1.000000     0.249505
   13       8        31.2       -0.131     300.00        0.019000           64.000000     1.000000     0.314159
   14       8        31.2       -0.131     300.00        0.019000           64.000000     1.000000     0.314159
   15      10        31.3       -0.269     300.00        0.019000           64.000000     1.000000     0.433089
   16       4        32.4        0.001     300.00        0.019000           64.000000     1.000000     0.429721
   17       8        30.0        0.001     300.00        0.019000           64.000000     1.000000     0.217901
   18       8        30.0        0.001     300.00        0.019000           64.000000     1.000000     0.217901
   19       8        30.0        0.001     300.00        0.019000           64.000000     1.000000     0.217901
   20       8        30.0        0.001     300.00        0.019000           64.000000     1.000000     0.217901


MEASURINGPOINTS: Average Values
-------------------------------
 Mp. Pipe Location   Diameter  Pressure  Temp. Ms.Temp.  Velo.   Massflow   Massflow To.Ent.f.  To.Ent.f.  Mach. Wtemp.  Converg.
 nr.  nr.     [mm]       [mm]     [bar]    [K]      [K]  [m/s]      [g/s]  [g/cycle]    [kJ/s]  [kJ/cyc.]    [-]    [K]       [-]
  1   1    10.0000    33.5000    0.9923  313.8    291.5   13.6    13.0886     0.5235    -0.048    -0.0019   0.04  340.0 0.408E-07
  2  11    10.0000    38.0000    1.1086  979.0   1220.0   31.2    14.0130     0.5605    15.724     0.6290   0.05  300.0 0.462E-06
  3   3    10.0000    33.5000    0.9923  313.8    291.5   13.6    13.0884     0.5235    -0.048    -0.0019   0.04  340.0 0.747E-07
  4   9    10.0000    38.0000    1.1087  979.0   1220.0   31.2    14.0132     0.5605    15.725     0.6290   0.05  300.0 0.152E-05
  5   5    10.0000    33.5000    0.9923  313.8    291.5   13.6    13.0885     0.5235    -0.048    -0.0019   0.04  340.0 0.400E-07
  6  10    10.0000    38.0000    1.1087  979.0   1220.0   31.2    14.0131     0.5605    15.725     0.6290   0.05  300.0 0.416E-06
  7   7    10.0000    33.5000    0.9923  313.8    291.5   13.6    13.0886     0.5235    -0.048    -0.0019   0.04  340.0 0.440E-06
  8  12    10.0000    38.0000    1.1086  979.0   1219.9   31.2    14.0129     0.5605    15.725     0.6290   0.05  300.0 0.166E-06

SYSTEMBOUNDARIES
Attachments
-----------
 Type                 Nr.   Pipe       Mass flow
                             Nr.       [g/cycle]
 SYSTEMBOUNDARY        1     16          2.0960
 SYSTEMBOUNDARY        2     15          2.2411

PLENUMS: Average Values
-----------------------
                   Pl. Pressure   Temp.      Mass Wallheat
                   nr.    [bar]     [K]       [g]     [kJ]
 PLENUM             1    0.9961  295.06     2.351    0.000
                                          Attached pipe  16:      2.0960 g/cycle
                                          Attached pipe  17:      0.5240 g/cycle
                                          Attached pipe  18:      0.5240 g/cycle
                                          Attached pipe  19:      0.5240 g/cycle
                                          Attached pipe  20:      0.5240 g/cycle

PLENUMS
Attachments
-----------
 Type                 Nr.   Pipe       Mass flow
                             Nr.       [g/cycle]
 PLENUM                1     16          2.0960
 PLENUM                1     17          0.5240
 PLENUM                1     18          0.5240
 PLENUM                1     19          0.5240
 PLENUM                1     20          0.5240

CYLINDERS: Average Values
-------------------------
                               Total
                              Engine         Cyl.   1       Cyl.   2       Cyl.   3       Cyl.   4
Firing TDC [deg]                                  0.00         540.00         180.00         360.00
Bore [mm]                                        86.00          86.00          86.00          86.00
Stroke [mm]                                      86.00          86.00          86.00          86.00
Conrodl. [mm]                                   143.50         143.50         143.50         143.50
Piston pin offset [mm]                            0.00           0.00           0.00           0.00
Swept Vol. [l]                   1.9982         0.4996         0.4996         0.4996         0.4996
Compression ratio [-]                            10.50          10.50          10.50          10.50
Dyn. Comp. ratio [-]                              8.81           8.81           8.81           8.81

Combustion Data:
----------------
Combustion Char.                               2Z-Vibe        2Z-Vibe        2Z-Vibe        2Z-Vibe     
Comb.start [deg]                                -13.00         -13.00         -13.00         -13.00
Comb.dur.1 [deg]                                 50.00          50.00          50.00          50.00
Peak Fir.Pres. [bar]              66.19          66.19          66.19          66.19          66.19
at Crankangle [deg]               12.43          12.43          12.43          12.43          12.43
Peak Pres.Rise[bar/deg]            2.88           2.88           2.88           2.88           2.88
at Crankangle [deg]                0.00           0.00           0.00           0.00           0.00
Peak Fir. Temp. [K]             2553.63        2553.63        2553.64        2553.63        2553.64
at Crankangle [deg]               20.89          20.89          20.89          20.89          20.89
Peak T_burned [K]               2714.53        2714.53        2714.54        2714.53        2714.54
at Crankangle [deg]                8.43           8.43           8.43           8.43           8.43
Res. Gascompr. [bar]               1.39           1.39           1.39           1.39           1.39
at Crankangle [deg]              331.44         331.44         331.44         331.44         331.44
Evaporation Energy [kJ]         -0.0425        -0.0106        -0.0106        -0.0106        -0.0106
Required O.N. [-]                100.39         100.39         100.39         100.39         100.39
Knock Intensity [-]               -1.00           0.00           0.00           0.00           0.00

Emissions (Classic Species Transport):
--------------------------------------
NOx: Calculated based on MTZ 34 1973 (12).
CO:  Calculated based on SAE 2002-01-0006.
HC:  Calculated based on SAE 2002-01-0006.
NOX   [g/kWh]                  9.900080       9.900385       9.900143       9.900183       9.899611
NOX   [g/h]                  556.872418     139.221366     139.219319     139.221516     139.210217
NOX   [ppm]                     2671.18        2671.22        2671.21        2671.26        2671.02
CO    [g/kWh]                  0.382841       0.382720       0.382870       0.382725       0.383048
CO    [g/h]                   21.534527       5.381896       5.384051       5.382080       5.386500
CO    [ppm]                      110.65         110.62         110.66         110.62         110.71
HC    [g/kWh]                  0.527746       0.527659       0.527741       0.527751       0.527831
HC    [g/h]                   29.685309       7.420054       7.421288       7.421504       7.422463
HC    [ppm]                      101.73         101.71         101.73         101.73         101.75

Performance:
------------
IMEP [bar]                      12.4884        12.4883        12.4884        12.4886        12.4883
Rel. to Ave. [-]                                1.0000         1.0000         1.0000         1.0000
IMEP Exh. [bar]                 -0.9992        -0.9992        -0.9991        -0.9991        -0.9992
IMEP Int. [bar]                  0.9249         0.9249         0.9249         0.9249         0.9249
IMEP Gasex. [bar]               -0.0743        -0.0743        -0.0743        -0.0743        -0.0743
IMEP HP [bar]                   12.5627        12.5626        12.5627        12.5628        12.5626
FMEP [bar]                       1.2286         1.2286         1.2286         1.2286         1.2286
BMEP [bar]                      11.2598        11.2597        11.2599        11.2600        11.2597
AMEP;SMEP [bar]                  0.0000         0.0000         0.0000         0.0000         0.0000
ISFC [g/kWh]                   208.6018       208.6034       208.6026       208.5973       208.6040
Rel. to Ave. [-]                                1.0000         1.0000         1.0000         1.0000
ISFC (tr.f.) [g/kWh]           208.6018       208.6034       208.6026       208.5973       208.6040
BSFC [g/kWh]                   231.3626       231.3644       231.3634       231.3573       231.3652
Indicated Eff. [-]               0.3967         0.3967         0.3967         0.3967         0.3967
Iso vol. comb. Eff [-]           0.9683         0.9683         0.9683         0.9683         0.9683
Polytropic Coeff. [-]                           1.2924         1.2924         1.2924         1.2924

Fuel Mass Balance:
------------------
Inj. Fuelmass [g]              0.144590       0.036148       0.036148       0.036147       0.036148
Asp.Trap. Fuelmass [g]         0.000010       0.000002       0.000002       0.000002       0.000002
Fuelmassfl.(A+I) [g/s]         3.614994       0.903749       0.903754       0.903741       0.903750
Fuelmass tot.trap. [g]         0.144600       0.036150       0.036150       0.036150       0.036150
Trapped Fuelm.fl.[g/s]         3.614994       0.903749       0.903754       0.903741       0.903750
Trapp. Eff. Fuel [-]             1.0000         1.0000         1.0000         1.0000         1.0000

Energy Balance Cylinder:
------------------------
Fuel Energy [kJ]                6.29090        1.57271        1.57274        1.57272        1.57273
Released Energy [kJ]            6.09950        1.52486        1.52489        1.52487        1.52488
-> Brake Power     [%]           36.888         36.888         36.888         36.888         36.887
-> Loss: Friction  [%]            4.025          4.025          4.025          4.025          4.025
-> Loss: Piston    [%]            5.128          5.128          5.128          5.128          5.128
-> Loss: Head      [%]            6.449          6.449          6.449          6.449          6.449
-> Loss: Liner     [%]            4.729          4.729          4.728          4.729          4.729
-> Loss: Int. Port [%]            0.047          0.047          0.047          0.047          0.047
-> Loss: Exh. Port [%]            0.449          0.449          0.449          0.449          0.449
-> Loss: Exh. Gas  [%]           42.776         42.774         42.777         42.776         42.775
Eff. Rel. Energy [kJ]           6.08590        1.52147        1.52148        1.52147        1.52148
Gross Rel. Energy [kJ]          6.09950        1.52486        1.52489        1.52487        1.52488
Eff.Gross Rel.Ener.[kJ]         6.08590        1.52147        1.52148        1.52147        1.52148
Energy Balance [-]               0.9988         0.9988         0.9988         0.9988         0.9988
Eff. Energy Balance [-]          0.9965         0.9965         0.9965         0.9965         0.9965

Blowby:
-------
Blowbymass [g]                 0.000000       0.000000       0.000000       0.000000       0.000000
Blowbymassfl. [g/s]            0.000000       0.000000       0.000000       0.000000       0.000000
Blowby Heat Flow [kJ]          0.000000       0.000000       0.000000       0.000000       0.000000

Reference Values at Start of High Pressure:
-------------------------------------------
Pressure at SHP[bar]             1.3616         1.3617         1.3616         1.3616         1.3617
Temperature [K]                  391.30         391.31         391.30         391.30         391.31
Air Massfl.  [g/s]            52.413925      13.103581      13.103382      13.103524      13.103439
Fuel Massfl. [g/s]             3.614994       0.903749       0.903754       0.903741       0.903750
Trapp. Eff. Air [-]              1.0000         1.0000         1.0000         1.0000         1.0000
Trapp. Eff.Fuel [-]              1.0000         1.0000         1.0000         1.0000         1.0000
A/F-Ratio (Cmb.) [-]              14.55          14.55          14.55          14.55          14.55
Excess Air Ratio [-]             1.0036         1.0036         1.0035         1.0036         1.0036

Reference Values at Start Of Combustion:
----------------------------------------
Pressure [bar]                  19.5462        19.5482        19.5444        19.5445        19.5478
Temperature [K]                  732.57         732.58         732.55         732.55         732.58

Residual Gas:
-------------
Res.gas content [-]              0.0683         0.0683         0.0683         0.0683         0.0683
External EGR [-]                 0.0000         0.0000         0.0000         0.0000         0.0000
Internal EGR [-]                 0.0683         0.0683         0.0683         0.0683         0.0683
Com.Prod.Mass. at EO [g]       2.394410       0.598603       0.598601       0.598604       0.598601
Res.gas mass at SHP [g]        0.155391       0.038847       0.038849       0.038847       0.038847
Res.gas aspirated IN [g]       0.000009       0.000002       0.000002       0.000002       0.000004
Res.gas from intake [g]        0.067809       0.016951       0.016953       0.016952       0.016953
Rel. to Total [-]                0.4364         0.4364         0.4364         0.4364         0.4364
Res.gas flow EX [g]            2.239055       0.559763       0.559766       0.559764       0.559762
Res.gas from exhaust [g]       0.024408       0.006100       0.006102       0.006103       0.006103
Rel. to Total [-]                0.1571         0.1570         0.1571         0.1571         0.1571

Gas Exchange:
-------------
Volumetric Eff. [-]              0.8977         0.8977         0.8976         0.8977         0.8977
Rel. to Ave. [-]                                1.0000         1.0000         1.0000         1.0000
Total Mass at SHP[g]             2.2741         0.5685         0.5685         0.5685         0.5685
Mass Delivered [g]              2.09643        0.52411        0.52410        0.52411        0.52411
Mass Delivered [g/s]           52.41081       13.10282       13.10261       13.10265       13.10273
Delivery Ratio [-]               0.8976         0.8976         0.8976         0.8976         0.8976
Rel. to Ave. [-]                                1.0000         1.0000         1.0000         1.0000
Av.Airmass at SHP[g]             2.0966         0.5241         0.5241         0.5241         0.5241
Air Delivered [g]               2.09656        0.52414        0.52414        0.52414        0.52414
Air Delivered [g/s]            52.41393       13.10358       13.10338       13.10352       13.10344
Airdeliveryratio [-]             0.8977         0.8977         0.8976         0.8977         0.8977
Rel. to Ave. [-]                                1.0000         1.0000         1.0000         1.0000
Airmass Trapped [g]             2.09656        0.52414        0.52414        0.52414        0.52414
Airmass Trapped [g/s]          52.41393       13.10358       13.10338       13.10352       13.10344
Trapp. Eff. Air [-]              1.0000         1.0000         1.0000         1.0000         1.0000
Rel. to Ave. [-]                                1.0000         1.0000         1.0000         1.0000
Airpurity [-]                    0.9219         0.9219         0.9219         0.9219         0.9219
Dyn. Swirl [-]                   0.0000         0.0000         0.0000         0.0000         0.0000
Dyn. Tumble [-]                  0.0000         0.0000         0.0000         0.0000         0.0000

Wall Heatlosses:
----------------
Piston [kJ]                     -0.3128        -0.0782        -0.0782        -0.0782        -0.0782
Piston Temperature [K]                          530.00         530.00         530.00         530.00
Cylinderhead [kJ]              -0.39337       -0.09834       -0.09834       -0.09834       -0.09834
Head Temperature [K]                            560.00         560.00         560.00         560.00
Cylinderliner [kJ]             -0.28842       -0.07210       -0.07210       -0.07210       -0.07210
LinerTDC Temperature [K]                        440.00         440.00         440.00         440.00
LinerBDC Temperature [K]                        435.00         435.00         435.00         435.00
Sum of Wallheat [kJ]           -0.99455       -0.24864       -0.24863       -0.24864       -0.24864
Wall Heatlosses in High Pressure Phase:
Piston HP [kJ]                 -0.27927       -0.06982       -0.06982       -0.06982       -0.06982
Cylinderhead HP [kJ]           -0.35447       -0.08862       -0.08862       -0.08862       -0.08862
Cylinderliner HP [kJ]          -0.16316       -0.04079       -0.04079       -0.04079       -0.04079
Sum of Wallheat HP [kJ]        -0.79690       -0.19922       -0.19923       -0.19923       -0.19922
Wall Heatlosses Related to Heatinput:
Piston [-]                      -0.0497        -0.0497        -0.0497        -0.0497        -0.0497
Cylinderhead [-]                -0.0625        -0.0625        -0.0625        -0.0625        -0.0625
Cylinderliner [-]               -0.0459        -0.0459        -0.0459        -0.0459        -0.0459
Sum of Wallheat [-]             -0.1581        -0.1581        -0.1581        -0.1581        -0.1581
M. Eff. HTC [W/m2/K]             362.21         362.21         362.20         362.20         362.21
M. Eff. Temp. [K]               1455.43        1455.42        1455.44        1455.45        1455.43

Reference Values at EO:
-----------------------
Pressure [bar]                     6.17           6.18           6.17           6.17           6.18
Temperature [K]                 1649.26        1649.27        1649.24        1649.27        1649.26
A/F-Ratio [-]                     14.50          14.50          14.50          14.50          14.50
Com.Prod.Conc. [-]              0.99912        0.99912        0.99912        0.99912        0.99912
Fuel Concentr. [-]             0.000060       0.000060       0.000060       0.000060       0.000060

Average Values of Pipeattachements:
-----------------------------------
 Attached Pipe                                       1              3              5              7
Vlv/Prt.Op.Clr.0mm[deg]                         327.00         327.00         327.00         327.00
Vlv/Prt.Op.Eff.0mm[deg]                         327.00         327.00         327.00         327.00
Vlv/Prt.Op.Eff.1mm[deg]                         349.50         349.50         349.50         349.50
Vlv/Prt.Op.Udef.mm[deg]                         327.00         327.00         327.00         327.00
Vlv/Prt.Cl.Clr.0mm[deg]                         597.00         597.00         597.00         597.00
Vlv/Prt.Cl.Eff.0mm[deg]                         597.00         597.00         597.00         597.00
Vlv/Prt.Cl.Eff.1mm[deg]                         564.53         564.53         564.53         564.53
Vlv/Prt.Cl.Udef.mm[deg]                         597.00         597.00         597.00         597.00
Cam Phasing [deg]                                 0.00           0.00           0.00           0.00
Massflow [g/cycle]                            0.524113       0.524105       0.524106       0.524109
Wallheat [kJ/cycle]                          -0.000721      -0.000721      -0.000721      -0.000721
rel.to Heatinp.[-]                             -0.0005        -0.0005        -0.0005        -0.0005
 Attached Pipe                                       2              4              6              8
Vlv/Prt.Op.Clr.0mm[deg]                         120.00         120.00         120.00         120.00
Vlv/Prt.Op.Eff.0mm[deg]                         120.00         120.00         120.00         120.00
Vlv/Prt.Op.Eff.1mm[deg]                         140.84         140.84         140.84         140.84
Vlv/Prt.Op.Udef.mm[deg]                         120.00         120.00         120.00         120.00
Vlv/Prt.Cl.Clr.0mm[deg]                         380.00         380.00         380.00         380.00
Vlv/Prt.Cl.Eff.0mm[deg]                         380.00         380.00         380.00         380.00
Vlv/Prt.Cl.Eff.1mm[deg]                         346.00         346.00         346.00         346.00
Vlv/Prt.Cl.Udef.mm[deg]                         380.00         380.00         380.00         380.00
Cam Phasing [deg]                                 0.00           0.00           0.00           0.00
Massflow [g/cycle]                            0.560257       0.560260       0.560257       0.560256
Wallheat [kJ/cycle]                          -0.006841      -0.006841      -0.006842      -0.006841
rel.to Heatinp.[-]                             -0.0044        -0.0044        -0.0044        -0.0044

FLOWRESTRICTIONS: Average Values
--------------------------------
 Flr. Att.Pi.  Massflow  Att.Pi.  Massflow
  nr.  number [g/cycle]   number [g/cycle]
    1       2    0.5603       11    0.5604
    2       1    0.5241       17    0.5240
    3       4    0.5603        9    0.5604
    4       3    0.5241       18    0.5240
    5       6    0.5603       10    0.5604
    6       5    0.5241       19    0.5240
    7       8    0.5603       12    0.5604
    8       7    0.5241       20    0.5240

JUNCTIONS: Average Values
-------------------------
Junction   1: Attached pipe   9:     -0.5604 g/cycle
              Attached pipe  10:     -0.5605 g/cycle
              Attached pipe  14:     -1.1205 g/cycle
Junction   2: Attached pipe  11:     -0.5604 g/cycle
              Attached pipe  12:     -0.5604 g/cycle
              Attached pipe  13:     -1.1205 g/cycle
Junction   3: Attached pipe  13:     -1.1205 g/cycle
              Attached pipe  14:     -1.1205 g/cycle
              Attached pipe  15:     -2.2411 g/cycle

OVERALL ENGINE PERFORMANCE:
===========================

Indicated Torque          :    198.58 Nm                    Indicated Specific Torque :     99.38 Nm/l
Indicated Power           :     62.39 kW,        84.82 PS   Indicated Specific Power  :     31.22 kW/l,      42.45 PS/l
Friction Torque           :     19.54 Nm                    Friction Power            :      6.14 kW
Effective Torque          :    179.05 Nm                    Effective Specific Torque :     89.60 Nm/l
Effective Power           :     56.25 kW,        76.48 PS   Effective Specific Power  :     28.15 kW/l,      38.27 PS/l

Required time for reading the inputfile and initialisation:       0.07 min
Required time for the calculation: .........................      0.14 min
Required time for writing the outputfile: ..................      0.00 min
Required total time: .......................................      0.21 min
Required total CPU-time: ...................................      7.39 sec
