 --------------------------------
 AVL - B O O S T
 Version:        v2022.1.0.0.0
 Build:          Apr 27 2022 22:44:48
 Git Build Hash: 7670062eda46b95e13935a621f250d93513addf7
 System:         x86_64-unknown-winnt_i19v19
 --------------------------------

LICENSE
-------
 sys_1DCFD_solver 2022.0@ License will expire in 219 days

PROJECT
-------
 Preprocessor Version :  2022.1
 Calculation date     : 13.10.2025
 File     : single500_GDi.bst
 Case Set : "Case Set 1"
 Case     : "Case 4"
 
 Project ID: "4-Cylinder"
 Run ID:     "WOT"
 Model date: "7.3.2000"

ELEMENTS
--------
 Element Name        Number

 PIPE                   4
 SYSTEMBOUNDARY         2
 CYLINDER               1
 RESTRICTION            2
 MEASURINGPOINT         2
 ENGINE                 1
 PIPE_END               8
 ALL_PIPES              4
 ALL_BOUNDARIES         2
 RESTRICTIONS           2
 ALL_PIDS               1
 PIPE_VAR_WALL_TEMP     4

GLOBAL DATA
-----------
  Engine Speed :         5500.0  rpm
  Calculationmode:        BOOST  Single
  Cycle Duration:        720.00  degrees
  Max. calc. period:   14400.00  degrees
  Cycles calculated:         20  cycles
  Calc. time steps:     1.41218  degrees (max)
                        1.21067  degrees
                        0.03669  ms
  Traces results step:  5.00000  degrees
  User concentrations:        0
  Ref. pressure:      100000.00  Pa
  Ref. temperature:     298.000  K
  Gas properties:      Variable
  Gasproperties File:     GASOLINE.BGP
     bgp_build_version:   v2013.0.0.0.0
     bgp_build_host:      boosthost
     bgp_build_user:      boost
     bgp_build_date:      2012.03.23
     bgp_build_time:      08:00:00
  Lower calorific:  0.43500E+08  J/kg
  Stoic. A/F-ratio:      14.500

  Warnings:                   1
  Convergence errors:         0

PIPES
-----

 Total number of pipe cells:     24

 Pipe   Cells   Cell size       W.Heat     Wall T    Fric. coeff.   Lam. Fric. Coeff.  Heat Factor       Volume
  nr.                [mm]         [kJ]        [K]             [-]                 [-]          [-]        [dm3]
    1       2        40.0        0.001     340.00        0.040000           64.000000     1.000000     0.070513
    2       2        30.0       -0.007     850.00        0.040000           64.000000     1.000000     0.048255
    3       5        33.9        0.001     300.00        0.019000           64.000000     1.000000     0.136400
    4      15        31.3       -0.164     300.00        0.019000           64.000000     1.000000     0.377675


MEASURINGPOINTS: Average Values
-------------------------------
 Mp. Pipe Location   Diameter  Pressure  Temp. Ms.Temp.  Velo.   Massflow   Massflow To.Ent.f.  To.Ent.f.  Mach. Wtemp.  Converg.
 nr.  nr.     [mm]       [mm]     [bar]    [K]      [K]  [m/s]      [g/s]  [g/cycle]    [kJ/s]  [kJ/cyc.]    [-]    [K]       [-]
  1   1    10.0000    33.5000    0.9795  295.3    282.7   33.9    30.5789     0.6672    -0.134    -0.0029   0.10  340.0 0.122E-14
  2   4    10.0000    32.0000    1.1551 1005.7   1243.2   88.9    32.6970     0.7134    39.869     0.8699   0.14  300.0 0.587E-15

SYSTEMBOUNDARIES
Attachments
-----------
 Type                 Nr.   Pipe       Mass flow
                             Nr.       [g/cycle]
 SYSTEMBOUNDARY        1      3          0.6670
 SYSTEMBOUNDARY        2      4          0.7131

CYLINDERS: Average Values
-------------------------
                               Total
                              Engine         Cyl.   1
Firing TDC [deg]                                  0.00
Bore [mm]                                        86.00
Stroke [mm]                                      86.00
Conrodl. [mm]                                   143.50
Piston pin offset [mm]                            0.00
Swept Vol. [l]                   0.4996         0.4996
Compression ratio [-]                            10.50
Dyn. Comp. ratio [-]                              7.94

Combustion Data:
----------------
Combustion Char.                               2Z-Vibe     
Comb.start [deg]                                -16.00
Comb.dur.1 [deg]                                 38.00
Peak Fir.Pres. [bar]             101.20         101.20
at Crankangle [deg]                7.06           7.06
Peak Pres.Rise[bar/deg]            5.51           5.51
at Crankangle [deg]               -3.28          -3.28
Peak Fir. Temp. [K]             2786.94        2786.94
at Crankangle [deg]               11.30          11.30
Peak T_burned [K]               2859.24        2859.24
at Crankangle [deg]                4.24           4.24
Res. Gascompr. [bar]               0.72           0.72
at Crankangle [deg]              360.00         360.00
Evaporation Energy [kJ]         -0.0135        -0.0135
Required O.N. [-]                 96.35          96.35

Emissions (Classic Species Transport):
--------------------------------------
NOx: Calculated based on MTZ 34 1973 (12).
CO:  Calculated based on SAE 2002-01-0006.
HC:  Calculated based on SAE 2002-01-0006.
NOX   [g/kWh]                 14.631821      14.631821
NOX   [g/h]                  461.061400     461.061400
NOX   [ppm]                     3767.62        3767.62
CO    [g/kWh]                  2.549811       2.549811
CO    [g/h]                   80.346754      80.346754
CO    [ppm]                      703.34         703.34
HC    [g/kWh]                  0.433508       0.433508
HC    [g/h]                   13.660208      13.660208
HC    [ppm]                       79.75          79.75

Performance:
------------
IMEP [bar]                      15.7767        15.7767
Rel. to Ave. [-]                                1.0000
IMEP Exh. [bar]                 -1.4268        -1.4268
IMEP Int. [bar]                  0.7238         0.7238
IMEP Gasex. [bar]               -0.7030        -0.7030
IMEP HP [bar]                   16.4797        16.4797
FMEP [bar]                       2.0143         2.0143
BMEP [bar]                      13.7624        13.7624
AMEP;SMEP [bar]                  0.0000         0.0000
ISFC [g/kWh]                   210.0012       210.0012
Rel. to Ave. [-]                                1.0000
ISFC (tr.f.) [g/kWh]           210.0012       210.0012
BSFC [g/kWh]                   240.7374       240.7374
Indicated Eff. [-]               0.3941         0.3941
Iso vol. comb. Eff [-]           0.9854         0.9854
Polytropic Coeff. [-]                           1.2977

Fuel Mass Balance:
------------------
Inj. Fuelmass [g]              0.045971       0.045971
Asp.Trap. Fuelmass [g]         0.000004       0.000004
Fuelmassfl.(A+I) [g/s]         2.107179       2.107179
Fuelmass tot.trap. [g]         0.045975       0.045975
Trapped Fuelm.fl.[g/s]         2.107179       2.107179
Trapp. Eff. Fuel [-]             1.0000         1.0000

Energy Balance Cylinder:
------------------------
Fuel Energy [kJ]                2.02259        2.02259
Released Energy [kJ]            1.95601        1.95601
-> Brake Power     [%]           35.149         35.149
-> Loss: Friction  [%]            5.144          5.144
-> Loss: Piston    [%]            4.409          4.409
-> Loss: Head      [%]            5.342          5.342
-> Loss: Liner     [%]            4.295          4.295
-> Loss: Int. Port [%]           -0.022         -0.022
-> Loss: Exh. Port [%]            0.314          0.314
-> Loss: Exh. Gas  [%]           46.029         46.029
Eff. Rel. Energy [kJ]           1.92483        1.92483
Gross Rel. Energy [kJ]          1.95601        1.95601
Eff.Gross Rel.Ener.[kJ]         1.92483        1.92483
Energy Balance [-]               0.9946         0.9946
Eff. Energy Balance [-]          0.9788         0.9788

Blowby:
-------
Blowbymass [g]                 0.000000       0.000000
Blowbymassfl. [g/s]            0.000000       0.000000
Blowby Heat Flow [kJ]          0.000000       0.000000

Reference Values at Start of High Pressure:
-------------------------------------------
Pressure at SHP[bar]             1.8849         1.8849
Temperature [K]                  407.04         407.04
Air Massfl.  [g/s]            30.574990      30.574990
Fuel Massfl. [g/s]             2.107179       2.107179
Trapp. Eff. Air [-]              0.9992         0.9992
Trapp. Eff.Fuel [-]              1.0000         1.0000
A/F-Ratio (Cmb.) [-]              14.69          14.69
Excess Air Ratio [-]             1.0128         1.0128

Reference Values at Start Of Combustion:
----------------------------------------
Pressure [bar]                  21.0939        21.0939
Temperature [K]                  718.47         718.47

Residual Gas:
-------------
Res.gas content [-]              0.0184         0.0184
External EGR [-]                -0.0000        -0.0000
Internal EGR [-]                 0.0184         0.0184
Com.Prod.Mass. at EO [g]       0.724430       0.724430
Res.gas mass at SHP [g]        0.012619       0.012619
Res.gas aspirated IN [g]      -0.000000      -0.000000
Res.gas from intake [g]        0.000000       0.000000
Rel. to Total [-]                0.0000         0.0000
Res.gas flow EX [g]            0.711870       0.711870
Res.gas from exhaust [g]       0.000519       0.000519
Rel. to Total [-]                0.0411         0.0411

Gas Exchange:
-------------
Volumetric Eff. [-]              1.1416         1.1416
Rel. to Ave. [-]                                1.0000
Total Mass at SHP[g]             0.6875         0.6875
Mass Delivered [g]              0.66709        0.66709
Mass Delivered [g/s]           30.57498       30.57498
Delivery Ratio [-]               1.1425         1.1425
Rel. to Ave. [-]                                1.0000
Av.Airmass at SHP[g]             0.6666         0.6666
Air Delivered [g]               0.66709        0.66709
Air Delivered [g/s]            30.57499       30.57499
Airdeliveryratio [-]             1.1425         1.1425
Rel. to Ave. [-]                                1.0000
Airmass Trapped [g]             0.66659        0.66659
Airmass Trapped [g/s]          30.55183       30.55183
Trapp. Eff. Air [-]              0.9992         0.9992
Rel. to Ave. [-]                                1.0000
Airpurity [-]                    0.9695         0.9695
Dyn. Swirl [-]                   0.0000         0.0000
Dyn. Tumble [-]                  0.0000         0.0000

Wall Heatlosses:
----------------
Piston [kJ]                     -0.0862        -0.0862
Piston Temperature [K]                          555.00
Cylinderhead [kJ]              -0.10450       -0.10450
Head Temperature [K]                            625.00
Cylinderliner [kJ]             -0.08401       -0.08401
LinerTDC Temperature [K]                        453.00
LinerBDC Temperature [K]                        447.00
Sum of Wallheat [kJ]           -0.27475       -0.27475
Wall Heatlosses in High Pressure Phase:
Piston HP [kJ]                 -0.07735       -0.07735
Cylinderhead HP [kJ]           -0.09567       -0.09567
Cylinderliner HP [kJ]          -0.04285       -0.04285
Sum of Wallheat HP [kJ]        -0.21587       -0.21587
Wall Heatlosses Related to Heatinput:
Piston [-]                      -0.0431        -0.0431
Cylinderhead [-]                -0.0523        -0.0523
Cylinderliner [-]               -0.0420        -0.0420
Sum of Wallheat [-]             -0.1374        -0.1374
M. Eff. HTC [W/m2/K]             658.44         658.44
M. Eff. Temp. [K]               1581.02        1581.02

Reference Values at EO:
-----------------------
Pressure [bar]                     7.19           7.19
Temperature [K]                 1697.78        1697.78
A/F-Ratio [-]                     14.39          14.39
Com.Prod.Conc. [-]              0.99905        0.99905
Fuel Concentr. [-]             0.000335       0.000335

Average Values of Pipeattachements:
-----------------------------------
 Attached Pipe                                       1
Vlv/Prt.Op.Clr.0mm[deg]                         340.00
Vlv/Prt.Op.Eff.0mm[deg]                         340.00
Vlv/Prt.Op.Eff.1mm[deg]                         362.50
Vlv/Prt.Op.Udef.mm[deg]                         340.00
Vlv/Prt.Cl.Clr.0mm[deg]                         610.00
Vlv/Prt.Cl.Eff.0mm[deg]                         610.00
Vlv/Prt.Cl.Eff.1mm[deg]                         577.53
Vlv/Prt.Cl.Udef.mm[deg]                         610.00
Cam Phasing [deg]                                 0.00
Massflow [g/cycle]                            0.667091
Wallheat [kJ/cycle]                           0.000429
rel.to Heatinp.[-]                              0.0002
 Attached Pipe                                       2
Vlv/Prt.Op.Clr.0mm[deg]                         130.00
Vlv/Prt.Op.Eff.0mm[deg]                         130.00
Vlv/Prt.Op.Eff.1mm[deg]                         150.84
Vlv/Prt.Op.Udef.mm[deg]                         130.00
Vlv/Prt.Cl.Clr.0mm[deg]                         390.00
Vlv/Prt.Cl.Eff.0mm[deg]                         390.00
Vlv/Prt.Cl.Eff.1mm[deg]                         356.00
Vlv/Prt.Cl.Udef.mm[deg]                         390.00
Cam Phasing [deg]                                 0.00
Massflow [g/cycle]                            0.713062
Wallheat [kJ/cycle]                          -0.006144
rel.to Heatinp.[-]                             -0.0031

FLOWRESTRICTIONS: Average Values
--------------------------------
 Flr. Att.Pi.  Massflow  Att.Pi.  Massflow
  nr.  number [g/cycle]   number [g/cycle]
    1       2    0.7131        4    0.7131
    2       1    0.6671        3    0.6670

OVERALL ENGINE PERFORMANCE:
===========================

Indicated Torque          :     62.72 Nm                    Indicated Specific Torque :    125.55 Nm/l
Indicated Power           :     36.12 kW,        49.11 PS   Indicated Specific Power  :     72.31 kW/l,      98.31 PS/l
Friction Torque           :      8.01 Nm                    Friction Power            :      4.61 kW
Effective Torque          :     54.71 Nm                    Effective Specific Torque :    109.52 Nm/l
Effective Power           :     31.51 kW,        42.84 PS   Effective Specific Power  :     63.08 kW/l,      85.76 PS/l

Required time for reading the inputfile and initialisation:       0.08 min
Required time for the calculation: .........................      0.05 min
Required time for writing the outputfile: ..................      0.00 min
Required total time: .......................................      0.13 min
Required total CPU-time: ...................................      2.38 sec
