 --------------------------------
 AVL - B O O S T
 Version:        v2022.1.0.0.0
 Build:          Apr 27 2022 22:44:48
 Git Build Hash: 7670062eda46b95e13935a621f250d93513addf7
 System:         x86_64-unknown-winnt_i19v19
 --------------------------------

LICENSE
-------
 sys_1DCFD_solver 2022.0@ License will expire in 216 days

PROJECT
-------
 Preprocessor Version :  2022.1
 Calculation date     : 16.10.2025
 File     : Nissan_vr38DETT_PFi_biturbo.bst
 Case Set : "Case Set 1"
 Case     : "Case 2000"
 
 Project ID: "4-Cylinder"
 Run ID:     "WOT"
 Model date: "7.3.2000"

ELEMENTS
--------
 Element Name        Number

 PIPE                  14
 SYSTEMBOUNDARY         2
 PLENUM                 1
 CYLINDER               3
 RESTRICTION            1
 MEASURINGPOINT         1
 AIRCOOLER              1
 CATALYST               1
 TURBOCHARGER           1
 JUNCTION               2
 ENGINE                 1
 MICROPHONE             1
 PIPE_END              32
 ASSEMBLED              2
 ALL_PIPES             16
 ALL_PLENUMS            5
 ALL_BOUNDARIES         2
 ALL_CHARGERS           1
 RESTRICTIONS           1
 ALL_PIDS               1
 PIPE_VAR_WALL_TEMP    16

GLOBAL DATA
-----------
  Engine Speed :         2000.0  rpm
  Calculationmode:        BOOST  Single
  Cycle Duration:        720.00  degrees
  Max. calc. period:   14400.00  degrees
  Cycles calculated:         20  cycles
  Calc. time steps:     0.53589  degrees (max)
                        0.46553  degrees
                        0.03879  ms
  Traces results step:  5.00000  degrees
  User concentrations:        0
  Ref. pressure:      100000.00  Pa
  Ref. temperature:     298.000  K
  Gas properties:      Variable
  Gasproperties File:     GASOLINE.BGP
     bgp_build_version:   v2013.0.0.0.0
     bgp_build_host:      boosthost
     bgp_build_user:      boost
     bgp_build_date:      2012.03.23
     bgp_build_time:      08:00:00
  Lower calorific:  0.43500E+08  J/kg
  Stoic. A/F-ratio:      14.500

  Warnings:                   0
  Convergence errors:       209

PIPES
-----

 Total number of pipe cells:    134

 Pipe   Cells   Cell size       W.Heat     Wall T    Fric. coeff.   Lam. Fric. Coeff.  Heat Factor       Volume
  nr.                [mm]         [kJ]        [K]             [-]                 [-]          [-]        [dm3]
    1       5        32.0       -0.009     850.00        0.040000           64.000000     1.000000     0.314159
    2       5        32.0       -0.009     850.00        0.040000           64.000000     1.000000     0.314159
    3       5        32.0       -0.009     850.00        0.040000           64.000000     1.000000     0.314159
    4      13        30.8       -0.002     300.00        0.019000           64.000000     1.000000     0.407150
    5      11        29.2       -0.000     300.00        0.019000           64.000000     1.000000     1.235353
    6       3        33.3       -0.033     300.00        0.019000           64.000000     1.000000     0.282743
    7       3        33.3       -0.051     300.00        0.019000           64.000000     1.000000     0.196350
    8       5        30.0       -0.062     300.00        0.019000           64.000000     1.000000     0.424115
    9      16        31.2       -0.011     300.00        0.019000           64.000000     1.000000     0.508938
   10      13        30.8       -0.145     300.00        0.019000           64.000000     1.000000     1.697167
   11      34        29.8       -0.538     300.00        0.019000           64.000000     1.000000     1.271717
   12       7        30.0       -0.000     300.00        0.019000           64.000000     1.000000     0.480946
   13       7        30.0       -0.000     300.00        0.019000           64.000000     1.000000     0.480946
   14       7        30.0       -0.000     300.00        0.019000           64.000000     1.000000     0.480946
   15      10        30.0       -0.036     303.15       46.626651      5064235.787684    63.721271     3.000000  COOLER_PIPE     1
   16      10        30.0        0.000     300.00        9.766610       332569.298663     0.000000     3.000000  CATALYST_PIPE     1


MEASURINGPOINTS: Average Values
-------------------------------
 Mp. Pipe Location   Diameter  Pressure  Temp. Ms.Temp.  Velo.   Massflow   Massflow To.Ent.f.  To.Ent.f.  Mach. Wtemp.  Converg.
 nr.  nr.     [mm]       [mm]     [bar]    [K]      [K]  [m/s]      [g/s]  [g/cycle]    [kJ/s]  [kJ/cyc.]    [-]    [K]       [-]
  1   4    20.0000    36.0000    1.4719  309.8    309.7   11.6    19.5373     1.1722     0.230     0.0138   0.03  300.0 0.133E-03

SYSTEMBOUNDARIES
Attachments
-----------
 Type                 Nr.   Pipe       Mass flow
                             Nr.       [g/cycle]
 SYSTEMBOUNDARY        1      5          1.0308
 SYSTEMBOUNDARY        2     11          1.3580

PLENUMS: Average Values
-----------------------
                   Pl. Pressure   Temp.      Mass Wallheat
                   nr.    [bar]     [K]       [g]     [kJ]
 PLENUM             1    1.4714  307.29     1.668    0.000
                                          Attached pipe   4:      1.1845 g/cycle
                                          Attached pipe  12:      0.4059 g/cycle
                                          Attached pipe  13:      0.4072 g/cycle
                                          Attached pipe  14:      0.4012 g/cycle
 AIRCOOLER          1    1.4753  344.94     0.745    0.000
                                          Attached pipe   9:      1.0444 g/cycle
                                          Attached pipe  15:      1.0584 g/cycle
 AIRCOOLER          1    1.4734  309.99     0.828    0.000
                                          Attached pipe   4:      1.1715 g/cycle
                                          Attached pipe  15:      1.1543 g/cycle
 CATALYST           1    1.0273 1047.82     0.052    0.000
                                          Attached pipe  10:      1.3564 g/cycle
                                          Attached pipe  16:      1.3562 g/cycle
 CATALYST           1    1.0226 1018.63     0.053    0.000
                                          Attached pipe  11:      1.3637 g/cycle
                                          Attached pipe  16:      1.3636 g/cycle

PLENUMS
Attachments
-----------
 Type                 Nr.   Pipe       Mass flow
                             Nr.       [g/cycle]
 PLENUM                1      4          1.1845
 PLENUM                1     12          0.4059
 PLENUM                1     13          0.4072
 PLENUM                1     14          0.4012
 AIRCOOLER             1      9          1.0444
 AIRCOOLER             1     15          1.0584
 AIRCOOLER             1      4          1.1715
 AIRCOOLER             1     15          1.1543
 CATALYST              1     10          1.3564
 CATALYST              1     16          1.3562
 CATALYST              1     11          1.3637
 CATALYST              1     16          1.3636

TURBOCHARGERS: Average Values
-----------------------------
                  Compressor                           Turbine                              Efficiencies        Calculation
TCh.    Work    Press.rat.  Boostpres.     Work  Press.rat. Dis.coeff. Turb./tot. VTG-pos Comp. Turb. mech. total      mode
nr.      [kJ]      [-]       [bar]         [kJ]      [-]      [-]        [-]      [-]    [-]    [-]    [-]    [-]
  1     0.0530     1.4771     1.4771     0.0394     1.1143     0.3000     1.0000 1.000    0.700 0.875 0.980 0.600  Boostpressure
  Attached pipe   5:      1.0328 g/cycle
  Attached pipe   9:      1.0328 g/cycle
  Attached pipe  10:      1.3585 g/cycle
  Attached pipe   8:      1.3585 g/cycle

CYLINDERS: Average Values
-------------------------
                               Total
                              Engine         Cyl.   1       Cyl.   2       Cyl.   3
Firing TDC [deg]                                  0.00         240.00         480.00
Bore [mm]                                        77.08          77.08          77.08
Stroke [mm]                                      71.37          71.37          71.37
Conrodl. [mm]                                   145.00         145.00         145.00
Piston pin offset [mm]                            0.00           0.00           0.00
Swept Vol. [l]                   0.9991         0.3330         0.3330         0.3330
Compression ratio [-]                             9.00           9.00           9.00
Dyn. Comp. ratio [-]                              6.17           6.17           6.18

Combustion Data:
----------------
Combustion Char.                               2Z-Vibe        2Z-Vibe        2Z-Vibe     
Comb.start [deg]                                 -9.00          -9.00          -9.00
Comb.dur.1 [deg]                                 50.00          50.00          50.00
Comb. Noise [dB(A)]                74.7           74.9           74.6           74.5
Noise Index [kPa]                   0.2            0.0            0.5            0.1
Peak Fir.Pres. [bar]              62.15          62.58          62.34          61.54
at Crankangle [deg]               16.62          16.60          16.45          16.80
Peak Pres.Rise[bar/deg]            2.57           2.59           2.57           2.56
at Crankangle [deg]                3.58           3.51           3.62           3.61
Peak Fir. Temp. [K]             2548.03        2546.48        2542.60        2555.00
at Crankangle [deg]               24.86          25.00          24.72          24.87
Peak T_burned [K]               2724.04        2721.93        2716.82        2733.36
at Crankangle [deg]               11.46          11.32          11.54          11.52
Res. Gascompr. [bar]               1.00           0.93           0.96           1.10
at Crankangle [deg]              313.25         358.49         357.94         223.33
Evaporation Energy [kJ]         -0.0259        -0.0086        -0.0086        -0.0087
Required O.N. [-]                 95.91          95.70          95.68          95.91
Knock Intensity [-]               -1.00           0.00           0.00           0.00

Emissions (Classic Species Transport):
--------------------------------------
NOx: Calculated based on MTZ 34 1973 (12).
CO:  Calculated based on SAE 2002-01-0006.
HC:  Calculated based on SAE 2002-01-0006.
NOX   [g/kWh]                 11.268536      10.370694      11.210644      12.247330
NOX   [g/h]                  231.544488      71.747478      77.092671      82.704338
NOX   [ppm]                     2770.08        2562.25        2765.36        2984.86
CO    [g/kWh]                  0.494305       0.873566       0.359110       0.243428
CO    [g/h]                   10.156920       6.043585       2.469505       1.643829
CO    [ppm]                      130.17         231.21          94.89          63.55
HC    [g/kWh]                  0.619715       0.734639       0.595923       0.526202
HC    [g/h]                   12.733817       5.082449       4.098006       3.553362
HC    [ppm]                      108.84         129.67         105.02          91.62

Performance:
------------
IMEP [bar]                      13.1398        13.2641        13.1892        12.9660
Rel. to Ave. [-]                                1.0095         1.0038         0.9868
IMEP Exh. [bar]                 -0.9598        -0.9608        -0.9563        -0.9622
IMEP Int. [bar]                  0.7478         0.7574         0.7492         0.7367
IMEP Gasex. [bar]               -0.2120        -0.2034        -0.2071        -0.2255
IMEP HP [bar]                   13.3518        13.4675        13.3964        13.1915
FMEP [bar]                       0.8000         0.8000         0.8000         0.8000
BMEP [bar]                      12.3398        12.4641        12.3892        12.1660
AMEP;SMEP [bar]                  0.0000         0.0000         0.0000         0.0000
ISFC [g/kWh]                   241.6993       239.0820       240.1606       245.9421
Rel. to Ave. [-]                                0.9892         0.9936         1.0176
ISFC (tr.f.) [g/kWh]           241.6945       239.0820       240.1463       245.9421
BSFC [g/kWh]                   257.3689       254.4273       255.6683       262.1144
Indicated Eff. [-]               0.3424         0.3462         0.3446         0.3365
Iso vol. comb. Eff [-]           0.9573         0.9573         0.9572         0.9574
Polytropic Coeff. [-]                           1.2723         1.2729         1.2713

Fuel Mass Balance:
------------------
Inj. Fuelmass [g]              0.088137       0.029337       0.029303       0.029497
Asp.Trap. Fuelmass [g]         0.000001      -0.000000      -0.000002       0.000003
Fuelmassfl.(A+I) [g/s]         1.468996       0.488945       0.488379       0.491672
Fuelmass tot.trap. [g]         0.088138       0.029337       0.029301       0.029500
Trapped Fuelm.fl.[g/s]         1.468967       0.488945       0.488350       0.491672
Trapp. Eff. Fuel [-]             1.0000         1.0000         0.9999         1.0000

Energy Balance Cylinder:
------------------------
Fuel Energy [kJ]                3.84638        1.28833        1.27469        1.28337
Released Energy [kJ]            3.74208        1.25194        1.23591        1.25423
-> Brake Power     [%]           32.946         33.156         33.385         32.304
-> Loss: Friction  [%]            2.136          2.128          2.156          2.124
-> Loss: Piston    [%]            6.921          6.931          6.995          6.839
-> Loss: Head      [%]            8.808          8.820          8.901          8.704
-> Loss: Liner     [%]            4.518          4.531          4.586          4.439
-> Loss: Int. Port [%]            0.000          0.000          0.000          0.000
-> Loss: Exh. Port [%]            2.224          2.200          2.310          2.162
-> Loss: Exh. Gas  [%]           42.712         42.797         42.239         43.093
Eff. Rel. Energy [kJ]           3.67904        1.23678        1.23427        1.20799
Gross Rel. Energy [kJ]          3.74208        1.25194        1.23591        1.25423
Eff.Gross Rel.Ener.[kJ]         3.67904        1.23678        1.23427        1.20799
Energy Balance [-]               0.9988         0.9989         0.9989         0.9988
Eff. Energy Balance [-]          0.9820         0.9868         0.9975         0.9620

Blowby:
-------
Blowbymass [g]                 0.000000       0.000000       0.000000       0.000000
Blowbymassfl. [g/s]            0.000000       0.000000       0.000000       0.000000
Blowby Heat Flow [kJ]          0.000000       0.000000       0.000000       0.000000

Reference Values at Start of High Pressure:
-------------------------------------------
Pressure at SHP[bar]             2.1440         2.1523         2.1708         2.1090
Temperature [K]                  438.55         439.20         439.43         437.00
Air Massfl.  [g/s]            21.047067       7.028023       7.090669       6.928374
Fuel Massfl. [g/s]             1.468996       0.488945       0.488379       0.491672
Trapp. Eff. Air [-]              1.0000         1.0000         1.0000         1.0000
Trapp. Eff.Fuel [-]              1.0000         1.0000         0.9999         1.0000
A/F-Ratio (Cmb.) [-]              14.38          14.42          14.57          14.15
Excess Air Ratio [-]             0.9917         0.9948         1.0048         0.9757

Reference Values at Start Of Combustion:
----------------------------------------
Pressure [bar]                  21.1367        21.2036        21.4444        20.7622
Temperature [K]                  734.28         735.32         736.62         730.89

Residual Gas:
-------------
Res.gas content [-]              0.0378         0.0383         0.0375         0.0378
External EGR [-]                 0.0000        -0.0000        -0.0000         0.0000
Internal EGR [-]                 0.0378         0.0383         0.0375         0.0378
Com.Prod.Mass. at EO [g]       1.403882       0.471597       0.471034       0.461252
Res.gas mass at SHP [g]        0.050358       0.017013       0.016791       0.016555
Res.gas aspirated IN [g]       0.000003      -0.000005      -0.000001       0.000009
Res.gas from intake [g]        0.000009       0.000000       0.000000       0.000009
Rel. to Total [-]                0.0002         0.0000         0.0000         0.0005
Res.gas flow EX [g]            1.354890       0.454599       0.454364       0.445927
Res.gas from exhaust [g]       0.003601       0.001479       0.001188       0.000934
Rel. to Total [-]                0.0715         0.0870         0.0708         0.0564

Gas Exchange:
-------------
Volumetric Eff. [-]              1.0814         1.0833         1.0929         1.0679
Rel. to Ave. [-]                                1.0018         1.0107         0.9876
     Rel. To PL 1 [-]            0.7578         0.7592         0.7659         0.7484
Total Mass at SHP[g]             1.3312         0.4447         0.4482         0.4383
Mass Delivered [g]              1.25765        0.42167        0.42027        0.41571
Mass Delivered [g/s]           20.96091        7.02786        7.00453        6.92853
Delivery Ratio [-]               1.0770         1.0833         1.0797         1.0680
Rel. to Ave. [-]                                1.0059         1.0025         0.9916
     Rel. To PL 1 [-]            0.7547         0.7591         0.7566         0.7484
Av.Airmass at SHP[g]             1.2630         0.4217         0.4254         0.4158
Air Delivered [g]               1.26282        0.42168        0.42544        0.41570
Air Delivered [g/s]            21.04707        7.02802        7.09067        6.92837
Airdeliveryratio [-]             1.0814         1.0833         1.0929         1.0679
Rel. to Ave. [-]                                1.0018         1.0107         0.9876
     Rel. To PL 1 [-]            0.7578         0.7592         0.7659         0.7484
Airmass Trapped [g]             1.26282        0.42168        0.42544        0.41570
Airmass Trapped [g/s]          21.04707        7.02802        7.09067        6.92837
Trapp. Eff. Air [-]              1.0000         1.0000         1.0000         1.0000
Rel. to Ave. [-]                                1.0000         1.0000         1.0000
Airpurity [-]                    0.9488         0.9483         0.9492         0.9488
Dyn. Swirl [-]                   0.0000         0.0000         0.0000         0.0000
Dyn. Tumble [-]                  0.0000         0.0000         0.0000         0.0000

Wall Heatlosses:
----------------
Piston [kJ]                     -0.2590        -0.0868        -0.0864        -0.0858
Piston Temperature [K]                          525.00         525.00         525.00
Cylinderhead [kJ]              -0.32959       -0.11042       -0.11001       -0.10916
Head Temperature [K]                            545.00         545.00         545.00
Cylinderliner [kJ]             -0.16908       -0.05672       -0.05668       -0.05568
LinerTDC Temperature [K]                        437.00         437.00         437.00
LinerBDC Temperature [K]                        432.00         432.00         432.00
Sum of Wallheat [kJ]           -0.75767       -0.25392       -0.25313       -0.25062
Wall Heatlosses in High Pressure Phase:
Piston HP [kJ]                 -0.24269       -0.08126       -0.08099       -0.08044
Cylinderhead HP [kJ]           -0.31066       -0.10402       -0.10367       -0.10296
Cylinderliner HP [kJ]          -0.11778       -0.03943       -0.03951       -0.03884
Sum of Wallheat HP [kJ]        -0.67113       -0.22471       -0.22418       -0.22224
Wall Heatlosses Related to Heatinput:
Piston [-]                      -0.0676        -0.0680        -0.0678        -0.0668
Cylinderhead [-]                -0.0860        -0.0865        -0.0863        -0.0851
Cylinderliner [-]               -0.0441        -0.0444        -0.0445        -0.0434
Sum of Wallheat [-]             -0.1976        -0.1990        -0.1986        -0.1953
M. Eff. HTC [W/m2/K]             258.61         259.68         259.26         256.89
M. Eff. Temp. [K]               1480.08        1481.03        1478.89        1480.32

Reference Values at EO:
-----------------------
Pressure [bar]                     7.38           7.46           7.44           7.24
Temperature [K]                 1671.62        1674.74        1680.51        1659.61
A/F-Ratio [-]                     14.33          14.36          14.51          14.11
Com.Prod.Conc. [-]              0.99909        0.99911        0.99910        0.99904
Fuel Concentr. [-]             0.000061       0.000059       0.000059       0.000065

Average Values of Pipeattachements:
-----------------------------------
 Attached Pipe                                       1              2              3
Vlv/Prt.Op.Clr.0mm[deg]                         118.00         118.00         118.00
Vlv/Prt.Op.Eff.0mm[deg]                         118.00         118.00         118.00
Vlv/Prt.Op.Eff.1mm[deg]                         138.84         138.84         138.84
Vlv/Prt.Op.Udef.mm[deg]                         118.00         118.00         118.00
Vlv/Prt.Cl.Clr.0mm[deg]                         378.00         378.00         378.00
Vlv/Prt.Cl.Eff.0mm[deg]                         378.00         378.00         378.00
Vlv/Prt.Cl.Eff.1mm[deg]                         344.00         344.00         344.00
Vlv/Prt.Cl.Udef.mm[deg]                         378.00         378.00         378.00
Cam Phasing [deg]                                 0.00           0.00           0.00
Massflow [g/cycle]                            0.455013       0.454795       0.446356
Wallheat [kJ/cycle]                          -0.027547      -0.028555      -0.027115
rel.to Heatinp.[-]                             -0.0216        -0.0224        -0.0211
 Attached Pipe                                      13             12             14
Vlv/Prt.Op.Clr.0mm[deg]                         350.00         350.00         350.00
Vlv/Prt.Op.Eff.0mm[deg]                         350.00         350.00         350.00
Vlv/Prt.Op.Eff.1mm[deg]                         372.48         372.48         372.48
Vlv/Prt.Op.Udef.mm[deg]                         350.00         350.00         350.00
Vlv/Prt.Cl.Clr.0mm[deg]                         620.00         620.00         620.00
Vlv/Prt.Cl.Eff.0mm[deg]                         620.00         620.00         620.00
Vlv/Prt.Cl.Eff.1mm[deg]                         587.60         587.60         587.60
Vlv/Prt.Cl.Udef.mm[deg]                         620.00         620.00         620.00
Cam Phasing [deg]                                 0.00           0.00           0.00
Massflow [g/cycle]                            0.421671       0.420272       0.415712
Wallheat [kJ/cycle]                           0.000000       0.000000       0.000000
rel.to Heatinp.[-]                              0.0000         0.0000         0.0000

FLOWRESTRICTIONS: Average Values
--------------------------------
 Flr. Att.Pi.  Massflow  Att.Pi.  Massflow
  nr.  number [g/cycle]   number [g/cycle]
    1       1    0.4556        6    0.4559

ASSEMBLED: Average Values
-------------------------
 Type         Nr.  ----------Inlet-----------   ---------Outlet-----------    ----------------------Core----------------------
                   Pressure Temperat.   Mass    Pressure Temperat.   Mass     Rej.Heat   Rej.Heat    Fric. coeff.  Heat Factor
                    [bar]     [K]        [g]     [bar]      [K]       [g]       [kJ]       [kW]        [-]           [-]
 AIRCOOLER     1    1.4753   344.94     0.745    1.4734   309.99     0.828    -0.0359    -0.5990      46.626651    63.721271
 CATALYST      1    1.0273  1047.82     0.052    1.0226  1018.63     0.053     0.0000     0.0000       9.766610     0.000000

ASSEMBLED
Attachments
-----------
 Type                 Nr.   Pipe       Mass flow
                             Nr.       [g/cycle]
 AIRCOOLER             1      4          1.1715
 AIRCOOLER             1      9          1.0444
 CATALYST              1     10          1.3564
 CATALYST              1     11          1.3637

JUNCTIONS: Average Values
-------------------------
Junction   1: Attached pipe   2:     -0.4561 g/cycle
              Attached pipe   6:     -0.4567 g/cycle
              Attached pipe   7:     -0.9127 g/cycle
Junction   2: Attached pipe   3:     -0.4469 g/cycle
              Attached pipe   7:     -0.9123 g/cycle
              Attached pipe   8:     -1.3592 g/cycle

MICROPHONES
-----------
 Number    Distance     ---Overall dB Level---
              [mm]      [dB(A)]       [db,lin]
   1         500.00     111.224       114.624

OVERALL ENGINE PERFORMANCE:
===========================

Indicated Torque          :    104.47 Nm                    Indicated Specific Torque :    104.56 Nm/l
Indicated Power           :     21.88 kW,        29.75 PS   Indicated Specific Power  :     21.90 kW/l,      29.78 PS/l
Friction Torque           :      6.36 Nm                    Friction Power            :      1.33 kW
Effective Torque          :     98.11 Nm                    Effective Specific Torque :     98.20 Nm/l
Effective Power           :     20.55 kW,        27.94 PS   Effective Specific Power  :     20.57 kW/l,      27.96 PS/l

Required time for reading the inputfile and initialisation:       0.07 min
Required time for the calculation: .........................      0.16 min
Required time for writing the outputfile: ..................      0.00 min
Required total time: .......................................      0.23 min
Required total CPU-time: ...................................      9.50 sec
