 --------------------------------
 AVL - B O O S T
 Version:        v2022.1.0.0.0
 Build:          Apr 27 2022 22:44:48
 Git Build Hash: 7670062eda46b95e13935a621f250d93513addf7
 System:         x86_64-unknown-winnt_i19v19
 --------------------------------

LICENSE
-------
 sys_1DCFD_solver 2022.0@ License will expire in 217 days

PROJECT
-------
 Preprocessor Version :  2022.1
 Calculation date     : 15.10.2025
 File     : single500_GDi.bst
 Case Set : "Case Set 1"
 Case     : "6k"
 
 Project ID: "4-Cylinder"
 Run ID:     "WOT"
 Model date: "7.3.2000"

ELEMENTS
--------
 Element Name        Number

 PIPE                  24
 SYSTEMBOUNDARY         2
 CYLINDER               4
 RESTRICTION            8
 MEASURINGPOINT         8
 JUNCTION               8
 ENGINE                 1
 PIPE_END              48
 ALL_PIPES             24
 ALL_BOUNDARIES         2
 RESTRICTIONS           8
 ALL_PIDS               1
 PIPE_VAR_WALL_TEMP    24

GLOBAL DATA
-----------
  Engine Speed :         6000.0  rpm
  Calculationmode:        BOOST  Single
  Cycle Duration:        720.00  degrees
  Max. calc. period:   14400.00  degrees
  Cycles calculated:         20  cycles
  Calc. time steps:     1.54056  degrees (max)
                        0.92366  degrees
                        0.02566  ms
  Traces results step:  5.00000  degrees
  User concentrations:        0
  Ref. pressure:      100000.00  Pa
  Ref. temperature:     298.000  K
  Gas properties:      Variable
  Gasproperties File:     GASOLINE.BGP
     bgp_build_version:   v2013.0.0.0.0
     bgp_build_host:      boosthost
     bgp_build_user:      boost
     bgp_build_date:      2012.03.23
     bgp_build_time:      08:00:00
  Lower calorific:  0.43500E+08  J/kg
  Stoic. A/F-ratio:      14.500

  Warnings:                   0
  Convergence errors:        71

PIPES
-----

 Total number of pipe cells:    122

 Pipe   Cells   Cell size       W.Heat     Wall T    Fric. coeff.   Lam. Fric. Coeff.  Heat Factor       Volume
  nr.                [mm]         [kJ]        [K]             [-]                 [-]          [-]        [dm3]
    1       2        40.0        0.001     340.00        0.040000           64.000000     1.000000     0.070513
    2       2        30.0       -0.007     850.00        0.040000           64.000000     1.000000     0.048255
    3       2        40.0        0.001     340.00        0.040000           64.000000     1.000000     0.070513
    4       2        30.0       -0.007     850.00        0.040000           64.000000     1.000000     0.048255
    5       2        40.0        0.001     340.00        0.040000           64.000000     1.000000     0.070513
    6       2        30.0       -0.006     850.00        0.040000           64.000000     1.000000     0.048255
    7       2        40.0        0.001     340.00        0.040000           64.000000     1.000000     0.070513
    8       2        30.0       -0.006     850.00        0.040000           64.000000     1.000000     0.048255
    9       8        30.0        0.001     300.00        0.019000           64.000000     1.000000     0.244290
   10       3        36.7        0.001     300.00        0.019000           64.000000     1.000000     0.111966
   11       8        30.0        0.001     300.00        0.019000           64.000000     1.000000     0.244290
   12       8        30.0        0.000     300.00        0.019000           64.000000     1.000000     0.244290
   13       3        36.7        0.001     300.00        0.019000           64.000000     1.000000     0.111966
   14       3        36.7        0.000     300.00        0.019000           64.000000     1.000000     0.111966
   15       8        30.0        0.001     300.00        0.019000           64.000000     1.000000     0.244290
   16       7        31.4       -0.086     300.00        0.019000           64.000000     1.000000     0.249505
   17       7        31.4       -0.084     300.00        0.019000           64.000000     1.000000     0.249505
   18       7        31.4       -0.087     300.00        0.019000           64.000000     1.000000     0.249505
   19       7        31.4       -0.083     300.00        0.019000           64.000000     1.000000     0.249505
   20       8        31.2       -0.150     300.00        0.019000           64.000000     1.000000     0.314159
   21       8        31.2       -0.151     300.00        0.019000           64.000000     1.000000     0.314159
   22      10        31.3       -0.214     300.00        0.019000           64.000000     1.000000     0.433089
   23       8        30.7        0.002     300.00        0.019000           64.000000     1.000000     0.250194
   24       3        36.7        0.001     300.00        0.019000           64.000000     1.000000     0.111966


MEASURINGPOINTS: Average Values
-------------------------------
 Mp. Pipe Location   Diameter  Pressure  Temp. Ms.Temp.  Velo.   Massflow   Massflow To.Ent.f.  To.Ent.f.  Mach. Wtemp.  Converg.
 nr.  nr.     [mm]       [mm]     [bar]    [K]      [K]  [m/s]      [g/s]  [g/cycle]    [kJ/s]  [kJ/cyc.]    [-]    [K]       [-]
  1   1    10.0000    33.5000    0.9237  291.8    279.7   37.9    31.1481     0.6230    -0.145    -0.0029   0.11  340.0 0.104E-08
  2  18    10.0000    38.0000    1.2014 1053.6   1285.8   82.0    33.3054     0.6661    42.021     0.8404   0.12  300.0 0.762E-08
  3   3    10.0000    33.5000    0.8873  294.2    277.8   40.8    30.7337     0.6147    -0.037    -0.0007   0.12  340.0 0.286E-09
  4  16    10.0000    38.0000    1.1996 1065.4   1294.6   81.3    32.8760     0.6575    41.862     0.8372   0.12  300.0 0.942E-08
  5   5    10.0000    33.5000    0.8763  298.0    286.0   37.0    28.5762     0.5715     0.072     0.0014   0.11  340.0 0.407E-08
  6  17    10.0000    38.0000    1.2010 1073.1   1291.8   78.3    30.5419     0.6108    38.628     0.7726   0.12  300.0 0.503E-07
  7   7    10.0000    33.5000    0.8797  297.0    279.0   39.4    28.2293     0.5646    -0.096    -0.0019   0.12  340.0 0.337E-08
  8  19    10.0000    38.0000    1.1990 1076.5   1295.3   77.5    30.1972     0.6039    38.275     0.7655   0.11  300.0 0.174E-07

SYSTEMBOUNDARIES
Attachments
-----------
 Type                 Nr.   Pipe       Mass flow
                             Nr.       [g/cycle]
 SYSTEMBOUNDARY        1     23          2.3735
 SYSTEMBOUNDARY        2     22          2.5387

CYLINDERS: Average Values
-------------------------
                               Total
                              Engine         Cyl.   1       Cyl.   2       Cyl.   3       Cyl.   4
Firing TDC [deg]                                  0.00         540.00         180.00         360.00
Bore [mm]                                        86.00          86.00          86.00          86.00
Stroke [mm]                                      86.00          86.00          86.00          86.00
Conrodl. [mm]                                   143.50         143.50         143.50         143.50
Piston pin offset [mm]                            0.00           0.00           0.00           0.00
Swept Vol. [l]                   1.9982         0.4996         0.4996         0.4996         0.4996
Compression ratio [-]                            10.50          10.50          10.50          10.50
Dyn. Comp. ratio [-]                              7.98           8.00           7.98           7.99

Combustion Data:
----------------
Combustion Char.                               2Z-Vibe        2Z-Vibe        2Z-Vibe        2Z-Vibe     
Comb.start [deg]                                -10.00         -10.00         -10.00         -10.00
Comb.dur.1 [deg]                                 50.00          50.00          50.00          50.00
Peak Fir.Pres. [bar]              68.89          71.95          71.61          66.40          65.61
at Crankangle [deg]               14.85          14.82          14.86          14.85          14.87
Peak Pres.Rise[bar/deg]            2.88           3.03           2.98           2.77           2.73
at Crankangle [deg]                2.75           2.93           2.20           2.93           2.93
Peak Fir. Temp. [K]             2628.03        2627.19        2634.40        2624.77        2625.75
at Crankangle [deg]               24.59          24.73          24.80          24.79          24.04
Peak T_burned [K]               2779.20        2779.25        2785.97        2775.32        2776.25
at Crankangle [deg]               11.84          11.82          11.85          11.84          11.85
Res. Gascompr. [bar]               1.00           0.99           1.00           1.00           1.03
at Crankangle [deg]              341.37         343.45         341.67         340.30         340.06
Evaporation Energy [kJ]         -0.0481        -0.0126        -0.0125        -0.0116        -0.0115
Required O.N. [-]                 90.16          87.86          90.16          85.84          85.41
Knock Intensity [-]               -1.00           0.00           0.00           0.00           0.00

Emissions (Classic Species Transport):
--------------------------------------
NOx: Calculated based on MTZ 34 1973 (12).
CO:  Calculated based on SAE 2002-01-0006.
HC:  Calculated based on SAE 2002-01-0006.
NOX   [g/kWh]                 11.776390      11.565425      12.139333      11.606955      11.787692
NOX   [g/h]                 1375.325582     359.585572     367.846791     325.256442     322.636777
NOX   [ppm]                     2906.55        2896.30        3001.18        2856.31        2865.65
CO    [g/kWh]                  1.158434       1.093454       1.151264       1.187980       1.209938
CO    [g/h]                  135.289717      33.997050      34.885680      33.290212      33.116775
CO    [ppm]                      306.28         293.34         304.90         313.17         315.10
HC    [g/kWh]                  0.433896       0.417182       0.422075       0.444667       0.454940
HC    [g/h]                   50.673222      12.970785      12.789746      12.460690      12.452001
HC    [ppm]                       76.51          74.64          74.55          78.18          79.01

Performance:
------------
IMEP [bar]                      13.8604        14.6190        14.3030        13.3904        13.1294
Rel. to Ave. [-]                                1.0547         1.0319         0.9661         0.9473
IMEP Exh. [bar]                 -1.2654        -1.2933        -1.2965        -1.2330        -1.2389
IMEP Int. [bar]                  0.5662         0.6189         0.5214         0.6098         0.5147
IMEP Gasex. [bar]               -0.6992        -0.6743        -0.7751        -0.6232        -0.7243
IMEP HP [bar]                   14.5597        15.2934        15.0781        14.0136        13.8537
FMEP [bar]                       2.1714         2.1714         2.1714         2.1714         2.1714
BMEP [bar]                      11.6890        12.4476        12.1316        11.2190        10.9580
AMEP;SMEP [bar]                  0.0000         0.0000         0.0000         0.0000         0.0000
ISFC [g/kWh]                   212.7510       211.4064       213.7180       212.1077       213.8506
Rel. to Ave. [-]                                0.9937         1.0045         0.9970         1.0052
ISFC (tr.f.) [g/kWh]           212.7510       211.4064       213.7180       212.1077       213.8506
BSFC [g/kWh]                   252.2730       248.2854       251.9713       253.1612       256.2272
Indicated Eff. [-]               0.3890         0.3915         0.3872         0.3902         0.3870
Iso vol. comb. Eff [-]           0.9558         0.9558         0.9558         0.9558         0.9558
Polytropic Coeff. [-]                           1.2869         1.2837         1.2852         1.2848

Fuel Mass Balance:
------------------
Inj. Fuelmass [g]              0.163675       0.042886       0.042417       0.039411       0.038961
Asp.Trap. Fuelmass [g]         0.000003       0.000001       0.000001       0.000001       0.000001
Fuelmassfl.(A+I) [g/s]         8.183923       2.144318       2.120903       1.970617       1.948084
Fuelmass tot.trap. [g]         0.163678       0.042886       0.042418       0.039412       0.038962
Trapped Fuelm.fl.[g/s]         8.183923       2.144318       2.120903       1.970617       1.948084
Trapp. Eff. Fuel [-]             1.0000         1.0000         1.0000         1.0000         1.0000

Energy Balance Cylinder:
------------------------
Fuel Energy [kJ]                7.12130        1.86591        1.84550        1.71475        1.69514
Released Energy [kJ]            6.90702        1.80971        1.79007        1.66309        1.64415
-> Brake Power     [%]           33.817         34.361         33.856         33.699         33.295
-> Loss: Friction  [%]            6.282          5.994          6.060          6.523          6.598
-> Loss: Piston    [%]            3.411          3.348          3.412          3.438          3.455
-> Loss: Head      [%]            4.053          3.973          4.059          4.080          4.106
-> Loss: Liner     [%]            4.531          4.450          4.526          4.571          4.583
-> Loss: Int. Port [%]           -0.018         -0.024         -0.017         -0.012         -0.019
-> Loss: Exh. Port [%]            0.338          0.328          0.333          0.345          0.349
-> Loss: Exh. Gas  [%]           48.065         48.034         48.254         47.826         48.134
Eff. Rel. Energy [kJ]           6.88660        1.80435        1.78478        1.65817        1.63930
Gross Rel. Energy [kJ]          6.90702        1.80971        1.79007        1.66309        1.64415
Eff.Gross Rel.Ener.[kJ]         6.88660        1.80435        1.78478        1.65817        1.63930
Energy Balance [-]               0.9988         0.9988         0.9989         0.9988         0.9989
Eff. Energy Balance [-]          0.9959         0.9959         0.9959         0.9959         0.9959

Blowby:
-------
Blowbymass [g]                 0.000000       0.000000       0.000000       0.000000       0.000000
Blowbymassfl. [g/s]            0.000000       0.000000       0.000000       0.000000       0.000000
Blowby Heat Flow [kJ]          0.000000       0.000000       0.000000       0.000000       0.000000

Reference Values at Start of High Pressure:
-------------------------------------------
Pressure at SHP[bar]             1.7463         1.7943         1.8335         1.6895         1.6680
Temperature [K]                  422.43         414.56         428.59         423.08         423.48
Air Massfl.  [g/s]           118.744842      31.162318      30.756436      28.574254      28.251834
Fuel Massfl. [g/s]             8.183923       2.144318       2.120903       1.970617       1.948084
Trapp. Eff. Air [-]              0.9993         0.9977         0.9999         1.0000         0.9998
Trapp. Eff.Fuel [-]              1.0000         1.0000         1.0000         1.0000         1.0000
A/F-Ratio (Cmb.) [-]              14.58          14.58          14.58          14.58          14.58
Excess Air Ratio [-]             1.0055         1.0054         1.0055         1.0055         1.0055

Reference Values at Start Of Combustion:
----------------------------------------
Pressure [bar]                  23.5930        24.4225        24.6813        22.6677        22.6006
Temperature [K]                  769.36         758.40         778.16         769.41         771.48

Residual Gas:
-------------
Res.gas content [-]              0.0239         0.0216         0.0236         0.0259         0.0249
External EGR [-]                 0.0000         0.0000        -0.0000         0.0000         0.0000
Internal EGR [-]                 0.0239         0.0216         0.0236         0.0259         0.0249
Com.Prod.Mass. at EO [g]       2.593725       0.678067       0.671953       0.625708       0.617996
Res.gas mass at SHP [g]        0.058905       0.013908       0.015031       0.015356       0.014610
Res.gas aspirated IN [g]       0.000000       0.000000      -0.000000       0.000000       0.000000
Res.gas from intake [g]        0.002981       0.000000       0.000933       0.001582       0.000466
Rel. to Total [-]                0.0506         0.0000         0.0621         0.1030         0.0319
Res.gas flow EX [g]            2.534881       0.664163       0.656957       0.610354       0.603408
Res.gas from exhaust [g]       0.000757       0.000048       0.000220       0.000267       0.000222
Rel. to Total [-]                0.0129         0.0035         0.0146         0.0174         0.0152

Gas Exchange:
-------------
Volumetric Eff. [-]              1.0161         1.0650         1.0534         0.9787         0.9675
Rel. to Ave. [-]                                1.0481         1.0366         0.9632         0.9522
Total Mass at SHP[g]             2.4617         0.6435         0.6377         0.5939         0.5866
Mass Delivered [g]              2.37490        0.62325        0.61513        0.57149        0.56504
Mass Delivered [g/s]          118.74484       31.16232       30.75644       28.57425       28.25183
Delivery Ratio [-]               1.0168         1.0674         1.0535         0.9787         0.9677
Rel. to Ave. [-]                                1.0497         1.0361         0.9625         0.9517
Av.Airmass at SHP[g]             2.3733         0.6218         0.6151         0.5715         0.5649
Air Delivered [g]               2.37490        0.62325        0.61513        0.57149        0.56504
Air Delivered [g/s]           118.74484       31.16232       30.75644       28.57425       28.25183
Airdeliveryratio [-]             1.0168         1.0674         1.0535         0.9787         0.9677
Rel. to Ave. [-]                                1.0497         1.0361         0.9625         0.9517
Airmass Trapped [g]             2.37330        0.62184        0.61505        0.57147        0.56494
Airmass Trapped [g/s]         118.66488       31.09209       30.75263       28.57335       28.24682
Trapp. Eff. Air [-]              0.9993         0.9977         0.9999         1.0000         0.9998
Rel. to Ave. [-]                                0.9984         1.0005         1.0006         1.0005
Airpurity [-]                    0.9641         0.9664         0.9645         0.9622         0.9631
Dyn. Swirl [-]                   0.0000         0.0000         0.0000         0.0000         0.0000
Dyn. Tumble [-]                  0.0000         0.0000         0.0000         0.0000         0.0000

Wall Heatlosses:
----------------
Piston [kJ]                     -0.2356        -0.0606        -0.0611        -0.0572        -0.0568
Piston Temperature [K]                          560.00         560.00         560.00         560.00
Cylinderhead [kJ]              -0.27991       -0.07189       -0.07266       -0.06785       -0.06750
Head Temperature [K]                            635.00         635.00         635.00         635.00
Cylinderliner [kJ]             -0.31294       -0.08053       -0.08103       -0.07603       -0.07535
LinerTDC Temperature [K]                        455.00         455.00         455.00         455.00
LinerBDC Temperature [K]                        450.00         450.00         450.00         450.00
Sum of Wallheat [kJ]           -0.82847       -0.21301       -0.21477       -0.20104       -0.19965
Wall Heatlosses in High Pressure Phase:
Piston HP [kJ]                 -0.19825       -0.05119       -0.05138       -0.04802       -0.04766
Cylinderhead HP [kJ]           -0.24158       -0.06237       -0.06263       -0.05851       -0.05808
Cylinderliner HP [kJ]          -0.15230       -0.03925       -0.03959       -0.03678       -0.03668
Sum of Wallheat HP [kJ]        -0.59213       -0.15280       -0.15360       -0.14331       -0.14241
Wall Heatlosses Related to Heatinput:
Piston [-]                      -0.0331        -0.0325        -0.0331        -0.0333        -0.0335
Cylinderhead [-]                -0.0393        -0.0385        -0.0394        -0.0396        -0.0398
Cylinderliner [-]               -0.0440        -0.0432        -0.0439        -0.0443        -0.0445
Sum of Wallheat [-]             -0.1164        -0.1142        -0.1164        -0.1173        -0.1178
M. Eff. HTC [W/m2/K]             581.57         605.11         593.18         569.92         558.06
M. Eff. Temp. [K]               1427.84        1417.80        1442.11        1419.45        1432.01

Reference Values at EO:
-----------------------
Pressure [bar]                     6.75           7.07           6.99           6.52           6.42
Temperature [K]                 1774.09        1773.69        1778.02        1772.45        1772.21
A/F-Ratio [-]                     14.50          14.50          14.50          14.50          14.50
Com.Prod.Conc. [-]              0.99920        0.99917        0.99924        0.99916        0.99921
Fuel Concentr. [-]             0.000054       0.000056       0.000051       0.000056       0.000053

Average Values of Pipeattachements:
-----------------------------------
 Attached Pipe                                       1              3              5              7
Vlv/Prt.Op.Clr.0mm[deg]                         340.00         340.00         340.00         340.00
Vlv/Prt.Op.Eff.0mm[deg]                         340.00         340.00         340.00         340.00
Vlv/Prt.Op.Eff.1mm[deg]                         362.50         362.50         362.50         362.50
Vlv/Prt.Op.Udef.mm[deg]                         340.00         340.00         340.00         340.00
Vlv/Prt.Cl.Clr.0mm[deg]                         610.00         610.00         610.00         610.00
Vlv/Prt.Cl.Eff.0mm[deg]                         610.00         610.00         610.00         610.00
Vlv/Prt.Cl.Eff.1mm[deg]                         577.53         577.52         577.52         577.53
Vlv/Prt.Cl.Udef.mm[deg]                         610.00         610.00         610.00         610.00
Cam Phasing [deg]                                 0.00           0.00           0.00           0.00
Massflow [g/cycle]                            0.623246       0.615129       0.571485       0.565037
Wallheat [kJ/cycle]                           0.000427       0.000301       0.000198       0.000320
rel.to Heatinp.[-]                              0.0002         0.0002         0.0001         0.0002
 Attached Pipe                                       2              4              6              8
Vlv/Prt.Op.Clr.0mm[deg]                         130.00         130.00         130.00         130.00
Vlv/Prt.Op.Eff.0mm[deg]                         130.00         130.00         130.00         130.00
Vlv/Prt.Op.Eff.1mm[deg]                         150.84         150.84         150.84         150.84
Vlv/Prt.Op.Udef.mm[deg]                         130.00         130.00         130.00         130.00
Vlv/Prt.Cl.Clr.0mm[deg]                         390.00         390.00         390.00         390.00
Vlv/Prt.Cl.Eff.0mm[deg]                         390.00         390.00         390.00         390.00
Vlv/Prt.Cl.Eff.1mm[deg]                         356.00         356.00         356.00         356.00
Vlv/Prt.Cl.Udef.mm[deg]                         390.00         390.00         390.00         390.00
Cam Phasing [deg]                                 0.00           0.00           0.00           0.00
Massflow [g/cycle]                            0.666132       0.657546       0.610897       0.603998
Wallheat [kJ/cycle]                          -0.005933      -0.005966      -0.005731      -0.005736
rel.to Heatinp.[-]                             -0.0032        -0.0032        -0.0033        -0.0034

FLOWRESTRICTIONS: Average Values
--------------------------------
 Flr. Att.Pi.  Massflow  Att.Pi.  Massflow
  nr.  number [g/cycle]   number [g/cycle]
    1       2    0.6661       18    0.6663
    2       1    0.6232        9    0.6231
    3       4    0.6575       16    0.6577
    4       3    0.6151       11    0.6151
    5       6    0.6109       17    0.6110
    6       5    0.5715       12    0.5714
    7       8    0.6040       19    0.6041
    8       7    0.5650       15    0.5650

JUNCTIONS: Average Values
-------------------------
Junction   1: Attached pipe   9:     -0.6231 g/cycle
              Attached pipe  10:     -1.7511 g/cycle
              Attached pipe  24:     -2.3740 g/cycle
Junction   2: Attached pipe  10:     -1.7511 g/cycle
              Attached pipe  11:     -0.6151 g/cycle
              Attached pipe  13:     -1.1361 g/cycle
Junction   3: Attached pipe  12:     -0.5714 g/cycle
              Attached pipe  13:     -1.1361 g/cycle
              Attached pipe  14:     -0.5646 g/cycle
Junction   4: Attached pipe  14:     -0.5646 g/cycle
              Attached pipe  15:     -0.5650 g/cycle
Junction   5: Attached pipe  16:     -0.6577 g/cycle
              Attached pipe  17:     -0.6110 g/cycle
              Attached pipe  21:     -1.2686 g/cycle
Junction   6: Attached pipe  18:     -0.6663 g/cycle
              Attached pipe  19:     -0.6041 g/cycle
              Attached pipe  20:     -1.2702 g/cycle
Junction   7: Attached pipe  20:     -1.2702 g/cycle
              Attached pipe  21:     -1.2686 g/cycle
              Attached pipe  22:     -2.5387 g/cycle
Junction   8: Attached pipe  23:     -2.3735 g/cycle
              Attached pipe  24:     -2.3740 g/cycle

OVERALL ENGINE PERFORMANCE:
===========================

Indicated Torque          :    220.40 Nm                    Indicated Specific Torque :    110.30 Nm/l
Indicated Power           :    138.48 kW,       188.28 PS   Indicated Specific Power  :     69.30 kW/l,      94.22 PS/l
Friction Torque           :     34.53 Nm                    Friction Power            :     21.70 kW
Effective Torque          :    185.87 Nm                    Effective Specific Torque :     93.02 Nm/l
Effective Power           :    116.79 kW,       158.79 PS   Effective Specific Power  :     58.45 kW/l,      79.46 PS/l

Required time for reading the inputfile and initialisation:       0.07 min
Required time for the calculation: .........................      0.10 min
Required time for writing the outputfile: ..................      0.00 min
Required total time: .......................................      0.17 min
Required total CPU-time: ...................................      5.56 sec
