 --------------------------------
 AVL - B O O S T
 Version:        v2022.1.0.0.0
 Build:          Apr 27 2022 22:44:48
 Git Build Hash: 7670062eda46b95e13935a621f250d93513addf7
 System:         x86_64-unknown-winnt_i19v19
 --------------------------------

LICENSE
-------
 sys_1DCFD_solver 2022.0@ License will expire in 217 days

PROJECT
-------
 Preprocessor Version :  2022.1
 Calculation date     : 15.10.2025
 File     : single500_GDi.bst
 Case Set : "Case Set 1"
 Case     : "7_5k"
 
 Project ID: "4-Cylinder"
 Run ID:     "WOT"
 Model date: "7.3.2000"

ELEMENTS
--------
 Element Name        Number

 PIPE                  24
 SYSTEMBOUNDARY         2
 CYLINDER               4
 RESTRICTION            8
 MEASURINGPOINT         8
 JUNCTION               8
 ENGINE                 1
 PIPE_END              48
 ALL_PIPES             24
 ALL_BOUNDARIES         2
 RESTRICTIONS           8
 ALL_PIDS               1
 PIPE_VAR_WALL_TEMP    24

GLOBAL DATA
-----------
  Engine Speed :         7500.0  rpm
  Calculationmode:        BOOST  Single
  Cycle Duration:        720.00  degrees
  Max. calc. period:   14400.00  degrees
  Cycles calculated:         20  cycles
  Calc. time steps:     1.92570  degrees (max)
                        1.13427  degrees
                        0.02521  ms
  Traces results step:  5.00000  degrees
  User concentrations:        0
  Ref. pressure:      100000.00  Pa
  Ref. temperature:     298.000  K
  Gas properties:      Variable
  Gasproperties File:     GASOLINE.BGP
     bgp_build_version:   v2013.0.0.0.0
     bgp_build_host:      boosthost
     bgp_build_user:      boost
     bgp_build_date:      2012.03.23
     bgp_build_time:      08:00:00
  Lower calorific:  0.43500E+08  J/kg
  Stoic. A/F-ratio:      14.500

  Warnings:                   0
  Convergence errors:        77

PIPES
-----

 Total number of pipe cells:    122

 Pipe   Cells   Cell size       W.Heat     Wall T    Fric. coeff.   Lam. Fric. Coeff.  Heat Factor       Volume
  nr.                [mm]         [kJ]        [K]             [-]                 [-]          [-]        [dm3]
    1       2        40.0        0.001     340.00        0.040000           64.000000     1.000000     0.070513
    2       2        30.0       -0.005     850.00        0.040000           64.000000     1.000000     0.048255
    3       2        40.0        0.001     340.00        0.040000           64.000000     1.000000     0.070513
    4       2        30.0       -0.005     850.00        0.040000           64.000000     1.000000     0.048255
    5       2        40.0        0.001     340.00        0.040000           64.000000     1.000000     0.070513
    6       2        30.0       -0.005     850.00        0.040000           64.000000     1.000000     0.048255
    7       2        40.0        0.001     340.00        0.040000           64.000000     1.000000     0.070513
    8       2        30.0       -0.004     850.00        0.040000           64.000000     1.000000     0.048255
    9       8        30.0        0.001     300.00        0.019000           64.000000     1.000000     0.244290
   10       3        36.7        0.001     300.00        0.019000           64.000000     1.000000     0.111966
   11       8        30.0        0.001     300.00        0.019000           64.000000     1.000000     0.244290
   12       8        30.0        0.000     300.00        0.019000           64.000000     1.000000     0.244290
   13       3        36.7        0.001     300.00        0.019000           64.000000     1.000000     0.111966
   14       3        36.7        0.000     300.00        0.019000           64.000000     1.000000     0.111966
   15       8        30.0        0.001     300.00        0.019000           64.000000     1.000000     0.244290
   16       7        31.4       -0.065     300.00        0.019000           64.000000     1.000000     0.249505
   17       7        31.4       -0.067     300.00        0.019000           64.000000     1.000000     0.249505
   18       7        31.4       -0.069     300.00        0.019000           64.000000     1.000000     0.249505
   19       7        31.4       -0.063     300.00        0.019000           64.000000     1.000000     0.249505
   20       8        31.2       -0.113     300.00        0.019000           64.000000     1.000000     0.314159
   21       8        31.2       -0.114     300.00        0.019000           64.000000     1.000000     0.314159
   22      10        31.3       -0.170     300.00        0.019000           64.000000     1.000000     0.433089
   23       8        30.7        0.002     300.00        0.019000           64.000000     1.000000     0.250194
   24       3        36.7        0.001     300.00        0.019000           64.000000     1.000000     0.111966


MEASURINGPOINTS: Average Values
-------------------------------
 Mp. Pipe Location   Diameter  Pressure  Temp. Ms.Temp.  Velo.   Massflow   Massflow To.Ent.f.  To.Ent.f.  Mach. Wtemp.  Converg.
 nr.  nr.     [mm]       [mm]     [bar]    [K]      [K]  [m/s]      [g/s]  [g/cycle]    [kJ/s]  [kJ/cyc.]    [-]    [K]       [-]
  1   1    10.0000    33.5000    0.9014  291.5    276.1   43.5    34.3447     0.5495    -0.176    -0.0028   0.13  340.0 0.446E-07
  2  18    10.0000    38.0000    1.1978 1070.1   1242.4   83.9    36.7211     0.5875    50.975     0.8156   0.13  300.0 0.211E-06
  3   3    10.0000    33.5000    0.8832  295.4    274.1   44.8    30.8593     0.4937    -0.052    -0.0008   0.14  340.0 0.406E-07
  4  16    10.0000    38.0000    1.1944 1090.2   1250.5   79.2    32.9932     0.5279    45.988     0.7358   0.12  300.0 0.273E-06
  5   5    10.0000    33.5000    0.8635  294.7    280.1   45.7    32.3323     0.5173     0.198     0.0032   0.14  340.0 0.308E-06
  6  17    10.0000    38.0000    1.1962 1088.1   1254.3   82.2    34.5623     0.5530    48.396     0.7743   0.12  300.0 0.513E-06
  7   7    10.0000    33.5000    0.8455  297.0    272.9   42.3    28.1238     0.4500    -0.174    -0.0028   0.13  340.0 0.823E-07
  8  19    10.0000    38.0000    1.1942 1099.0   1242.9   75.0    30.0737     0.4812    42.139     0.6742   0.11  300.0 0.293E-06

SYSTEMBOUNDARIES
Attachments
-----------
 Type                 Nr.   Pipe       Mass flow
                             Nr.       [g/cycle]
 SYSTEMBOUNDARY        1     23          2.0102
 SYSTEMBOUNDARY        2     22          2.1493

CYLINDERS: Average Values
-------------------------
                               Total
                              Engine         Cyl.   1       Cyl.   2       Cyl.   3       Cyl.   4
Firing TDC [deg]                                  0.00         540.00         180.00         360.00
Bore [mm]                                        86.00          86.00          86.00          86.00
Stroke [mm]                                      86.00          86.00          86.00          86.00
Conrodl. [mm]                                   143.50         143.50         143.50         143.50
Piston pin offset [mm]                            0.00           0.00           0.00           0.00
Swept Vol. [l]                   1.9982         0.4996         0.4996         0.4996         0.4996
Compression ratio [-]                            10.50          10.50          10.50          10.50
Dyn. Comp. ratio [-]                              8.00           7.99           7.97           8.01

Combustion Data:
----------------
Combustion Char.                               2Z-Vibe        2Z-Vibe        2Z-Vibe        2Z-Vibe     
Comb.start [deg]                                -14.00         -14.00         -14.00         -14.00
Comb.dur.1 [deg]                                 30.00          30.00          30.00          30.00
Peak Fir.Pres. [bar]              80.86          88.29          79.45          83.35          72.33
at Crankangle [deg]                6.55           6.54           6.59           6.54           6.52
Peak Pres.Rise[bar/deg]            5.17           5.68           5.07           5.31           4.63
at Crankangle [deg]               -4.16          -4.27          -3.67          -4.30          -4.39
Peak Fir. Temp. [K]             2831.54        2829.80        2833.57        2844.23        2818.56
at Crankangle [deg]                9.38           9.37           9.43           9.37           9.33
Peak T_burned [K]               2868.43        2866.94        2870.34        2881.28        2855.18
at Crankangle [deg]                3.73           3.73           3.75           3.73           3.71
Res. Gascompr. [bar]               0.78           0.72           0.82           0.79           0.79
at Crankangle [deg]              359.63         360.00         360.00         360.00         358.50
Evaporation Energy [kJ]         -0.0408        -0.0111        -0.0100        -0.0105        -0.0091
Required O.N. [-]                 77.79          77.08          74.96          77.79          70.19
Knock Intensity [-]               -1.00           0.00           0.00           0.00           0.00

Emissions (Classic Species Transport):
--------------------------------------
NOx: Calculated based on MTZ 34 1973 (12).
CO:  Calculated based on SAE 2002-01-0006.
HC:  Calculated based on SAE 2002-01-0006.
NOX   [g/kWh]                 14.632881      13.828483      15.034159      14.879690      14.945002
NOX   [g/h]                 1641.958680     440.440795     409.142090     430.163994     362.211802
NOX   [ppm]                     3236.48        3178.25        3283.57        3295.60        3187.95
CO    [g/kWh]                 83.525363      79.033823      83.538778      81.804838      91.465149
CO    [g/h]                 9372.398915    2517.247866    2273.438053    2364.934728    2216.778268
CO    [ppm]                    19790.18       19458.72       19545.36       19409.21       20900.62
HC    [g/kWh]                  0.764837       0.724791       0.773802       0.733890       0.844313
HC    [g/h]                   85.822564      23.084784      21.058379      21.216367      20.463033
HC    [ppm]                      120.86         119.01         120.74         116.13         128.67

Performance:
------------
IMEP [bar]                      11.6276        12.8440        11.3591        11.9021        10.4054
Rel. to Ave. [-]                                1.1046         0.9769         1.0236         0.8949
IMEP Exh. [bar]                 -1.3843        -1.4810        -1.3692        -1.4095        -1.2774
IMEP Int. [bar]                  0.4866         0.5751         0.4429         0.4632         0.4651
IMEP Gasex. [bar]               -0.8977        -0.9059        -0.9263        -0.9463        -0.8124
IMEP HP [bar]                   12.5254        13.7499        12.2854        12.8484        11.2177
FMEP [bar]                       2.6429         2.6429         2.6429         2.6429         2.6429
BMEP [bar]                       8.9848        10.2011         8.7163         9.2592         7.7625
AMEP;SMEP [bar]                  0.0000         0.0000         0.0000         0.0000         0.0000
ISFC [g/kWh]                   214.8940       212.7754       216.0271       215.9296       215.0878
Rel. to Ave. [-]                                0.9901         1.0053         1.0048         1.0009
ISFC (tr.f.) [g/kWh]           214.8940       212.7754       216.0271       215.9296       215.0878
BSFC [g/kWh]                   278.1048       267.9003       281.5287       277.5623       288.3177
Indicated Eff. [-]               0.3851         0.3889         0.3831         0.3833         0.3848
Iso vol. comb. Eff [-]           0.9881         0.9882         0.9882         0.9881         0.9877
Polytropic Coeff. [-]                           1.2929         1.2893         1.2877         1.2926

Fuel Mass Balance:
------------------
Inj. Fuelmass [g]              0.138630       0.037905       0.034035       0.035648       0.031042
Asp.Trap. Fuelmass [g]         0.000065       0.000018       0.000016       0.000015       0.000015
Fuelmassfl.(A+I) [g/s]         8.668389       2.370193       2.128213       2.228938       1.941044
Fuelmass tot.trap. [g]         0.138694       0.037923       0.034051       0.035663       0.031057
Trapped Fuelm.fl.[g/s]         8.668389       2.370193       2.128213       2.228938       1.941044
Trapp. Eff. Fuel [-]             1.0000         1.0000         1.0000         1.0000         1.0000

Energy Balance Cylinder:
------------------------
Fuel Energy [kJ]                6.43856        1.75898        1.57972        1.65416        1.44569
Released Energy [kJ]            6.15956        1.68170        1.51077        1.58151        1.38558
-> Brake Power     [%]           29.148         30.303         28.821         29.248         27.987
-> Loss: Friction  [%]            8.574          7.851          8.739          8.348          9.529
-> Loss: Piston    [%]            4.024          3.936          4.056          4.047          4.068
-> Loss: Head      [%]            4.639          4.534          4.681          4.674          4.681
-> Loss: Liner     [%]            4.154          4.052          4.186          4.203          4.187
-> Loss: Int. Port [%]           -0.022         -0.021         -0.023         -0.021         -0.025
-> Loss: Exh. Port [%]            0.295          0.281          0.300          0.294          0.308
-> Loss: Exh. Gas  [%]           50.094         49.987         50.103         50.099         50.207
Eff. Rel. Energy [kJ]           5.92102        1.61668        1.45244        1.52037        1.33153
Gross Rel. Energy [kJ]          6.15956        1.68170        1.51077        1.58151        1.38558
Eff.Gross Rel.Ener.[kJ]         5.92102        1.61668        1.45244        1.52037        1.33153
Energy Balance [-]               0.9825         0.9819         0.9821         0.9819         0.9842
Eff. Energy Balance [-]          0.9444         0.9439         0.9442         0.9439         0.9458

Blowby:
-------
Blowbymass [g]                 0.000000       0.000000       0.000000       0.000000       0.000000
Blowbymassfl. [g/s]            0.000000       0.000000       0.000000       0.000000       0.000000
Blowby Heat Flow [kJ]          0.000000       0.000000       0.000000       0.000000       0.000000

Reference Values at Start of High Pressure:
-------------------------------------------
Pressure at SHP[bar]             1.4910         1.5915         1.4775         1.5770         1.3182
Temperature [K]                  425.62         415.91         429.50         437.88         419.18
Air Massfl.  [g/s]           125.691241      34.351492      30.869210      32.332549      28.137991
Fuel Massfl. [g/s]             8.668389       2.370193       2.128213       2.228938       1.941044
Trapp. Eff. Air [-]              0.9995         1.0000         0.9992         0.9992         0.9997
Trapp. Eff.Fuel [-]              1.0000         1.0000         1.0000         1.0000         1.0000
A/F-Ratio (Cmb.) [-]              14.63          14.62          14.63          14.62          14.63
Excess Air Ratio [-]             1.0087         1.0085         1.0089         1.0085         1.0086

Reference Values at Start Of Combustion:
----------------------------------------
Pressure [bar]                  18.2213        19.7780        18.2221        18.9330        15.9522
Temperature [K]                  761.00         749.08         768.21         776.46         750.24

Residual Gas:
-------------
Res.gas content [-]              0.0270         0.0268         0.0269         0.0242         0.0307
External EGR [-]                 0.0000         0.0000         0.0000         0.0000         0.0000
Internal EGR [-]                 0.0270         0.0268         0.0269         0.0242         0.0307
Com.Prod.Mass. at EO [g]       2.202787       0.602155       0.540729       0.564847       0.495055
Res.gas mass at SHP [g]        0.056554       0.015339       0.013816       0.012969       0.014431
Res.gas aspirated IN [g]       0.000000       0.000000       0.000000       0.000000       0.000000
Res.gas from intake [g]        0.000336       0.000336       0.000000       0.000000       0.000000
Rel. to Total [-]                0.0059         0.0219         0.0000         0.0000         0.0000
Res.gas flow EX [g]            2.146289       0.586829       0.526933       0.551888       0.480639
Res.gas from exhaust [g]       0.002363       0.001187       0.000377       0.000230       0.000569
Rel. to Total [-]                0.0418         0.0774         0.0273         0.0177         0.0394

Gas Exchange:
-------------
Volumetric Eff. [-]              0.8606         0.9413         0.8452         0.8853         0.7708
Rel. to Ave. [-]                                1.0937         0.9821         1.0286         0.8957
Total Mass at SHP[g]             2.0916         0.5718         0.5135         0.5363         0.4701
Mass Delivered [g]              2.01106        0.54962        0.49391        0.51732        0.45021
Mass Delivered [g/s]          125.69124       34.35149       30.86921       32.33255       28.13799
Delivery Ratio [-]               0.8610         0.9413         0.8459         0.8860         0.7710
Rel. to Ave. [-]                                1.0932         0.9824         1.0290         0.8955
Av.Airmass at SHP[g]             2.0101         0.5496         0.4935         0.5169         0.4501
Air Delivered [g]               2.01106        0.54962        0.49391        0.51732        0.45021
Air Delivered [g/s]           125.69124       34.35149       30.86921       32.33255       28.13799
Airdeliveryratio [-]             0.8610         0.9413         0.8459         0.8860         0.7710
Rel. to Ave. [-]                                1.0932         0.9824         1.0290         0.8955
Airmass Trapped [g]             2.01013        0.54962        0.49352        0.51690        0.45009
Airmass Trapped [g/s]         125.63284       34.35123       30.84469       32.30603       28.13089
Trapp. Eff. Air [-]              0.9995         1.0000         0.9992         0.9992         0.9997
Rel. to Ave. [-]                                1.0005         0.9997         0.9996         1.0002
Airpurity [-]                    0.9610         0.9613         0.9612         0.9638         0.9575
Dyn. Swirl [-]                   0.0000         0.0000         0.0000         0.0000         0.0000
Dyn. Tumble [-]                  0.0000         0.0000         0.0000         0.0000         0.0000

Wall Heatlosses:
----------------
Piston [kJ]                     -0.2478        -0.0662        -0.0613        -0.0640        -0.0564
Piston Temperature [K]                          570.00         570.00         570.00         570.00
Cylinderhead [kJ]              -0.28574       -0.07625       -0.07071       -0.07392       -0.06486
Head Temperature [K]                            685.00         685.00         685.00         685.00
Cylinderliner [kJ]             -0.25588       -0.06815       -0.06325       -0.06648       -0.05801
LinerTDC Temperature [K]                        463.00         463.00         463.00         463.00
LinerBDC Temperature [K]                        457.00         457.00         457.00         457.00
Sum of Wallheat [kJ]           -0.78947       -0.21059       -0.19524       -0.20440       -0.17925
Wall Heatlosses in High Pressure Phase:
Piston HP [kJ]                 -0.21625       -0.05791       -0.05342       -0.05580       -0.04912
Cylinderhead HP [kJ]           -0.25855       -0.06922       -0.06388       -0.06676       -0.05869
Cylinderliner HP [kJ]          -0.12034       -0.03215       -0.02981       -0.03108       -0.02730
Sum of Wallheat HP [kJ]        -0.59514       -0.15928       -0.14711       -0.15364       -0.13511
Wall Heatlosses Related to Heatinput:
Piston [-]                      -0.0411        -0.0401        -0.0414        -0.0413        -0.0417
Cylinderhead [-]                -0.0474        -0.0462        -0.0477        -0.0476        -0.0480
Cylinderliner [-]               -0.0424        -0.0413        -0.0427        -0.0429        -0.0429
Sum of Wallheat [-]             -0.1309        -0.1277        -0.1318        -0.1318        -0.1327
M. Eff. HTC [W/m2/K]             654.90         704.46         642.68         667.72         604.74
M. Eff. Temp. [K]               1582.88        1575.99        1591.01        1596.46        1568.06

Reference Values at EO:
-----------------------
Pressure [bar]                     5.46           5.97           5.36           5.66           4.87
Temperature [K]                 1676.45        1674.73        1678.39        1690.65        1662.02
A/F-Ratio [-]                     13.75          13.77          13.77          13.77          13.69
Com.Prod.Conc. [-]              0.99886        0.99882        0.99883        0.99881        0.99897
Fuel Concentr. [-]             0.001143       0.001184       0.001167       0.001187       0.001033

Average Values of Pipeattachements:
-----------------------------------
 Attached Pipe                                       1              3              5              7
Vlv/Prt.Op.Clr.0mm[deg]                         340.00         340.00         340.00         340.00
Vlv/Prt.Op.Eff.0mm[deg]                         340.00         340.00         340.00         340.00
Vlv/Prt.Op.Eff.1mm[deg]                         362.50         362.50         362.50         362.50
Vlv/Prt.Op.Udef.mm[deg]                         340.00         340.00         340.00         340.00
Vlv/Prt.Cl.Clr.0mm[deg]                         610.00         610.00         610.00         610.00
Vlv/Prt.Cl.Eff.0mm[deg]                         610.00         610.00         610.00         610.00
Vlv/Prt.Cl.Eff.1mm[deg]                         577.52         577.52         577.52         577.52
Vlv/Prt.Cl.Udef.mm[deg]                         610.00         610.00         610.00         610.00
Cam Phasing [deg]                                 0.00           0.00           0.00           0.00
Massflow [g/cycle]                            0.549624       0.493907       0.517321       0.450208
Wallheat [kJ/cycle]                           0.000345       0.000344       0.000329       0.000340
rel.to Heatinp.[-]                              0.0002         0.0002         0.0002         0.0003
 Attached Pipe                                       2              4              6              8
Vlv/Prt.Op.Clr.0mm[deg]                         130.00         130.00         130.00         130.00
Vlv/Prt.Op.Eff.0mm[deg]                         130.00         130.00         130.00         130.00
Vlv/Prt.Op.Eff.1mm[deg]                         150.84         150.84         150.84         150.84
Vlv/Prt.Op.Udef.mm[deg]                         130.00         130.00         130.00         130.00
Vlv/Prt.Cl.Clr.0mm[deg]                         390.00         390.00         390.00         390.00
Vlv/Prt.Cl.Eff.0mm[deg]                         390.00         390.00         390.00         390.00
Vlv/Prt.Cl.Eff.1mm[deg]                         356.00         356.00         356.00         356.00
Vlv/Prt.Cl.Udef.mm[deg]                         390.00         390.00         390.00         390.00
Cam Phasing [deg]                                 0.00           0.00           0.00           0.00
Massflow [g/cycle]                            0.587531       0.527942       0.552966       0.481250
Wallheat [kJ/cycle]                          -0.004723      -0.004530      -0.004649      -0.004274
rel.to Heatinp.[-]                             -0.0029        -0.0031        -0.0030        -0.0032

FLOWRESTRICTIONS: Average Values
--------------------------------
 Flr. Att.Pi.  Massflow  Att.Pi.  Massflow
  nr.  number [g/cycle]   number [g/cycle]
    1       2    0.5875       18    0.5876
    2       1    0.5496        9    0.5496
    3       4    0.5279       16    0.5280
    4       3    0.4939       11    0.4939
    5       6    0.5530       17    0.5530
    6       5    0.5173       12    0.5174
    7       8    0.4812       19    0.4813
    8       7    0.4502       15    0.4501

JUNCTIONS: Average Values
-------------------------
Junction   1: Attached pipe   9:     -0.5496 g/cycle
              Attached pipe  10:     -1.4609 g/cycle
              Attached pipe  24:     -2.0105 g/cycle
Junction   2: Attached pipe  10:     -1.4609 g/cycle
              Attached pipe  11:     -0.4939 g/cycle
              Attached pipe  13:     -0.9672 g/cycle
Junction   3: Attached pipe  12:     -0.5173 g/cycle
              Attached pipe  13:     -0.9672 g/cycle
              Attached pipe  14:     -0.4499 g/cycle
Junction   4: Attached pipe  14:     -0.4499 g/cycle
              Attached pipe  15:     -0.4501 g/cycle
Junction   5: Attached pipe  16:     -0.5280 g/cycle
              Attached pipe  17:     -0.5530 g/cycle
              Attached pipe  21:     -1.0808 g/cycle
Junction   6: Attached pipe  18:     -0.5876 g/cycle
              Attached pipe  19:     -0.4813 g/cycle
              Attached pipe  20:     -1.0688 g/cycle
Junction   7: Attached pipe  20:     -1.0688 g/cycle
              Attached pipe  21:     -1.0808 g/cycle
              Attached pipe  22:     -2.1493 g/cycle
Junction   8: Attached pipe  23:     -2.0102 g/cycle
              Attached pipe  24:     -2.0105 g/cycle

OVERALL ENGINE PERFORMANCE:
===========================

Indicated Torque          :    184.90 Nm                    Indicated Specific Torque :     92.53 Nm/l
Indicated Power           :    145.22 kW,       197.44 PS   Indicated Specific Power  :     72.67 kW/l,      98.81 PS/l
Friction Torque           :     42.03 Nm                    Friction Power            :     33.01 kW
Effective Torque          :    142.87 Nm                    Effective Specific Torque :     71.50 Nm/l
Effective Power           :    112.21 kW,       152.56 PS   Effective Specific Power  :     56.15 kW/l,      76.35 PS/l

Required time for reading the inputfile and initialisation:       0.07 min
Required time for the calculation: .........................      0.09 min
Required time for writing the outputfile: ..................      0.00 min
Required total time: .......................................      0.16 min
Required total CPU-time: ...................................      4.55 sec
