MESSAGE
RUNINFO      1 CONTROL      1 BOOST       0.00 DEGCRA
 System date and time : 15.10.2025 14:10:13
ENDOFMESSAGE
MESSAGE
RUNINFO      2 CONTROL      2 BOOST       0.00 DEGCRA
 Executable information:
  Version  : v2022.1.0.0.0
  Build    : Apr 27 2022 22:44:48
  Platform : x86_64-unknown-winnt_i19v19
ENDOFMESSAGE
MESSAGE
RUNINFO      3 CONTROL      3 BOOST       0.00 DEGCRA
 Opened file :  single500_GDi.bst
ENDOFMESSAGE
MESSAGE
RUNINFO 70011 INPUT     0 BST_READ_GLOBAL 0.00DEGCRA
  The following User Defined Parameters were identified:
ENDOFMESSAGE
ENDOFMESSAGE
MESSAGE
RUNINFO 571129 INPUT      0 BST_READ_GLOBAL       0.00 DEGCRA
 Using C gas property library
ENDOFMESSAGE
MESSAGE
RUNINFO  12377 INPUT      0 BST_READ_GLOBAL       0.00 DEGCRA
 No reference element set for volumetric efficiency.
 No gas exchange data related to intake manifold conditions will be calculated.
ENDOFMESSAGE
MESSAGE
RUNINFO 270000 REACTION_LIBRARY      1 CL_BOOST_MessageSystem       0.00 DEGCRA
>>> Catalyst Library <<<
  Version: 2.800
  Platform: x86_64-unknown-winnt_i19v19
  Build date: Apr 27 2022 21:58:54
ENDOFMESSAGE
MESSAGE
RUNINFO 270000 REACTION_LIBRARY      1 CL_BOOST_MessageSystem       0.00 DEGCRA
>>> Transfer Model Library Version 1.400 <<<
ENDOFMESSAGE
MESSAGE
RUNINFO 100001 BOOST      1 BOOST_GPR_printf       0.00 DEGCRA
    Classic gas property data are read from:
      C:/Program Files (x86)/AVL/R2022.1/BOOST/files/GASOLINE.BGP

ENDOFMESSAGE
MESSAGE
RUNINFO      0 CYLINDER      1 READ_INDIVIDUAL_CYLINDER       0.00 DEGCRA
 Intake valve profile shifted.
 Opening shift :     0.000
 Closing shift :     0.000
ENDOFMESSAGE
MESSAGE
RUNINFO      0 CYLINDER      1 READ_INDIVIDUAL_CYLINDER       0.00 DEGCRA
 Exhaust valve profile shifted.
 Opening shift :     0.000
 Closing shift :     0.000
ENDOFMESSAGE
MESSAGE
RUNINFO      0 CYLINDER      2 READ_INDIVIDUAL_CYLINDER       0.00 DEGCRA
 Intake valve profile shifted.
 Opening shift :     0.000
 Closing shift :     0.000
ENDOFMESSAGE
MESSAGE
RUNINFO      0 CYLINDER      2 READ_INDIVIDUAL_CYLINDER       0.00 DEGCRA
 Exhaust valve profile shifted.
 Opening shift :     0.000
 Closing shift :     0.000
ENDOFMESSAGE
MESSAGE
RUNINFO      0 CYLINDER      3 READ_INDIVIDUAL_CYLINDER       0.00 DEGCRA
 Intake valve profile shifted.
 Opening shift :     0.000
 Closing shift :     0.000
ENDOFMESSAGE
MESSAGE
RUNINFO      0 CYLINDER      3 READ_INDIVIDUAL_CYLINDER       0.00 DEGCRA
 Exhaust valve profile shifted.
 Opening shift :     0.000
 Closing shift :     0.000
ENDOFMESSAGE
MESSAGE
RUNINFO      0 CYLINDER      4 READ_INDIVIDUAL_CYLINDER       0.00 DEGCRA
 Intake valve profile shifted.
 Opening shift :     0.000
 Closing shift :     0.000
ENDOFMESSAGE
MESSAGE
RUNINFO      0 CYLINDER      4 READ_INDIVIDUAL_CYLINDER       0.00 DEGCRA
 Exhaust valve profile shifted.
 Opening shift :     0.000
 Closing shift :     0.000
ENDOFMESSAGE
MESSAGE
WARNING  21772 RESTRICTION      2 INPUT       0.00 DEGCRA
 Area difference too small to create a quarterwave resonator.
 Minimum resonator diameter [mm]:      10.00
 Calculated diameter        [mm]:       5.81
ENDOFMESSAGE
MESSAGE
WARNING  21772 RESTRICTION      4 INPUT       0.00 DEGCRA
 Area difference too small to create a quarterwave resonator.
 Minimum resonator diameter [mm]:      10.00
 Calculated diameter        [mm]:       5.81
ENDOFMESSAGE
MESSAGE
WARNING  21772 RESTRICTION      6 INPUT       0.00 DEGCRA
 Area difference too small to create a quarterwave resonator.
 Minimum resonator diameter [mm]:      10.00
 Calculated diameter        [mm]:       5.81
ENDOFMESSAGE
MESSAGE
WARNING  21772 RESTRICTION      8 INPUT       0.00 DEGCRA
 Area difference too small to create a quarterwave resonator.
 Minimum resonator diameter [mm]:      10.00
 Calculated diameter        [mm]:       5.81
ENDOFMESSAGE
MESSAGE
RUNINFO  10660 GLOBAL      1 LICENSING       0.00 DEGCRA
  >>>
  >>>   The Licence for application "sys_1DCFD_solver"
  >>>   has been checked out!
  >>>
ENDOFMESSAGE
MESSAGE
RUNINFO      0 POSTLINKS      0 BOOST       0.00 DEGCRA
 Opened file : single500_GDi.glb
 Unit Number :    13
ENDOFMESSAGE
MESSAGE
RUNINFO 150006 SYSTEMBOUNDARY      1 BOOST       0.00 DEGCRA
 Open end correction for PIPE :    16
 End correction   [mm] :     19.500
 Original Length  [mm] :    110.000
 Corrected Length [mm] :    129.500
ENDOFMESSAGE
MESSAGE
RUNINFO 150006 SYSTEMBOUNDARY      2 BOOST       0.00 DEGCRA
 Open end correction for PIPE :    15
 End correction   [mm] :     12.600
 Original Length  [mm] :    300.000
 Corrected Length [mm] :    312.600
ENDOFMESSAGE
MESSAGE
CONVERGENCEFAIL 342500 JUNCTION      2 KNOTEN     189.06 DEGCRA
 The iteration of the junction massflow failed to
 converge within  25 iterations.
                    24 iteration   25 iteration
 Pressure    [Pa]:    176001.78      176001.78
 Difference in percent of meanvalue:    0.00
 Mass flow error [percent of total massflow]:  -1.00
ENDOFMESSAGE
MESSAGE
CONVERGENCEFAIL 342500 JUNCTION      3 KNOTEN     229.56 DEGCRA
 The iteration of the junction massflow failed to
 converge within  25 iterations.
                    24 iteration   25 iteration
 Pressure    [Pa]:    166489.34      166489.34
 Difference in percent of meanvalue:    0.00
 Mass flow error [percent of total massflow]:  -1.07
ENDOFMESSAGE
MESSAGE
CONVERGENCEFAIL 342500 JUNCTION      3 KNOTEN     230.69 DEGCRA
 The iteration of the junction massflow failed to
 converge within  25 iterations.
                    24 iteration   25 iteration
 Pressure    [Pa]:    166489.34      166489.34
 Difference in percent of meanvalue:    0.00
 Mass flow error [percent of total massflow]:  -1.90
ENDOFMESSAGE
MESSAGE
CONVERGENCEFAIL 342500 JUNCTION      2 KNOTEN     257.94 DEGCRA
 The iteration of the junction massflow failed to
 converge within  25 iterations.
                    24 iteration   25 iteration
 Pressure    [Pa]:    124063.82      124063.82
 Difference in percent of meanvalue:    0.00
 Mass flow error [percent of total massflow]:  -0.98
ENDOFMESSAGE
MESSAGE
CONVERGENCEFAIL 342500 JUNCTION      2 KNOTEN     261.34 DEGCRA
 The iteration of the junction massflow failed to
 converge within  25 iterations.
                    24 iteration   25 iteration
 Pressure    [Pa]:    122856.56      122856.56
 Difference in percent of meanvalue:    0.00
 Mass flow error [percent of total massflow]:  -0.75
ENDOFMESSAGE
MESSAGE
CONVERGENCEFAIL 342500 JUNCTION      2 KNOTEN     262.48 DEGCRA
 The iteration of the junction massflow failed to
 converge within  25 iterations.
                    24 iteration   25 iteration
 Pressure    [Pa]:    122856.56      122856.56
 Difference in percent of meanvalue:    0.00
 Mass flow error [percent of total massflow]:  -1.20
ENDOFMESSAGE
MESSAGE
CONVERGENCEFAIL 342500 JUNCTION      2 KNOTEN     263.63 DEGCRA
 The iteration of the junction massflow failed to
 converge within  25 iterations.
                    24 iteration   25 iteration
 Pressure    [Pa]:    122856.56      122856.56
 Difference in percent of meanvalue:   -0.00
 Mass flow error [percent of total massflow]:  -1.60
ENDOFMESSAGE
MESSAGE
CONVERGENCEFAIL 342500 JUNCTION      2 KNOTEN     268.32 DEGCRA
 The iteration of the junction massflow failed to
 converge within  25 iterations.
                    24 iteration   25 iteration
 Pressure    [Pa]:    121965.44      121965.44
 Difference in percent of meanvalue:    0.00
 Mass flow error [percent of total massflow]:  -0.83
ENDOFMESSAGE
MESSAGE
CONVERGENCEFAIL 342500 JUNCTION      2 KNOTEN     296.89 DEGCRA
 The iteration of the junction massflow failed to
 converge within  25 iterations.
                    24 iteration   25 iteration
 Pressure    [Pa]:    109701.65      109701.65
 Difference in percent of meanvalue:   -0.00
 Mass flow error [percent of total massflow]:  -1.18
ENDOFMESSAGE
MESSAGE
CONVERGENCEFAIL 342500 JUNCTION      3 KNOTEN     317.14 DEGCRA
 The iteration of the junction massflow failed to
 converge within  25 iterations.
                    24 iteration   25 iteration
 Pressure    [Pa]:    138116.30      138116.30
 Difference in percent of meanvalue:    0.00
 Mass flow error [percent of total massflow]:   0.70
ENDOFMESSAGE
MESSAGE
CONVERGENCEFAIL 342500 JUNCTION      3 KNOTEN     318.31 DEGCRA
 The iteration of the junction massflow failed to
 converge within  25 iterations.
                    24 iteration   25 iteration
 Pressure    [Pa]:    138116.30      138116.30
 Difference in percent of meanvalue:    0.00
 Mass flow error [percent of total massflow]:   1.03
ENDOFMESSAGE
MESSAGE
CONVERGENCEFAIL 342500 JUNCTION      3 KNOTEN     319.48 DEGCRA
 The iteration of the junction massflow failed to
 converge within  25 iterations.
                    24 iteration   25 iteration
 Pressure    [Pa]:    138116.30      138116.30
 Difference in percent of meanvalue:    0.00
 Mass flow error [percent of total massflow]:   1.24
ENDOFMESSAGE
MESSAGE
CONVERGENCEFAIL 342500 JUNCTION      2 KNOTEN     350.07 DEGCRA
 The iteration of the junction massflow failed to
 converge within  25 iterations.
                    24 iteration   25 iteration
 Pressure    [Pa]:    106731.87      106731.87
 Difference in percent of meanvalue:    0.00
 Mass flow error [percent of total massflow]:   4.76
ENDOFMESSAGE
MESSAGE
CONVERGENCEFAIL 342500 JUNCTION      2 KNOTEN     351.07 DEGCRA
 The iteration of the junction massflow failed to
 converge within  25 iterations.
                    24 iteration   25 iteration
 Pressure    [Pa]:    105569.12      105569.12
 Difference in percent of meanvalue:    0.00
 Mass flow error [percent of total massflow]:   2.73
ENDOFMESSAGE
MESSAGE
CONVERGENCEFAIL 342500 JUNCTION      2 KNOTEN     352.08 DEGCRA
 The iteration of the junction massflow failed to
 converge within  25 iterations.
                    24 iteration   25 iteration
 Pressure    [Pa]:    104289.28      104289.28
 Difference in percent of meanvalue:    0.00
 Mass flow error [percent of total massflow]:   1.50
ENDOFMESSAGE
MESSAGE
CONVERGENCEFAIL 342500 JUNCTION      2 KNOTEN     353.07 DEGCRA
 The iteration of the junction massflow failed to
 converge within  25 iterations.
                    24 iteration   25 iteration
 Pressure    [Pa]:    102854.56      102854.56
 Difference in percent of meanvalue:    0.00
 Mass flow error [percent of total massflow]:   1.60
ENDOFMESSAGE
MESSAGE
CONVERGENCEFAIL 342500 JUNCTION      2 KNOTEN     354.07 DEGCRA
 The iteration of the junction massflow failed to
 converge within  25 iterations.
                    24 iteration   25 iteration
 Pressure    [Pa]:    101490.46      101490.46
 Difference in percent of meanvalue:    0.00
 Mass flow error [percent of total massflow]:   1.47
ENDOFMESSAGE
MESSAGE
CONVERGENCEFAIL 342500 JUNCTION      2 KNOTEN     355.06 DEGCRA
 The iteration of the junction massflow failed to
 converge within  25 iterations.
                    24 iteration   25 iteration
 Pressure    [Pa]:    100232.54      100232.54
 Difference in percent of meanvalue:    0.00
 Mass flow error [percent of total massflow]:   1.33
ENDOFMESSAGE
MESSAGE
CONVERGENCEFAIL 342500 JUNCTION      2 KNOTEN     356.05 DEGCRA
 The iteration of the junction massflow failed to
 converge within  25 iterations.
                    24 iteration   25 iteration
 Pressure    [Pa]:     99126.75       99126.75
 Difference in percent of meanvalue:    0.00
 Mass flow error [percent of total massflow]:   1.20
ENDOFMESSAGE
MESSAGE
CONVERGENCEFAIL 342500 JUNCTION      2 KNOTEN     357.04 DEGCRA
 The iteration of the junction massflow failed to
 converge within  25 iterations.
                    24 iteration   25 iteration
 Pressure    [Pa]:     98206.99       98206.99
 Difference in percent of meanvalue:    0.00
 Mass flow error [percent of total massflow]:   1.09
ENDOFMESSAGE
MESSAGE
CONVERGENCEFAIL 342500 JUNCTION      2 KNOTEN     358.03 DEGCRA
 The iteration of the junction massflow failed to
 converge within  25 iterations.
                    24 iteration   25 iteration
 Pressure    [Pa]:     97493.85       97493.85
 Difference in percent of meanvalue:    0.00
 Mass flow error [percent of total massflow]:   0.99
ENDOFMESSAGE
MESSAGE
CONVERGENCEFAIL 342500 JUNCTION      2 KNOTEN     359.02 DEGCRA
 The iteration of the junction massflow failed to
 converge within  25 iterations.
                    24 iteration   25 iteration
 Pressure    [Pa]:     96899.46       96899.46
 Difference in percent of meanvalue:    0.00
 Mass flow error [percent of total massflow]:   0.87
ENDOFMESSAGE
MESSAGE
CONVERGENCEFAIL 342500 JUNCTION      2 KNOTEN     360.00 DEGCRA
 The iteration of the junction massflow failed to
 converge within  25 iterations.
                    24 iteration   25 iteration
 Pressure    [Pa]:     96383.65       96383.65
 Difference in percent of meanvalue:    0.00
 Mass flow error [percent of total massflow]:   0.73
ENDOFMESSAGE
MESSAGE
CONVERGENCEFAIL 342500 JUNCTION      2 KNOTEN     360.99 DEGCRA
 The iteration of the junction massflow failed to
 converge within  25 iterations.
                    24 iteration   25 iteration
 Pressure    [Pa]:     95994.81       95994.81
 Difference in percent of meanvalue:    0.00
 Mass flow error [percent of total massflow]:   0.60
ENDOFMESSAGE
MESSAGE
CONVERGENCEFAIL 342500 JUNCTION      1 KNOTEN     366.99 DEGCRA
 The iteration of the junction massflow failed to
 converge within  25 iterations.
                    24 iteration   25 iteration
 Pressure    [Pa]:    179135.49      179135.49
 Difference in percent of meanvalue:    0.00
 Mass flow error [percent of total massflow]:  -0.81
ENDOFMESSAGE
MESSAGE
CONVERGENCEFAIL 342500 JUNCTION      1 KNOTEN     367.99 DEGCRA
 The iteration of the junction massflow failed to
 converge within  25 iterations.
                    24 iteration   25 iteration
 Pressure    [Pa]:    179135.49      179135.49
 Difference in percent of meanvalue:    0.00
 Mass flow error [percent of total massflow]:  -1.72
ENDOFMESSAGE
MESSAGE
CONVERGENCEFAIL 342500 JUNCTION      3 KNOTEN     393.54 DEGCRA
 The iteration of the junction massflow failed to
 converge within  25 iterations.
                    24 iteration   25 iteration
 Pressure    [Pa]:    113544.75      113544.75
 Difference in percent of meanvalue:    0.00
 Mass flow error [percent of total massflow]:  -0.82
ENDOFMESSAGE
MESSAGE
CONVERGENCEFAIL 342500 JUNCTION      2 KNOTEN     394.58 DEGCRA
 The iteration of the junction massflow failed to
 converge within  25 iterations.
                    24 iteration   25 iteration
 Pressure    [Pa]:    100982.19      100982.19
 Difference in percent of meanvalue:    0.00
 Mass flow error [percent of total massflow]:   0.51
ENDOFMESSAGE
MESSAGE
CONVERGENCEFAIL 342500 JUNCTION      3 KNOTEN     394.58 DEGCRA
 The iteration of the junction massflow failed to
 converge within  25 iterations.
                    24 iteration   25 iteration
 Pressure    [Pa]:    113544.75      113544.75
 Difference in percent of meanvalue:    0.00
 Mass flow error [percent of total massflow]:  -1.35
ENDOFMESSAGE
MESSAGE
CONVERGENCEFAIL 342500 JUNCTION      2 KNOTEN     395.61 DEGCRA
 The iteration of the junction massflow failed to
 converge within  25 iterations.
                    24 iteration   25 iteration
 Pressure    [Pa]:    100039.24      100039.24
 Difference in percent of meanvalue:    0.00
 Mass flow error [percent of total massflow]:   0.56
ENDOFMESSAGE
MESSAGE
CONVERGENCEFAIL 342500 JUNCTION      3 KNOTEN     395.61 DEGCRA
 The iteration of the junction massflow failed to
 converge within  25 iterations.
                    24 iteration   25 iteration
 Pressure    [Pa]:    113544.75      113544.75
 Difference in percent of meanvalue:   -0.00
 Mass flow error [percent of total massflow]:  -2.04
ENDOFMESSAGE
MESSAGE
CONVERGENCEFAIL 342500 JUNCTION      2 KNOTEN     396.65 DEGCRA
 The iteration of the junction massflow failed to
 converge within  25 iterations.
                    24 iteration   25 iteration
 Pressure    [Pa]:     99125.25       99125.25
 Difference in percent of meanvalue:    0.00
 Mass flow error [percent of total massflow]:   0.59
ENDOFMESSAGE
MESSAGE
CONVERGENCEFAIL 342500 JUNCTION      2 KNOTEN     412.47 DEGCRA
 The iteration of the junction massflow failed to
 converge within  25 iterations.
                    24 iteration   25 iteration
 Pressure    [Pa]:     94747.30       94747.30
 Difference in percent of meanvalue:    0.00
 Mass flow error [percent of total massflow]:  -0.73
ENDOFMESSAGE
MESSAGE
CONVERGENCEFAIL 342500 JUNCTION      2 KNOTEN     413.56 DEGCRA
 The iteration of the junction massflow failed to
 converge within  25 iterations.
                    24 iteration   25 iteration
 Pressure    [Pa]:     95315.78       95315.78
 Difference in percent of meanvalue:    0.00
 Mass flow error [percent of total massflow]:  -0.63
ENDOFMESSAGE
MESSAGE
CONVERGENCEFAIL 342500 JUNCTION      2 KNOTEN     436.81 DEGCRA
 The iteration of the junction massflow failed to
 converge within  25 iterations.
                    24 iteration   25 iteration
 Pressure    [Pa]:    118850.62      118850.62
 Difference in percent of meanvalue:    0.00
 Mass flow error [percent of total massflow]:  -0.53
ENDOFMESSAGE
MESSAGE
CONVERGENCEFAIL 342500 JUNCTION      1 KNOTEN     446.83 DEGCRA
 The iteration of the junction massflow failed to
 converge within  25 iterations.
                    24 iteration   25 iteration
 Pressure    [Pa]:     99948.82       99948.82
 Difference in percent of meanvalue:   -0.00
 Mass flow error [percent of total massflow]:  -0.81
ENDOFMESSAGE
MESSAGE
CONVERGENCEFAIL 342500 JUNCTION      1 KNOTEN     449.31 DEGCRA
 The iteration of the junction massflow failed to
 converge within  25 iterations.
                    24 iteration   25 iteration
 Pressure    [Pa]:     98899.01       98899.01
 Difference in percent of meanvalue:    0.00
 Mass flow error [percent of total massflow]:  -0.70
ENDOFMESSAGE
MESSAGE
CONVERGENCEFAIL 342500 JUNCTION      1 KNOTEN     451.74 DEGCRA
 The iteration of the junction massflow failed to
 converge within  25 iterations.
                    24 iteration   25 iteration
 Pressure    [Pa]:     97968.38       97968.38
 Difference in percent of meanvalue:    0.00
 Mass flow error [percent of total massflow]:  -0.64
ENDOFMESSAGE
MESSAGE
CONVERGENCEFAIL 342500 JUNCTION      1 KNOTEN     454.13 DEGCRA
 The iteration of the junction massflow failed to
 converge within  25 iterations.
                    24 iteration   25 iteration
 Pressure    [Pa]:     97094.37       97094.37
 Difference in percent of meanvalue:    0.00
 Mass flow error [percent of total massflow]:  -0.55
ENDOFMESSAGE
MESSAGE
CONVERGENCEFAIL 342500 JUNCTION      1 KNOTEN     501.51 DEGCRA
 The iteration of the junction massflow failed to
 converge within  25 iterations.
                    24 iteration   25 iteration
 Pressure    [Pa]:     90272.42       90272.42
 Difference in percent of meanvalue:   -0.00
 Mass flow error [percent of total massflow]:  -2.69
ENDOFMESSAGE
MESSAGE
CONVERGENCEFAIL 342500 JUNCTION      2 KNOTEN     506.48 DEGCRA
 The iteration of the junction massflow failed to
 converge within  25 iterations.
                    24 iteration   25 iteration
 Pressure    [Pa]:    100897.02      100897.02
 Difference in percent of meanvalue:    0.00
 Mass flow error [percent of total massflow]:  -0.81
ENDOFMESSAGE
MESSAGE
CONVERGENCEFAIL 342500 JUNCTION      2 KNOTEN     507.74 DEGCRA
 The iteration of the junction massflow failed to
 converge within  25 iterations.
                    24 iteration   25 iteration
 Pressure    [Pa]:    100186.76      100186.76
 Difference in percent of meanvalue:    0.00
 Mass flow error [percent of total massflow]:  -0.64
ENDOFMESSAGE
MESSAGE
CONVERGENCEFAIL 342500 JUNCTION      2 KNOTEN     514.88 DEGCRA
 The iteration of the junction massflow failed to
 converge within  25 iterations.
                    24 iteration   25 iteration
 Pressure    [Pa]:     98543.89       98543.89
 Difference in percent of meanvalue:    0.00
 Mass flow error [percent of total massflow]:   2.90
ENDOFMESSAGE
MESSAGE
CONVERGENCEFAIL 342500 JUNCTION      1 KNOTEN     523.66 DEGCRA
 The iteration of the junction massflow failed to
 converge within  25 iterations.
                    24 iteration   25 iteration
 Pressure    [Pa]:     87650.93       87650.93
 Difference in percent of meanvalue:    0.00
 Mass flow error [percent of total massflow]:  -1.32
ENDOFMESSAGE
MESSAGE
CONVERGENCEFAIL 342500 JUNCTION      1 KNOTEN     524.71 DEGCRA
 The iteration of the junction massflow failed to
 converge within  25 iterations.
                    24 iteration   25 iteration
 Pressure    [Pa]:     86623.81       86623.81
 Difference in percent of meanvalue:    0.00
 Mass flow error [percent of total massflow]:  -2.25
ENDOFMESSAGE
MESSAGE
CONVERGENCEFAIL 342500 JUNCTION      1 KNOTEN     525.75 DEGCRA
 The iteration of the junction massflow failed to
 converge within  25 iterations.
                    24 iteration   25 iteration
 Pressure    [Pa]:     85522.79       85522.79
 Difference in percent of meanvalue:    0.00
 Mass flow error [percent of total massflow]:  -2.41
ENDOFMESSAGE
MESSAGE
CONVERGENCEFAIL 342500 JUNCTION      1 KNOTEN     526.78 DEGCRA
 The iteration of the junction massflow failed to
 converge within  25 iterations.
                    24 iteration   25 iteration
 Pressure    [Pa]:     84354.42       84354.42
 Difference in percent of meanvalue:    0.00
 Mass flow error [percent of total massflow]:  -1.51
ENDOFMESSAGE
MESSAGE
CONVERGENCEFAIL 342500 JUNCTION      1 KNOTEN     534.71 DEGCRA
 The iteration of the junction massflow failed to
 converge within  25 iterations.
                    24 iteration   25 iteration
 Pressure    [Pa]:     76356.57       76356.57
 Difference in percent of meanvalue:    0.00
 Mass flow error [percent of total massflow]:  11.04
ENDOFMESSAGE
MESSAGE
CONVERGENCEFAIL 342500 JUNCTION      1 KNOTEN     535.68 DEGCRA
 The iteration of the junction massflow failed to
 converge within  25 iterations.
                    24 iteration   25 iteration
 Pressure    [Pa]:     76069.76       76069.76
 Difference in percent of meanvalue:    0.00
 Mass flow error [percent of total massflow]:   5.92
ENDOFMESSAGE
MESSAGE
CONVERGENCEFAIL 342500 JUNCTION      1 KNOTEN     536.65 DEGCRA
 The iteration of the junction massflow failed to
 converge within  25 iterations.
                    24 iteration   25 iteration
 Pressure    [Pa]:     75725.68       75725.68
 Difference in percent of meanvalue:    0.00
 Mass flow error [percent of total massflow]:   1.85
ENDOFMESSAGE
MESSAGE
CONVERGENCEFAIL 342500 JUNCTION      1 KNOTEN     537.62 DEGCRA
 The iteration of the junction massflow failed to
 converge within  25 iterations.
                    24 iteration   25 iteration
 Pressure    [Pa]:     75263.87       75263.87
 Difference in percent of meanvalue:    0.00
 Mass flow error [percent of total massflow]:   1.36
ENDOFMESSAGE
MESSAGE
CONVERGENCEFAIL 342500 JUNCTION      1 KNOTEN     538.58 DEGCRA
 The iteration of the junction massflow failed to
 converge within  25 iterations.
                    24 iteration   25 iteration
 Pressure    [Pa]:     74775.69       74775.69
 Difference in percent of meanvalue:    0.00
 Mass flow error [percent of total massflow]:   1.26
ENDOFMESSAGE
MESSAGE
CONVERGENCEFAIL 342500 JUNCTION      1 KNOTEN     540.00 DEGCRA
 The iteration of the junction massflow failed to
 converge within  25 iterations.
                    24 iteration   25 iteration
 Pressure    [Pa]:     74063.57       74063.57
 Difference in percent of meanvalue:    0.00
 Mass flow error [percent of total massflow]:   0.52
ENDOFMESSAGE
MESSAGE
CONVERGENCEFAIL 342500 JUNCTION      1 KNOTEN     540.96 DEGCRA
 The iteration of the junction massflow failed to
 converge within  25 iterations.
                    24 iteration   25 iteration
 Pressure    [Pa]:     73377.69       73377.69
 Difference in percent of meanvalue:    0.00
 Mass flow error [percent of total massflow]:   1.15
ENDOFMESSAGE
MESSAGE
CONVERGENCEFAIL 342500 JUNCTION      1 KNOTEN     541.93 DEGCRA
 The iteration of the junction massflow failed to
 converge within  25 iterations.
                    24 iteration   25 iteration
 Pressure    [Pa]:     72642.15       72642.15
 Difference in percent of meanvalue:    0.00
 Mass flow error [percent of total massflow]:   0.90
ENDOFMESSAGE
MESSAGE
CONVERGENCEFAIL 342500 JUNCTION      2 KNOTEN     544.84 DEGCRA
 The iteration of the junction massflow failed to
 converge within  25 iterations.
                    24 iteration   25 iteration
 Pressure    [Pa]:    152792.33      152792.33
 Difference in percent of meanvalue:    0.00
 Mass flow error [percent of total massflow]:  -0.52
ENDOFMESSAGE
MESSAGE
CONVERGENCEFAIL 342500 JUNCTION      2 KNOTEN     545.81 DEGCRA
 The iteration of the junction massflow failed to
 converge within  25 iterations.
                    24 iteration   25 iteration
 Pressure    [Pa]:    152792.33      152792.33
 Difference in percent of meanvalue:    0.00
 Mass flow error [percent of total massflow]:  -0.81
ENDOFMESSAGE
MESSAGE
CONVERGENCEFAIL 342500 JUNCTION      2 KNOTEN     546.78 DEGCRA
 The iteration of the junction massflow failed to
 converge within  25 iterations.
                    24 iteration   25 iteration
 Pressure    [Pa]:    152792.33      152792.33
 Difference in percent of meanvalue:    0.00
 Mass flow error [percent of total massflow]:  -1.15
ENDOFMESSAGE
MESSAGE
CONVERGENCEFAIL 342500 JUNCTION      3 KNOTEN     553.57 DEGCRA
 The iteration of the junction massflow failed to
 converge within  25 iterations.
                    24 iteration   25 iteration
 Pressure    [Pa]:    104569.46      104569.46
 Difference in percent of meanvalue:    0.00
 Mass flow error [percent of total massflow]:   1.39
ENDOFMESSAGE
MESSAGE
CONVERGENCEFAIL 342500 JUNCTION      3 KNOTEN     555.51 DEGCRA
 The iteration of the junction massflow failed to
 converge within  25 iterations.
                    24 iteration   25 iteration
 Pressure    [Pa]:    106028.10      106028.10
 Difference in percent of meanvalue:    0.00
 Mass flow error [percent of total massflow]:   0.95
ENDOFMESSAGE
MESSAGE
CONVERGENCEFAIL 342500 JUNCTION      3 KNOTEN     556.48 DEGCRA
 The iteration of the junction massflow failed to
 converge within  25 iterations.
                    24 iteration   25 iteration
 Pressure    [Pa]:    106028.10      106028.10
 Difference in percent of meanvalue:    0.00
 Mass flow error [percent of total massflow]:   1.84
ENDOFMESSAGE
MESSAGE
CONVERGENCEFAIL 342500 JUNCTION      3 KNOTEN     557.45 DEGCRA
 The iteration of the junction massflow failed to
 converge within  25 iterations.
                    24 iteration   25 iteration
 Pressure    [Pa]:    106028.10      106028.10
 Difference in percent of meanvalue:    0.00
 Mass flow error [percent of total massflow]:   2.69
ENDOFMESSAGE
MESSAGE
CONVERGENCEFAIL 342500 JUNCTION      3 KNOTEN     560.36 DEGCRA
 The iteration of the junction massflow failed to
 converge within  25 iterations.
                    24 iteration   25 iteration
 Pressure    [Pa]:    108722.66      108722.66
 Difference in percent of meanvalue:    0.00
 Mass flow error [percent of total massflow]:   0.77
ENDOFMESSAGE
MESSAGE
CONVERGENCEFAIL 342500 JUNCTION      3 KNOTEN     561.32 DEGCRA
 The iteration of the junction massflow failed to
 converge within  25 iterations.
                    24 iteration   25 iteration
 Pressure    [Pa]:    108722.66      108722.66
 Difference in percent of meanvalue:    0.00
 Mass flow error [percent of total massflow]:   1.41
ENDOFMESSAGE
MESSAGE
CONVERGENCEFAIL 342500 JUNCTION      2 KNOTEN     657.71 DEGCRA
 The iteration of the junction massflow failed to
 converge within  25 iterations.
                    24 iteration   25 iteration
 Pressure    [Pa]:     88396.19       88396.19
 Difference in percent of meanvalue:    0.00
 Mass flow error [percent of total massflow]:  -0.81
ENDOFMESSAGE
MESSAGE
CONVERGENCEFAIL 342500 JUNCTION      1 KNOTEN     706.05 DEGCRA
 The iteration of the junction massflow failed to
 converge within  25 iterations.
                    24 iteration   25 iteration
 Pressure    [Pa]:    107471.39      107471.39
 Difference in percent of meanvalue:    0.00
 Mass flow error [percent of total massflow]:   3.34
ENDOFMESSAGE
MESSAGE
CONVERGENCEFAIL 342500 JUNCTION      1 KNOTEN     708.11 DEGCRA
 The iteration of the junction massflow failed to
 converge within  25 iterations.
                    24 iteration   25 iteration
 Pressure    [Pa]:    110921.28      110921.28
 Difference in percent of meanvalue:    0.00
 Mass flow error [percent of total massflow]:   3.41
ENDOFMESSAGE
MESSAGE
CONVERGENCEFAIL 342500 JUNCTION      1 KNOTEN     725.55 DEGCRA
 The iteration of the junction massflow failed to
 converge within  25 iterations.
                    24 iteration   25 iteration
 Pressure    [Pa]:    141095.07      141095.07
 Difference in percent of meanvalue:    0.00
 Mass flow error [percent of total massflow]:  -0.54
ENDOFMESSAGE
MESSAGE
CONVERGENCEFAIL 342500 JUNCTION      1 KNOTEN     726.46 DEGCRA
 The iteration of the junction massflow failed to
 converge within  25 iterations.
                    24 iteration   25 iteration
 Pressure    [Pa]:    141095.07      141095.07
 Difference in percent of meanvalue:    0.00
 Mass flow error [percent of total massflow]:  -0.86
ENDOFMESSAGE
MESSAGE
CONVERGENCEFAIL 342500 JUNCTION      3 KNOTEN     734.48 DEGCRA
 The iteration of the junction massflow failed to
 converge within  25 iterations.
                    24 iteration   25 iteration
 Pressure    [Pa]:    123771.49      123771.49
 Difference in percent of meanvalue:    0.00
 Mass flow error [percent of total massflow]:   0.85
ENDOFMESSAGE
MESSAGE
CONVERGENCEFAIL 342500 JUNCTION      3 KNOTEN     736.27 DEGCRA
 The iteration of the junction massflow failed to
 converge within  25 iterations.
                    24 iteration   25 iteration
 Pressure    [Pa]:    124899.33      124899.33
 Difference in percent of meanvalue:    0.00
 Mass flow error [percent of total massflow]:   0.95
ENDOFMESSAGE
MESSAGE
CONVERGENCEFAIL 342500 JUNCTION      3 KNOTEN     737.17 DEGCRA
 The iteration of the junction massflow failed to
 converge within  25 iterations.
                    24 iteration   25 iteration
 Pressure    [Pa]:    124899.33      124899.33
 Difference in percent of meanvalue:    0.00
 Mass flow error [percent of total massflow]:   1.96
ENDOFMESSAGE
MESSAGE
CONVERGENCEFAIL 342500 JUNCTION      3 KNOTEN     738.07 DEGCRA
 The iteration of the junction massflow failed to
 converge within  25 iterations.
                    24 iteration   25 iteration
 Pressure    [Pa]:    124899.33      124899.33
 Difference in percent of meanvalue:    0.00
 Mass flow error [percent of total massflow]:   2.87
ENDOFMESSAGE
MESSAGE
CONVERGENCEFAIL 342500 JUNCTION      3 KNOTEN     743.51 DEGCRA
 The iteration of the junction massflow failed to
 converge within  25 iterations.
                    24 iteration   25 iteration
 Pressure    [Pa]:    127324.87      127324.87
 Difference in percent of meanvalue:    0.00
 Mass flow error [percent of total massflow]:   0.74
ENDOFMESSAGE
MESSAGE
CONVERGENCEFAIL 342500 JUNCTION      3 KNOTEN     755.44 DEGCRA
 The iteration of the junction massflow failed to
 converge within  25 iterations.
                    24 iteration   25 iteration
 Pressure    [Pa]:    140130.80      140130.80
 Difference in percent of meanvalue:    0.00
 Mass flow error [percent of total massflow]:  -0.70
ENDOFMESSAGE
MESSAGE
CONVERGENCEFAIL 342500 JUNCTION      3 KNOTEN     756.37 DEGCRA
 The iteration of the junction massflow failed to
 converge within  25 iterations.
                    24 iteration   25 iteration
 Pressure    [Pa]:    140130.80      140130.80
 Difference in percent of meanvalue:    0.00
 Mass flow error [percent of total massflow]:  -2.23
ENDOFMESSAGE
MESSAGE
CONVERGENCEFAIL 342500 JUNCTION      3 KNOTEN     758.23 DEGCRA
 The iteration of the junction massflow failed to
 converge within  25 iterations.
                    24 iteration   25 iteration
 Pressure    [Pa]:    137481.38      137481.38
 Difference in percent of meanvalue:    0.00
 Mass flow error [percent of total massflow]:  -1.35
ENDOFMESSAGE
MESSAGE
CONVERGENCEFAIL 342500 JUNCTION      2 KNOTEN     904.85 DEGCRA
 The iteration of the junction massflow failed to
 converge within  25 iterations.
                    24 iteration   25 iteration
 Pressure    [Pa]:    106278.94      106278.94
 Difference in percent of meanvalue:    0.00
 Mass flow error [percent of total massflow]:   0.65
ENDOFMESSAGE
MESSAGE
CONVERGENCEFAIL 342500 JUNCTION      2 KNOTEN     906.05 DEGCRA
 The iteration of the junction massflow failed to
 converge within  25 iterations.
                    24 iteration   25 iteration
 Pressure    [Pa]:    106278.94      106278.94
 Difference in percent of meanvalue:    0.00
 Mass flow error [percent of total massflow]:   1.50
ENDOFMESSAGE
MESSAGE
CONVERGENCEFAIL 342500 JUNCTION      1 KNOTEN    1090.26 DEGCRA
 The iteration of the junction massflow failed to
 converge within  25 iterations.
                    24 iteration   25 iteration
 Pressure    [Pa]:    130453.47      130453.47
 Difference in percent of meanvalue:    0.00
 Mass flow error [percent of total massflow]:   0.96
ENDOFMESSAGE
MESSAGE
CONVERGENCEFAIL 342500 JUNCTION      1 KNOTEN    1094.16 DEGCRA
 The iteration of the junction massflow failed to
 converge within  25 iterations.
                    24 iteration   25 iteration
 Pressure    [Pa]:    129475.80      129475.80
 Difference in percent of meanvalue:    0.00
 Mass flow error [percent of total massflow]:   1.32
ENDOFMESSAGE
MESSAGE
CONVERGENCEFAIL 342500 JUNCTION      1 KNOTEN    1095.49 DEGCRA
 The iteration of the junction massflow failed to
 converge within  25 iterations.
                    24 iteration   25 iteration
 Pressure    [Pa]:    129475.80      129475.80
 Difference in percent of meanvalue:    0.00
 Mass flow error [percent of total massflow]:   0.84
ENDOFMESSAGE
MESSAGE
CONVERGENCEFAIL 342500 JUNCTION      3 KNOTEN    1103.32 DEGCRA
 The iteration of the junction massflow failed to
 converge within  25 iterations.
                    24 iteration   25 iteration
 Pressure    [Pa]:    111322.75      111322.75
 Difference in percent of meanvalue:   -0.00
 Mass flow error [percent of total massflow]:  -0.74
ENDOFMESSAGE
MESSAGE
CONVERGENCEFAIL 342500 JUNCTION      3 KNOTEN    1105.87 DEGCRA
 The iteration of the junction massflow failed to
 converge within  25 iterations.
                    24 iteration   25 iteration
 Pressure    [Pa]:    110043.65      110043.65
 Difference in percent of meanvalue:   -0.00
 Mass flow error [percent of total massflow]:  -7.94
ENDOFMESSAGE
MESSAGE
CONVERGENCEFAIL 342500 JUNCTION      3 KNOTEN    1107.14 DEGCRA
 The iteration of the junction massflow failed to
 converge within  25 iterations.
                    24 iteration   25 iteration
 Pressure    [Pa]:    107084.42      107084.42
 Difference in percent of meanvalue:    0.00
 Mass flow error [percent of total massflow]:   4.55
ENDOFMESSAGE
MESSAGE
CONVERGENCEFAIL 342500 JUNCTION      3 KNOTEN    1109.66 DEGCRA
 The iteration of the junction massflow failed to
 converge within  25 iterations.
                    24 iteration   25 iteration
 Pressure    [Pa]:    107084.42      107084.42
 Difference in percent of meanvalue:    0.00
 Mass flow error [percent of total massflow]:  -3.04
ENDOFMESSAGE
MESSAGE
CONVERGENCEFAIL 342500 JUNCTION      3 KNOTEN    1110.93 DEGCRA
 The iteration of the junction massflow failed to
 converge within  25 iterations.
                    24 iteration   25 iteration
 Pressure    [Pa]:    105052.15      105052.15
 Difference in percent of meanvalue:    0.00
 Mass flow error [percent of total massflow]:   1.44
ENDOFMESSAGE
MESSAGE
CONVERGENCEFAIL 342500 JUNCTION      3 KNOTEN    1112.21 DEGCRA
 The iteration of the junction massflow failed to
 converge within  25 iterations.
                    24 iteration   25 iteration
 Pressure    [Pa]:    101110.36      101110.36
 Difference in percent of meanvalue:    0.00
 Mass flow error [percent of total massflow]:  15.63
ENDOFMESSAGE
MESSAGE
CONVERGENCEFAIL 342500 JUNCTION      3 KNOTEN    1113.50 DEGCRA
 The iteration of the junction massflow failed to
 converge within  25 iterations.
                    24 iteration   25 iteration
 Pressure    [Pa]:    101110.36      101110.36
 Difference in percent of meanvalue:    0.00
 Mass flow error [percent of total massflow]:   6.73
ENDOFMESSAGE
MESSAGE
CONVERGENCEFAIL 342500 JUNCTION      3 KNOTEN    1114.82 DEGCRA
 The iteration of the junction massflow failed to
 converge within  25 iterations.
                    24 iteration   25 iteration
 Pressure    [Pa]:    101110.36      101110.36
 Difference in percent of meanvalue:    0.00
 Mass flow error [percent of total massflow]:   1.82
ENDOFMESSAGE
MESSAGE
CONVERGENCEFAIL 342500 JUNCTION      3 KNOTEN    1116.12 DEGCRA
 The iteration of the junction massflow failed to
 converge within  25 iterations.
                    24 iteration   25 iteration
 Pressure    [Pa]:    101110.36      101110.36
 Difference in percent of meanvalue:    0.00
 Mass flow error [percent of total massflow]:  -2.06
ENDOFMESSAGE
MESSAGE
CONVERGENCEFAIL 342500 JUNCTION      3 KNOTEN    1117.42 DEGCRA
 The iteration of the junction massflow failed to
 converge within  25 iterations.
                    24 iteration   25 iteration
 Pressure    [Pa]:    101110.36      101110.36
 Difference in percent of meanvalue:   -0.00
 Mass flow error [percent of total massflow]:  -4.54
ENDOFMESSAGE
MESSAGE
CONVERGENCEFAIL 342500 JUNCTION      2 KNOTEN    1260.00 DEGCRA
 The iteration of the junction massflow failed to
 converge within  25 iterations.
                    24 iteration   25 iteration
 Pressure    [Pa]:    125374.08      125374.08
 Difference in percent of meanvalue:    0.00
 Mass flow error [percent of total massflow]:  -1.24
ENDOFMESSAGE
MESSAGE
CONVERGENCEFAIL 342500 JUNCTION      2 KNOTEN    1261.28 DEGCRA
 The iteration of the junction massflow failed to
 converge within  25 iterations.
                    24 iteration   25 iteration
 Pressure    [Pa]:    125374.08      125374.08
 Difference in percent of meanvalue:   -0.00
 Mass flow error [percent of total massflow]:  -1.14
ENDOFMESSAGE
MESSAGE
CONVERGENCEFAIL 342500 JUNCTION      1 KNOTEN    1270.41 DEGCRA
 The iteration of the junction massflow failed to
 converge within  25 iterations.
                    24 iteration   25 iteration
 Pressure    [Pa]:     80614.73       80614.73
 Difference in percent of meanvalue:    0.00
 Mass flow error [percent of total massflow]:  -1.03
ENDOFMESSAGE
MESSAGE
CONVERGENCEFAIL 342500 JUNCTION      3 KNOTEN    1696.17 DEGCRA
 The iteration of the junction massflow failed to
 converge within  25 iterations.
                    24 iteration   25 iteration
 Pressure    [Pa]:    105218.16      105218.16
 Difference in percent of meanvalue:    0.00
 Mass flow error [percent of total massflow]:  -0.67
ENDOFMESSAGE
MESSAGE
CONVERGENCEFAIL 342500 JUNCTION      1 KNOTEN    2173.28 DEGCRA
 The iteration of the junction massflow failed to
 converge within  25 iterations.
                    24 iteration   25 iteration
 Pressure    [Pa]:    189328.76      189328.76
 Difference in percent of meanvalue:   -0.00
 Mass flow error [percent of total massflow]:  -0.77
ENDOFMESSAGE
MESSAGE
CONVERGENCEFAIL 342500 JUNCTION      2 KNOTEN    2350.34 DEGCRA
 The iteration of the junction massflow failed to
 converge within  25 iterations.
                    24 iteration   25 iteration
 Pressure    [Pa]:    186843.01      186843.01
 Difference in percent of meanvalue:   -0.00
 Mass flow error [percent of total massflow]:   1.01
ENDOFMESSAGE
MESSAGE
CONVERGENCEFAIL 342500 JUNCTION      2 KNOTEN    2497.35 DEGCRA
 The iteration of the junction massflow failed to
 converge within  25 iterations.
                    24 iteration   25 iteration
 Pressure    [Pa]:     81413.69       81413.69
 Difference in percent of meanvalue:   -0.00
 Mass flow error [percent of total massflow]:  -0.83
ENDOFMESSAGE
MESSAGE
CONVERGENCEFAIL 342500 JUNCTION      1 KNOTEN    2674.77 DEGCRA
 The iteration of the junction massflow failed to
 converge within  25 iterations.
                    24 iteration   25 iteration
 Pressure    [Pa]:     85535.68       85535.68
 Difference in percent of meanvalue:   -0.00
 Mass flow error [percent of total massflow]:  -0.83
ENDOFMESSAGE
MESSAGE
CONVERGENCEFAIL 342500 JUNCTION      3 KNOTEN    3300.77 DEGCRA
 The iteration of the junction massflow failed to
 converge within  25 iterations.
                    24 iteration   25 iteration
 Pressure    [Pa]:    109572.45      109572.45
 Difference in percent of meanvalue:    0.00
 Mass flow error [percent of total massflow]:   1.04
ENDOFMESSAGE
MESSAGE
CONVERGENCEFAIL 342500 JUNCTION      2 KNOTEN    3429.60 DEGCRA
 The iteration of the junction massflow failed to
 converge within  25 iterations.
                    24 iteration   25 iteration
 Pressure    [Pa]:    182020.59      182020.62
 Difference in percent of meanvalue:    0.00
 Mass flow error [percent of total massflow]:   1.44
ENDOFMESSAGE
MESSAGE
CONVERGENCEFAIL 342500 JUNCTION      3 KNOTEN    3593.11 DEGCRA
 The iteration of the junction massflow failed to
 converge within  25 iterations.
                    24 iteration   25 iteration
 Pressure    [Pa]:    107888.51      107888.51
 Difference in percent of meanvalue:    0.00
 Mass flow error [percent of total massflow]:  -0.59
ENDOFMESSAGE
MESSAGE
CONVERGENCEFAIL 342500 JUNCTION      1 KNOTEN    3609.61 DEGCRA
 The iteration of the junction massflow failed to
 converge within  25 iterations.
                    24 iteration   25 iteration
 Pressure    [Pa]:    182579.07      182579.07
 Difference in percent of meanvalue:    0.00
 Mass flow error [percent of total massflow]:   1.00
ENDOFMESSAGE
MESSAGE
CONVERGENCEFAIL 342500 JUNCTION      2 KNOTEN    3618.03 DEGCRA
 The iteration of the junction massflow failed to
 converge within  25 iterations.
                    24 iteration   25 iteration
 Pressure    [Pa]:     97677.45       97677.45
 Difference in percent of meanvalue:    0.00
 Mass flow error [percent of total massflow]:  -0.50
ENDOFMESSAGE
