 --------------------------------
 AVL - B O O S T
 Version:        v2022.1.0.0.0
 Build:          Apr 27 2022 22:44:48
 Git Build Hash: 7670062eda46b95e13935a621f250d93513addf7
 System:         x86_64-unknown-winnt_i19v19
 --------------------------------

LICENSE
-------
 sys_1DCFD_solver 2022.0@ License will expire in 217 days

PROJECT
-------
 Preprocessor Version :  2022.1
 Calculation date     : 15.10.2025
 File     : single500_GDi.bst
 Case Set : "Case Set 1"
 Case     : "5_5k"
 
 Project ID: "4-Cylinder"
 Run ID:     "WOT"
 Model date: "7.3.2000"

ELEMENTS
--------
 Element Name        Number

 PIPE                  20
 SYSTEMBOUNDARY         2
 PLENUM                 1
 CYLINDER               4
 RESTRICTION            8
 MEASURINGPOINT         8
 JUNCTION               3
 ENGINE                 1
 PIPE_END              40
 ALL_PIPES             20
 ALL_PLENUMS            1
 ALL_BOUNDARIES         2
 RESTRICTIONS           8
 ALL_PIDS               1
 PIPE_VAR_WALL_TEMP    20

GLOBAL DATA
-----------
  Engine Speed :         5500.0  rpm
  Calculationmode:        BOOST  Single
  Cycle Duration:        720.00  degrees
  Max. calc. period:   14400.00  degrees
  Cycles calculated:         20  cycles
  Calc. time steps:     1.41218  degrees (max)
                        0.85656  degrees
                        0.02596  ms
  Traces results step:  5.00000  degrees
  User concentrations:        0
  Ref. pressure:      100000.00  Pa
  Ref. temperature:     298.000  K
  Gas properties:      Variable
  Gasproperties File:     GASOLINE.BGP
     bgp_build_version:   v2013.0.0.0.0
     bgp_build_host:      boosthost
     bgp_build_user:      boost
     bgp_build_date:      2012.03.23
     bgp_build_time:      08:00:00
  Lower calorific:  0.43500E+08  J/kg
  Stoic. A/F-ratio:      14.500

  Warnings:                   4
  Convergence errors:       105

PIPES
-----

 Total number of pipe cells:    106

 Pipe   Cells   Cell size       W.Heat     Wall T    Fric. coeff.   Lam. Fric. Coeff.  Heat Factor       Volume
  nr.                [mm]         [kJ]        [K]             [-]                 [-]          [-]        [dm3]
    1       2        40.0        0.001     340.00        0.040000           64.000000     1.000000     0.070513
    2       2        30.0       -0.006     850.00        0.040000           64.000000     1.000000     0.048255
    3       2        40.0        0.001     340.00        0.040000           64.000000     1.000000     0.070513
    4       2        30.0       -0.006     850.00        0.040000           64.000000     1.000000     0.048255
    5       2        40.0        0.001     340.00        0.040000           64.000000     1.000000     0.070513
    6       2        30.0       -0.006     850.00        0.040000           64.000000     1.000000     0.048255
    7       2        40.0        0.001     340.00        0.040000           64.000000     1.000000     0.070513
    8       2        30.0       -0.006     850.00        0.040000           64.000000     1.000000     0.048255
    9       7        31.4       -0.090     300.00        0.019000           64.000000     1.000000     0.249505
   10       7        31.4       -0.090     300.00        0.019000           64.000000     1.000000     0.249505
   11       7        31.4       -0.090     300.00        0.019000           64.000000     1.000000     0.249505
   12       7        31.4       -0.090     300.00        0.019000           64.000000     1.000000     0.249505
   13       8        31.2       -0.161     300.00        0.019000           64.000000     1.000000     0.314159
   14       8        31.2       -0.161     300.00        0.019000           64.000000     1.000000     0.314159
   15      10        31.3       -0.226     300.00        0.019000           64.000000     1.000000     0.433089
   16       4        32.4        0.000     300.00        0.019000           64.000000     1.000000     0.429721
   17       8        30.0        0.001     300.00        0.019000           64.000000     1.000000     0.217901
   18       8        30.0        0.001     300.00        0.019000           64.000000     1.000000     0.217901
   19       8        30.0        0.001     300.00        0.019000           64.000000     1.000000     0.217901
   20       8        30.0        0.001     300.00        0.019000           64.000000     1.000000     0.217901


MEASURINGPOINTS: Average Values
-------------------------------
 Mp. Pipe Location   Diameter  Pressure  Temp. Ms.Temp.  Velo.   Massflow   Massflow To.Ent.f.  To.Ent.f.  Mach. Wtemp.  Converg.
 nr.  nr.     [mm]       [mm]     [bar]    [K]      [K]  [m/s]      [g/s]  [g/cycle]    [kJ/s]  [kJ/cyc.]    [-]    [K]       [-]
  1   1    10.0000    33.5000    0.9721  296.3    282.9   33.5    29.6813     0.6476    -0.098    -0.0021   0.10  340.0 0.398E-09
  2  11    10.0000    38.0000    1.2156 1030.5   1260.6   78.2    32.1812     0.7021    39.482     0.8614   0.12  300.0 0.431E-06
  3   3    10.0000    33.5000    0.9721  296.3    282.9   33.5    29.6813     0.6476    -0.098    -0.0021   0.10  340.0 0.191E-08
  4   9    10.0000    38.0000    1.2156 1030.5   1260.6   78.2    32.1811     0.7021    39.482     0.8614   0.12  300.0 0.802E-07
  5   5    10.0000    33.5000    0.9721  296.3    282.9   33.5    29.6813     0.6476    -0.098    -0.0021   0.10  340.0 0.210E-08
  6  10    10.0000    38.0000    1.2156 1030.5   1260.6   78.2    32.1812     0.7021    39.482     0.8614   0.12  300.0 0.330E-06
  7   7    10.0000    33.5000    0.9721  296.3    282.9   33.5    29.6813     0.6476    -0.098    -0.0021   0.10  340.0 0.177E-07
  8  12    10.0000    38.0000    1.2156 1030.5   1260.6   78.2    32.1811     0.7021    39.482     0.8614   0.12  300.0 0.214E-06

SYSTEMBOUNDARIES
Attachments
-----------
 Type                 Nr.   Pipe       Mass flow
                             Nr.       [g/cycle]
 SYSTEMBOUNDARY        1     16          2.5911
 SYSTEMBOUNDARY        2     15          2.8091

PLENUMS: Average Values
-----------------------
                   Pl. Pressure   Temp.      Mass Wallheat
                   nr.    [bar]     [K]       [g]     [kJ]
 PLENUM             1    0.9922  294.51     2.346    0.000
                                          Attached pipe  16:      2.5911 g/cycle
                                          Attached pipe  17:      0.6478 g/cycle
                                          Attached pipe  18:      0.6478 g/cycle
                                          Attached pipe  19:      0.6478 g/cycle
                                          Attached pipe  20:      0.6478 g/cycle

PLENUMS
Attachments
-----------
 Type                 Nr.   Pipe       Mass flow
                             Nr.       [g/cycle]
 PLENUM                1     16          2.5911
 PLENUM                1     17          0.6478
 PLENUM                1     18          0.6478
 PLENUM                1     19          0.6478
 PLENUM                1     20          0.6478

CYLINDERS: Average Values
-------------------------
                               Total
                              Engine         Cyl.   1       Cyl.   2       Cyl.   3       Cyl.   4
Firing TDC [deg]                                  0.00         540.00         180.00         360.00
Bore [mm]                                        86.00          86.00          86.00          86.00
Stroke [mm]                                      86.00          86.00          86.00          86.00
Conrodl. [mm]                                   143.50         143.50         143.50         143.50
Piston pin offset [mm]                            0.00           0.00           0.00           0.00
Swept Vol. [l]                   1.9982         0.4996         0.4996         0.4996         0.4996
Compression ratio [-]                            10.50          10.50          10.50          10.50
Dyn. Comp. ratio [-]                              8.00           8.00           8.00           8.00

Combustion Data:
----------------
Combustion Char.                               2Z-Vibe        2Z-Vibe        2Z-Vibe        2Z-Vibe     
Comb.start [deg]                                -14.00         -14.00         -14.00         -14.00
Comb.dur.1 [deg]                                 50.00          50.00          50.00          50.00
Peak Fir.Pres. [bar]              82.25          82.25          82.25          82.25          82.25
at Crankangle [deg]               12.39          12.39          12.39          12.39          12.39
Peak Pres.Rise[bar/deg]            3.65           3.65           3.65           3.65           3.65
at Crankangle [deg]               -0.54          -0.54          -0.54          -0.54          -0.54
Peak Fir. Temp. [K]             2663.73        2663.73        2663.73        2663.73        2663.73
at Crankangle [deg]               20.15          20.15          20.15          20.15          20.15
Peak T_burned [K]               2806.73        2806.73        2806.73        2806.73        2806.73
at Crankangle [deg]                8.22           8.22           8.22           8.22           8.22
Res. Gascompr. [bar]               1.11           1.11           1.11           1.11           1.11
at Crankangle [deg]              325.81         325.81         325.81         325.81         325.81
Evaporation Energy [kJ]         -0.0524        -0.0131        -0.0131        -0.0131        -0.0131
Required O.N. [-]                 94.77          94.77          94.77          94.77          94.77
Knock Intensity [-]               -1.00           0.00           0.00           0.00           0.00

Emissions (Classic Species Transport):
--------------------------------------
NOx: Calculated based on MTZ 34 1973 (12).
CO:  Calculated based on SAE 2002-01-0006.
HC:  Calculated based on SAE 2002-01-0006.
NOX   [g/kWh]                 12.810071      12.810003      12.810018      12.810195      12.810069
NOX   [g/h]                 1576.861577     394.213427     394.213753     394.219281     394.215115
NOX   [ppm]                     3331.66        3331.64        3331.65        3331.69        3331.66
CO    [g/kWh]                  0.788569       0.788603       0.788603       0.788503       0.788568
CO    [g/h]                   97.069284      24.268356      24.268363      24.265295      24.267270
CO    [ppm]                      219.70         219.71         219.71         219.68         219.70
HC    [g/kWh]                  0.397628       0.397632       0.397632       0.397620       0.397628
HC    [g/h]                   48.946200      12.236685      12.236668      12.236305      12.236542
HC    [ppm]                       73.88          73.88          73.88          73.88          73.88

Performance:
------------
IMEP [bar]                      15.4548        15.4548        15.4548        15.4548        15.4548
Rel. to Ave. [-]                                1.0000         1.0000         1.0000         1.0000
IMEP Exh. [bar]                 -1.2466        -1.2466        -1.2466        -1.2466        -1.2466
IMEP Int. [bar]                  0.7199         0.7199         0.7199         0.7199         0.7199
IMEP Gasex. [bar]               -0.5266        -0.5266        -0.5266        -0.5266        -0.5266
IMEP HP [bar]                   15.9814        15.9814        15.9814        15.9814        15.9814
FMEP [bar]                       2.0143         2.0143         2.0143         2.0143         2.0143
BMEP [bar]                      13.4405        13.4405        13.4405        13.4405        13.4405
AMEP;SMEP [bar]                  0.0000         0.0000         0.0000         0.0000         0.0000
ISFC [g/kWh]                   207.9076       207.9076       207.9077       207.9076       207.9078
Rel. to Ave. [-]                                1.0000         1.0000         1.0000         1.0000
ISFC (tr.f.) [g/kWh]           207.9051       207.9051       207.9052       207.9051       207.9053
BSFC [g/kWh]                   239.0661       239.0660       239.0662       239.0660       239.0663
Indicated Eff. [-]               0.3981         0.3981         0.3981         0.3981         0.3981
Iso vol. comb. Eff [-]           0.9706         0.9706         0.9706         0.9706         0.9706
Polytropic Coeff. [-]                           1.2912         1.2912         1.2912         1.2912

Fuel Mass Balance:
------------------
Inj. Fuelmass [g]              0.178351       0.044588       0.044588       0.044588       0.044588
Asp.Trap. Fuelmass [g]        -0.000002      -0.000001      -0.000001      -0.000001      -0.000001
Fuelmassfl.(A+I) [g/s]         8.174432       2.043608       2.043608       2.043607       2.043608
Fuelmass tot.trap. [g]         0.178349       0.044587       0.044587       0.044587       0.044587
Trapped Fuelm.fl.[g/s]         8.174333       2.043583       2.043584       2.043583       2.043583
Trapp. Eff. Fuel [-]             1.0000         1.0000         1.0000         1.0000         1.0000

Energy Balance Cylinder:
------------------------
Fuel Energy [kJ]                7.75973        1.93993        1.93993        1.93993        1.93993
Released Energy [kJ]            7.52560        1.88140        1.88140        1.88140        1.88140
-> Brake Power     [%]           35.688         35.688         35.688         35.688         35.688
-> Loss: Friction  [%]            5.348          5.348          5.348          5.348          5.348
-> Loss: Piston    [%]            3.763          3.763          3.763          3.763          3.763
-> Loss: Head      [%]            4.518          4.518          4.518          4.518          4.518
-> Loss: Liner     [%]            4.345          4.345          4.345          4.345          4.345
-> Loss: Int. Port [%]           -0.022         -0.022         -0.022         -0.022         -0.022
-> Loss: Exh. Port [%]            0.327          0.327          0.327          0.327          0.327
-> Loss: Exh. Gas  [%]           46.521         46.521         46.521         46.521         46.521
Eff. Rel. Energy [kJ]           7.50176        1.87544        1.87544        1.87544        1.87544
Gross Rel. Energy [kJ]          7.52560        1.88140        1.88140        1.88140        1.88140
Eff.Gross Rel.Ener.[kJ]         7.50176        1.87544        1.87544        1.87544        1.87544
Energy Balance [-]               0.9987         0.9987         0.9987         0.9987         0.9987
Eff. Energy Balance [-]          0.9955         0.9955         0.9955         0.9955         0.9955

Blowby:
-------
Blowbymass [g]                 0.000000       0.000000       0.000000       0.000000       0.000000
Blowbymassfl. [g/s]            0.000000       0.000000       0.000000       0.000000       0.000000
Blowby Heat Flow [kJ]          0.000000       0.000000       0.000000       0.000000       0.000000

Reference Values at Start of High Pressure:
-------------------------------------------
Pressure at SHP[bar]             1.8201         1.8201         1.8201         1.8201         1.8201
Temperature [K]                  406.53         406.53         406.53         406.53         406.53
Air Massfl.  [g/s]           118.749075      29.687289      29.687249      29.687282      29.687256
Fuel Massfl. [g/s]             8.174432       2.043608       2.043608       2.043607       2.043608
Trapp. Eff. Air [-]              0.9982         0.9982         0.9982         0.9982         0.9982
Trapp. Eff.Fuel [-]              1.0000         1.0000         1.0000         1.0000         1.0000
A/F-Ratio (Cmb.) [-]              14.58          14.58          14.58          14.58          14.58
Excess Air Ratio [-]             1.0056         1.0056         1.0056         1.0056         1.0056

Reference Values at Start Of Combustion:
----------------------------------------
Pressure [bar]                  22.4734        22.4733        22.4733        22.4736        22.4734
Temperature [K]                  732.01         732.01         732.01         732.01         732.01

Residual Gas:
-------------
Res.gas content [-]              0.0186         0.0186         0.0186         0.0186         0.0186
External EGR [-]                 0.0000         0.0000         0.0000         0.0000         0.0000
Internal EGR [-]                 0.0186         0.0186         0.0186         0.0186         0.0186
Com.Prod.Mass. at EO [g]       2.811598       0.702899       0.702899       0.702900       0.702899
Res.gas mass at SHP [g]        0.049733       0.012433       0.012433       0.012433       0.012433
Res.gas aspirated IN [g]       0.000000       0.000000       0.000000       0.000000       0.000000
Res.gas from intake [g]        0.000000       0.000000       0.000000       0.000000       0.000000
Rel. to Total [-]                0.0000         0.0000         0.0000         0.0000         0.0000
Res.gas flow EX [g]            2.761883       0.690471       0.690470       0.690471       0.690471
Res.gas from exhaust [g]       0.001102       0.000276       0.000276       0.000276       0.000276
Rel. to Total [-]                0.0222         0.0222         0.0222         0.0222         0.0222

Gas Exchange:
-------------
Volumetric Eff. [-]              1.1073         1.1073         1.1073         1.1073         1.1073
Rel. to Ave. [-]                                1.0000         1.0000         1.0000         1.0000
Total Mass at SHP[g]             2.6679         0.6670         0.6670         0.6670         0.6670
Mass Delivered [g]              2.59089        0.64772        0.64772        0.64772        0.64772
Mass Delivered [g/s]          118.74908       29.68729       29.68725       29.68728       29.68726
Delivery Ratio [-]               1.1093         1.1093         1.1093         1.1093         1.1093
Rel. to Ave. [-]                                1.0000         1.0000         1.0000         1.0000
Av.Airmass at SHP[g]             2.5861         0.6465         0.6465         0.6465         0.6465
Air Delivered [g]               2.59089        0.64772        0.64772        0.64772        0.64772
Air Delivered [g/s]           118.74908       29.68729       29.68725       29.68728       29.68726
Airdeliveryratio [-]             1.1093         1.1093         1.1093         1.1093         1.1093
Rel. to Ave. [-]                                1.0000         1.0000         1.0000         1.0000
Airmass Trapped [g]             2.58610        0.64653        0.64652        0.64653        0.64652
Airmass Trapped [g/s]         118.52959       29.63242       29.63238       29.63241       29.63238
Trapp. Eff. Air [-]              0.9982         0.9982         0.9982         0.9982         0.9982
Rel. to Ave. [-]                                1.0000         1.0000         1.0000         1.0000
Airpurity [-]                    0.9693         0.9693         0.9693         0.9693         0.9693
Dyn. Swirl [-]                   0.0000         0.0000         0.0000         0.0000         0.0000
Dyn. Tumble [-]                  0.0000         0.0000         0.0000         0.0000         0.0000

Wall Heatlosses:
----------------
Piston [kJ]                     -0.2832        -0.0708        -0.0708        -0.0708        -0.0708
Piston Temperature [K]                          555.00         555.00         555.00         555.00
Cylinderhead [kJ]              -0.34002       -0.08501       -0.08501       -0.08501       -0.08501
Head Temperature [K]                            625.00         625.00         625.00         625.00
Cylinderliner [kJ]             -0.32698       -0.08175       -0.08175       -0.08175       -0.08175
LinerTDC Temperature [K]                        453.00         453.00         453.00         453.00
LinerBDC Temperature [K]                        447.00         447.00         447.00         447.00
Sum of Wallheat [kJ]           -0.95021       -0.23755       -0.23755       -0.23755       -0.23755
Wall Heatlosses in High Pressure Phase:
Piston HP [kJ]                 -0.24768       -0.06192       -0.06192       -0.06192       -0.06192
Cylinderhead HP [kJ]           -0.30449       -0.07612       -0.07612       -0.07612       -0.07612
Cylinderliner HP [kJ]          -0.16612       -0.04153       -0.04153       -0.04153       -0.04153
Sum of Wallheat HP [kJ]        -0.71829       -0.17957       -0.17957       -0.17957       -0.17957
Wall Heatlosses Related to Heatinput:
Piston [-]                      -0.0365        -0.0365        -0.0365        -0.0365        -0.0365
Cylinderhead [-]                -0.0438        -0.0438        -0.0438        -0.0438        -0.0438
Cylinderliner [-]               -0.0421        -0.0421        -0.0421        -0.0421        -0.0421
Sum of Wallheat [-]             -0.1225        -0.1225        -0.1225        -0.1225        -0.1225
M. Eff. HTC [W/m2/K]             608.50         608.50         608.50         608.50         608.50
M. Eff. Temp. [K]               1469.06        1469.06        1469.06        1469.06        1469.06

Reference Values at EO:
-----------------------
Pressure [bar]                     7.19           7.19           7.19           7.19           7.19
Temperature [K]                 1740.55        1740.55        1740.55        1740.54        1740.55
A/F-Ratio [-]                     14.50          14.50          14.50          14.50          14.50
Com.Prod.Conc. [-]              0.99909        0.99909        0.99909        0.99909        0.99909
Fuel Concentr. [-]             0.000064       0.000064       0.000064       0.000064       0.000064

Average Values of Pipeattachements:
-----------------------------------
 Attached Pipe                                       1              3              5              7
Vlv/Prt.Op.Clr.0mm[deg]                         340.00         340.00         340.00         340.00
Vlv/Prt.Op.Eff.0mm[deg]                         340.00         340.00         340.00         340.00
Vlv/Prt.Op.Eff.1mm[deg]                         362.50         362.50         362.50         362.50
Vlv/Prt.Op.Udef.mm[deg]                         340.00         340.00         340.00         340.00
Vlv/Prt.Cl.Clr.0mm[deg]                         610.00         610.00         610.00         610.00
Vlv/Prt.Cl.Eff.0mm[deg]                         610.00         610.00         610.00         610.00
Vlv/Prt.Cl.Eff.1mm[deg]                         577.53         577.53         577.53         577.53
Vlv/Prt.Cl.Udef.mm[deg]                         610.00         610.00         610.00         610.00
Cam Phasing [deg]                                 0.00           0.00           0.00           0.00
Massflow [g/cycle]                            0.647723       0.647722       0.647723       0.647722
Wallheat [kJ/cycle]                           0.000419       0.000419       0.000419       0.000419
rel.to Heatinp.[-]                              0.0002         0.0002         0.0002         0.0002
 Attached Pipe                                       2              4              6              8
Vlv/Prt.Op.Clr.0mm[deg]                         130.00         130.00         130.00         130.00
Vlv/Prt.Op.Eff.0mm[deg]                         130.00         130.00         130.00         130.00
Vlv/Prt.Op.Eff.1mm[deg]                         150.84         150.84         150.84         150.84
Vlv/Prt.Op.Udef.mm[deg]                         130.00         130.00         130.00         130.00
Vlv/Prt.Cl.Clr.0mm[deg]                         390.00         390.00         390.00         390.00
Vlv/Prt.Cl.Eff.0mm[deg]                         390.00         390.00         390.00         390.00
Vlv/Prt.Cl.Eff.1mm[deg]                         356.00         356.00         356.00         356.00
Vlv/Prt.Cl.Udef.mm[deg]                         390.00         390.00         390.00         390.00
Cam Phasing [deg]                                 0.00           0.00           0.00           0.00
Massflow [g/cycle]                            0.692310       0.692310       0.692310       0.692310
Wallheat [kJ/cycle]                          -0.006146      -0.006146      -0.006146      -0.006146
rel.to Heatinp.[-]                             -0.0032        -0.0032        -0.0032        -0.0032

FLOWRESTRICTIONS: Average Values
--------------------------------
 Flr. Att.Pi.  Massflow  Att.Pi.  Massflow
  nr.  number [g/cycle]   number [g/cycle]
    1       2    0.6923       11    0.7022
    2       1    0.6477       17    0.6478
    3       4    0.6923        9    0.7022
    4       3    0.6477       18    0.6478
    5       6    0.6923       10    0.7022
    6       5    0.6477       19    0.6478
    7       8    0.6923       12    0.7022
    8       7    0.6477       20    0.6478

JUNCTIONS: Average Values
-------------------------
Junction   1: Attached pipe   9:     -0.7022 g/cycle
              Attached pipe  10:     -0.7022 g/cycle
              Attached pipe  14:     -1.4043 g/cycle
Junction   2: Attached pipe  11:     -0.7022 g/cycle
              Attached pipe  12:     -0.7022 g/cycle
              Attached pipe  13:     -1.4043 g/cycle
Junction   3: Attached pipe  13:     -1.4043 g/cycle
              Attached pipe  14:     -1.4043 g/cycle
              Attached pipe  15:     -2.8091 g/cycle

OVERALL ENGINE PERFORMANCE:
===========================

Indicated Torque          :    245.75 Nm                    Indicated Specific Torque :    122.99 Nm/l
Indicated Power           :    141.54 kW,       192.45 PS   Indicated Specific Power  :     70.83 kW/l,      96.31 PS/l
Friction Torque           :     32.03 Nm                    Friction Power            :     18.45 kW
Effective Torque          :    213.72 Nm                    Effective Specific Torque :    106.96 Nm/l
Effective Power           :    123.10 kW,       167.36 PS   Effective Specific Power  :     61.60 kW/l,      83.76 PS/l

Required time for reading the inputfile and initialisation:       0.07 min
Required time for the calculation: .........................      0.12 min
Required time for writing the outputfile: ..................      0.00 min
Required total time: .......................................      0.19 min
Required total CPU-time: ...................................      5.39 sec
