 --------------------------------
 AVL - B O O S T
 Version:        v2022.1.0.0.0
 Build:          Apr 27 2022 22:44:48
 Git Build Hash: 7670062eda46b95e13935a621f250d93513addf7
 System:         x86_64-unknown-winnt_i19v19
 --------------------------------

LICENSE
-------
 sys_1DCFD_solver 2022.0@ License will expire in 223 days

PROJECT
-------
 Preprocessor Version :  2022.1
 Calculation date     : 09.10.2025
 File     : single500_GDi.bst
 Case Set : "Case Set 1"
 Case     : "Case 5"
 
 Project ID: "4-Cylinder"
 Run ID:     "WOT"
 Model date: "7.3.2000"

ELEMENTS
--------
 Element Name        Number

 PIPE                  18
 SYSTEMBOUNDARY         2
 CYLINDER               4
 RESTRICTION            8
 MEASURINGPOINT         8
 JUNCTION               2
 ENGINE                 1
 PIPE_END              36
 ALL_PIPES             18
 ALL_BOUNDARIES         2
 RESTRICTIONS           8
 ALL_PIDS               1
 PIPE_VAR_WALL_TEMP    18

GLOBAL DATA
-----------
  Engine Speed :         5000.0  rpm
  Calculationmode:        BOOST  Single
  Cycle Duration:        720.00  degrees
  Max. calc. period:   14400.00  degrees
  Cycles calculated:         20  cycles
  Calc. time steps:     1.28380  degrees (max)
                        0.98227  degrees
                        0.03274  ms
  Traces results step:  5.00000  degrees
  User concentrations:        0
  Ref. pressure:      100000.00  Pa
  Ref. temperature:     298.000  K
  Gas properties:      Variable
  Gasproperties File:     GASOLINE.BGP
     bgp_build_version:   v2013.0.0.0.0
     bgp_build_host:      boosthost
     bgp_build_user:      boost
     bgp_build_date:      2012.03.23
     bgp_build_time:      08:00:00
  Lower calorific:  0.43500E+08  J/kg
  Stoic. A/F-ratio:      14.500

  Warnings:                   4
  Convergence errors:         1

PIPES
-----

 Total number of pipe cells:     65

 Pipe   Cells   Cell size       W.Heat     Wall T    Fric. coeff.   Lam. Fric. Coeff.  Heat Factor       Volume
  nr.                [mm]         [kJ]        [K]             [-]                 [-]          [-]        [dm3]
    1       2        40.0        0.000     340.00        0.040000           64.000000     1.000000     0.070513
    2       2        30.0       -0.003     850.00        0.040000           64.000000     1.000000     0.048255
    3       2        40.0        0.000     340.00        0.040000           64.000000     1.000000     0.070513
    4       2        30.0       -0.003     850.00        0.040000           64.000000     1.000000     0.048255
    5       2        40.0        0.000     340.00        0.040000           64.000000     1.000000     0.070513
    6       2        30.0       -0.003     850.00        0.040000           64.000000     1.000000     0.048255
    7       2        40.0        0.000     340.00        0.040000           64.000000     1.000000     0.070513
    8       2        30.0       -0.003     850.00        0.040000           64.000000     1.000000     0.048255
    9       4        28.8       -0.000     300.00        0.019000           64.000000     1.000000     0.092488
   10       4        28.8       -0.000     300.00        0.019000           64.000000     1.000000     0.092488
   11       4        28.8       -0.000     300.00        0.019000           64.000000     1.000000     0.092488
   12       3        33.3       -0.020     300.00        0.019000           64.000000     1.000000     0.080425
   13       3        33.3       -0.020     300.00        0.019000           64.000000     1.000000     0.080425
   14       3        33.3       -0.020     300.00        0.019000           64.000000     1.000000     0.080425
   15       3        33.3       -0.020     300.00        0.019000           64.000000     1.000000     0.080425
   16      17        30.0       -0.276     300.00        0.019000           64.000000     1.000000     0.409845
   17       4        31.2        0.001     300.00        0.019000           64.000000     1.000000     0.100209
   18       4        28.8       -0.000     300.00        0.019000           64.000000     1.000000     0.092488


MEASURINGPOINTS: Average Values
-------------------------------
 Mp. Pipe Location   Diameter  Pressure  Temp. Ms.Temp.  Velo.   Massflow   Massflow To.Ent.f.  To.Ent.f.  Mach. Wtemp.  Converg.
 nr.  nr.     [mm]       [mm]     [bar]    [K]      [K]  [m/s]      [g/s]  [g/cycle]    [kJ/s]  [kJ/cyc.]    [-]    [K]       [-]
  1   1    10.0000    33.5000    0.8944  345.4    286.7   20.5    10.4665     0.2512    -0.091    -0.0022   0.06  340.0 0.210E-12
  2  12    10.0000    32.0000    1.2767 1143.3   1371.2   29.0    11.1826     0.2684    14.508     0.3482   0.04  300.0 0.648E-11
  3   3    10.0000    33.5000    0.8944  345.4    286.7   20.5    10.4665     0.2512    -0.091    -0.0022   0.06  340.0 0.210E-12
  4  13    10.0000    32.0000    1.2767 1143.3   1371.2   29.0    11.1826     0.2684    14.508     0.3482   0.04  300.0 0.648E-11
  5   5    10.0000    33.5000    0.8944  345.4    286.7   20.5    10.4665     0.2512    -0.091    -0.0022   0.06  340.0 0.210E-12
  6  14    10.0000    32.0000    1.2767 1143.3   1371.2   29.0    11.1826     0.2684    14.508     0.3482   0.04  300.0 0.648E-11
  7   7    10.0000    33.5000    0.8944  345.4    286.7   20.5    10.4665     0.2512    -0.091    -0.0022   0.06  340.0 0.210E-12
  8  15    10.0000    32.0000    1.2767 1143.3   1371.2   29.0    11.1826     0.2684    14.508     0.3482   0.04  300.0 0.648E-11

SYSTEMBOUNDARIES
Attachments
-----------
 Type                 Nr.   Pipe       Mass flow
                             Nr.       [g/cycle]
 SYSTEMBOUNDARY        1     17          1.0045
 SYSTEMBOUNDARY        2     16          1.0738

CYLINDERS: Average Values
-------------------------
                               Total
                              Engine         Cyl.   1       Cyl.   2       Cyl.   3       Cyl.   4
Firing TDC [deg]                                  0.00           0.00           0.00           0.00
Bore [mm]                                        86.00          86.00          86.00          86.00
Stroke [mm]                                      86.00          86.00          86.00          86.00
Conrodl. [mm]                                   143.50         143.50         143.50         143.50
Piston pin offset [mm]                            0.00           0.00           0.00           0.00
Swept Vol. [l]                   1.9982         0.4996         0.4996         0.4996         0.4996
Compression ratio [-]                            10.50          10.50          10.50          10.50
Dyn. Comp. ratio [-]                              7.97           7.97           7.97           7.97

Combustion Data:
----------------
Combustion Char.                               2Z-Vibe        2Z-Vibe        2Z-Vibe        2Z-Vibe     
Comb.start [deg]                                -10.00         -10.00         -10.00         -10.00
Comb.dur.1 [deg]                                 50.00          50.00          50.00          50.00
Peak Fir.Pres. [bar]              30.45          30.45          30.45          30.45          30.45
at Crankangle [deg]               14.80          14.80          14.80          14.80          14.80
Peak Pres.Rise[bar/deg]            1.22           1.22           1.22           1.22           1.22
at Crankangle [deg]                2.25           2.25           2.25           2.25           2.25
Peak Fir. Temp. [K]             2486.51        2486.51        2486.51        2486.51        2486.51
at Crankangle [deg]               24.21          24.21          24.21          24.21          24.21
Peak T_burned [K]               2634.13        2634.13        2634.13        2634.13        2634.13
at Crankangle [deg]               11.35          11.35          11.35          11.35          11.35
Res. Gascompr. [bar]               2.43           2.43           2.43           2.43           2.43
at Crankangle [deg]              326.57         326.57         326.57         326.57         326.57
Evaporation Energy [kJ]         -0.0204        -0.0051        -0.0051        -0.0051        -0.0051
Required O.N. [-]                 63.11          63.11          63.11          63.11          63.11
Knock Intensity [-]               -1.00           0.00           0.00           0.00           0.00

Emissions (Classic Species Transport):
--------------------------------------
NOx: Calculated based on MTZ 34 1973 (12).
CO:  Calculated based on SAE 2002-01-0006.
HC:  Calculated based on SAE 2002-01-0006.
NOX   [g/kWh]                  7.376845       7.376845       7.376845       7.376845       7.376845
NOX   [g/h]                  170.213859      42.553465      42.553465      42.553465      42.553465
NOX   [ppm]                     1022.34        1022.34        1022.34        1022.34        1022.34
CO    [g/kWh]                  2.321524       2.321524       2.321524       2.321524       2.321524
CO    [g/h]                   53.567020      13.391755      13.391755      13.391755      13.391755
CO    [ppm]                      344.66         344.66         344.66         344.66         344.66
HC    [g/kWh]                  1.543753       1.543753       1.543753       1.543753       1.543753
HC    [g/h]                   35.620661       8.905165       8.905165       8.905165       8.905165
HC    [ppm]                      152.85         152.85         152.85         152.85         152.85

Performance:
------------
IMEP [bar]                       4.6285         4.6285         4.6285         4.6285         4.6285
Rel. to Ave. [-]                                1.0000         1.0000         1.0000         1.0000
IMEP Exh. [bar]                 -2.0407        -2.0407        -2.0407        -2.0407        -2.0407
IMEP Int. [bar]                  0.5528         0.5528         0.5528         0.5528         0.5528
IMEP Gasex. [bar]               -1.4879        -1.4879        -1.4879        -1.4879        -1.4879
IMEP HP [bar]                    6.1164         6.1164         6.1164         6.1164         6.1164
FMEP [bar]                       1.8571         1.8571         1.8571         1.8571         1.8571
BMEP [bar]                       2.7713         2.7713         2.7713         2.7713         2.7713
AMEP;SMEP [bar]                  0.0000         0.0000         0.0000         0.0000         0.0000
ISFC [g/kWh]                   269.6852       269.6852       269.6852       269.6852       269.6852
Rel. to Ave. [-]                                1.0000         1.0000         1.0000         1.0000
ISFC (tr.f.) [g/kWh]           269.6852       269.6852       269.6852       269.6852       269.6852
BSFC [g/kWh]                   450.4077       450.4077       450.4077       450.4077       450.4077
Indicated Eff. [-]               0.3069         0.3069         0.3069         0.3069         0.3069
Iso vol. comb. Eff [-]           0.9549         0.9549         0.9549         0.9549         0.9549
Polytropic Coeff. [-]                           1.2865         1.2865         1.2865         1.2865

Fuel Mass Balance:
------------------
Inj. Fuelmass [g]              0.069278       0.017319       0.017319       0.017319       0.017319
Asp.Trap. Fuelmass [g]         0.000007       0.000002       0.000002       0.000002       0.000002
Fuelmassfl.(A+I) [g/s]         2.886872       0.721718       0.721718       0.721718       0.721718
Fuelmass tot.trap. [g]         0.069285       0.017321       0.017321       0.017321       0.017321
Trapped Fuelm.fl.[g/s]         2.886872       0.721718       0.721718       0.721718       0.721718
Trapp. Eff. Fuel [-]             1.0000         1.0000         1.0000         1.0000         1.0000

Energy Balance Cylinder:
------------------------
Fuel Energy [kJ]                3.01502        0.75375        0.75375        0.75375        0.75375
Released Energy [kJ]            2.92511        0.73128        0.73128        0.73128        0.73128
-> Brake Power     [%]           18.932         18.932         18.932         18.932         18.932
-> Loss: Friction  [%]           12.687         12.687         12.687         12.687         12.687
-> Loss: Piston    [%]            5.164          5.164          5.164          5.164          5.164
-> Loss: Head      [%]            6.226          6.226          6.226          6.226          6.226
-> Loss: Liner     [%]            7.063          7.063          7.063          7.063          7.063
-> Loss: Int. Port [%]            0.087          0.087          0.087          0.087          0.087
-> Loss: Exh. Port [%]            0.680          0.680          0.680          0.680          0.680
-> Loss: Exh. Gas  [%]           49.615         49.615         49.615         49.615         49.615
Eff. Rel. Energy [kJ]           2.91172        0.72793        0.72793        0.72793        0.72793
Gross Rel. Energy [kJ]          2.92511        0.73128        0.73128        0.73128        0.73128
Eff.Gross Rel.Ener.[kJ]         2.91172        0.72793        0.72793        0.72793        0.72793
Energy Balance [-]               0.9986         0.9986         0.9986         0.9986         0.9986
Eff. Energy Balance [-]          0.9940         0.9940         0.9940         0.9940         0.9940

Blowby:
-------
Blowbymass [g]                 0.000000       0.000000       0.000000       0.000000       0.000000
Blowbymassfl. [g/s]            0.000000       0.000000       0.000000       0.000000       0.000000
Blowby Heat Flow [kJ]          0.000000       0.000000       0.000000       0.000000       0.000000

Reference Values at Start of High Pressure:
-------------------------------------------
Pressure at SHP[bar]             0.8452         0.8452         0.8452         0.8452         0.8452
Temperature [K]                  437.68         437.68         437.68         437.68         437.68
Air Massfl.  [g/s]            41.855163      10.463791      10.463791      10.463791      10.463791
Fuel Massfl. [g/s]             2.886872       0.721718       0.721718       0.721718       0.721718
Trapp. Eff. Air [-]              1.0000         1.0000         1.0000         1.0000         1.0000
Trapp. Eff.Fuel [-]              1.0000         1.0000         1.0000         1.0000         1.0000
A/F-Ratio (Cmb.) [-]              14.62          14.62          14.62          14.62          14.62
Excess Air Ratio [-]             1.0084         1.0084         1.0084         1.0084         1.0084

Reference Values at Start Of Combustion:
----------------------------------------
Pressure [bar]                  11.4160        11.4160        11.4160        11.4160        11.4160
Temperature [K]                  794.66         794.66         794.66         794.66         794.66

Residual Gas:
-------------
Res.gas content [-]              0.1148         0.1148         0.1148         0.1148         0.1148
External EGR [-]                 0.0000         0.0000         0.0000         0.0000         0.0000
Internal EGR [-]                 0.1148         0.1148         0.1148         0.1148         0.1148
Com.Prod.Mass. at EO [g]       1.204757       0.301189       0.301189       0.301189       0.301189
Res.gas mass at SHP [g]        0.131911       0.032978       0.032978       0.032978       0.032978
Res.gas aspirated IN [g]       0.000001       0.000000       0.000000       0.000000       0.000000
Res.gas from intake [g]        0.044994       0.011249       0.011249       0.011249       0.011249
Rel. to Total [-]                0.3411         0.3411         0.3411         0.3411         0.3411
Res.gas flow EX [g]            1.072867       0.268217       0.268217       0.268217       0.268217
Res.gas from exhaust [g]       0.008442       0.002111       0.002111       0.002111       0.002111
Rel. to Total [-]                0.0640         0.0640         0.0640         0.0640         0.0640

Gas Exchange:
-------------
Volumetric Eff. [-]              0.4301         0.4301         0.4301         0.4301         0.4301
Rel. to Ave. [-]                                1.0000         1.0000         1.0000         1.0000
Total Mass at SHP[g]             1.1489         0.2872         0.2872         0.2872         0.2872
Mass Delivered [g]              1.00445        0.25111        0.25111        0.25111        0.25111
Mass Delivered [g/s]           41.85217       10.46304       10.46304       10.46304       10.46304
Delivery Ratio [-]               0.4301         0.4301         0.4301         0.4301         0.4301
Rel. to Ave. [-]                                1.0000         1.0000         1.0000         1.0000
Av.Airmass at SHP[g]             1.0045         0.2511         0.2511         0.2511         0.2511
Air Delivered [g]               1.00452        0.25113        0.25113        0.25113        0.25113
Air Delivered [g/s]            41.85516       10.46379       10.46379       10.46379       10.46379
Airdeliveryratio [-]             0.4301         0.4301         0.4301         0.4301         0.4301
Rel. to Ave. [-]                                1.0000         1.0000         1.0000         1.0000
Airmass Trapped [g]             1.00452        0.25113        0.25113        0.25113        0.25113
Airmass Trapped [g/s]          41.85516       10.46379       10.46379       10.46379       10.46379
Trapp. Eff. Air [-]              1.0000         1.0000         1.0000         1.0000         1.0000
Rel. to Ave. [-]                                1.0000         1.0000         1.0000         1.0000
Airpurity [-]                    0.8743         0.8743         0.8743         0.8743         0.8743
Dyn. Swirl [-]                   0.0000         0.0000         0.0000         0.0000         0.0000
Dyn. Tumble [-]                  0.0000         0.0000         0.0000         0.0000         0.0000

Wall Heatlosses:
----------------
Piston [kJ]                     -0.1510        -0.0378        -0.0378        -0.0378        -0.0378
Piston Temperature [K]                          550.00         550.00         550.00         550.00
Cylinderhead [kJ]              -0.18211       -0.04553       -0.04553       -0.04553       -0.04553
Head Temperature [K]                            610.00         610.00         610.00         610.00
Cylinderliner [kJ]             -0.20659       -0.05165       -0.05165       -0.05165       -0.05165
LinerTDC Temperature [K]                        450.00         450.00         450.00         450.00
LinerBDC Temperature [K]                        445.00         445.00         445.00         445.00
Sum of Wallheat [kJ]           -0.53974       -0.13494       -0.13494       -0.13494       -0.13494
Wall Heatlosses in High Pressure Phase:
Piston HP [kJ]                 -0.10600       -0.02650       -0.02650       -0.02650       -0.02650
Cylinderhead HP [kJ]           -0.13046       -0.03261       -0.03261       -0.03261       -0.03261
Cylinderliner HP [kJ]          -0.07883       -0.01971       -0.01971       -0.01971       -0.01971
Sum of Wallheat HP [kJ]        -0.31529       -0.07882       -0.07882       -0.07882       -0.07882
Wall Heatlosses Related to Heatinput:
Piston [-]                      -0.0501        -0.0501        -0.0501        -0.0501        -0.0501
Cylinderhead [-]                -0.0604        -0.0604        -0.0604        -0.0604        -0.0604
Cylinderliner [-]               -0.0685        -0.0685        -0.0685        -0.0685        -0.0685
Sum of Wallheat [-]             -0.1791        -0.1791        -0.1791        -0.1791        -0.1791
M. Eff. HTC [W/m2/K]             326.49         326.49         326.49         326.49         326.49
M. Eff. Temp. [K]               1375.05        1375.05        1375.05        1375.05        1375.05

Reference Values at EO:
-----------------------
Pressure [bar]                     2.89           2.89           2.89           2.89           2.89
Temperature [K]                 1635.72        1635.72        1635.72        1635.72        1635.72
A/F-Ratio [-]                     14.50          14.50          14.50          14.50          14.50
Com.Prod.Conc. [-]              0.99921        0.99921        0.99921        0.99921        0.99921
Fuel Concentr. [-]             0.000054       0.000054       0.000054       0.000054       0.000054

Average Values of Pipeattachements:
-----------------------------------
 Attached Pipe                                       1              3              5              7
Vlv/Prt.Op.Clr.0mm[deg]                         340.00         340.00         340.00         340.00
Vlv/Prt.Op.Eff.0mm[deg]                         340.00         340.00         340.00         340.00
Vlv/Prt.Op.Eff.1mm[deg]                         362.50         362.50         362.50         362.50
Vlv/Prt.Op.Udef.mm[deg]                         340.00         340.00         340.00         340.00
Vlv/Prt.Cl.Clr.0mm[deg]                         610.00         610.00         610.00         610.00
Vlv/Prt.Cl.Eff.0mm[deg]                         610.00         610.00         610.00         610.00
Vlv/Prt.Cl.Eff.1mm[deg]                         577.52         577.52         577.52         577.52
Vlv/Prt.Cl.Udef.mm[deg]                         610.00         610.00         610.00         610.00
Cam Phasing [deg]                                 0.00           0.00           0.00           0.00
Massflow [g/cycle]                            0.251113       0.251113       0.251113       0.251113
Wallheat [kJ/cycle]                          -0.000638      -0.000638      -0.000638      -0.000638
rel.to Heatinp.[-]                             -0.0008        -0.0008        -0.0008        -0.0008
 Attached Pipe                                       2              4              6              8
Vlv/Prt.Op.Clr.0mm[deg]                         130.00         130.00         130.00         130.00
Vlv/Prt.Op.Eff.0mm[deg]                         130.00         130.00         130.00         130.00
Vlv/Prt.Op.Eff.1mm[deg]                         150.84         150.84         150.84         150.84
Vlv/Prt.Op.Udef.mm[deg]                         130.00         130.00         130.00         130.00
Vlv/Prt.Cl.Clr.0mm[deg]                         390.00         390.00         390.00         390.00
Vlv/Prt.Cl.Eff.0mm[deg]                         390.00         390.00         390.00         390.00
Vlv/Prt.Cl.Eff.1mm[deg]                         356.00         356.00         356.00         356.00
Vlv/Prt.Cl.Udef.mm[deg]                         390.00         390.00         390.00         390.00
Cam Phasing [deg]                                 0.00           0.00           0.00           0.00
Massflow [g/cycle]                            0.268432       0.268432       0.268432       0.268432
Wallheat [kJ/cycle]                          -0.004971      -0.004971      -0.004971      -0.004971
rel.to Heatinp.[-]                             -0.0066        -0.0066        -0.0066        -0.0066

FLOWRESTRICTIONS: Average Values
--------------------------------
 Flr. Att.Pi.  Massflow  Att.Pi.  Massflow
  nr.  number [g/cycle]   number [g/cycle]
    1       2    0.2684       12    0.2685
    2       1    0.2511       18    0.2510
    3       4    0.2684       13    0.2685
    4       3    0.2511        9    0.2510
    5       6    0.2684       14    0.2685
    6       5    0.2511       10    0.2510
    7       8    0.2684       15    0.2685
    8       7    0.2511       11    0.2510

JUNCTIONS: Average Values
-------------------------
Junction   1: Attached pipe   9:     -0.2510 g/cycle
              Attached pipe  10:     -0.2510 g/cycle
              Attached pipe  11:     -0.2510 g/cycle
              Attached pipe  17:     -1.0045 g/cycle
              Attached pipe  18:     -0.2510 g/cycle
Junction   2: Attached pipe  12:     -0.2685 g/cycle
              Attached pipe  13:     -0.2685 g/cycle
              Attached pipe  14:     -0.2685 g/cycle
              Attached pipe  15:     -0.2685 g/cycle
              Attached pipe  16:     -1.0738 g/cycle

OVERALL ENGINE PERFORMANCE:
===========================

Indicated Torque          :     73.60 Nm                    Indicated Specific Torque :     36.83 Nm/l
Indicated Power           :     38.54 kW,        52.40 PS   Indicated Specific Power  :     19.29 kW/l,      26.22 PS/l
Friction Torque           :     29.53 Nm                    Friction Power            :     15.46 kW
Effective Torque          :     44.07 Nm                    Effective Specific Torque :     22.05 Nm/l
Effective Power           :     23.07 kW,        31.37 PS   Effective Specific Power  :     11.55 kW/l,      15.70 PS/l

Required time for reading the inputfile and initialisation:       0.08 min
Required time for the calculation: .........................      0.22 min
Required time for writing the outputfile: ..................      0.00 min
Required total time: .......................................      0.30 min
Required total CPU-time: ...................................      7.75 sec
