 --------------------------------
 AVL - B O O S T
 Version:        v2022.1.0.0.0
 Build:          Apr 27 2022 22:44:48
 Git Build Hash: 7670062eda46b95e13935a621f250d93513addf7
 System:         x86_64-unknown-winnt_i19v19
 --------------------------------

LICENSE
-------
 sys_1DCFD_solver 2022.0@ License will expire in 217 days

PROJECT
-------
 Preprocessor Version :  2022.1
 Calculation date     : 15.10.2025
 File     : single500_GDi.bst
 Case Set : "Case Set 1"
 Case     : "6_5k"
 
 Project ID: "4-Cylinder"
 Run ID:     "WOT"
 Model date: "7.3.2000"

ELEMENTS
--------
 Element Name        Number

 PIPE                  20
 SYSTEMBOUNDARY         2
 PLENUM                 1
 CYLINDER               4
 RESTRICTION            8
 MEASURINGPOINT         8
 JUNCTION               3
 ENGINE                 1
 PIPE_END              40
 ALL_PIPES             20
 ALL_PLENUMS            1
 ALL_BOUNDARIES         2
 RESTRICTIONS           8
 ALL_PIDS               1
 PIPE_VAR_WALL_TEMP    20

GLOBAL DATA
-----------
  Engine Speed :         6500.0  rpm
  Calculationmode:        BOOST  Single
  Cycle Duration:        720.00  degrees
  Max. calc. period:   14400.00  degrees
  Cycles calculated:         20  cycles
  Calc. time steps:     1.66894  degrees (max)
                        0.97737  degrees
                        0.02506  ms
  Traces results step:  5.00000  degrees
  User concentrations:        0
  Ref. pressure:      100000.00  Pa
  Ref. temperature:     298.000  K
  Gas properties:      Variable
  Gasproperties File:     GASOLINE.BGP
     bgp_build_version:   v2013.0.0.0.0
     bgp_build_host:      boosthost
     bgp_build_user:      boost
     bgp_build_date:      2012.03.23
     bgp_build_time:      08:00:00
  Lower calorific:  0.43500E+08  J/kg
  Stoic. A/F-ratio:      14.500

  Warnings:                   4
  Convergence errors:       110

PIPES
-----

 Total number of pipe cells:    106

 Pipe   Cells   Cell size       W.Heat     Wall T    Fric. coeff.   Lam. Fric. Coeff.  Heat Factor       Volume
  nr.                [mm]         [kJ]        [K]             [-]                 [-]          [-]        [dm3]
    1       2        40.0        0.001     340.00        0.040000           64.000000     1.000000     0.070513
    2       2        30.0       -0.006     850.00        0.040000           64.000000     1.000000     0.048255
    3       2        40.0        0.001     340.00        0.040000           64.000000     1.000000     0.070513
    4       2        30.0       -0.006     850.00        0.040000           64.000000     1.000000     0.048255
    5       2        40.0        0.001     340.00        0.040000           64.000000     1.000000     0.070513
    6       2        30.0       -0.006     850.00        0.040000           64.000000     1.000000     0.048255
    7       2        40.0        0.001     340.00        0.040000           64.000000     1.000000     0.070513
    8       2        30.0       -0.006     850.00        0.040000           64.000000     1.000000     0.048255
    9       7        31.4       -0.079     300.00        0.019000           64.000000     1.000000     0.249505
   10       7        31.4       -0.079     300.00        0.019000           64.000000     1.000000     0.249505
   11       7        31.4       -0.079     300.00        0.019000           64.000000     1.000000     0.249505
   12       7        31.4       -0.079     300.00        0.019000           64.000000     1.000000     0.249505
   13       8        31.2       -0.148     300.00        0.019000           64.000000     1.000000     0.314159
   14       8        31.2       -0.148     300.00        0.019000           64.000000     1.000000     0.314159
   15      10        31.3       -0.216     300.00        0.019000           64.000000     1.000000     0.433089
   16       4        32.4        0.000     300.00        0.019000           64.000000     1.000000     0.429721
   17       8        30.0        0.001     300.00        0.019000           64.000000     1.000000     0.217901
   18       8        30.0        0.001     300.00        0.019000           64.000000     1.000000     0.217901
   19       8        30.0        0.001     300.00        0.019000           64.000000     1.000000     0.217901
   20       8        30.0        0.001     300.00        0.019000           64.000000     1.000000     0.217901


MEASURINGPOINTS: Average Values
-------------------------------
 Mp. Pipe Location   Diameter  Pressure  Temp. Ms.Temp.  Velo.   Massflow   Massflow To.Ent.f.  To.Ent.f.  Mach. Wtemp.  Converg.
 nr.  nr.     [mm]       [mm]     [bar]    [K]      [K]  [m/s]      [g/s]  [g/cycle]    [kJ/s]  [kJ/cyc.]    [-]    [K]       [-]
  1   1    10.0000    33.5000    0.9677  295.7    278.1   41.0    33.7730     0.6235    -0.101    -0.0019   0.12  340.0 0.862E-08
  2  11    10.0000    38.0000    1.2165 1069.0   1273.0   84.1    36.1097     0.6666    44.710     0.8254   0.13  300.0 0.144E-06
  3   3    10.0000    33.5000    0.9677  295.7    278.1   41.0    33.7730     0.6235    -0.101    -0.0019   0.12  340.0 0.132E-07
  4   9    10.0000    38.0000    1.2165 1069.0   1273.0   84.1    36.1093     0.6666    44.710     0.8254   0.13  300.0 0.333E-06
  5   5    10.0000    33.5000    0.9677  295.7    278.1   41.0    33.7734     0.6235    -0.101    -0.0019   0.12  340.0 0.185E-07
  6  10    10.0000    38.0000    1.2165 1069.0   1273.0   84.1    36.1098     0.6666    44.710     0.8254   0.13  300.0 0.322E-06
  7   7    10.0000    33.5000    0.9677  295.7    278.1   41.0    33.7733     0.6235    -0.101    -0.0019   0.12  340.0 0.276E-06
  8  12    10.0000    38.0000    1.2165 1069.0   1273.0   84.1    36.1096     0.6666    44.711     0.8254   0.13  300.0 0.506E-06

SYSTEMBOUNDARIES
Attachments
-----------
 Type                 Nr.   Pipe       Mass flow
                             Nr.       [g/cycle]
 SYSTEMBOUNDARY        1     16          2.4946
 SYSTEMBOUNDARY        2     15          2.6668

PLENUMS: Average Values
-----------------------
                   Pl. Pressure   Temp.      Mass Wallheat
                   nr.    [bar]     [K]       [g]     [kJ]
 PLENUM             1    0.9920  295.07     2.342    0.000
                                          Attached pipe  16:      2.4946 g/cycle
                                          Attached pipe  17:      0.6236 g/cycle
                                          Attached pipe  18:      0.6236 g/cycle
                                          Attached pipe  19:      0.6236 g/cycle
                                          Attached pipe  20:      0.6236 g/cycle

PLENUMS
Attachments
-----------
 Type                 Nr.   Pipe       Mass flow
                             Nr.       [g/cycle]
 PLENUM                1     16          2.4946
 PLENUM                1     17          0.6236
 PLENUM                1     18          0.6236
 PLENUM                1     19          0.6236
 PLENUM                1     20          0.6236

CYLINDERS: Average Values
-------------------------
                               Total
                              Engine         Cyl.   1       Cyl.   2       Cyl.   3       Cyl.   4
Firing TDC [deg]                                  0.00         540.00         180.00         360.00
Bore [mm]                                        86.00          86.00          86.00          86.00
Stroke [mm]                                      86.00          86.00          86.00          86.00
Conrodl. [mm]                                   143.50         143.50         143.50         143.50
Piston pin offset [mm]                            0.00           0.00           0.00           0.00
Swept Vol. [l]                   1.9982         0.4996         0.4996         0.4996         0.4996
Compression ratio [-]                            10.50          10.50          10.50          10.50
Dyn. Comp. ratio [-]                              7.62           7.62           7.62           7.62

Combustion Data:
----------------
Combustion Char.                               2Z-Vibe        2Z-Vibe        2Z-Vibe        2Z-Vibe     
Comb.start [deg]                                -18.00         -18.00         -18.00         -18.00
Comb.dur.1 [deg]                                 50.00          50.00          50.00          50.00
Peak Fir.Pres. [bar]              87.38          87.38          87.38          87.38          87.38
at Crankangle [deg]                9.65           9.65           9.65           9.65           9.65
Peak Pres.Rise[bar/deg]            3.92           3.92           3.92           3.92           3.92
at Crankangle [deg]               -3.49          -3.49          -3.49          -3.49          -3.49
Peak Fir. Temp. [K]             2715.87        2715.87        2715.87        2715.87        2715.87
at Crankangle [deg]               17.02          17.02          17.02          17.02          17.02
Peak T_burned [K]               2837.34        2837.34        2837.34        2837.34        2837.34
at Crankangle [deg]                5.61           5.61           5.61           5.61           5.61
Res. Gascompr. [bar]               0.88           0.88           0.88           0.88           0.88
at Crankangle [deg]              354.94         354.94         354.94         354.94         354.94
Evaporation Energy [kJ]         -0.0506        -0.0126        -0.0126        -0.0126        -0.0126
Required O.N. [-]                 95.49          95.49          95.49          95.49          95.49
Knock Intensity [-]               -1.00           0.00           0.00           0.00           0.00

Emissions (Classic Species Transport):
--------------------------------------
NOx: Calculated based on MTZ 34 1973 (12).
CO:  Calculated based on SAE 2002-01-0006.
HC:  Calculated based on SAE 2002-01-0006.
NOX   [g/kWh]                 15.054674      15.055440      15.054028      15.055011      15.054218
NOX   [g/h]                 2006.483652     501.647278     501.595509     501.632247     501.608617
NOX   [ppm]                     3721.12        3721.33        3720.96        3721.18        3721.02
CO    [g/kWh]                  0.924766       0.924329       0.925117       0.924562       0.925057
CO    [g/h]                  123.252642      30.798652      30.824607      30.806356      30.823026
CO    [ppm]                      244.86         244.75         244.96         244.81         244.94
HC    [g/kWh]                  0.397914       0.397866       0.397951       0.397895       0.397946
HC    [g/h]                   53.033949      13.256907      13.259595      13.257834      13.259613
HC    [ppm]                       70.27          70.26          70.27          70.26          70.27

Performance:
------------
IMEP [bar]                      14.6422        14.6422        14.6421        14.6422        14.6423
Rel. to Ave. [-]                                1.0000         1.0000         1.0000         1.0000
IMEP Exh. [bar]                 -1.3881        -1.3881        -1.3881        -1.3881        -1.3881
IMEP Int. [bar]                  0.5936         0.5936         0.5936         0.5936         0.5936
IMEP Gasex. [bar]               -0.7945        -0.7945        -0.7945        -0.7945        -0.7945
IMEP HP [bar]                   15.4367        15.4368        15.4366        15.4367        15.4368
FMEP [bar]                       2.3286         2.3286         2.3286         2.3286         2.3286
BMEP [bar]                      12.3137        12.3137        12.3136        12.3137        12.3137
AMEP;SMEP [bar]                  0.0000         0.0000         0.0000         0.0000         0.0000
ISFC [g/kWh]                   211.6893       211.6904       211.6890       211.6883       211.6895
Rel. to Ave. [-]                                1.0000         1.0000         1.0000         1.0000
ISFC (tr.f.) [g/kWh]           211.6893       211.6904       211.6890       211.6883       211.6895
BSFC [g/kWh]                   251.7208       251.7221       251.7207       251.7196       251.7207
Indicated Eff. [-]               0.3909         0.3909         0.3909         0.3909         0.3909
Iso vol. comb. Eff [-]           0.9771         0.9771         0.9771         0.9771         0.9771
Polytropic Coeff. [-]                           1.2921         1.2921         1.2921         1.2921

Fuel Mass Balance:
------------------
Inj. Fuelmass [g]              0.172042       0.043011       0.043010       0.043010       0.043011
Asp.Trap. Fuelmass [g]         0.000006       0.000001       0.000001       0.000001       0.000001
Fuelmassfl.(A+I) [g/s]         9.319246       2.329828       2.329793       2.329801       2.329825
Fuelmass tot.trap. [g]         0.172048       0.043012       0.043012       0.043012       0.043012
Trapped Fuelm.fl.[g/s]         9.319246       2.329828       2.329793       2.329801       2.329825
Trapp. Eff. Fuel [-]             1.0000         1.0000         1.0000         1.0000         1.0000

Energy Balance Cylinder:
------------------------
Fuel Energy [kJ]                7.48636        1.87159        1.87158        1.87159        1.87161
Released Energy [kJ]            7.25909        1.81477        1.81476        1.81477        1.81479
-> Brake Power     [%]           33.896         33.896         33.896         33.896         33.896
-> Loss: Friction  [%]            6.410          6.410          6.410          6.410          6.410
-> Loss: Piston    [%]            3.938          3.938          3.938          3.938          3.938
-> Loss: Head      [%]            4.649          4.649          4.649          4.649          4.649
-> Loss: Liner     [%]            4.379          4.379          4.379          4.379          4.379
-> Loss: Int. Port [%]           -0.018         -0.018         -0.018         -0.018         -0.018
-> Loss: Exh. Port [%]            0.308          0.308          0.308          0.308          0.308
-> Loss: Exh. Gas  [%]           46.992         46.992         46.992         46.992         46.992
Eff. Rel. Energy [kJ]           7.22978        1.80744        1.80743        1.80744        1.80746
Gross Rel. Energy [kJ]          7.25909        1.81477        1.81476        1.81477        1.81479
Eff.Gross Rel.Ener.[kJ]         7.22978        1.80744        1.80743        1.80744        1.80746
Energy Balance [-]               0.9983         0.9983         0.9983         0.9983         0.9983
Eff. Energy Balance [-]          0.9942         0.9942         0.9942         0.9942         0.9942

Blowby:
-------
Blowbymass [g]                 0.000000       0.000000       0.000000       0.000000       0.000000
Blowbymassfl. [g/s]            0.000000       0.000000       0.000000       0.000000       0.000000
Blowby Heat Flow [kJ]          0.000000       0.000000       0.000000       0.000000       0.000000

Reference Values at Start of High Pressure:
-------------------------------------------
Pressure at SHP[bar]             1.9570         1.9570         1.9569         1.9569         1.9570
Temperature [K]                  429.42         429.43         429.42         429.42         429.42
Air Massfl.  [g/s]           135.124077      33.780919      33.780832      33.781151      33.781174
Fuel Massfl. [g/s]             9.319246       2.329828       2.329793       2.329801       2.329825
Trapp. Eff. Air [-]              1.0000         1.0000         1.0000         1.0000         1.0000
Trapp. Eff.Fuel [-]              1.0000         1.0000         1.0000         1.0000         1.0000
A/F-Ratio (Cmb.) [-]              14.62          14.62          14.62          14.62          14.62
Excess Air Ratio [-]             1.0079         1.0079         1.0079         1.0080         1.0079

Reference Values at Start Of Combustion:
----------------------------------------
Pressure [bar]                  19.8485        19.8487        19.8481        19.8484        19.8489
Temperature [K]                  736.94         736.94         736.93         736.93         736.94

Residual Gas:
-------------
Res.gas content [-]              0.0257         0.0257         0.0257         0.0257         0.0257
External EGR [-]                -0.0000         0.0000         0.0000         0.0000        -0.0000
Internal EGR [-]                 0.0257         0.0257         0.0257         0.0257         0.0257
Com.Prod.Mass. at EO [g]       2.730655       0.682666       0.682660       0.682664       0.682665
Res.gas mass at SHP [g]        0.066721       0.016681       0.016681       0.016679       0.016679
Res.gas aspirated IN [g]      -0.000001       0.000000       0.000000       0.000000      -0.000001
Res.gas from intake [g]        0.003113       0.000779       0.000779       0.000778       0.000778
Rel. to Total [-]                0.0467         0.0467         0.0467         0.0466         0.0466
Res.gas flow EX [g]            2.663980       0.665997       0.665990       0.665997       0.665995
Res.gas from exhaust [g]       0.001616       0.000404       0.000404       0.000404       0.000404
Rel. to Total [-]                0.0242         0.0242         0.0242         0.0242         0.0242

Gas Exchange:
-------------
Volumetric Eff. [-]              1.0681         1.0681         1.0681         1.0681         1.0681
Rel. to Ave. [-]                                1.0000         1.0000         1.0000         1.0000
Total Mass at SHP[g]             2.5943         0.6486         0.6486         0.6486         0.6486
Mass Delivered [g]              2.49455        0.62364        0.62363        0.62364        0.62364
Mass Delivered [g/s]          135.12171       33.78030       33.78021       33.78069       33.78050
Delivery Ratio [-]               1.0681         1.0681         1.0681         1.0681         1.0681
Rel. to Ave. [-]                                1.0000         1.0000         1.0000         1.0000
Av.Airmass at SHP[g]             2.4946         0.6237         0.6237         0.6237         0.6237
Air Delivered [g]               2.49460        0.62365        0.62365        0.62365        0.62365
Air Delivered [g/s]           135.12408       33.78092       33.78083       33.78115       33.78117
Airdeliveryratio [-]             1.0681         1.0681         1.0681         1.0681         1.0681
Rel. to Ave. [-]                                1.0000         1.0000         1.0000         1.0000
Airmass Trapped [g]             2.49460        0.62365        0.62365        0.62365        0.62365
Airmass Trapped [g/s]         135.12408       33.78092       33.78083       33.78115       33.78117
Trapp. Eff. Air [-]              1.0000         1.0000         1.0000         1.0000         1.0000
Rel. to Ave. [-]                                1.0000         1.0000         1.0000         1.0000
Airpurity [-]                    0.9616         0.9616         0.9616         0.9616         0.9616
Dyn. Swirl [-]                   0.0000         0.0000         0.0000         0.0000         0.0000
Dyn. Tumble [-]                  0.0000         0.0000         0.0000         0.0000         0.0000

Wall Heatlosses:
----------------
Piston [kJ]                     -0.2859        -0.0715        -0.0715        -0.0715        -0.0715
Piston Temperature [K]                          565.00         565.00         565.00         565.00
Cylinderhead [kJ]              -0.33748       -0.08437       -0.08437       -0.08437       -0.08437
Head Temperature [K]                            655.00         655.00         655.00         655.00
Cylinderliner [kJ]             -0.31788       -0.07947       -0.07947       -0.07947       -0.07947
LinerTDC Temperature [K]                        457.00         457.00         457.00         457.00
LinerBDC Temperature [K]                        453.00         453.00         453.00         453.00
Sum of Wallheat [kJ]           -0.94125       -0.23531       -0.23531       -0.23531       -0.23531
Wall Heatlosses in High Pressure Phase:
Piston HP [kJ]                 -0.24826       -0.06207       -0.06207       -0.06207       -0.06207
Cylinderhead HP [kJ]           -0.30143       -0.07536       -0.07536       -0.07536       -0.07536
Cylinderliner HP [kJ]          -0.15353       -0.03838       -0.03838       -0.03838       -0.03838
Sum of Wallheat HP [kJ]        -0.70323       -0.17581       -0.17581       -0.17581       -0.17581
Wall Heatlosses Related to Heatinput:
Piston [-]                      -0.0382        -0.0382        -0.0382        -0.0382        -0.0382
Cylinderhead [-]                -0.0451        -0.0451        -0.0451        -0.0451        -0.0451
Cylinderliner [-]               -0.0425        -0.0425        -0.0425        -0.0425        -0.0425
Sum of Wallheat [-]             -0.1258        -0.1258        -0.1258        -0.1258        -0.1258
M. Eff. HTC [W/m2/K]             679.15         679.16         679.15         679.15         679.16
M. Eff. Temp. [K]               1541.90        1541.90        1541.90        1541.89        1541.90

Reference Values at EO:
-----------------------
Pressure [bar]                     6.97           6.97           6.97           6.97           6.97
Temperature [K]                 1738.59        1738.58        1738.59        1738.58        1738.59
A/F-Ratio [-]                     14.50          14.50          14.50          14.50          14.50
Com.Prod.Conc. [-]              0.99903        0.99903        0.99903        0.99903        0.99903
Fuel Concentr. [-]             0.000082       0.000082       0.000082       0.000082       0.000082

Average Values of Pipeattachements:
-----------------------------------
 Attached Pipe                                       1              3              5              7
Vlv/Prt.Op.Clr.0mm[deg]                         345.00         345.00         345.00         345.00
Vlv/Prt.Op.Eff.0mm[deg]                         345.00         345.00         345.00         345.00
Vlv/Prt.Op.Eff.1mm[deg]                         367.50         367.50         367.50         367.50
Vlv/Prt.Op.Udef.mm[deg]                         345.00         345.00         345.00         345.00
Vlv/Prt.Cl.Clr.0mm[deg]                         615.00         615.00         615.00         615.00
Vlv/Prt.Cl.Eff.0mm[deg]                         615.00         615.00         615.00         615.00
Vlv/Prt.Cl.Eff.1mm[deg]                         582.53         582.53         582.53         582.53
Vlv/Prt.Cl.Udef.mm[deg]                         615.00         615.00         615.00         615.00
Cam Phasing [deg]                                 0.00           0.00           0.00           0.00
Massflow [g/cycle]                            0.623636       0.623635       0.623644       0.623640
Wallheat [kJ/cycle]                           0.000329       0.000329       0.000329       0.000329
rel.to Heatinp.[-]                              0.0002         0.0002         0.0002         0.0002
 Attached Pipe                                       2              4              6              8
Vlv/Prt.Op.Clr.0mm[deg]                         130.00         130.00         130.00         130.00
Vlv/Prt.Op.Eff.0mm[deg]                         130.00         130.00         130.00         130.00
Vlv/Prt.Op.Eff.1mm[deg]                         150.84         150.84         150.84         150.84
Vlv/Prt.Op.Udef.mm[deg]                         130.00         130.00         130.00         130.00
Vlv/Prt.Cl.Clr.0mm[deg]                         390.00         390.00         390.00         390.00
Vlv/Prt.Cl.Eff.0mm[deg]                         390.00         390.00         390.00         390.00
Vlv/Prt.Cl.Eff.1mm[deg]                         356.00         356.00         356.00         356.00
Vlv/Prt.Cl.Udef.mm[deg]                         390.00         390.00         390.00         390.00
Cam Phasing [deg]                                 0.00           0.00           0.00           0.00
Massflow [g/cycle]                            0.666651       0.666644       0.666652       0.666649
Wallheat [kJ/cycle]                          -0.005585      -0.005585      -0.005585      -0.005585
rel.to Heatinp.[-]                             -0.0030        -0.0030        -0.0030        -0.0030

FLOWRESTRICTIONS: Average Values
--------------------------------
 Flr. Att.Pi.  Massflow  Att.Pi.  Massflow
  nr.  number [g/cycle]   number [g/cycle]
    1       2    0.6667       11    0.6667
    2       1    0.6236       17    0.6236
    3       4    0.6666        9    0.6667
    4       3    0.6236       18    0.6236
    5       6    0.6667       10    0.6667
    6       5    0.6236       19    0.6236
    7       8    0.6666       12    0.6667
    8       7    0.6236       20    0.6236

JUNCTIONS: Average Values
-------------------------
Junction   1: Attached pipe   9:     -0.6667 g/cycle
              Attached pipe  10:     -0.6667 g/cycle
              Attached pipe  14:     -1.3334 g/cycle
Junction   2: Attached pipe  11:     -0.6667 g/cycle
              Attached pipe  12:     -0.6667 g/cycle
              Attached pipe  13:     -1.3334 g/cycle
Junction   3: Attached pipe  13:     -1.3334 g/cycle
              Attached pipe  14:     -1.3334 g/cycle
              Attached pipe  15:     -2.6668 g/cycle

OVERALL ENGINE PERFORMANCE:
===========================

Indicated Torque          :    232.83 Nm                    Indicated Specific Torque :    116.52 Nm/l
Indicated Power           :    158.48 kW,       215.48 PS   Indicated Specific Power  :     79.31 kW/l,     107.83 PS/l
Friction Torque           :     37.03 Nm                    Friction Power            :     25.20 kW
Effective Torque          :    195.80 Nm                    Effective Specific Torque :     97.99 Nm/l
Effective Power           :    133.28 kW,       181.21 PS   Effective Specific Power  :     66.70 kW/l,      90.69 PS/l

Required time for reading the inputfile and initialisation:       0.07 min
Required time for the calculation: .........................      0.09 min
Required time for writing the outputfile: ..................      0.00 min
Required total time: .......................................      0.16 min
Required total CPU-time: ...................................      4.81 sec
