 --------------------------------
 AVL - B O O S T
 Version:        v2022.1.0.0.0
 Build:          Apr 27 2022 22:44:48
 Git Build Hash: 7670062eda46b95e13935a621f250d93513addf7
 System:         x86_64-unknown-winnt_i19v19
 --------------------------------

LICENSE
-------
 sys_1DCFD_solver 2022.0@ License will expire in 225 days

PROJECT
-------
 Preprocessor Version :  2022.1
 Calculation date     : 07.10.2025
 File     : single500_GDi.bst
 Case Set : "Case Set 1"
 Case     : "Case 10"
 
 Project ID: "4-Cylinder"
 Run ID:     "WOT"
 Model date: "7.3.2000"

ELEMENTS
--------
 Element Name        Number

 PIPE                   4
 SYSTEMBOUNDARY         2
 CYLINDER               1
 RESTRICTION            2
 MEASURINGPOINT         2
 ENGINE                 1
 PIPE_END               8
 ALL_PIPES              4
 ALL_BOUNDARIES         2
 RESTRICTIONS           2
 ALL_PIDS               1
 PIPE_VAR_WALL_TEMP     4

GLOBAL DATA
-----------
  Engine Speed :         2500.0  rpm
  Calculationmode:        BOOST  Single
  Cycle Duration:        720.00  degrees
  Max. calc. period:   14400.00  degrees
  Cycles calculated:         20  cycles
  Calc. time steps:     0.64190  degrees (max)
                        0.59678  degrees
                        0.03979  ms
  Traces results step:  5.00000  degrees
  User concentrations:        0
  Ref. pressure:      100000.00  Pa
  Ref. temperature:     298.000  K
  Gas properties:      Variable
  Gasproperties File:     GASOLINE.BGP
     bgp_build_version:   v2013.0.0.0.0
     bgp_build_host:      boosthost
     bgp_build_user:      boost
     bgp_build_date:      2012.03.23
     bgp_build_time:      08:00:00
  Lower calorific:  0.43500E+08  J/kg
  Stoic. A/F-ratio:      14.500

  Warnings:                   1
  Convergence errors:         0

PIPES
-----

 Total number of pipe cells:     23

 Pipe   Cells   Cell size       W.Heat     Wall T    Fric. coeff.   Lam. Fric. Coeff.  Heat Factor       Volume
  nr.                [mm]         [kJ]        [K]             [-]                 [-]          [-]        [dm3]
    1       2        40.0        0.001     340.00        0.040000           64.000000     1.000000     0.070513
    2       2        30.0       -0.006     850.00        0.040000           64.000000     1.000000     0.048255
    3       4        31.2        0.000     300.00        0.019000           64.000000     1.000000     0.100209
    4      15        31.3       -0.188     300.00        0.019000           64.000000     1.000000     0.377675


MEASURINGPOINTS: Average Values
-------------------------------
 Mp. Pipe Location   Diameter  Pressure  Temp. Ms.Temp.  Velo.   Massflow   Massflow To.Ent.f.  To.Ent.f.  Mach. Wtemp.  Converg.
 nr.  nr.     [mm]       [mm]     [bar]    [K]      [K]  [m/s]      [g/s]  [g/cycle]    [kJ/s]  [kJ/cyc.]    [-]    [K]       [-]
  1   1    10.0000    33.5000    0.9958  305.7    291.9   10.4    10.4868     0.5034    -0.047    -0.0023   0.03  340.0 0.187E-08
  2   4    10.0000    32.0000    1.0470  983.5   1251.8   37.6    11.2153     0.5383    13.296     0.6382   0.06  300.0 0.265E-07

SYSTEMBOUNDARIES
Attachments
-----------
 Type                 Nr.   Pipe       Mass flow
                             Nr.       [g/cycle]
 SYSTEMBOUNDARY        1      3          0.5033
 SYSTEMBOUNDARY        2      4          0.5383

CYLINDERS: Average Values
-------------------------
                               Total
                              Engine         Cyl.   1
Firing TDC [deg]                                  0.00
Bore [mm]                                        86.00
Stroke [mm]                                      86.00
Conrodl. [mm]                                   143.50
Piston pin offset [mm]                            0.00
Swept Vol. [l]                   0.4996         0.4996
Compression ratio [-]                            10.50
Dyn. Comp. ratio [-]                              8.01

Combustion Data:
----------------
Combustion Char.                               2Z-Vibe     
Comb.start [deg]                                 -3.00
Comb.dur.1 [deg]                                 50.00
Peak Fir.Pres. [bar]              47.13          47.13
at Crankangle [deg]               20.54          20.54
Peak Pres.Rise[bar/deg]            1.83           1.83
at Crankangle [deg]                8.99           8.99
Peak Fir. Temp. [K]             2482.92        2482.92
at Crankangle [deg]               31.45          31.45
Peak T_burned [K]               2656.41        2656.41
at Crankangle [deg]               16.69          16.69
Res. Gascompr. [bar]               1.31           1.31
at Crankangle [deg]              350.68         350.68
Evaporation Energy [kJ]         -0.0102        -0.0102
Required O.N. [-]                 82.55          82.55

Emissions (Classic Species Transport):
--------------------------------------
NOx: Calculated based on MTZ 34 1973 (12).
CO:  Calculated based on SAE 2002-01-0006.
HC:  Calculated based on SAE 2002-01-0006.
NOX   [g/kWh]                  7.302457       7.302457
NOX   [g/h]                   79.951139      79.951139
NOX   [ppm]                     1917.53        1917.53
CO    [g/kWh]                  0.493637       0.493637
CO    [g/h]                    5.404601       5.404601
CO    [ppm]                      138.86         138.86
HC    [g/kWh]                  0.613869       0.613869
HC    [g/h]                    6.720965       6.720965
HC    [ppm]                      115.16         115.16

Performance:
------------
IMEP [bar]                      11.5913        11.5913
Rel. to Ave. [-]                                1.0000
IMEP Exh. [bar]                 -1.0780        -1.0780
IMEP Int. [bar]                  0.9663         0.9663
IMEP Gasex. [bar]               -0.1117        -0.1117
IMEP HP [bar]                   11.7030        11.7030
FMEP [bar]                       1.0714         1.0714
BMEP [bar]                      10.5199        10.5199
AMEP;SMEP [bar]                  0.0000         0.0000
ISFC [g/kWh]                   215.7893       215.7893
Rel. to Ave. [-]                                1.0000
ISFC (tr.f.) [g/kWh]           215.7893       215.7893
BSFC [g/kWh]                   237.7670       237.7670
Indicated Eff. [-]               0.3835         0.3835
Iso vol. comb. Eff [-]           0.9152         0.9152
Polytropic Coeff. [-]                           1.2893

Fuel Mass Balance:
------------------
Inj. Fuelmass [g]              0.034710       0.034710
Asp.Trap. Fuelmass [g]        -0.000000      -0.000000
Fuelmassfl.(A+I) [g/s]         0.723110       0.723110
Fuelmass tot.trap. [g]         0.034709       0.034709
Trapped Fuelm.fl.[g/s]         0.723110       0.723110
Trapp. Eff. Fuel [-]             1.0000         1.0000

Energy Balance Cylinder:
------------------------
Fuel Energy [kJ]                1.51001        1.51001
Released Energy [kJ]            1.46406        1.46406
-> Brake Power     [%]           35.895         35.895
-> Loss: Friction  [%]            3.656          3.656
-> Loss: Piston    [%]            4.280          4.280
-> Loss: Head      [%]            5.421          5.421
-> Loss: Liner     [%]            5.278          5.278
-> Loss: Int. Port [%]            0.007          0.007
-> Loss: Exh. Port [%]            0.541          0.541
-> Loss: Exh. Gas  [%]           45.300         45.300
Eff. Rel. Energy [kJ]           1.46151        1.46151
Gross Rel. Energy [kJ]          1.46406        1.46406
Eff.Gross Rel.Ener.[kJ]         1.46151        1.46151
Energy Balance [-]               0.9989         0.9989
Eff. Energy Balance [-]          0.9972         0.9972

Blowby:
-------
Blowbymass [g]                 0.000000       0.000000
Blowbymassfl. [g/s]            0.000000       0.000000
Blowby Heat Flow [kJ]          0.000000       0.000000

Reference Values at Start of High Pressure:
-------------------------------------------
Pressure at SHP[bar]             1.3481         1.3481
Temperature [K]                  376.22         376.22
Air Massfl.  [g/s]            10.487068      10.487068
Fuel Massfl. [g/s]             0.723110       0.723110
Trapp. Eff. Air [-]              0.9998         0.9998
Trapp. Eff.Fuel [-]              1.0000         1.0000
A/F-Ratio (Cmb.) [-]              14.56          14.56
Excess Air Ratio [-]             1.0041         1.0041

Reference Values at Start Of Combustion:
----------------------------------------
Pressure [bar]                  20.5973        20.5973
Temperature [K]                  712.21         712.21

Residual Gas:
-------------
Res.gas content [-]              0.0441         0.0441
External EGR [-]                -0.0000        -0.0000
Internal EGR [-]                 0.0441         0.0441
Com.Prod.Mass. at EO [g]       0.561029       0.561029
Res.gas mass at SHP [g]        0.023507       0.023507
Res.gas aspirated IN [g]      -0.000007      -0.000007
Res.gas from intake [g]        0.005798       0.005798
Rel. to Total [-]                0.2467         0.2467
Res.gas flow EX [g]            0.537526       0.537526
Res.gas from exhaust [g]       0.000043       0.000043
Rel. to Total [-]                0.0018         0.0018

Gas Exchange:
-------------
Volumetric Eff. [-]              0.8619         0.8619
Rel. to Ave. [-]                                1.0000
Total Mass at SHP[g]             0.5331         0.5331
Mass Delivered [g]              0.50337        0.50337
Mass Delivered [g/s]           10.48690       10.48690
Delivery Ratio [-]               0.8621         0.8621
Rel. to Ave. [-]                                1.0000
Av.Airmass at SHP[g]             0.5033         0.5033
Air Delivered [g]               0.50338        0.50338
Air Delivered [g/s]            10.48707       10.48707
Airdeliveryratio [-]             0.8621         0.8621
Rel. to Ave. [-]                                1.0000
Airmass Trapped [g]             0.50329        0.50329
Airmass Trapped [g/s]          10.48521       10.48521
Trapp. Eff. Air [-]              0.9998         0.9998
Rel. to Ave. [-]                                1.0000
Airpurity [-]                    0.9442         0.9442
Dyn. Swirl [-]                   0.0000         0.0000
Dyn. Tumble [-]                  0.0000         0.0000

Wall Heatlosses:
----------------
Piston [kJ]                     -0.0627        -0.0627
Piston Temperature [K]                          525.00
Cylinderhead [kJ]              -0.07936       -0.07936
Head Temperature [K]                            545.00
Cylinderliner [kJ]             -0.07727       -0.07727
LinerTDC Temperature [K]                        437.00
LinerBDC Temperature [K]                        432.00
Sum of Wallheat [kJ]           -0.21929       -0.21929
Wall Heatlosses in High Pressure Phase:
Piston HP [kJ]                 -0.05502       -0.05502
Cylinderhead HP [kJ]           -0.07024       -0.07024
Cylinderliner HP [kJ]          -0.04672       -0.04672
Sum of Wallheat HP [kJ]        -0.17197       -0.17197
Wall Heatlosses Related to Heatinput:
Piston [-]                      -0.0415        -0.0415
Cylinderhead [-]                -0.0526        -0.0526
Cylinderliner [-]               -0.0512        -0.0512
Sum of Wallheat [-]             -0.1452        -0.1452
M. Eff. HTC [W/m2/K]             287.63         287.63
M. Eff. Temp. [K]               1303.31        1303.31

Reference Values at EO:
-----------------------
Pressure [bar]                     5.58           5.58
Temperature [K]                 1695.12        1695.12
A/F-Ratio [-]                     14.50          14.50
Com.Prod.Conc. [-]              0.99917        0.99917
Fuel Concentr. [-]             0.000054       0.000054

Average Values of Pipeattachements:
-----------------------------------
 Attached Pipe                                       1
Vlv/Prt.Op.Clr.0mm[deg]                         340.00
Vlv/Prt.Op.Eff.0mm[deg]                         340.00
Vlv/Prt.Op.Eff.1mm[deg]                         362.50
Vlv/Prt.Op.Udef.mm[deg]                         340.00
Vlv/Prt.Cl.Clr.0mm[deg]                         610.00
Vlv/Prt.Cl.Eff.0mm[deg]                         610.00
Vlv/Prt.Cl.Eff.1mm[deg]                         577.52
Vlv/Prt.Cl.Udef.mm[deg]                         610.00
Cam Phasing [deg]                                 0.00
Massflow [g/cycle]                            0.503371
Wallheat [kJ/cycle]                          -0.000097
rel.to Heatinp.[-]                             -0.0001
 Attached Pipe                                       2
Vlv/Prt.Op.Clr.0mm[deg]                         130.00
Vlv/Prt.Op.Eff.0mm[deg]                         130.00
Vlv/Prt.Op.Eff.1mm[deg]                         150.84
Vlv/Prt.Op.Udef.mm[deg]                         130.00
Vlv/Prt.Cl.Clr.0mm[deg]                         390.00
Vlv/Prt.Cl.Eff.0mm[deg]                         390.00
Vlv/Prt.Cl.Eff.1mm[deg]                         356.00
Vlv/Prt.Cl.Udef.mm[deg]                         390.00
Cam Phasing [deg]                                 0.00
Massflow [g/cycle]                            0.538082
Wallheat [kJ/cycle]                          -0.007927
rel.to Heatinp.[-]                             -0.0053

FLOWRESTRICTIONS: Average Values
--------------------------------
 Flr. Att.Pi.  Massflow  Att.Pi.  Massflow
  nr.  number [g/cycle]   number [g/cycle]
    1       2    0.5381        4    0.5383
    2       1    0.5034        3    0.5033

OVERALL ENGINE PERFORMANCE:
===========================

Indicated Torque          :     46.08 Nm                    Indicated Specific Torque :     92.24 Nm/l
Indicated Power           :     12.06 kW,        16.40 PS   Indicated Specific Power  :     24.15 kW/l,      32.83 PS/l
Friction Torque           :      4.26 Nm                    Friction Power            :      1.12 kW
Effective Torque          :     41.82 Nm                    Effective Specific Torque :     83.71 Nm/l
Effective Power           :     10.95 kW,        14.89 PS   Effective Specific Power  :     21.92 kW/l,      29.80 PS/l

Required time for reading the inputfile and initialisation:       0.07 min
Required time for the calculation: .........................      0.15 min
Required time for writing the outputfile: ..................      0.00 min
Required total time: .......................................      0.23 min
Required total CPU-time: ...................................      3.67 sec
