 --------------------------------
 AVL - B O O S T
 Version:        v2022.1.0.0.0
 Build:          Apr 27 2022 22:44:48
 Git Build Hash: 7670062eda46b95e13935a621f250d93513addf7
 System:         x86_64-unknown-winnt_i19v19
 --------------------------------

LICENSE
-------
 sys_1DCFD_solver 2022.0@ License will expire in 217 days

PROJECT
-------
 Preprocessor Version :  2022.1
 Calculation date     : 15.10.2025
 File     : single500_GDi.bst
 Case Set : "Case Set 1"
 Case     : "2_5k"
 
 Project ID: "4-Cylinder"
 Run ID:     "WOT"
 Model date: "7.3.2000"

ELEMENTS
--------
 Element Name        Number

 PIPE                  20
 SYSTEMBOUNDARY         2
 PLENUM                 1
 CYLINDER               4
 RESTRICTION            8
 MEASURINGPOINT         8
 JUNCTION               3
 ENGINE                 1
 PIPE_END              40
 ALL_PIPES             20
 ALL_PLENUMS            1
 ALL_BOUNDARIES         2
 RESTRICTIONS           8
 ALL_PIDS               1
 PIPE_VAR_WALL_TEMP    20

GLOBAL DATA
-----------
  Engine Speed :         2500.0  rpm
  Calculationmode:        BOOST  Single
  Cycle Duration:        720.00  degrees
  Max. calc. period:   14400.00  degrees
  Cycles calculated:         20  cycles
  Calc. time steps:     0.64190  degrees (max)
                        0.50827  degrees
                        0.03388  ms
  Traces results step:  5.00000  degrees
  User concentrations:        0
  Ref. pressure:      100000.00  Pa
  Ref. temperature:     298.000  K
  Gas properties:      Variable
  Gasproperties File:     GASOLINE.BGP
     bgp_build_version:   v2013.0.0.0.0
     bgp_build_host:      boosthost
     bgp_build_user:      boost
     bgp_build_date:      2012.03.23
     bgp_build_time:      08:00:00
  Lower calorific:  0.43500E+08  J/kg
  Stoic. A/F-ratio:      14.500

  Warnings:                   4
  Convergence errors:       307

PIPES
-----

 Total number of pipe cells:    106

 Pipe   Cells   Cell size       W.Heat     Wall T    Fric. coeff.   Lam. Fric. Coeff.  Heat Factor       Volume
  nr.                [mm]         [kJ]        [K]             [-]                 [-]          [-]        [dm3]
    1       2        40.0        0.001     340.00        0.040000           64.000000     1.000000     0.070513
    2       2        30.0       -0.005     850.00        0.040000           64.000000     1.000000     0.048255
    3       2        40.0        0.001     340.00        0.040000           64.000000     1.000000     0.070513
    4       2        30.0       -0.005     850.00        0.040000           64.000000     1.000000     0.048255
    5       2        40.0        0.001     340.00        0.040000           64.000000     1.000000     0.070513
    6       2        30.0       -0.005     850.00        0.040000           64.000000     1.000000     0.048255
    7       2        40.0        0.001     340.00        0.040000           64.000000     1.000000     0.070513
    8       2        30.0       -0.005     850.00        0.040000           64.000000     1.000000     0.048255
    9       7        31.4       -0.080     300.00        0.019000           64.000000     1.000000     0.249505
   10       7        31.4       -0.080     300.00        0.019000           64.000000     1.000000     0.249505
   11       7        31.4       -0.080     300.00        0.019000           64.000000     1.000000     0.249505
   12       7        31.4       -0.080     300.00        0.019000           64.000000     1.000000     0.249505
   13       8        31.2       -0.162     300.00        0.019000           64.000000     1.000000     0.314159
   14       8        31.2       -0.162     300.00        0.019000           64.000000     1.000000     0.314159
   15      10        31.3       -0.301     300.00        0.019000           64.000000     1.000000     0.433089
   16       4        32.4        0.001     300.00        0.019000           64.000000     1.000000     0.429721
   17       8        30.0        0.000     300.00        0.019000           64.000000     1.000000     0.217901
   18       8        30.0        0.000     300.00        0.019000           64.000000     1.000000     0.217901
   19       8        30.0        0.000     300.00        0.019000           64.000000     1.000000     0.217901
   20       8        30.0        0.000     300.00        0.019000           64.000000     1.000000     0.217901


MEASURINGPOINTS: Average Values
-------------------------------
 Mp. Pipe Location   Diameter  Pressure  Temp. Ms.Temp.  Velo.   Massflow   Massflow To.Ent.f.  To.Ent.f.  Mach. Wtemp.  Converg.
 nr.  nr.     [mm]       [mm]     [bar]    [K]      [K]  [m/s]      [g/s]  [g/cycle]    [kJ/s]  [kJ/cyc.]    [-]    [K]       [-]
  1   1    10.0000    33.5000    0.9933  322.1    292.0   10.3    10.1747     0.4884    -0.038    -0.0018   0.03  340.0 0.251E-06
  2  11    10.0000    38.0000    1.0614  984.8   1257.6   27.7    10.8851     0.5225    12.808     0.6148   0.04  300.0 0.194E-06
  3   3    10.0000    33.5000    0.9933  322.1    292.0   10.3    10.1750     0.4884    -0.038    -0.0018   0.03  340.0 0.192E-06
  4   9    10.0000    38.0000    1.0614  984.8   1257.6   27.7    10.8854     0.5225    12.807     0.6148   0.04  300.0 0.156E-06
  5   5    10.0000    33.5000    0.9933  322.1    292.0   10.3    10.1747     0.4884    -0.038    -0.0018   0.03  340.0 0.208E-07
  6  10    10.0000    38.0000    1.0614  984.8   1257.6   27.7    10.8851     0.5225    12.808     0.6148   0.04  300.0 0.980E-07
  7   7    10.0000    33.5000    0.9933  322.1    292.0   10.3    10.1747     0.4884    -0.038    -0.0018   0.03  340.0 0.550E-06
  8  12    10.0000    38.0000    1.0614  984.8   1257.6   27.7    10.8851     0.5225    12.807     0.6147   0.04  300.0 0.948E-07

SYSTEMBOUNDARIES
Attachments
-----------
 Type                 Nr.   Pipe       Mass flow
                             Nr.       [g/cycle]
 SYSTEMBOUNDARY        1     16          1.9552
 SYSTEMBOUNDARY        2     15          2.0899

PLENUMS: Average Values
-----------------------
                   Pl. Pressure   Temp.      Mass Wallheat
                   nr.    [bar]     [K]       [g]     [kJ]
 PLENUM             1    0.9977  294.29     2.361    0.000
                                          Attached pipe  16:      1.9552 g/cycle
                                          Attached pipe  17:      0.4888 g/cycle
                                          Attached pipe  18:      0.4888 g/cycle
                                          Attached pipe  19:      0.4888 g/cycle
                                          Attached pipe  20:      0.4888 g/cycle

PLENUMS
Attachments
-----------
 Type                 Nr.   Pipe       Mass flow
                             Nr.       [g/cycle]
 PLENUM                1     16          1.9552
 PLENUM                1     17          0.4888
 PLENUM                1     18          0.4888
 PLENUM                1     19          0.4888
 PLENUM                1     20          0.4888

CYLINDERS: Average Values
-------------------------
                               Total
                              Engine         Cyl.   1       Cyl.   2       Cyl.   3       Cyl.   4
Firing TDC [deg]                                  0.00         540.00         180.00         360.00
Bore [mm]                                        86.00          86.00          86.00          86.00
Stroke [mm]                                      86.00          86.00          86.00          86.00
Conrodl. [mm]                                   143.50         143.50         143.50         143.50
Piston pin offset [mm]                            0.00           0.00           0.00           0.00
Swept Vol. [l]                   1.9982         0.4996         0.4996         0.4996         0.4996
Compression ratio [-]                            10.50          10.50          10.50          10.50
Dyn. Comp. ratio [-]                              7.99           7.99           7.99           7.99

Combustion Data:
----------------
Combustion Char.                               2Z-Vibe        2Z-Vibe        2Z-Vibe        2Z-Vibe     
Comb.start [deg]                                 -4.00          -4.00          -4.00          -4.00
Comb.dur.1 [deg]                                 50.00          50.00          50.00          50.00
Peak Fir.Pres. [bar]              47.23          47.23          47.23          47.23          47.23
at Crankangle [deg]               19.72          19.72          19.72          19.72          19.72
Peak Pres.Rise[bar/deg]            1.85           1.85           1.85           1.85           1.85
at Crankangle [deg]                7.65           7.65           7.65           7.65           7.65
Peak Fir. Temp. [K]             2484.48        2484.49        2484.47        2484.49        2484.47
at Crankangle [deg]               30.50          30.49          30.49          30.50          30.50
Peak T_burned [K]               2659.10        2659.10        2659.09        2659.10        2659.09
at Crankangle [deg]               15.58          15.58          15.58          15.58          15.58
Res. Gascompr. [bar]               1.45           1.45           1.45           1.45           1.45
at Crankangle [deg]              312.30         312.30         312.30         312.30         312.30
Evaporation Energy [kJ]         -0.0396        -0.0099        -0.0099        -0.0099        -0.0099
Required O.N. [-]                 83.05          83.05          83.05          83.05          83.05
Knock Intensity [-]               -1.00           0.00           0.00           0.00           0.00

Emissions (Classic Species Transport):
--------------------------------------
NOx: Calculated based on MTZ 34 1973 (12).
CO:  Calculated based on SAE 2002-01-0006.
HC:  Calculated based on SAE 2002-01-0006.
NOX   [g/kWh]                  7.383609       7.383387       7.383282       7.383465       7.384301
NOX   [g/h]                  315.013610      78.750038      78.751615      78.751784      78.760174
NOX   [ppm]                     1945.15        1945.07        1945.07        1945.12        1945.34
CO    [g/kWh]                  0.453215       0.453367       0.453324       0.453342       0.452828
CO    [g/h]                   19.335927       4.835536       4.835243       4.835329       4.829819
CO    [ppm]                      127.90         127.94         127.93         127.94         127.79
HC    [g/kWh]                  0.629372       0.629450       0.629415       0.629434       0.629190
HC    [g/h]                   26.851481       6.713615       6.713474       6.713520       6.710871
HC    [ppm]                      118.45         118.47         118.46         118.47         118.42

Performance:
------------
IMEP [bar]                      11.3198        11.3197        11.3201        11.3198        11.3198
Rel. to Ave. [-]                                1.0000         1.0000         1.0000         1.0000
IMEP Exh. [bar]                 -1.0464        -1.0464        -1.0464        -1.0464        -1.0464
IMEP Int. [bar]                  0.9495         0.9495         0.9495         0.9495         0.9495
IMEP Gasex. [bar]               -0.0970        -0.0970        -0.0970        -0.0970        -0.0970
IMEP HP [bar]                   11.4168        11.4167        11.4170        11.4168        11.4167
FMEP [bar]                       1.0714         1.0714         1.0714         1.0714         1.0714
BMEP [bar]                      10.2484        10.2483        10.2486        10.2484        10.2483
AMEP;SMEP [bar]                  0.0000         0.0000         0.0000         0.0000         0.0000
ISFC [g/kWh]                   214.5912       214.5915       214.5858       214.5963       214.5912
Rel. to Ave. [-]                                1.0000         1.0000         1.0000         1.0000
ISFC (tr.f.) [g/kWh]           214.5912       214.5915       214.5858       214.5963       214.5912
BSFC [g/kWh]                   237.0258       237.0264       237.0194       237.0315       237.0260
Indicated Eff. [-]               0.3857         0.3857         0.3857         0.3856         0.3857
Iso vol. comb. Eff [-]           0.9230         0.9230         0.9230         0.9230         0.9230
Polytropic Coeff. [-]                           1.2886         1.2887         1.2886         1.2886

Fuel Mass Balance:
------------------
Inj. Fuelmass [g]              0.134829       0.033707       0.033707       0.033708       0.033707
Asp.Trap. Fuelmass [g]         0.000003       0.000001       0.000001       0.000001       0.000001
Fuelmassfl.(A+I) [g/s]         2.809013       0.702246       0.702249       0.702269       0.702248
Fuelmass tot.trap. [g]         0.134833       0.033708       0.033708       0.033709       0.033708
Trapped Fuelm.fl.[g/s]         2.809013       0.702246       0.702249       0.702269       0.702248
Trapp. Eff. Fuel [-]             1.0000         1.0000         1.0000         1.0000         1.0000

Energy Balance Cylinder:
------------------------
Fuel Energy [kJ]                5.86589        1.46649        1.46645        1.46649        1.46645
Released Energy [kJ]            5.68624        1.42157        1.42154        1.42158        1.42154
-> Brake Power     [%]           36.014         36.014         36.016         36.014         36.015
-> Loss: Friction  [%]            3.765          3.765          3.765          3.765          3.765
-> Loss: Piston    [%]            4.424          4.424          4.424          4.424          4.424
-> Loss: Head      [%]            5.605          5.604          5.605          5.604          5.605
-> Loss: Liner     [%]            5.232          5.231          5.232          5.231          5.232
-> Loss: Int. Port [%]           -0.016         -0.016         -0.016         -0.016         -0.016
-> Loss: Exh. Port [%]            0.529          0.529          0.529          0.529          0.529
-> Loss: Exh. Gas  [%]           44.864         44.864         44.864         44.864         44.863
Eff. Rel. Energy [kJ]           5.67916        1.41979        1.41979        1.41980        1.41977
Gross Rel. Energy [kJ]          5.68624        1.42157        1.42154        1.42158        1.42154
Eff.Gross Rel.Ener.[kJ]         5.67916        1.41979        1.41979        1.41980        1.41977
Energy Balance [-]               0.9989         0.9989         0.9989         0.9989         0.9989
Eff. Energy Balance [-]          0.9976         0.9976         0.9977         0.9976         0.9976

Blowby:
-------
Blowbymass [g]                 0.000000       0.000000       0.000000       0.000000       0.000000
Blowbymassfl. [g/s]            0.000000       0.000000       0.000000       0.000000       0.000000
Blowby Heat Flow [kJ]          0.000000       0.000000       0.000000       0.000000       0.000000

Reference Values at Start of High Pressure:
-------------------------------------------
Pressure at SHP[bar]             1.3244         1.3244         1.3244         1.3244         1.3244
Temperature [K]                  378.51         378.51         378.51         378.51         378.51
Air Massfl.  [g/s]            40.732646      10.183113      10.183380      10.183084      10.183069
Fuel Massfl. [g/s]             2.809013       0.702246       0.702249       0.702269       0.702248
Trapp. Eff. Air [-]              0.9999         0.9999         0.9999         0.9999         0.9999
Trapp. Eff.Fuel [-]              1.0000         1.0000         1.0000         1.0000         1.0000
A/F-Ratio (Cmb.) [-]              14.53          14.53          14.53          14.53          14.53
Excess Air Ratio [-]             1.0023         1.0023         1.0023         1.0023         1.0023

Reference Values at Start Of Combustion:
----------------------------------------
Pressure [bar]                  20.0114        20.0113        20.0115        20.0112        20.0114
Temperature [K]                  714.45         714.45         714.45         714.45         714.45

Residual Gas:
-------------
Res.gas content [-]              0.0467         0.0467         0.0467         0.0467         0.0467
External EGR [-]                 0.0000         0.0000         0.0000         0.0000         0.0000
Internal EGR [-]                 0.0467         0.0467         0.0467         0.0467         0.0467
Com.Prod.Mass. at EO [g]       2.184978       0.546241       0.546252       0.546244       0.546242
Res.gas mass at SHP [g]        0.097038       0.024261       0.024256       0.024260       0.024260
Res.gas aspirated IN [g]       0.000003       0.000001       0.000001       0.000001       0.000000
Res.gas from intake [g]        0.005967       0.001494       0.001489       0.001492       0.001493
Rel. to Total [-]                0.0615         0.0616         0.0614         0.0615         0.0615
Res.gas flow EX [g]            2.088021       0.522001       0.522015       0.522004       0.522001
Res.gas from exhaust [g]       0.027191       0.006799       0.006794       0.006799       0.006799
Rel. to Total [-]                0.2802         0.2803         0.2801         0.2803         0.2803

Gas Exchange:
-------------
Volumetric Eff. [-]              0.8371         0.8371         0.8371         0.8371         0.8371
Rel. to Ave. [-]                                1.0000         1.0000         1.0000         1.0000
Total Mass at SHP[g]             2.0765         0.5191         0.5191         0.5191         0.5191
Mass Delivered [g]              1.95517        0.48879        0.48880        0.48879        0.48879
Mass Delivered [g/s]           40.73271       10.18313       10.18341       10.18310       10.18308
Delivery Ratio [-]               0.8371         0.8371         0.8371         0.8371         0.8371
Rel. to Ave. [-]                                1.0000         1.0000         1.0000         1.0000
Av.Airmass at SHP[g]             1.9550         0.4888         0.4888         0.4888         0.4888
Air Delivered [g]               1.95517        0.48879        0.48880        0.48879        0.48879
Air Delivered [g/s]            40.73265       10.18311       10.18338       10.18308       10.18307
Airdeliveryratio [-]             0.8371         0.8371         0.8371         0.8371         0.8371
Rel. to Ave. [-]                                1.0000         1.0000         1.0000         1.0000
Airmass Trapped [g]             1.95503        0.48875        0.48877        0.48875        0.48875
Airmass Trapped [g/s]          40.72975       10.18238       10.18264       10.18238       10.18235
Trapp. Eff. Air [-]              0.9999         0.9999         0.9999         0.9999         0.9999
Rel. to Ave. [-]                                1.0000         1.0000         1.0000         1.0000
Airpurity [-]                    0.9415         0.9415         0.9415         0.9415         0.9415
Dyn. Swirl [-]                   0.0000         0.0000         0.0000         0.0000         0.0000
Dyn. Tumble [-]                  0.0000         0.0000         0.0000         0.0000         0.0000

Wall Heatlosses:
----------------
Piston [kJ]                     -0.2515        -0.0629        -0.0629        -0.0629        -0.0629
Piston Temperature [K]                          525.00         525.00         525.00         525.00
Cylinderhead [kJ]              -0.31869       -0.07967       -0.07967       -0.07967       -0.07967
Head Temperature [K]                            545.00         545.00         545.00         545.00
Cylinderliner [kJ]             -0.29748       -0.07437       -0.07437       -0.07437       -0.07437
LinerTDC Temperature [K]                        437.00         437.00         437.00         437.00
LinerBDC Temperature [K]                        432.00         432.00         432.00         432.00
Sum of Wallheat [kJ]           -0.86771       -0.21693       -0.21693       -0.21693       -0.21693
Wall Heatlosses in High Pressure Phase:
Piston HP [kJ]                 -0.22197       -0.05549       -0.05549       -0.05549       -0.05549
Cylinderhead HP [kJ]           -0.28346       -0.07086       -0.07086       -0.07086       -0.07086
Cylinderliner HP [kJ]          -0.18231       -0.04558       -0.04558       -0.04558       -0.04558
Sum of Wallheat HP [kJ]        -0.68774       -0.17193       -0.17194       -0.17194       -0.17193
Wall Heatlosses Related to Heatinput:
Piston [-]                      -0.0429        -0.0429        -0.0429        -0.0429        -0.0429
Cylinderhead [-]                -0.0543        -0.0543        -0.0543        -0.0543        -0.0543
Cylinderliner [-]               -0.0507        -0.0507        -0.0507        -0.0507        -0.0507
Sum of Wallheat [-]             -0.1479        -0.1479        -0.1479        -0.1479        -0.1479
M. Eff. HTC [W/m2/K]             283.97         283.97         283.98         283.97         283.97
M. Eff. Temp. [K]               1316.15        1316.15        1316.15        1316.15        1316.15

Reference Values at EO:
-----------------------
Pressure [bar]                     5.38           5.38           5.38           5.38           5.38
Temperature [K]                 1680.04        1680.02        1680.08        1680.03        1680.05
A/F-Ratio [-]                     14.50          14.50          14.50          14.50          14.50
Com.Prod.Conc. [-]              0.99916        0.99916        0.99916        0.99916        0.99916
Fuel Concentr. [-]             0.000055       0.000055       0.000055       0.000054       0.000055

Average Values of Pipeattachements:
-----------------------------------
 Attached Pipe                                       1              3              5              7
Vlv/Prt.Op.Clr.0mm[deg]                         340.00         340.00         340.00         340.00
Vlv/Prt.Op.Eff.0mm[deg]                         340.00         340.00         340.00         340.00
Vlv/Prt.Op.Eff.1mm[deg]                         362.50         362.50         362.50         362.50
Vlv/Prt.Op.Udef.mm[deg]                         340.00         340.00         340.00         340.00
Vlv/Prt.Cl.Clr.0mm[deg]                         610.00         610.00         610.00         610.00
Vlv/Prt.Cl.Eff.0mm[deg]                         610.00         610.00         610.00         610.00
Vlv/Prt.Cl.Eff.1mm[deg]                         577.53         577.53         577.53         577.53
Vlv/Prt.Cl.Udef.mm[deg]                         610.00         610.00         610.00         610.00
Cam Phasing [deg]                                 0.00           0.00           0.00           0.00
Massflow [g/cycle]                            0.488790       0.488804       0.488789       0.488788
Wallheat [kJ/cycle]                           0.000222       0.000223       0.000222       0.000222
rel.to Heatinp.[-]                              0.0002         0.0002         0.0002         0.0002
 Attached Pipe                                       2              4              6              8
Vlv/Prt.Op.Clr.0mm[deg]                         130.00         130.00         130.00         130.00
Vlv/Prt.Op.Eff.0mm[deg]                         130.00         130.00         130.00         130.00
Vlv/Prt.Op.Eff.1mm[deg]                         150.84         150.84         150.84         150.84
Vlv/Prt.Op.Udef.mm[deg]                         130.00         130.00         130.00         130.00
Vlv/Prt.Cl.Clr.0mm[deg]                         390.00         390.00         390.00         390.00
Vlv/Prt.Cl.Eff.0mm[deg]                         390.00         390.00         390.00         390.00
Vlv/Prt.Cl.Eff.1mm[deg]                         356.00         356.00         356.00         356.00
Vlv/Prt.Cl.Udef.mm[deg]                         390.00         390.00         390.00         390.00
Cam Phasing [deg]                                 0.00           0.00           0.00           0.00
Massflow [g/cycle]                            0.522495       0.522508       0.522497       0.522495
Wallheat [kJ/cycle]                          -0.007520      -0.007520      -0.007520      -0.007520
rel.to Heatinp.[-]                             -0.0051        -0.0051        -0.0051        -0.0051

FLOWRESTRICTIONS: Average Values
--------------------------------
 Flr. Att.Pi.  Massflow  Att.Pi.  Massflow
  nr.  number [g/cycle]   number [g/cycle]
    1       2    0.5225       11    0.5227
    2       1    0.4888       17    0.4888
    3       4    0.5225        9    0.5227
    4       3    0.4888       18    0.4888
    5       6    0.5225       10    0.5227
    6       5    0.4888       19    0.4888
    7       8    0.5225       12    0.5227
    8       7    0.4888       20    0.4888

JUNCTIONS: Average Values
-------------------------
Junction   1: Attached pipe   9:     -0.5227 g/cycle
              Attached pipe  10:     -0.5227 g/cycle
              Attached pipe  14:     -1.0448 g/cycle
Junction   2: Attached pipe  11:     -0.5226 g/cycle
              Attached pipe  12:     -0.5227 g/cycle
              Attached pipe  13:     -1.0447 g/cycle
Junction   3: Attached pipe  13:     -1.0447 g/cycle
              Attached pipe  14:     -1.0448 g/cycle
              Attached pipe  15:     -2.0899 g/cycle

OVERALL ENGINE PERFORMANCE:
===========================

Indicated Torque          :    180.00 Nm                    Indicated Specific Torque :     90.08 Nm/l
Indicated Power           :     47.12 kW,        64.07 PS   Indicated Specific Power  :     23.58 kW/l,      32.06 PS/l
Friction Torque           :     17.04 Nm                    Friction Power            :      4.46 kW
Effective Torque          :    162.96 Nm                    Effective Specific Torque :     81.55 Nm/l
Effective Power           :     42.66 kW,        58.01 PS   Effective Specific Power  :     21.35 kW/l,      29.03 PS/l

Required time for reading the inputfile and initialisation:       0.07 min
Required time for the calculation: .........................      0.17 min
Required time for writing the outputfile: ..................      0.00 min
Required total time: .......................................      0.24 min
Required total CPU-time: ...................................      8.98 sec
