 --------------------------------
 AVL - B O O S T
 Version:        v2022.1.0.0.0
 Build:          Apr 27 2022 22:44:48
 Git Build Hash: 7670062eda46b95e13935a621f250d93513addf7
 System:         x86_64-unknown-winnt_i19v19
 --------------------------------

LICENSE
-------
 sys_1DCFD_solver 2022.0@ License will expire in 218 days

PROJECT
-------
 Preprocessor Version :  2022.1
 Calculation date     : 14.10.2025
 File     : single500_GDi.bst
 Case Set : "Case Set 1"
 Case     : "5_5k"
 
 Project ID: "4-Cylinder"
 Run ID:     "WOT"
 Model date: "7.3.2000"

ELEMENTS
--------
 Element Name        Number

 PIPE                  23
 SYSTEMBOUNDARY         2
 CYLINDER               4
 RESTRICTION            8
 MEASURINGPOINT         8
 JUNCTION               7
 ENGINE                 1
 PIPE_END              46
 ALL_PIPES             23
 ALL_BOUNDARIES         2
 RESTRICTIONS           8
 ALL_PIDS               1
 PIPE_VAR_WALL_TEMP    23

GLOBAL DATA
-----------
  Engine Speed :         5500.0  rpm
  Calculationmode:        BOOST  Single
  Cycle Duration:        720.00  degrees
  Max. calc. period:   14400.00  degrees
  Cycles calculated:         20  cycles
  Calc. time steps:     1.41218  degrees (max)
                        0.85696  degrees
                        0.02597  ms
  Traces results step:  5.00000  degrees
  User concentrations:        0
  Ref. pressure:      100000.00  Pa
  Ref. temperature:     298.000  K
  Gas properties:      Variable
  Gasproperties File:     GASOLINE.BGP
     bgp_build_version:   v2013.0.0.0.0
     bgp_build_host:      boosthost
     bgp_build_user:      boost
     bgp_build_date:      2012.03.23
     bgp_build_time:      08:00:00
  Lower calorific:  0.43500E+08  J/kg
  Stoic. A/F-ratio:      14.500

  Warnings:                   0
  Convergence errors:        87

PIPES
-----

 Total number of pipe cells:     88

 Pipe   Cells   Cell size       W.Heat     Wall T    Fric. coeff.   Lam. Fric. Coeff.  Heat Factor       Volume
  nr.                [mm]         [kJ]        [K]             [-]                 [-]          [-]        [dm3]
    1       2        40.0        0.001     340.00        0.040000           64.000000     1.000000     0.070513
    2       2        30.0       -0.006     850.00        0.040000           64.000000     1.000000     0.048255
    3       2        40.0        0.001     340.00        0.040000           64.000000     1.000000     0.070513
    4       2        30.0       -0.006     850.00        0.040000           64.000000     1.000000     0.048255
    5       2        40.0        0.001     340.00        0.040000           64.000000     1.000000     0.070513
    6       2        30.0       -0.006     850.00        0.040000           64.000000     1.000000     0.048255
    7       2        40.0        0.001     340.00        0.040000           64.000000     1.000000     0.070513
    8       2        30.0       -0.006     850.00        0.040000           64.000000     1.000000     0.048255
    9       9        29.2        0.001     300.00        0.019000           64.000000     1.000000     1.192182
   10       4        35.0        0.000     300.00        0.019000           64.000000     1.000000     0.158776
   11       2        40.0        0.000     300.00        0.019000           64.000000     1.000000     0.090729
   12       4        35.0        0.000     300.00        0.019000           64.000000     1.000000     0.158776
   13       4        35.0        0.000     300.00        0.019000           64.000000     1.000000     0.158776
   14       2        40.0        0.000     300.00        0.019000           64.000000     1.000000     0.090729
   15       2        40.0        0.000     300.00        0.019000           64.000000     1.000000     0.090729
   16       4        35.0        0.000     300.00        0.019000           64.000000     1.000000     0.158776
   17       6        33.3       -0.070     300.00        0.019000           64.000000     1.000000     0.251327
   18       6        33.3       -0.071     300.00        0.019000           64.000000     1.000000     0.251327
   19       6        33.3       -0.072     300.00        0.019000           64.000000     1.000000     0.251327
   20       6        33.3       -0.071     300.00        0.019000           64.000000     1.000000     0.251327
   21       5        30.0       -0.096     300.00        0.019000           64.000000     1.000000     0.188496
   22       5        30.0       -0.096     300.00        0.019000           64.000000     1.000000     0.188496
   23       7        30.3       -0.155     300.00        0.019000           64.000000     1.000000     0.266407


MEASURINGPOINTS: Average Values
-------------------------------
 Mp. Pipe Location   Diameter  Pressure  Temp. Ms.Temp.  Velo.   Massflow   Massflow To.Ent.f.  To.Ent.f.  Mach. Wtemp.  Converg.
 nr.  nr.     [mm]       [mm]     [bar]    [K]      [K]  [m/s]      [g/s]  [g/cycle]    [kJ/s]  [kJ/cyc.]    [-]    [K]       [-]
  1   1    10.0000    33.5000    0.9754  297.5    283.6   29.9    27.9467     0.6097    -0.102    -0.0022   0.09  340.0 0.793E-07
  2  19    10.0000    40.0000    1.2208 1070.2   1292.6   62.9    29.8834     0.6520    37.148     0.8105   0.09  300.0 0.317E-06
  3   3    10.0000    33.5000    0.9488  295.8    285.8   28.3    26.2150     0.5720    -0.027    -0.0006   0.08  340.0 0.510E-07
  4  17    10.0000    40.0000    1.2190 1079.5   1293.1   60.7    28.0177     0.6113    34.754     0.7583   0.09  300.0 0.176E-07
  5   5    10.0000    33.5000    0.9523  294.1    281.8   30.7    27.2273     0.5940    -0.182    -0.0040   0.09  340.0 0.160E-07
  6  18    10.0000    40.0000    1.2191 1073.6   1291.6   62.6    29.1056     0.6350    36.137     0.7884   0.09  300.0 0.918E-06
  7   7    10.0000    33.5000    0.9531  294.2    287.0   28.8    26.6703     0.5819    -0.087    -0.0019   0.08  340.0 0.260E-06
  8  20    10.0000    40.0000    1.2209 1076.8   1291.5   61.3    28.5107     0.6221    35.333     0.7709   0.09  300.0 0.222E-06

SYSTEMBOUNDARIES
Attachments
-----------
 Type                 Nr.   Pipe       Mass flow
                             Nr.       [g/cycle]
 SYSTEMBOUNDARY        1      9          2.3569
 SYSTEMBOUNDARY        2     23          2.5205

CYLINDERS: Average Values
-------------------------
                               Total
                              Engine         Cyl.   1       Cyl.   2       Cyl.   3       Cyl.   4
Firing TDC [deg]                                  0.00         540.00         180.00         360.00
Bore [mm]                                        86.00          86.00          86.00          86.00
Stroke [mm]                                      86.00          86.00          86.00          86.00
Conrodl. [mm]                                   143.50         143.50         143.50         143.50
Piston pin offset [mm]                            0.00           0.00           0.00           0.00
Swept Vol. [l]                   1.9982         0.4996         0.4996         0.4996         0.4996
Compression ratio [-]                            10.50          10.50          10.50          10.50
Dyn. Comp. ratio [-]                              7.98           8.01           7.97           7.98

Combustion Data:
----------------
Combustion Char.                               2Z-Vibe        2Z-Vibe        2Z-Vibe        2Z-Vibe     
Comb.start [deg]                                -10.00         -10.00         -10.00         -10.00
Comb.dur.1 [deg]                                 50.00          50.00          50.00          50.00
Peak Fir.Pres. [bar]              67.88          70.24          65.87          68.44          66.95
at Crankangle [deg]               15.17          15.18          15.18          15.15          15.16
Peak Pres.Rise[bar/deg]            2.89           2.99           2.80           2.90           2.85
at Crankangle [deg]                2.72           2.72           2.72           2.71           2.72
Peak Fir. Temp. [K]             2607.09        2610.47        2604.30        2608.89        2604.71
at Crankangle [deg]               24.42          24.45          24.45          24.38          24.40
Peak T_burned [K]               2759.60        2763.43        2756.44        2761.32        2757.19
at Crankangle [deg]               11.67          11.68          11.68          11.66          11.67
Res. Gascompr. [bar]               1.19           1.21           1.19           1.18           1.19
at Crankangle [deg]              301.94         301.33         301.62         302.61         302.20
Evaporation Energy [kJ]         -0.0478        -0.0124        -0.0116        -0.0120        -0.0118
Required O.N. [-]                 86.39          86.39          83.54          85.43          83.79
Knock Intensity [-]               -1.00           0.00           0.00           0.00           0.00

Emissions (Classic Species Transport):
--------------------------------------
NOx: Calculated based on MTZ 34 1973 (12).
CO:  Calculated based on SAE 2002-01-0006.
HC:  Calculated based on SAE 2002-01-0006.
NOX   [g/kWh]                 10.552291      10.701976      10.407792      10.679758      10.406435
NOX   [g/h]                 1165.353101     307.405624     277.900538     296.272461     283.774478
NOX   [ppm]                     2707.54        2760.98        2662.08        2731.90        2671.32
CO    [g/kWh]                  0.916745       0.900281       0.922587       0.928472       0.916435
CO    [g/h]                  101.241625      25.859849      24.634182      25.757213      24.990380
CO    [ppm]                      251.98         248.81         252.79         254.43         252.01
HC    [g/kWh]                  0.442507       0.430697       0.453855       0.439889       0.446498
HC    [g/h]                   48.868683      12.371413      12.118482      12.203187      12.175602
HC    [ppm]                       81.12          79.38          82.94          80.39          81.88

Performance:
------------
IMEP [bar]                      14.0725        14.5596        13.6760        14.1304        13.9241
Rel. to Ave. [-]                                1.0346         0.9718         1.0041         0.9895
IMEP Exh. [bar]                 -1.2213        -1.2461        -1.2053        -1.2193        -1.2146
IMEP Int. [bar]                  0.7941         0.8037         0.8152         0.7411         0.8165
IMEP Gasex. [bar]               -0.4272        -0.4423        -0.3901        -0.4782        -0.3982
IMEP HP [bar]                   14.4997        15.0019        14.0662        14.6086        14.3222
FMEP [bar]                       2.0143         2.0143         2.0143         2.0143         2.0143
BMEP [bar]                      12.0582        12.5453        11.6618        12.1161        11.9098
AMEP;SMEP [bar]                  0.0000         0.0000         0.0000         0.0000         0.0000
ISFC [g/kWh]                   208.1368       208.1637       207.7928       208.8977       207.6743
Rel. to Ave. [-]                                1.0001         0.9983         1.0037         0.9978
ISFC (tr.f.) [g/kWh]           208.1368       208.1637       207.7928       208.8977       207.6743
BSFC [g/kWh]                   242.9052       241.5867       243.6839       243.6266       242.7979
Indicated Eff. [-]               0.3976         0.3976         0.3983         0.3962         0.3985
Iso vol. comb. Eff [-]           0.9561         0.9561         0.9561         0.9561         0.9561
Polytropic Coeff. [-]                           1.2897         1.2905         1.2896         1.2907

Fuel Mass Balance:
------------------
Inj. Fuelmass [g]              0.162576       0.042056       0.039434       0.040960       0.040126
Asp.Trap. Fuelmass [g]         0.000003       0.000000       0.000001       0.000001       0.000001
Fuelmassfl.(A+I) [g/s]         7.451525       1.927606       1.807404       1.877380       1.839135
Fuelmass tot.trap. [g]         0.162579       0.042057       0.039434       0.040961       0.040127
Trapped Fuelm.fl.[g/s]         7.451525       1.927606       1.807404       1.877380       1.839135
Trapp. Eff. Fuel [-]             1.0000         1.0000         1.0000         1.0000         1.0000

Energy Balance Cylinder:
------------------------
Fuel Energy [kJ]                7.07329        1.82972        1.71566        1.78211        1.74580
Released Energy [kJ]            6.85994        1.77462        1.66398        1.72826        1.69308
-> Brake Power     [%]           35.124         35.315         35.011         35.022         35.141
-> Loss: Friction  [%]            5.867          5.670          6.047          5.822          5.943
-> Loss: Piston    [%]            3.449          3.429          3.469          3.454          3.446
-> Loss: Head      [%]            4.107          4.084          4.128          4.117          4.101
-> Loss: Liner     [%]            4.447          4.424          4.470          4.451          4.445
-> Loss: Int. Port [%]           -0.022         -0.021         -0.021         -0.024         -0.022
-> Loss: Exh. Port [%]            0.348          0.342          0.354          0.347          0.350
-> Loss: Exh. Gas  [%]           47.150         47.214         47.037         47.268         47.071
Eff. Rel. Energy [kJ]           6.84116        1.76978        1.65940        1.72353        1.68846
Gross Rel. Energy [kJ]          6.85994        1.77462        1.66398        1.72826        1.69308
Eff.Gross Rel.Ener.[kJ]         6.84116        1.76978        1.65940        1.72353        1.68846
Energy Balance [-]               0.9988         0.9989         0.9989         0.9988         0.9988
Eff. Energy Balance [-]          0.9961         0.9962         0.9961         0.9961         0.9961

Blowby:
-------
Blowbymass [g]                 0.000000       0.000000       0.000000       0.000000       0.000000
Blowbymassfl. [g/s]            0.000000       0.000000       0.000000       0.000000       0.000000
Blowby Heat Flow [kJ]          0.000000       0.000000       0.000000       0.000000       0.000000

Reference Values at Start of High Pressure:
-------------------------------------------
Pressure at SHP[bar]             1.6474         1.7062         1.5940         1.6706         1.6188
Temperature [K]                  399.69         400.53         399.22         401.56         397.44
Air Massfl.  [g/s]           108.057765      27.953410      26.209149      27.225376      26.669830
Fuel Massfl. [g/s]             7.451525       1.927606       1.807404       1.877380       1.839135
Trapp. Eff. Air [-]              0.9999         0.9999         0.9999         0.9998         0.9999
Trapp. Eff.Fuel [-]              1.0000         1.0000         1.0000         1.0000         1.0000
A/F-Ratio (Cmb.) [-]              14.57          14.57          14.57          14.57          14.57
Excess Air Ratio [-]             1.0051         1.0051         1.0051         1.0050         1.0051

Reference Values at Start Of Combustion:
----------------------------------------
Pressure [bar]                  22.4565        23.3232        21.6743        22.7652        22.0633
Temperature [K]                  735.90         737.47         734.99         738.68         732.44

Residual Gas:
-------------
Res.gas content [-]              0.0261         0.0248         0.0274         0.0258         0.0263
External EGR [-]                 0.0000        -0.0000        -0.0000         0.0000         0.0000
Internal EGR [-]                 0.0261         0.0248         0.0274         0.0258         0.0263
Com.Prod.Mass. at EO [g]       2.581610       0.667037       0.627012       0.650265       0.637296
Res.gas mass at SHP [g]        0.063857       0.015700       0.016314       0.015955       0.015888
Res.gas aspirated IN [g]       0.000000      -0.000000      -0.000000       0.000000       0.000000
Res.gas from intake [g]        0.000000       0.000000       0.000000       0.000000       0.000000
Rel. to Total [-]                0.0000         0.0000         0.0000         0.0000         0.0000
Res.gas flow EX [g]            2.517807       0.651350       0.610724       0.634316       0.621416
Res.gas from exhaust [g]       0.008419       0.002038       0.002295       0.002146       0.001940
Rel. to Total [-]                0.1318         0.1298         0.1407         0.1345         0.1221

Gas Exchange:
-------------
Volumetric Eff. [-]              1.0093         1.0444         0.9793         1.0172         0.9965
Rel. to Ave. [-]                                1.0347         0.9702         1.0078         0.9873
Total Mass at SHP[g]             2.4506         0.6331         0.5952         0.6173         0.6050
Mass Delivered [g]              2.35762        0.60989        0.57184        0.59401        0.58189
Mass Delivered [g/s]          108.05777       27.95340       26.20914       27.22539       26.66984
Delivery Ratio [-]               1.0094         1.0445         0.9793         1.0173         0.9966
Rel. to Ave. [-]                                1.0348         0.9702         1.0078         0.9872
Av.Airmass at SHP[g]             2.3574         0.6098         0.5718         0.5939         0.5818
Air Delivered [g]               2.35762        0.60989        0.57184        0.59401        0.58189
Air Delivered [g/s]           108.05776       27.95341       26.20915       27.22538       26.66983
Airdeliveryratio [-]             1.0094         1.0445         0.9793         1.0173         0.9966
Rel. to Ave. [-]                                1.0348         0.9702         1.0078         0.9872
Airmass Trapped [g]             2.35735        0.60981        0.57179        0.59391        0.58183
Airmass Trapped [g/s]         108.04524       27.94960       26.20716       27.22106       26.66742
Trapp. Eff. Air [-]              0.9999         0.9999         0.9999         0.9998         0.9999
Rel. to Ave. [-]                                1.0000         1.0000         1.0000         1.0000
Airpurity [-]                    0.9620         0.9632         0.9607         0.9621         0.9617
Dyn. Swirl [-]                   0.0000         0.0000         0.0000         0.0000         0.0000
Dyn. Tumble [-]                  0.0000         0.0000         0.0000         0.0000         0.0000

Wall Heatlosses:
----------------
Piston [kJ]                     -0.2366        -0.0608        -0.0577        -0.0597        -0.0583
Piston Temperature [K]                          555.00         555.00         555.00         555.00
Cylinderhead [kJ]              -0.28175       -0.07248       -0.06869       -0.07115       -0.06943
Head Temperature [K]                            625.00         625.00         625.00         625.00
Cylinderliner [kJ]             -0.30506       -0.07850       -0.07438       -0.07692       -0.07526
LinerTDC Temperature [K]                        453.00         453.00         453.00         453.00
LinerBDC Temperature [K]                        447.00         447.00         447.00         447.00
Sum of Wallheat [kJ]           -0.82341       -0.21182       -0.20079       -0.20776       -0.20303
Wall Heatlosses in High Pressure Phase:
Piston HP [kJ]                 -0.20257       -0.05214       -0.04942       -0.05101       -0.05000
Cylinderhead HP [kJ]           -0.24785       -0.06380       -0.06046       -0.06242       -0.06118
Cylinderliner HP [kJ]          -0.15367       -0.03954       -0.03761       -0.03860       -0.03792
Sum of Wallheat HP [kJ]        -0.60409       -0.15547       -0.14749       -0.15203       -0.14910
Wall Heatlosses Related to Heatinput:
Piston [-]                      -0.0335        -0.0333        -0.0336        -0.0335        -0.0334
Cylinderhead [-]                -0.0398        -0.0396        -0.0400        -0.0399        -0.0398
Cylinderliner [-]               -0.0431        -0.0429        -0.0434        -0.0432        -0.0431
Sum of Wallheat [-]             -0.1164        -0.1158        -0.1171        -0.1166        -0.1163
M. Eff. HTC [W/m2/K]             558.24         572.99         548.26         556.89         554.81
M. Eff. Temp. [K]               1387.17        1389.02        1381.83        1396.84        1380.99

Reference Values at EO:
-----------------------
Pressure [bar]                     6.63           6.86           6.40           6.70           6.54
Temperature [K]                 1749.19        1752.05        1745.69        1751.51        1747.51
A/F-Ratio [-]                     14.50          14.50          14.50          14.50          14.50
Com.Prod.Conc. [-]              0.99918        0.99922        0.99921        0.99914        0.99915
Fuel Concentr. [-]             0.000055       0.000053       0.000053       0.000058       0.000057

Average Values of Pipeattachements:
-----------------------------------
 Attached Pipe                                       1              3              5              7
Vlv/Prt.Op.Clr.0mm[deg]                         340.00         340.00         340.00         340.00
Vlv/Prt.Op.Eff.0mm[deg]                         340.00         340.00         340.00         340.00
Vlv/Prt.Op.Eff.1mm[deg]                         362.50         362.50         362.50         362.50
Vlv/Prt.Op.Udef.mm[deg]                         340.00         340.00         340.00         340.00
Vlv/Prt.Cl.Clr.0mm[deg]                         610.00         610.00         610.00         610.00
Vlv/Prt.Cl.Eff.0mm[deg]                         610.00         610.00         610.00         610.00
Vlv/Prt.Cl.Eff.1mm[deg]                         577.53         577.52         577.52         577.52
Vlv/Prt.Cl.Udef.mm[deg]                         610.00         610.00         610.00         610.00
Cam Phasing [deg]                                 0.00           0.00           0.00           0.00
Massflow [g/cycle]                            0.609892       0.571836       0.594008       0.581887
Wallheat [kJ/cycle]                           0.000381       0.000356       0.000410       0.000379
rel.to Heatinp.[-]                              0.0002         0.0002         0.0002         0.0002
 Attached Pipe                                       2              4              6              8
Vlv/Prt.Op.Clr.0mm[deg]                         130.00         130.00         130.00         130.00
Vlv/Prt.Op.Eff.0mm[deg]                         130.00         130.00         130.00         130.00
Vlv/Prt.Op.Eff.1mm[deg]                         150.84         150.84         150.84         150.84
Vlv/Prt.Op.Udef.mm[deg]                         130.00         130.00         130.00         130.00
Vlv/Prt.Cl.Clr.0mm[deg]                         390.00         390.00         390.00         390.00
Vlv/Prt.Cl.Eff.0mm[deg]                         390.00         390.00         390.00         390.00
Vlv/Prt.Cl.Eff.1mm[deg]                         356.00         356.00         356.00         356.00
Vlv/Prt.Cl.Udef.mm[deg]                         390.00         390.00         390.00         390.00
Cam Phasing [deg]                                 0.00           0.00           0.00           0.00
Massflow [g/cycle]                            0.651958       0.611268       0.634962       0.622012
Wallheat [kJ/cycle]                          -0.006076      -0.005894      -0.005992      -0.005930
rel.to Heatinp.[-]                             -0.0033        -0.0034        -0.0034        -0.0034

FLOWRESTRICTIONS: Average Values
--------------------------------
 Flr. Att.Pi.  Massflow  Att.Pi.  Massflow
  nr.  number [g/cycle]   number [g/cycle]
    1       2    0.6520       19    0.6521
    2       1    0.6099       10    0.6098
    3       4    0.6113       17    0.6114
    4       3    0.5718       12    0.5718
    5       6    0.6350       18    0.6351
    6       5    0.5940       13    0.5940
    7       8    0.6220       20    0.6221
    8       7    0.5819       16    0.5818

JUNCTIONS: Average Values
-------------------------
Junction   1: Attached pipe   9:     -2.3569 g/cycle
              Attached pipe  10:     -0.6098 g/cycle
              Attached pipe  11:     -1.7469 g/cycle
Junction   2: Attached pipe  11:     -1.7469 g/cycle
              Attached pipe  12:     -0.5718 g/cycle
              Attached pipe  14:     -1.1752 g/cycle
Junction   3: Attached pipe  13:     -0.5940 g/cycle
              Attached pipe  14:     -1.1752 g/cycle
              Attached pipe  15:     -0.5812 g/cycle
Junction   4: Attached pipe  15:     -0.5812 g/cycle
              Attached pipe  16:     -0.5818 g/cycle
Junction   5: Attached pipe  17:     -0.6114 g/cycle
              Attached pipe  18:     -0.6351 g/cycle
              Attached pipe  22:     -1.2464 g/cycle
Junction   6: Attached pipe  19:     -0.6521 g/cycle
              Attached pipe  20:     -0.6221 g/cycle
              Attached pipe  21:     -1.2740 g/cycle
Junction   7: Attached pipe  21:     -1.2740 g/cycle
              Attached pipe  22:     -1.2464 g/cycle
              Attached pipe  23:     -2.5205 g/cycle

OVERALL ENGINE PERFORMANCE:
===========================

Indicated Torque          :    223.77 Nm                    Indicated Specific Torque :    111.99 Nm/l
Indicated Power           :    128.88 kW,       175.23 PS   Indicated Specific Power  :     64.50 kW/l,      87.69 PS/l
Friction Torque           :     32.03 Nm                    Friction Power            :     18.45 kW
Effective Torque          :    191.74 Nm                    Effective Specific Torque :     95.96 Nm/l
Effective Power           :    110.44 kW,       150.15 PS   Effective Specific Power  :     55.27 kW/l,      75.14 PS/l

Required time for reading the inputfile and initialisation:       0.08 min
Required time for the calculation: .........................      0.36 min
Required time for writing the outputfile: ..................      0.01 min
Required total time: .......................................      0.44 min
Required total CPU-time: ...................................     10.39 sec
