 --------------------------------
 AVL - B O O S T
 Version:        v2022.1.0.0.0
 Build:          Apr 27 2022 22:44:48
 Git Build Hash: 7670062eda46b95e13935a621f250d93513addf7
 System:         x86_64-unknown-winnt_i19v19
 --------------------------------

LICENSE
-------
 sys_1DCFD_solver 2022.0@ License will expire in 218 days

PROJECT
-------
 Preprocessor Version :  2022.1
 Calculation date     : 14.10.2025
 File     : single500_GDi.bst
 Case Set : "Case Set 1"
 Case     : "Case 2"
 
 Project ID: "4-Cylinder"
 Run ID:     "WOT"
 Model date: "7.3.2000"

ELEMENTS
--------
 Element Name        Number

 PIPE                  23
 SYSTEMBOUNDARY         2
 CYLINDER               4
 RESTRICTION            8
 MEASURINGPOINT         8
 JUNCTION               7
 ENGINE                 1
 PIPE_END              46
 ALL_PIPES             23
 ALL_BOUNDARIES         2
 RESTRICTIONS           8
 ALL_PIDS               1
 PIPE_VAR_WALL_TEMP    23

GLOBAL DATA
-----------
  Engine Speed :         6500.0  rpm
  Calculationmode:        BOOST  Single
  Cycle Duration:        720.00  degrees
  Max. calc. period:   14400.00  degrees
  Cycles calculated:         20  cycles
  Calc. time steps:     1.66894  degrees (max)
                        0.96914  degrees
                        0.02485  ms
                        0.96914  degrees (short pipe)
                        0.02485  ms (short pipe)
  Traces results step:  5.00000  degrees
  User concentrations:        0
  Ref. pressure:      100000.00  Pa
  Ref. temperature:     298.000  K
  Gas properties:      Variable
  Gasproperties File:     GASOLINE.BGP
     bgp_build_version:   v2013.0.0.0.0
     bgp_build_host:      boosthost
     bgp_build_user:      boost
     bgp_build_date:      2012.03.23
     bgp_build_time:      08:00:00
  Lower calorific:  0.43500E+08  J/kg
  Stoic. A/F-ratio:      14.500

  Warnings:                   0
  Convergence errors:       197

PIPES
-----

 Total number of pipe cells:     89

 Pipe   Cells   Cell size       W.Heat     Wall T    Fric. coeff.   Lam. Fric. Coeff.  Heat Factor       Volume
  nr.                [mm]         [kJ]        [K]             [-]                 [-]          [-]        [dm3]
    1       2        40.0        0.001     340.00        0.040000           64.000000     1.000000     0.070513
    2       2        30.0       -0.007     850.00        0.040000           64.000000     1.000000     0.048255
    3       2        40.0        0.001     340.00        0.040000           64.000000     1.000000     0.070513
    4       2        30.0       -0.006     850.00        0.040000           64.000000     1.000000     0.048255
    5       2        40.0        0.001     340.00        0.040000           64.000000     1.000000     0.070513
    6       2        30.0       -0.006     850.00        0.040000           64.000000     1.000000     0.048255
    7       2        40.0        0.001     340.00        0.040000           64.000000     1.000000     0.070513
    8       2        30.0       -0.006     850.00        0.040000           64.000000     1.000000     0.048255
    9       3        30.3        0.001     300.00        0.019000           64.000000     1.000000     0.092423
   10       3        36.7        0.000     300.00        0.019000           64.000000     1.000000     0.111966
   11       2        40.0        0.001     300.00        0.019000           64.000000     1.000000     0.081430
   12       3        36.7        0.000     300.00        0.019000           64.000000     1.000000     0.111966
   13       3        36.7        0.000     300.00        0.019000           64.000000     1.000000     0.111966
   14       2        40.0        0.000     300.00        0.019000           64.000000     1.000000     0.081430
   15       2        40.0        0.000     300.00        0.019000           64.000000     1.000000     0.081430
   16       3        36.7        0.000     300.00        0.019000           64.000000     1.000000     0.111966
   17      10        30.0       -0.102     300.00        0.019000           64.000000     1.000000     0.376991
   18      10        30.0       -0.099     300.00        0.019000           64.000000     1.000000     0.376991
   19      10        30.0       -0.103     300.00        0.019000           64.000000     1.000000     0.376991
   20      10        30.0       -0.101     300.00        0.019000           64.000000     1.000000     0.376991
   21       1        50.0       -0.030     300.00        0.019000           64.000000     1.000000     0.062832
   22       1        50.0       -0.030     300.00        0.019000           64.000000     1.000000     0.062832
   23      10        31.2       -0.231     300.00        0.019000           64.000000     1.000000     0.392071


MEASURINGPOINTS: Average Values
-------------------------------
 Mp. Pipe Location   Diameter  Pressure  Temp. Ms.Temp.  Velo.   Massflow   Massflow To.Ent.f.  To.Ent.f.  Mach. Wtemp.  Converg.
 nr.  nr.     [mm]       [mm]     [bar]    [K]      [K]  [m/s]      [g/s]  [g/cycle]    [kJ/s]  [kJ/cyc.]    [-]    [K]       [-]
  1   1    10.0000    33.5000    0.9001  289.4    280.0   37.8    33.2829     0.6145    -0.104    -0.0019   0.11  340.0 0.391E-08
  2  19    10.0000    40.0000    1.2138 1093.1   1316.1   74.2    35.5799     0.6569    45.448     0.8390   0.11  300.0 0.233E-07
  3   3    10.0000    33.5000    0.8898  290.1    281.0   36.9    31.7396     0.5860    -0.024    -0.0004   0.11  340.0 0.516E-08
  4  17    10.0000    40.0000    1.2121 1099.2   1316.8   72.4    33.9264     0.6263    43.297     0.7993   0.11  300.0 0.109E-06
  5   5    10.0000    33.5000    0.8872  290.9    276.2   37.4    30.4131     0.5615    -0.240    -0.0044   0.11  340.0 0.998E-08
  6  18    10.0000    40.0000    1.2113 1104.4   1314.7   70.9    32.5087     0.6002    41.322     0.7629   0.10  300.0 0.143E-06
  7   7    10.0000    33.5000    0.8887  290.7    283.0   36.7    31.6355     0.5840    -0.068    -0.0013   0.11  340.0 0.598E-08
  8  20    10.0000    40.0000    1.2126 1099.1   1316.1   72.2    33.8136     0.6243    43.115     0.7960   0.11  300.0 0.461E-07

SYSTEMBOUNDARIES
Attachments
-----------
 Type                 Nr.   Pipe       Mass flow
                             Nr.       [g/cycle]
 SYSTEMBOUNDARY        1      9          2.3449
 SYSTEMBOUNDARY        2     23          2.5084

CYLINDERS: Average Values
-------------------------
                               Total
                              Engine         Cyl.   1       Cyl.   2       Cyl.   3       Cyl.   4
Firing TDC [deg]                                  0.00         540.00         180.00         360.00
Bore [mm]                                        86.00          86.00          86.00          86.00
Stroke [mm]                                      86.00          86.00          86.00          86.00
Conrodl. [mm]                                   143.50         143.50         143.50         143.50
Piston pin offset [mm]                            0.00           0.00           0.00           0.00
Swept Vol. [l]                   1.9982         0.4996         0.4996         0.4996         0.4996
Compression ratio [-]                            10.50          10.50          10.50          10.50
Dyn. Comp. ratio [-]                              8.01           8.00           8.01           7.95

Combustion Data:
----------------
Combustion Char.                               2Z-Vibe        2Z-Vibe        2Z-Vibe        2Z-Vibe     
Comb.start [deg]                                -10.00         -10.00         -10.00         -10.00
Comb.dur.1 [deg]                                 50.00          50.00          50.00          50.00
Peak Fir.Pres. [bar]              67.74          71.03          67.76          64.71          67.48
at Crankangle [deg]               15.23          15.24          15.24          15.19          15.26
Peak Pres.Rise[bar/deg]            2.86           2.99           2.85           2.74           2.85
at Crankangle [deg]                2.37           2.37           2.37           2.37           2.38
Peak Fir. Temp. [K]             2622.05        2625.54        2623.84        2618.03        2620.79
at Crankangle [deg]               24.28          24.29          24.30          24.23          24.32
Peak T_burned [K]               2771.84        2776.01        2773.45        2767.32        2770.58
at Crankangle [deg]               11.99          11.99          11.99          11.96          12.00
Res. Gascompr. [bar]               1.19           1.21           1.19           1.16           1.21
at Crankangle [deg]              296.77         296.00         296.78         297.55         296.75
Evaporation Energy [kJ]         -0.0476        -0.0125        -0.0119        -0.0114        -0.0118
Required O.N. [-]                 84.67          84.67          82.99          80.08          82.34
Knock Intensity [-]               -1.00           0.00           0.00           0.00           0.00

Emissions (Classic Species Transport):
--------------------------------------
NOx: Calculated based on MTZ 34 1973 (12).
CO:  Calculated based on SAE 2002-01-0006.
HC:  Calculated based on SAE 2002-01-0006.
NOX   [g/kWh]                 11.158306      11.304603      11.262361      10.972265      11.075299
NOX   [g/h]                 1380.067907     369.935737     347.811857     321.005373     341.314940
NOX   [ppm]                     2725.38        2789.11        2749.90        2648.57        2707.60
CO    [g/kWh]                  1.215416       1.174456       1.227736       1.248298       1.215346
CO    [g/h]                  150.323537      38.433321      37.915768      36.520308      37.454139
CO    [ppm]                      318.01         310.41         321.13         322.79         318.29
HC    [g/kWh]                  0.439169       0.422187       0.438545       0.457385       0.440533
HC    [g/h]                   54.316765      13.815803      13.543450      13.381300      13.576212
HC    [ppm]                       76.63          74.42          76.50          78.88          76.94

Performance:
------------
IMEP [bar]                      13.7554        14.4221        13.7415        13.1404        13.7175
Rel. to Ave. [-]                                1.0485         0.9990         0.9553         0.9972
IMEP Exh. [bar]                 -1.3889        -1.4355        -1.3863        -1.3402        -1.3938
IMEP Int. [bar]                  0.6796         0.6981         0.6874         0.6324         0.7005
IMEP Gasex. [bar]               -0.7093        -0.7374        -0.6989        -0.7078        -0.6933
IMEP HP [bar]                   14.4647        15.1595        14.4404        13.8481        14.4108
FMEP [bar]                       2.3286         2.3286         2.3286         2.3286         2.3286
BMEP [bar]                      11.4268        12.0935        11.4129        10.8118        11.3889
AMEP;SMEP [bar]                  0.0000         0.0000         0.0000         0.0000         0.0000
ISFC [g/kWh]                   211.8363       211.7055       211.8771       212.2075       211.5774
Rel. to Ave. [-]                                0.9994         1.0002         1.0018         0.9988
ISFC (tr.f.) [g/kWh]           211.8363       211.7055       211.8771       212.2075       211.5774
BSFC [g/kWh]                   255.0047       252.4687       255.1062       257.9113       254.8364
Indicated Eff. [-]               0.3907         0.3909         0.3906         0.3900         0.3912
Iso vol. comb. Eff [-]           0.9557         0.9557         0.9557         0.9557         0.9557
Polytropic Coeff. [-]                           1.2887         1.2882         1.2901         1.2888

Fuel Mass Balance:
------------------
Inj. Fuelmass [g]              0.161736       0.042368       0.040401       0.038694       0.040273
Asp.Trap. Fuelmass [g]         0.000003       0.000001       0.000001       0.000001       0.000001
Fuelmassfl.(A+I) [g/s]         8.760881       2.294965       2.188434       2.095964       2.181518
Fuelmass tot.trap. [g]         0.161739       0.042369       0.040402       0.038695       0.040274
Trapped Fuelm.fl.[g/s]         8.760881       2.294965       2.188434       2.095964       2.181518
Trapp. Eff. Fuel [-]             1.0000         1.0000         1.0000         1.0000         1.0000

Energy Balance Cylinder:
------------------------
Fuel Energy [kJ]                7.03712        1.84341        1.75784        1.68358        1.75229
Released Energy [kJ]            6.82502        1.78785        1.70487        1.63279        1.69952
-> Brake Power     [%]           33.455         33.792         33.442         33.079         33.477
-> Loss: Friction  [%]            6.818          6.506          6.823          7.124          6.845
-> Loss: Piston    [%]            3.267          3.242          3.277          3.284          3.269
-> Loss: Head      [%]            3.790          3.762          3.802          3.808          3.791
-> Loss: Liner     [%]            4.464          4.429          4.480          4.481          4.467
-> Loss: Int. Port [%]           -0.020         -0.020         -0.019         -0.024         -0.017
-> Loss: Exh. Port [%]            0.333          0.325          0.333          0.340          0.334
-> Loss: Exh. Gas  [%]           48.381         48.446         48.330         48.414         48.331
Eff. Rel. Energy [kJ]           6.80332        1.78218        1.69946        1.62761        1.69407
Gross Rel. Energy [kJ]          6.82502        1.78785        1.70487        1.63279        1.69952
Eff.Gross Rel.Ener.[kJ]         6.80332        1.78218        1.69946        1.62761        1.69407
Energy Balance [-]               0.9987         0.9987         0.9987         0.9987         0.9987
Eff. Energy Balance [-]          0.9955         0.9955         0.9955         0.9955         0.9955

Blowby:
-------
Blowbymass [g]                 0.000000       0.000000       0.000000       0.000000       0.000000
Blowbymassfl. [g/s]            0.000000       0.000000       0.000000       0.000000       0.000000
Blowby Heat Flow [kJ]          0.000000       0.000000       0.000000       0.000000       0.000000

Reference Values at Start of High Pressure:
-------------------------------------------
Pressure at SHP[bar]             1.6682         1.7465         1.6752         1.5782         1.6730
Temperature [K]                  408.87         409.60         411.41         405.07         409.40
Air Massfl.  [g/s]           127.069268      33.283872      31.738049      30.413892      31.633455
Fuel Massfl. [g/s]             8.760881       2.294965       2.188434       2.095964       2.181518
Trapp. Eff. Air [-]              0.9997         0.9998         0.9998         0.9992         0.9999
Trapp. Eff.Fuel [-]              1.0000         1.0000         1.0000         1.0000         1.0000
A/F-Ratio (Cmb.) [-]              14.59          14.59          14.59          14.59          14.59
Excess Air Ratio [-]             1.0059         1.0059         1.0059         1.0060         1.0059

Reference Values at Start Of Combustion:
----------------------------------------
Pressure [bar]                  22.7228        23.8039        22.8864        21.4777        22.7234
Temperature [K]                  750.63         751.84         754.99         744.80         750.91

Residual Gas:
-------------
Res.gas content [-]              0.0231         0.0223         0.0233         0.0231         0.0238
External EGR [-]                 0.0000        -0.0000        -0.0000         0.0000         0.0000
Internal EGR [-]                 0.0231         0.0223         0.0233         0.0231         0.0238
Com.Prod.Mass. at EO [g]       2.560746       0.670261       0.639765       0.612631       0.638090
Res.gas mass at SHP [g]        0.056172       0.014175       0.014122       0.013449       0.014426
Res.gas aspirated IN [g]       0.000000      -0.000000      -0.000001       0.000000       0.000000
Res.gas from intake [g]        0.001285       0.000165       0.000340       0.000042       0.000737
Rel. to Total [-]                0.0229         0.0117         0.0241         0.0031         0.0511
Res.gas flow EX [g]            2.504605       0.656095       0.625647       0.599193       0.623669
Res.gas from exhaust [g]       0.001846       0.000438       0.000491       0.000420       0.000497
Rel. to Total [-]                0.0329         0.0309         0.0347         0.0312         0.0344

Gas Exchange:
-------------
Volumetric Eff. [-]              1.0041         1.0521         1.0033         0.9609         1.0001
Rel. to Ave. [-]                                1.0478         0.9992         0.9570         0.9960
Total Mass at SHP[g]             2.4305         0.6361         0.6072         0.5815         0.6057
Mass Delivered [g]              2.34589        0.61447        0.58593        0.56149        0.58400
Mass Delivered [g/s]          127.06927       33.28386       31.73801       30.41392       31.63348
Delivery Ratio [-]               1.0044         1.0524         1.0035         0.9616         1.0002
Rel. to Ave. [-]                                1.0477         0.9991         0.9574         0.9958
Av.Airmass at SHP[g]             2.3452         0.6143         0.5858         0.5611         0.5840
Air Delivered [g]               2.34589        0.61447        0.58593        0.56149        0.58400
Air Delivered [g/s]           127.06927       33.28387       31.73805       30.41389       31.63346
Airdeliveryratio [-]             1.0044         1.0524         1.0035         0.9616         1.0002
Rel. to Ave. [-]                                1.0477         0.9991         0.9574         0.9958
Airmass Trapped [g]             2.34518        0.61433        0.58582        0.56107        0.58396
Airmass Trapped [g/s]         127.03062       33.27630       31.73201       30.39106       31.63125
Trapp. Eff. Air [-]              0.9997         0.9998         0.9998         0.9992         0.9999
Rel. to Ave. [-]                                1.0001         1.0001         0.9996         1.0002
Airpurity [-]                    0.9649         0.9658         0.9648         0.9649         0.9641
Dyn. Swirl [-]                   0.0000         0.0000         0.0000         0.0000         0.0000
Dyn. Tumble [-]                  0.0000         0.0000         0.0000         0.0000         0.0000

Wall Heatlosses:
----------------
Piston [kJ]                     -0.2230        -0.0580        -0.0559        -0.0536        -0.0556
Piston Temperature [K]                          565.00         565.00         565.00         565.00
Cylinderhead [kJ]              -0.25869       -0.06726       -0.06481       -0.06218       -0.06443
Head Temperature [K]                            655.00         655.00         655.00         655.00
Cylinderliner [kJ]             -0.30464       -0.07918       -0.07637       -0.07317       -0.07592
LinerTDC Temperature [K]                        457.00         457.00         457.00         457.00
LinerBDC Temperature [K]                        453.00         453.00         453.00         453.00
Sum of Wallheat [kJ]           -0.78632       -0.20440       -0.19705       -0.18896       -0.19591
Wall Heatlosses in High Pressure Phase:
Piston HP [kJ]                 -0.18615       -0.04841       -0.04660       -0.04476       -0.04637
Cylinderhead HP [kJ]           -0.22349       -0.05813       -0.05596       -0.05373       -0.05567
Cylinderliner HP [kJ]          -0.14475       -0.03765       -0.03621       -0.03486       -0.03604
Sum of Wallheat HP [kJ]        -0.55439       -0.14419       -0.13877       -0.13335       -0.13808
Wall Heatlosses Related to Heatinput:
Piston [-]                      -0.0317        -0.0314        -0.0318        -0.0319        -0.0317
Cylinderhead [-]                -0.0368        -0.0365        -0.0369        -0.0369        -0.0368
Cylinderliner [-]               -0.0433        -0.0430        -0.0435        -0.0435        -0.0433
Sum of Wallheat [-]             -0.1118        -0.1109        -0.1121        -0.1123        -0.1118
M. Eff. HTC [W/m2/K]             620.75         642.80         621.62         598.09         620.49
M. Eff. Temp. [K]               1398.35        1401.63        1398.99        1396.81        1395.99

Reference Values at EO:
-----------------------
Pressure [bar]                     6.67           6.99           6.67           6.36           6.65
Temperature [K]                 1773.08        1775.58        1774.59        1769.62        1772.51
A/F-Ratio [-]                     14.50          14.50          14.50          14.50          14.50
Com.Prod.Conc. [-]              0.99910        0.99910        0.99911        0.99908        0.99911
Fuel Concentr. [-]             0.000061       0.000061       0.000060       0.000062       0.000060

Average Values of Pipeattachements:
-----------------------------------
 Attached Pipe                                       1              3              5              7
Vlv/Prt.Op.Clr.0mm[deg]                         340.00         340.00         340.00         340.00
Vlv/Prt.Op.Eff.0mm[deg]                         340.00         340.00         340.00         340.00
Vlv/Prt.Op.Eff.1mm[deg]                         362.50         362.50         362.50         362.50
Vlv/Prt.Op.Udef.mm[deg]                         340.00         340.00         340.00         340.00
Vlv/Prt.Cl.Clr.0mm[deg]                         610.00         610.00         610.00         610.00
Vlv/Prt.Cl.Eff.0mm[deg]                         610.00         610.00         610.00         610.00
Vlv/Prt.Cl.Eff.1mm[deg]                         577.52         577.52         577.52         577.53
Vlv/Prt.Cl.Udef.mm[deg]                         610.00         610.00         610.00         610.00
Cam Phasing [deg]                                 0.00           0.00           0.00           0.00
Massflow [g/cycle]                            0.614471       0.585932       0.561488       0.584003
Wallheat [kJ/cycle]                           0.000357       0.000318       0.000388       0.000290
rel.to Heatinp.[-]                              0.0002         0.0002         0.0002         0.0002
 Attached Pipe                                       2              4              6              8
Vlv/Prt.Op.Clr.0mm[deg]                         130.00         130.00         130.00         130.00
Vlv/Prt.Op.Eff.0mm[deg]                         130.00         130.00         130.00         130.00
Vlv/Prt.Op.Eff.1mm[deg]                         150.84         150.84         150.84         150.84
Vlv/Prt.Op.Udef.mm[deg]                         130.00         130.00         130.00         130.00
Vlv/Prt.Cl.Clr.0mm[deg]                         390.00         390.00         390.00         390.00
Vlv/Prt.Cl.Eff.0mm[deg]                         390.00         390.00         390.00         390.00
Vlv/Prt.Cl.Eff.1mm[deg]                         356.00         356.00         356.00         356.00
Vlv/Prt.Cl.Udef.mm[deg]                         390.00         390.00         390.00         390.00
Cam Phasing [deg]                                 0.00           0.00           0.00           0.00
Massflow [g/cycle]                            0.656843       0.626333       0.600182       0.624276
Wallheat [kJ/cycle]                          -0.005807      -0.005679      -0.005546      -0.005669
rel.to Heatinp.[-]                             -0.0032        -0.0032        -0.0033        -0.0032

FLOWRESTRICTIONS: Average Values
--------------------------------
 Flr. Att.Pi.  Massflow  Att.Pi.  Massflow
  nr.  number [g/cycle]   number [g/cycle]
    1       2    0.6568       19    0.6569
    2       1    0.6145       10    0.6145
    3       4    0.6263       17    0.6264
    4       3    0.5859       12    0.5859
    5       6    0.6002       18    0.6002
    6       5    0.5615       13    0.5614
    7       8    0.6243       20    0.6244
    8       7    0.5840       16    0.5839

JUNCTIONS: Average Values
-------------------------
Junction   1: Attached pipe   9:     -2.3449 g/cycle
              Attached pipe  10:     -0.6145 g/cycle
              Attached pipe  11:     -1.7305 g/cycle
Junction   2: Attached pipe  11:     -1.7305 g/cycle
              Attached pipe  12:     -0.5859 g/cycle
              Attached pipe  14:     -1.1449 g/cycle
Junction   3: Attached pipe  13:     -0.5614 g/cycle
              Attached pipe  14:     -1.1449 g/cycle
              Attached pipe  15:     -0.5836 g/cycle
Junction   4: Attached pipe  15:     -0.5836 g/cycle
              Attached pipe  16:     -0.5839 g/cycle
Junction   5: Attached pipe  17:     -0.6264 g/cycle
              Attached pipe  18:     -0.6002 g/cycle
              Attached pipe  22:     -1.2265 g/cycle
Junction   6: Attached pipe  19:     -0.6569 g/cycle
              Attached pipe  20:     -0.6244 g/cycle
              Attached pipe  21:     -1.2812 g/cycle
Junction   7: Attached pipe  21:     -1.2812 g/cycle
              Attached pipe  22:     -1.2265 g/cycle
              Attached pipe  23:     -2.5084 g/cycle

OVERALL ENGINE PERFORMANCE:
===========================

Indicated Torque          :    218.73 Nm                    Indicated Specific Torque :    109.46 Nm/l
Indicated Power           :    148.88 kW,       202.43 PS   Indicated Specific Power  :     74.51 kW/l,     101.30 PS/l
Friction Torque           :     37.03 Nm                    Friction Power            :     25.20 kW
Effective Torque          :    181.70 Nm                    Effective Specific Torque :     90.93 Nm/l
Effective Power           :    123.68 kW,       168.16 PS   Effective Specific Power  :     61.90 kW/l,      84.15 PS/l

Required time for reading the inputfile and initialisation:       0.08 min
Required time for the calculation: .........................      0.25 min
Required time for writing the outputfile: ..................      0.00 min
Required total time: .......................................      0.33 min
Required total CPU-time: ...................................      9.55 sec
