 --------------------------------
 AVL - B O O S T
 Version:        v2022.1.0.0.0
 Build:          Apr 27 2022 22:44:48
 Git Build Hash: 7670062eda46b95e13935a621f250d93513addf7
 System:         x86_64-unknown-winnt_i19v19
 --------------------------------

LICENSE
-------
 sys_1DCFD_solver 2022.0@ License will expire in 215 days

PROJECT
-------
 Preprocessor Version :  2022.1
 Calculation date     : 17.10.2025
 File     : single500_GDi.bst
 Case Set : "Case Set 1"
 Case     : "Case 2"
 
 Project ID: "4-Cylinder"
 Run ID:     "WOT"
 Model date: "7.3.2000"

ELEMENTS
--------
 Element Name        Number

 PIPE                   4
 SYSTEMBOUNDARY         2
 CYLINDER               1
 RESTRICTION            2
 MEASURINGPOINT         2
 ENGINE                 1
 PIPE_END               8
 ALL_PIPES              4
 ALL_BOUNDARIES         2
 RESTRICTIONS           2
 ALL_PIDS               1
 PIPE_VAR_WALL_TEMP     4

GLOBAL DATA
-----------
  Engine Speed :         6500.0  rpm
  Calculationmode:        BOOST  Single
  Cycle Duration:        720.00  degrees
  Max. calc. period:   14400.00  degrees
  Cycles calculated:         20  cycles
  Calc. time steps:     1.66894  degrees (max)
                        1.36167  degrees
                        0.03491  ms
  Traces results step:  5.00000  degrees
  User concentrations:        0
  Ref. pressure:      100000.00  Pa
  Ref. temperature:     298.000  K
  Gas properties:      Variable
  Gasproperties File:     GASOLINE.BGP
     bgp_build_version:   v2013.0.0.0.0
     bgp_build_host:      boosthost
     bgp_build_user:      boost
     bgp_build_date:      2012.03.23
     bgp_build_time:      08:00:00
  Lower calorific:  0.43500E+08  J/kg
  Stoic. A/F-ratio:      14.500

  Warnings:                   0
  Convergence errors:         0

PIPES
-----

 Total number of pipe cells:     22

 Pipe   Cells   Cell size       W.Heat     Wall T    Fric. coeff.   Lam. Fric. Coeff.  Heat Factor       Volume
  nr.                [mm]         [kJ]        [K]             [-]                 [-]          [-]        [dm3]
    1       2        40.0        0.001     340.00        0.040000           64.000000     1.000000     0.070513
    2       2        30.0       -0.008     850.00        0.040000           64.000000     1.000000     0.048255
    3       3        30.0        0.000     300.00        0.019000           64.000000     1.000000     0.079371
    4      15        31.3       -0.177     300.00        0.019000           64.000000     1.000000     0.377675


MEASURINGPOINTS: Average Values
-------------------------------
 Mp. Pipe Location   Diameter  Pressure  Temp. Ms.Temp.  Velo.   Massflow   Massflow To.Ent.f.  To.Ent.f.  Mach. Wtemp.  Converg.
 nr.  nr.     [mm]       [mm]     [bar]    [K]      [K]  [m/s]      [g/s]  [g/cycle]    [kJ/s]  [kJ/cyc.]    [-]    [K]       [-]
  1   1    10.0000    33.5000    0.9694  293.6    281.3   37.6    34.5146     0.6372    -0.159    -0.0029   0.11  340.0 0.545E-16
  2   4    10.0000    32.0000    1.2276 1050.8   1327.0   95.8    36.9029     0.6813    48.079     0.8876   0.14  300.0 0.790E-15

SYSTEMBOUNDARIES
Attachments
-----------
 Type                 Nr.   Pipe       Mass flow
                             Nr.       [g/cycle]
 SYSTEMBOUNDARY        1      3          0.6370
 SYSTEMBOUNDARY        2      4          0.6811

CYLINDERS: Average Values
-------------------------
                               Total
                              Engine         Cyl.   1
Firing TDC [deg]                                  0.00
Bore [mm]                                        86.00
Stroke [mm]                                      86.00
Conrodl. [mm]                                   143.50
Piston pin offset [mm]                            0.00
Swept Vol. [l]                   0.4996         0.4996
Compression ratio [-]                            10.50
Dyn. Comp. ratio [-]                              8.00

Combustion Data:
----------------
Combustion Char.                               2Z-Vibe     
Comb.start [deg]                                 -8.00
Comb.dur.1 [deg]                                 50.00
Peak Fir.Pres. [bar]              69.09          69.09
at Crankangle [deg]               16.23          16.23
Peak Pres.Rise[bar/deg]            2.85           2.85
at Crankangle [deg]                4.68           4.68
Peak Fir. Temp. [K]             2612.46        2612.46
at Crankangle [deg]               26.25          26.25
Peak T_burned [K]               2764.89        2764.89
at Crankangle [deg]               12.89          12.89
Res. Gascompr. [bar]               0.60           0.60
at Crankangle [deg]              360.00         360.00
Evaporation Energy [kJ]         -0.0129        -0.0129
Required O.N. [-]                 82.29          82.29

Emissions (Classic Species Transport):
--------------------------------------
NOx: Calculated based on MTZ 34 1973 (12).
CO:  Calculated based on SAE 2002-01-0006.
HC:  Calculated based on SAE 2002-01-0006.
NOX   [g/kWh]                 10.886965      10.886965
NOX   [g/h]                  360.391124     360.391124
NOX   [ppm]                     2621.90        2621.90
CO    [g/kWh]                  1.300859       1.300859
CO    [g/h]                   43.062316      43.062316
CO    [ppm]                      335.60         335.60
HC    [g/kWh]                  0.430505       0.430505
HC    [g/h]                   14.251004      14.251004
HC    [ppm]                       74.07          74.07

Performance:
------------
IMEP [bar]                      14.5620        14.5620
Rel. to Ave. [-]                                1.0000
IMEP Exh. [bar]                 -1.7829        -1.7829
IMEP Int. [bar]                  0.7380         0.7380
IMEP Gasex. [bar]               -1.0450        -1.0450
IMEP HP [bar]                   15.6070        15.6070
FMEP [bar]                       2.3286         2.3286
BMEP [bar]                      12.2335        12.2335
AMEP;SMEP [bar]                  0.0000         0.0000
ISFC [g/kWh]                   216.9946       216.9946
Rel. to Ave. [-]                                1.0000
ISFC (tr.f.) [g/kWh]           216.9892       216.9892
BSFC [g/kWh]                   258.2982       258.2982
Indicated Eff. [-]               0.3814         0.3814
Iso vol. comb. Eff [-]           0.9427         0.9427
Polytropic Coeff. [-]                           1.2935

Fuel Mass Balance:
------------------
Inj. Fuelmass [g]              0.043849       0.043849
Asp.Trap. Fuelmass [g]        -0.000001      -0.000001
Fuelmassfl.(A+I) [g/s]         2.375123       2.375123
Fuelmass tot.trap. [g]         0.043847       0.043847
Trapped Fuelm.fl.[g/s]         2.375065       2.375065
Trapp. Eff. Fuel [-]             1.0000         1.0000

Energy Balance Cylinder:
------------------------
Fuel Energy [kJ]                1.90823        1.90823
Released Energy [kJ]            1.85231        1.85231
-> Brake Power     [%]           32.993         32.993
-> Loss: Friction  [%]            6.280          6.280
-> Loss: Piston    [%]            3.083          3.083
-> Loss: Head      [%]            3.611          3.611
-> Loss: Liner     [%]            4.546          4.546
-> Loss: Int. Port [%]           -0.022         -0.022
-> Loss: Exh. Port [%]            0.333          0.333
-> Loss: Exh. Gas  [%]           49.603         49.603
Eff. Rel. Energy [kJ]           1.84140        1.84140
Gross Rel. Energy [kJ]          1.85231        1.85231
Eff.Gross Rel.Ener.[kJ]         1.84140        1.84140
Energy Balance [-]               0.9986         0.9986
Eff. Energy Balance [-]          0.9927         0.9927

Blowby:
-------
Blowbymass [g]                 0.000000       0.000000
Blowbymassfl. [g/s]            0.000000       0.000000
Blowby Heat Flow [kJ]          0.000000       0.000000

Reference Values at Start of High Pressure:
-------------------------------------------
Pressure at SHP[bar]             1.7430         1.7430
Temperature [K]                  399.77         399.77
Air Massfl.  [g/s]            34.512702      34.512702
Fuel Massfl. [g/s]             2.375123       2.375123
Trapp. Eff. Air [-]              0.9979         0.9979
Trapp. Eff.Fuel [-]              1.0000         1.0000
A/F-Ratio (Cmb.) [-]              14.67          14.67
Excess Air Ratio [-]             1.0115         1.0115

Reference Values at Start Of Combustion:
----------------------------------------
Pressure [bar]                  25.0414        25.0414
Temperature [K]                  743.85         743.85

Residual Gas:
-------------
Res.gas content [-]              0.0147         0.0147
External EGR [-]                -0.0000        -0.0000
Internal EGR [-]                 0.0147         0.0147
Com.Prod.Mass. at EO [g]       0.688693       0.688693
Res.gas mass at SHP [g]        0.009612       0.009612
Res.gas aspirated IN [g]      -0.000000      -0.000000
Res.gas from intake [g]        0.000000       0.000000
Rel. to Total [-]                0.0000         0.0000
Res.gas flow EX [g]            0.679138       0.679138
Res.gas from exhaust [g]       0.000022       0.000022
Rel. to Total [-]                0.0023         0.0023

Gas Exchange:
-------------
Volumetric Eff. [-]              1.0889         1.0889
Rel. to Ave. [-]                                1.0000
Total Mass at SHP[g]             0.6532         0.6532
Mass Delivered [g]              0.63716        0.63716
Mass Delivered [g/s]           34.51268       34.51268
Delivery Ratio [-]               1.0912         1.0912
Rel. to Ave. [-]                                1.0000
Av.Airmass at SHP[g]             0.6358         0.6358
Air Delivered [g]               0.63716        0.63716
Air Delivered [g/s]            34.51270       34.51270
Airdeliveryratio [-]             1.0912         1.0912
Rel. to Ave. [-]                                1.0000
Airmass Trapped [g]             0.63581        0.63581
Airmass Trapped [g/s]          34.43983       34.43983
Trapp. Eff. Air [-]              0.9979         0.9979
Rel. to Ave. [-]                                1.0000
Airpurity [-]                    0.9733         0.9733
Dyn. Swirl [-]                   0.0000         0.0000
Dyn. Tumble [-]                  0.0000         0.0000

Wall Heatlosses:
----------------
Piston [kJ]                     -0.0571        -0.0571
Piston Temperature [K]                          565.00
Cylinderhead [kJ]              -0.06688       -0.06688
Head Temperature [K]                            645.00
Cylinderliner [kJ]             -0.08421       -0.08421
LinerTDC Temperature [K]                        457.00
LinerBDC Temperature [K]                        453.00
Sum of Wallheat [kJ]           -0.20820       -0.20820
Wall Heatlosses in High Pressure Phase:
Piston HP [kJ]                 -0.04681       -0.04681
Cylinderhead HP [kJ]           -0.05657       -0.05657
Cylinderliner HP [kJ]          -0.03906       -0.03906
Sum of Wallheat HP [kJ]        -0.14244       -0.14244
Wall Heatlosses Related to Heatinput:
Piston [-]                      -0.0299        -0.0299
Cylinderhead [-]                -0.0351        -0.0351
Cylinderliner [-]               -0.0441        -0.0441
Sum of Wallheat [-]             -0.1092        -0.1092
M. Eff. HTC [W/m2/K]             657.83         657.83
M. Eff. Temp. [K]               1366.99        1366.99

Reference Values at EO:
-----------------------
Pressure [bar]                     7.21           7.21
Temperature [K]                 1792.12        1792.12
A/F-Ratio [-]                     14.50          14.50
Com.Prod.Conc. [-]              0.99926        0.99926
Fuel Concentr. [-]             0.000051       0.000051

Average Values of Pipeattachements:
-----------------------------------
 Attached Pipe                                       1
Vlv/Prt.Op.Clr.0mm[deg]                         340.00
Vlv/Prt.Op.Eff.0mm[deg]                         340.00
Vlv/Prt.Op.Eff.1mm[deg]                         362.50
Vlv/Prt.Op.Udef.mm[deg]                         340.00
Vlv/Prt.Cl.Clr.0mm[deg]                         610.00
Vlv/Prt.Cl.Eff.0mm[deg]                         610.00
Vlv/Prt.Cl.Eff.1mm[deg]                         577.52
Vlv/Prt.Cl.Udef.mm[deg]                         610.00
Cam Phasing [deg]                                 0.00
Massflow [g/cycle]                            0.637157
Wallheat [kJ/cycle]                           0.000412
rel.to Heatinp.[-]                              0.0002
 Attached Pipe                                       2
Vlv/Prt.Op.Clr.0mm[deg]                         130.00
Vlv/Prt.Op.Eff.0mm[deg]                         130.00
Vlv/Prt.Op.Eff.1mm[deg]                         150.84
Vlv/Prt.Op.Udef.mm[deg]                         130.00
Vlv/Prt.Cl.Clr.0mm[deg]                         390.00
Vlv/Prt.Cl.Eff.0mm[deg]                         390.00
Vlv/Prt.Cl.Eff.1mm[deg]                         356.00
Vlv/Prt.Cl.Udef.mm[deg]                         390.00
Cam Phasing [deg]                                 0.00
Massflow [g/cycle]                            0.681006
Wallheat [kJ/cycle]                          -0.006170
rel.to Heatinp.[-]                             -0.0032

FLOWRESTRICTIONS: Average Values
--------------------------------
 Flr. Att.Pi.  Massflow  Att.Pi.  Massflow
  nr.  number [g/cycle]   number [g/cycle]
    1       2    0.6810        4    0.6811
    2       1    0.6372        3    0.6370

OVERALL ENGINE PERFORMANCE:
===========================

Indicated Torque          :     57.89 Nm                    Indicated Specific Torque :    115.88 Nm/l
Indicated Power           :     39.40 kW,        53.57 PS   Indicated Specific Power  :     78.88 kW/l,     107.24 PS/l
Friction Torque           :      9.26 Nm                    Friction Power            :      6.30 kW
Effective Torque          :     48.63 Nm                    Effective Specific Torque :     97.35 Nm/l
Effective Power           :     33.10 kW,        45.01 PS   Effective Specific Power  :     66.26 kW/l,      90.09 PS/l

Required time for reading the inputfile and initialisation:       0.07 min
Required time for the calculation: .........................      0.02 min
Required time for writing the outputfile: ..................      0.00 min
Required total time: .......................................      0.09 min
Required total CPU-time: ...................................      1.02 sec
