 --------------------------------
 AVL - B O O S T
 Version:        v2022.1.0.0.0
 Build:          Apr 27 2022 22:44:48
 Git Build Hash: 7670062eda46b95e13935a621f250d93513addf7
 System:         x86_64-unknown-winnt_i19v19
 --------------------------------

LICENSE
-------
 sys_1DCFD_solver 2022.0@ License will expire in 217 days

PROJECT
-------
 Preprocessor Version :  2022.1
 Calculation date     : 15.10.2025
 File     : Nissan_vr38DETT_PFi_biturbo.bst
 Case Set : "Case Set 1"
 Case     : "Case 1500"
 
 Project ID: "4-Cylinder"
 Run ID:     "WOT"
 Model date: "7.3.2000"

ELEMENTS
--------
 Element Name        Number

 PIPE                  17
 SYSTEMBOUNDARY         2
 PLENUM                 1
 CYLINDER               3
 RESTRICTION            1
 FUELINJECTOR           3
 MEASURINGPOINT         1
 AIRCOOLER              1
 CATALYST               1
 TURBOCHARGER           1
 JUNCTION               2
 ENGINE                 1
 MICROPHONE             1
 PIPE_END              38
 ASSEMBLED              2
 ALL_PIPES             19
 ALL_PLENUMS            5
 ALL_BOUNDARIES         2
 ALL_CHARGERS           1
 RESTRICTIONS           4
 ALL_PIDS               1
 PIPE_VAR_WALL_TEMP    19

GLOBAL DATA
-----------
  Engine Speed :         1500.0  rpm
  Calculationmode:        BOOST  Single
  Cycle Duration:        720.00  degrees
  Max. calc. period:   14400.00  degrees
  Cycles calculated:         20  cycles
  Calc. time steps:     0.40192  degrees (max)
                        0.38499  degrees
                        0.04278  ms
  Traces results step:  5.00000  degrees
  User concentrations:        0
  Ref. pressure:      100000.00  Pa
  Ref. temperature:     298.000  K
  Gas properties:      Variable
  Gasproperties File:     GASOLINE.BGP
     bgp_build_version:   v2013.0.0.0.0
     bgp_build_host:      boosthost
     bgp_build_user:      boost
     bgp_build_date:      2012.03.23
     bgp_build_time:      08:00:00
  Lower calorific:  0.43500E+08  J/kg
  Stoic. A/F-ratio:      14.500

  Warnings:                   0
  Convergence errors:       127

PIPES
-----

 Total number of pipe cells:    134

 Pipe   Cells   Cell size       W.Heat     Wall T    Fric. coeff.   Lam. Fric. Coeff.  Heat Factor       Volume
  nr.                [mm]         [kJ]        [K]             [-]                 [-]          [-]        [dm3]
    1       2        30.0        0.000     340.00        0.040000           64.000000     1.000000     0.129885
    2       5        32.0       -0.006     850.00        0.040000           64.000000     1.000000     0.314159
    3       2        30.0        0.000     340.00        0.040000           64.000000     1.000000     0.129885
    4       5        32.0       -0.007     850.00        0.040000           64.000000     1.000000     0.314159
    5       2        30.0        0.000     340.00        0.040000           64.000000     1.000000     0.129885
    6       5        32.0       -0.007     850.00        0.040000           64.000000     1.000000     0.314159
    7      13        30.8       -0.001     300.00        0.019000           64.000000     1.000000     1.130973
    8      11        29.2       -0.000     300.00        0.019000           64.000000     1.000000     1.235353
    9       3        33.3       -0.030     300.00        0.019000           64.000000     1.000000     0.282743
   10       3        33.3       -0.046     300.00        0.019000           64.000000     1.000000     0.196350
   11       5        30.0       -0.056     300.00        0.019000           64.000000     1.000000     0.424115
   12      16        31.2       -0.006     300.00        0.019000           64.000000     1.000000     0.628319
   13       5        30.0       -0.000     300.00        0.019000           64.000000     1.000000     0.356374
   14       5        30.0       -0.000     300.00        0.019000           64.000000     1.000000     0.356374
   15       5        30.0       -0.000     300.00        0.019000           64.000000     1.000000     0.356374
   16      13        30.8       -0.130     300.00        0.019000           64.000000     1.000000     1.697167
   17      34        30.0       -0.495     300.00        0.019000           64.000000     1.000000     3.025379
   18      10        30.0       -0.020     303.15       77.965862      8468064.879264    63.721271     3.000000  COOLER_PIPE     1
   19      10        30.0        0.000     300.00       30.987618      1055179.905028     0.000000     3.000000  CATALYST_PIPE     1


MEASURINGPOINTS: Average Values
-------------------------------
 Mp. Pipe Location   Diameter  Pressure  Temp. Ms.Temp.  Velo.   Massflow   Massflow To.Ent.f.  To.Ent.f.  Mach. Wtemp.  Converg.
 nr.  nr.     [mm]       [mm]     [bar]    [K]      [K]  [m/s]      [g/s]  [g/cycle]    [kJ/s]  [kJ/cyc.]    [-]    [K]       [-]
  1   7    20.0000    60.0000    1.1965  307.1    306.9    4.2    16.2717     1.3017     0.144     0.0115   0.01  300.0 0.608E-05

SYSTEMBOUNDARIES
Attachments
-----------
 Type                 Nr.   Pipe       Mass flow
                             Nr.       [g/cycle]
 SYSTEMBOUNDARY        1      8          1.3024
 SYSTEMBOUNDARY        2     17          1.3988

PLENUMS: Average Values
-----------------------
                   Pl. Pressure   Temp.      Mass Wallheat
                   nr.    [bar]     [K]       [g]     [kJ]
 PLENUM             1    1.1965  306.02     2.724    0.000
                                          Attached pipe   7:      1.3016 g/cycle
                                          Attached pipe  13:      0.4321 g/cycle
                                          Attached pipe  14:      0.4353 g/cycle
                                          Attached pipe  15:      0.4357 g/cycle
 AIRCOOLER          1    1.1999  322.45     0.648    0.000
                                          Attached pipe  12:      1.3021 g/cycle
                                          Attached pipe  18:      1.3021 g/cycle
 AIRCOOLER          1    1.1967  307.16     0.678    0.000
                                          Attached pipe   7:      1.3014 g/cycle
                                          Attached pipe  18:      1.3016 g/cycle
 CATALYST           1    1.0133  969.44     0.055    0.000
                                          Attached pipe  16:      1.3944 g/cycle
                                          Attached pipe  19:      1.3943 g/cycle
 CATALYST           1    1.0035  962.40     0.055    0.000
                                          Attached pipe  17:      1.3943 g/cycle
                                          Attached pipe  19:      1.3941 g/cycle

PLENUMS
Attachments
-----------
 Type                 Nr.   Pipe       Mass flow
                             Nr.       [g/cycle]
 PLENUM                1      7          1.3016
 PLENUM                1     13          0.4321
 PLENUM                1     14          0.4353
 PLENUM                1     15          0.4357
 AIRCOOLER             1     12          1.3021
 AIRCOOLER             1     18          1.3021
 AIRCOOLER             1      7          1.3014
 AIRCOOLER             1     18          1.3016
 CATALYST              1     16          1.3944
 CATALYST              1     19          1.3943
 CATALYST              1     17          1.3943
 CATALYST              1     19          1.3941

TURBOCHARGERS: Average Values
-----------------------------
                  Compressor                           Turbine                              Efficiencies        Calculation
TCh.    Work    Press.rat.  Boostpres.     Work  Press.rat. Dis.coeff. Turb./tot. VTG-pos Comp. Turb. mech. total      mode
nr.      [kJ]      [-]       [bar]         [kJ]      [-]      [-]        [-]      [-]    [-]    [-]    [-]    [-]
  1     0.0304     1.2000     1.2000     0.0308     1.1065     0.2000     0.8914 1.000    0.700 0.875 0.980 0.600  Wastegateflow
  Attached pipe   8:      1.3021 g/cycle
  Attached pipe  12:      1.3021 g/cycle
  Attached pipe  16:      1.3947 g/cycle
  Attached pipe  11:      1.3947 g/cycle

CYLINDERS: Average Values
-------------------------
                               Total
                              Engine         Cyl.   1       Cyl.   2       Cyl.   3
Firing TDC [deg]                                  0.00         240.00         480.00
Bore [mm]                                        77.08          77.08          77.08
Stroke [mm]                                      71.37          71.37          71.37
Conrodl. [mm]                                   145.00         145.00         145.00
Piston pin offset [mm]                            0.00           0.00           0.00
Swept Vol. [l]                   0.9991         0.3330         0.3330         0.3330
Compression ratio [-]                             9.00           9.00           9.00
Dyn. Comp. ratio [-]                              7.26           7.26           7.26

Combustion Data:
----------------
Combustion Char.                               2Z-Vibe        2Z-Vibe        2Z-Vibe     
Comb.start [deg]                                 -8.00          -8.00          -8.00
Comb.dur.1 [deg]                                 50.00          50.00          50.00
Comb. Noise [dB(A)]                66.8           66.7           66.8           66.8
Noise Index [kPa]                   0.2            0.2            0.3            0.1
Peak Fir.Pres. [bar]              57.83          57.86          57.83          57.80
at Crankangle [deg]               17.59          17.47          17.68          17.63
Peak Pres.Rise[bar/deg]            2.46           2.47           2.46           2.46
at Crankangle [deg]                4.63           4.78           4.42           4.70
Peak Fir. Temp. [K]             2512.45        2514.00        2511.86        2511.49
at Crankangle [deg]               25.79          25.80          25.72          25.84
Peak T_burned [K]               2707.90        2710.64        2706.76        2706.31
at Crankangle [deg]               11.64          11.52          11.66          11.75
Res. Gascompr. [bar]               1.01           1.02           1.05           0.95
at Crankangle [deg]              309.83         352.41         351.39         225.69
Required O.N. [-]                 90.57          90.57          90.50          90.45
Knock Intensity [-]               -1.00           0.00           0.00           0.00

Emissions (Classic Species Transport):
--------------------------------------
NOx: Calculated based on MTZ 34 1973 (12).
CO:  Calculated based on SAE 2002-01-0006.
HC:  Calculated based on SAE 2002-01-0006.
NOX   [g/kWh]                  9.972964       9.556823      10.134374      10.226845
NOX   [g/h]                  154.810780      49.382603      52.476971      52.951205
NOX   [ppm]                     2388.76        2297.58        2424.74        2443.26
CO    [g/kWh]                  0.375331       0.560368       0.291200       0.274803
CO    [g/h]                    5.826280       2.895570       1.507869       1.422841
CO    [ppm]                       96.31         144.32          74.64          70.33
HC    [g/kWh]                  0.746167       0.845043       0.705706       0.687954
HC    [g/h]                   11.582780       4.366556       3.654228       3.561995
HC    [ppm]                      127.69         145.14         120.63         117.42

Performance:
------------
IMEP [bar]                      13.1296        13.1126        13.1386        13.1376
Rel. to Ave. [-]                                0.9987         1.0007         1.0006
IMEP Exh. [bar]                 -0.9734        -0.9787        -0.9731        -0.9683
IMEP Int. [bar]                  1.1907         1.1911         1.1904         1.1906
IMEP Gasex. [bar]                0.2173         0.2123         0.2173         0.2223
IMEP HP [bar]                   12.9123        12.9002        12.9214        12.9152
FMEP [bar]                       0.7000         0.7000         0.7000         0.7000
BMEP [bar]                      12.4296        12.4126        12.4386        12.4376
AMEP;SMEP [bar]                  0.0000         0.0000         0.0000         0.0000
ISFC [g/kWh]                   243.6615       244.0413       243.8669       243.0770
Rel. to Ave. [-]                                1.0016         1.0008         0.9976
ISFC (tr.f.) [g/kWh]           237.2547       238.4402       236.7714       236.5548
BSFC [g/kWh]                   257.3838       257.8039       257.5908       256.7576
Indicated Eff. [-]               0.3488         0.3471         0.3495         0.3498
Iso vol. comb. Eff [-]           0.9530         0.9531         0.9530         0.9530
Polytropic Coeff. [-]                           1.3249         1.3255         1.3255

Fuel Mass Balance:
------------------
Inj. Fuelmass [g]              0.000000       0.000000       0.000000       0.000000
Asp.Trap. Fuelmass [g]         0.086452       0.028924       0.028778       0.028750
Fuelmassfl.(A+I) [g/s]         1.109828       0.370039       0.370510       0.369279
Fuelmass tot.trap. [g]         0.086452       0.028924       0.028778       0.028750
Trapped Fuelm.fl.[g/s]         1.080647       0.361546       0.359730       0.359371
Trapp. Eff. Fuel [-]             0.9737         0.9770         0.9709         0.9732

Energy Balance Cylinder:
------------------------
Fuel Energy [kJ]                3.75961        1.25708        1.25189        1.25064
Released Energy [kJ]            3.64650        1.22129        1.21336        1.21185
-> Brake Power     [%]           34.056         33.848         34.141         34.180
-> Loss: Friction  [%]            1.918          1.909          1.921          1.924
-> Loss: Piston    [%]            7.872          7.842          7.886          7.889
-> Loss: Head      [%]           10.064         10.026         10.081         10.085
-> Loss: Liner     [%]            4.943          4.918          4.955          4.956
-> Loss: Int. Port [%]           -0.086         -0.085         -0.086         -0.087
-> Loss: Exh. Port [%]            2.483          2.462          2.499          2.488
-> Loss: Exh. Gas  [%]           38.690         39.017         38.548         38.503
Eff. Rel. Energy [kJ]           3.63255        1.20813        1.21257        1.21185
Gross Rel. Energy [kJ]          3.64650        1.22129        1.21336        1.21185
Eff.Gross Rel.Ener.[kJ]         3.63255        1.20813        1.21257        1.21185
Energy Balance [-]               0.9989         0.9990         0.9989         0.9989
Eff. Energy Balance [-]          0.9951         0.9882         0.9982         0.9989

Blowby:
-------
Blowbymass [g]                 0.000000       0.000000       0.000000       0.000000
Blowbymassfl. [g/s]            0.000000       0.000000       0.000000       0.000000
Blowby Heat Flow [kJ]          0.000000       0.000000       0.000000       0.000000

Reference Values at Start of High Pressure:
-------------------------------------------
Pressure at SHP[bar]             1.4765         1.4761         1.4770         1.4764
Temperature [K]                  361.73         362.26         361.48         361.46
Air Massfl.  [g/s]            16.313315       5.404179       5.449536       5.459600
Fuel Massfl. [g/s]             1.109828       0.370039       0.370510       0.369279
Trapp. Eff. Air [-]              0.9570         0.9602         0.9563         0.9544
Trapp. Eff.Fuel [-]              0.9737         0.9770         0.9709         0.9732
A/F-Ratio (Cmb.) [-]              14.45          14.35          14.49          14.50
Excess Air Ratio [-]             0.9963         0.9899         0.9992         1.0000

Reference Values at Start Of Combustion:
----------------------------------------
Pressure [bar]                  19.0952        19.0484        19.0827        19.1544
Temperature [K]                  676.10         676.31         675.69         676.30

Residual Gas:
-------------
Res.gas content [-]              0.0146         0.0155         0.0142         0.0141
External EGR [-]                -0.0000         0.0000         0.0000        -0.0000
Internal EGR [-]                 0.0146         0.0155         0.0142         0.0141
Com.Prod.Mass. at EO [g]       1.354222       0.450974       0.451703       0.451546
Res.gas mass at SHP [g]        0.019771       0.006983       0.006423       0.006364
Res.gas aspirated IN [g]      -0.000002       0.000005       0.000000      -0.000007
Res.gas from intake [g]        0.000005       0.000005       0.000000       0.000000
Rel. to Total [-]                0.0002         0.0007         0.0000         0.0000
Res.gas flow EX [g]            1.334571       0.443997       0.445322       0.445252
Res.gas from exhaust [g]       0.000587       0.000281       0.000135       0.000171
Rel. to Total [-]                0.0297         0.0402         0.0211         0.0268

Gas Exchange:
-------------
Volumetric Eff. [-]              1.0695         1.0665         1.0711         1.0709
Rel. to Ave. [-]                                0.9972         1.0015         1.0013
     Rel. To PL 1 [-]            0.9179         0.9154         0.9193         0.9191
Total Mass at SHP[g]             1.3551         0.4510         0.4521         0.4520
Mass Delivered [g]              1.39385        0.46194        0.46560        0.46630
Mass Delivered [g/s]           17.42312        5.77428        5.82005        5.82880
Delivery Ratio [-]               1.1936         1.1867         1.1961         1.1979
Rel. to Ave. [-]                                0.9942         1.0021         1.0036
     Rel. To PL 1 [-]            1.0244         1.0185         1.0266         1.0282
Av.Airmass at SHP[g]             1.2489         0.4151         0.4169         0.4169
Air Delivered [g]               1.30507        0.43233        0.43596        0.43677
Air Delivered [g/s]            16.31332        5.40418        5.44954        5.45960
Airdeliveryratio [-]             1.1176         1.1107         1.1200         1.1220
Rel. to Ave. [-]                                0.9938         1.0022         1.0040
     Rel. To PL 1 [-]            0.9592         0.9533         0.9613         0.9630
Airmass Trapped [g]             1.24892        0.41514        0.41693        0.41685
Airmass Trapped [g/s]          15.61151        5.18929        5.21157        5.21065
Trapp. Eff. Air [-]              0.9570         0.9602         0.9563         0.9544
Rel. to Ave. [-]                                1.0034         0.9993         0.9973
Airpurity [-]                    0.9216         0.9204         0.9222         0.9223
Dyn. Swirl [-]                   0.0000         0.0000         0.0000         0.0000
Dyn. Tumble [-]                  0.0000         0.0000         0.0000         0.0000

Wall Heatlosses:
----------------
Piston [kJ]                     -0.2871        -0.0958        -0.0957        -0.0956
Piston Temperature [K]                          520.00         520.00         520.00
Cylinderhead [kJ]              -0.36698       -0.12244       -0.12232       -0.12222
Head Temperature [K]                            535.00         535.00         535.00
Cylinderliner [kJ]             -0.18025       -0.06006       -0.06012       -0.06007
LinerTDC Temperature [K]                        435.00         435.00         435.00
LinerBDC Temperature [K]                        430.00         430.00         430.00
Sum of Wallheat [kJ]           -0.83429       -0.27828       -0.27813       -0.27789
Wall Heatlosses in High Pressure Phase:
Piston HP [kJ]                 -0.27195       -0.09068       -0.09065       -0.09062
Cylinderhead HP [kJ]           -0.34938       -0.11650       -0.11646       -0.11642
Cylinderliner HP [kJ]          -0.12606       -0.04192       -0.04205       -0.04209
Sum of Wallheat HP [kJ]        -0.74738       -0.24909       -0.24915       -0.24914
Wall Heatlosses Related to Heatinput:
Piston [-]                      -0.0763        -0.0761        -0.0764        -0.0764
Cylinderhead [-]                -0.0976        -0.0973        -0.0977        -0.0977
Cylinderliner [-]               -0.0479        -0.0477        -0.0480        -0.0480
Sum of Wallheat [-]             -0.2218        -0.2212        -0.2222        -0.2222
M. Eff. HTC [W/m2/K]             225.41         225.46         225.43         225.33
M. Eff. Temp. [K]               1431.30        1431.94        1431.10        1430.86

Reference Values at EO:
-----------------------
Pressure [bar]                     7.46           7.46           7.48           7.46
Temperature [K]                 1658.80        1655.26        1660.80        1660.34
A/F-Ratio [-]                     14.46          14.38          14.49          14.50
Com.Prod.Conc. [-]              0.99909        0.99911        0.99907        0.99908
Fuel Concentr. [-]             0.000059       0.000058       0.000060       0.000060

Average Values of Pipeattachements:
-----------------------------------
 Attached Pipe                                       1              3              5
Vlv/Prt.Op.Clr.0mm[deg]                         335.00         335.00         335.00
Vlv/Prt.Op.Eff.0mm[deg]                         335.00         335.00         335.00
Vlv/Prt.Op.Eff.1mm[deg]                         373.38         373.38         373.38
Vlv/Prt.Op.Udef.mm[deg]                         335.00         335.00         335.00
Vlv/Prt.Cl.Clr.0mm[deg]                         602.00         602.00         602.00
Vlv/Prt.Cl.Eff.0mm[deg]                         602.00         602.00         602.00
Vlv/Prt.Cl.Eff.1mm[deg]                         558.01         558.02         558.01
Vlv/Prt.Cl.Udef.mm[deg]                         602.00         602.00         602.00
Cam Phasing [deg]                                 0.00           0.00           0.00
Massflow [g/cycle]                            0.461942       0.465604       0.466304
Wallheat [kJ/cycle]                           0.001037       0.001048       0.001056
rel.to Heatinp.[-]                              0.0008         0.0008         0.0008
 Attached Pipe                                       2              4              6
Vlv/Prt.Op.Clr.0mm[deg]                         111.00         111.00         111.00
Vlv/Prt.Op.Eff.0mm[deg]                         111.00         111.00         111.00
Vlv/Prt.Op.Eff.1mm[deg]                         142.32         142.32         142.32
Vlv/Prt.Op.Udef.mm[deg]                         111.00         111.00         111.00
Vlv/Prt.Cl.Clr.0mm[deg]                         390.00         390.00         390.00
Vlv/Prt.Cl.Eff.0mm[deg]                         390.00         390.00         390.00
Vlv/Prt.Cl.Eff.1mm[deg]                         352.97         352.97         352.97
Vlv/Prt.Cl.Udef.mm[deg]                         390.00         390.00         390.00
Cam Phasing [deg]                                 0.00           0.00           0.00
Massflow [g/cycle]                            0.462268       0.466172       0.466376
Wallheat [kJ/cycle]                          -0.030066      -0.030321      -0.030157
rel.to Heatinp.[-]                             -0.0239        -0.0242        -0.0241

FLOWRESTRICTIONS: Average Values
--------------------------------
 Flr. Att.Pi.  Massflow  Att.Pi.  Massflow
  nr.  number [g/cycle]   number [g/cycle]
    1       2    0.4622        9    0.4624

FUELINJECTORS: Average Values
-----------------------------
 Inj. Att.Pi.  Massflow  Att.Pi.  Massflow Added Fuel
  nr.  number [g/cycle]   number [g/cycle]  [g/cycle]
    1       1    0.4615       13    0.4322     0.0296
    2       3    0.4653       14    0.4357     0.0296
    3       5    0.4658       15    0.4364     0.0296

ASSEMBLED: Average Values
-------------------------
 Type         Nr.  ----------Inlet-----------   ---------Outlet-----------    ----------------------Core----------------------
                   Pressure Temperat.   Mass    Pressure Temperat.   Mass     Rej.Heat   Rej.Heat    Fric. coeff.  Heat Factor
                    [bar]     [K]        [g]     [bar]      [K]       [g]       [kJ]       [kW]        [-]           [-]
 AIRCOOLER     1    1.1999   322.45     0.648    1.1967   307.16     0.678    -0.0201    -0.2517      77.965862    63.721271
 CATALYST      1    1.0133   969.44     0.055    1.0035   962.40     0.055     0.0000     0.0000      30.987618     0.000000

ASSEMBLED
Attachments
-----------
 Type                 Nr.   Pipe       Mass flow
                             Nr.       [g/cycle]
 AIRCOOLER             1      7          1.3014
 AIRCOOLER             1     12          1.3021
 CATALYST              1     16          1.3944
 CATALYST              1     17          1.3943

JUNCTIONS: Average Values
-------------------------
Junction   1: Attached pipe   4:     -0.4662 g/cycle
              Attached pipe   9:     -0.4622 g/cycle
              Attached pipe  10:     -0.9285 g/cycle
Junction   2: Attached pipe   6:     -0.4664 g/cycle
              Attached pipe  10:     -0.9283 g/cycle
              Attached pipe  11:     -1.3947 g/cycle

MICROPHONES
-----------
 Number    Distance     ---Overall dB Level---
              [mm]      [dB(A)]       [db,lin]
   1         500.00     106.168       111.965

OVERALL ENGINE PERFORMANCE:
===========================

Indicated Torque          :    104.39 Nm                    Indicated Specific Torque :    104.48 Nm/l
Indicated Power           :     16.40 kW,        22.29 PS   Indicated Specific Power  :     16.41 kW/l,      22.31 PS/l
Friction Torque           :      5.57 Nm                    Friction Power            :      0.87 kW
Effective Torque          :     98.82 Nm                    Effective Specific Torque :     98.91 Nm/l
Effective Power           :     15.52 kW,        21.11 PS   Effective Specific Power  :     15.54 kW/l,      21.12 PS/l

Required time for reading the inputfile and initialisation:       0.07 min
Required time for the calculation: .........................      0.23 min
Required time for writing the outputfile: ..................      0.00 min
Required total time: .......................................      0.30 min
Required total CPU-time: ...................................     12.64 sec
