 --------------------------------
 AVL - B O O S T
 Version:        v2022.1.0.0.0
 Build:          Apr 27 2022 22:44:48
 Git Build Hash: 7670062eda46b95e13935a621f250d93513addf7
 System:         x86_64-unknown-winnt_i19v19
 --------------------------------

LICENSE
-------
 sys_1DCFD_solver 2022.0@ License will expire in 217 days

PROJECT
-------
 Preprocessor Version :  2022.1
 Calculation date     : 15.10.2025
 File     : single500_GDi.bst
 Case Set : "Case Set 1"
 Case     : "4k"
 
 Project ID: "4-Cylinder"
 Run ID:     "WOT"
 Model date: "7.3.2000"

ELEMENTS
--------
 Element Name        Number

 PIPE                  24
 SYSTEMBOUNDARY         2
 CYLINDER               4
 RESTRICTION            8
 MEASURINGPOINT         8
 JUNCTION               8
 ENGINE                 1
 PIPE_END              48
 ALL_PIPES             24
 ALL_BOUNDARIES         2
 RESTRICTIONS           8
 ALL_PIDS               1
 PIPE_VAR_WALL_TEMP    24

GLOBAL DATA
-----------
  Engine Speed :         4000.0  rpm
  Calculationmode:        BOOST  Single
  Cycle Duration:        720.00  degrees
  Max. calc. period:   14400.00  degrees
  Cycles calculated:         20  cycles
  Calc. time steps:     1.02704  degrees (max)
                        0.68773  degrees
                        0.02866  ms
  Traces results step:  5.00000  degrees
  User concentrations:        0
  Ref. pressure:      100000.00  Pa
  Ref. temperature:     298.000  K
  Gas properties:      Variable
  Gasproperties File:     GASOLINE.BGP
     bgp_build_version:   v2013.0.0.0.0
     bgp_build_host:      boosthost
     bgp_build_user:      boost
     bgp_build_date:      2012.03.23
     bgp_build_time:      08:00:00
  Lower calorific:  0.43500E+08  J/kg
  Stoic. A/F-ratio:      14.500

  Warnings:                   0
  Convergence errors:       155

PIPES
-----

 Total number of pipe cells:    122

 Pipe   Cells   Cell size       W.Heat     Wall T    Fric. coeff.   Lam. Fric. Coeff.  Heat Factor       Volume
  nr.                [mm]         [kJ]        [K]             [-]                 [-]          [-]        [dm3]
    1       2        40.0        0.001     340.00        0.040000           64.000000     1.000000     0.070513
    2       2        30.0       -0.006     850.00        0.040000           64.000000     1.000000     0.048255
    3       2        40.0        0.001     340.00        0.040000           64.000000     1.000000     0.070513
    4       2        30.0       -0.006     850.00        0.040000           64.000000     1.000000     0.048255
    5       2        40.0        0.001     340.00        0.040000           64.000000     1.000000     0.070513
    6       2        30.0       -0.006     850.00        0.040000           64.000000     1.000000     0.048255
    7       2        40.0        0.001     340.00        0.040000           64.000000     1.000000     0.070513
    8       2        30.0       -0.006     850.00        0.040000           64.000000     1.000000     0.048255
    9       8        30.0        0.001     300.00        0.019000           64.000000     1.000000     0.244290
   10       3        36.7        0.001     300.00        0.019000           64.000000     1.000000     0.111966
   11       8        30.0        0.001     300.00        0.019000           64.000000     1.000000     0.244290
   12       8        30.0        0.001     300.00        0.019000           64.000000     1.000000     0.244290
   13       3        36.7        0.000     300.00        0.019000           64.000000     1.000000     0.111966
   14       3        36.7        0.000     300.00        0.019000           64.000000     1.000000     0.111966
   15       8        30.0        0.000     300.00        0.019000           64.000000     1.000000     0.244290
   16       7        31.4       -0.091     300.00        0.019000           64.000000     1.000000     0.249505
   17       7        31.4       -0.089     300.00        0.019000           64.000000     1.000000     0.249505
   18       7        31.4       -0.093     300.00        0.019000           64.000000     1.000000     0.249505
   19       7        31.4       -0.092     300.00        0.019000           64.000000     1.000000     0.249505
   20       8        31.2       -0.187     300.00        0.019000           64.000000     1.000000     0.314159
   21       8        31.2       -0.183     300.00        0.019000           64.000000     1.000000     0.314159
   22      10        31.3       -0.205     300.00        0.019000           64.000000     1.000000     0.433089
   23       8        30.7        0.001     300.00        0.019000           64.000000     1.000000     0.250194
   24       3        36.7        0.001     300.00        0.019000           64.000000     1.000000     0.111966


MEASURINGPOINTS: Average Values
-------------------------------
 Mp. Pipe Location   Diameter  Pressure  Temp. Ms.Temp.  Velo.   Massflow   Massflow To.Ent.f.  To.Ent.f.  Mach. Wtemp.  Converg.
 nr.  nr.     [mm]       [mm]     [bar]    [K]      [K]  [m/s]      [g/s]  [g/cycle]    [kJ/s]  [kJ/cyc.]    [-]    [K]       [-]
  1   1    10.0000    33.5000    0.9651  303.8    289.7   20.7    19.7933     0.5938    -0.051    -0.0015   0.06  340.0 0.347E-06
  2  18    10.0000    38.0000    1.2008 1019.6   1272.0   48.5    21.1625     0.6349    25.576     0.7673   0.07  300.0 0.228E-05
  3   3    10.0000    33.5000    0.9594  306.0    288.7   19.1    17.8101     0.5343    -0.027    -0.0008   0.06  340.0 0.200E-06
  4  16    10.0000    38.0000    1.1982 1033.8   1270.7   45.5    19.0353     0.5711    22.876     0.6863   0.07  300.0 0.119E-06
  5   5    10.0000    33.5000    0.9540  298.7    285.4   19.1    17.1156     0.5135    -0.086    -0.0026   0.06  340.0 0.466E-06
  6  17    10.0000    38.0000    1.1976 1039.2   1271.0   44.4    18.2951     0.5489    21.960     0.6588   0.07  300.0 0.989E-06
  7   7    10.0000    33.5000    0.9570  302.7    291.7   20.2    19.1442     0.5743    -0.021    -0.0006   0.06  340.0 0.175E-06
  8  19    10.0000    38.0000    1.2011 1024.5   1272.6   47.3    20.4707     0.6141    24.718     0.7415   0.07  300.0 0.242E-05

SYSTEMBOUNDARIES
Attachments
-----------
 Type                 Nr.   Pipe       Mass flow
                             Nr.       [g/cycle]
 SYSTEMBOUNDARY        1     23          2.2143
 SYSTEMBOUNDARY        2     22          2.3687

CYLINDERS: Average Values
-------------------------
                               Total
                              Engine         Cyl.   1       Cyl.   2       Cyl.   3       Cyl.   4
Firing TDC [deg]                                  0.00         540.00         180.00         360.00
Bore [mm]                                        86.00          86.00          86.00          86.00
Stroke [mm]                                      86.00          86.00          86.00          86.00
Conrodl. [mm]                                   143.50         143.50         143.50         143.50
Piston pin offset [mm]                            0.00           0.00           0.00           0.00
Swept Vol. [l]                   1.9982         0.4996         0.4996         0.4996         0.4996
Compression ratio [-]                            10.50          10.50          10.50          10.50
Dyn. Comp. ratio [-]                              7.98           7.98           7.98           7.99

Combustion Data:
----------------
Combustion Char.                               2Z-Vibe        2Z-Vibe        2Z-Vibe        2Z-Vibe     
Comb.start [deg]                                 -8.00          -8.00          -8.00          -8.00
Comb.dur.1 [deg]                                 50.00          50.00          50.00          50.00
Peak Fir.Pres. [bar]              60.41          64.77          58.27          55.93          62.68
at Crankangle [deg]               16.49          16.50          16.29          16.69          16.47
Peak Pres.Rise[bar/deg]            2.50           2.68           2.41           2.32           2.59
at Crankangle [deg]                4.12           4.07           4.06           4.06           4.29
Peak Fir. Temp. [K]             2562.74        2570.35        2558.35        2555.21        2567.04
at Crankangle [deg]               26.40          26.44          26.18          26.50          26.49
Peak T_burned [K]               2725.21        2733.12        2720.65        2717.37        2729.68
at Crankangle [deg]               12.77          12.92          12.74          12.60          12.83
Res. Gascompr. [bar]               0.76           0.74           0.77           0.77           0.75
at Crankangle [deg]              336.06         337.07         335.48         335.12         336.57
Evaporation Energy [kJ]         -0.0449        -0.0120        -0.0108        -0.0104        -0.0116
Required O.N. [-]                 89.78          89.78          84.77          82.60          88.34
Knock Intensity [-]               -1.00           0.00           0.00           0.00           0.00

Emissions (Classic Species Transport):
--------------------------------------
NOx: Calculated based on MTZ 34 1973 (12).
CO:  Calculated based on SAE 2002-01-0006.
HC:  Calculated based on SAE 2002-01-0006.
NOX   [g/kWh]                  9.375890       9.676001       9.166280       9.049234       9.543525
NOX   [g/h]                  729.820194     203.849754     171.282220     160.930903     193.757316
NOX   [ppm]                     2481.93        2586.68        2416.24        2362.17        2541.76
CO    [g/kWh]                  0.676447       0.656062       0.689623       0.700034       0.664814
CO    [g/h]                   52.654718      13.821619      12.886371      12.449347      13.497381
CO    [ppm]                      191.82         187.88         194.74         195.75         189.68
HC    [g/kWh]                  0.493733       0.465486       0.507669       0.528879       0.479432
HC    [g/h]                   38.432233       9.806656       9.486374       9.405540       9.733663
HC    [ppm]                       93.37          88.90          95.61          98.63          91.22

Performance:
------------
IMEP [bar]                      13.2292        14.1946        12.7645        12.2227        13.7351
Rel. to Ave. [-]                                1.0730         0.9649         0.9239         1.0382
IMEP Exh. [bar]                 -1.0290        -1.0443        -1.0193        -1.0146        -1.0379
IMEP Int. [bar]                  0.8605         0.8760         0.8649         0.8207         0.8805
IMEP Gasex. [bar]               -0.1685        -0.1684        -0.1545        -0.1939        -0.1574
IMEP HP [bar]                   13.3978        14.3630        12.9189        12.4166        13.8925
FMEP [bar]                       1.5429         1.5429         1.5429         1.5429         1.5429
BMEP [bar]                      11.6864        12.6517        11.2216        10.6798        12.1923
AMEP;SMEP [bar]                  0.0000         0.0000         0.0000         0.0000         0.0000
ISFC [g/kWh]                   208.1276       207.9391       208.0043       208.7504       207.8829
Rel. to Ave. [-]                                0.9991         0.9994         1.0030         0.9988
ISFC (tr.f.) [g/kWh]           208.1276       207.9391       208.0043       208.7504       207.8829
BSFC [g/kWh]                   235.6051       233.2970       236.6028       238.9075       234.1892
Indicated Eff. [-]               0.3976         0.3980         0.3979         0.3964         0.3981
Iso vol. comb. Eff [-]           0.9467         0.9467         0.9467         0.9467         0.9466
Polytropic Coeff. [-]                           1.2876         1.2885         1.2890         1.2875

Fuel Mass Balance:
------------------
Inj. Fuelmass [g]              0.152826       0.040958       0.036842       0.035405       0.039621
Asp.Trap. Fuelmass [g]         0.000003       0.000001       0.000001       0.000001       0.000001
Fuelmassfl.(A+I) [g/s]         5.094312       1.365277       1.228108       1.180198       1.320729
Fuelmass tot.trap. [g]         0.152829       0.040958       0.036843       0.035406       0.039622
Trapped Fuelm.fl.[g/s]         5.094312       1.365277       1.228108       1.180198       1.320729
Trapp. Eff. Fuel [-]             1.0000         1.0000         1.0000         1.0000         1.0000

Energy Balance Cylinder:
------------------------
Fuel Energy [kJ]                6.64894        1.78195        1.60288        1.54033        1.72378
Released Energy [kJ]            6.44647        1.72762        1.55402        1.49344        1.67139
-> Brake Power     [%]           36.225         36.584         36.073         35.724         36.441
-> Loss: Friction  [%]            4.782          4.461          4.960          5.161          4.611
-> Loss: Piston    [%]            3.826          3.777          3.858          3.876          3.801
-> Loss: Head      [%]            4.703          4.645          4.741          4.763          4.674
-> Loss: Liner     [%]            4.694          4.628          4.742          4.760          4.661
-> Loss: Int. Port [%]           -0.020         -0.021         -0.017         -0.020         -0.021
-> Loss: Exh. Port [%]            0.404          0.388          0.413          0.423          0.395
-> Loss: Exh. Gas  [%]           45.842         45.970         45.707         45.786         45.883
Eff. Rel. Energy [kJ]           6.43335        1.72410        1.55088        1.49047        1.66790
Gross Rel. Energy [kJ]          6.44647        1.72762        1.55402        1.49344        1.67139
Eff.Gross Rel.Ener.[kJ]         6.43335        1.72410        1.55088        1.49047        1.66790
Energy Balance [-]               0.9988         0.9987         0.9988         0.9988         0.9988
Eff. Energy Balance [-]          0.9968         0.9967         0.9967         0.9968         0.9968

Blowby:
-------
Blowbymass [g]                 0.000000       0.000000       0.000000       0.000000       0.000000
Blowbymassfl. [g/s]            0.000000       0.000000       0.000000       0.000000       0.000000
Blowby Heat Flow [kJ]          0.000000       0.000000       0.000000       0.000000       0.000000

Reference Values at Start of High Pressure:
-------------------------------------------
Pressure at SHP[bar]             1.5484         1.6626         1.4940         1.4278         1.6091
Temperature [K]                  395.71         397.38         395.19         392.93         397.35
Air Massfl.  [g/s]            73.874120      19.797946      17.808884      17.115937      19.151353
Fuel Massfl. [g/s]             5.094312       1.365277       1.228108       1.180198       1.320729
Trapp. Eff. Air [-]              0.9999         0.9999         0.9999         0.9998         0.9999
Trapp. Eff.Fuel [-]              1.0000         1.0000         1.0000         1.0000         1.0000
A/F-Ratio (Cmb.) [-]              14.55          14.55          14.55          14.55          14.55
Excess Air Ratio [-]             1.0036         1.0036         1.0036         1.0036         1.0036

Reference Values at Start Of Combustion:
----------------------------------------
Pressure [bar]                  21.9689        23.5263        21.1965        20.3233        22.8297
Temperature [K]                  734.16         736.19         733.44         730.43         736.58

Residual Gas:
-------------
Res.gas content [-]              0.0341         0.0313         0.0363         0.0363         0.0329
External EGR [-]                 0.0000         0.0000         0.0000         0.0000        -0.0000
Internal EGR [-]                 0.0341         0.0313         0.0363         0.0363         0.0329
Com.Prod.Mass. at EO [g]       2.445766       0.653672       0.590894       0.567865       0.633335
Res.gas mass at SHP [g]        0.079233       0.019453       0.020391       0.019606       0.019782
Res.gas aspirated IN [g]       0.000000       0.000000       0.000000       0.000000      -0.000000
Res.gas from intake [g]        0.001214       0.000000       0.000652       0.000562       0.000000
Rel. to Total [-]                0.0153         0.0000         0.0320         0.0287         0.0000
Res.gas flow EX [g]            2.366590       0.634235       0.570506       0.548274       0.613574
Res.gas from exhaust [g]       0.023132       0.005280       0.006371       0.005917       0.005565
Rel. to Total [-]                0.2920         0.2714         0.3125         0.3018         0.2813

Gas Exchange:
-------------
Volumetric Eff. [-]              0.9488         1.0171         0.9149         0.8792         0.9839
Rel. to Ave. [-]                                1.0720         0.9643         0.9267         1.0370
Total Mass at SHP[g]             2.3229         0.6208         0.5613         0.5394         0.6014
Mass Delivered [g]              2.21622        0.59394        0.53427        0.51348        0.57454
Mass Delivered [g/s]           73.87414       19.79795       17.80889       17.11594       19.15135
Delivery Ratio [-]               0.9489         1.0172         0.9150         0.8794         0.9840
Rel. to Ave. [-]                                1.0720         0.9643         0.9268         1.0370
Av.Airmass at SHP[g]             2.2160         0.5939         0.5342         0.5134         0.5745
Air Delivered [g]               2.21622        0.59394        0.53427        0.51348        0.57454
Air Delivered [g/s]            73.87412       19.79795       17.80888       17.11594       19.15135
Airdeliveryratio [-]             0.9489         1.0172         0.9150         0.8794         0.9840
Rel. to Ave. [-]                                1.0720         0.9643         0.9268         1.0370
Airmass Trapped [g]             2.21599        0.59389        0.53422        0.51339        0.57450
Airmass Trapped [g/s]          73.86639       19.79634       17.80720       17.11285       19.15000
Trapp. Eff. Air [-]              0.9999         0.9999         0.9999         0.9998         0.9999
Rel. to Ave. [-]                                1.0000         1.0000         0.9999         1.0000
Airpurity [-]                    0.9540         0.9567         0.9518         0.9518         0.9552
Dyn. Swirl [-]                   0.0000         0.0000         0.0000         0.0000         0.0000
Dyn. Tumble [-]                  0.0000         0.0000         0.0000         0.0000         0.0000

Wall Heatlosses:
----------------
Piston [kJ]                     -0.2466        -0.0652        -0.0600        -0.0579        -0.0635
Piston Temperature [K]                          540.00         540.00         540.00         540.00
Cylinderhead [kJ]              -0.30315       -0.08024       -0.07367       -0.07113       -0.07811
Head Temperature [K]                            585.00         585.00         585.00         585.00
Cylinderliner [kJ]             -0.30262       -0.07995       -0.07369       -0.07108       -0.07790
LinerTDC Temperature [K]                        445.00         445.00         445.00         445.00
LinerBDC Temperature [K]                        440.00         440.00         440.00         440.00
Sum of Wallheat [kJ]           -0.85240       -0.22544       -0.20732       -0.20011       -0.21954
Wall Heatlosses in High Pressure Phase:
Piston HP [kJ]                 -0.21508       -0.05708       -0.05211       -0.05037       -0.05552
Cylinderhead HP [kJ]           -0.26894       -0.07138       -0.06515       -0.06297       -0.06943
Cylinderliner HP [kJ]          -0.16542       -0.04390       -0.03999       -0.03879       -0.04275
Sum of Wallheat HP [kJ]        -0.64943       -0.17236       -0.15724       -0.15213       -0.16770
Wall Heatlosses Related to Heatinput:
Piston [-]                      -0.0371        -0.0366        -0.0374        -0.0376        -0.0369
Cylinderhead [-]                -0.0456        -0.0450        -0.0460        -0.0462        -0.0453
Cylinderliner [-]               -0.0455        -0.0449        -0.0460        -0.0462        -0.0452
Sum of Wallheat [-]             -0.1282        -0.1265        -0.1294        -0.1299        -0.1274
M. Eff. HTC [W/m2/K]             426.43         447.51         416.77         403.70         437.73
M. Eff. Temp. [K]               1366.01        1373.12        1362.06        1359.53        1369.35

Reference Values at EO:
-----------------------
Pressure [bar]                     6.18           6.63           5.98           5.71           6.40
Temperature [K]                 1722.21        1728.04        1719.86        1715.66        1725.28
A/F-Ratio [-]                     14.50          14.50          14.50          14.50          14.50
Com.Prod.Conc. [-]              0.99909        0.99907        0.99906        0.99910        0.99914
Fuel Concentr. [-]             0.000060       0.000061       0.000062       0.000060       0.000057

Average Values of Pipeattachements:
-----------------------------------
 Attached Pipe                                       1              3              5              7
Vlv/Prt.Op.Clr.0mm[deg]                         340.00         340.00         340.00         340.00
Vlv/Prt.Op.Eff.0mm[deg]                         340.00         340.00         340.00         340.00
Vlv/Prt.Op.Eff.1mm[deg]                         362.50         362.50         362.50         362.50
Vlv/Prt.Op.Udef.mm[deg]                         340.00         340.00         340.00         340.00
Vlv/Prt.Cl.Clr.0mm[deg]                         610.00         610.00         610.00         610.00
Vlv/Prt.Cl.Eff.0mm[deg]                         610.00         610.00         610.00         610.00
Vlv/Prt.Cl.Eff.1mm[deg]                         577.52         577.53         577.53         577.52
Vlv/Prt.Cl.Udef.mm[deg]                         610.00         610.00         610.00         610.00
Cam Phasing [deg]                                 0.00           0.00           0.00           0.00
Massflow [g/cycle]                            0.593939       0.534267       0.513478       0.574541
Wallheat [kJ/cycle]                           0.000368       0.000264       0.000294       0.000356
rel.to Heatinp.[-]                              0.0002         0.0002         0.0002         0.0002
 Attached Pipe                                       2              4              6              8
Vlv/Prt.Op.Clr.0mm[deg]                         130.00         130.00         130.00         130.00
Vlv/Prt.Op.Eff.0mm[deg]                         130.00         130.00         130.00         130.00
Vlv/Prt.Op.Eff.1mm[deg]                         150.84         150.84         150.84         150.84
Vlv/Prt.Op.Udef.mm[deg]                         130.00         130.00         130.00         130.00
Vlv/Prt.Cl.Clr.0mm[deg]                         390.00         390.00         390.00         390.00
Vlv/Prt.Cl.Eff.0mm[deg]                         390.00         390.00         390.00         390.00
Vlv/Prt.Cl.Eff.1mm[deg]                         356.00         356.00         356.00         356.00
Vlv/Prt.Cl.Udef.mm[deg]                         390.00         390.00         390.00         390.00
Cam Phasing [deg]                                 0.00           0.00           0.00           0.00
Massflow [g/cycle]                            0.634893       0.571110       0.548894       0.614162
Wallheat [kJ/cycle]                          -0.006700      -0.006413      -0.006315      -0.006606
rel.to Heatinp.[-]                             -0.0038        -0.0040        -0.0041        -0.0038

FLOWRESTRICTIONS: Average Values
--------------------------------
 Flr. Att.Pi.  Massflow  Att.Pi.  Massflow
  nr.  number [g/cycle]   number [g/cycle]
    1       2    0.6349       18    0.6350
    2       1    0.5939        9    0.5939
    3       4    0.5711       16    0.5712
    4       3    0.5343       11    0.5343
    5       6    0.5489       17    0.5490
    6       5    0.5135       12    0.5134
    7       8    0.6142       19    0.6142
    8       7    0.5745       15    0.5745

JUNCTIONS: Average Values
-------------------------
Junction   1: Attached pipe   9:     -0.5939 g/cycle
              Attached pipe  10:     -1.6217 g/cycle
              Attached pipe  24:     -2.2156 g/cycle
Junction   2: Attached pipe  10:     -1.6217 g/cycle
              Attached pipe  11:     -0.5343 g/cycle
              Attached pipe  13:     -1.0872 g/cycle
Junction   3: Attached pipe  12:     -0.5134 g/cycle
              Attached pipe  13:     -1.0872 g/cycle
              Attached pipe  14:     -0.5737 g/cycle
Junction   4: Attached pipe  14:     -0.5737 g/cycle
              Attached pipe  15:     -0.5745 g/cycle
Junction   5: Attached pipe  16:     -0.5712 g/cycle
              Attached pipe  17:     -0.5490 g/cycle
              Attached pipe  21:     -1.1198 g/cycle
Junction   6: Attached pipe  18:     -0.6350 g/cycle
              Attached pipe  19:     -0.6142 g/cycle
              Attached pipe  20:     -1.2488 g/cycle
Junction   7: Attached pipe  20:     -1.2488 g/cycle
              Attached pipe  21:     -1.1198 g/cycle
              Attached pipe  22:     -2.3687 g/cycle
Junction   8: Attached pipe  23:     -2.2143 g/cycle
              Attached pipe  24:     -2.2156 g/cycle

OVERALL ENGINE PERFORMANCE:
===========================

Indicated Torque          :    210.36 Nm                    Indicated Specific Torque :    105.27 Nm/l
Indicated Power           :     88.12 kW,       119.81 PS   Indicated Specific Power  :     44.10 kW/l,      59.96 PS/l
Friction Torque           :     24.53 Nm                    Friction Power            :     10.28 kW
Effective Torque          :    185.83 Nm                    Effective Specific Torque :     93.00 Nm/l
Effective Power           :     77.84 kW,       105.83 PS   Effective Specific Power  :     38.95 kW/l,      52.96 PS/l

Required time for reading the inputfile and initialisation:       0.07 min
Required time for the calculation: .........................      0.13 min
Required time for writing the outputfile: ..................      0.00 min
Required total time: .......................................      0.20 min
Required total CPU-time: ...................................      7.38 sec
