 --------------------------------
 AVL - B O O S T
 Version:        v2022.1.0.0.0
 Build:          Apr 27 2022 22:44:48
 Git Build Hash: 7670062eda46b95e13935a621f250d93513addf7
 System:         x86_64-unknown-winnt_i19v19
 --------------------------------

LICENSE
-------
 sys_1DCFD_solver 2022.0@ License will expire in 223 days

PROJECT
-------
 Preprocessor Version :  2022.1
 Calculation date     : 09.10.2025
 File     : Nissan_vr38DETT_PFi_biturbo.bst
 Case Set : "Case Set 1"
 Case     : "Case 7500"
 
 Project ID: "4-Cylinder"
 Run ID:     "WOT"
 Model date: "7.3.2000"

ELEMENTS
--------
 Element Name        Number

 PIPE                  17
 SYSTEMBOUNDARY         2
 PLENUM                 1
 CYLINDER               3
 RESTRICTION            1
 FUELINJECTOR           3
 MEASURINGPOINT         1
 AIRCOOLER              1
 CATALYST               1
 TURBOCHARGER           1
 JUNCTION               2
 ENGINE                 1
 MICROPHONE             1
 PIPE_END              38
 ASSEMBLED              2
 ALL_PIPES             19
 ALL_PLENUMS            5
 ALL_BOUNDARIES         2
 ALL_CHARGERS           1
 RESTRICTIONS           4
 ALL_PIDS               1
 PIPE_VAR_WALL_TEMP    19

GLOBAL DATA
-----------
  Engine Speed :         7500.0  rpm
  Calculationmode:        BOOST  Single
  Cycle Duration:        720.00  degrees
  Max. calc. period:   14400.00  degrees
  Cycles calculated:         20  cycles
  Calc. time steps:     2.00960  degrees (max)
                        1.32823  degrees
                        0.02952  ms
  Traces results step:  5.00000  degrees
  User concentrations:        0
  Ref. pressure:      100000.00  Pa
  Ref. temperature:     298.000  K
  Gas properties:      Variable
  Gasproperties File:     GASOLINE.BGP
     bgp_build_version:   v2013.0.0.0.0
     bgp_build_host:      boosthost
     bgp_build_user:      boost
     bgp_build_date:      2012.03.23
     bgp_build_time:      08:00:00
  Lower calorific:  0.43500E+08  J/kg
  Stoic. A/F-ratio:      14.500

  Warnings:                   0
  Convergence errors:        48

PIPES
-----

 Total number of pipe cells:    134

 Pipe   Cells   Cell size       W.Heat     Wall T    Fric. coeff.   Lam. Fric. Coeff.  Heat Factor       Volume
  nr.                [mm]         [kJ]        [K]             [-]                 [-]          [-]        [dm3]
    1       2        30.0        0.000     340.00        0.040000           64.000000     1.000000     0.129885
    2       5        32.0       -0.059     850.00        0.040000           64.000000     1.000000     0.314159
    3       2        30.0        0.000     340.00        0.040000           64.000000     1.000000     0.129885
    4       5        32.0       -0.060     850.00        0.040000           64.000000     1.000000     0.314159
    5       2        30.0        0.000     340.00        0.040000           64.000000     1.000000     0.129885
    6       5        32.0       -0.062     850.00        0.040000           64.000000     1.000000     0.314159
    7      13        30.8       -0.007     300.00        0.019000           64.000000     1.000000     1.130973
    8      11        29.2       -0.000     300.00        0.019000           64.000000     1.000000     1.235353
    9       3        33.3       -0.097     300.00        0.019000           64.000000     1.000000     0.282743
   10       3        33.3       -0.157     300.00        0.019000           64.000000     1.000000     0.196350
   11       5        30.0       -0.175     300.00        0.019000           64.000000     1.000000     0.424115
   12      16        31.2       -0.051     300.00        0.019000           64.000000     1.000000     1.413717
   13       5        30.0       -0.002     300.00        0.019000           64.000000     1.000000     0.356374
   14       5        30.0       -0.002     300.00        0.019000           64.000000     1.000000     0.356374
   15       5        30.0       -0.002     300.00        0.019000           64.000000     1.000000     0.356374
   16      13        30.8       -0.337     300.00        0.019000           64.000000     1.000000     1.697167
   17      34        30.0       -0.829     300.00        0.019000           64.000000     1.000000     3.025379
   18      13        30.8       -0.446     303.15      237.680328     19514341.672141    63.221488     7.000000  COOLER_PIPE     1
   19      10        30.0        0.000     300.00       30.987618      1055179.905028     0.000000     3.000000  CATALYST_PIPE     1


MEASURINGPOINTS: Average Values
-------------------------------
 Mp. Pipe Location   Diameter  Pressure  Temp. Ms.Temp.  Velo.   Massflow   Massflow To.Ent.f.  To.Ent.f.  Mach. Wtemp.  Converg.
 nr.  nr.     [mm]       [mm]     [bar]    [K]      [K]  [m/s]      [g/s]  [g/cycle]    [kJ/s]  [kJ/cyc.]    [-]    [K]       [-]
  1   7    20.0000    60.0000    2.1883  327.0    326.7   42.4   278.6741     4.4588     8.319     0.1331   0.12  300.0 0.597E-06

SYSTEMBOUNDARIES
Attachments
-----------
 Type                 Nr.   Pipe       Mass flow
                             Nr.       [g/cycle]
 SYSTEMBOUNDARY        1      8          4.4596
 SYSTEMBOUNDARY        2     17          4.8040

PLENUMS: Average Values
-----------------------
                   Pl. Pressure   Temp.      Mass Wallheat
                   nr.    [bar]     [K]       [g]     [kJ]
 PLENUM             1    2.1876  327.31     9.310    0.000
                                          Attached pipe   7:      4.4592 g/cycle
                                          Attached pipe  13:      1.4648 g/cycle
                                          Attached pipe  14:      1.5111 g/cycle
                                          Attached pipe  15:      1.4850 g/cycle
 AIRCOOLER          1    2.5683  426.74     1.048    0.000
                                          Attached pipe  12:      4.4596 g/cycle
                                          Attached pipe  18:      4.4596 g/cycle
 AIRCOOLER          1    2.2110  328.09     1.174    0.000
                                          Attached pipe   7:      4.4592 g/cycle
                                          Attached pipe  18:      4.4593 g/cycle
 CATALYST           1    2.0119 1200.49     0.087    0.000
                                          Attached pipe  16:      4.8059 g/cycle
                                          Attached pipe  19:      4.8058 g/cycle
 CATALYST           1    1.2005 1203.08     0.052    0.000
                                          Attached pipe  17:      4.8046 g/cycle
                                          Attached pipe  19:      4.8046 g/cycle

PLENUMS
Attachments
-----------
 Type                 Nr.   Pipe       Mass flow
                             Nr.       [g/cycle]
 PLENUM                1      7          4.4592
 PLENUM                1     13          1.4648
 PLENUM                1     14          1.5111
 PLENUM                1     15          1.4850
 AIRCOOLER             1     12          4.4596
 AIRCOOLER             1     18          4.4596
 AIRCOOLER             1      7          4.4592
 AIRCOOLER             1     18          4.4593
 CATALYST              1     16          4.8059
 CATALYST              1     19          4.8058
 CATALYST              1     17          4.8046
 CATALYST              1     19          4.8046

TURBOCHARGERS: Average Values
-----------------------------
                  Compressor                           Turbine                              Efficiencies        Calculation
TCh.    Work    Press.rat.  Boostpres.     Work  Press.rat. Dis.coeff. Turb./tot. VTG-pos Comp. Turb. mech. total      mode
nr.      [kJ]      [-]       [bar]         [kJ]      [-]      [-]        [-]      [-]    [-]    [-]    [-]    [-]
  1     0.6027     2.6000     2.5946     0.6159     2.0310     0.1000     0.5856 1.000    0.700 0.875 0.980 0.600  Wastegateflow
  Attached pipe   8:      4.4596 g/cycle
  Attached pipe  12:      4.4596 g/cycle
  Attached pipe  16:      4.8067 g/cycle
  Attached pipe  11:      4.8067 g/cycle

CYLINDERS: Average Values
-------------------------
                               Total
                              Engine         Cyl.   1       Cyl.   2       Cyl.   3
Firing TDC [deg]                                  0.00         240.00         480.00
Bore [mm]                                        95.50          95.50          95.50
Stroke [mm]                                      88.40          88.40          88.40
Conrodl. [mm]                                   145.00         145.00         145.00
Piston pin offset [mm]                            0.00           0.00           0.00
Swept Vol. [l]                   1.8996         0.6332         0.6332         0.6332
Compression ratio [-]                             9.00           9.00           9.00
Dyn. Comp. ratio [-]                              7.33           7.33           7.33

Combustion Data:
----------------
Combustion Char.                               2Z-Vibe        2Z-Vibe        2Z-Vibe     
Comb.start [deg]                                -10.00         -10.00         -10.00
Comb.dur.1 [deg]                                 50.00          50.00          50.00
Comb. Noise [dB(A)]               109.7          109.6          109.7          109.7
Noise Index [kPa]                   0.1            0.1            0.1            0.1
Peak Fir.Pres. [bar]             126.82         126.06         127.66         126.74
at Crankangle [deg]               15.93          15.67          16.60          15.52
Peak Pres.Rise[bar/deg]            5.26           5.21           5.31           5.27
at Crankangle [deg]                3.88           3.92           3.85           3.88
Peak Fir. Temp. [K]             2701.17        2693.33        2705.65        2704.54
at Crankangle [deg]               25.70          25.78          25.50          25.81
Peak T_burned [K]               2849.07        2844.72        2850.07        2852.42
at Crankangle [deg]               12.93          13.07          12.78          12.93
Res. Gascompr. [bar]               4.40           4.26           4.29           4.65
at Crankangle [deg]              341.02         349.80         327.98         345.28
Required O.N. [-]                 98.23          98.23          97.10          97.44
Knock Intensity [-]               -1.00           0.00           0.00           0.00

Emissions (Classic Species Transport):
--------------------------------------
NOx: Calculated based on MTZ 34 1973 (12).
CO:  Calculated based on SAE 2002-01-0006.
HC:  Calculated based on SAE 2002-01-0006.
NOX   [g/kWh]                  5.302349       4.565890       6.042590       5.276210
NOX   [g/h]                 1560.446758     441.038019     601.636857     517.771882
NOX   [ppm]                     1373.29        1177.78        1569.02        1368.42
CO    [g/kWh]                112.109297     131.211220      93.066198     112.628113
CO    [g/h]                32993.033151   12674.230054    9266.234251   11052.568846
CO    [ppm]                    31104.56       36257.63       25887.24       31292.02
HC    [g/kWh]                  0.660611       0.722465       0.602614       0.658571
HC    [g/h]                  194.413595      69.785887      59.999912      64.627796
HC    [ppm]                      122.24         133.14         111.79         122.03

Performance:
------------
IMEP [bar]                      26.6874        26.3074        27.0584        26.6963
Rel. to Ave. [-]                                0.9858         1.0139         1.0003
IMEP Exh. [bar]                 -4.0538        -4.0369        -4.0709        -4.0535
IMEP Int. [bar]                  1.7779         1.7718         1.7849         1.7770
IMEP Gasex. [bar]               -2.2759        -2.2651        -2.2861        -2.2765
IMEP HP [bar]                   28.9632        28.5725        29.3444        28.9728
FMEP [bar]                       1.9000         1.9000         1.9000         1.9000
BMEP [bar]                      24.7874        24.4074        25.1584        24.7963
AMEP;SMEP [bar]                  0.0000         0.0000         0.0000         0.0000
ISFC [g/kWh]                   241.8692       245.1593       238.7991       241.7387
Rel. to Ave. [-]                                1.0136         0.9873         0.9995
ISFC (tr.f.) [g/kWh]           241.8692       245.1593       238.7991       241.7387
BSFC [g/kWh]                   260.4089       264.2438       256.8336       260.2618
Indicated Eff. [-]               0.3422         0.3376         0.3466         0.3423
Iso vol. comb. Eff [-]           0.9590         0.9592         0.9589         0.9590
Polytropic Coeff. [-]                           1.3114         1.3148         1.3130

Fuel Mass Balance:
------------------
Inj. Fuelmass [g]              0.000000       0.000000       0.000000       0.000000
Asp.Trap. Fuelmass [g]         0.340607       0.113442       0.113653       0.113513
Fuelmassfl.(A+I) [g/s]        21.287958       7.090109       7.103308       7.094541
Fuelmass tot.trap. [g]         0.340607       0.113442       0.113653       0.113513
Trapped Fuelm.fl.[g/s]        21.287958       7.090109       7.103308       7.094541
Trapp. Eff. Fuel [-]             1.0000         1.0000         1.0000         1.0000

Energy Balance Cylinder:
------------------------
Fuel Energy [kJ]               14.82254        4.93819        4.94537        4.93898
Released Energy [kJ]           14.77622        4.93291        4.91381        4.92950
-> Brake Power     [%]           31.867         31.330         32.420         31.852
-> Loss: Friction  [%]            2.443          2.439          2.448          2.441
-> Loss: Piston    [%]            1.916          1.897          1.933          1.917
-> Loss: Head      [%]            2.251          2.229          2.272          2.253
-> Loss: Liner     [%]            3.141          3.099          3.184          3.141
-> Loss: Int. Port [%]            0.024          0.038          0.010          0.026
-> Loss: Exh. Port [%]            0.842          0.828          0.840          0.858
-> Loss: Exh. Gas  [%]           57.468         58.093         56.805         57.504
Eff. Rel. Energy [kJ]          12.94064        4.24013        4.38666        4.31386
Gross Rel. Energy [kJ]         14.77622        4.93291        4.91381        4.92950
Eff.Gross Rel.Ener.[kJ]        12.94064        4.24013        4.38666        4.31386
Energy Balance [-]               0.9989         0.9989         0.9987         0.9990
Eff. Energy Balance [-]          0.8748         0.8586         0.8916         0.8742

Blowby:
-------
Blowbymass [g]                 0.000000       0.000000       0.000000       0.000000
Blowbymassfl. [g/s]            0.000000       0.000000       0.000000       0.000000
Blowby Heat Flow [kJ]          0.000000       0.000000       0.000000       0.000000

Reference Values at Start of High Pressure:
-------------------------------------------
Pressure at SHP[bar]             3.3761         3.3934         3.3697         3.3652
Temperature [K]                  429.58         434.96         424.83         428.94
Air Massfl.  [g/s]           279.009147      91.618942      94.495234      92.894971
Fuel Massfl. [g/s]            21.287958       7.090109       7.103308       7.094541
Trapp. Eff. Air [-]              0.9999         1.0000         0.9997         1.0000
Trapp. Eff.Fuel [-]              1.0000         1.0000         1.0000         1.0000
A/F-Ratio (Cmb.) [-]              13.10          12.92          13.30          13.09
Excess Air Ratio [-]             0.9038         0.8912         0.9171         0.9030

Reference Values at Start Of Combustion:
----------------------------------------
Pressure [bar]                  41.3000        41.4212        40.9488        41.5301
Temperature [K]                  772.90         780.32         765.01         773.36

Residual Gas:
-------------
Res.gas content [-]              0.0495         0.0557         0.0441         0.0489
External EGR [-]                -0.0000         0.0000         0.0000        -0.0000
Internal EGR [-]                 0.0495         0.0557         0.0441         0.0489
Com.Prod.Mass. at EO [g]       5.051264       1.671652       1.698642       1.680970
Res.gas mass at SHP [g]        0.250335       0.093135       0.074982       0.082218
Res.gas aspirated IN [g]      -0.000001       0.000002       0.000002      -0.000005
Res.gas from intake [g]        0.043399       0.021495       0.007084       0.014819
Rel. to Total [-]                0.1734         0.2308         0.0945         0.1802
Res.gas flow EX [g]            4.802345       1.578526       1.623771       1.600048
Res.gas from exhaust [g]       0.010479       0.003790       0.005022       0.001666
Rel. to Total [-]                0.0419         0.0407         0.0670         0.0203

Gas Exchange:
-------------
Volumetric Eff. [-]              2.0103         1.9806         2.0421         2.0082
Rel. to Ave. [-]                                0.9852         1.0158         0.9990
     Rel. To PL 1 [-]            1.0094         0.9945         1.0253         1.0083
Total Mass at SHP[g]             5.0546         1.6725         1.7000         1.6821
Mass Delivered [g]              4.80457        1.57928        1.62552        1.59977
Mass Delivered [g/s]          300.28589       98.70525      101.59476       99.98589
Delivery Ratio [-]               2.1639         2.1338         2.1963         2.1615
Rel. to Ave. [-]                                0.9861         1.0150         0.9989
     Rel. To PL 1 [-]            1.0865         1.0714         1.1027         1.0853
Av.Airmass at SHP[g]             4.4636         1.4659         1.5114         1.4863
Air Delivered [g]               4.46415        1.46590        1.51192        1.48632
Air Delivered [g/s]           279.00915       91.61894       94.49523       92.89497
Airdeliveryratio [-]             2.0106         1.9806         2.0428         2.0082
Rel. to Ave. [-]                                0.9851         1.0160         0.9988
     Rel. To PL 1 [-]            1.0095         0.9945         1.0257         1.0083
Airmass Trapped [g]             4.46362        1.46590        1.51140        1.48632
Airmass Trapped [g/s]         278.97612       91.61894       94.46221       92.89497
Trapp. Eff. Air [-]              0.9999         1.0000         0.9997         1.0000
Rel. to Ave. [-]                                1.0001         0.9998         1.0001
Airpurity [-]                    0.8831         0.8765         0.8890         0.8836
Dyn. Swirl [-]                   0.0000         0.0000         0.0000         0.0000
Dyn. Tumble [-]                  0.0000         0.0000         0.0000         0.0000

Wall Heatlosses:
----------------
Piston [kJ]                     -0.2831        -0.0936        -0.0950        -0.0945
Piston Temperature [K]                          575.00         575.00         575.00
Cylinderhead [kJ]              -0.33267       -0.10995       -0.11163       -0.11108
Head Temperature [K]                            655.00         655.00         655.00
Cylinderliner [kJ]             -0.46414       -0.15287       -0.15646       -0.15481
LinerTDC Temperature [K]                        463.00         463.00         463.00
LinerBDC Temperature [K]                        458.00         458.00         458.00
Sum of Wallheat [kJ]           -1.07993       -0.35642       -0.36309       -0.36041
Wall Heatlosses in High Pressure Phase:
Piston HP [kJ]                 -0.21157       -0.06995       -0.07107       -0.07054
Cylinderhead HP [kJ]           -0.25613       -0.08466       -0.08606       -0.08541
Cylinderliner HP [kJ]          -0.17663       -0.05843       -0.05939       -0.05881
Sum of Wallheat HP [kJ]        -0.64432       -0.21304       -0.21652       -0.21476
Wall Heatlosses Related to Heatinput:
Piston [-]                      -0.0191        -0.0190        -0.0192        -0.0191
Cylinderhead [-]                -0.0225        -0.0223        -0.0226        -0.0225
Cylinderliner [-]               -0.0313        -0.0310        -0.0316        -0.0314
Sum of Wallheat [-]             -0.0729        -0.0722        -0.0734        -0.0730
M. Eff. HTC [W/m2/K]            1217.57        1210.59        1224.76        1217.36
M. Eff. Temp. [K]               1403.90        1401.88        1404.53        1405.28

Reference Values at EO:
-----------------------
Pressure [bar]                    16.64          16.37          16.88          16.66
Temperature [K]                 1878.93        1862.98        1892.14        1881.68
A/F-Ratio [-]                     13.10          12.92          13.30          13.09
Com.Prod.Conc. [-]              0.99929        0.99933        0.99918        0.99936
Fuel Concentr. [-]             0.000050       0.000048       0.000057       0.000045

Average Values of Pipeattachements:
-----------------------------------
 Attached Pipe                                       1              3              5
Vlv/Prt.Op.Clr.0mm[deg]                         335.00         335.00         335.00
Vlv/Prt.Op.Eff.0mm[deg]                         335.00         335.00         335.00
Vlv/Prt.Op.Eff.1mm[deg]                         373.38         373.38         373.38
Vlv/Prt.Op.Udef.mm[deg]                         335.00         335.00         335.00
Vlv/Prt.Cl.Clr.0mm[deg]                         602.00         602.00         602.00
Vlv/Prt.Cl.Eff.0mm[deg]                         602.00         602.00         602.00
Vlv/Prt.Cl.Eff.1mm[deg]                         558.01         558.02         558.01
Vlv/Prt.Cl.Udef.mm[deg]                         602.00         602.00         602.00
Cam Phasing [deg]                                 0.00           0.00           0.00
Massflow [g/cycle]                            1.579284       1.625516       1.599774
Wallheat [kJ/cycle]                          -0.001851      -0.000467      -0.001302
rel.to Heatinp.[-]                             -0.0004        -0.0001        -0.0003
 Attached Pipe                                       2              4              6
Vlv/Prt.Op.Clr.0mm[deg]                         111.00         111.00         111.00
Vlv/Prt.Op.Eff.0mm[deg]                         111.00         111.00         111.00
Vlv/Prt.Op.Eff.1mm[deg]                         142.32         142.32         142.32
Vlv/Prt.Op.Udef.mm[deg]                         111.00         111.00         111.00
Vlv/Prt.Cl.Clr.0mm[deg]                         390.00         390.00         390.00
Vlv/Prt.Cl.Eff.0mm[deg]                         390.00         390.00         390.00
Vlv/Prt.Cl.Eff.1mm[deg]                         352.97         352.97         352.97
Vlv/Prt.Cl.Udef.mm[deg]                         390.00         390.00         390.00
Cam Phasing [deg]                                 0.00           0.00           0.00
Massflow [g/cycle]                            1.579589       1.625097       1.601071
Wallheat [kJ/cycle]                          -0.040842      -0.041253      -0.042306
rel.to Heatinp.[-]                             -0.0083        -0.0083        -0.0086

FLOWRESTRICTIONS: Average Values
--------------------------------
 Flr. Att.Pi.  Massflow  Att.Pi.  Massflow
  nr.  number [g/cycle]   number [g/cycle]
    1       2    1.5797        9    1.5803

FUELINJECTORS: Average Values
-----------------------------
 Inj. Att.Pi.  Massflow  Att.Pi.  Massflow Added Fuel
  nr.  number [g/cycle]   number [g/cycle]  [g/cycle]
    1       1    1.5793       13    1.4649     0.1132
    2       3    1.6255       14    1.5110     0.1132
    3       5    1.5996       15    1.4851     0.1132

ASSEMBLED: Average Values
-------------------------
 Type         Nr.  ----------Inlet-----------   ---------Outlet-----------    ----------------------Core----------------------
                   Pressure Temperat.   Mass    Pressure Temperat.   Mass     Rej.Heat   Rej.Heat    Fric. coeff.  Heat Factor
                    [bar]     [K]        [g]     [bar]      [K]       [g]       [kJ]       [kW]        [-]           [-]
 AIRCOOLER     1    2.5683   426.74     1.048    2.2110   328.09     1.174    -0.4464   -27.8993     237.680328    63.221488
 CATALYST      1    2.0119  1200.49     0.087    1.2005  1203.08     0.052     0.0000     0.0000      30.987618     0.000000

ASSEMBLED
Attachments
-----------
 Type                 Nr.   Pipe       Mass flow
                             Nr.       [g/cycle]
 AIRCOOLER             1      7          4.4592
 AIRCOOLER             1     12          4.4596
 CATALYST              1     16          4.8059
 CATALYST              1     17          4.8046

JUNCTIONS: Average Values
-------------------------
Junction   1: Attached pipe   4:     -1.6255 g/cycle
              Attached pipe   9:     -1.5806 g/cycle
              Attached pipe  10:     -3.2046 g/cycle
Junction   2: Attached pipe   6:     -1.6019 g/cycle
              Attached pipe  10:     -3.2049 g/cycle
              Attached pipe  11:     -4.8063 g/cycle

MICROPHONES
-----------
 Number    Distance     ---Overall dB Level---
              [mm]      [dB(A)]       [db,lin]
   1         500.00     110.087       113.851

OVERALL ENGINE PERFORMANCE:
===========================

Indicated Torque          :    403.43 Nm                    Indicated Specific Torque :    212.37 Nm/l
Indicated Power           :    316.85 kW,       430.80 PS   Indicated Specific Power  :    166.80 kW/l,     226.78 PS/l
Friction Torque           :     28.72 Nm                    Friction Power            :     22.56 kW
Effective Torque          :    374.71 Nm                    Effective Specific Torque :    197.25 Nm/l
Effective Power           :    294.29 kW,       400.13 PS   Effective Specific Power  :    154.92 kW/l,     210.63 PS/l

Required time for reading the inputfile and initialisation:       0.08 min
Required time for the calculation: .........................      0.25 min
Required time for writing the outputfile: ..................      0.00 min
Required total time: .......................................      0.33 min
Required total CPU-time: ...................................      8.28 sec
