 --------------------------------
 AVL - B O O S T
 Version:        v2022.1.0.0.0
 Build:          Apr 27 2022 22:44:48
 Git Build Hash: 7670062eda46b95e13935a621f250d93513addf7
 System:         x86_64-unknown-winnt_i19v19
 --------------------------------

LICENSE
-------
 sys_1DCFD_solver 2022.0@ License will expire in 223 days

PROJECT
-------
 Preprocessor Version :  2022.1
 Calculation date     : 09.10.2025
 File     : single500_GDi.bst
 Case Set : "Case Set 1"
 Case     : "Case 10"
 
 Project ID: "4-Cylinder"
 Run ID:     "WOT"
 Model date: "7.3.2000"

ELEMENTS
--------
 Element Name        Number

 PIPE                  18
 SYSTEMBOUNDARY         2
 CYLINDER               4
 RESTRICTION            8
 MEASURINGPOINT         8
 JUNCTION               2
 ENGINE                 1
 PIPE_END              36
 ALL_PIPES             18
 ALL_BOUNDARIES         2
 RESTRICTIONS           8
 ALL_PIDS               1
 PIPE_VAR_WALL_TEMP    18

GLOBAL DATA
-----------
  Engine Speed :         2500.0  rpm
  Calculationmode:        BOOST  Single
  Cycle Duration:        720.00  degrees
  Max. calc. period:   14400.00  degrees
  Cycles calculated:         20  cycles
  Calc. time steps:     0.64190  degrees (max)
                        0.52411  degrees
                        0.03494  ms
  Traces results step:  5.00000  degrees
  User concentrations:        0
  Ref. pressure:      100000.00  Pa
  Ref. temperature:     298.000  K
  Gas properties:      Variable
  Gasproperties File:     GASOLINE.BGP
     bgp_build_version:   v2013.0.0.0.0
     bgp_build_host:      boosthost
     bgp_build_user:      boost
     bgp_build_date:      2012.03.23
     bgp_build_time:      08:00:00
  Lower calorific:  0.43500E+08  J/kg
  Stoic. A/F-ratio:      14.500

  Warnings:                   4
  Convergence errors:         1

PIPES
-----

 Total number of pipe cells:     65

 Pipe   Cells   Cell size       W.Heat     Wall T    Fric. coeff.   Lam. Fric. Coeff.  Heat Factor       Volume
  nr.                [mm]         [kJ]        [K]             [-]                 [-]          [-]        [dm3]
    1       2        40.0        0.001     340.00        0.040000           64.000000     1.000000     0.070513
    2       2        30.0       -0.006     850.00        0.040000           64.000000     1.000000     0.048255
    3       2        40.0        0.001     340.00        0.040000           64.000000     1.000000     0.070513
    4       2        30.0       -0.006     850.00        0.040000           64.000000     1.000000     0.048255
    5       2        40.0        0.001     340.00        0.040000           64.000000     1.000000     0.070513
    6       2        30.0       -0.006     850.00        0.040000           64.000000     1.000000     0.048255
    7       2        40.0        0.001     340.00        0.040000           64.000000     1.000000     0.070513
    8       2        30.0       -0.006     850.00        0.040000           64.000000     1.000000     0.048255
    9       4        28.8        0.000     300.00        0.019000           64.000000     1.000000     0.092488
   10       4        28.8        0.000     300.00        0.019000           64.000000     1.000000     0.092488
   11       4        28.8        0.000     300.00        0.019000           64.000000     1.000000     0.092488
   12       3        33.3       -0.036     300.00        0.019000           64.000000     1.000000     0.080425
   13       3        33.3       -0.036     300.00        0.019000           64.000000     1.000000     0.080425
   14       3        33.3       -0.036     300.00        0.019000           64.000000     1.000000     0.080425
   15       3        33.3       -0.036     300.00        0.019000           64.000000     1.000000     0.080425
   16      17        30.0       -0.475     300.00        0.019000           64.000000     1.000000     0.409845
   17       4        31.2        0.002     300.00        0.019000           64.000000     1.000000     0.100209
   18       4        28.8        0.000     300.00        0.019000           64.000000     1.000000     0.092488


MEASURINGPOINTS: Average Values
-------------------------------
 Mp. Pipe Location   Diameter  Pressure  Temp. Ms.Temp.  Velo.   Massflow   Massflow To.Ent.f.  To.Ent.f.  Mach. Wtemp.  Converg.
 nr.  nr.     [mm]       [mm]     [bar]    [K]      [K]  [m/s]      [g/s]  [g/cycle]    [kJ/s]  [kJ/cyc.]    [-]    [K]       [-]
  1   1    10.0000    33.5000    0.9332  312.7    292.8   14.1    10.7298     0.5150    -0.043    -0.0021   0.04  340.0 0.198E-14
  2  12    10.0000    32.0000    1.2948 1015.5   1314.1   26.5    11.4617     0.5502    14.015     0.6727   0.04  300.0 0.635E-14
  3   3    10.0000    33.5000    0.9332  312.7    292.8   14.1    10.7298     0.5150    -0.043    -0.0021   0.04  340.0 0.198E-14
  4  13    10.0000    32.0000    1.2948 1015.5   1314.1   26.5    11.4617     0.5502    14.015     0.6727   0.04  300.0 0.635E-14
  5   5    10.0000    33.5000    0.9332  312.7    292.8   14.1    10.7298     0.5150    -0.043    -0.0021   0.04  340.0 0.198E-14
  6  14    10.0000    32.0000    1.2948 1015.5   1314.1   26.5    11.4617     0.5502    14.015     0.6727   0.04  300.0 0.635E-14
  7   7    10.0000    33.5000    0.9332  312.7    292.8   14.1    10.7298     0.5150    -0.043    -0.0021   0.04  340.0 0.198E-14
  8  15    10.0000    32.0000    1.2948 1015.5   1314.1   26.5    11.4617     0.5502    14.015     0.6727   0.04  300.0 0.635E-14

SYSTEMBOUNDARIES
Attachments
-----------
 Type                 Nr.   Pipe       Mass flow
                             Nr.       [g/cycle]
 SYSTEMBOUNDARY        1     17          2.0599
 SYSTEMBOUNDARY        2     16          2.2010

CYLINDERS: Average Values
-------------------------
                               Total
                              Engine         Cyl.   1       Cyl.   2       Cyl.   3       Cyl.   4
Firing TDC [deg]                                  0.00           0.00           0.00           0.00
Bore [mm]                                        86.00          86.00          86.00          86.00
Stroke [mm]                                      86.00          86.00          86.00          86.00
Conrodl. [mm]                                   143.50         143.50         143.50         143.50
Piston pin offset [mm]                            0.00           0.00           0.00           0.00
Swept Vol. [l]                   1.9982         0.4996         0.4996         0.4996         0.4996
Compression ratio [-]                            10.50          10.50          10.50          10.50
Dyn. Comp. ratio [-]                              7.98           7.98           7.98           7.98

Combustion Data:
----------------
Combustion Char.                               2Z-Vibe        2Z-Vibe        2Z-Vibe        2Z-Vibe     
Comb.start [deg]                                 -3.00          -3.00          -3.00          -3.00
Comb.dur.1 [deg]                                 50.00          50.00          50.00          50.00
Peak Fir.Pres. [bar]              47.60          47.60          47.60          47.60          47.60
at Crankangle [deg]               20.52          20.52          20.52          20.52          20.52
Peak Pres.Rise[bar/deg]            1.83           1.83           1.83           1.83           1.83
at Crankangle [deg]                8.99           8.99           8.99           8.99           8.99
Peak Fir. Temp. [K]             2521.58        2521.58        2521.58        2521.58        2521.58
at Crankangle [deg]               31.30          31.30          31.30          31.30          31.30
Peak T_burned [K]               2695.10        2695.10        2695.10        2695.10        2695.10
at Crankangle [deg]               16.69          16.69          16.69          16.69          16.69
Res. Gascompr. [bar]               0.86           0.86           0.86           0.86           0.86
at Crankangle [deg]              360.00         360.00         360.00         360.00         360.00
Evaporation Energy [kJ]         -0.0414        -0.0104        -0.0104        -0.0104        -0.0104
Required O.N. [-]                 85.94          85.94          85.94          85.94          85.94
Knock Intensity [-]               -1.00           0.00           0.00           0.00           0.00

Emissions (Classic Species Transport):
--------------------------------------
NOx: Calculated based on MTZ 34 1973 (12).
CO:  Calculated based on SAE 2002-01-0006.
HC:  Calculated based on SAE 2002-01-0006.
NOX   [g/kWh]                  9.974223       9.974223       9.974223       9.974223       9.974223
NOX   [g/h]                  401.207595     100.301899     100.301899     100.301899     100.301899
NOX   [ppm]                     2350.89        2350.89        2350.89        2350.89        2350.89
CO    [g/kWh]                  0.717839       0.717839       0.717839       0.717839       0.717839
CO    [g/h]                   28.874681       7.218670       7.218670       7.218670       7.218670
CO    [ppm]                      181.25         181.25         181.25         181.25         181.25
HC    [g/kWh]                  0.630316       0.630316       0.630316       0.630316       0.630316
HC    [g/h]                   25.354093       6.338523       6.338523       6.338523       6.338523
HC    [ppm]                      106.14         106.14         106.14         106.14         106.14

Performance:
------------
IMEP [bar]                      10.7339        10.7339        10.7339        10.7339        10.7339
Rel. to Ave. [-]                                1.0000         1.0000         1.0000         1.0000
IMEP Exh. [bar]                 -1.7592        -1.7592        -1.7592        -1.7592        -1.7592
IMEP Int. [bar]                  0.6901         0.6901         0.6901         0.6901         0.6901
IMEP Gasex. [bar]               -1.0691        -1.0691        -1.0691        -1.0691        -1.0691
IMEP HP [bar]                   11.8030        11.8030        11.8030        11.8030        11.8030
FMEP [bar]                       1.0714         1.0714         1.0714         1.0714         1.0714
BMEP [bar]                       9.6624         9.6624         9.6624         9.6624         9.6624
AMEP;SMEP [bar]                  0.0000         0.0000         0.0000         0.0000         0.0000
ISFC [g/kWh]                   236.6332       236.6332       236.6332       236.6332       236.6332
Rel. to Ave. [-]                                1.0000         1.0000         1.0000         1.0000
ISFC (tr.f.) [g/kWh]           236.6288       236.6288       236.6288       236.6288       236.6288
BSFC [g/kWh]                   262.8726       262.8726       262.8726       262.8726       262.8726
Indicated Eff. [-]               0.3497         0.3497         0.3497         0.3497         0.3497
Iso vol. comb. Eff [-]           0.9148         0.9148         0.9148         0.9148         0.9148
Polytropic Coeff. [-]                           1.2836         1.2836         1.2836         1.2836

Fuel Mass Balance:
------------------
Inj. Fuelmass [g]              0.140985       0.035246       0.035246       0.035246       0.035246
Asp.Trap. Fuelmass [g]        -0.000003      -0.000001      -0.000001      -0.000001      -0.000001
Fuelmassfl.(A+I) [g/s]         2.937195       0.734299       0.734299       0.734299       0.734299
Fuelmass tot.trap. [g]         0.140983       0.035246       0.035246       0.035246       0.035246
Trapped Fuelm.fl.[g/s]         2.937141       0.734285       0.734285       0.734285       0.734285
Trapp. Eff. Fuel [-]             1.0000         1.0000         1.0000         1.0000         1.0000

Energy Balance Cylinder:
------------------------
Fuel Energy [kJ]                6.13346        1.53337        1.53337        1.53337        1.53337
Released Energy [kJ]            5.94634        1.48658        1.48658        1.48658        1.48658
-> Brake Power     [%]           32.470         32.470         32.470         32.470         32.470
-> Loss: Friction  [%]            3.600          3.600          3.600          3.600          3.600
-> Loss: Piston    [%]            4.610          4.610          4.610          4.610          4.610
-> Loss: Head      [%]            5.849          5.849          5.849          5.849          5.849
-> Loss: Liner     [%]            6.282          6.282          6.282          6.282          6.282
-> Loss: Int. Port [%]           -0.026         -0.026         -0.026         -0.026         -0.026
-> Loss: Exh. Port [%]            0.644          0.644          0.644          0.644          0.644
-> Loss: Exh. Gas  [%]           46.972         46.972         46.972         46.972         46.972
Eff. Rel. Energy [kJ]           5.93601        1.48400        1.48400        1.48400        1.48400
Gross Rel. Energy [kJ]          5.94634        1.48658        1.48658        1.48658        1.48658
Eff.Gross Rel.Ener.[kJ]         5.93601        1.48400        1.48400        1.48400        1.48400
Energy Balance [-]               0.9988         0.9988         0.9988         0.9988         0.9988
Eff. Energy Balance [-]          0.9971         0.9971         0.9971         0.9971         0.9971

Blowby:
-------
Blowbymass [g]                 0.000000       0.000000       0.000000       0.000000       0.000000
Blowbymassfl. [g/s]            0.000000       0.000000       0.000000       0.000000       0.000000
Blowby Heat Flow [kJ]          0.000000       0.000000       0.000000       0.000000       0.000000

Reference Values at Start of High Pressure:
-------------------------------------------
Pressure at SHP[bar]             1.3967         1.3967         1.3967         1.3967         1.3967
Temperature [K]                  391.70         391.70         391.70         391.70         391.70
Air Massfl.  [g/s]            42.910499      10.727625      10.727625      10.727625      10.727625
Fuel Massfl. [g/s]             2.937195       0.734299       0.734299       0.734299       0.734299
Trapp. Eff. Air [-]              0.9925         0.9925         0.9925         0.9925         0.9925
Trapp. Eff.Fuel [-]              1.0000         1.0000         1.0000         1.0000         1.0000
A/F-Ratio (Cmb.) [-]              14.56          14.56          14.56          14.56          14.56
Excess Air Ratio [-]             1.0041         1.0041         1.0041         1.0041         1.0041

Reference Values at Start Of Combustion:
----------------------------------------
Pressure [bar]                  21.0073        21.0073        21.0073        21.0073        21.0073
Temperature [K]                  732.48         732.48         732.48         732.48         732.48

Residual Gas:
-------------
Res.gas content [-]              0.0218         0.0218         0.0218         0.0218         0.0218
External EGR [-]                 0.0000         0.0000         0.0000         0.0000         0.0000
Internal EGR [-]                 0.0218         0.0218         0.0218         0.0218         0.0218
Com.Prod.Mass. at EO [g]       2.229297       0.557324       0.557324       0.557324       0.557324
Res.gas mass at SHP [g]        0.046068       0.011517       0.011517       0.011517       0.011517
Res.gas aspirated IN [g]       0.000000       0.000000       0.000000       0.000000       0.000000
Res.gas from intake [g]        0.000723       0.000181       0.000181       0.000181       0.000181
Rel. to Total [-]                0.0157         0.0157         0.0157         0.0157         0.0157
Res.gas flow EX [g]            2.183240       0.545810       0.545810       0.545810       0.545810
Res.gas from exhaust [g]       0.000000       0.000000       0.000000       0.000000       0.000000
Rel. to Total [-]                0.0000         0.0000         0.0000         0.0000         0.0000

Gas Exchange:
-------------
Volumetric Eff. [-]              0.8753         0.8753         0.8753         0.8753         0.8753
Rel. to Ave. [-]                                1.0000         1.0000         1.0000         1.0000
Total Mass at SHP[g]             2.1159         0.5290         0.5290         0.5290         0.5290
Mass Delivered [g]              2.05970        0.51493        0.51493        0.51493        0.51493
Mass Delivered [g/s]           42.91050       10.72762       10.72762       10.72762       10.72762
Delivery Ratio [-]               0.8819         0.8819         0.8819         0.8819         0.8819
Rel. to Ave. [-]                                1.0000         1.0000         1.0000         1.0000
Av.Airmass at SHP[g]             2.0443         0.5111         0.5111         0.5111         0.5111
Air Delivered [g]               2.05970        0.51493        0.51493        0.51493        0.51493
Air Delivered [g/s]            42.91050       10.72762       10.72762       10.72762       10.72762
Airdeliveryratio [-]             0.8819         0.8819         0.8819         0.8819         0.8819
Rel. to Ave. [-]                                1.0000         1.0000         1.0000         1.0000
Airmass Trapped [g]             2.04429        0.51107        0.51107        0.51107        0.51107
Airmass Trapped [g/s]          42.58937       10.64734       10.64734       10.64734       10.64734
Trapp. Eff. Air [-]              0.9925         0.9925         0.9925         0.9925         0.9925
Rel. to Ave. [-]                                1.0000         1.0000         1.0000         1.0000
Airpurity [-]                    0.9662         0.9662         0.9662         0.9662         0.9662
Dyn. Swirl [-]                   0.0000         0.0000         0.0000         0.0000         0.0000
Dyn. Tumble [-]                  0.0000         0.0000         0.0000         0.0000         0.0000

Wall Heatlosses:
----------------
Piston [kJ]                     -0.2741        -0.0685        -0.0685        -0.0685        -0.0685
Piston Temperature [K]                          525.00         525.00         525.00         525.00
Cylinderhead [kJ]              -0.34779       -0.08695       -0.08695       -0.08695       -0.08695
Head Temperature [K]                            545.00         545.00         545.00         545.00
Cylinderliner [kJ]             -0.37353       -0.09338       -0.09338       -0.09338       -0.09338
LinerTDC Temperature [K]                        437.00         437.00         437.00         437.00
LinerBDC Temperature [K]                        432.00         432.00         432.00         432.00
Sum of Wallheat [kJ]           -0.99545       -0.24886       -0.24886       -0.24886       -0.24886
Wall Heatlosses in High Pressure Phase:
Piston HP [kJ]                 -0.22753       -0.05688       -0.05688       -0.05688       -0.05688
Cylinderhead HP [kJ]           -0.29062       -0.07266       -0.07266       -0.07266       -0.07266
Cylinderliner HP [kJ]          -0.19273       -0.04818       -0.04818       -0.04818       -0.04818
Sum of Wallheat HP [kJ]        -0.71088       -0.17772       -0.17772       -0.17772       -0.17772
Wall Heatlosses Related to Heatinput:
Piston [-]                      -0.0447        -0.0447        -0.0447        -0.0447        -0.0447
Cylinderhead [-]                -0.0567        -0.0567        -0.0567        -0.0567        -0.0567
Cylinderliner [-]               -0.0609        -0.0609        -0.0609        -0.0609        -0.0609
Sum of Wallheat [-]             -0.1623        -0.1623        -0.1623        -0.1623        -0.1623
M. Eff. HTC [W/m2/K]             292.92         292.92         292.92         292.92         292.92
M. Eff. Temp. [K]               1361.04        1361.04        1361.04        1361.04        1361.04

Reference Values at EO:
-----------------------
Pressure [bar]                     5.68           5.68           5.68           5.68           5.68
Temperature [K]                 1732.45        1732.45        1732.45        1732.45        1732.45
A/F-Ratio [-]                     14.50          14.50          14.50          14.50          14.50
Com.Prod.Conc. [-]              0.99909        0.99909        0.99909        0.99909        0.99909
Fuel Concentr. [-]             0.000059       0.000059       0.000059       0.000059       0.000059

Average Values of Pipeattachements:
-----------------------------------
 Attached Pipe                                       1              3              5              7
Vlv/Prt.Op.Clr.0mm[deg]                         340.00         340.00         340.00         340.00
Vlv/Prt.Op.Eff.0mm[deg]                         340.00         340.00         340.00         340.00
Vlv/Prt.Op.Eff.1mm[deg]                         362.50         362.50         362.50         362.50
Vlv/Prt.Op.Udef.mm[deg]                         340.00         340.00         340.00         340.00
Vlv/Prt.Cl.Clr.0mm[deg]                         610.00         610.00         610.00         610.00
Vlv/Prt.Cl.Eff.0mm[deg]                         610.00         610.00         610.00         610.00
Vlv/Prt.Cl.Eff.1mm[deg]                         577.52         577.52         577.52         577.52
Vlv/Prt.Cl.Udef.mm[deg]                         610.00         610.00         610.00         610.00
Cam Phasing [deg]                                 0.00           0.00           0.00           0.00
Massflow [g/cycle]                            0.514926       0.514926       0.514926       0.514926
Wallheat [kJ/cycle]                           0.000386       0.000386       0.000386       0.000386
rel.to Heatinp.[-]                              0.0003         0.0003         0.0003         0.0003
 Attached Pipe                                       2              4              6              8
Vlv/Prt.Op.Clr.0mm[deg]                         130.00         130.00         130.00         130.00
Vlv/Prt.Op.Eff.0mm[deg]                         130.00         130.00         130.00         130.00
Vlv/Prt.Op.Eff.1mm[deg]                         150.84         150.84         150.84         150.84
Vlv/Prt.Op.Udef.mm[deg]                         130.00         130.00         130.00         130.00
Vlv/Prt.Cl.Clr.0mm[deg]                         390.00         390.00         390.00         390.00
Vlv/Prt.Cl.Eff.0mm[deg]                         390.00         390.00         390.00         390.00
Vlv/Prt.Cl.Eff.1mm[deg]                         356.00         356.00         356.00         356.00
Vlv/Prt.Cl.Udef.mm[deg]                         390.00         390.00         390.00         390.00
Cam Phasing [deg]                                 0.00           0.00           0.00           0.00
Massflow [g/cycle]                            0.550172       0.550172       0.550172       0.550172
Wallheat [kJ/cycle]                          -0.009578      -0.009578      -0.009578      -0.009578
rel.to Heatinp.[-]                             -0.0062        -0.0062        -0.0062        -0.0062

FLOWRESTRICTIONS: Average Values
--------------------------------
 Flr. Att.Pi.  Massflow  Att.Pi.  Massflow
  nr.  number [g/cycle]   number [g/cycle]
    1       2    0.5502       12    0.5503
    2       1    0.5149       18    0.5149
    3       4    0.5502       13    0.5503
    4       3    0.5149        9    0.5149
    5       6    0.5502       14    0.5503
    6       5    0.5149       10    0.5149
    7       8    0.5502       15    0.5503
    8       7    0.5149       11    0.5149

JUNCTIONS: Average Values
-------------------------
Junction   1: Attached pipe   9:     -0.5149 g/cycle
              Attached pipe  10:     -0.5149 g/cycle
              Attached pipe  11:     -0.5149 g/cycle
              Attached pipe  17:     -2.0599 g/cycle
              Attached pipe  18:     -0.5149 g/cycle
Junction   2: Attached pipe  12:     -0.5503 g/cycle
              Attached pipe  13:     -0.5503 g/cycle
              Attached pipe  14:     -0.5503 g/cycle
              Attached pipe  15:     -0.5503 g/cycle
              Attached pipe  16:     -2.2010 g/cycle

OVERALL ENGINE PERFORMANCE:
===========================

Indicated Torque          :    170.68 Nm                    Indicated Specific Torque :     85.42 Nm/l
Indicated Power           :     44.68 kW,        60.75 PS   Indicated Specific Power  :     22.36 kW/l,      30.40 PS/l
Friction Torque           :     17.04 Nm                    Friction Power            :      4.46 kW
Effective Torque          :    153.65 Nm                    Effective Specific Torque :     76.89 Nm/l
Effective Power           :     40.22 kW,        54.69 PS   Effective Specific Power  :     20.13 kW/l,      27.37 PS/l

Required time for reading the inputfile and initialisation:       0.08 min
Required time for the calculation: .........................      0.35 min
Required time for writing the outputfile: ..................      0.00 min
Required total time: .......................................      0.43 min
Required total CPU-time: ...................................     14.02 sec
