 --------------------------------
 AVL - B O O S T
 Version:        v2022.1.0.0.0
 Build:          Apr 27 2022 22:44:48
 Git Build Hash: 7670062eda46b95e13935a621f250d93513addf7
 System:         x86_64-unknown-winnt_i19v19
 --------------------------------

LICENSE
-------
 sys_1DCFD_solver 2022.0@ License will expire in 215 days

PROJECT
-------
 Preprocessor Version :  2022.1
 Calculation date     : 17.10.2025
 File     : single500_GDi.bst
 Case Set : "Case Set 1"
 Case     : "Case 9"
 
 Project ID: "4-Cylinder"
 Run ID:     "WOT"
 Model date: "7.3.2000"

ELEMENTS
--------
 Element Name        Number

 PIPE                   4
 SYSTEMBOUNDARY         2
 CYLINDER               1
 RESTRICTION            2
 MEASURINGPOINT         2
 ENGINE                 1
 PIPE_END               8
 ALL_PIPES              4
 ALL_BOUNDARIES         2
 RESTRICTIONS           2
 ALL_PIDS               1
 PIPE_VAR_WALL_TEMP     4

GLOBAL DATA
-----------
  Engine Speed :         3000.0  rpm
  Calculationmode:        BOOST  Single
  Cycle Duration:        720.00  degrees
  Max. calc. period:   14400.00  degrees
  Cycles calculated:         20  cycles
  Calc. time steps:     0.77028  degrees (max)
                        0.70751  degrees
                        0.03931  ms
  Traces results step:  5.00000  degrees
  User concentrations:        0
  Ref. pressure:      100000.00  Pa
  Ref. temperature:     298.000  K
  Gas properties:      Variable
  Gasproperties File:     GASOLINE.BGP
     bgp_build_version:   v2013.0.0.0.0
     bgp_build_host:      boosthost
     bgp_build_user:      boost
     bgp_build_date:      2012.03.23
     bgp_build_time:      08:00:00
  Lower calorific:  0.43500E+08  J/kg
  Stoic. A/F-ratio:      14.500

  Warnings:                   1
  Convergence errors:         0

PIPES
-----

 Total number of pipe cells:     24

 Pipe   Cells   Cell size       W.Heat     Wall T    Fric. coeff.   Lam. Fric. Coeff.  Heat Factor       Volume
  nr.                [mm]         [kJ]        [K]             [-]                 [-]          [-]        [dm3]
    1       2        40.0        0.001     340.00        0.040000           64.000000     1.000000     0.070513
    2       2        30.0       -0.006     850.00        0.040000           64.000000     1.000000     0.048255
    3       5        34.0        0.000     300.00        0.019000           64.000000     1.000000     0.145315
    4      15        31.3       -0.183     300.00        0.019000           64.000000     1.000000     0.377675


MEASURINGPOINTS: Average Values
-------------------------------
 Mp. Pipe Location   Diameter  Pressure  Temp. Ms.Temp.  Velo.   Massflow   Massflow To.Ent.f.  To.Ent.f.  Mach. Wtemp.  Converg.
 nr.  nr.     [mm]       [mm]     [bar]    [K]      [K]  [m/s]      [g/s]  [g/cycle]    [kJ/s]  [kJ/cyc.]    [-]    [K]       [-]
  1   1    10.0000    33.5000    0.9937  296.4    290.6   14.2    14.2351     0.5694    -0.059    -0.0024   0.04  340.0 0.991E-13
  2   4    10.0000    32.0000    1.0686  967.0   1236.3   47.0    15.2245     0.6090    17.781     0.7113   0.07  300.0 0.105E-11

SYSTEMBOUNDARIES
Attachments
-----------
 Type                 Nr.   Pipe       Mass flow
                             Nr.       [g/cycle]
 SYSTEMBOUNDARY        1      3          0.5694
 SYSTEMBOUNDARY        2      4          0.6089

CYLINDERS: Average Values
-------------------------
                               Total
                              Engine         Cyl.   1
Firing TDC [deg]                                  0.00
Bore [mm]                                        86.00
Stroke [mm]                                      86.00
Conrodl. [mm]                                   143.50
Piston pin offset [mm]                            0.00
Swept Vol. [l]                   0.4996         0.4996
Compression ratio [-]                            10.50
Dyn. Comp. ratio [-]                              9.22

Combustion Data:
----------------
Combustion Char.                               2Z-Vibe     
Comb.start [deg]                                 -8.00
Comb.dur.1 [deg]                                 48.00
Peak Fir.Pres. [bar]              63.14          63.14
at Crankangle [deg]               16.18          16.18
Peak Pres.Rise[bar/deg]            2.76           2.76
at Crankangle [deg]                3.85           3.85
Peak Fir. Temp. [K]             2559.94        2559.94
at Crankangle [deg]               25.42          25.42
Peak T_burned [K]               2722.10        2722.10
at Crankangle [deg]               12.32          12.32
Res. Gascompr. [bar]               1.58           1.58
at Crankangle [deg]              290.78         290.78
Evaporation Energy [kJ]         -0.0115        -0.0115
Required O.N. [-]                 91.77          91.77

Emissions (Classic Species Transport):
--------------------------------------
NOx: Calculated based on MTZ 34 1973 (12).
CO:  Calculated based on SAE 2002-01-0006.
HC:  Calculated based on SAE 2002-01-0006.
NOX   [g/kWh]                  9.788679       9.788679
NOX   [g/h]                  149.947388     149.947388
NOX   [ppm]                     2646.57        2646.57
CO    [g/kWh]                  0.490200       0.490200
CO    [g/h]                    7.509099       7.509099
CO    [ppm]                      141.98         141.98
HC    [g/kWh]                  0.498949       0.498949
HC    [g/h]                    7.643130       7.643130
HC    [ppm]                       96.38          96.38

Performance:
------------
IMEP [bar]                      13.4942        13.4942
Rel. to Ave. [-]                                1.0000
IMEP Exh. [bar]                 -1.0935        -1.0935
IMEP Int. [bar]                  0.9440         0.9440
IMEP Gasex. [bar]               -0.1495        -0.1495
IMEP HP [bar]                   13.6437        13.6437
FMEP [bar]                       1.2286         1.2286
BMEP [bar]                      12.2656        12.2656
AMEP;SMEP [bar]                  0.0000         0.0000
ISFC [g/kWh]                   209.6170       209.6170
Rel. to Ave. [-]                                1.0000
ISFC (tr.f.) [g/kWh]           209.6170       209.6170
BSFC [g/kWh]                   230.6131       230.6131
Indicated Eff. [-]               0.3948         0.3948
Iso vol. comb. Eff [-]           0.9514         0.9514
Polytropic Coeff. [-]                           1.2953

Fuel Mass Balance:
------------------
Inj. Fuelmass [g]              0.039251       0.039251
Asp.Trap. Fuelmass [g]         0.000000       0.000000
Fuelmassfl.(A+I) [g/s]         0.981287       0.981287
Fuelmass tot.trap. [g]         0.039251       0.039251
Trapped Fuelm.fl.[g/s]         0.981287       0.981287
Trapp. Eff. Fuel [-]             1.0000         1.0000

Energy Balance Cylinder:
------------------------
Fuel Energy [kJ]                1.70779        1.70779
Released Energy [kJ]            1.65603        1.65603
-> Brake Power     [%]           37.000         37.000
-> Loss: Friction  [%]            3.706          3.706
-> Loss: Piston    [%]            4.426          4.426
-> Loss: Head      [%]            5.554          5.554
-> Loss: Liner     [%]            4.738          4.738
-> Loss: Int. Port [%]           -0.024         -0.024
-> Loss: Exh. Port [%]            0.451          0.451
-> Loss: Exh. Gas  [%]           44.584         44.584
Eff. Rel. Energy [kJ]           1.65127        1.65127
Gross Rel. Energy [kJ]          1.65603        1.65603
Eff.Gross Rel.Ener.[kJ]         1.65127        1.65127
Energy Balance [-]               0.9986         0.9986
Eff. Energy Balance [-]          0.9958         0.9958

Blowby:
-------
Blowbymass [g]                 0.000000       0.000000
Blowbymassfl. [g/s]            0.000000       0.000000
Blowby Heat Flow [kJ]          0.000000       0.000000

Reference Values at Start of High Pressure:
-------------------------------------------
Pressure at SHP[bar]             1.2496         1.2496
Temperature [K]                  360.03         360.03
Air Massfl.  [g/s]            14.236936      14.236936
Fuel Massfl. [g/s]             0.981287       0.981287
Trapp. Eff. Air [-]              0.9994         0.9994
Trapp. Eff.Fuel [-]              1.0000         1.0000
A/F-Ratio (Cmb.) [-]              14.58          14.58
Excess Air Ratio [-]             1.0056         1.0056

Reference Values at Start Of Combustion:
----------------------------------------
Pressure [bar]                  21.7770        21.7770
Temperature [K]                  710.72         710.72

Residual Gas:
-------------
Res.gas content [-]              0.0305         0.0305
External EGR [-]                 0.0000         0.0000
Internal EGR [-]                 0.0305         0.0305
Com.Prod.Mass. at EO [g]       0.625893       0.625893
Res.gas mass at SHP [g]        0.018105       0.018105
Res.gas aspirated IN [g]       0.000000       0.000000
Res.gas from intake [g]        0.000125       0.000125
Rel. to Total [-]                0.0069         0.0069
Res.gas flow EX [g]            0.607788       0.607788
Res.gas from exhaust [g]       0.002745       0.002745
Rel. to Total [-]                0.1516         0.1516

Gas Exchange:
-------------
Volumetric Eff. [-]              0.9747         0.9747
Rel. to Ave. [-]                                1.0000
Total Mass at SHP[g]             0.5927         0.5927
Mass Delivered [g]              0.56948        0.56948
Mass Delivered [g/s]           14.23694       14.23694
Delivery Ratio [-]               0.9753         0.9753
Rel. to Ave. [-]                                1.0000
Av.Airmass at SHP[g]             0.5691         0.5691
Air Delivered [g]               0.56948        0.56948
Air Delivered [g/s]            14.23694       14.23694
Airdeliveryratio [-]             0.9753         0.9753
Rel. to Ave. [-]                                1.0000
Airmass Trapped [g]             0.56914        0.56914
Airmass Trapped [g/s]          14.22859       14.22859
Trapp. Eff. Air [-]              0.9994         0.9994
Rel. to Ave. [-]                                1.0000
Airpurity [-]                    0.9603         0.9603
Dyn. Swirl [-]                   0.0000         0.0000
Dyn. Tumble [-]                  0.0000         0.0000

Wall Heatlosses:
----------------
Piston [kJ]                     -0.0733        -0.0733
Piston Temperature [K]                          530.00
Cylinderhead [kJ]              -0.09198       -0.09198
Head Temperature [K]                            560.00
Cylinderliner [kJ]             -0.07846       -0.07846
LinerTDC Temperature [K]                        440.00
LinerBDC Temperature [K]                        435.00
Sum of Wallheat [kJ]           -0.24374       -0.24374
Wall Heatlosses in High Pressure Phase:
Piston HP [kJ]                 -0.06531       -0.06531
Cylinderhead HP [kJ]           -0.08279       -0.08279
Cylinderliner HP [kJ]          -0.04510       -0.04510
Sum of Wallheat HP [kJ]        -0.19320       -0.19320
Wall Heatlosses Related to Heatinput:
Piston [-]                      -0.0429        -0.0429
Cylinderhead [-]                -0.0539        -0.0539
Cylinderliner [-]               -0.0460        -0.0460
Sum of Wallheat [-]             -0.1428        -0.1428
M. Eff. HTC [W/m2/K]             362.63         362.63
M. Eff. Temp. [K]               1395.87        1395.87

Reference Values at EO:
-----------------------
Pressure [bar]                     6.49           6.49
Temperature [K]                 1700.36        1700.36
A/F-Ratio [-]                     14.50          14.50
Com.Prod.Conc. [-]              0.99904        0.99904
Fuel Concentr. [-]             0.000065       0.000065

Average Values of Pipeattachements:
-----------------------------------
 Attached Pipe                                       1
Vlv/Prt.Op.Clr.0mm[deg]                         330.00
Vlv/Prt.Op.Eff.0mm[deg]                         330.00
Vlv/Prt.Op.Eff.1mm[deg]                         352.46
Vlv/Prt.Op.Udef.mm[deg]                         330.00
Vlv/Prt.Cl.Clr.0mm[deg]                         590.00
Vlv/Prt.Cl.Eff.0mm[deg]                         590.00
Vlv/Prt.Cl.Eff.1mm[deg]                         557.67
Vlv/Prt.Cl.Udef.mm[deg]                         590.00
Cam Phasing [deg]                                 0.00
Massflow [g/cycle]                            0.569477
Wallheat [kJ/cycle]                           0.000398
rel.to Heatinp.[-]                              0.0002
 Attached Pipe                                       2
Vlv/Prt.Op.Clr.0mm[deg]                         124.00
Vlv/Prt.Op.Eff.0mm[deg]                         124.00
Vlv/Prt.Op.Eff.1mm[deg]                         144.84
Vlv/Prt.Op.Udef.mm[deg]                         124.00
Vlv/Prt.Cl.Clr.0mm[deg]                         384.00
Vlv/Prt.Cl.Eff.0mm[deg]                         384.00
Vlv/Prt.Cl.Eff.1mm[deg]                         350.00
Vlv/Prt.Cl.Udef.mm[deg]                         384.00
Cam Phasing [deg]                                 0.00
Massflow [g/cycle]                            0.608729
Wallheat [kJ/cycle]                          -0.007461
rel.to Heatinp.[-]                             -0.0044

FLOWRESTRICTIONS: Average Values
--------------------------------
 Flr. Att.Pi.  Massflow  Att.Pi.  Massflow
  nr.  number [g/cycle]   number [g/cycle]
    1       2    0.6087        4    0.6089
    2       1    0.5695        3    0.5694

OVERALL ENGINE PERFORMANCE:
===========================

Indicated Torque          :     53.64 Nm                    Indicated Specific Torque :    107.38 Nm/l
Indicated Power           :     16.85 kW,        22.91 PS   Indicated Specific Power  :     33.74 kW/l,      45.87 PS/l
Friction Torque           :      4.88 Nm                    Friction Power            :      1.53 kW
Effective Torque          :     48.76 Nm                    Effective Specific Torque :     97.61 Nm/l
Effective Power           :     15.32 kW,        20.83 PS   Effective Specific Power  :     30.66 kW/l,      41.69 PS/l

Required time for reading the inputfile and initialisation:       0.07 min
Required time for the calculation: .........................      0.03 min
Required time for writing the outputfile: ..................      0.00 min
Required total time: .......................................      0.10 min
Required total CPU-time: ...................................      1.72 sec
