 --------------------------------
 AVL - B O O S T
 Version:        v2022.1.0.0.0
 Build:          Apr 27 2022 22:44:48
 Git Build Hash: 7670062eda46b95e13935a621f250d93513addf7
 System:         x86_64-unknown-winnt_i19v19
 --------------------------------

LICENSE
-------
 sys_1DCFD_solver 2022.0@ License will expire in 217 days

PROJECT
-------
 Preprocessor Version :  2022.1
 Calculation date     : 15.10.2025
 File     : Nissan_vr38DETT_PFi_biturbo.bst
 Case Set : "Case Set 1"
 Case     : "Case 6500"
 
 Project ID: "4-Cylinder"
 Run ID:     "WOT"
 Model date: "7.3.2000"

ELEMENTS
--------
 Element Name        Number

 PIPE                  17
 SYSTEMBOUNDARY         2
 PLENUM                 1
 CYLINDER               3
 RESTRICTION            1
 FUELINJECTOR           3
 MEASURINGPOINT         1
 AIRCOOLER              1
 CATALYST               1
 TURBOCHARGER           1
 JUNCTION               2
 ENGINE                 1
 MICROPHONE             1
 PIPE_END              38
 ASSEMBLED              2
 ALL_PIPES             19
 ALL_PLENUMS            5
 ALL_BOUNDARIES         2
 ALL_CHARGERS           1
 RESTRICTIONS           4
 ALL_PIDS               1
 PIPE_VAR_WALL_TEMP    19

GLOBAL DATA
-----------
  Engine Speed :         6500.0  rpm
  Calculationmode:        BOOST  Single
  Cycle Duration:        720.00  degrees
  Max. calc. period:   14400.00  degrees
  Cycles calculated:         20  cycles
  Calc. time steps:     1.74165  degrees (max)
                        1.22132  degrees
                        0.03132  ms
  Traces results step:  5.00000  degrees
  User concentrations:        0
  Ref. pressure:      100000.00  Pa
  Ref. temperature:     298.000  K
  Gas properties:      Variable
  Gasproperties File:     GASOLINE.BGP
     bgp_build_version:   v2013.0.0.0.0
     bgp_build_host:      boosthost
     bgp_build_user:      boost
     bgp_build_date:      2012.03.23
     bgp_build_time:      08:00:00
  Lower calorific:  0.43500E+08  J/kg
  Stoic. A/F-ratio:      14.500

  Warnings:                   0
  Convergence errors:        80

PIPES
-----

 Total number of pipe cells:    134

 Pipe   Cells   Cell size       W.Heat     Wall T    Fric. coeff.   Lam. Fric. Coeff.  Heat Factor       Volume
  nr.                [mm]         [kJ]        [K]             [-]                 [-]          [-]        [dm3]
    1       2        30.0        0.000     340.00        0.040000           64.000000     1.000000     0.129885
    2       5        32.0       -0.028     850.00        0.040000           64.000000     1.000000     0.314159
    3       2        30.0        0.000     340.00        0.040000           64.000000     1.000000     0.129885
    4       5        32.0       -0.028     850.00        0.040000           64.000000     1.000000     0.314159
    5       2        30.0        0.000     340.00        0.040000           64.000000     1.000000     0.129885
    6       5        32.0       -0.030     850.00        0.040000           64.000000     1.000000     0.314159
    7      13        30.8       -0.005     300.00        0.019000           64.000000     1.000000     1.130973
    8      11        29.2       -0.000     300.00        0.019000           64.000000     1.000000     1.235353
    9       3        33.3       -0.067     300.00        0.019000           64.000000     1.000000     0.282743
   10       3        33.3       -0.101     300.00        0.019000           64.000000     1.000000     0.196350
   11       5        30.0       -0.106     300.00        0.019000           64.000000     1.000000     0.424115
   12      16        31.2       -0.052     300.00        0.019000           64.000000     1.000000     0.628319
   13       5        30.0       -0.001     300.00        0.019000           64.000000     1.000000     0.356374
   14       5        30.0       -0.001     300.00        0.019000           64.000000     1.000000     0.356374
   15       5        30.0       -0.001     300.00        0.019000           64.000000     1.000000     0.356374
   16      13        30.8       -0.201     300.00        0.019000           64.000000     1.000000     1.697167
   17      34        30.0       -0.514     300.00        0.019000           64.000000     1.000000     3.025379
   18      10        30.0       -0.285     303.15       77.965862      8468064.879264    63.721271     3.000000  COOLER_PIPE     1
   19      10        30.0        0.000     300.00       30.987618      1055179.905028     0.000000     3.000000  CATALYST_PIPE     1


MEASURINGPOINTS: Average Values
-------------------------------
 Mp. Pipe Location   Diameter  Pressure  Temp. Ms.Temp.  Velo.   Massflow   Massflow To.Ent.f.  To.Ent.f.  Mach. Wtemp.  Converg.
 nr.  nr.     [mm]       [mm]     [bar]    [K]      [K]  [m/s]      [g/s]  [g/cycle]    [kJ/s]  [kJ/cyc.]    [-]    [K]       [-]
  1   7    20.0000    60.0000    2.6194  328.4    327.9   19.3   150.9776     2.7873     4.579     0.0845   0.05  300.0 0.594E-06

SYSTEMBOUNDARIES
Attachments
-----------
 Type                 Nr.   Pipe       Mass flow
                             Nr.       [g/cycle]
 SYSTEMBOUNDARY        1      8          2.7904
 SYSTEMBOUNDARY        2     17          2.9978

PLENUMS: Average Values
-----------------------
                   Pl. Pressure   Temp.      Mass Wallheat
                   nr.    [bar]     [K]       [g]     [kJ]
 PLENUM             1    2.6196  326.80     5.583    0.000
                                          Attached pipe   7:      2.7875 g/cycle
                                          Attached pipe  13:      0.9296 g/cycle
                                          Attached pipe  14:      0.9269 g/cycle
                                          Attached pipe  15:      0.9299 g/cycle
 AIRCOOLER          1    2.7242  429.19     1.105    0.000
                                          Attached pipe  12:      2.7902 g/cycle
                                          Attached pipe  18:      2.7900 g/cycle
 AIRCOOLER          1    2.6257  328.69     1.391    0.000
                                          Attached pipe   7:      2.7882 g/cycle
                                          Attached pipe  18:      2.7885 g/cycle
 CATALYST           1    1.3502 1085.28     0.064    0.000
                                          Attached pipe  16:      2.9978 g/cycle
                                          Attached pipe  19:      2.9978 g/cycle
 CATALYST           1    1.0523 1093.38     0.050    0.000
                                          Attached pipe  17:      2.9977 g/cycle
                                          Attached pipe  19:      2.9977 g/cycle

PLENUMS
Attachments
-----------
 Type                 Nr.   Pipe       Mass flow
                             Nr.       [g/cycle]
 PLENUM                1      7          2.7875
 PLENUM                1     13          0.9296
 PLENUM                1     14          0.9269
 PLENUM                1     15          0.9299
 AIRCOOLER             1     12          2.7902
 AIRCOOLER             1     18          2.7900
 AIRCOOLER             1      7          2.7882
 AIRCOOLER             1     18          2.7885
 CATALYST              1     16          2.9978
 CATALYST              1     19          2.9978
 CATALYST              1     17          2.9977
 CATALYST              1     19          2.9977

TURBOCHARGERS: Average Values
-----------------------------
                  Compressor                           Turbine                              Efficiencies        Calculation
TCh.    Work    Press.rat.  Boostpres.     Work  Press.rat. Dis.coeff. Turb./tot. VTG-pos Comp. Turb. mech. total      mode
nr.      [kJ]      [-]       [bar]         [kJ]      [-]      [-]        [-]      [-]    [-]    [-]    [-]    [-]
  1     0.4043     2.7652     2.7636     0.4133     1.6290     0.2000     1.0000 1.000    0.700 0.875 0.980 0.600  Boostpressure
  Attached pipe   8:      2.7904 g/cycle
  Attached pipe  12:      2.7904 g/cycle
  Attached pipe  16:      2.9979 g/cycle
  Attached pipe  11:      2.9979 g/cycle

CYLINDERS: Average Values
-------------------------
                               Total
                              Engine         Cyl.   1       Cyl.   2       Cyl.   3
Firing TDC [deg]                                  0.00         240.00         480.00
Bore [mm]                                        77.08          77.08          77.08
Stroke [mm]                                      71.37          71.37          71.37
Conrodl. [mm]                                   145.00         145.00         145.00
Piston pin offset [mm]                            0.00           0.00           0.00
Swept Vol. [l]                   0.9991         0.3330         0.3330         0.3330
Compression ratio [-]                             9.00           9.00           9.00
Dyn. Comp. ratio [-]                              7.22           7.23           7.23

Combustion Data:
----------------
Combustion Char.                               2Z-Vibe        2Z-Vibe        2Z-Vibe     
Comb.start [deg]                                -10.00         -10.00         -10.00
Comb.dur.1 [deg]                                 50.00          50.00          50.00
Comb. Noise [dB(A)]               108.7          108.7          108.6          108.7
Noise Index [kPa]                   0.1            0.1            0.2            0.1
Peak Fir.Pres. [bar]             145.17         145.24         144.92         145.36
at Crankangle [deg]               16.51          16.04          16.76          16.74
Peak Pres.Rise[bar/deg]            6.27           6.28           6.25           6.29
at Crankangle [deg]                3.49           3.29           3.77           3.42
Peak Fir. Temp. [K]             2707.77        2708.29        2705.80        2709.22
at Crankangle [deg]               25.52          25.22          25.32          26.03
Peak T_burned [K]               2869.06        2869.54        2867.33        2870.31
at Crankangle [deg]               12.44          12.28          12.07          12.97
Res. Gascompr. [bar]               2.49           2.16           1.49           3.82
at Crankangle [deg]              298.25         313.57         351.03         230.15
Required O.N. [-]                 98.47          98.41          98.40          98.47
Knock Intensity [-]               -1.00           0.00           0.00           0.00

Emissions (Classic Species Transport):
--------------------------------------
NOx: Calculated based on MTZ 34 1973 (12).
CO:  Calculated based on SAE 2002-01-0006.
HC:  Calculated based on SAE 2002-01-0006.
NOX   [g/kWh]                  4.198561       4.242452       4.064549       4.288344
NOX   [g/h]                  728.868385     245.464781     234.852269     248.551335
NOX   [ppm]                     1185.25        1196.78        1147.23        1211.65
CO    [g/kWh]                101.601198     100.670826     104.859860      99.281362
CO    [g/h]                17637.924070    5824.731119    6058.870114    5754.322837
CO    [ppm]                    30725.19       30422.04       31705.55       30049.96
HC    [g/kWh]                  0.918759       0.916189       0.935023       0.905110
HC    [g/h]                  159.496095      53.009930      54.026237      52.459929
HC    [ppm]                      185.30         184.65         188.55         182.70

Performance:
------------
IMEP [bar]                      33.7779        33.7739        33.7303        33.8296
Rel. to Ave. [-]                                0.9999         0.9986         1.0015
IMEP Exh. [bar]                 -1.9579        -1.9734        -1.9234        -1.9768
IMEP Int. [bar]                  2.5423         2.5420         2.5436         2.5413
IMEP Gasex. [bar]                0.5844         0.5686         0.6202         0.5645
IMEP HP [bar]                   33.1935        33.2053        33.1101        33.2651
FMEP [bar]                       1.7000         1.7000         1.7000         1.7000
BMEP [bar]                      32.0779        32.0739        32.0303        32.1296
AMEP;SMEP [bar]                  0.0000         0.0000         0.0000         0.0000
ISFC [g/kWh]                   226.5191       226.5102       226.8289       226.2192
Rel. to Ave. [-]                                1.0000         1.0014         0.9987
ISFC (tr.f.) [g/kWh]           225.7792       225.7373       226.0636       225.5373
BSFC [g/kWh]                   238.5237       238.5158       238.8677       238.1886
Indicated Eff. [-]               0.3665         0.3666         0.3661         0.3669
Iso vol. comb. Eff [-]           0.9609         0.9609         0.9610         0.9607
Polytropic Coeff. [-]                           1.3239         1.3234         1.3234

Fuel Mass Balance:
------------------
Inj. Fuelmass [g]              0.000000       0.000000       0.000000       0.000000
Asp.Trap. Fuelmass [g]         0.211653       0.070529       0.070540       0.070583
Fuelmassfl.(A+I) [g/s]        11.502115       3.833425       3.833870       3.834820
Fuelmass tot.trap. [g]         0.211653       0.070529       0.070540       0.070583
Trapped Fuelm.fl.[g/s]        11.464542       3.820345       3.820935       3.823261
Trapp. Eff. Fuel [-]             0.9967         0.9966         0.9966         0.9970

Energy Balance Cylinder:
------------------------
Fuel Energy [kJ]                9.21009        3.06905        3.06979        3.07124
Released Energy [kJ]            9.19391        3.06294        3.06512        3.06585
-> Brake Power     [%]           34.859         34.874         34.802         34.901
-> Loss: Friction  [%]            1.847          1.848          1.847          1.847
-> Loss: Piston    [%]            2.938          2.939          2.928          2.946
-> Loss: Head      [%]            3.433          3.433          3.421          3.444
-> Loss: Liner     [%]            2.615          2.614          2.606          2.626
-> Loss: Int. Port [%]           -0.021         -0.021         -0.021         -0.021
-> Loss: Exh. Port [%]            0.883          0.868          0.874          0.907
-> Loss: Exh. Gas  [%]           53.392         53.370         53.518         53.288
Eff. Rel. Energy [kJ]           8.01837        2.67502        2.66340        2.67995
Gross Rel. Energy [kJ]          9.19391        3.06294        3.06512        3.06585
Eff.Gross Rel.Ener.[kJ]         8.01837        2.67502        2.66340        2.67995
Energy Balance [-]               0.9986         0.9985         0.9985         0.9989
Eff. Energy Balance [-]          0.8709         0.8720         0.8676         0.8732

Blowby:
-------
Blowbymass [g]                 0.000000       0.000000       0.000000       0.000000
Blowbymassfl. [g/s]            0.000000       0.000000       0.000000       0.000000
Blowby Heat Flow [kJ]          0.000000       0.000000       0.000000       0.000000

Reference Values at Start of High Pressure:
-------------------------------------------
Pressure at SHP[bar]             3.4921         3.4940         3.4882         3.4943
Temperature [K]                  387.36         387.30         387.57         387.23
Air Massfl.  [g/s]           150.938860      50.353958      50.211813      50.373089
Fuel Massfl. [g/s]            11.502115       3.833425       3.833870       3.834820
Trapp. Eff. Air [-]              0.9920         0.9920         0.9910         0.9929
Trapp. Eff.Fuel [-]              0.9967         0.9966         0.9966         0.9970
A/F-Ratio (Cmb.) [-]              13.06          13.07          13.02          13.08
Excess Air Ratio [-]             0.9007         0.9017         0.8981         0.9022

Reference Values at Start Of Combustion:
----------------------------------------
Pressure [bar]                  42.8526        42.4623        42.7378        43.3578
Temperature [K]                  707.19         705.69         707.13         708.75

Residual Gas:
-------------
Res.gas content [-]              0.0134         0.0132         0.0146         0.0124
External EGR [-]                 0.0000        -0.0000         0.0000         0.0000
Internal EGR [-]                 0.0134         0.0132         0.0146         0.0124
Com.Prod.Mass. at EO [g]       3.013331       1.004780       1.002829       1.005721
Res.gas mass at SHP [g]        0.040438       0.013310       0.014667       0.012460
Res.gas aspirated IN [g]       0.000000      -0.000000       0.000000       0.000000
Res.gas from intake [g]        0.000000       0.000000       0.000000       0.000000
Rel. to Total [-]                0.0000         0.0000         0.0000         0.0000
Res.gas flow EX [g]            2.972867       0.991482       0.988168       0.993216
Res.gas from exhaust [g]       0.000000       0.000000       0.000000       0.000000
Rel. to Total [-]                0.0000         0.0000         0.0000         0.0000

Gas Exchange:
-------------
Volumetric Eff. [-]              2.3670         2.3689         2.3599         2.3721
Rel. to Ave. [-]                                1.0008         0.9970         1.0022
     Rel. To PL 1 [-]            0.9909         0.9917         0.9879         0.9930
Total Mass at SHP[g]             3.0162         1.0060         1.0038         1.0064
Mass Delivered [g]              2.99891        1.00038        0.99777        1.00076
Mass Delivered [g/s]          162.44098       54.18738       54.04568       54.20791
Delivery Ratio [-]               2.5680         2.5700         2.5632         2.5709
Rel. to Ave. [-]                                1.0007         0.9981         1.0011
     Rel. To PL 1 [-]            1.0750         1.0758         1.0730         1.0763
Av.Airmass at SHP[g]             2.7641         0.9221         0.9186         0.9234
Air Delivered [g]               2.78656        0.92961        0.92699        0.92996
Air Delivered [g/s]           150.93886       50.35396       50.21181       50.37309
Airdeliveryratio [-]             2.3862         2.3881         2.3814         2.3891
Rel. to Ave. [-]                                1.0008         0.9980         1.0012
     Rel. To PL 1 [-]            0.9989         0.9997         0.9969         1.0001
Airmass Trapped [g]             2.76414        0.92213        0.91863        0.92338
Airmass Trapped [g/s]         149.72423       49.94889       49.75887       50.01648
Trapp. Eff. Air [-]              0.9920         0.9920         0.9910         0.9929
Rel. to Ave. [-]                                1.0000         0.9990         1.0010
Airpurity [-]                    0.9164         0.9167         0.9151         0.9175
Dyn. Swirl [-]                   0.0000         0.0000         0.0000         0.0000
Dyn. Tumble [-]                  0.0000         0.0000         0.0000         0.0000

Wall Heatlosses:
----------------
Piston [kJ]                     -0.2701        -0.0900        -0.0898        -0.0903
Piston Temperature [K]                          570.00         570.00         570.00
Cylinderhead [kJ]              -0.31560       -0.10516       -0.10485       -0.10559
Head Temperature [K]                            650.00         650.00         650.00
Cylinderliner [kJ]             -0.24044       -0.08006       -0.07988       -0.08050
LinerTDC Temperature [K]                        460.00         460.00         460.00
LinerBDC Temperature [K]                        455.00         455.00         455.00
Sum of Wallheat [kJ]           -0.82613       -0.27523       -0.27448       -0.27643
Wall Heatlosses in High Pressure Phase:
Piston HP [kJ]                 -0.23797       -0.07941       -0.07914       -0.07942
Cylinderhead HP [kJ]           -0.28876       -0.09636       -0.09602       -0.09638
Cylinderliner HP [kJ]          -0.12515       -0.04186       -0.04165       -0.04164
Sum of Wallheat HP [kJ]        -0.65188       -0.21762       -0.21681       -0.21744
Wall Heatlosses Related to Heatinput:
Piston [-]                      -0.0293        -0.0293        -0.0293        -0.0294
Cylinderhead [-]                -0.0343        -0.0343        -0.0342        -0.0344
Cylinderliner [-]               -0.0261        -0.0261        -0.0260        -0.0262
Sum of Wallheat [-]             -0.0897        -0.0897        -0.0895        -0.0900
M. Eff. HTC [W/m2/K]            1058.95        1059.07        1058.85        1058.94
M. Eff. Temp. [K]               1356.40        1356.06        1354.21        1358.92

Reference Values at EO:
-----------------------
Pressure [bar]                    18.78          18.72          18.69          18.93
Temperature [K]                 1843.55        1842.29        1839.54        1848.82
A/F-Ratio [-]                     13.06          13.07          13.02          13.08
Com.Prod.Conc. [-]              0.99911        0.99901        0.99901        0.99930
Fuel Concentr. [-]             0.000064       0.000070       0.000071       0.000050

Average Values of Pipeattachements:
-----------------------------------
 Attached Pipe                                       1              3              5
Vlv/Prt.Op.Clr.0mm[deg]                         335.00         335.00         335.00
Vlv/Prt.Op.Eff.0mm[deg]                         335.00         335.00         335.00
Vlv/Prt.Op.Eff.1mm[deg]                         373.38         373.38         373.38
Vlv/Prt.Op.Udef.mm[deg]                         335.00         335.00         335.00
Vlv/Prt.Cl.Clr.0mm[deg]                         602.00         602.00         602.00
Vlv/Prt.Cl.Eff.0mm[deg]                         602.00         602.00         602.00
Vlv/Prt.Cl.Eff.1mm[deg]                         558.01         558.01         558.01
Vlv/Prt.Cl.Udef.mm[deg]                         602.00         602.00         602.00
Cam Phasing [deg]                                 0.00           0.00           0.00
Massflow [g/cycle]                            1.000382       0.997766       1.000761
Wallheat [kJ/cycle]                           0.000643       0.000640       0.000644
rel.to Heatinp.[-]                              0.0002         0.0002         0.0002
 Attached Pipe                                       2              4              6
Vlv/Prt.Op.Clr.0mm[deg]                         111.00         111.00         111.00
Vlv/Prt.Op.Eff.0mm[deg]                         111.00         111.00         111.00
Vlv/Prt.Op.Eff.1mm[deg]                         142.32         142.32         142.32
Vlv/Prt.Op.Udef.mm[deg]                         111.00         111.00         111.00
Vlv/Prt.Cl.Clr.0mm[deg]                         390.00         390.00         390.00
Vlv/Prt.Cl.Eff.0mm[deg]                         390.00         390.00         390.00
Vlv/Prt.Cl.Eff.1mm[deg]                         352.97         352.97         352.97
Vlv/Prt.Cl.Udef.mm[deg]                         390.00         390.00         390.00
Cam Phasing [deg]                                 0.00           0.00           0.00
Massflow [g/cycle]                            1.000199       0.997651       1.000717
Wallheat [kJ/cycle]                          -0.026579      -0.026782      -0.027799
rel.to Heatinp.[-]                             -0.0087        -0.0087        -0.0091

FLOWRESTRICTIONS: Average Values
--------------------------------
 Flr. Att.Pi.  Massflow  Att.Pi.  Massflow
  nr.  number [g/cycle]   number [g/cycle]
    1       2    1.0002        9    1.0007

FUELINJECTORS: Average Values
-----------------------------
 Inj. Att.Pi.  Massflow  Att.Pi.  Massflow Added Fuel
  nr.  number [g/cycle]   number [g/cycle]  [g/cycle]
    1       1    1.0005       13    0.9294     0.0707
    2       3    0.9978       14    0.9267     0.0707
    3       5    1.0008       15    0.9297     0.0707

ASSEMBLED: Average Values
-------------------------
 Type         Nr.  ----------Inlet-----------   ---------Outlet-----------    ----------------------Core----------------------
                   Pressure Temperat.   Mass    Pressure Temperat.   Mass     Rej.Heat   Rej.Heat    Fric. coeff.  Heat Factor
                    [bar]     [K]        [g]     [bar]      [K]       [g]       [kJ]       [kW]        [-]           [-]
 AIRCOOLER     1    2.7242   429.19     1.105    2.6257   328.69     1.391    -0.2849   -15.4294      77.965862    63.721271
 CATALYST      1    1.3502  1085.28     0.064    1.0523  1093.38     0.050     0.0000     0.0000      30.987618     0.000000

ASSEMBLED
Attachments
-----------
 Type                 Nr.   Pipe       Mass flow
                             Nr.       [g/cycle]
 AIRCOOLER             1      7          2.7882
 AIRCOOLER             1     12          2.7902
 CATALYST              1     16          2.9978
 CATALYST              1     17          2.9977

JUNCTIONS: Average Values
-------------------------
Junction   1: Attached pipe   4:     -0.9976 g/cycle
              Attached pipe   9:     -1.0007 g/cycle
              Attached pipe  10:     -1.9976 g/cycle
Junction   2: Attached pipe   6:     -1.0007 g/cycle
              Attached pipe  10:     -1.9975 g/cycle
              Attached pipe  11:     -2.9979 g/cycle

MICROPHONES
-----------
 Number    Distance     ---Overall dB Level---
              [mm]      [dB(A)]       [db,lin]
   1         500.00     114.360       118.191

OVERALL ENGINE PERFORMANCE:
===========================

Indicated Torque          :    268.56 Nm                    Indicated Specific Torque :    268.80 Nm/l
Indicated Power           :    182.80 kW,       248.54 PS   Indicated Specific Power  :    182.96 kW/l,     248.76 PS/l
Friction Torque           :     13.52 Nm                    Friction Power            :      9.20 kW
Effective Torque          :    255.04 Nm                    Effective Specific Torque :    255.27 Nm/l
Effective Power           :    173.60 kW,       236.03 PS   Effective Specific Power  :    173.76 kW/l,     236.24 PS/l

Required time for reading the inputfile and initialisation:       0.07 min
Required time for the calculation: .........................      0.08 min
Required time for writing the outputfile: ..................      0.00 min
Required total time: .......................................      0.15 min
Required total CPU-time: ...................................      4.23 sec
