MESSAGE
RUNINFO      1 CONTROL      1 BOOST       0.00 DEGCRA
 System date and time : 09.10.2025 07:44:10
ENDOFMESSAGE
MESSAGE
RUNINFO      2 CONTROL      2 BOOST       0.00 DEGCRA
 Executable information:
  Version  : v2022.1.0.0.0
  Build    : Apr 27 2022 22:44:48
  Platform : x86_64-unknown-winnt_i19v19
ENDOFMESSAGE
MESSAGE
RUNINFO      3 CONTROL      3 BOOST       0.00 DEGCRA
 Opened file :  Nissan_vr38DETT_PFi_biturbo.bst
ENDOFMESSAGE
MESSAGE
RUNINFO 70011 INPUT     0 BST_READ_GLOBAL 0.00DEGCRA
  The following User Defined Parameters were identified:
ENDOFMESSAGE
ENDOFMESSAGE
MESSAGE
RUNINFO 571129 INPUT      0 BST_READ_GLOBAL       0.00 DEGCRA
 Using C gas property library
ENDOFMESSAGE
MESSAGE
RUNINFO 270000 REACTION_LIBRARY      1 CL_BOOST_MessageSystem       0.00 DEGCRA
>>> Catalyst Library <<<
  Version: 2.800
  Platform: x86_64-unknown-winnt_i19v19
  Build date: Apr 27 2022 21:58:54
ENDOFMESSAGE
MESSAGE
RUNINFO 270000 REACTION_LIBRARY      1 CL_BOOST_MessageSystem       0.00 DEGCRA
>>> Transfer Model Library Version 1.400 <<<
ENDOFMESSAGE
MESSAGE
RUNINFO 100001 BOOST      1 BOOST_GPR_printf       0.00 DEGCRA
    Classic gas property data are read from:
      C:/Program Files (x86)/AVL/R2022.1/BOOST/files/GASOLINE.BGP

ENDOFMESSAGE
MESSAGE
RUNINFO  10660 GLOBAL      1 LICENSING       0.00 DEGCRA
  >>>
  >>>   The Licence for application "sys_1DCFD_solver"
  >>>   has been checked out!
  >>>
ENDOFMESSAGE
MESSAGE
RUNINFO      0 POSTLINKS      0 BOOST       0.00 DEGCRA
 Opened file : Nissan_vr38DETT_PFi_biturbo.glb
 Unit Number :    13
ENDOFMESSAGE
MESSAGE
RUNINFO 150006 SYSTEMBOUNDARY      1 BOOST       0.00 DEGCRA
 Open end correction for PIPE :     8
 End correction   [mm] :     21.000
 Original Length  [mm] :    300.000
 Corrected Length [mm] :    321.000
ENDOFMESSAGE
MESSAGE
RUNINFO 150006 SYSTEMBOUNDARY      2 BOOST       0.00 DEGCRA
 Open end correction for PIPE :    17
 End correction   [mm] :     18.450
 Original Length  [mm] :   1000.000
 Corrected Length [mm] :   1018.450
ENDOFMESSAGE
MESSAGE
CONVERGENCEFAIL 342500 JUNCTION      1 KNOTEN     222.45 DEGCRA
 The iteration of the junction massflow failed to
 converge within  25 iterations.
                    24 iteration   25 iteration
 Pressure    [Pa]:    173676.43      173676.43
 Difference in percent of meanvalue:    0.00
 Mass flow error [percent of total massflow]:   0.99
ENDOFMESSAGE
MESSAGE
CONVERGENCEFAIL 342500 JUNCTION      1 KNOTEN     223.59 DEGCRA
 The iteration of the junction massflow failed to
 converge within  25 iterations.
                    24 iteration   25 iteration
 Pressure    [Pa]:    173094.38      173094.38
 Difference in percent of meanvalue:    0.00
 Mass flow error [percent of total massflow]:   0.76
ENDOFMESSAGE
MESSAGE
CONVERGENCEFAIL 342500 JUNCTION      2 KNOTEN     286.00 DEGCRA
 The iteration of the junction massflow failed to
 converge within  25 iterations.
                    24 iteration   25 iteration
 Pressure    [Pa]:    196616.43      196616.43
 Difference in percent of meanvalue:    0.00
 Mass flow error [percent of total massflow]:   1.06
ENDOFMESSAGE
MESSAGE
CONVERGENCEFAIL 342500 JUNCTION      2 KNOTEN     287.25 DEGCRA
 The iteration of the junction massflow failed to
 converge within  25 iterations.
                    24 iteration   25 iteration
 Pressure    [Pa]:    195064.36      195064.36
 Difference in percent of meanvalue:    0.00
 Mass flow error [percent of total massflow]:   1.15
ENDOFMESSAGE
MESSAGE
CONVERGENCEFAIL 342500 JUNCTION      2 KNOTEN     288.49 DEGCRA
 The iteration of the junction massflow failed to
 converge within  25 iterations.
                    24 iteration   25 iteration
 Pressure    [Pa]:    193405.01      193405.01
 Difference in percent of meanvalue:    0.00
 Mass flow error [percent of total massflow]:   1.32
ENDOFMESSAGE
MESSAGE
CONVERGENCEFAIL 342500 JUNCTION      2 KNOTEN     289.74 DEGCRA
 The iteration of the junction massflow failed to
 converge within  25 iterations.
                    24 iteration   25 iteration
 Pressure    [Pa]:    191715.23      191715.23
 Difference in percent of meanvalue:    0.00
 Mass flow error [percent of total massflow]:   1.47
ENDOFMESSAGE
MESSAGE
CONVERGENCEFAIL 342500 JUNCTION      2 KNOTEN     290.99 DEGCRA
 The iteration of the junction massflow failed to
 converge within  25 iterations.
                    24 iteration   25 iteration
 Pressure    [Pa]:    190011.33      190011.33
 Difference in percent of meanvalue:    0.00
 Mass flow error [percent of total massflow]:   1.24
ENDOFMESSAGE
MESSAGE
CONVERGENCEFAIL 342500 JUNCTION      1 KNOTEN     292.24 DEGCRA
 The iteration of the junction massflow failed to
 converge within  25 iterations.
                    24 iteration   25 iteration
 Pressure    [Pa]:    189881.16      189881.16
 Difference in percent of meanvalue:    0.00
 Mass flow error [percent of total massflow]:   0.77
ENDOFMESSAGE
MESSAGE
CONVERGENCEFAIL 342500 JUNCTION      2 KNOTEN     292.24 DEGCRA
 The iteration of the junction massflow failed to
 converge within  25 iterations.
                    24 iteration   25 iteration
 Pressure    [Pa]:    188314.84      188314.84
 Difference in percent of meanvalue:    0.00
 Mass flow error [percent of total massflow]:   1.01
ENDOFMESSAGE
MESSAGE
CONVERGENCEFAIL 342500 JUNCTION      1 KNOTEN     293.49 DEGCRA
 The iteration of the junction massflow failed to
 converge within  25 iterations.
                    24 iteration   25 iteration
 Pressure    [Pa]:    189717.56      189717.56
 Difference in percent of meanvalue:    0.00
 Mass flow error [percent of total massflow]:   1.35
ENDOFMESSAGE
MESSAGE
CONVERGENCEFAIL 342500 JUNCTION      2 KNOTEN     293.49 DEGCRA
 The iteration of the junction massflow failed to
 converge within  25 iterations.
                    24 iteration   25 iteration
 Pressure    [Pa]:    186652.47      186652.47
 Difference in percent of meanvalue:    0.00
 Mass flow error [percent of total massflow]:   0.82
ENDOFMESSAGE
MESSAGE
CONVERGENCEFAIL 342500 JUNCTION      1 KNOTEN     294.75 DEGCRA
 The iteration of the junction massflow failed to
 converge within  25 iterations.
                    24 iteration   25 iteration
 Pressure    [Pa]:    189419.15      189419.15
 Difference in percent of meanvalue:    0.00
 Mass flow error [percent of total massflow]:   1.61
ENDOFMESSAGE
MESSAGE
CONVERGENCEFAIL 342500 JUNCTION      2 KNOTEN     303.56 DEGCRA
 The iteration of the junction massflow failed to
 converge within  25 iterations.
                    24 iteration   25 iteration
 Pressure    [Pa]:    175886.98      175886.98
 Difference in percent of meanvalue:   -0.00
 Mass flow error [percent of total massflow]:  -1.38
ENDOFMESSAGE
MESSAGE
CONVERGENCEFAIL 342500 JUNCTION      2 KNOTEN     304.82 DEGCRA
 The iteration of the junction massflow failed to
 converge within  25 iterations.
                    24 iteration   25 iteration
 Pressure    [Pa]:    174608.38      174608.38
 Difference in percent of meanvalue:    0.00
 Mass flow error [percent of total massflow]:  -1.28
ENDOFMESSAGE
MESSAGE
CONVERGENCEFAIL 342500 JUNCTION      2 KNOTEN     306.08 DEGCRA
 The iteration of the junction massflow failed to
 converge within  25 iterations.
                    24 iteration   25 iteration
 Pressure    [Pa]:    173384.06      173384.06
 Difference in percent of meanvalue:    0.00
 Mass flow error [percent of total massflow]:  -0.97
ENDOFMESSAGE
MESSAGE
CONVERGENCEFAIL 342500 JUNCTION      2 KNOTEN     307.34 DEGCRA
 The iteration of the junction massflow failed to
 converge within  25 iterations.
                    24 iteration   25 iteration
 Pressure    [Pa]:    172336.01      172336.01
 Difference in percent of meanvalue:    0.00
 Mass flow error [percent of total massflow]:  -0.90
ENDOFMESSAGE
MESSAGE
CONVERGENCEFAIL 342500 JUNCTION      1 KNOTEN     354.12 DEGCRA
 The iteration of the junction massflow failed to
 converge within  25 iterations.
                    24 iteration   25 iteration
 Pressure    [Pa]:    169188.69      169188.69
 Difference in percent of meanvalue:    0.00
 Mass flow error [percent of total massflow]:  10.00
ENDOFMESSAGE
MESSAGE
CONVERGENCEFAIL 342500 JUNCTION      2 KNOTEN     356.79 DEGCRA
 The iteration of the junction massflow failed to
 converge within  25 iterations.
                    24 iteration   25 iteration
 Pressure    [Pa]:    188600.96      188600.96
 Difference in percent of meanvalue:    0.00
 Mass flow error [percent of total massflow]:   2.14
ENDOFMESSAGE
MESSAGE
CONVERGENCEFAIL 342500 JUNCTION      2 KNOTEN     359.06 DEGCRA
 The iteration of the junction massflow failed to
 converge within  25 iterations.
                    24 iteration   25 iteration
 Pressure    [Pa]:    184284.53      184284.53
 Difference in percent of meanvalue:    0.00
 Mass flow error [percent of total massflow]:   0.50
ENDOFMESSAGE
MESSAGE
CONVERGENCEFAIL 342500 JUNCTION      2 KNOTEN     362.68 DEGCRA
 The iteration of the junction massflow failed to
 converge within  25 iterations.
                    24 iteration   25 iteration
 Pressure    [Pa]:    176685.85      176685.85
 Difference in percent of meanvalue:    0.00
 Mass flow error [percent of total massflow]:   0.53
ENDOFMESSAGE
MESSAGE
CONVERGENCEFAIL 342500 JUNCTION      1 KNOTEN     372.06 DEGCRA
 The iteration of the junction massflow failed to
 converge within  25 iterations.
                    24 iteration   25 iteration
 Pressure    [Pa]:    176592.97      176592.97
 Difference in percent of meanvalue:    0.00
 Mass flow error [percent of total massflow]:   0.83
ENDOFMESSAGE
MESSAGE
CONVERGENCEFAIL 342500 JUNCTION      2 KNOTEN     374.74 DEGCRA
 The iteration of the junction massflow failed to
 converge within  25 iterations.
                    24 iteration   25 iteration
 Pressure    [Pa]:    157219.48      157219.48
 Difference in percent of meanvalue:    0.00
 Mass flow error [percent of total massflow]:   1.16
ENDOFMESSAGE
MESSAGE
CONVERGENCEFAIL 342500 JUNCTION      1 KNOTEN     397.52 DEGCRA
 The iteration of the junction massflow failed to
 converge within  25 iterations.
                    24 iteration   25 iteration
 Pressure    [Pa]:    190832.96      190832.96
 Difference in percent of meanvalue:    0.00
 Mass flow error [percent of total massflow]:  -0.55
ENDOFMESSAGE
MESSAGE
CONVERGENCEFAIL 342500 JUNCTION      1 KNOTEN     398.59 DEGCRA
 The iteration of the junction massflow failed to
 converge within  25 iterations.
                    24 iteration   25 iteration
 Pressure    [Pa]:    190832.96      190832.96
 Difference in percent of meanvalue:    0.00
 Mass flow error [percent of total massflow]:  -1.09
ENDOFMESSAGE
MESSAGE
CONVERGENCEFAIL 342500 JUNCTION      1 KNOTEN     401.78 DEGCRA
 The iteration of the junction massflow failed to
 converge within  25 iterations.
                    24 iteration   25 iteration
 Pressure    [Pa]:    189594.91      189594.91
 Difference in percent of meanvalue:    0.00
 Mass flow error [percent of total massflow]:  -0.70
ENDOFMESSAGE
MESSAGE
CONVERGENCEFAIL 342500 JUNCTION      1 KNOTEN     402.84 DEGCRA
 The iteration of the junction massflow failed to
 converge within  25 iterations.
                    24 iteration   25 iteration
 Pressure    [Pa]:    189594.91      189594.91
 Difference in percent of meanvalue:    0.00
 Mass flow error [percent of total massflow]:  -1.00
ENDOFMESSAGE
MESSAGE
CONVERGENCEFAIL 342500 JUNCTION      2 KNOTEN     429.67 DEGCRA
 The iteration of the junction massflow failed to
 converge within  25 iterations.
                    24 iteration   25 iteration
 Pressure    [Pa]:    222245.03      222245.03
 Difference in percent of meanvalue:    0.00
 Mass flow error [percent of total massflow]:   0.82
ENDOFMESSAGE
MESSAGE
CONVERGENCEFAIL 342500 JUNCTION      2 KNOTEN     431.01 DEGCRA
 The iteration of the junction massflow failed to
 converge within  25 iterations.
                    24 iteration   25 iteration
 Pressure    [Pa]:    219084.17      219084.17
 Difference in percent of meanvalue:    0.00
 Mass flow error [percent of total massflow]:   0.88
ENDOFMESSAGE
MESSAGE
CONVERGENCEFAIL 342500 JUNCTION      2 KNOTEN     432.35 DEGCRA
 The iteration of the junction massflow failed to
 converge within  25 iterations.
                    24 iteration   25 iteration
 Pressure    [Pa]:    215710.16      215710.16
 Difference in percent of meanvalue:    0.00
 Mass flow error [percent of total massflow]:   0.57
ENDOFMESSAGE
MESSAGE
CONVERGENCEFAIL 342500 JUNCTION      2 KNOTEN     439.05 DEGCRA
 The iteration of the junction massflow failed to
 converge within  25 iterations.
                    24 iteration   25 iteration
 Pressure    [Pa]:    196462.78      196462.78
 Difference in percent of meanvalue:    0.00
 Mass flow error [percent of total massflow]:   0.53
ENDOFMESSAGE
MESSAGE
CONVERGENCEFAIL 342500 JUNCTION      2 KNOTEN     444.34 DEGCRA
 The iteration of the junction massflow failed to
 converge within  25 iterations.
                    24 iteration   25 iteration
 Pressure    [Pa]:    179407.08      179407.08
 Difference in percent of meanvalue:    0.00
 Mass flow error [percent of total massflow]:   0.51
ENDOFMESSAGE
MESSAGE
CONVERGENCEFAIL 342500 JUNCTION      2 KNOTEN     445.64 DEGCRA
 The iteration of the junction massflow failed to
 converge within  25 iterations.
                    24 iteration   25 iteration
 Pressure    [Pa]:    175673.16      175673.16
 Difference in percent of meanvalue:    0.00
 Mass flow error [percent of total massflow]:   0.54
ENDOFMESSAGE
MESSAGE
CONVERGENCEFAIL 342500 JUNCTION      2 KNOTEN     446.93 DEGCRA
 The iteration of the junction massflow failed to
 converge within  25 iterations.
                    24 iteration   25 iteration
 Pressure    [Pa]:    172399.58      172399.58
 Difference in percent of meanvalue:    0.00
 Mass flow error [percent of total massflow]:   0.57
ENDOFMESSAGE
MESSAGE
CONVERGENCEFAIL 342500 JUNCTION      2 KNOTEN     448.22 DEGCRA
 The iteration of the junction massflow failed to
 converge within  25 iterations.
                    24 iteration   25 iteration
 Pressure    [Pa]:    169576.85      169576.85
 Difference in percent of meanvalue:    0.00
 Mass flow error [percent of total massflow]:   0.66
ENDOFMESSAGE
MESSAGE
CONVERGENCEFAIL 342500 JUNCTION      2 KNOTEN     449.51 DEGCRA
 The iteration of the junction massflow failed to
 converge within  25 iterations.
                    24 iteration   25 iteration
 Pressure    [Pa]:    167294.70      167294.70
 Difference in percent of meanvalue:    0.00
 Mass flow error [percent of total massflow]:   0.59
ENDOFMESSAGE
MESSAGE
CONVERGENCEFAIL 342500 JUNCTION      2 KNOTEN     452.10 DEGCRA
 The iteration of the junction massflow failed to
 converge within  25 iterations.
                    24 iteration   25 iteration
 Pressure    [Pa]:    163659.14      163659.14
 Difference in percent of meanvalue:    0.00
 Mass flow error [percent of total massflow]:   0.59
ENDOFMESSAGE
MESSAGE
CONVERGENCEFAIL 342500 JUNCTION      2 KNOTEN     453.41 DEGCRA
 The iteration of the junction massflow failed to
 converge within  25 iterations.
                    24 iteration   25 iteration
 Pressure    [Pa]:    162055.15      162055.15
 Difference in percent of meanvalue:    0.00
 Mass flow error [percent of total massflow]:   0.56
ENDOFMESSAGE
MESSAGE
CONVERGENCEFAIL 342500 JUNCTION      2 KNOTEN     454.74 DEGCRA
 The iteration of the junction massflow failed to
 converge within  25 iterations.
                    24 iteration   25 iteration
 Pressure    [Pa]:    160336.18      160336.18
 Difference in percent of meanvalue:    0.00
 Mass flow error [percent of total massflow]:   0.73
ENDOFMESSAGE
MESSAGE
CONVERGENCEFAIL 342500 JUNCTION      2 KNOTEN     456.08 DEGCRA
 The iteration of the junction massflow failed to
 converge within  25 iterations.
                    24 iteration   25 iteration
 Pressure    [Pa]:    158470.72      158470.72
 Difference in percent of meanvalue:    0.00
 Mass flow error [percent of total massflow]:   0.96
ENDOFMESSAGE
MESSAGE
CONVERGENCEFAIL 342500 JUNCTION      2 KNOTEN     523.44 DEGCRA
 The iteration of the junction massflow failed to
 converge within  25 iterations.
                    24 iteration   25 iteration
 Pressure    [Pa]:    181254.04      181254.04
 Difference in percent of meanvalue:    0.00
 Mass flow error [percent of total massflow]:   2.27
ENDOFMESSAGE
MESSAGE
CONVERGENCEFAIL 342500 JUNCTION      2 KNOTEN     524.78 DEGCRA
 The iteration of the junction massflow failed to
 converge within  25 iterations.
                    24 iteration   25 iteration
 Pressure    [Pa]:    179523.66      179523.66
 Difference in percent of meanvalue:    0.00
 Mass flow error [percent of total massflow]:   2.46
ENDOFMESSAGE
MESSAGE
CONVERGENCEFAIL 342500 JUNCTION      2 KNOTEN     526.12 DEGCRA
 The iteration of the junction massflow failed to
 converge within  25 iterations.
                    24 iteration   25 iteration
 Pressure    [Pa]:    177842.05      177842.05
 Difference in percent of meanvalue:    0.00
 Mass flow error [percent of total massflow]:   0.70
ENDOFMESSAGE
MESSAGE
CONVERGENCEFAIL 342500 JUNCTION      2 KNOTEN     540.86 DEGCRA
 The iteration of the junction massflow failed to
 converge within  25 iterations.
                    24 iteration   25 iteration
 Pressure    [Pa]:    165203.66      165203.66
 Difference in percent of meanvalue:    0.00
 Mass flow error [percent of total massflow]:  -0.95
ENDOFMESSAGE
MESSAGE
CONVERGENCEFAIL 342500 JUNCTION      2 KNOTEN     542.20 DEGCRA
 The iteration of the junction massflow failed to
 converge within  25 iterations.
                    24 iteration   25 iteration
 Pressure    [Pa]:    164574.74      164574.74
 Difference in percent of meanvalue:    0.00
 Mass flow error [percent of total massflow]:  -0.53
ENDOFMESSAGE
MESSAGE
CONVERGENCEFAIL 342500 JUNCTION      2 KNOTEN     587.40 DEGCRA
 The iteration of the junction massflow failed to
 converge within  25 iterations.
                    24 iteration   25 iteration
 Pressure    [Pa]:    182126.83      182126.83
 Difference in percent of meanvalue:    0.00
 Mass flow error [percent of total massflow]:   1.39
ENDOFMESSAGE
MESSAGE
CONVERGENCEFAIL 342500 JUNCTION      2 KNOTEN     588.74 DEGCRA
 The iteration of the junction massflow failed to
 converge within  25 iterations.
                    24 iteration   25 iteration
 Pressure    [Pa]:    180146.21      180146.21
 Difference in percent of meanvalue:    0.00
 Mass flow error [percent of total massflow]:   0.58
ENDOFMESSAGE
MESSAGE
CONVERGENCEFAIL 342500 JUNCTION      2 KNOTEN     590.08 DEGCRA
 The iteration of the junction massflow failed to
 converge within  25 iterations.
                    24 iteration   25 iteration
 Pressure    [Pa]:    178284.77      178284.77
 Difference in percent of meanvalue:    0.00
 Mass flow error [percent of total massflow]:   0.55
ENDOFMESSAGE
MESSAGE
CONVERGENCEFAIL 342500 JUNCTION      2 KNOTEN     591.42 DEGCRA
 The iteration of the junction massflow failed to
 converge within  25 iterations.
                    24 iteration   25 iteration
 Pressure    [Pa]:    176619.24      176619.24
 Difference in percent of meanvalue:    0.00
 Mass flow error [percent of total massflow]:   0.51
ENDOFMESSAGE
MESSAGE
CONVERGENCEFAIL 342500 JUNCTION      1 KNOTEN     878.05 DEGCRA
 The iteration of the junction massflow failed to
 converge within  25 iterations.
                    24 iteration   25 iteration
 Pressure    [Pa]:    221636.01      221636.01
 Difference in percent of meanvalue:    0.00
 Mass flow error [percent of total massflow]:   1.11
ENDOFMESSAGE
MESSAGE
CONVERGENCEFAIL 342500 JUNCTION      2 KNOTEN     920.90 DEGCRA
 The iteration of the junction massflow failed to
 converge within  25 iterations.
                    24 iteration   25 iteration
 Pressure    [Pa]:    277844.81      277844.81
 Difference in percent of meanvalue:    0.00
 Mass flow error [percent of total massflow]:  -0.90
ENDOFMESSAGE
MESSAGE
CONVERGENCEFAIL 342500 JUNCTION      2 KNOTEN     923.39 DEGCRA
 The iteration of the junction massflow failed to
 converge within  25 iterations.
                    24 iteration   25 iteration
 Pressure    [Pa]:    275044.42      275044.42
 Difference in percent of meanvalue:    0.00
 Mass flow error [percent of total massflow]:  -0.85
ENDOFMESSAGE
MESSAGE
CONVERGENCEFAIL 342500 JUNCTION      2 KNOTEN     924.63 DEGCRA
 The iteration of the junction massflow failed to
 converge within  25 iterations.
                    24 iteration   25 iteration
 Pressure    [Pa]:    268367.34      268367.34
 Difference in percent of meanvalue:    0.00
 Mass flow error [percent of total massflow]:  -0.67
ENDOFMESSAGE
MESSAGE
CONVERGENCEFAIL 342500 JUNCTION      2 KNOTEN     925.86 DEGCRA
 The iteration of the junction massflow failed to
 converge within  25 iterations.
                    24 iteration   25 iteration
 Pressure    [Pa]:    260847.76      260847.76
 Difference in percent of meanvalue:   -0.00
 Mass flow error [percent of total massflow]:  -0.58
ENDOFMESSAGE
MESSAGE
CONVERGENCEFAIL 342500 JUNCTION      2 KNOTEN     965.08 DEGCRA
 The iteration of the junction massflow failed to
 converge within  25 iterations.
                    24 iteration   25 iteration
 Pressure    [Pa]:    182247.38      182247.38
 Difference in percent of meanvalue:    0.00
 Mass flow error [percent of total massflow]:   2.77
ENDOFMESSAGE
MESSAGE
RUNINFO 163607 TURBOCHARGER      1 TURLAD    2160.00 DEGCRA
 Cycle number     3 completed:
 Compressorwork [J] :  0.53365E+03, average pressure ratio [-]:  2.500
 Turbinework    [J] :  0.59158E+03, average pressure ratio [-]:  2.402
 Added Mechanical Work  [J] :  0.00000E+00
 relative energy balance error [-] : -0.82803E-01
 new estimate of TurbineToTotal Massflow :  0.92049E+00
ENDOFMESSAGE
MESSAGE
CONVERGENCEFAIL 342500 JUNCTION      2 KNOTEN    2577.49 DEGCRA
 The iteration of the junction massflow failed to
 converge within  25 iterations.
                    24 iteration   25 iteration
 Pressure    [Pa]:    588955.16      588955.16
 Difference in percent of meanvalue:    0.00
 Mass flow error [percent of total massflow]:   0.54
ENDOFMESSAGE
MESSAGE
CONVERGENCEFAIL 342500 JUNCTION      1 KNOTEN    2579.37 DEGCRA
 The iteration of the junction massflow failed to
 converge within  25 iterations.
                    24 iteration   25 iteration
 Pressure    [Pa]:    526610.46      526610.46
 Difference in percent of meanvalue:    0.00
 Mass flow error [percent of total massflow]:   0.62
ENDOFMESSAGE
MESSAGE
CONVERGENCEFAIL 342500 JUNCTION      1 KNOTEN    2644.97 DEGCRA
 The iteration of the junction massflow failed to
 converge within  25 iterations.
                    24 iteration   25 iteration
 Pressure    [Pa]:    440341.21      440341.21
 Difference in percent of meanvalue:    0.00
 Mass flow error [percent of total massflow]:  -0.98
ENDOFMESSAGE
MESSAGE
CONVERGENCEFAIL 342500 JUNCTION      2 KNOTEN    2701.67 DEGCRA
 The iteration of the junction massflow failed to
 converge within  25 iterations.
                    24 iteration   25 iteration
 Pressure    [Pa]:    456359.95      456359.95
 Difference in percent of meanvalue:    0.00
 Mass flow error [percent of total massflow]:  -1.27
ENDOFMESSAGE
MESSAGE
CONVERGENCEFAIL 342500 JUNCTION      2 KNOTEN    2702.71 DEGCRA
 The iteration of the junction massflow failed to
 converge within  25 iterations.
                    24 iteration   25 iteration
 Pressure    [Pa]:    453568.94      453568.94
 Difference in percent of meanvalue:    0.00
 Mass flow error [percent of total massflow]:  -1.14
ENDOFMESSAGE
MESSAGE
CONVERGENCEFAIL 342500 JUNCTION      2 KNOTEN    2744.33 DEGCRA
 The iteration of the junction massflow failed to
 converge within  25 iterations.
                    24 iteration   25 iteration
 Pressure    [Pa]:    401774.69      401774.69
 Difference in percent of meanvalue:    0.00
 Mass flow error [percent of total massflow]:   0.76
ENDOFMESSAGE
MESSAGE
CONVERGENCEFAIL 342500 JUNCTION      2 KNOTEN    2832.37 DEGCRA
 The iteration of the junction massflow failed to
 converge within  25 iterations.
                    24 iteration   25 iteration
 Pressure    [Pa]:    480159.87      480159.87
 Difference in percent of meanvalue:    0.00
 Mass flow error [percent of total massflow]:   0.78
ENDOFMESSAGE
MESSAGE
CONVERGENCEFAIL 342500 JUNCTION      1 KNOTEN    3061.99 DEGCRA
 The iteration of the junction massflow failed to
 converge within  25 iterations.
                    24 iteration   25 iteration
 Pressure    [Pa]:    521051.52      521051.52
 Difference in percent of meanvalue:   -0.00
 Mass flow error [percent of total massflow]:  -0.56
ENDOFMESSAGE
MESSAGE
CONVERGENCEFAIL 342500 JUNCTION      1 KNOTEN    3062.95 DEGCRA
 The iteration of the junction massflow failed to
 converge within  25 iterations.
                    24 iteration   25 iteration
 Pressure    [Pa]:    520307.84      520307.84
 Difference in percent of meanvalue:    0.00
 Mass flow error [percent of total massflow]:  -2.50
ENDOFMESSAGE
MESSAGE
CONVERGENCEFAIL 342500 JUNCTION      2 KNOTEN    3137.58 DEGCRA
 The iteration of the junction massflow failed to
 converge within  25 iterations.
                    24 iteration   25 iteration
 Pressure    [Pa]:    451148.08      451148.08
 Difference in percent of meanvalue:    0.00
 Mass flow error [percent of total massflow]:   1.12
ENDOFMESSAGE
MESSAGE
CONVERGENCEFAIL 342500 JUNCTION      2 KNOTEN    3142.53 DEGCRA
 The iteration of the junction massflow failed to
 converge within  25 iterations.
                    24 iteration   25 iteration
 Pressure    [Pa]:    429105.07      429105.07
 Difference in percent of meanvalue:    0.00
 Mass flow error [percent of total massflow]:   0.66
ENDOFMESSAGE
MESSAGE
CONVERGENCEFAIL 342500 JUNCTION      2 KNOTEN    3145.49 DEGCRA
 The iteration of the junction massflow failed to
 converge within  25 iterations.
                    24 iteration   25 iteration
 Pressure    [Pa]:    413632.65      413632.65
 Difference in percent of meanvalue:    0.00
 Mass flow error [percent of total massflow]:   0.77
ENDOFMESSAGE
MESSAGE
CONVERGENCEFAIL 342500 JUNCTION      2 KNOTEN    3147.47 DEGCRA
 The iteration of the junction massflow failed to
 converge within  25 iterations.
                    24 iteration   25 iteration
 Pressure    [Pa]:    401484.02      401484.02
 Difference in percent of meanvalue:    0.00
 Mass flow error [percent of total massflow]:   0.90
ENDOFMESSAGE
MESSAGE
CONVERGENCEFAIL 342500 JUNCTION      2 KNOTEN    3148.46 DEGCRA
 The iteration of the junction massflow failed to
 converge within  25 iterations.
                    24 iteration   25 iteration
 Pressure    [Pa]:    395527.75      395527.75
 Difference in percent of meanvalue:    0.00
 Mass flow error [percent of total massflow]:   1.16
ENDOFMESSAGE
MESSAGE
CONVERGENCEFAIL 342500 JUNCTION      2 KNOTEN    3149.44 DEGCRA
 The iteration of the junction massflow failed to
 converge within  25 iterations.
                    24 iteration   25 iteration
 Pressure    [Pa]:    390033.81      390033.81
 Difference in percent of meanvalue:    0.00
 Mass flow error [percent of total massflow]:   1.23
ENDOFMESSAGE
MESSAGE
CONVERGENCEFAIL 342500 JUNCTION      2 KNOTEN    3150.43 DEGCRA
 The iteration of the junction massflow failed to
 converge within  25 iterations.
                    24 iteration   25 iteration
 Pressure    [Pa]:    384942.29      384942.29
 Difference in percent of meanvalue:    0.00
 Mass flow error [percent of total massflow]:   1.49
ENDOFMESSAGE
MESSAGE
CONVERGENCEFAIL 342500 JUNCTION      2 KNOTEN    3151.42 DEGCRA
 The iteration of the junction massflow failed to
 converge within  25 iterations.
                    24 iteration   25 iteration
 Pressure    [Pa]:    380684.67      380684.67
 Difference in percent of meanvalue:    0.00
 Mass flow error [percent of total massflow]:   1.02
ENDOFMESSAGE
MESSAGE
CONVERGENCEFAIL 342500 JUNCTION      1 KNOTEN    3152.40 DEGCRA
 The iteration of the junction massflow failed to
 converge within  25 iterations.
                    24 iteration   25 iteration
 Pressure    [Pa]:    397395.45      397395.45
 Difference in percent of meanvalue:    0.00
 Mass flow error [percent of total massflow]:   0.69
ENDOFMESSAGE
MESSAGE
CONVERGENCEFAIL 342500 JUNCTION      1 KNOTEN    3153.38 DEGCRA
 The iteration of the junction massflow failed to
 converge within  25 iterations.
                    24 iteration   25 iteration
 Pressure    [Pa]:    391186.98      391186.98
 Difference in percent of meanvalue:    0.00
 Mass flow error [percent of total massflow]:   1.05
ENDOFMESSAGE
MESSAGE
CONVERGENCEFAIL 342500 JUNCTION      1 KNOTEN    3154.37 DEGCRA
 The iteration of the junction massflow failed to
 converge within  25 iterations.
                    24 iteration   25 iteration
 Pressure    [Pa]:    384579.75      384579.75
 Difference in percent of meanvalue:    0.00
 Mass flow error [percent of total massflow]:   1.85
ENDOFMESSAGE
MESSAGE
CONVERGENCEFAIL 342500 JUNCTION      1 KNOTEN    3155.35 DEGCRA
 The iteration of the junction massflow failed to
 converge within  25 iterations.
                    24 iteration   25 iteration
 Pressure    [Pa]:    378056.13      378056.13
 Difference in percent of meanvalue:    0.00
 Mass flow error [percent of total massflow]:   2.95
ENDOFMESSAGE
MESSAGE
CONVERGENCEFAIL 342500 JUNCTION      1 KNOTEN    3156.33 DEGCRA
 The iteration of the junction massflow failed to
 converge within  25 iterations.
                    24 iteration   25 iteration
 Pressure    [Pa]:    372106.29      372106.29
 Difference in percent of meanvalue:    0.00
 Mass flow error [percent of total massflow]:   2.71
ENDOFMESSAGE
MESSAGE
CONVERGENCEFAIL 342500 JUNCTION      1 KNOTEN    3157.30 DEGCRA
 The iteration of the junction massflow failed to
 converge within  25 iterations.
                    24 iteration   25 iteration
 Pressure    [Pa]:    366846.90      366846.90
 Difference in percent of meanvalue:    0.00
 Mass flow error [percent of total massflow]:   1.47
ENDOFMESSAGE
MESSAGE
CONVERGENCEFAIL 342500 JUNCTION      1 KNOTEN    3158.28 DEGCRA
 The iteration of the junction massflow failed to
 converge within  25 iterations.
                    24 iteration   25 iteration
 Pressure    [Pa]:    362418.49      362418.49
 Difference in percent of meanvalue:    0.00
 Mass flow error [percent of total massflow]:   0.71
ENDOFMESSAGE
MESSAGE
CONVERGENCEFAIL 342500 JUNCTION      2 KNOTEN    3204.39 DEGCRA
 The iteration of the junction massflow failed to
 converge within  25 iterations.
                    24 iteration   25 iteration
 Pressure    [Pa]:    406515.74      406515.74
 Difference in percent of meanvalue:    0.00
 Mass flow error [percent of total massflow]:   2.36
ENDOFMESSAGE
MESSAGE
CONVERGENCEFAIL 342500 JUNCTION      2 KNOTEN    3208.05 DEGCRA
 The iteration of the junction massflow failed to
 converge within  25 iterations.
                    24 iteration   25 iteration
 Pressure    [Pa]:    384975.02      384975.02
 Difference in percent of meanvalue:    0.00
 Mass flow error [percent of total massflow]:   0.59
ENDOFMESSAGE
MESSAGE
CONVERGENCEFAIL 342500 JUNCTION      2 KNOTEN    3223.70 DEGCRA
 The iteration of the junction massflow failed to
 converge within  25 iterations.
                    24 iteration   25 iteration
 Pressure    [Pa]:    321501.17      321501.17
 Difference in percent of meanvalue:   -0.00
 Mass flow error [percent of total massflow]:  -0.54
ENDOFMESSAGE
MESSAGE
CONVERGENCEFAIL 342500 JUNCTION      2 KNOTEN    3317.62 DEGCRA
 The iteration of the junction massflow failed to
 converge within  25 iterations.
                    24 iteration   25 iteration
 Pressure    [Pa]:    403275.47      403275.47
 Difference in percent of meanvalue:    0.00
 Mass flow error [percent of total massflow]:   0.51
ENDOFMESSAGE
MESSAGE
CONVERGENCEFAIL 342500 JUNCTION      2 KNOTEN    3318.60 DEGCRA
 The iteration of the junction massflow failed to
 converge within  25 iterations.
                    24 iteration   25 iteration
 Pressure    [Pa]:    393293.85      393293.85
 Difference in percent of meanvalue:    0.00
 Mass flow error [percent of total massflow]:   0.55
ENDOFMESSAGE
MESSAGE
CONVERGENCEFAIL 342500 JUNCTION      2 KNOTEN    3319.58 DEGCRA
 The iteration of the junction massflow failed to
 converge within  25 iterations.
                    24 iteration   25 iteration
 Pressure    [Pa]:    383727.07      383727.07
 Difference in percent of meanvalue:    0.00
 Mass flow error [percent of total massflow]:   0.52
ENDOFMESSAGE
MESSAGE
CONVERGENCEFAIL 342500 JUNCTION      2 KNOTEN    3320.58 DEGCRA
 The iteration of the junction massflow failed to
 converge within  25 iterations.
                    24 iteration   25 iteration
 Pressure    [Pa]:    374154.43      374154.43
 Difference in percent of meanvalue:    0.00
 Mass flow error [percent of total massflow]:   0.50
ENDOFMESSAGE
MESSAGE
CONVERGENCEFAIL 342500 JUNCTION      1 KNOTEN    3373.03 DEGCRA
 The iteration of the junction massflow failed to
 converge within  25 iterations.
                    24 iteration   25 iteration
 Pressure    [Pa]:    370710.57      370710.57
 Difference in percent of meanvalue:    0.00
 Mass flow error [percent of total massflow]:   2.32
ENDOFMESSAGE
MESSAGE
CONVERGENCEFAIL 342500 JUNCTION      2 KNOTEN    3374.02 DEGCRA
 The iteration of the junction massflow failed to
 converge within  25 iterations.
                    24 iteration   25 iteration
 Pressure    [Pa]:    403369.95      403369.95
 Difference in percent of meanvalue:    0.00
 Mass flow error [percent of total massflow]:   1.01
ENDOFMESSAGE
MESSAGE
CONVERGENCEFAIL 342500 JUNCTION      2 KNOTEN    3376.03 DEGCRA
 The iteration of the junction massflow failed to
 converge within  25 iterations.
                    24 iteration   25 iteration
 Pressure    [Pa]:    393870.21      393870.21
 Difference in percent of meanvalue:    0.00
 Mass flow error [percent of total massflow]:   0.62
ENDOFMESSAGE
MESSAGE
CONVERGENCEFAIL 342500 JUNCTION      2 KNOTEN    3377.03 DEGCRA
 The iteration of the junction massflow failed to
 converge within  25 iterations.
                    24 iteration   25 iteration
 Pressure    [Pa]:    388253.18      388253.18
 Difference in percent of meanvalue:    0.00
 Mass flow error [percent of total massflow]:   0.65
ENDOFMESSAGE
MESSAGE
CONVERGENCEFAIL 342500 JUNCTION      2 KNOTEN    3378.03 DEGCRA
 The iteration of the junction massflow failed to
 converge within  25 iterations.
                    24 iteration   25 iteration
 Pressure    [Pa]:    382243.00      382243.00
 Difference in percent of meanvalue:    0.00
 Mass flow error [percent of total massflow]:   0.68
ENDOFMESSAGE
MESSAGE
CONVERGENCEFAIL 342500 JUNCTION      2 KNOTEN    3379.03 DEGCRA
 The iteration of the junction massflow failed to
 converge within  25 iterations.
                    24 iteration   25 iteration
 Pressure    [Pa]:    376057.79      376057.79
 Difference in percent of meanvalue:    0.00
 Mass flow error [percent of total massflow]:   0.70
ENDOFMESSAGE
MESSAGE
CONVERGENCEFAIL 342500 JUNCTION      2 KNOTEN    3380.03 DEGCRA
 The iteration of the junction massflow failed to
 converge within  25 iterations.
                    24 iteration   25 iteration
 Pressure    [Pa]:    370164.93      370164.93
 Difference in percent of meanvalue:    0.00
 Mass flow error [percent of total massflow]:   0.65
ENDOFMESSAGE
MESSAGE
CONVERGENCEFAIL 342500 JUNCTION      2 KNOTEN    3381.03 DEGCRA
 The iteration of the junction massflow failed to
 converge within  25 iterations.
                    24 iteration   25 iteration
 Pressure    [Pa]:    364841.50      364841.50
 Difference in percent of meanvalue:    0.00
 Mass flow error [percent of total massflow]:   0.59
ENDOFMESSAGE
MESSAGE
CONVERGENCEFAIL 342500 JUNCTION      2 KNOTEN    3387.02 DEGCRA
 The iteration of the junction massflow failed to
 converge within  25 iterations.
                    24 iteration   25 iteration
 Pressure    [Pa]:    343999.37      343999.37
 Difference in percent of meanvalue:    0.00
 Mass flow error [percent of total massflow]:   0.53
ENDOFMESSAGE
MESSAGE
CONVERGENCEFAIL 342500 JUNCTION      2 KNOTEN    3388.02 DEGCRA
 The iteration of the junction massflow failed to
 converge within  25 iterations.
                    24 iteration   25 iteration
 Pressure    [Pa]:    340734.80      340734.80
 Difference in percent of meanvalue:    0.00
 Mass flow error [percent of total massflow]:   0.67
ENDOFMESSAGE
MESSAGE
CONVERGENCEFAIL 342500 JUNCTION      2 KNOTEN    3389.02 DEGCRA
 The iteration of the junction massflow failed to
 converge within  25 iterations.
                    24 iteration   25 iteration
 Pressure    [Pa]:    337327.46      337327.46
 Difference in percent of meanvalue:    0.00
 Mass flow error [percent of total massflow]:   2.31
ENDOFMESSAGE
MESSAGE
CONVERGENCEFAIL 342500 JUNCTION      2 KNOTEN    3394.01 DEGCRA
 The iteration of the junction massflow failed to
 converge within  25 iterations.
                    24 iteration   25 iteration
 Pressure    [Pa]:    322464.76      322464.76
 Difference in percent of meanvalue:    0.00
 Mass flow error [percent of total massflow]:  -0.84
ENDOFMESSAGE
MESSAGE
CONVERGENCEFAIL 342500 JUNCTION      1 KNOTEN    3432.07 DEGCRA
 The iteration of the junction massflow failed to
 converge within  25 iterations.
                    24 iteration   25 iteration
 Pressure    [Pa]:    343751.57      343751.57
 Difference in percent of meanvalue:    0.00
 Mass flow error [percent of total massflow]:   0.68
ENDOFMESSAGE
MESSAGE
CONVERGENCEFAIL 342500 JUNCTION      2 KNOTEN    3437.12 DEGCRA
 The iteration of the junction massflow failed to
 converge within  25 iterations.
                    24 iteration   25 iteration
 Pressure    [Pa]:    363058.31      363058.31
 Difference in percent of meanvalue:    0.00
 Mass flow error [percent of total massflow]:   1.21
ENDOFMESSAGE
MESSAGE
CONVERGENCEFAIL 342500 JUNCTION      2 KNOTEN    3438.13 DEGCRA
 The iteration of the junction massflow failed to
 converge within  25 iterations.
                    24 iteration   25 iteration
 Pressure    [Pa]:    358559.98      358559.98
 Difference in percent of meanvalue:    0.00
 Mass flow error [percent of total massflow]:   0.60
ENDOFMESSAGE
MESSAGE
CONVERGENCEFAIL 342500 JUNCTION      2 KNOTEN    3439.14 DEGCRA
 The iteration of the junction massflow failed to
 converge within  25 iterations.
                    24 iteration   25 iteration
 Pressure    [Pa]:    353595.30      353595.30
 Difference in percent of meanvalue:    0.00
 Mass flow error [percent of total massflow]:   0.60
ENDOFMESSAGE
MESSAGE
CONVERGENCEFAIL 342500 JUNCTION      2 KNOTEN    3440.14 DEGCRA
 The iteration of the junction massflow failed to
 converge within  25 iterations.
                    24 iteration   25 iteration
 Pressure    [Pa]:    348749.59      348749.59
 Difference in percent of meanvalue:    0.00
 Mass flow error [percent of total massflow]:   0.61
ENDOFMESSAGE
MESSAGE
CONVERGENCEFAIL 342500 JUNCTION      2 KNOTEN    3441.15 DEGCRA
 The iteration of the junction massflow failed to
 converge within  25 iterations.
                    24 iteration   25 iteration
 Pressure    [Pa]:    344251.93      344251.93
 Difference in percent of meanvalue:    0.00
 Mass flow error [percent of total massflow]:   0.59
ENDOFMESSAGE
MESSAGE
CONVERGENCEFAIL 342500 JUNCTION      2 KNOTEN    3442.15 DEGCRA
 The iteration of the junction massflow failed to
 converge within  25 iterations.
                    24 iteration   25 iteration
 Pressure    [Pa]:    340223.63      340223.63
 Difference in percent of meanvalue:    0.00
 Mass flow error [percent of total massflow]:   0.55
ENDOFMESSAGE
MESSAGE
RUNINFO 163607 TURBOCHARGER      1 TURLAD    3600.00 DEGCRA
 Cycle number     5 completed:
 Compressorwork [J] :  0.51812E+03, average pressure ratio [-]:  2.500
 Turbinework    [J] :  0.12619E+04, average pressure ratio [-]:  2.690
 Added Mechanical Work  [J] :  0.00000E+00
 relative energy balance error [-] : -0.81897E+00
 new estimate of TurbineToTotal Massflow :  0.82844E+00
ENDOFMESSAGE
MESSAGE
CONVERGENCEFAIL 342500 JUNCTION      1 KNOTEN    3637.77 DEGCRA
 The iteration of the junction massflow failed to
 converge within  25 iterations.
                    24 iteration   25 iteration
 Pressure    [Pa]:    329871.68      329871.68
 Difference in percent of meanvalue:   -0.00
 Mass flow error [percent of total massflow]:  -0.54
ENDOFMESSAGE
MESSAGE
CONVERGENCEFAIL 342500 JUNCTION      1 KNOTEN    3638.84 DEGCRA
 The iteration of the junction massflow failed to
 converge within  25 iterations.
                    24 iteration   25 iteration
 Pressure    [Pa]:    324439.81      324439.81
 Difference in percent of meanvalue:   -0.00
 Mass flow error [percent of total massflow]:  -0.65
ENDOFMESSAGE
MESSAGE
CONVERGENCEFAIL 342500 JUNCTION      1 KNOTEN    4005.31 DEGCRA
 The iteration of the junction massflow failed to
 converge within  25 iterations.
                    24 iteration   25 iteration
 Pressure    [Pa]:    434060.71      434060.71
 Difference in percent of meanvalue:    0.00
 Mass flow error [percent of total massflow]:   0.84
ENDOFMESSAGE
MESSAGE
CONVERGENCEFAIL 342500 JUNCTION      1 KNOTEN    4036.10 DEGCRA
 The iteration of the junction massflow failed to
 converge within  25 iterations.
                    24 iteration   25 iteration
 Pressure    [Pa]:    401149.84      401149.84
 Difference in percent of meanvalue:   -0.00
 Mass flow error [percent of total massflow]:  -0.54
ENDOFMESSAGE
MESSAGE
CONVERGENCEFAIL 342500 JUNCTION      2 KNOTEN    4048.54 DEGCRA
 The iteration of the junction massflow failed to
 converge within  25 iterations.
                    24 iteration   25 iteration
 Pressure    [Pa]:    313184.18      313184.18
 Difference in percent of meanvalue:   -0.00
 Mass flow error [percent of total massflow]:  -0.55
ENDOFMESSAGE
MESSAGE
CONVERGENCEFAIL 342500 JUNCTION      1 KNOTEN    4092.39 DEGCRA
 The iteration of the junction massflow failed to
 converge within  25 iterations.
                    24 iteration   25 iteration
 Pressure    [Pa]:    347459.59      347459.59
 Difference in percent of meanvalue:    0.00
 Mass flow error [percent of total massflow]:   0.89
ENDOFMESSAGE
MESSAGE
CONVERGENCEFAIL 342500 JUNCTION      1 KNOTEN    4095.57 DEGCRA
 The iteration of the junction massflow failed to
 converge within  25 iterations.
                    24 iteration   25 iteration
 Pressure    [Pa]:    341546.53      341546.53
 Difference in percent of meanvalue:    0.00
 Mass flow error [percent of total massflow]:   0.70
ENDOFMESSAGE
MESSAGE
CONVERGENCEFAIL 342500 JUNCTION      1 KNOTEN    4725.73 DEGCRA
 The iteration of the junction massflow failed to
 converge within  25 iterations.
                    24 iteration   25 iteration
 Pressure    [Pa]:    437193.87      437193.88
 Difference in percent of meanvalue:    0.00
 Mass flow error [percent of total massflow]:  -0.65
ENDOFMESSAGE
MESSAGE
RUNINFO 163607 TURBOCHARGER      1 TURLAD    5040.00 DEGCRA
 Cycle number     7 completed:
 Compressorwork [J] :  0.55402E+03, average pressure ratio [-]:  2.500
 Turbinework    [J] :  0.10258E+04, average pressure ratio [-]:  2.495
 Added Mechanical Work  [J] :  0.00000E+00
 relative energy balance error [-] : -0.57881E+00
 new estimate of TurbineToTotal Massflow :  0.74560E+00
ENDOFMESSAGE
MESSAGE
CONVERGENCEFAIL 342500 JUNCTION      1 KNOTEN    5516.39 DEGCRA
 The iteration of the junction massflow failed to
 converge within  25 iterations.
                    24 iteration   25 iteration
 Pressure    [Pa]:    311360.02      311360.02
 Difference in percent of meanvalue:    0.00
 Mass flow error [percent of total massflow]:   0.53
ENDOFMESSAGE
MESSAGE
CONVERGENCEFAIL 342500 JUNCTION      2 KNOTEN    6444.89 DEGCRA
 The iteration of the junction massflow failed to
 converge within  25 iterations.
                    24 iteration   25 iteration
 Pressure    [Pa]:    342384.71      342384.71
 Difference in percent of meanvalue:    0.00
 Mass flow error [percent of total massflow]:   0.57
ENDOFMESSAGE
MESSAGE
RUNINFO 163607 TURBOCHARGER      1 TURLAD    6480.00 DEGCRA
 Cycle number     9 completed:
 Compressorwork [J] :  0.56662E+03, average pressure ratio [-]:  2.500
 Turbinework    [J] :  0.86613E+03, average pressure ratio [-]:  2.283
 Added Mechanical Work  [J] :  0.00000E+00
 relative energy balance error [-] : -0.39873E+00
 new estimate of TurbineToTotal Massflow :  0.67104E+00
ENDOFMESSAGE
MESSAGE
RUNINFO 163607 TURBOCHARGER      1 TURLAD    7920.00 DEGCRA
 Cycle number    11 completed:
 Compressorwork [J] :  0.57941E+03, average pressure ratio [-]:  2.500
 Turbinework    [J] :  0.71070E+03, average pressure ratio [-]:  2.087
 Added Mechanical Work  [J] :  0.00000E+00
 relative energy balance error [-] : -0.18353E+00
 new estimate of TurbineToTotal Massflow :  0.62248E+00
ENDOFMESSAGE
MESSAGE
RUNINFO 163607 TURBOCHARGER      1 TURLAD    9360.00 DEGCRA
 Cycle number    13 completed:
 Compressorwork [J] :  0.58721E+03, average pressure ratio [-]:  2.500
 Turbinework    [J] :  0.61389E+03, average pressure ratio [-]:  1.968
 Added Mechanical Work  [J] :  0.00000E+00
 relative energy balance error [-] : -0.24234E-01
 new estimate of TurbineToTotal Massflow :  0.61586E+00
ENDOFMESSAGE
MESSAGE
CONVERGENCEFAIL 342500 JUNCTION      2 KNOTEN    9362.87 DEGCRA
 The iteration of the junction massflow failed to
 converge within  25 iterations.
                    24 iteration   25 iteration
 Pressure    [Pa]:    286528.06      286528.06
 Difference in percent of meanvalue:    0.00
 Mass flow error [percent of total massflow]:   0.63
ENDOFMESSAGE
MESSAGE
CONVERGENCEFAIL 342500 JUNCTION      2 KNOTEN   10039.35 DEGCRA
 The iteration of the junction massflow failed to
 converge within  25 iterations.
                    24 iteration   25 iteration
 Pressure    [Pa]:    361525.80      361525.80
 Difference in percent of meanvalue:    0.00
 Mass flow error [percent of total massflow]:   0.70
ENDOFMESSAGE
MESSAGE
RUNINFO 163607 TURBOCHARGER      1 TURLAD   10080.00 DEGCRA
 Cycle number    14 completed:
 Compressorwork [J] :  0.58801E+03, average pressure ratio [-]:  2.500
 Turbinework    [J] :  0.60101E+03, average pressure ratio [-]:  1.952
 Added Mechanical Work  [J] :  0.00000E+00
 relative energy balance error [-] : -0.16618E-02
 new estimate of TurbineToTotal Massflow :  0.61541E+00
ENDOFMESSAGE
MESSAGE
CONVERGENCEFAIL 342500 JUNCTION      2 KNOTEN   10082.87 DEGCRA
 The iteration of the junction massflow failed to
 converge within  25 iterations.
                    24 iteration   25 iteration
 Pressure    [Pa]:    285104.82      285104.81
 Difference in percent of meanvalue:   -0.00
 Mass flow error [percent of total massflow]:   0.55
ENDOFMESSAGE
MESSAGE
RUNINFO 163607 TURBOCHARGER      1 TURLAD   10800.00 DEGCRA
 Cycle number    15 completed:
 Compressorwork [J] :  0.58884E+03, average pressure ratio [-]:  2.500
 Turbinework    [J] :  0.59815E+03, average pressure ratio [-]:  1.950
 Added Mechanical Work  [J] :  0.00000E+00
 relative energy balance error [-] : -0.45225E-02
 new estimate of TurbineToTotal Massflow :  0.61574E+00
ENDOFMESSAGE
MESSAGE
CONVERGENCEFAIL 342500 JUNCTION      1 KNOTEN   11261.61 DEGCRA
 The iteration of the junction massflow failed to
 converge within  25 iterations.
                    24 iteration   25 iteration
 Pressure    [Pa]:    285963.74      285963.74
 Difference in percent of meanvalue:    0.00
 Mass flow error [percent of total massflow]:  -0.52
ENDOFMESSAGE
MESSAGE
CONVERGENCEFAIL 342500 JUNCTION      2 KNOTEN   11479.34 DEGCRA
 The iteration of the junction massflow failed to
 converge within  25 iterations.
                    24 iteration   25 iteration
 Pressure    [Pa]:    361389.36      361389.36
 Difference in percent of meanvalue:    0.00
 Mass flow error [percent of total massflow]:   0.64
ENDOFMESSAGE
MESSAGE
RUNINFO 163607 TURBOCHARGER      1 TURLAD   11520.00 DEGCRA
 Cycle number    16 completed:
 Compressorwork [J] :  0.58906E+03, average pressure ratio [-]:  2.500
 Turbinework    [J] :  0.59814E+03, average pressure ratio [-]:  1.950
 Added Mechanical Work  [J] :  0.00000E+00
 relative energy balance error [-] : -0.48995E-02
 new estimate of TurbineToTotal Massflow :  0.61583E+00
ENDOFMESSAGE
MESSAGE
RUNINFO 163607 TURBOCHARGER      1 TURLAD   12240.00 DEGCRA
 Cycle number    17 completed:
 Compressorwork [J] :  0.58913E+03, average pressure ratio [-]:  2.500
 Turbinework    [J] :  0.59787E+03, average pressure ratio [-]:  1.950
 Added Mechanical Work  [J] :  0.00000E+00
 relative energy balance error [-] : -0.54780E-02
 new estimate of TurbineToTotal Massflow :  0.61585E+00
ENDOFMESSAGE
MESSAGE
RUNINFO 163607 TURBOCHARGER      1 TURLAD   12960.00 DEGCRA
 Cycle number    18 completed:
 Compressorwork [J] :  0.58919E+03, average pressure ratio [-]:  2.500
 Turbinework    [J] :  0.59767E+03, average pressure ratio [-]:  1.950
 Added Mechanical Work  [J] :  0.00000E+00
 relative energy balance error [-] : -0.59091E-02
 new estimate of TurbineToTotal Massflow :  0.61949E+00
ENDOFMESSAGE
MESSAGE
CONVERGENCEFAIL 342500 JUNCTION      2 KNOTEN   13678.89 DEGCRA
 The iteration of the junction massflow failed to
 converge within  25 iterations.
                    24 iteration   25 iteration
 Pressure    [Pa]:    316566.62      316566.62
 Difference in percent of meanvalue:    0.00
 Mass flow error [percent of total massflow]:   0.72
ENDOFMESSAGE
MESSAGE
RUNINFO 163607 TURBOCHARGER      1 TURLAD   13680.00 DEGCRA
 Cycle number    19 completed:
 Compressorwork [J] :  0.58910E+03, average pressure ratio [-]:  2.500
 Turbinework    [J] :  0.60343E+03, average pressure ratio [-]:  1.958
 Added Mechanical Work  [J] :  0.00000E+00
 relative energy balance error [-] : -0.38327E-02
 new estimate of TurbineToTotal Massflow :  0.61805E+00
ENDOFMESSAGE
MESSAGE
CONVERGENCEFAIL 342500 JUNCTION      2 KNOTEN   13682.87 DEGCRA
 The iteration of the junction massflow failed to
 converge within  25 iterations.
                    24 iteration   25 iteration
 Pressure    [Pa]:    285088.32      285088.33
 Difference in percent of meanvalue:    0.00
 Mass flow error [percent of total massflow]:   0.62
ENDOFMESSAGE
MESSAGE
CONVERGENCEFAIL 342500 JUNCTION      2 KNOTEN   14383.59 DEGCRA
 The iteration of the junction massflow failed to
 converge within  25 iterations.
                    24 iteration   25 iteration
 Pressure    [Pa]:    300594.19      300594.19
 Difference in percent of meanvalue:   -0.00
 Mass flow error [percent of total massflow]:  -0.66
ENDOFMESSAGE
MESSAGE
RUNINFO 163607 TURBOCHARGER      1 TURLAD   14400.00 DEGCRA
 Cycle number    20 completed:
 Compressorwork [J] :  0.58889E+03, average pressure ratio [-]:  2.500
 Turbinework    [J] :  0.60155E+03, average pressure ratio [-]:  1.955
 Added Mechanical Work  [J] :  0.00000E+00
 relative energy balance error [-] : -0.10597E-02
 new estimate of TurbineToTotal Massflow :  0.61772E+00
ENDOFMESSAGE
