BOOST Python job started.
Wed, 15 Oct 2025 11:59:18
    AAA    VV   VV  LL        BBBBBB    OOOOO    OOOOO    SSSSS  TTTTTTTT
   AAAAA   VV   VV  LL        BBBBBBB  OOOOOOO  OOOOOOO  SSSSSS  TTTTTTTT
  AA   AA  VV   VV  LL        BB   BB  OO   OO  OO   OO  SS         TT
  AAAAAAA  VV   VV  LL        BBBBBB   OO   OO  OO   OO  SSSSSS     TT
  AAAAAAA  VVV VVV  LL        BB   BB  OO   OO  OO   OO      SS     TT
  AA   AA   VVVVV   LLLLL     BBBBBBB  OOOOOOO  OOOOOOO  SSSSSS     TT
  AA   AA    VVV    LLLLL     BBBBBB    OOOOO    OOOOO   SSSSS      TT

  V E R S I O N   v2022.1.0.0.0
  AVL - Advanced Simulation Technologies
  Platform: x86_64-unknown-winnt_i19v19
  Build date: Apr 27 2022 22:44:48
  Git build hash: 7670062eda46b95e13935a621f250d93513addf7

  System date: 15.10.2025


  input file name:     Nissan_vr38DETT_PFi_biturbo.bst
  sys_1DCFD_solver License will expire in 217 days

  Starting calculation
  -------------------------------
   Cycle   IMEP [bar] of cylinder
  compl.       1       2       3
  -------------------------------
       2   14.61   14.43   21.85
       3   18.98   26.07   29.71
       4   31.91   32.40   32.53
       5   32.27   32.33   32.62
       6   32.95   33.17   33.63
RUNINFO 163608 TURBOCHARGER      1 TURLAD    5040.00 DEGCRA
   The specified compressor pressureratio of  2.80
   can not be achieved in the waste gate calculation mode
   The calculation mode is switched to boost pressure calculation.
       7   33.76   33.96   34.33
       8   34.50   34.34   34.26
       9   33.93   33.73   33.84
      10   33.72   33.49   33.66
      11   33.76   33.83   33.89
      12   33.83   33.79   33.85
      13   33.80   33.75   33.83
      14   33.78   33.74   33.84
      15   33.79   33.72   33.82
      16   33.78   33.70   33.82
      17   33.76   33.72   33.81
      18   33.78   33.71   33.82
      19   33.77   33.73   33.82
      20   33.77   33.73   33.83
  Successful finish for Nissan_vr38DETT_PFi_biturbo.bst

Results tree writer (Boost PPD writer) 2022 R1
Impress chart results tree generation completed.
Result unpacker (boost_unpack) v2022 R1
Results unpacking completed. 
Wed, 15 Oct 2025 11:59:29
BOOST Python job completed.
