 --------------------------------
 AVL - B O O S T
 Version:        v2022.1.0.0.0
 Build:          Apr 27 2022 22:44:48
 Git Build Hash: 7670062eda46b95e13935a621f250d93513addf7
 System:         x86_64-unknown-winnt_i19v19
 --------------------------------

LICENSE
-------
 sys_1DCFD_solver 2022.0@ License will expire in 223 days

PROJECT
-------
 Preprocessor Version :  2022.1
 Calculation date     : 09.10.2025
 File     : single500_GDi.bst
 Case Set : "Case Set 1"
 Case     : "Case 8"
 
 Project ID: "4-Cylinder"
 Run ID:     "WOT"
 Model date: "7.3.2000"

ELEMENTS
--------
 Element Name        Number

 PIPE                  18
 SYSTEMBOUNDARY         2
 CYLINDER               4
 RESTRICTION            8
 MEASURINGPOINT         8
 JUNCTION               2
 ENGINE                 1
 PIPE_END              36
 ALL_PIPES             18
 ALL_BOUNDARIES         2
 RESTRICTIONS           8
 ALL_PIDS               1
 PIPE_VAR_WALL_TEMP    18

GLOBAL DATA
-----------
  Engine Speed :         3500.0  rpm
  Calculationmode:        BOOST  Single
  Cycle Duration:        720.00  degrees
  Max. calc. period:   14400.00  degrees
  Cycles calculated:         20  cycles
  Calc. time steps:     0.89866  degrees (max)
                        0.69687  degrees
                        0.03318  ms
  Traces results step:  5.00000  degrees
  User concentrations:        0
  Ref. pressure:      100000.00  Pa
  Ref. temperature:     298.000  K
  Gas properties:      Variable
  Gasproperties File:     GASOLINE.BGP
     bgp_build_version:   v2013.0.0.0.0
     bgp_build_host:      boosthost
     bgp_build_user:      boost
     bgp_build_date:      2012.03.23
     bgp_build_time:      08:00:00
  Lower calorific:  0.43500E+08  J/kg
  Stoic. A/F-ratio:      14.500

  Warnings:                   4
  Convergence errors:        32

PIPES
-----

 Total number of pipe cells:     65

 Pipe   Cells   Cell size       W.Heat     Wall T    Fric. coeff.   Lam. Fric. Coeff.  Heat Factor       Volume
  nr.                [mm]         [kJ]        [K]             [-]                 [-]          [-]        [dm3]
    1       2        40.0        0.000     340.00        0.040000           64.000000     1.000000     0.070513
    2       2        30.0       -0.005     850.00        0.040000           64.000000     1.000000     0.048255
    3       2        40.0        0.000     340.00        0.040000           64.000000     1.000000     0.070513
    4       2        30.0       -0.005     850.00        0.040000           64.000000     1.000000     0.048255
    5       2        40.0        0.000     340.00        0.040000           64.000000     1.000000     0.070513
    6       2        30.0       -0.005     850.00        0.040000           64.000000     1.000000     0.048255
    7       2        40.0        0.000     340.00        0.040000           64.000000     1.000000     0.070513
    8       2        30.0       -0.005     850.00        0.040000           64.000000     1.000000     0.048255
    9       4        28.8       -0.000     300.00        0.019000           64.000000     1.000000     0.092488
   10       4        28.8       -0.000     300.00        0.019000           64.000000     1.000000     0.092488
   11       4        28.8       -0.000     300.00        0.019000           64.000000     1.000000     0.092488
   12       3        33.3       -0.029     300.00        0.019000           64.000000     1.000000     0.080425
   13       3        33.3       -0.029     300.00        0.019000           64.000000     1.000000     0.080425
   14       3        33.3       -0.029     300.00        0.019000           64.000000     1.000000     0.080425
   15       3        33.3       -0.029     300.00        0.019000           64.000000     1.000000     0.080425
   16      17        30.0       -0.385     300.00        0.019000           64.000000     1.000000     0.409845
   17       4        31.2        0.002     300.00        0.019000           64.000000     1.000000     0.100209
   18       4        28.8       -0.000     300.00        0.019000           64.000000     1.000000     0.092488


MEASURINGPOINTS: Average Values
-------------------------------
 Mp. Pipe Location   Diameter  Pressure  Temp. Ms.Temp.  Velo.   Massflow   Massflow To.Ent.f.  To.Ent.f.  Mach. Wtemp.  Converg.
 nr.  nr.     [mm]       [mm]     [bar]    [K]      [K]  [m/s]      [g/s]  [g/cycle]    [kJ/s]  [kJ/cyc.]    [-]    [K]       [-]
  1   1    10.0000    33.5000    0.9054  326.0    291.0   17.8    10.9515     0.3755    -0.055    -0.0019   0.05  340.0 0.250E-11
  2  12    10.0000    32.0000    1.2996 1085.9   1353.6   28.6    11.7051     0.4013    14.919     0.5115   0.04  300.0 0.979E-11
  3   3    10.0000    33.5000    0.9054  326.0    291.0   17.8    10.9515     0.3755    -0.055    -0.0019   0.05  340.0 0.250E-11
  4  13    10.0000    32.0000    1.2996 1085.9   1353.6   28.6    11.7051     0.4013    14.919     0.5115   0.04  300.0 0.979E-11
  5   5    10.0000    33.5000    0.9054  326.0    291.0   17.8    10.9515     0.3755    -0.055    -0.0019   0.05  340.0 0.250E-11
  6  14    10.0000    32.0000    1.2996 1085.9   1353.6   28.6    11.7051     0.4013    14.919     0.5115   0.04  300.0 0.979E-11
  7   7    10.0000    33.5000    0.9054  326.0    291.0   17.8    10.9515     0.3755    -0.055    -0.0019   0.05  340.0 0.250E-11
  8  15    10.0000    32.0000    1.2996 1085.9   1353.6   28.6    11.7051     0.4013    14.919     0.5115   0.04  300.0 0.979E-11

SYSTEMBOUNDARIES
Attachments
-----------
 Type                 Nr.   Pipe       Mass flow
                             Nr.       [g/cycle]
 SYSTEMBOUNDARY        1     17          1.5020
 SYSTEMBOUNDARY        2     16          1.6058

CYLINDERS: Average Values
-------------------------
                               Total
                              Engine         Cyl.   1       Cyl.   2       Cyl.   3       Cyl.   4
Firing TDC [deg]                                  0.00           0.00           0.00           0.00
Bore [mm]                                        86.00          86.00          86.00          86.00
Stroke [mm]                                      86.00          86.00          86.00          86.00
Conrodl. [mm]                                   143.50         143.50         143.50         143.50
Piston pin offset [mm]                            0.00           0.00           0.00           0.00
Swept Vol. [l]                   1.9982         0.4996         0.4996         0.4996         0.4996
Compression ratio [-]                            10.50          10.50          10.50          10.50
Dyn. Comp. ratio [-]                              7.99           7.99           7.99           7.99

Combustion Data:
----------------
Combustion Char.                               2Z-Vibe        2Z-Vibe        2Z-Vibe        2Z-Vibe     
Comb.start [deg]                                 -5.00          -5.00          -5.00          -5.00
Comb.dur.1 [deg]                                 50.00          50.00          50.00          50.00
Peak Fir.Pres. [bar]              38.04          38.04          38.04          38.04          38.04
at Crankangle [deg]               18.74          18.74          18.74          18.74          18.74
Peak Pres.Rise[bar/deg]            1.46           1.46           1.46           1.46           1.46
at Crankangle [deg]                7.19           7.19           7.19           7.19           7.19
Peak Fir. Temp. [K]             2505.61        2505.61        2505.61        2505.61        2505.61
at Crankangle [deg]               29.82          29.82          29.82          29.82          29.82
Peak T_burned [K]               2667.37        2667.37        2667.37        2667.37        2667.37
at Crankangle [deg]               15.25          15.25          15.25          15.25          15.25
Res. Gascompr. [bar]               2.05           2.05           2.05           2.05           2.05
at Crankangle [deg]              308.82         308.82         308.82         308.82         308.82
Evaporation Energy [kJ]         -0.0304        -0.0076        -0.0076        -0.0076        -0.0076
Required O.N. [-]                 73.58          73.58          73.58          73.58          73.58
Knock Intensity [-]               -1.00           0.00           0.00           0.00           0.00

Emissions (Classic Species Transport):
--------------------------------------
NOx: Calculated based on MTZ 34 1973 (12).
CO:  Calculated based on SAE 2002-01-0006.
HC:  Calculated based on SAE 2002-01-0006.
NOX   [g/kWh]                  8.529419       8.529419       8.529419       8.529419       8.529419
NOX   [g/h]                  301.778133      75.444533      75.444533      75.444533      75.444533
NOX   [ppm]                     1731.50        1731.50        1731.50        1731.50        1731.50
CO    [g/kWh]                  1.075769       1.075769       1.075769       1.075769       1.075769
CO    [g/h]                   38.061611       9.515403       9.515403       9.515403       9.515403
CO    [ppm]                      233.94         233.94         233.94         233.94         233.94
HC    [g/kWh]                  0.878355       0.878355       0.878355       0.878355       0.878355
HC    [g/h]                   31.076966       7.769241       7.769241       7.769241       7.769241
HC    [ppm]                      127.39         127.39         127.39         127.39         127.39

Performance:
------------
IMEP [bar]                       7.4564         7.4564         7.4564         7.4564         7.4564
Rel. to Ave. [-]                                1.0000         1.0000         1.0000         1.0000
IMEP Exh. [bar]                 -1.9895        -1.9895        -1.9895        -1.9895        -1.9895
IMEP Int. [bar]                  0.5795         0.5795         0.5795         0.5795         0.5795
IMEP Gasex. [bar]               -1.4100        -1.4100        -1.4100        -1.4100        -1.4100
IMEP HP [bar]                    8.8664         8.8664         8.8664         8.8664         8.8664
FMEP [bar]                       1.3857         1.3857         1.3857         1.3857         1.3857
BMEP [bar]                       6.0707         6.0707         6.0707         6.0707         6.0707
AMEP;SMEP [bar]                  0.0000         0.0000         0.0000         0.0000         0.0000
ISFC [g/kWh]                   250.1263       250.1263       250.1263       250.1263       250.1263
Rel. to Ave. [-]                                1.0000         1.0000         1.0000         1.0000
ISFC (tr.f.) [g/kWh]           250.1263       250.1263       250.1263       250.1263       250.1263
BSFC [g/kWh]                   307.2211       307.2211       307.2211       307.2211       307.2211
Indicated Eff. [-]               0.3309         0.3309         0.3309         0.3309         0.3309
Iso vol. comb. Eff [-]           0.9276         0.9276         0.9276         0.9276         0.9276
Polytropic Coeff. [-]                           1.2830         1.2830         1.2830         1.2830

Fuel Mass Balance:
------------------
Inj. Fuelmass [g]              0.103517       0.025879       0.025879       0.025879       0.025879
Asp.Trap. Fuelmass [g]         0.000004       0.000001       0.000001       0.000001       0.000001
Fuelmassfl.(A+I) [g/s]         3.019374       0.754844       0.754844       0.754844       0.754844
Fuelmass tot.trap. [g]         0.103521       0.025880       0.025880       0.025880       0.025880
Trapped Fuelm.fl.[g/s]         3.019374       0.754844       0.754844       0.754844       0.754844
Trapp. Eff. Fuel [-]             1.0000         1.0000         1.0000         1.0000         1.0000

Energy Balance Cylinder:
------------------------
Fuel Energy [kJ]                4.50386        1.12596        1.12596        1.12596        1.12596
Released Energy [kJ]            4.36846        1.09212        1.09212        1.09212        1.09212
-> Brake Power     [%]           27.769         27.769         27.769         27.769         27.769
-> Loss: Friction  [%]            6.339          6.339          6.339          6.339          6.339
-> Loss: Piston    [%]            4.640          4.640          4.640          4.640          4.640
-> Loss: Head      [%]            5.776          5.776          5.776          5.776          5.776
-> Loss: Liner     [%]            6.565          6.565          6.565          6.565          6.565
-> Loss: Int. Port [%]            0.020          0.020          0.020          0.020          0.020
-> Loss: Exh. Port [%]            0.672          0.672          0.672          0.672          0.672
-> Loss: Exh. Gas  [%]           48.654         48.654         48.654         48.654         48.654
Eff. Rel. Energy [kJ]           4.35636        1.08909        1.08909        1.08909        1.08909
Gross Rel. Energy [kJ]          4.36846        1.09212        1.09212        1.09212        1.09212
Eff.Gross Rel.Ener.[kJ]         4.35636        1.08909        1.08909        1.08909        1.08909
Energy Balance [-]               0.9989         0.9989         0.9989         0.9989         0.9989
Eff. Energy Balance [-]          0.9962         0.9962         0.9962         0.9962         0.9962

Blowby:
-------
Blowbymass [g]                 0.000000       0.000000       0.000000       0.000000       0.000000
Blowbymassfl. [g/s]            0.000000       0.000000       0.000000       0.000000       0.000000
Blowby Heat Flow [kJ]          0.000000       0.000000       0.000000       0.000000       0.000000

Reference Values at Start of High Pressure:
-------------------------------------------
Pressure at SHP[bar]             1.1159         1.1159         1.1159         1.1159         1.1159
Temperature [K]                  411.54         411.54         411.54         411.54         411.54
Air Massfl.  [g/s]            43.804636      10.951159      10.951159      10.951159      10.951159
Fuel Massfl. [g/s]             3.019374       0.754844       0.754844       0.754844       0.754844
Trapp. Eff. Air [-]              0.9994         0.9994         0.9994         0.9994         0.9994
Trapp. Eff.Fuel [-]              1.0000         1.0000         1.0000         1.0000         1.0000
A/F-Ratio (Cmb.) [-]              14.59          14.59          14.59          14.59          14.59
Excess Air Ratio [-]             1.0060         1.0060         1.0060         1.0060         1.0060

Reference Values at Start Of Combustion:
----------------------------------------
Pressure [bar]                  16.4481        16.4481        16.4481        16.4481        16.4481
Temperature [K]                  762.98         762.98         762.98         762.98         762.98

Residual Gas:
-------------
Res.gas content [-]              0.0574         0.0574         0.0574         0.0574         0.0574
External EGR [-]                 0.0000         0.0000         0.0000         0.0000         0.0000
Internal EGR [-]                 0.0574         0.0574         0.0574         0.0574         0.0574
Com.Prod.Mass. at EO [g]       1.695814       0.423954       0.423954       0.423954       0.423954
Res.gas mass at SHP [g]        0.092586       0.023146       0.023146       0.023146       0.023146
Res.gas aspirated IN [g]       0.000000       0.000000       0.000000       0.000000       0.000000
Res.gas from intake [g]        0.023100       0.005775       0.005775       0.005775       0.005775
Rel. to Total [-]                0.2495         0.2495         0.2495         0.2495         0.2495
Res.gas flow EX [g]            1.603272       0.400818       0.400818       0.400818       0.400818
Res.gas from exhaust [g]       0.000000       0.000000       0.000000       0.000000       0.000000
Rel. to Total [-]                0.0000         0.0000         0.0000         0.0000         0.0000

Gas Exchange:
-------------
Volumetric Eff. [-]              0.6427         0.6427         0.6427         0.6427         0.6427
Rel. to Ave. [-]                                1.0000         1.0000         1.0000         1.0000
Total Mass at SHP[g]             1.6123         0.4031         0.4031         0.4031         0.4031
Mass Delivered [g]              1.50187        0.37547        0.37547        0.37547        0.37547
Mass Delivered [g/s]           43.80464       10.95116       10.95116       10.95116       10.95116
Delivery Ratio [-]               0.6430         0.6430         0.6430         0.6430         0.6430
Rel. to Ave. [-]                                1.0000         1.0000         1.0000         1.0000
Av.Airmass at SHP[g]             1.5010         0.3752         0.3752         0.3752         0.3752
Air Delivered [g]               1.50187        0.37547        0.37547        0.37547        0.37547
Air Delivered [g/s]            43.80464       10.95116       10.95116       10.95116       10.95116
Airdeliveryratio [-]             0.6430         0.6430         0.6430         0.6430         0.6430
Rel. to Ave. [-]                                1.0000         1.0000         1.0000         1.0000
Airmass Trapped [g]             1.50099        0.37525        0.37525        0.37525        0.37525
Airmass Trapped [g/s]          43.77895       10.94474       10.94474       10.94474       10.94474
Trapp. Eff. Air [-]              0.9994         0.9994         0.9994         0.9994         0.9994
Rel. to Ave. [-]                                1.0000         1.0000         1.0000         1.0000
Airpurity [-]                    0.9310         0.9310         0.9310         0.9310         0.9310
Dyn. Swirl [-]                   0.0000         0.0000         0.0000         0.0000         0.0000
Dyn. Tumble [-]                  0.0000         0.0000         0.0000         0.0000         0.0000

Wall Heatlosses:
----------------
Piston [kJ]                     -0.2027        -0.0507        -0.0507        -0.0507        -0.0507
Piston Temperature [K]                          535.00         535.00         535.00         535.00
Cylinderhead [kJ]              -0.25232       -0.06308       -0.06308       -0.06308       -0.06308
Head Temperature [K]                            570.00         570.00         570.00         570.00
Cylinderliner [kJ]             -0.28678       -0.07169       -0.07169       -0.07169       -0.07169
LinerTDC Temperature [K]                        443.00         443.00         443.00         443.00
LinerBDC Temperature [K]                        437.00         437.00         437.00         437.00
Sum of Wallheat [kJ]           -0.74179       -0.18545       -0.18545       -0.18545       -0.18545
Wall Heatlosses in High Pressure Phase:
Piston HP [kJ]                 -0.15444       -0.03861       -0.03861       -0.03861       -0.03861
Cylinderhead HP [kJ]           -0.19449       -0.04862       -0.04862       -0.04862       -0.04862
Cylinderliner HP [kJ]          -0.12799       -0.03200       -0.03200       -0.03200       -0.03200
Sum of Wallheat HP [kJ]        -0.47692       -0.11923       -0.11923       -0.11923       -0.11923
Wall Heatlosses Related to Heatinput:
Piston [-]                      -0.0450        -0.0450        -0.0450        -0.0450        -0.0450
Cylinderhead [-]                -0.0560        -0.0560        -0.0560        -0.0560        -0.0560
Cylinderliner [-]               -0.0637        -0.0637        -0.0637        -0.0637        -0.0637
Sum of Wallheat [-]             -0.1647        -0.1647        -0.1647        -0.1647        -0.1647
M. Eff. HTC [W/m2/K]             307.03         307.03         307.03         307.03         307.03
M. Eff. Temp. [K]               1360.27        1360.27        1360.27        1360.27        1360.27

Reference Values at EO:
-----------------------
Pressure [bar]                     4.25           4.25           4.25           4.25           4.25
Temperature [K]                 1708.85        1708.85        1708.85        1708.85        1708.85
A/F-Ratio [-]                     14.50          14.50          14.50          14.50          14.50
Com.Prod.Conc. [-]              0.99927        0.99927        0.99927        0.99927        0.99927
Fuel Concentr. [-]             0.000048       0.000048       0.000048       0.000048       0.000048

Average Values of Pipeattachements:
-----------------------------------
 Attached Pipe                                       1              3              5              7
Vlv/Prt.Op.Clr.0mm[deg]                         340.00         340.00         340.00         340.00
Vlv/Prt.Op.Eff.0mm[deg]                         340.00         340.00         340.00         340.00
Vlv/Prt.Op.Eff.1mm[deg]                         362.50         362.50         362.50         362.50
Vlv/Prt.Op.Udef.mm[deg]                         340.00         340.00         340.00         340.00
Vlv/Prt.Cl.Clr.0mm[deg]                         610.00         610.00         610.00         610.00
Vlv/Prt.Cl.Eff.0mm[deg]                         610.00         610.00         610.00         610.00
Vlv/Prt.Cl.Eff.1mm[deg]                         577.53         577.53         577.53         577.53
Vlv/Prt.Cl.Udef.mm[deg]                         610.00         610.00         610.00         610.00
Cam Phasing [deg]                                 0.00           0.00           0.00           0.00
Massflow [g/cycle]                            0.375468       0.375468       0.375468       0.375468
Wallheat [kJ/cycle]                          -0.000220      -0.000220      -0.000220      -0.000220
rel.to Heatinp.[-]                             -0.0002        -0.0002        -0.0002        -0.0002
 Attached Pipe                                       2              4              6              8
Vlv/Prt.Op.Clr.0mm[deg]                         130.00         130.00         130.00         130.00
Vlv/Prt.Op.Eff.0mm[deg]                         130.00         130.00         130.00         130.00
Vlv/Prt.Op.Eff.1mm[deg]                         150.84         150.84         150.84         150.84
Vlv/Prt.Op.Udef.mm[deg]                         130.00         130.00         130.00         130.00
Vlv/Prt.Cl.Clr.0mm[deg]                         390.00         390.00         390.00         390.00
Vlv/Prt.Cl.Eff.0mm[deg]                         390.00         390.00         390.00         390.00
Vlv/Prt.Cl.Eff.1mm[deg]                         356.00         356.00         356.00         356.00
Vlv/Prt.Cl.Udef.mm[deg]                         390.00         390.00         390.00         390.00
Cam Phasing [deg]                                 0.00           0.00           0.00           0.00
Massflow [g/cycle]                            0.401348       0.401348       0.401348       0.401348
Wallheat [kJ/cycle]                          -0.007344      -0.007344      -0.007344      -0.007344
rel.to Heatinp.[-]                             -0.0065        -0.0065        -0.0065        -0.0065

FLOWRESTRICTIONS: Average Values
--------------------------------
 Flr. Att.Pi.  Massflow  Att.Pi.  Massflow
  nr.  number [g/cycle]   number [g/cycle]
    1       2    0.4013       12    0.4014
    2       1    0.3755       18    0.3754
    3       4    0.4013       13    0.4014
    4       3    0.3755        9    0.3754
    5       6    0.4013       14    0.4014
    6       5    0.3755       10    0.3754
    7       8    0.4013       15    0.4014
    8       7    0.3755       11    0.3754

JUNCTIONS: Average Values
-------------------------
Junction   1: Attached pipe   9:     -0.3754 g/cycle
              Attached pipe  10:     -0.3754 g/cycle
              Attached pipe  11:     -0.3754 g/cycle
              Attached pipe  17:     -1.5020 g/cycle
              Attached pipe  18:     -0.3754 g/cycle
Junction   2: Attached pipe  12:     -0.4014 g/cycle
              Attached pipe  13:     -0.4014 g/cycle
              Attached pipe  14:     -0.4014 g/cycle
              Attached pipe  15:     -0.4014 g/cycle
              Attached pipe  16:     -1.6058 g/cycle

OVERALL ENGINE PERFORMANCE:
===========================

Indicated Torque          :    118.57 Nm                    Indicated Specific Torque :     59.34 Nm/l
Indicated Power           :     43.46 kW,        59.09 PS   Indicated Specific Power  :     21.75 kW/l,      29.57 PS/l
Friction Torque           :     22.03 Nm                    Friction Power            :      8.08 kW
Effective Torque          :     96.53 Nm                    Effective Specific Torque :     48.31 Nm/l
Effective Power           :     35.38 kW,        48.10 PS   Effective Specific Power  :     17.71 kW/l,      24.07 PS/l

Required time for reading the inputfile and initialisation:       0.07 min
Required time for the calculation: .........................      0.29 min
Required time for writing the outputfile: ..................      0.00 min
Required total time: .......................................      0.36 min
Required total CPU-time: ...................................     10.56 sec
