MESSAGE
RUNINFO      1 CONTROL      1 BOOST       0.00 DEGCRA
 System date and time : 09.10.2025 07:44:10
ENDOFMESSAGE
MESSAGE
RUNINFO      2 CONTROL      2 BOOST       0.00 DEGCRA
 Executable information:
  Version  : v2022.1.0.0.0
  Build    : Apr 27 2022 22:44:48
  Platform : x86_64-unknown-winnt_i19v19
ENDOFMESSAGE
MESSAGE
RUNINFO      3 CONTROL      3 BOOST       0.00 DEGCRA
 Opened file :  Nissan_vr38DETT_PFi_biturbo.bst
ENDOFMESSAGE
MESSAGE
RUNINFO 70011 INPUT     0 BST_READ_GLOBAL 0.00DEGCRA
  The following User Defined Parameters were identified:
ENDOFMESSAGE
ENDOFMESSAGE
MESSAGE
RUNINFO 571129 INPUT      0 BST_READ_GLOBAL       0.00 DEGCRA
 Using C gas property library
ENDOFMESSAGE
MESSAGE
RUNINFO 270000 REACTION_LIBRARY      1 CL_BOOST_MessageSystem       0.00 DEGCRA
>>> Catalyst Library <<<
  Version: 2.800
  Platform: x86_64-unknown-winnt_i19v19
  Build date: Apr 27 2022 21:58:54
ENDOFMESSAGE
MESSAGE
RUNINFO 270000 REACTION_LIBRARY      1 CL_BOOST_MessageSystem       0.00 DEGCRA
>>> Transfer Model Library Version 1.400 <<<
ENDOFMESSAGE
MESSAGE
RUNINFO 100001 BOOST      1 BOOST_GPR_printf       0.00 DEGCRA
    Classic gas property data are read from:
      C:/Program Files (x86)/AVL/R2022.1/BOOST/files/GASOLINE.BGP

ENDOFMESSAGE
MESSAGE
RUNINFO  10660 GLOBAL      1 LICENSING       0.00 DEGCRA
  >>>
  >>>   The Licence for application "sys_1DCFD_solver"
  >>>   has been checked out!
  >>>
ENDOFMESSAGE
MESSAGE
RUNINFO      0 POSTLINKS      0 BOOST       0.00 DEGCRA
 Opened file : Nissan_vr38DETT_PFi_biturbo.glb
 Unit Number :    13
ENDOFMESSAGE
MESSAGE
RUNINFO 150006 SYSTEMBOUNDARY      1 BOOST       0.00 DEGCRA
 Open end correction for PIPE :     8
 End correction   [mm] :     21.000
 Original Length  [mm] :    300.000
 Corrected Length [mm] :    321.000
ENDOFMESSAGE
MESSAGE
RUNINFO 150006 SYSTEMBOUNDARY      2 BOOST       0.00 DEGCRA
 Open end correction for PIPE :    17
 End correction   [mm] :     18.450
 Original Length  [mm] :   1000.000
 Corrected Length [mm] :   1018.450
ENDOFMESSAGE
MESSAGE
CONVERGENCEFAIL 342500 JUNCTION      1 KNOTEN     230.51 DEGCRA
 The iteration of the junction massflow failed to
 converge within  25 iterations.
                    24 iteration   25 iteration
 Pressure    [Pa]:    178449.15      178449.15
 Difference in percent of meanvalue:    0.00
 Mass flow error [percent of total massflow]:   0.80
ENDOFMESSAGE
MESSAGE
CONVERGENCEFAIL 342500 JUNCTION      1 KNOTEN     275.73 DEGCRA
 The iteration of the junction massflow failed to
 converge within  25 iterations.
                    24 iteration   25 iteration
 Pressure    [Pa]:    200256.78      200256.78
 Difference in percent of meanvalue:    0.00
 Mass flow error [percent of total massflow]:  -0.58
ENDOFMESSAGE
MESSAGE
CONVERGENCEFAIL 342500 JUNCTION      2 KNOTEN     298.29 DEGCRA
 The iteration of the junction massflow failed to
 converge within  25 iterations.
                    24 iteration   25 iteration
 Pressure    [Pa]:    211302.38      211302.38
 Difference in percent of meanvalue:    0.00
 Mass flow error [percent of total massflow]:   0.81
ENDOFMESSAGE
MESSAGE
CONVERGENCEFAIL 342500 JUNCTION      1 KNOTEN     300.99 DEGCRA
 The iteration of the junction massflow failed to
 converge within  25 iterations.
                    24 iteration   25 iteration
 Pressure    [Pa]:    202986.08      202986.08
 Difference in percent of meanvalue:   -0.00
 Mass flow error [percent of total massflow]:  -2.22
ENDOFMESSAGE
MESSAGE
CONVERGENCEFAIL 342500 JUNCTION      2 KNOTEN     303.69 DEGCRA
 The iteration of the junction massflow failed to
 converge within  25 iterations.
                    24 iteration   25 iteration
 Pressure    [Pa]:    203985.71      203985.71
 Difference in percent of meanvalue:    0.00
 Mass flow error [percent of total massflow]:   3.07
ENDOFMESSAGE
MESSAGE
CONVERGENCEFAIL 342500 JUNCTION      2 KNOTEN     306.40 DEGCRA
 The iteration of the junction massflow failed to
 converge within  25 iterations.
                    24 iteration   25 iteration
 Pressure    [Pa]:    200267.42      200267.42
 Difference in percent of meanvalue:    0.00
 Mass flow error [percent of total massflow]:   2.83
ENDOFMESSAGE
MESSAGE
CONVERGENCEFAIL 342500 JUNCTION      1 KNOTEN     307.75 DEGCRA
 The iteration of the junction massflow failed to
 converge within  25 iterations.
                    24 iteration   25 iteration
 Pressure    [Pa]:    204381.41      204381.41
 Difference in percent of meanvalue:    0.00
 Mass flow error [percent of total massflow]:   1.91
ENDOFMESSAGE
MESSAGE
CONVERGENCEFAIL 342500 JUNCTION      1 KNOTEN     317.26 DEGCRA
 The iteration of the junction massflow failed to
 converge within  25 iterations.
                    24 iteration   25 iteration
 Pressure    [Pa]:    197235.33      197235.33
 Difference in percent of meanvalue:    0.00
 Mass flow error [percent of total massflow]:  -0.56
ENDOFMESSAGE
MESSAGE
CONVERGENCEFAIL 342500 JUNCTION      1 KNOTEN     360.00 DEGCRA
 The iteration of the junction massflow failed to
 converge within  25 iterations.
                    24 iteration   25 iteration
 Pressure    [Pa]:    186693.15      186693.15
 Difference in percent of meanvalue:    0.00
 Mass flow error [percent of total massflow]:   0.61
ENDOFMESSAGE
MESSAGE
CONVERGENCEFAIL 342500 JUNCTION      1 KNOTEN     361.42 DEGCRA
 The iteration of the junction massflow failed to
 converge within  25 iterations.
                    24 iteration   25 iteration
 Pressure    [Pa]:    185257.19      185257.19
 Difference in percent of meanvalue:    0.00
 Mass flow error [percent of total massflow]:   0.86
ENDOFMESSAGE
MESSAGE
CONVERGENCEFAIL 342500 JUNCTION      1 KNOTEN     362.84 DEGCRA
 The iteration of the junction massflow failed to
 converge within  25 iterations.
                    24 iteration   25 iteration
 Pressure    [Pa]:    183712.05      183712.05
 Difference in percent of meanvalue:    0.00
 Mass flow error [percent of total massflow]:   1.16
ENDOFMESSAGE
MESSAGE
CONVERGENCEFAIL 342500 JUNCTION      1 KNOTEN     364.27 DEGCRA
 The iteration of the junction massflow failed to
 converge within  25 iterations.
                    24 iteration   25 iteration
 Pressure    [Pa]:    182029.49      182029.49
 Difference in percent of meanvalue:    0.00
 Mass flow error [percent of total massflow]:   2.01
ENDOFMESSAGE
MESSAGE
CONVERGENCEFAIL 342500 JUNCTION      1 KNOTEN     365.70 DEGCRA
 The iteration of the junction massflow failed to
 converge within  25 iterations.
                    24 iteration   25 iteration
 Pressure    [Pa]:    180209.19      180209.19
 Difference in percent of meanvalue:    0.00
 Mass flow error [percent of total massflow]:   4.45
ENDOFMESSAGE
MESSAGE
CONVERGENCEFAIL 342500 JUNCTION      1 KNOTEN     367.13 DEGCRA
 The iteration of the junction massflow failed to
 converge within  25 iterations.
                    24 iteration   25 iteration
 Pressure    [Pa]:    178912.47      178912.47
 Difference in percent of meanvalue:    0.00
 Mass flow error [percent of total massflow]:   2.24
ENDOFMESSAGE
MESSAGE
CONVERGENCEFAIL 342500 JUNCTION      2 KNOTEN     372.90 DEGCRA
 The iteration of the junction massflow failed to
 converge within  25 iterations.
                    24 iteration   25 iteration
 Pressure    [Pa]:    194871.12      194871.12
 Difference in percent of meanvalue:    0.00
 Mass flow error [percent of total massflow]:   1.08
ENDOFMESSAGE
MESSAGE
CONVERGENCEFAIL 342500 JUNCTION      1 KNOTEN     377.25 DEGCRA
 The iteration of the junction massflow failed to
 converge within  25 iterations.
                    24 iteration   25 iteration
 Pressure    [Pa]:    180437.24      180437.24
 Difference in percent of meanvalue:    0.00
 Mass flow error [percent of total massflow]:   0.52
ENDOFMESSAGE
MESSAGE
CONVERGENCEFAIL 342500 JUNCTION      1 KNOTEN     434.90 DEGCRA
 The iteration of the junction massflow failed to
 converge within  25 iterations.
                    24 iteration   25 iteration
 Pressure    [Pa]:    200603.37      200603.37
 Difference in percent of meanvalue:    0.00
 Mass flow error [percent of total massflow]:   1.52
ENDOFMESSAGE
MESSAGE
CONVERGENCEFAIL 342500 JUNCTION      2 KNOTEN     439.33 DEGCRA
 The iteration of the junction massflow failed to
 converge within  25 iterations.
                    24 iteration   25 iteration
 Pressure    [Pa]:    227147.09      227147.09
 Difference in percent of meanvalue:    0.00
 Mass flow error [percent of total massflow]:   1.13
ENDOFMESSAGE
MESSAGE
CONVERGENCEFAIL 342500 JUNCTION      2 KNOTEN     451.12 DEGCRA
 The iteration of the junction massflow failed to
 converge within  25 iterations.
                    24 iteration   25 iteration
 Pressure    [Pa]:    193801.74      193801.74
 Difference in percent of meanvalue:    0.00
 Mass flow error [percent of total massflow]:   0.54
ENDOFMESSAGE
MESSAGE
CONVERGENCEFAIL 342500 JUNCTION      2 KNOTEN     452.59 DEGCRA
 The iteration of the junction massflow failed to
 converge within  25 iterations.
                    24 iteration   25 iteration
 Pressure    [Pa]:    189522.05      189522.05
 Difference in percent of meanvalue:    0.00
 Mass flow error [percent of total massflow]:   0.55
ENDOFMESSAGE
MESSAGE
CONVERGENCEFAIL 342500 JUNCTION      2 KNOTEN     454.06 DEGCRA
 The iteration of the junction massflow failed to
 converge within  25 iterations.
                    24 iteration   25 iteration
 Pressure    [Pa]:    185331.80      185331.80
 Difference in percent of meanvalue:    0.00
 Mass flow error [percent of total massflow]:   0.57
ENDOFMESSAGE
MESSAGE
CONVERGENCEFAIL 342500 JUNCTION      2 KNOTEN     455.54 DEGCRA
 The iteration of the junction massflow failed to
 converge within  25 iterations.
                    24 iteration   25 iteration
 Pressure    [Pa]:    181257.71      181257.71
 Difference in percent of meanvalue:    0.00
 Mass flow error [percent of total massflow]:   0.62
ENDOFMESSAGE
MESSAGE
CONVERGENCEFAIL 342500 JUNCTION      2 KNOTEN     457.01 DEGCRA
 The iteration of the junction massflow failed to
 converge within  25 iterations.
                    24 iteration   25 iteration
 Pressure    [Pa]:    177291.82      177291.82
 Difference in percent of meanvalue:    0.00
 Mass flow error [percent of total massflow]:   0.79
ENDOFMESSAGE
MESSAGE
CONVERGENCEFAIL 342500 JUNCTION      2 KNOTEN     458.48 DEGCRA
 The iteration of the junction massflow failed to
 converge within  25 iterations.
                    24 iteration   25 iteration
 Pressure    [Pa]:    173717.16      173717.16
 Difference in percent of meanvalue:    0.00
 Mass flow error [percent of total massflow]:   0.62
ENDOFMESSAGE
MESSAGE
CONVERGENCEFAIL 342500 JUNCTION      2 KNOTEN     462.91 DEGCRA
 The iteration of the junction massflow failed to
 converge within  25 iterations.
                    24 iteration   25 iteration
 Pressure    [Pa]:    165903.53      165903.53
 Difference in percent of meanvalue:    0.00
 Mass flow error [percent of total massflow]:   0.68
ENDOFMESSAGE
MESSAGE
CONVERGENCEFAIL 342500 JUNCTION      2 KNOTEN     464.38 DEGCRA
 The iteration of the junction massflow failed to
 converge within  25 iterations.
                    24 iteration   25 iteration
 Pressure    [Pa]:    164333.23      164333.23
 Difference in percent of meanvalue:    0.00
 Mass flow error [percent of total massflow]:   0.63
ENDOFMESSAGE
MESSAGE
CONVERGENCEFAIL 342500 JUNCTION      2 KNOTEN     465.85 DEGCRA
 The iteration of the junction massflow failed to
 converge within  25 iterations.
                    24 iteration   25 iteration
 Pressure    [Pa]:    163136.05      163136.05
 Difference in percent of meanvalue:    0.00
 Mass flow error [percent of total massflow]:   0.59
ENDOFMESSAGE
MESSAGE
CONVERGENCEFAIL 342500 JUNCTION      2 KNOTEN     527.61 DEGCRA
 The iteration of the junction massflow failed to
 converge within  25 iterations.
                    24 iteration   25 iteration
 Pressure    [Pa]:    202965.95      202965.95
 Difference in percent of meanvalue:    0.00
 Mass flow error [percent of total massflow]:   0.54
ENDOFMESSAGE
MESSAGE
CONVERGENCEFAIL 342500 JUNCTION      2 KNOTEN     529.08 DEGCRA
 The iteration of the junction massflow failed to
 converge within  25 iterations.
                    24 iteration   25 iteration
 Pressure    [Pa]:    201013.27      201013.27
 Difference in percent of meanvalue:    0.00
 Mass flow error [percent of total massflow]:   0.58
ENDOFMESSAGE
MESSAGE
CONVERGENCEFAIL 342500 JUNCTION      2 KNOTEN     530.55 DEGCRA
 The iteration of the junction massflow failed to
 converge within  25 iterations.
                    24 iteration   25 iteration
 Pressure    [Pa]:    198940.51      198940.51
 Difference in percent of meanvalue:    0.00
 Mass flow error [percent of total massflow]:   0.64
ENDOFMESSAGE
MESSAGE
CONVERGENCEFAIL 342500 JUNCTION      2 KNOTEN     532.03 DEGCRA
 The iteration of the junction massflow failed to
 converge within  25 iterations.
                    24 iteration   25 iteration
 Pressure    [Pa]:    196782.69      196782.69
 Difference in percent of meanvalue:    0.00
 Mass flow error [percent of total massflow]:   0.90
ENDOFMESSAGE
MESSAGE
CONVERGENCEFAIL 342500 JUNCTION      2 KNOTEN     533.50 DEGCRA
 The iteration of the junction massflow failed to
 converge within  25 iterations.
                    24 iteration   25 iteration
 Pressure    [Pa]:    194640.50      194640.50
 Difference in percent of meanvalue:    0.00
 Mass flow error [percent of total massflow]:   1.11
ENDOFMESSAGE
MESSAGE
CONVERGENCEFAIL 342500 JUNCTION      2 KNOTEN     534.97 DEGCRA
 The iteration of the junction massflow failed to
 converge within  25 iterations.
                    24 iteration   25 iteration
 Pressure    [Pa]:    192573.33      192573.33
 Difference in percent of meanvalue:    0.00
 Mass flow error [percent of total massflow]:   1.29
ENDOFMESSAGE
MESSAGE
CONVERGENCEFAIL 342500 JUNCTION      2 KNOTEN     536.45 DEGCRA
 The iteration of the junction massflow failed to
 converge within  25 iterations.
                    24 iteration   25 iteration
 Pressure    [Pa]:    190673.06      190673.06
 Difference in percent of meanvalue:    0.00
 Mass flow error [percent of total massflow]:   1.41
ENDOFMESSAGE
MESSAGE
CONVERGENCEFAIL 342500 JUNCTION      2 KNOTEN     537.92 DEGCRA
 The iteration of the junction massflow failed to
 converge within  25 iterations.
                    24 iteration   25 iteration
 Pressure    [Pa]:    188964.25      188964.25
 Difference in percent of meanvalue:    0.00
 Mass flow error [percent of total massflow]:   1.33
ENDOFMESSAGE
MESSAGE
CONVERGENCEFAIL 342500 JUNCTION      2 KNOTEN     539.39 DEGCRA
 The iteration of the junction massflow failed to
 converge within  25 iterations.
                    24 iteration   25 iteration
 Pressure    [Pa]:    187505.33      187505.33
 Difference in percent of meanvalue:    0.00
 Mass flow error [percent of total massflow]:   0.84
ENDOFMESSAGE
MESSAGE
CONVERGENCEFAIL 342500 JUNCTION      2 KNOTEN     598.03 DEGCRA
 The iteration of the junction massflow failed to
 converge within  25 iterations.
                    24 iteration   25 iteration
 Pressure    [Pa]:    195387.31      195387.31
 Difference in percent of meanvalue:    0.00
 Mass flow error [percent of total massflow]:   2.66
ENDOFMESSAGE
MESSAGE
CONVERGENCEFAIL 342500 JUNCTION      2 KNOTEN     602.95 DEGCRA
 The iteration of the junction massflow failed to
 converge within  25 iterations.
                    24 iteration   25 iteration
 Pressure    [Pa]:    189060.13      189060.13
 Difference in percent of meanvalue:    0.00
 Mass flow error [percent of total massflow]:   0.54
ENDOFMESSAGE
MESSAGE
CONVERGENCEFAIL 342500 JUNCTION      2 KNOTEN     604.42 DEGCRA
 The iteration of the junction massflow failed to
 converge within  25 iterations.
                    24 iteration   25 iteration
 Pressure    [Pa]:    187156.70      187156.70
 Difference in percent of meanvalue:    0.00
 Mass flow error [percent of total massflow]:   0.58
ENDOFMESSAGE
MESSAGE
CONVERGENCEFAIL 342500 JUNCTION      1 KNOTEN     879.94 DEGCRA
 The iteration of the junction massflow failed to
 converge within  25 iterations.
                    24 iteration   25 iteration
 Pressure    [Pa]:    235110.11      235110.11
 Difference in percent of meanvalue:    0.00
 Mass flow error [percent of total massflow]:   1.35
ENDOFMESSAGE
MESSAGE
CONVERGENCEFAIL 342500 JUNCTION      2 KNOTEN     921.89 DEGCRA
 The iteration of the junction massflow failed to
 converge within  25 iterations.
                    24 iteration   25 iteration
 Pressure    [Pa]:    317110.71      317110.71
 Difference in percent of meanvalue:   -0.00
 Mass flow error [percent of total massflow]:  -0.72
ENDOFMESSAGE
MESSAGE
CONVERGENCEFAIL 342500 JUNCTION      2 KNOTEN     923.21 DEGCRA
 The iteration of the junction massflow failed to
 converge within  25 iterations.
                    24 iteration   25 iteration
 Pressure    [Pa]:    310735.35      310735.35
 Difference in percent of meanvalue:    0.00
 Mass flow error [percent of total massflow]:  -0.67
ENDOFMESSAGE
MESSAGE
CONVERGENCEFAIL 342500 JUNCTION      2 KNOTEN     924.52 DEGCRA
 The iteration of the junction massflow failed to
 converge within  25 iterations.
                    24 iteration   25 iteration
 Pressure    [Pa]:    306623.38      306623.38
 Difference in percent of meanvalue:    0.00
 Mass flow error [percent of total massflow]:  -0.77
ENDOFMESSAGE
MESSAGE
CONVERGENCEFAIL 342500 JUNCTION      2 KNOTEN     925.84 DEGCRA
 The iteration of the junction massflow failed to
 converge within  25 iterations.
                    24 iteration   25 iteration
 Pressure    [Pa]:    302866.57      302866.57
 Difference in percent of meanvalue:    0.00
 Mass flow error [percent of total massflow]:  -0.61
ENDOFMESSAGE
MESSAGE
CONVERGENCEFAIL 342500 JUNCTION      2 KNOTEN     942.29 DEGCRA
 The iteration of the junction massflow failed to
 converge within  25 iterations.
                    24 iteration   25 iteration
 Pressure    [Pa]:    253115.55      253115.55
 Difference in percent of meanvalue:    0.00
 Mass flow error [percent of total massflow]:  -4.34
ENDOFMESSAGE
MESSAGE
CONVERGENCEFAIL 342500 JUNCTION      2 KNOTEN     943.65 DEGCRA
 The iteration of the junction massflow failed to
 converge within  25 iterations.
                    24 iteration   25 iteration
 Pressure    [Pa]:    248722.14      248722.14
 Difference in percent of meanvalue:    0.00
 Mass flow error [percent of total massflow]:  -2.24
ENDOFMESSAGE
MESSAGE
RUNINFO 163607 TURBOCHARGER      1 TURLAD    2160.00 DEGCRA
 Cycle number     3 completed:
 Compressorwork [J] :  0.62203E+03, average pressure ratio [-]:  2.700
 Turbinework    [J] :  0.94327E+03, average pressure ratio [-]:  2.894
 Added Mechanical Work  [J] :  0.00000E+00
 relative energy balance error [-] : -0.39106E+00
 new estimate of TurbineToTotal Massflow :  0.90000E+00
ENDOFMESSAGE
MESSAGE
CONVERGENCEFAIL 342500 JUNCTION      1 KNOTEN    2581.76 DEGCRA
 The iteration of the junction massflow failed to
 converge within  25 iterations.
                    24 iteration   25 iteration
 Pressure    [Pa]:    549169.21      549169.21
 Difference in percent of meanvalue:    0.00
 Mass flow error [percent of total massflow]:   1.64
ENDOFMESSAGE
MESSAGE
CONVERGENCEFAIL 342500 JUNCTION      1 KNOTEN    2613.86 DEGCRA
 The iteration of the junction massflow failed to
 converge within  25 iterations.
                    24 iteration   25 iteration
 Pressure    [Pa]:    458375.27      458375.27
 Difference in percent of meanvalue:    0.00
 Mass flow error [percent of total massflow]:   2.85
ENDOFMESSAGE
MESSAGE
CONVERGENCEFAIL 342500 JUNCTION      1 KNOTEN    2656.19 DEGCRA
 The iteration of the junction massflow failed to
 converge within  25 iterations.
                    24 iteration   25 iteration
 Pressure    [Pa]:    437698.40      437698.40
 Difference in percent of meanvalue:    0.00
 Mass flow error [percent of total massflow]:   0.87
ENDOFMESSAGE
MESSAGE
CONVERGENCEFAIL 342500 JUNCTION      1 KNOTEN    2658.46 DEGCRA
 The iteration of the junction massflow failed to
 converge within  25 iterations.
                    24 iteration   25 iteration
 Pressure    [Pa]:    435142.92      435142.92
 Difference in percent of meanvalue:    0.00
 Mass flow error [percent of total massflow]:  -1.90
ENDOFMESSAGE
MESSAGE
CONVERGENCEFAIL 342500 JUNCTION      2 KNOTEN    2661.92 DEGCRA
 The iteration of the junction massflow failed to
 converge within  25 iterations.
                    24 iteration   25 iteration
 Pressure    [Pa]:    471784.26      471784.26
 Difference in percent of meanvalue:    0.00
 Mass flow error [percent of total massflow]:   0.73
ENDOFMESSAGE
MESSAGE
CONVERGENCEFAIL 342500 JUNCTION      2 KNOTEN    2714.60 DEGCRA
 The iteration of the junction massflow failed to
 converge within  25 iterations.
                    24 iteration   25 iteration
 Pressure    [Pa]:    477678.72      477678.72
 Difference in percent of meanvalue:    0.00
 Mass flow error [percent of total massflow]:  -0.51
ENDOFMESSAGE
MESSAGE
CONVERGENCEFAIL 342500 JUNCTION      2 KNOTEN    2722.49 DEGCRA
 The iteration of the junction massflow failed to
 converge within  25 iterations.
                    24 iteration   25 iteration
 Pressure    [Pa]:    451794.97      451794.97
 Difference in percent of meanvalue:    0.00
 Mass flow error [percent of total massflow]:   4.65
ENDOFMESSAGE
MESSAGE
CONVERGENCEFAIL 342500 JUNCTION      2 KNOTEN    2723.63 DEGCRA
 The iteration of the junction massflow failed to
 converge within  25 iterations.
                    24 iteration   25 iteration
 Pressure    [Pa]:    446482.56      446482.56
 Difference in percent of meanvalue:    0.00
 Mass flow error [percent of total massflow]:   3.54
ENDOFMESSAGE
MESSAGE
CONVERGENCEFAIL 342500 JUNCTION      2 KNOTEN    2739.88 DEGCRA
 The iteration of the junction massflow failed to
 converge within  25 iterations.
                    24 iteration   25 iteration
 Pressure    [Pa]:    398136.69      398136.69
 Difference in percent of meanvalue:    0.00
 Mass flow error [percent of total massflow]:  -2.37
ENDOFMESSAGE
MESSAGE
CONVERGENCEFAIL 342500 JUNCTION      2 KNOTEN    2741.06 DEGCRA
 The iteration of the junction massflow failed to
 converge within  25 iterations.
                    24 iteration   25 iteration
 Pressure    [Pa]:    398136.69      398136.69
 Difference in percent of meanvalue:    0.00
 Mass flow error [percent of total massflow]:  -2.45
ENDOFMESSAGE
MESSAGE
CONVERGENCEFAIL 342500 JUNCTION      2 KNOTEN    2742.23 DEGCRA
 The iteration of the junction massflow failed to
 converge within  25 iterations.
                    24 iteration   25 iteration
 Pressure    [Pa]:    398136.69      398136.69
 Difference in percent of meanvalue:    0.00
 Mass flow error [percent of total massflow]:  -1.65
ENDOFMESSAGE
MESSAGE
CONVERGENCEFAIL 342500 JUNCTION      1 KNOTEN    2763.52 DEGCRA
 The iteration of the junction massflow failed to
 converge within  25 iterations.
                    24 iteration   25 iteration
 Pressure    [Pa]:    384998.53      384998.53
 Difference in percent of meanvalue:    0.00
 Mass flow error [percent of total massflow]:   0.59
ENDOFMESSAGE
MESSAGE
CONVERGENCEFAIL 342500 JUNCTION      1 KNOTEN    2859.06 DEGCRA
 The iteration of the junction massflow failed to
 converge within  25 iterations.
                    24 iteration   25 iteration
 Pressure    [Pa]:    381781.93      381781.93
 Difference in percent of meanvalue:   -0.00
 Mass flow error [percent of total massflow]:  -0.51
ENDOFMESSAGE
MESSAGE
CONVERGENCEFAIL 342500 JUNCTION      1 KNOTEN    2920.60 DEGCRA
 The iteration of the junction massflow failed to
 converge within  25 iterations.
                    24 iteration   25 iteration
 Pressure    [Pa]:    406577.11      406577.11
 Difference in percent of meanvalue:   -0.00
 Mass flow error [percent of total massflow]:  -0.84
ENDOFMESSAGE
MESSAGE
CONVERGENCEFAIL 342500 JUNCTION      1 KNOTEN    2921.70 DEGCRA
 The iteration of the junction massflow failed to
 converge within  25 iterations.
                    24 iteration   25 iteration
 Pressure    [Pa]:    401975.05      401975.05
 Difference in percent of meanvalue:    0.00
 Mass flow error [percent of total massflow]:  -1.54
ENDOFMESSAGE
MESSAGE
CONVERGENCEFAIL 342500 JUNCTION      1 KNOTEN    2922.80 DEGCRA
 The iteration of the junction massflow failed to
 converge within  25 iterations.
                    24 iteration   25 iteration
 Pressure    [Pa]:    396812.71      396812.71
 Difference in percent of meanvalue:    0.00
 Mass flow error [percent of total massflow]:  -1.92
ENDOFMESSAGE
MESSAGE
CONVERGENCEFAIL 342500 JUNCTION      1 KNOTEN    2923.90 DEGCRA
 The iteration of the junction massflow failed to
 converge within  25 iterations.
                    24 iteration   25 iteration
 Pressure    [Pa]:    391172.17      391172.17
 Difference in percent of meanvalue:    0.00
 Mass flow error [percent of total massflow]:  -0.63
ENDOFMESSAGE
MESSAGE
CONVERGENCEFAIL 342500 JUNCTION      1 KNOTEN    2993.16 DEGCRA
 The iteration of the junction massflow failed to
 converge within  25 iterations.
                    24 iteration   25 iteration
 Pressure    [Pa]:    374240.11      374240.11
 Difference in percent of meanvalue:    0.00
 Mass flow error [percent of total massflow]:  -1.46
ENDOFMESSAGE
MESSAGE
CONVERGENCEFAIL 342500 JUNCTION      2 KNOTEN    2996.21 DEGCRA
 The iteration of the junction massflow failed to
 converge within  25 iterations.
                    24 iteration   25 iteration
 Pressure    [Pa]:    405266.50      405266.50
 Difference in percent of meanvalue:    0.00
 Mass flow error [percent of total massflow]:  -1.46
ENDOFMESSAGE
MESSAGE
CONVERGENCEFAIL 342500 JUNCTION      1 KNOTEN    3008.02 DEGCRA
 The iteration of the junction massflow failed to
 converge within  25 iterations.
                    24 iteration   25 iteration
 Pressure    [Pa]:    356253.43      356253.43
 Difference in percent of meanvalue:    0.00
 Mass flow error [percent of total massflow]:   0.63
ENDOFMESSAGE
MESSAGE
CONVERGENCEFAIL 342500 JUNCTION      2 KNOTEN    3017.93 DEGCRA
 The iteration of the junction massflow failed to
 converge within  25 iterations.
                    24 iteration   25 iteration
 Pressure    [Pa]:    324458.44      324458.44
 Difference in percent of meanvalue:    0.00
 Mass flow error [percent of total massflow]:   0.72
ENDOFMESSAGE
MESSAGE
CONVERGENCEFAIL 342500 JUNCTION      2 KNOTEN    3067.64 DEGCRA
 The iteration of the junction massflow failed to
 converge within  25 iterations.
                    24 iteration   25 iteration
 Pressure    [Pa]:    561917.40      561917.40
 Difference in percent of meanvalue:    0.00
 Mass flow error [percent of total massflow]:   2.65
ENDOFMESSAGE
MESSAGE
CONVERGENCEFAIL 342500 JUNCTION      2 KNOTEN    3068.65 DEGCRA
 The iteration of the junction massflow failed to
 converge within  25 iterations.
                    24 iteration   25 iteration
 Pressure    [Pa]:    555694.58      555694.58
 Difference in percent of meanvalue:    0.00
 Mass flow error [percent of total massflow]:   1.11
ENDOFMESSAGE
MESSAGE
CONVERGENCEFAIL 342500 JUNCTION      2 KNOTEN    3069.65 DEGCRA
 The iteration of the junction massflow failed to
 converge within  25 iterations.
                    24 iteration   25 iteration
 Pressure    [Pa]:    549247.30      549247.30
 Difference in percent of meanvalue:    0.00
 Mass flow error [percent of total massflow]:   0.86
ENDOFMESSAGE
MESSAGE
CONVERGENCEFAIL 342500 JUNCTION      2 KNOTEN    3070.65 DEGCRA
 The iteration of the junction massflow failed to
 converge within  25 iterations.
                    24 iteration   25 iteration
 Pressure    [Pa]:    542908.74      542908.74
 Difference in percent of meanvalue:    0.00
 Mass flow error [percent of total massflow]:   0.59
ENDOFMESSAGE
MESSAGE
CONVERGENCEFAIL 342500 JUNCTION      2 KNOTEN    3095.72 DEGCRA
 The iteration of the junction massflow failed to
 converge within  25 iterations.
                    24 iteration   25 iteration
 Pressure    [Pa]:    364328.68      364328.68
 Difference in percent of meanvalue:    0.00
 Mass flow error [percent of total massflow]:  -0.55
ENDOFMESSAGE
MESSAGE
CONVERGENCEFAIL 342500 JUNCTION      2 KNOTEN    3096.72 DEGCRA
 The iteration of the junction massflow failed to
 converge within  25 iterations.
                    24 iteration   25 iteration
 Pressure    [Pa]:    358497.15      358497.15
 Difference in percent of meanvalue:    0.00
 Mass flow error [percent of total massflow]:  -0.66
ENDOFMESSAGE
MESSAGE
CONVERGENCEFAIL 342500 JUNCTION      2 KNOTEN    3097.73 DEGCRA
 The iteration of the junction massflow failed to
 converge within  25 iterations.
                    24 iteration   25 iteration
 Pressure    [Pa]:    352882.38      352882.38
 Difference in percent of meanvalue:    0.00
 Mass flow error [percent of total massflow]:  -0.72
ENDOFMESSAGE
MESSAGE
CONVERGENCEFAIL 342500 JUNCTION      2 KNOTEN    3098.73 DEGCRA
 The iteration of the junction massflow failed to
 converge within  25 iterations.
                    24 iteration   25 iteration
 Pressure    [Pa]:    347455.50      347455.50
 Difference in percent of meanvalue:    0.00
 Mass flow error [percent of total massflow]:  -0.76
ENDOFMESSAGE
MESSAGE
CONVERGENCEFAIL 342500 JUNCTION      2 KNOTEN    3099.74 DEGCRA
 The iteration of the junction massflow failed to
 converge within  25 iterations.
                    24 iteration   25 iteration
 Pressure    [Pa]:    342193.89      342193.89
 Difference in percent of meanvalue:    0.00
 Mass flow error [percent of total massflow]:  -0.73
ENDOFMESSAGE
MESSAGE
CONVERGENCEFAIL 342500 JUNCTION      2 KNOTEN    3150.86 DEGCRA
 The iteration of the junction massflow failed to
 converge within  25 iterations.
                    24 iteration   25 iteration
 Pressure    [Pa]:    443306.99      443306.99
 Difference in percent of meanvalue:    0.00
 Mass flow error [percent of total massflow]:   0.72
ENDOFMESSAGE
MESSAGE
CONVERGENCEFAIL 342500 JUNCTION      2 KNOTEN    3160.34 DEGCRA
 The iteration of the junction massflow failed to
 converge within  25 iterations.
                    24 iteration   25 iteration
 Pressure    [Pa]:    395283.37      395283.37
 Difference in percent of meanvalue:    0.00
 Mass flow error [percent of total massflow]:   0.53
ENDOFMESSAGE
MESSAGE
CONVERGENCEFAIL 342500 JUNCTION      1 KNOTEN    3167.75 DEGCRA
 The iteration of the junction massflow failed to
 converge within  25 iterations.
                    24 iteration   25 iteration
 Pressure    [Pa]:    394082.10      394082.10
 Difference in percent of meanvalue:    0.00
 Mass flow error [percent of total massflow]:   2.98
ENDOFMESSAGE
MESSAGE
CONVERGENCEFAIL 342500 JUNCTION      1 KNOTEN    3168.82 DEGCRA
 The iteration of the junction massflow failed to
 converge within  25 iterations.
                    24 iteration   25 iteration
 Pressure    [Pa]:    388234.97      388234.97
 Difference in percent of meanvalue:    0.00
 Mass flow error [percent of total massflow]:   1.75
ENDOFMESSAGE
MESSAGE
CONVERGENCEFAIL 342500 JUNCTION      1 KNOTEN    3169.88 DEGCRA
 The iteration of the junction massflow failed to
 converge within  25 iterations.
                    24 iteration   25 iteration
 Pressure    [Pa]:    382256.42      382256.42
 Difference in percent of meanvalue:    0.00
 Mass flow error [percent of total massflow]:   0.90
ENDOFMESSAGE
MESSAGE
CONVERGENCEFAIL 342500 JUNCTION      1 KNOTEN    3170.95 DEGCRA
 The iteration of the junction massflow failed to
 converge within  25 iterations.
                    24 iteration   25 iteration
 Pressure    [Pa]:    376561.07      376561.07
 Difference in percent of meanvalue:    0.00
 Mass flow error [percent of total massflow]:   0.78
ENDOFMESSAGE
MESSAGE
CONVERGENCEFAIL 342500 JUNCTION      1 KNOTEN    3178.44 DEGCRA
 The iteration of the junction massflow failed to
 converge within  25 iterations.
                    24 iteration   25 iteration
 Pressure    [Pa]:    365508.89      365508.89
 Difference in percent of meanvalue:    0.00
 Mass flow error [percent of total massflow]:  -0.84
ENDOFMESSAGE
MESSAGE
CONVERGENCEFAIL 342500 JUNCTION      1 KNOTEN    3222.27 DEGCRA
 The iteration of the junction massflow failed to
 converge within  25 iterations.
                    24 iteration   25 iteration
 Pressure    [Pa]:    344390.44      344390.44
 Difference in percent of meanvalue:   -0.00
 Mass flow error [percent of total massflow]:  -1.54
ENDOFMESSAGE
MESSAGE
CONVERGENCEFAIL 342500 JUNCTION      2 KNOTEN    3222.27 DEGCRA
 The iteration of the junction massflow failed to
 converge within  25 iterations.
                    24 iteration   25 iteration
 Pressure    [Pa]:    400858.90      400858.90
 Difference in percent of meanvalue:    0.00
 Mass flow error [percent of total massflow]:   0.93
ENDOFMESSAGE
MESSAGE
CONVERGENCEFAIL 342500 JUNCTION      2 KNOTEN    3223.34 DEGCRA
 The iteration of the junction massflow failed to
 converge within  25 iterations.
                    24 iteration   25 iteration
 Pressure    [Pa]:    395197.29      395197.29
 Difference in percent of meanvalue:    0.00
 Mass flow error [percent of total massflow]:   0.55
ENDOFMESSAGE
MESSAGE
CONVERGENCEFAIL 342500 JUNCTION      2 KNOTEN    3224.41 DEGCRA
 The iteration of the junction massflow failed to
 converge within  25 iterations.
                    24 iteration   25 iteration
 Pressure    [Pa]:    388633.87      388633.87
 Difference in percent of meanvalue:    0.00
 Mass flow error [percent of total massflow]:   0.65
ENDOFMESSAGE
MESSAGE
CONVERGENCEFAIL 342500 JUNCTION      2 KNOTEN    3225.49 DEGCRA
 The iteration of the junction massflow failed to
 converge within  25 iterations.
                    24 iteration   25 iteration
 Pressure    [Pa]:    381495.66      381495.66
 Difference in percent of meanvalue:    0.00
 Mass flow error [percent of total massflow]:   0.70
ENDOFMESSAGE
MESSAGE
CONVERGENCEFAIL 342500 JUNCTION      2 KNOTEN    3226.56 DEGCRA
 The iteration of the junction massflow failed to
 converge within  25 iterations.
                    24 iteration   25 iteration
 Pressure    [Pa]:    374538.45      374538.45
 Difference in percent of meanvalue:    0.00
 Mass flow error [percent of total massflow]:   0.58
ENDOFMESSAGE
MESSAGE
CONVERGENCEFAIL 342500 JUNCTION      2 KNOTEN    3227.64 DEGCRA
 The iteration of the junction massflow failed to
 converge within  25 iterations.
                    24 iteration   25 iteration
 Pressure    [Pa]:    367644.78      367644.78
 Difference in percent of meanvalue:    0.00
 Mass flow error [percent of total massflow]:   0.50
ENDOFMESSAGE
MESSAGE
CONVERGENCEFAIL 342500 JUNCTION      2 KNOTEN    3228.71 DEGCRA
 The iteration of the junction massflow failed to
 converge within  25 iterations.
                    24 iteration   25 iteration
 Pressure    [Pa]:    360947.74      360947.74
 Difference in percent of meanvalue:    0.00
 Mass flow error [percent of total massflow]:   0.50
ENDOFMESSAGE
MESSAGE
CONVERGENCEFAIL 342500 JUNCTION      2 KNOTEN    3314.59 DEGCRA
 The iteration of the junction massflow failed to
 converge within  25 iterations.
                    24 iteration   25 iteration
 Pressure    [Pa]:    493650.68      493650.68
 Difference in percent of meanvalue:    0.00
 Mass flow error [percent of total massflow]:   1.33
ENDOFMESSAGE
MESSAGE
CONVERGENCEFAIL 342500 JUNCTION      2 KNOTEN    3315.68 DEGCRA
 The iteration of the junction massflow failed to
 converge within  25 iterations.
                    24 iteration   25 iteration
 Pressure    [Pa]:    486274.36      486274.36
 Difference in percent of meanvalue:    0.00
 Mass flow error [percent of total massflow]:   1.11
ENDOFMESSAGE
MESSAGE
CONVERGENCEFAIL 342500 JUNCTION      2 KNOTEN    3318.89 DEGCRA
 The iteration of the junction massflow failed to
 converge within  25 iterations.
                    24 iteration   25 iteration
 Pressure    [Pa]:    462668.39      462668.39
 Difference in percent of meanvalue:    0.00
 Mass flow error [percent of total massflow]:   0.52
ENDOFMESSAGE
MESSAGE
CONVERGENCEFAIL 342500 JUNCTION      2 KNOTEN    3327.34 DEGCRA
 The iteration of the junction massflow failed to
 converge within  25 iterations.
                    24 iteration   25 iteration
 Pressure    [Pa]:    397229.86      397229.86
 Difference in percent of meanvalue:    0.00
 Mass flow error [percent of total massflow]:   0.51
ENDOFMESSAGE
MESSAGE
CONVERGENCEFAIL 342500 JUNCTION      2 KNOTEN    3328.43 DEGCRA
 The iteration of the junction massflow failed to
 converge within  25 iterations.
                    24 iteration   25 iteration
 Pressure    [Pa]:    388395.52      388395.52
 Difference in percent of meanvalue:    0.00
 Mass flow error [percent of total massflow]:   0.56
ENDOFMESSAGE
MESSAGE
CONVERGENCEFAIL 342500 JUNCTION      2 KNOTEN    3329.55 DEGCRA
 The iteration of the junction massflow failed to
 converge within  25 iterations.
                    24 iteration   25 iteration
 Pressure    [Pa]:    379905.37      379905.37
 Difference in percent of meanvalue:    0.00
 Mass flow error [percent of total massflow]:   0.62
ENDOFMESSAGE
MESSAGE
CONVERGENCEFAIL 342500 JUNCTION      2 KNOTEN    3330.69 DEGCRA
 The iteration of the junction massflow failed to
 converge within  25 iterations.
                    24 iteration   25 iteration
 Pressure    [Pa]:    372041.68      372041.68
 Difference in percent of meanvalue:    0.00
 Mass flow error [percent of total massflow]:   0.71
ENDOFMESSAGE
MESSAGE
CONVERGENCEFAIL 342500 JUNCTION      2 KNOTEN    3334.09 DEGCRA
 The iteration of the junction massflow failed to
 converge within  25 iterations.
                    24 iteration   25 iteration
 Pressure    [Pa]:    353871.26      353871.26
 Difference in percent of meanvalue:    0.00
 Mass flow error [percent of total massflow]:   1.02
ENDOFMESSAGE
MESSAGE
CONVERGENCEFAIL 342500 JUNCTION      2 KNOTEN    3335.23 DEGCRA
 The iteration of the junction massflow failed to
 converge within  25 iterations.
                    24 iteration   25 iteration
 Pressure    [Pa]:    349990.50      349990.50
 Difference in percent of meanvalue:    0.00
 Mass flow error [percent of total massflow]:   1.48
ENDOFMESSAGE
MESSAGE
CONVERGENCEFAIL 342500 JUNCTION      2 KNOTEN    3336.36 DEGCRA
 The iteration of the junction massflow failed to
 converge within  25 iterations.
                    24 iteration   25 iteration
 Pressure    [Pa]:    346951.05      346951.05
 Difference in percent of meanvalue:    0.00
 Mass flow error [percent of total massflow]:   1.01
ENDOFMESSAGE
MESSAGE
CONVERGENCEFAIL 342500 JUNCTION      2 KNOTEN    3337.50 DEGCRA
 The iteration of the junction massflow failed to
 converge within  25 iterations.
                    24 iteration   25 iteration
 Pressure    [Pa]:    344224.98      344224.98
 Difference in percent of meanvalue:    0.00
 Mass flow error [percent of total massflow]:   1.09
ENDOFMESSAGE
MESSAGE
CONVERGENCEFAIL 342500 JUNCTION      2 KNOTEN    3383.42 DEGCRA
 The iteration of the junction massflow failed to
 converge within  25 iterations.
                    24 iteration   25 iteration
 Pressure    [Pa]:    426361.23      426361.23
 Difference in percent of meanvalue:    0.00
 Mass flow error [percent of total massflow]:   0.57
ENDOFMESSAGE
MESSAGE
CONVERGENCEFAIL 342500 JUNCTION      2 KNOTEN    3384.57 DEGCRA
 The iteration of the junction massflow failed to
 converge within  25 iterations.
                    24 iteration   25 iteration
 Pressure    [Pa]:    422154.40      422154.40
 Difference in percent of meanvalue:    0.00
 Mass flow error [percent of total massflow]:   0.50
ENDOFMESSAGE
MESSAGE
CONVERGENCEFAIL 342500 JUNCTION      2 KNOTEN    3388.02 DEGCRA
 The iteration of the junction massflow failed to
 converge within  25 iterations.
                    24 iteration   25 iteration
 Pressure    [Pa]:    407298.36      407298.36
 Difference in percent of meanvalue:    0.00
 Mass flow error [percent of total massflow]:   0.51
ENDOFMESSAGE
MESSAGE
CONVERGENCEFAIL 342500 JUNCTION      2 KNOTEN    3389.17 DEGCRA
 The iteration of the junction massflow failed to
 converge within  25 iterations.
                    24 iteration   25 iteration
 Pressure    [Pa]:    401491.58      401491.58
 Difference in percent of meanvalue:    0.00
 Mass flow error [percent of total massflow]:   0.50
ENDOFMESSAGE
MESSAGE
CONVERGENCEFAIL 342500 JUNCTION      2 KNOTEN    3393.78 DEGCRA
 The iteration of the junction massflow failed to
 converge within  25 iterations.
                    24 iteration   25 iteration
 Pressure    [Pa]:    374152.24      374152.24
 Difference in percent of meanvalue:    0.00
 Mass flow error [percent of total massflow]:   0.51
ENDOFMESSAGE
MESSAGE
CONVERGENCEFAIL 342500 JUNCTION      2 KNOTEN    3394.94 DEGCRA
 The iteration of the junction massflow failed to
 converge within  25 iterations.
                    24 iteration   25 iteration
 Pressure    [Pa]:    367346.01      367346.01
 Difference in percent of meanvalue:    0.00
 Mass flow error [percent of total massflow]:   0.69
ENDOFMESSAGE
MESSAGE
CONVERGENCEFAIL 342500 JUNCTION      2 KNOTEN    3397.24 DEGCRA
 The iteration of the junction massflow failed to
 converge within  25 iterations.
                    24 iteration   25 iteration
 Pressure    [Pa]:    355352.97      355352.97
 Difference in percent of meanvalue:    0.00
 Mass flow error [percent of total massflow]:   0.81
ENDOFMESSAGE
MESSAGE
CONVERGENCEFAIL 342500 JUNCTION      2 KNOTEN    3398.39 DEGCRA
 The iteration of the junction massflow failed to
 converge within  25 iterations.
                    24 iteration   25 iteration
 Pressure    [Pa]:    350473.60      350473.60
 Difference in percent of meanvalue:    0.00
 Mass flow error [percent of total massflow]:   0.87
ENDOFMESSAGE
MESSAGE
CONVERGENCEFAIL 342500 JUNCTION      2 KNOTEN    3399.54 DEGCRA
 The iteration of the junction massflow failed to
 converge within  25 iterations.
                    24 iteration   25 iteration
 Pressure    [Pa]:    346870.14      346870.14
 Difference in percent of meanvalue:    0.00
 Mass flow error [percent of total massflow]:   0.61
ENDOFMESSAGE
MESSAGE
CONVERGENCEFAIL 342500 JUNCTION      2 KNOTEN    3449.65 DEGCRA
 The iteration of the junction massflow failed to
 converge within  25 iterations.
                    24 iteration   25 iteration
 Pressure    [Pa]:    384437.26      384437.26
 Difference in percent of meanvalue:    0.00
 Mass flow error [percent of total massflow]:   0.57
ENDOFMESSAGE
MESSAGE
CONVERGENCEFAIL 342500 JUNCTION      2 KNOTEN    3450.79 DEGCRA
 The iteration of the junction massflow failed to
 converge within  25 iterations.
                    24 iteration   25 iteration
 Pressure    [Pa]:    379535.92      379535.92
 Difference in percent of meanvalue:    0.00
 Mass flow error [percent of total massflow]:   0.69
ENDOFMESSAGE
MESSAGE
CONVERGENCEFAIL 342500 JUNCTION      2 KNOTEN    3451.92 DEGCRA
 The iteration of the junction massflow failed to
 converge within  25 iterations.
                    24 iteration   25 iteration
 Pressure    [Pa]:    374688.15      374688.15
 Difference in percent of meanvalue:    0.00
 Mass flow error [percent of total massflow]:   0.69
ENDOFMESSAGE
MESSAGE
CONVERGENCEFAIL 342500 JUNCTION      2 KNOTEN    3453.05 DEGCRA
 The iteration of the junction massflow failed to
 converge within  25 iterations.
                    24 iteration   25 iteration
 Pressure    [Pa]:    369946.75      369946.75
 Difference in percent of meanvalue:    0.00
 Mass flow error [percent of total massflow]:   0.68
ENDOFMESSAGE
MESSAGE
CONVERGENCEFAIL 342500 JUNCTION      2 KNOTEN    3455.32 DEGCRA
 The iteration of the junction massflow failed to
 converge within  25 iterations.
                    24 iteration   25 iteration
 Pressure    [Pa]:    360630.31      360630.31
 Difference in percent of meanvalue:    0.00
 Mass flow error [percent of total massflow]:   0.66
ENDOFMESSAGE
MESSAGE
CONVERGENCEFAIL 342500 JUNCTION      2 KNOTEN    3456.45 DEGCRA
 The iteration of the junction massflow failed to
 converge within  25 iterations.
                    24 iteration   25 iteration
 Pressure    [Pa]:    356216.63      356216.63
 Difference in percent of meanvalue:    0.00
 Mass flow error [percent of total massflow]:   0.61
ENDOFMESSAGE
MESSAGE
CONVERGENCEFAIL 342500 JUNCTION      2 KNOTEN    3457.58 DEGCRA
 The iteration of the junction massflow failed to
 converge within  25 iterations.
                    24 iteration   25 iteration
 Pressure    [Pa]:    352067.73      352067.73
 Difference in percent of meanvalue:    0.00
 Mass flow error [percent of total massflow]:   0.55
ENDOFMESSAGE
MESSAGE
RUNINFO 163607 TURBOCHARGER      1 TURLAD    3600.00 DEGCRA
 Cycle number     5 completed:
 Compressorwork [J] :  0.56885E+03, average pressure ratio [-]:  2.700
 Turbinework    [J] :  0.11860E+04, average pressure ratio [-]:  2.730
 Added Mechanical Work  [J] :  0.00000E+00
 relative energy balance error [-] : -0.68560E+00
 new estimate of TurbineToTotal Massflow :  0.81000E+00
ENDOFMESSAGE
MESSAGE
CONVERGENCEFAIL 342500 JUNCTION      1 KNOTEN    4028.58 DEGCRA
 The iteration of the junction massflow failed to
 converge within  25 iterations.
                    24 iteration   25 iteration
 Pressure    [Pa]:    484369.27      484369.27
 Difference in percent of meanvalue:   -0.00
 Mass flow error [percent of total massflow]:  -0.84
ENDOFMESSAGE
MESSAGE
CONVERGENCEFAIL 342500 JUNCTION      2 KNOTEN    4029.70 DEGCRA
 The iteration of the junction massflow failed to
 converge within  25 iterations.
                    24 iteration   25 iteration
 Pressure    [Pa]:    516545.04      516545.04
 Difference in percent of meanvalue:   -0.00
 Mass flow error [percent of total massflow]:  -0.81
ENDOFMESSAGE
MESSAGE
CONVERGENCEFAIL 342500 JUNCTION      2 KNOTEN    4042.50 DEGCRA
 The iteration of the junction massflow failed to
 converge within  25 iterations.
                    24 iteration   25 iteration
 Pressure    [Pa]:    419072.81      419072.81
 Difference in percent of meanvalue:    0.00
 Mass flow error [percent of total massflow]:  -0.61
ENDOFMESSAGE
MESSAGE
CONVERGENCEFAIL 342500 JUNCTION      2 KNOTEN    4043.52 DEGCRA
 The iteration of the junction massflow failed to
 converge within  25 iterations.
                    24 iteration   25 iteration
 Pressure    [Pa]:    411253.94      411253.94
 Difference in percent of meanvalue:    0.00
 Mass flow error [percent of total massflow]:  -0.66
ENDOFMESSAGE
MESSAGE
CONVERGENCEFAIL 342500 JUNCTION      2 KNOTEN    4044.54 DEGCRA
 The iteration of the junction massflow failed to
 converge within  25 iterations.
                    24 iteration   25 iteration
 Pressure    [Pa]:    404766.63      404766.63
 Difference in percent of meanvalue:    0.00
 Mass flow error [percent of total massflow]:  -0.80
ENDOFMESSAGE
MESSAGE
CONVERGENCEFAIL 342500 JUNCTION      1 KNOTEN    4104.07 DEGCRA
 The iteration of the junction massflow failed to
 converge within  25 iterations.
                    24 iteration   25 iteration
 Pressure    [Pa]:    358584.38      358584.38
 Difference in percent of meanvalue:   -0.00
 Mass flow error [percent of total massflow]:  -2.34
ENDOFMESSAGE
MESSAGE
CONVERGENCEFAIL 342500 JUNCTION      1 KNOTEN    4165.63 DEGCRA
 The iteration of the junction massflow failed to
 converge within  25 iterations.
                    24 iteration   25 iteration
 Pressure    [Pa]:    339981.91      339981.91
 Difference in percent of meanvalue:    0.00
 Mass flow error [percent of total massflow]:   0.65
ENDOFMESSAGE
MESSAGE
CONVERGENCEFAIL 342500 JUNCTION      1 KNOTEN    4166.74 DEGCRA
 The iteration of the junction massflow failed to
 converge within  25 iterations.
                    24 iteration   25 iteration
 Pressure    [Pa]:    339682.82      339682.82
 Difference in percent of meanvalue:    0.00
 Mass flow error [percent of total massflow]:   0.92
ENDOFMESSAGE
MESSAGE
CONVERGENCEFAIL 342500 JUNCTION      1 KNOTEN    4372.52 DEGCRA
 The iteration of the junction massflow failed to
 converge within  25 iterations.
                    24 iteration   25 iteration
 Pressure    [Pa]:    335883.91      335883.91
 Difference in percent of meanvalue:    0.00
 Mass flow error [percent of total massflow]:   0.63
ENDOFMESSAGE
MESSAGE
CONVERGENCEFAIL 342500 JUNCTION      1 KNOTEN    4376.93 DEGCRA
 The iteration of the junction massflow failed to
 converge within  25 iterations.
                    24 iteration   25 iteration
 Pressure    [Pa]:    310664.16      310664.16
 Difference in percent of meanvalue:    0.00
 Mass flow error [percent of total massflow]:   0.61
ENDOFMESSAGE
MESSAGE
CONVERGENCEFAIL 342500 JUNCTION      2 KNOTEN    4760.84 DEGCRA
 The iteration of the junction massflow failed to
 converge within  25 iterations.
                    24 iteration   25 iteration
 Pressure    [Pa]:    439084.19      439084.19
 Difference in percent of meanvalue:   -0.00
 Mass flow error [percent of total massflow]:  -0.53
ENDOFMESSAGE
MESSAGE
RUNINFO 163607 TURBOCHARGER      1 TURLAD    5040.00 DEGCRA
 Cycle number     7 completed:
 Compressorwork [J] :  0.60964E+03, average pressure ratio [-]:  2.700
 Turbinework    [J] :  0.10317E+04, average pressure ratio [-]:  2.541
 Added Mechanical Work  [J] :  0.00000E+00
 relative energy balance error [-] : -0.49536E+00
 new estimate of TurbineToTotal Massflow :  0.72900E+00
ENDOFMESSAGE
MESSAGE
CONVERGENCEFAIL 342500 JUNCTION      2 KNOTEN    5470.34 DEGCRA
 The iteration of the junction massflow failed to
 converge within  25 iterations.
                    24 iteration   25 iteration
 Pressure    [Pa]:    503749.08      503749.08
 Difference in percent of meanvalue:   -0.00
 Mass flow error [percent of total massflow]:  -0.57
ENDOFMESSAGE
MESSAGE
CONVERGENCEFAIL 342500 JUNCTION      2 KNOTEN    6198.28 DEGCRA
 The iteration of the junction massflow failed to
 converge within  25 iterations.
                    24 iteration   25 iteration
 Pressure    [Pa]:    455247.56      455247.56
 Difference in percent of meanvalue:   -0.00
 Mass flow error [percent of total massflow]:  -0.55
ENDOFMESSAGE
MESSAGE
CONVERGENCEFAIL 342500 JUNCTION      2 KNOTEN    6468.47 DEGCRA
 The iteration of the junction massflow failed to
 converge within  25 iterations.
                    24 iteration   25 iteration
 Pressure    [Pa]:    363702.87      363702.86
 Difference in percent of meanvalue:   -0.00
 Mass flow error [percent of total massflow]:  -0.61
ENDOFMESSAGE
MESSAGE
RUNINFO 163607 TURBOCHARGER      1 TURLAD    6480.00 DEGCRA
 Cycle number     9 completed:
 Compressorwork [J] :  0.62657E+03, average pressure ratio [-]:  2.700
 Turbinework    [J] :  0.87730E+03, average pressure ratio [-]:  2.323
 Added Mechanical Work  [J] :  0.00000E+00
 relative energy balance error [-] : -0.31377E+00
 new estimate of TurbineToTotal Massflow :  0.65610E+00
ENDOFMESSAGE
MESSAGE
CONVERGENCEFAIL 342500 JUNCTION      2 KNOTEN    6492.47 DEGCRA
 The iteration of the junction massflow failed to
 converge within  25 iterations.
                    24 iteration   25 iteration
 Pressure    [Pa]:    329403.49      329403.49
 Difference in percent of meanvalue:    0.00
 Mass flow error [percent of total massflow]:   0.53
ENDOFMESSAGE
MESSAGE
RUNINFO 163607 TURBOCHARGER      1 TURLAD    7920.00 DEGCRA
 Cycle number    11 completed:
 Compressorwork [J] :  0.64726E+03, average pressure ratio [-]:  2.700
 Turbinework    [J] :  0.73074E+03, average pressure ratio [-]:  2.124
 Added Mechanical Work  [J] :  0.00000E+00
 relative energy balance error [-] : -0.10102E+00
 new estimate of TurbineToTotal Massflow :  0.62555E+00
ENDOFMESSAGE
MESSAGE
CONVERGENCEFAIL 342500 JUNCTION      2 KNOTEN    7929.04 DEGCRA
 The iteration of the junction massflow failed to
 converge within  25 iterations.
                    24 iteration   25 iteration
 Pressure    [Pa]:    351074.17      351074.17
 Difference in percent of meanvalue:    0.00
 Mass flow error [percent of total massflow]:  -0.59
ENDOFMESSAGE
MESSAGE
CONVERGENCEFAIL 342500 JUNCTION      1 KNOTEN    8330.67 DEGCRA
 The iteration of the junction massflow failed to
 converge within  25 iterations.
                    24 iteration   25 iteration
 Pressure    [Pa]:    361868.00      361868.00
 Difference in percent of meanvalue:   -0.00
 Mass flow error [percent of total massflow]:  -1.46
ENDOFMESSAGE
MESSAGE
CONVERGENCEFAIL 342500 JUNCTION      1 KNOTEN    8796.65 DEGCRA
 The iteration of the junction massflow failed to
 converge within  25 iterations.
                    24 iteration   25 iteration
 Pressure    [Pa]:    349620.66      349620.66
 Difference in percent of meanvalue:   -0.00
 Mass flow error [percent of total massflow]:  -0.63
ENDOFMESSAGE
MESSAGE
CONVERGENCEFAIL 342500 JUNCTION      1 KNOTEN    9050.57 DEGCRA
 The iteration of the junction massflow failed to
 converge within  25 iterations.
                    24 iteration   25 iteration
 Pressure    [Pa]:    360771.05      360771.05
 Difference in percent of meanvalue:   -0.00
 Mass flow error [percent of total massflow]:   1.17
ENDOFMESSAGE
MESSAGE
CONVERGENCEFAIL 342500 JUNCTION      1 KNOTEN    9054.57 DEGCRA
 The iteration of the junction massflow failed to
 converge within  25 iterations.
                    24 iteration   25 iteration
 Pressure    [Pa]:    373375.47      373375.48
 Difference in percent of meanvalue:    0.00
 Mass flow error [percent of total massflow]:   1.14
ENDOFMESSAGE
MESSAGE
CONVERGENCEFAIL 342500 JUNCTION      1 KNOTEN    9516.68 DEGCRA
 The iteration of the junction massflow failed to
 converge within  25 iterations.
                    24 iteration   25 iteration
 Pressure    [Pa]:    349905.71      349905.71
 Difference in percent of meanvalue:    0.00
 Mass flow error [percent of total massflow]:   0.62
ENDOFMESSAGE
MESSAGE
CONVERGENCEFAIL 342500 JUNCTION      1 KNOTEN    9770.58 DEGCRA
 The iteration of the junction massflow failed to
 converge within  25 iterations.
                    24 iteration   25 iteration
 Pressure    [Pa]:    360793.18      360793.17
 Difference in percent of meanvalue:   -0.00
 Mass flow error [percent of total massflow]:  -1.03
ENDOFMESSAGE
MESSAGE
CONVERGENCEFAIL 342500 JUNCTION      1 KNOTEN    9774.58 DEGCRA
 The iteration of the junction massflow failed to
 converge within  25 iterations.
                    24 iteration   25 iteration
 Pressure    [Pa]:    373220.19      373220.20
 Difference in percent of meanvalue:    0.00
 Mass flow error [percent of total massflow]:  -0.54
ENDOFMESSAGE
MESSAGE
RUNINFO 163607 TURBOCHARGER      1 TURLAD   10080.00 DEGCRA
 Cycle number    14 completed:
 Compressorwork [J] :  0.65856E+03, average pressure ratio [-]:  2.700
 Turbinework    [J] :  0.67084E+03, average pressure ratio [-]:  2.041
 Added Mechanical Work  [J] :  0.00000E+00
 relative energy balance error [-] : -0.17250E-02
 new estimate of TurbineToTotal Massflow :  0.62605E+00
ENDOFMESSAGE
MESSAGE
CONVERGENCEFAIL 342500 JUNCTION      1 KNOTEN   10236.68 DEGCRA
 The iteration of the junction massflow failed to
 converge within  25 iterations.
                    24 iteration   25 iteration
 Pressure    [Pa]:    349687.06      349687.06
 Difference in percent of meanvalue:   -0.00
 Mass flow error [percent of total massflow]:   0.62
ENDOFMESSAGE
MESSAGE
CONVERGENCEFAIL 342500 JUNCTION      1 KNOTEN   10490.59 DEGCRA
 The iteration of the junction massflow failed to
 converge within  25 iterations.
                    24 iteration   25 iteration
 Pressure    [Pa]:    360844.05      360844.05
 Difference in percent of meanvalue:    0.00
 Mass flow error [percent of total massflow]:   1.00
ENDOFMESSAGE
MESSAGE
RUNINFO 163607 TURBOCHARGER      1 TURLAD   10800.00 DEGCRA
 Cycle number    15 completed:
 Compressorwork [J] :  0.65892E+03, average pressure ratio [-]:  2.700
 Turbinework    [J] :  0.67060E+03, average pressure ratio [-]:  2.042
 Added Mechanical Work  [J] :  0.00000E+00
 relative energy balance error [-] : -0.26350E-02
 new estimate of TurbineToTotal Massflow :  0.62678E+00
ENDOFMESSAGE
MESSAGE
CONVERGENCEFAIL 342500 JUNCTION      1 KNOTEN   11210.60 DEGCRA
 The iteration of the junction massflow failed to
 converge within  25 iterations.
                    24 iteration   25 iteration
 Pressure    [Pa]:    361378.60      361378.60
 Difference in percent of meanvalue:   -0.00
 Mass flow error [percent of total massflow]:  -1.20
ENDOFMESSAGE
MESSAGE
RUNINFO 163607 TURBOCHARGER      1 TURLAD   11520.00 DEGCRA
 Cycle number    16 completed:
 Compressorwork [J] :  0.65908E+03, average pressure ratio [-]:  2.700
 Turbinework    [J] :  0.67196E+03, average pressure ratio [-]:  2.044
 Added Mechanical Work  [J] :  0.00000E+00
 relative energy balance error [-] : -0.85255E-03
 new estimate of TurbineToTotal Massflow :  0.62702E+00
ENDOFMESSAGE
MESSAGE
CONVERGENCEFAIL 342500 JUNCTION      1 KNOTEN   11676.69 DEGCRA
 The iteration of the junction massflow failed to
 converge within  25 iterations.
                    24 iteration   25 iteration
 Pressure    [Pa]:    349692.25      349692.25
 Difference in percent of meanvalue:   -0.00
 Mass flow error [percent of total massflow]:   0.69
ENDOFMESSAGE
MESSAGE
CONVERGENCEFAIL 342500 JUNCTION      1 KNOTEN   11930.61 DEGCRA
 The iteration of the junction massflow failed to
 converge within  25 iterations.
                    24 iteration   25 iteration
 Pressure    [Pa]:    361374.32      361374.33
 Difference in percent of meanvalue:    0.00
 Mass flow error [percent of total massflow]:   0.78
ENDOFMESSAGE
MESSAGE
RUNINFO 163607 TURBOCHARGER      1 TURLAD   12240.00 DEGCRA
 Cycle number    17 completed:
 Compressorwork [J] :  0.65905E+03, average pressure ratio [-]:  2.700
 Turbinework    [J] :  0.67155E+03, average pressure ratio [-]:  2.043
 Added Mechanical Work  [J] :  0.00000E+00
 relative energy balance error [-] : -0.14050E-02
 new estimate of TurbineToTotal Massflow :  0.62790E+00
ENDOFMESSAGE
MESSAGE
CONVERGENCEFAIL 342500 JUNCTION      1 KNOTEN   12396.70 DEGCRA
 The iteration of the junction massflow failed to
 converge within  25 iterations.
                    24 iteration   25 iteration
 Pressure    [Pa]:    349672.19      349672.19
 Difference in percent of meanvalue:    0.00
 Mass flow error [percent of total massflow]:   0.71
ENDOFMESSAGE
MESSAGE
CONVERGENCEFAIL 342500 JUNCTION      1 KNOTEN   12650.62 DEGCRA
 The iteration of the junction massflow failed to
 converge within  25 iterations.
                    24 iteration   25 iteration
 Pressure    [Pa]:    361761.09      361761.09
 Difference in percent of meanvalue:    0.00
 Mass flow error [percent of total massflow]:  -1.35
ENDOFMESSAGE
MESSAGE
RUNINFO 163607 TURBOCHARGER      1 TURLAD   12960.00 DEGCRA
 Cycle number    18 completed:
 Compressorwork [J] :  0.65914E+03, average pressure ratio [-]:  2.700
 Turbinework    [J] :  0.67309E+03, average pressure ratio [-]:  2.046
 Added Mechanical Work  [J] :  0.00000E+00
 relative energy balance error [-] : -0.74721E-03
 new estimate of TurbineToTotal Massflow :  0.62760E+00
ENDOFMESSAGE
MESSAGE
CONVERGENCEFAIL 342500 JUNCTION      1 KNOTEN   13370.62 DEGCRA
 The iteration of the junction massflow failed to
 converge within  25 iterations.
                    24 iteration   25 iteration
 Pressure    [Pa]:    361674.79      361674.79
 Difference in percent of meanvalue:    0.00
 Mass flow error [percent of total massflow]:   0.66
ENDOFMESSAGE
MESSAGE
RUNINFO 163607 TURBOCHARGER      1 TURLAD   13680.00 DEGCRA
 Cycle number    19 completed:
 Compressorwork [J] :  0.65906E+03, average pressure ratio [-]:  2.700
 Turbinework    [J] :  0.67226E+03, average pressure ratio [-]:  2.045
 Added Mechanical Work  [J] :  0.00000E+00
 relative energy balance error [-] : -0.36507E-03
 new estimate of TurbineToTotal Massflow :  0.62770E+00
ENDOFMESSAGE
MESSAGE
CONVERGENCEFAIL 342500 JUNCTION      1 KNOTEN   13836.70 DEGCRA
 The iteration of the junction massflow failed to
 converge within  25 iterations.
                    24 iteration   25 iteration
 Pressure    [Pa]:    349561.74      349561.73
 Difference in percent of meanvalue:   -0.00
 Mass flow error [percent of total massflow]:   0.71
ENDOFMESSAGE
MESSAGE
CONVERGENCEFAIL 342500 JUNCTION      1 KNOTEN   14090.62 DEGCRA
 The iteration of the junction massflow failed to
 converge within  25 iterations.
                    24 iteration   25 iteration
 Pressure    [Pa]:    361551.48      361551.48
 Difference in percent of meanvalue:   -0.00
 Mass flow error [percent of total massflow]:  -1.35
ENDOFMESSAGE
MESSAGE
RUNINFO 163607 TURBOCHARGER      1 TURLAD   14400.00 DEGCRA
 Cycle number    20 completed:
 Compressorwork [J] :  0.65916E+03, average pressure ratio [-]:  2.700
 Turbinework    [J] :  0.67234E+03, average pressure ratio [-]:  2.045
 Added Mechanical Work  [J] :  0.00000E+00
 relative energy balance error [-] : -0.40510E-03
 new estimate of TurbineToTotal Massflow :  0.62777E+00
ENDOFMESSAGE
