 --------------------------------
 AVL - B O O S T
 Version:        v2022.1.0.0.0
 Build:          Apr 27 2022 22:44:48
 Git Build Hash: 7670062eda46b95e13935a621f250d93513addf7
 System:         x86_64-unknown-winnt_i19v19
 --------------------------------

LICENSE
-------
 sys_1DCFD_solver 2022.0@ License will expire in 218 days

PROJECT
-------
 Preprocessor Version :  2022.1
 Calculation date     : 14.10.2025
 File     : single500_GDi.bst
 Case Set : "Case Set 1"
 Case     : "8k"
 
 Project ID: "4-Cylinder"
 Run ID:     "WOT"
 Model date: "7.3.2000"

ELEMENTS
--------
 Element Name        Number

 PIPE                  23
 SYSTEMBOUNDARY         2
 CYLINDER               4
 RESTRICTION            8
 MEASURINGPOINT         8
 JUNCTION               7
 ENGINE                 1
 PIPE_END              46
 ALL_PIPES             23
 ALL_BOUNDARIES         2
 RESTRICTIONS           8
 ALL_PIDS               1
 PIPE_VAR_WALL_TEMP    23

GLOBAL DATA
-----------
  Engine Speed :         8000.0  rpm
  Calculationmode:        BOOST  Single
  Cycle Duration:        720.00  degrees
  Max. calc. period:   14400.00  degrees
  Cycles calculated:         20  cycles
  Calc. time steps:     2.05408  degrees (max)
                        1.14022  degrees
                        0.02375  ms
  Traces results step:  5.00000  degrees
  User concentrations:        0
  Ref. pressure:      100000.00  Pa
  Ref. temperature:     298.000  K
  Gas properties:      Variable
  Gasproperties File:     GASOLINE.BGP
     bgp_build_version:   v2013.0.0.0.0
     bgp_build_host:      boosthost
     bgp_build_user:      boost
     bgp_build_date:      2012.03.23
     bgp_build_time:      08:00:00
  Lower calorific:  0.43500E+08  J/kg
  Stoic. A/F-ratio:      14.500

  Warnings:                   0
  Convergence errors:       128

PIPES
-----

 Total number of pipe cells:     88

 Pipe   Cells   Cell size       W.Heat     Wall T    Fric. coeff.   Lam. Fric. Coeff.  Heat Factor       Volume
  nr.                [mm]         [kJ]        [K]             [-]                 [-]          [-]        [dm3]
    1       2        40.0        0.001     340.00        0.040000           64.000000     1.000000     0.070513
    2       2        30.0       -0.005     850.00        0.040000           64.000000     1.000000     0.048255
    3       2        40.0        0.001     340.00        0.040000           64.000000     1.000000     0.070513
    4       2        30.0       -0.005     850.00        0.040000           64.000000     1.000000     0.048255
    5       2        40.0        0.001     340.00        0.040000           64.000000     1.000000     0.070513
    6       2        30.0       -0.005     850.00        0.040000           64.000000     1.000000     0.048255
    7       2        40.0        0.001     340.00        0.040000           64.000000     1.000000     0.070513
    8       2        30.0       -0.005     850.00        0.040000           64.000000     1.000000     0.048255
    9       9        29.2        0.001     300.00        0.019000           64.000000     1.000000     1.192182
   10       4        35.0        0.000     300.00        0.019000           64.000000     1.000000     0.158776
   11       2        40.0        0.000     300.00        0.019000           64.000000     1.000000     0.090729
   12       4        35.0        0.000     300.00        0.019000           64.000000     1.000000     0.158776
   13       4        35.0        0.000     300.00        0.019000           64.000000     1.000000     0.158776
   14       2        40.0        0.000     300.00        0.019000           64.000000     1.000000     0.090729
   15       2        40.0        0.000     300.00        0.019000           64.000000     1.000000     0.090729
   16       4        35.0        0.000     300.00        0.019000           64.000000     1.000000     0.158776
   17       6        33.3       -0.058     300.00        0.019000           64.000000     1.000000     0.251327
   18       6        33.3       -0.056     300.00        0.019000           64.000000     1.000000     0.251327
   19       6        33.3       -0.059     300.00        0.019000           64.000000     1.000000     0.251327
   20       6        33.3       -0.057     300.00        0.019000           64.000000     1.000000     0.251327
   21       5        30.0       -0.073     300.00        0.019000           64.000000     1.000000     0.188496
   22       5        30.0       -0.072     300.00        0.019000           64.000000     1.000000     0.188496
   23       7        30.3       -0.137     300.00        0.019000           64.000000     1.000000     0.266407


MEASURINGPOINTS: Average Values
-------------------------------
 Mp. Pipe Location   Diameter  Pressure  Temp. Ms.Temp.  Velo.   Massflow   Massflow To.Ent.f.  To.Ent.f.  Mach. Wtemp.  Converg.
 nr.  nr.     [mm]       [mm]     [bar]    [K]      [K]  [m/s]      [g/s]  [g/cycle]    [kJ/s]  [kJ/cyc.]    [-]    [K]       [-]
  1   1    10.0000    33.5000    0.9617  290.9    271.9   46.5    38.4876     0.5773    -0.215    -0.0032   0.14  340.0 0.194E-07
  2  19    10.0000    40.0000    1.2319 1091.5   1257.5   85.2    41.1347     0.6170    58.470     0.8770   0.13  300.0 0.727E-07
  3   3    10.0000    33.5000    0.9128  289.3    273.1   47.3    37.6362     0.5645    -0.001    -0.0000   0.14  340.0 0.262E-07
  4  17    10.0000    40.0000    1.2276 1098.6   1262.8   84.5    40.2332     0.6035    57.490     0.8624   0.12  300.0 0.515E-06
  5   5    10.0000    33.5000    0.9100  290.5    275.2   42.3    34.5036     0.5176    -0.277    -0.0042   0.13  340.0 0.244E-07
  6  18    10.0000    40.0000    1.2296 1102.7   1251.5   80.2    36.8754     0.5531    51.924     0.7789   0.12  300.0 0.553E-06
  7   7    10.0000    33.5000    0.9036  291.0    272.7   45.6    35.3194     0.5298    -0.014    -0.0002   0.14  340.0 0.707E-07
  8  20    10.0000    40.0000    1.2287 1110.3   1267.4   81.9    37.7622     0.5664    53.177     0.7977   0.12  300.0 0.654E-07

SYSTEMBOUNDARIES
Attachments
-----------
 Type                 Nr.   Pipe       Mass flow
                             Nr.       [g/cycle]
 SYSTEMBOUNDARY        1      9          2.1892
 SYSTEMBOUNDARY        2     23          2.3416

CYLINDERS: Average Values
-------------------------
                               Total
                              Engine         Cyl.   1       Cyl.   2       Cyl.   3       Cyl.   4
Firing TDC [deg]                                  0.00         540.00         180.00         360.00
Bore [mm]                                        86.00          86.00          86.00          86.00
Stroke [mm]                                      86.00          86.00          86.00          86.00
Conrodl. [mm]                                   143.50         143.50         143.50         143.50
Piston pin offset [mm]                            0.00           0.00           0.00           0.00
Swept Vol. [l]                   1.9982         0.4996         0.4996         0.4996         0.4996
Compression ratio [-]                            10.50          10.50          10.50          10.50
Dyn. Comp. ratio [-]                              7.97           7.93           7.99           7.99

Combustion Data:
----------------
Combustion Char.                               2Z-Vibe        2Z-Vibe        2Z-Vibe        2Z-Vibe     
Comb.start [deg]                                -14.00         -14.00         -14.00         -14.00
Comb.dur.1 [deg]                                 30.00          30.00          30.00          30.00
Peak Fir.Pres. [bar]              88.10          92.66          91.29          82.82          85.61
at Crankangle [deg]                5.93           5.92           5.92           5.93           5.96
Peak Pres.Rise[bar/deg]            5.64           5.96           5.82           5.33           5.47
at Crankangle [deg]               -4.01          -3.79          -3.78          -4.49          -4.00
Peak Fir. Temp. [K]             2834.89        2838.61        2842.34        2821.31        2837.28
at Crankangle [deg]                9.92           9.90           9.91           9.92           9.97
Peak T_burned [K]               2871.86        2875.76        2879.32        2858.21        2874.14
at Crankangle [deg]                3.95           3.94           3.94           3.94           3.96
Res. Gascompr. [bar]               0.80           0.84           0.76           0.80           0.80
at Crankangle [deg]              358.42         360.00         357.46         360.00         356.21
Evaporation Energy [kJ]         -0.0444        -0.0117        -0.0114        -0.0105        -0.0107
Required O.N. [-]                 79.26          77.81          79.26          71.78          76.52
Knock Intensity [-]               -1.00           0.00           0.00           0.00           0.00

Emissions (Classic Species Transport):
--------------------------------------
NOx: Calculated based on MTZ 34 1973 (12).
CO:  Calculated based on SAE 2002-01-0006.
HC:  Calculated based on SAE 2002-01-0006.
NOX   [g/kWh]                 14.371231      13.920042      14.323476      14.160269      15.139427
NOX   [g/h]                 1885.545101     489.012868     485.333130     438.258179     472.940925
NOX   [ppm]                     3200.74        3148.39        3193.83        3147.68        3316.95
CO    [g/kWh]                 83.009966      82.647132      84.293689      84.598472      80.451788
CO    [g/h]                10891.136157    2903.404425    2856.186499    2618.309940    2513.235293
CO    [ppm]                    19805.00       20024.59       20134.78       20145.08       18882.22
HC    [g/kWh]                  0.737937       0.721417       0.731713       0.771422       0.730090
HC    [g/h]                   96.819367      25.343481      24.793188      23.875384      22.807314
HC    [ppm]                      117.42         116.57         116.56         122.51         114.28

Performance:
------------
IMEP [bar]                      12.6489        13.3484        12.9741        12.0932        12.1800
Rel. to Ave. [-]                                1.0553         1.0257         0.9561         0.9629
IMEP Exh. [bar]                 -1.6134        -1.6848        -1.6616        -1.5308        -1.5766
IMEP Int. [bar]                  0.5525         0.5677         0.5152         0.6271         0.5000
IMEP Gasex. [bar]               -1.0609        -1.1171        -1.1464        -0.9037        -1.0766
IMEP HP [bar]                   13.7099        14.4655        14.1205        12.9969        13.2566
FMEP [bar]                       2.8000         2.8000         2.8000         2.8000         2.8000
BMEP [bar]                       9.8489        10.5484        10.1741         9.2932         9.3800
AMEP;SMEP [bar]                  0.0000         0.0000         0.0000         0.0000         0.0000
ISFC [g/kWh]                   215.0978       214.8192       216.4103       212.7044       216.3814
Rel. to Ave. [-]                                0.9987         1.0061         0.9889         1.0060
ISFC (tr.f.) [g/kWh]           215.0978       214.8192       216.4103       212.7044       216.3814
BSFC [g/kWh]                   276.2490       271.8416       275.9680       276.7914       280.9727
Indicated Eff. [-]               0.3847         0.3852         0.3824         0.3891         0.3825
Iso vol. comb. Eff [-]           0.9879         0.9878         0.9878         0.9878         0.9882
Polytropic Coeff. [-]                           1.2925         1.2891         1.2958         1.2898

Fuel Mass Balance:
------------------
Inj. Fuelmass [g]              0.150955       0.039776       0.038945       0.035680       0.036553
Asp.Trap. Fuelmass [g]         0.000065       0.000015       0.000017       0.000015       0.000019
Fuelmassfl.(A+I) [g/s]        10.067952       2.652730       2.597453       2.379625       2.438143
Fuelmass tot.trap. [g]         0.151019       0.039791       0.038962       0.035694       0.036572
Trapped Fuelm.fl.[g/s]        10.067952       2.652730       2.597453       2.379625       2.438143
Trapp. Eff. Fuel [-]             1.0000         1.0000         1.0000         1.0000         1.0000

Energy Balance Cylinder:
------------------------
Fuel Energy [kJ]                7.01122        1.84888        1.81038        1.65864        1.69333
Released Energy [kJ]            6.71517        1.77184        1.73493        1.58955        1.61885
-> Brake Power     [%]           29.307         29.740         29.295         29.206         28.945
-> Loss: Friction  [%]            8.332          7.894          8.062          8.800          8.640
-> Loss: Piston    [%]            3.821          3.766          3.830          3.792          3.902
-> Loss: Head      [%]            4.344          4.280          4.365          4.291          4.444
-> Loss: Liner     [%]            4.057          3.996          4.071          4.005          4.161
-> Loss: Int. Port [%]           -0.021         -0.023         -0.017         -0.023         -0.022
-> Loss: Exh. Port [%]            0.273          0.265          0.269          0.277          0.281
-> Loss: Exh. Gas  [%]           50.788         50.965         50.996         50.555         50.599
Eff. Rel. Energy [kJ]           6.46370        1.70543        1.66991        1.53010        1.55827
Gross Rel. Energy [kJ]          6.71517        1.77184        1.73493        1.58955        1.61885
Eff.Gross Rel.Ener.[kJ]         6.46370        1.70543        1.66991        1.53010        1.55827
Energy Balance [-]               0.9837         0.9842         0.9842         0.9843         0.9819
Eff. Energy Balance [-]          0.9468         0.9473         0.9473         0.9474         0.9451

Blowby:
-------
Blowbymass [g]                 0.000000       0.000000       0.000000       0.000000       0.000000
Blowbymassfl. [g/s]            0.000000       0.000000       0.000000       0.000000       0.000000
Blowby Heat Flow [kJ]          0.000000       0.000000       0.000000       0.000000       0.000000

Reference Values at Start of High Pressure:
-------------------------------------------
Pressure at SHP[bar]             1.6135         1.6803         1.7191         1.4600         1.5948
Temperature [K]                  421.49         417.92         432.97         404.58         430.51
Air Massfl.  [g/s]           145.980010      38.490370      37.646888      34.506355      35.336398
Fuel Massfl. [g/s]            10.067952       2.652730       2.597453       2.379625       2.438143
Trapp. Eff. Air [-]              0.9996         0.9990         1.0000         0.9995         1.0000
Trapp. Eff.Fuel [-]              1.0000         1.0000         1.0000         1.0000         1.0000
A/F-Ratio (Cmb.) [-]              14.61          14.61          14.61          14.61          14.62
Excess Air Ratio [-]             1.0078         1.0078         1.0077         1.0077         1.0081

Reference Values at Start Of Combustion:
----------------------------------------
Pressure [bar]                  19.7279        20.5859        20.8075        18.2012        19.3171
Temperature [K]                  755.54         750.30         771.04         733.06         767.74

Residual Gas:
-------------
Res.gas content [-]              0.0265         0.0234         0.0277         0.0264         0.0286
External EGR [-]                 0.0000        -0.0000        -0.0000         0.0000         0.0000
Internal EGR [-]                 0.0265         0.0234         0.0277         0.0264         0.0286
Com.Prod.Mass. at EO [g]       2.397516       0.629857       0.619294       0.566688       0.581678
Res.gas mass at SHP [g]        0.060278       0.013969       0.016293       0.014227       0.015788
Res.gas aspirated IN [g]       0.000000      -0.000000      -0.000000       0.000000       0.000000
Res.gas from intake [g]        0.000772       0.000000       0.000719       0.000000       0.000053
Rel. to Total [-]                0.0128         0.0000         0.0441         0.0000         0.0033
Res.gas flow EX [g]            2.337296       0.615895       0.603024       0.552469       0.565908
Res.gas from exhaust [g]       0.001878       0.000100       0.000955       0.000153       0.000670
Rel. to Total [-]                0.0312         0.0071         0.0586         0.0108         0.0425

Gas Exchange:
-------------
Volumetric Eff. [-]              0.9372         0.9878         0.9671         0.8860         0.9077
Rel. to Ave. [-]                                1.0540         1.0320         0.9454         0.9686
Total Mass at SHP[g]             2.2764         0.5979         0.5881         0.5380         0.5524
Mass Delivered [g]              2.18970        0.57736        0.56470        0.51760        0.53005
Mass Delivered [g/s]          145.98002       38.49037       37.64689       34.50636       35.33641
Delivery Ratio [-]               0.9375         0.9888         0.9671         0.8864         0.9078
Rel. to Ave. [-]                                1.0547         1.0316         0.9455         0.9683
Av.Airmass at SHP[g]             2.1888         0.5768         0.5647         0.5174         0.5300
Air Delivered [g]               2.18970        0.57736        0.56470        0.51760        0.53005
Air Delivered [g/s]           145.98001       38.49037       37.64689       34.50635       35.33640
Airdeliveryratio [-]             0.9375         0.9888         0.9671         0.8864         0.9078
Rel. to Ave. [-]                                1.0547         1.0316         0.9455         0.9683
Airmass Trapped [g]             2.18884        0.57676        0.56470        0.51736        0.53002
Airmass Trapped [g/s]         145.92295       38.45061       37.64689       34.49054       35.33491
Trapp. Eff. Air [-]              0.9996         0.9990         1.0000         0.9995         1.0000
Rel. to Ave. [-]                                0.9994         1.0004         0.9999         1.0003
Airpurity [-]                    0.9615         0.9646         0.9603         0.9616         0.9595
Dyn. Swirl [-]                   0.0000         0.0000         0.0000         0.0000         0.0000
Dyn. Tumble [-]                  0.0000         0.0000         0.0000         0.0000         0.0000

Wall Heatlosses:
----------------
Piston [kJ]                     -0.2566        -0.0667        -0.0665        -0.0603        -0.0632
Piston Temperature [K]                          580.00         580.00         580.00         580.00
Cylinderhead [kJ]              -0.29172       -0.07584       -0.07572       -0.06822       -0.07194
Head Temperature [K]                            705.00         705.00         705.00         705.00
Cylinderliner [kJ]             -0.27246       -0.07080       -0.07063       -0.06367       -0.06736
LinerTDC Temperature [K]                        467.00         467.00         467.00         467.00
LinerBDC Temperature [K]                        460.00         460.00         460.00         460.00
Sum of Wallheat [kJ]           -0.82078       -0.21336       -0.21280       -0.19216       -0.20246
Wall Heatlosses in High Pressure Phase:
Piston HP [kJ]                 -0.22261       -0.05801       -0.05752       -0.05255       -0.05453
Cylinderhead HP [kJ]           -0.26386       -0.06877       -0.06822       -0.06223       -0.06464
Cylinderliner HP [kJ]          -0.12564       -0.03264       -0.03259       -0.02949       -0.03091
Sum of Wallheat HP [kJ]        -0.61210       -0.15942       -0.15833       -0.14427       -0.15008
Wall Heatlosses Related to Heatinput:
Piston [-]                      -0.0391        -0.0385        -0.0392        -0.0388        -0.0397
Cylinderhead [-]                -0.0444        -0.0438        -0.0447        -0.0439        -0.0452
Cylinderliner [-]               -0.0415        -0.0409        -0.0417        -0.0410        -0.0423
Sum of Wallheat [-]             -0.1249        -0.1233        -0.1256        -0.1238        -0.1273
M. Eff. HTC [W/m2/K]             738.02         768.11         751.89         714.89         717.19
M. Eff. Temp. [K]               1572.22        1571.76        1589.17        1542.52        1585.41

Reference Values at EO:
-----------------------
Pressure [bar]                     5.97           6.29           6.16           5.61           5.81
Temperature [K]                 1681.93        1683.96        1685.43        1669.09        1689.24
A/F-Ratio [-]                     13.74          13.72          13.71          13.71          13.80
Com.Prod.Conc. [-]              0.99893        0.99896        0.99897        0.99897        0.99882
Fuel Concentr. [-]             0.001070       0.001037       0.001032       0.001030       0.001180

Average Values of Pipeattachements:
-----------------------------------
 Attached Pipe                                       1              3              5              7
Vlv/Prt.Op.Clr.0mm[deg]                         340.00         340.00         340.00         340.00
Vlv/Prt.Op.Eff.0mm[deg]                         340.00         340.00         340.00         340.00
Vlv/Prt.Op.Eff.1mm[deg]                         362.50         362.50         362.50         362.50
Vlv/Prt.Op.Udef.mm[deg]                         340.00         340.00         340.00         340.00
Vlv/Prt.Cl.Clr.0mm[deg]                         610.00         610.00         610.00         610.00
Vlv/Prt.Cl.Eff.0mm[deg]                         610.00         610.00         610.00         610.00
Vlv/Prt.Cl.Eff.1mm[deg]                         577.52         577.53         577.52         577.53
Vlv/Prt.Cl.Udef.mm[deg]                         610.00         610.00         610.00         610.00
Cam Phasing [deg]                                 0.00           0.00           0.00           0.00
Massflow [g/cycle]                            0.577356       0.564703       0.517595       0.530046
Wallheat [kJ/cycle]                           0.000402       0.000293       0.000369       0.000349
rel.to Heatinp.[-]                              0.0002         0.0002         0.0002         0.0002
 Attached Pipe                                       2              4              6              8
Vlv/Prt.Op.Clr.0mm[deg]                         130.00         130.00         130.00         130.00
Vlv/Prt.Op.Eff.0mm[deg]                         130.00         130.00         130.00         130.00
Vlv/Prt.Op.Eff.1mm[deg]                         150.84         150.84         150.84         150.84
Vlv/Prt.Op.Udef.mm[deg]                         130.00         130.00         130.00         130.00
Vlv/Prt.Cl.Clr.0mm[deg]                         390.00         390.00         390.00         390.00
Vlv/Prt.Cl.Eff.0mm[deg]                         390.00         390.00         390.00         390.00
Vlv/Prt.Cl.Eff.1mm[deg]                         356.00         356.00         356.00         356.00
Vlv/Prt.Cl.Udef.mm[deg]                         390.00         390.00         390.00         390.00
Cam Phasing [deg]                                 0.00           0.00           0.00           0.00
Massflow [g/cycle]                            0.617132       0.603647       0.553270       0.566600
Wallheat [kJ/cycle]                          -0.004696      -0.004670      -0.004398      -0.004549
rel.to Heatinp.[-]                             -0.0027        -0.0028        -0.0028        -0.0029

FLOWRESTRICTIONS: Average Values
--------------------------------
 Flr. Att.Pi.  Massflow  Att.Pi.  Massflow
  nr.  number [g/cycle]   number [g/cycle]
    1       2    0.6171       19    0.6172
    2       1    0.5774       10    0.5773
    3       4    0.6036       17    0.6037
    4       3    0.5647       12    0.5647
    5       6    0.5533       18    0.5533
    6       5    0.5176       13    0.5175
    7       8    0.5666       20    0.5667
    8       7    0.5300       16    0.5300

JUNCTIONS: Average Values
-------------------------
Junction   1: Attached pipe   9:     -2.1892 g/cycle
              Attached pipe  10:     -0.5773 g/cycle
              Attached pipe  11:     -1.6117 g/cycle
Junction   2: Attached pipe  11:     -1.6117 g/cycle
              Attached pipe  12:     -0.5647 g/cycle
              Attached pipe  14:     -1.0471 g/cycle
Junction   3: Attached pipe  13:     -0.5175 g/cycle
              Attached pipe  14:     -1.0471 g/cycle
              Attached pipe  15:     -0.5296 g/cycle
Junction   4: Attached pipe  15:     -0.5296 g/cycle
              Attached pipe  16:     -0.5300 g/cycle
Junction   5: Attached pipe  17:     -0.6037 g/cycle
              Attached pipe  18:     -0.5533 g/cycle
              Attached pipe  22:     -1.1572 g/cycle
Junction   6: Attached pipe  19:     -0.6172 g/cycle
              Attached pipe  20:     -0.5667 g/cycle
              Attached pipe  21:     -1.1841 g/cycle
Junction   7: Attached pipe  21:     -1.1841 g/cycle
              Attached pipe  22:     -1.1572 g/cycle
              Attached pipe  23:     -2.3416 g/cycle

OVERALL ENGINE PERFORMANCE:
===========================

Indicated Torque          :    201.14 Nm                    Indicated Specific Torque :    100.66 Nm/l
Indicated Power           :    168.50 kW,       229.10 PS   Indicated Specific Power  :     84.33 kW/l,     114.65 PS/l
Friction Torque           :     44.52 Nm                    Friction Power            :     37.30 kW
Effective Torque          :    156.61 Nm                    Effective Specific Torque :     78.38 Nm/l
Effective Power           :    131.20 kW,       178.39 PS   Effective Specific Power  :     65.66 kW/l,      89.27 PS/l

Required time for reading the inputfile and initialisation:       0.08 min
Required time for the calculation: .........................      0.28 min
Required time for writing the outputfile: ..................      0.00 min
Required total time: .......................................      0.36 min
Required total CPU-time: ...................................      8.19 sec
