 --------------------------------
 AVL - B O O S T
 Version:        v2022.1.0.0.0
 Build:          Apr 27 2022 22:44:48
 Git Build Hash: 7670062eda46b95e13935a621f250d93513addf7
 System:         x86_64-unknown-winnt_i19v19
 --------------------------------

LICENSE
-------
 sys_1DCFD_solver 2022.0@ License will expire in 215 days

PROJECT
-------
 Preprocessor Version :  2022.1
 Calculation date     : 17.10.2025
 File     : single500_GDi.bst
 Case Set : "Case Set 1"
 Case     : "Case 5"
 
 Project ID: "4-Cylinder"
 Run ID:     "WOT"
 Model date: "7.3.2000"

ELEMENTS
--------
 Element Name        Number

 PIPE                   4
 SYSTEMBOUNDARY         2
 CYLINDER               1
 RESTRICTION            2
 MEASURINGPOINT         2
 ENGINE                 1
 PIPE_END               8
 ALL_PIPES              4
 ALL_BOUNDARIES         2
 RESTRICTIONS           2
 ALL_PIDS               1
 PIPE_VAR_WALL_TEMP     4

GLOBAL DATA
-----------
  Engine Speed :         5000.0  rpm
  Calculationmode:        BOOST  Single
  Cycle Duration:        720.00  degrees
  Max. calc. period:   14400.00  degrees
  Cycles calculated:         20  cycles
  Calc. time steps:     1.28380  degrees (max)
                        1.12966  degrees
                        0.03766  ms
  Traces results step:  5.00000  degrees
  User concentrations:        0
  Ref. pressure:      100000.00  Pa
  Ref. temperature:     298.000  K
  Gas properties:      Variable
  Gasproperties File:     GASOLINE.BGP
     bgp_build_version:   v2013.0.0.0.0
     bgp_build_host:      boosthost
     bgp_build_user:      boost
     bgp_build_date:      2012.03.23
     bgp_build_time:      08:00:00
  Lower calorific:  0.43500E+08  J/kg
  Stoic. A/F-ratio:      14.500

  Warnings:                   0
  Convergence errors:         0

PIPES
-----

 Total number of pipe cells:     22

 Pipe   Cells   Cell size       W.Heat     Wall T    Fric. coeff.   Lam. Fric. Coeff.  Heat Factor       Volume
  nr.                [mm]         [kJ]        [K]             [-]                 [-]          [-]        [dm3]
    1       2        40.0        0.001     340.00        0.040000           64.000000     1.000000     0.070513
    2       2        30.0       -0.006     850.00        0.040000           64.000000     1.000000     0.048255
    3       3        30.0        0.000     300.00        0.019000           64.000000     1.000000     0.079371
    4      15        31.3       -0.124     300.00        0.019000           64.000000     1.000000     0.377675


MEASURINGPOINTS: Average Values
-------------------------------
 Mp. Pipe Location   Diameter  Pressure  Temp. Ms.Temp.  Velo.   Massflow   Massflow To.Ent.f.  To.Ent.f.  Mach. Wtemp.  Converg.
 nr.  nr.     [mm]       [mm]     [bar]    [K]      [K]  [m/s]      [g/s]  [g/cycle]    [kJ/s]  [kJ/cyc.]    [-]    [K]       [-]
  1   1    10.0000    33.5000    0.9816  301.8    284.2   25.1    23.7203     0.5693    -0.112    -0.0027   0.07  340.0 0.266E-11
  2   4    10.0000    32.0000    1.0889 1064.2   1275.0   78.7    25.3652     0.6088    31.233     0.7496   0.12  300.0 0.387E-10

SYSTEMBOUNDARIES
Attachments
-----------
 Type                 Nr.   Pipe       Mass flow
                             Nr.       [g/cycle]
 SYSTEMBOUNDARY        1      3          0.5692
 SYSTEMBOUNDARY        2      4          0.6086

CYLINDERS: Average Values
-------------------------
                               Total
                              Engine         Cyl.   1
Firing TDC [deg]                                  0.00
Bore [mm]                                        86.00
Stroke [mm]                                      86.00
Conrodl. [mm]                                   143.50
Piston pin offset [mm]                            0.00
Swept Vol. [l]                   0.4996         0.4996
Compression ratio [-]                            10.50
Dyn. Comp. ratio [-]                              7.99

Combustion Data:
----------------
Combustion Char.                               2Z-Vibe     
Comb.start [deg]                                 -8.00
Comb.dur.1 [deg]                                 50.00
Peak Fir.Pres. [bar]              62.42          62.42
at Crankangle [deg]               16.69          16.69
Peak Pres.Rise[bar/deg]            2.56           2.56
at Crankangle [deg]                5.14           5.14
Peak Fir. Temp. [K]             2570.43        2570.43
at Crankangle [deg]               26.96          26.96
Peak T_burned [K]               2727.54        2727.54
at Crankangle [deg]               12.84          12.84
Res. Gascompr. [bar]               1.05           1.05
at Crankangle [deg]              356.32         356.32
Evaporation Energy [kJ]         -0.0115        -0.0115
Required O.N. [-]                 83.86          83.86

Emissions (Classic Species Transport):
--------------------------------------
NOx: Calculated based on MTZ 34 1973 (12).
CO:  Calculated based on SAE 2002-01-0006.
HC:  Calculated based on SAE 2002-01-0006.
NOX   [g/kWh]                  9.116474       9.116474
NOX   [g/h]                  222.688650     222.688650
NOX   [ppm]                     2358.25        2358.25
CO    [g/kWh]                  0.848530       0.848530
CO    [g/h]                   20.727102      20.727102
CO    [ppm]                      235.14         235.14
HC    [g/kWh]                  0.476891       0.476891
HC    [g/h]                   11.649036      11.649036
HC    [ppm]                       88.13          88.13

Performance:
------------
IMEP [bar]                      13.5925        13.5925
Rel. to Ave. [-]                                1.0000
IMEP Exh. [bar]                 -1.1307        -1.1307
IMEP Int. [bar]                  0.8329         0.8329
IMEP Gasex. [bar]               -0.2978        -0.2978
IMEP HP [bar]                   13.8903        13.8903
FMEP [bar]                       1.8571         1.8571
BMEP [bar]                      11.7354        11.7354
AMEP;SMEP [bar]                  0.0000         0.0000
ISFC [g/kWh]                   208.1793       208.1793
Rel. to Ave. [-]                                1.0000
ISFC (tr.f.) [g/kWh]           208.1793       208.1793
BSFC [g/kWh]                   241.1240       241.1240
Indicated Eff. [-]               0.3975         0.3975
Iso vol. comb. Eff [-]           0.9443         0.9443
Polytropic Coeff. [-]                           1.2916

Fuel Mass Balance:
------------------
Inj. Fuelmass [g]              0.039266       0.039266
Asp.Trap. Fuelmass [g]         0.000000       0.000000
Fuelmassfl.(A+I) [g/s]         1.636098       1.636098
Fuelmass tot.trap. [g]         0.039266       0.039266
Trapped Fuelm.fl.[g/s]         1.636098       1.636098
Trapp. Eff. Fuel [-]             1.0000         1.0000

Energy Balance Cylinder:
------------------------
Fuel Energy [kJ]                1.70872        1.70872
Released Energy [kJ]            1.65781        1.65781
-> Brake Power     [%]           35.363         35.363
-> Loss: Friction  [%]            5.596          5.596
-> Loss: Piston    [%]            3.469          3.469
-> Loss: Head      [%]            4.176          4.176
-> Loss: Liner     [%]            4.610          4.610
-> Loss: Int. Port [%]           -0.009         -0.009
-> Loss: Exh. Port [%]            0.369          0.369
-> Loss: Exh. Gas  [%]           46.835         46.835
Eff. Rel. Energy [kJ]           1.65016        1.65016
Gross Rel. Energy [kJ]          1.65781        1.65781
Eff.Gross Rel.Ener.[kJ]         1.65016        1.65016
Energy Balance [-]               0.9986         0.9986
Eff. Energy Balance [-]          0.9939         0.9939

Blowby:
-------
Blowbymass [g]                 0.000000       0.000000
Blowbymassfl. [g/s]            0.000000       0.000000
Blowby Heat Flow [kJ]          0.000000       0.000000

Reference Values at Start of High Pressure:
-------------------------------------------
Pressure at SHP[bar]             1.6026         1.6026
Temperature [K]                  399.54         399.54
Air Massfl.  [g/s]            23.723592      23.723592
Fuel Massfl. [g/s]             1.636098       1.636098
Trapp. Eff. Air [-]              1.0000         1.0000
Trapp. Eff.Fuel [-]              1.0000         1.0000
A/F-Ratio (Cmb.) [-]              14.64          14.64
Excess Air Ratio [-]             1.0094         1.0094

Reference Values at Start Of Combustion:
----------------------------------------
Pressure [bar]                  22.8950        22.8950
Temperature [K]                  742.18         742.18

Residual Gas:
-------------
Res.gas content [-]              0.0377         0.0377
External EGR [-]                -0.0000        -0.0000
Internal EGR [-]                 0.0377         0.0377
Com.Prod.Mass. at EO [g]       0.630602       0.630602
Res.gas mass at SHP [g]        0.022561       0.022561
Res.gas aspirated IN [g]      -0.000008      -0.000008
Res.gas from intake [g]        0.002234       0.002234
Rel. to Total [-]                0.0990         0.0990
Res.gas flow EX [g]            0.608070       0.608070
Res.gas from exhaust [g]       0.002359       0.002359
Rel. to Total [-]                0.1046         0.1046

Gas Exchange:
-------------
Volumetric Eff. [-]              0.9751         0.9751
Rel. to Ave. [-]                                1.0000
Total Mass at SHP[g]             0.5990         0.5990
Mass Delivered [g]              0.56934        0.56934
Mass Delivered [g/s]           23.72231       23.72231
Delivery Ratio [-]               0.9751         0.9751
Rel. to Ave. [-]                                1.0000
Av.Airmass at SHP[g]             0.5694         0.5694
Air Delivered [g]               0.56937        0.56937
Air Delivered [g/s]            23.72359       23.72359
Airdeliveryratio [-]             0.9751         0.9751
Rel. to Ave. [-]                                1.0000
Airmass Trapped [g]             0.56937        0.56937
Airmass Trapped [g/s]          23.72359       23.72359
Trapp. Eff. Air [-]              1.0000         1.0000
Rel. to Ave. [-]                                1.0000
Airpurity [-]                    0.9506         0.9506
Dyn. Swirl [-]                   0.0000         0.0000
Dyn. Tumble [-]                  0.0000         0.0000

Wall Heatlosses:
----------------
Piston [kJ]                     -0.0575        -0.0575
Piston Temperature [K]                          550.00
Cylinderhead [kJ]              -0.06922       -0.06922
Head Temperature [K]                            610.00
Cylinderliner [kJ]             -0.07643       -0.07643
LinerTDC Temperature [K]                        450.00
LinerBDC Temperature [K]                        445.00
Sum of Wallheat [kJ]           -0.20316       -0.20316
Wall Heatlosses in High Pressure Phase:
Piston HP [kJ]                 -0.04872       -0.04872
Cylinderhead HP [kJ]           -0.06003       -0.06003
Cylinderliner HP [kJ]          -0.03894       -0.03894
Sum of Wallheat HP [kJ]        -0.14768       -0.14768
Wall Heatlosses Related to Heatinput:
Piston [-]                      -0.0337        -0.0337
Cylinderhead [-]                -0.0405        -0.0405
Cylinderliner [-]               -0.0447        -0.0447
Sum of Wallheat [-]             -0.1189        -0.1189
M. Eff. HTC [W/m2/K]             507.58         507.58
M. Eff. Temp. [K]               1356.80        1356.80

Reference Values at EO:
-----------------------
Pressure [bar]                     6.42           6.42
Temperature [K]                 1740.49        1740.49
A/F-Ratio [-]                     14.50          14.50
Com.Prod.Conc. [-]              0.99913        0.99913
Fuel Concentr. [-]             0.000059       0.000059

Average Values of Pipeattachements:
-----------------------------------
 Attached Pipe                                       1
Vlv/Prt.Op.Clr.0mm[deg]                         340.00
Vlv/Prt.Op.Eff.0mm[deg]                         340.00
Vlv/Prt.Op.Eff.1mm[deg]                         362.50
Vlv/Prt.Op.Udef.mm[deg]                         340.00
Vlv/Prt.Cl.Clr.0mm[deg]                         610.00
Vlv/Prt.Cl.Eff.0mm[deg]                         610.00
Vlv/Prt.Cl.Eff.1mm[deg]                         577.53
Vlv/Prt.Cl.Udef.mm[deg]                         610.00
Cam Phasing [deg]                                 0.00
Massflow [g/cycle]                            0.569335
Wallheat [kJ/cycle]                           0.000156
rel.to Heatinp.[-]                              0.0001
 Attached Pipe                                       2
Vlv/Prt.Op.Clr.0mm[deg]                         130.00
Vlv/Prt.Op.Eff.0mm[deg]                         130.00
Vlv/Prt.Op.Eff.1mm[deg]                         150.84
Vlv/Prt.Op.Udef.mm[deg]                         130.00
Vlv/Prt.Cl.Clr.0mm[deg]                         390.00
Vlv/Prt.Cl.Eff.0mm[deg]                         390.00
Vlv/Prt.Cl.Eff.1mm[deg]                         356.00
Vlv/Prt.Cl.Udef.mm[deg]                         390.00
Cam Phasing [deg]                                 0.00
Massflow [g/cycle]                            0.608602
Wallheat [kJ/cycle]                          -0.006114
rel.to Heatinp.[-]                             -0.0036

FLOWRESTRICTIONS: Average Values
--------------------------------
 Flr. Att.Pi.  Massflow  Att.Pi.  Massflow
  nr.  number [g/cycle]   number [g/cycle]
    1       2    0.6086        4    0.6086
    2       1    0.5693        3    0.5692

OVERALL ENGINE PERFORMANCE:
===========================

Indicated Torque          :     54.04 Nm                    Indicated Specific Torque :    108.17 Nm/l
Indicated Power           :     28.29 kW,        38.47 PS   Indicated Specific Power  :     56.64 kW/l,      77.00 PS/l
Friction Torque           :      7.38 Nm                    Friction Power            :      3.87 kW
Effective Torque          :     46.65 Nm                    Effective Specific Torque :     93.39 Nm/l
Effective Power           :     24.43 kW,        33.21 PS   Effective Specific Power  :     48.90 kW/l,      66.48 PS/l

Required time for reading the inputfile and initialisation:       0.07 min
Required time for the calculation: .........................      0.02 min
Required time for writing the outputfile: ..................      0.00 min
Required total time: .......................................      0.09 min
Required total CPU-time: ...................................      1.06 sec
