 --------------------------------
 AVL - B O O S T
 Version:        v2022.1.0.0.0
 Build:          Apr 27 2022 22:44:48
 Git Build Hash: 7670062eda46b95e13935a621f250d93513addf7
 System:         x86_64-unknown-winnt_i19v19
 --------------------------------

LICENSE
-------
 sys_1DCFD_solver 2022.0@ License will expire in 223 days

PROJECT
-------
 Preprocessor Version :  2022.1
 Calculation date     : 09.10.2025
 File     : Nissan_vr38DETT_PFi_biturbo.bst
 Case Set : "Case Set 1"
 Case     : "Case 6500"
 
 Project ID: "4-Cylinder"
 Run ID:     "WOT"
 Model date: "7.3.2000"

ELEMENTS
--------
 Element Name        Number

 PIPE                  17
 SYSTEMBOUNDARY         2
 PLENUM                 1
 CYLINDER               3
 RESTRICTION            1
 FUELINJECTOR           3
 MEASURINGPOINT         1
 AIRCOOLER              1
 CATALYST               1
 TURBOCHARGER           1
 JUNCTION               2
 ENGINE                 1
 MICROPHONE             1
 PIPE_END              38
 ASSEMBLED              2
 ALL_PIPES             19
 ALL_PLENUMS            5
 ALL_BOUNDARIES         2
 ALL_CHARGERS           1
 RESTRICTIONS           4
 ALL_PIDS               1
 PIPE_VAR_WALL_TEMP    19

GLOBAL DATA
-----------
  Engine Speed :         6500.0  rpm
  Calculationmode:        BOOST  Single
  Cycle Duration:        720.00  degrees
  Max. calc. period:   14400.00  degrees
  Cycles calculated:         20  cycles
  Calc. time steps:     1.74165  degrees (max)
                        1.17435  degrees
                        0.03011  ms
  Traces results step:  5.00000  degrees
  User concentrations:        0
  Ref. pressure:      100000.00  Pa
  Ref. temperature:     298.000  K
  Gas properties:      Variable
  Gasproperties File:     GASOLINE.BGP
     bgp_build_version:   v2013.0.0.0.0
     bgp_build_host:      boosthost
     bgp_build_user:      boost
     bgp_build_date:      2012.03.23
     bgp_build_time:      08:00:00
  Lower calorific:  0.43500E+08  J/kg
  Stoic. A/F-ratio:      14.500

  Warnings:                   0
  Convergence errors:       124

PIPES
-----

 Total number of pipe cells:    134

 Pipe   Cells   Cell size       W.Heat     Wall T    Fric. coeff.   Lam. Fric. Coeff.  Heat Factor       Volume
  nr.                [mm]         [kJ]        [K]             [-]                 [-]          [-]        [dm3]
    1       2        30.0        0.000     340.00        0.040000           64.000000     1.000000     0.129885
    2       5        32.0       -0.067     850.00        0.040000           64.000000     1.000000     0.314159
    3       2        30.0        0.000     340.00        0.040000           64.000000     1.000000     0.129885
    4       5        32.0       -0.060     850.00        0.040000           64.000000     1.000000     0.314159
    5       2        30.0        0.000     340.00        0.040000           64.000000     1.000000     0.129885
    6       5        32.0       -0.066     850.00        0.040000           64.000000     1.000000     0.314159
    7      13        30.8       -0.009     300.00        0.019000           64.000000     1.000000     1.130973
    8      11        29.2       -0.000     300.00        0.019000           64.000000     1.000000     1.235353
    9       3        33.3       -0.108     300.00        0.019000           64.000000     1.000000     0.282743
   10       3        33.3       -0.166     300.00        0.019000           64.000000     1.000000     0.196350
   11       5        30.0       -0.186     300.00        0.019000           64.000000     1.000000     0.424115
   12      16        31.2       -0.061     300.00        0.019000           64.000000     1.000000     1.413717
   13       5        30.0       -0.002     300.00        0.019000           64.000000     1.000000     0.356374
   14       5        30.0       -0.002     300.00        0.019000           64.000000     1.000000     0.356374
   15       5        30.0       -0.002     300.00        0.019000           64.000000     1.000000     0.356374
   16      13        30.8       -0.353     300.00        0.019000           64.000000     1.000000     1.697167
   17      34        30.0       -0.875     300.00        0.019000           64.000000     1.000000     3.025379
   18      13        30.8       -0.518     303.15      237.680328     19514341.672141    63.221488     7.000000  COOLER_PIPE     1
   19      10        30.0        0.000     300.00       30.987618      1055179.905028     0.000000     3.000000  CATALYST_PIPE     1


MEASURINGPOINTS: Average Values
-------------------------------
 Mp. Pipe Location   Diameter  Pressure  Temp. Ms.Temp.  Velo.   Massflow   Massflow To.Ent.f.  To.Ent.f.  Mach. Wtemp.  Converg.
 nr.  nr.     [mm]       [mm]     [bar]    [K]      [K]  [m/s]      [g/s]  [g/cycle]    [kJ/s]  [kJ/cyc.]    [-]    [K]       [-]
  1   7    20.0000    60.0000    2.4706  329.5    329.0   35.1   258.1419     4.7657     8.244     0.1522   0.10  300.0 0.484E-06

SYSTEMBOUNDARIES
Attachments
-----------
 Type                 Nr.   Pipe       Mass flow
                             Nr.       [g/cycle]
 SYSTEMBOUNDARY        1      8          4.7664
 SYSTEMBOUNDARY        2     17          5.1355

PLENUMS: Average Values
-----------------------
                   Pl. Pressure   Temp.      Mass Wallheat
                   nr.    [bar]     [K]       [g]     [kJ]
 PLENUM             1    2.4702  328.56    10.472    0.000
                                          Attached pipe   7:      4.7663 g/cycle
                                          Attached pipe  13:      1.6132 g/cycle
                                          Attached pipe  14:      1.5466 g/cycle
                                          Attached pipe  15:      1.6078 g/cycle
 AIRCOOLER          1    2.7737  437.14     1.105    0.000
                                          Attached pipe  12:      4.7664 g/cycle
                                          Attached pipe  18:      4.7664 g/cycle
 AIRCOOLER          1    2.4888  330.28     1.312    0.000
                                          Attached pipe   7:      4.7661 g/cycle
                                          Attached pipe  18:      4.7662 g/cycle
 CATALYST           1    1.8844 1177.86     0.083    0.000
                                          Attached pipe  16:      5.1351 g/cycle
                                          Attached pipe  19:      5.1352 g/cycle
 CATALYST           1    1.1677 1178.05     0.051    0.000
                                          Attached pipe  17:      5.1354 g/cycle
                                          Attached pipe  19:      5.1354 g/cycle

PLENUMS
Attachments
-----------
 Type                 Nr.   Pipe       Mass flow
                             Nr.       [g/cycle]
 PLENUM                1      7          4.7663
 PLENUM                1     13          1.6132
 PLENUM                1     14          1.5466
 PLENUM                1     15          1.6078
 AIRCOOLER             1     12          4.7664
 AIRCOOLER             1     18          4.7664
 AIRCOOLER             1      7          4.7661
 AIRCOOLER             1     18          4.7662
 CATALYST              1     16          5.1351
 CATALYST              1     19          5.1352
 CATALYST              1     17          5.1354
 CATALYST              1     19          5.1354

TURBOCHARGERS: Average Values
-----------------------------
                  Compressor                           Turbine                              Efficiencies        Calculation
TCh.    Work    Press.rat.  Boostpres.     Work  Press.rat. Dis.coeff. Turb./tot. VTG-pos Comp. Turb. mech. total      mode
nr.      [kJ]      [-]       [bar]         [kJ]      [-]      [-]        [-]      [-]    [-]    [-]    [-]    [-]
  1     0.7001     2.8000     2.7951     0.7139     2.1026     0.1000     0.6179 1.000    0.700 0.875 0.980 0.600  Wastegateflow
  Attached pipe   8:      4.7664 g/cycle
  Attached pipe  12:      4.7664 g/cycle
  Attached pipe  16:      5.1349 g/cycle
  Attached pipe  11:      5.1349 g/cycle

CYLINDERS: Average Values
-------------------------
                               Total
                              Engine         Cyl.   1       Cyl.   2       Cyl.   3
Firing TDC [deg]                                  0.00         240.00         480.00
Bore [mm]                                        95.50          95.50          95.50
Stroke [mm]                                      88.40          88.40          88.40
Conrodl. [mm]                                   145.00         145.00         145.00
Piston pin offset [mm]                            0.00           0.00           0.00
Swept Vol. [l]                   1.8996         0.6332         0.6332         0.6332
Compression ratio [-]                             9.00           9.00           9.00
Dyn. Comp. ratio [-]                              7.35           7.35           7.35

Combustion Data:
----------------
Combustion Char.                               2Z-Vibe        2Z-Vibe        2Z-Vibe     
Comb.start [deg]                                -10.00         -10.00         -10.00
Comb.dur.1 [deg]                                 50.00          50.00          50.00
Comb. Noise [dB(A)]               107.8          107.9          107.7          107.9
Noise Index [kPa]                   0.1            0.1            0.2            0.1
Peak Fir.Pres. [bar]             133.55         134.56         131.59         134.50
at Crankangle [deg]               15.85          15.64          16.08          15.83
Peak Pres.Rise[bar/deg]            5.66           5.71           5.56           5.70
at Crankangle [deg]                3.46           3.48           3.46           3.44
Peak Fir. Temp. [K]             2693.53        2702.45        2676.95        2701.18
at Crankangle [deg]               26.01          25.91          26.00          26.12
Peak T_burned [K]               2844.10        2848.69        2834.61        2848.99
at Crankangle [deg]               12.52          12.38          12.67          12.49
Res. Gascompr. [bar]               4.96           4.65           4.46           5.78
at Crankangle [deg]              293.68         328.45         314.71         237.86
Required O.N. [-]                 99.76          99.18          99.76          99.52
Knock Intensity [-]               -1.00           0.00           0.00           0.00

Emissions (Classic Species Transport):
--------------------------------------
NOx: Calculated based on MTZ 34 1973 (12).
CO:  Calculated based on SAE 2002-01-0006.
HC:  Calculated based on SAE 2002-01-0006.
NOX   [g/kWh]                  4.833086       5.525029       3.583102       5.341224
NOX   [g/h]                 1368.098502     529.015167     329.013986     510.069349
NOX   [ppm]                     1300.31        1491.57         957.28        1441.82
CO    [g/kWh]                105.203716      86.567083     139.490089      90.921879
CO    [g/h]                29779.946728    8288.698246   12808.508097    8682.740385
CO    [ppm]                    30320.80       25035.07       39922.02       26292.16
HC    [g/kWh]                  0.640917       0.581810       0.749919       0.595372
HC    [g/h]                  181.424045      55.707593      68.860427      56.856025
HC    [ppm]                      123.19         112.21         143.14         114.82

Performance:
------------
IMEP [bar]                      29.2100        29.6160        28.4716        29.5424
Rel. to Ave. [-]                                1.0139         0.9747         1.0114
IMEP Exh. [bar]                 -3.8912        -3.9429        -3.8358        -3.8949
IMEP Int. [bar]                  2.2105         2.2162         2.1983         2.2171
IMEP Gasex. [bar]               -1.6807        -1.7267        -1.6375        -1.6778
IMEP HP [bar]                   30.8907        31.3426        30.1091        31.2202
FMEP [bar]                       1.7000         1.7000         1.7000         1.7000
BMEP [bar]                      27.5100        27.9160        26.7716        27.8424
AMEP;SMEP [bar]                  0.0000         0.0000         0.0000         0.0000
ISFC [g/kWh]                   235.9384       232.7232       242.0759       233.2466
Rel. to Ave. [-]                                0.9864         1.0260         0.9886
ISFC (tr.f.) [g/kWh]           235.9332       232.7091       242.0759       233.2452
BSFC [g/kWh]                   250.5184       246.8954       257.4478       247.4881
Indicated Eff. [-]               0.3508         0.3556         0.3419         0.3548
Iso vol. comb. Eff [-]           0.9595         0.9593         0.9597         0.9593
Polytropic Coeff. [-]                           1.3181         1.3143         1.3176

Fuel Mass Balance:
------------------
Inj. Fuelmass [g]              0.000000       0.000000       0.000000       0.000000
Asp.Trap. Fuelmass [g]         0.363654       0.121223       0.121230       0.121201
Fuelmassfl.(A+I) [g/s]        19.698356       6.566652       6.566620       6.565084
Fuelmass tot.trap. [g]         0.363654       0.121223       0.121230       0.121201
Trapped Fuelm.fl.[g/s]        19.697918       6.566254       6.566620       6.565044
Trapp. Eff. Fuel [-]             1.0000         0.9999         1.0000         1.0000

Energy Balance Cylinder:
------------------------
Fuel Energy [kJ]               15.82272        5.27395        5.27483        5.27394
Released Energy [kJ]           15.74968        5.23880        5.26859        5.24229
-> Brake Power     [%]           33.181         33.742         32.176         33.631
-> Loss: Friction  [%]            2.050          2.055          2.043          2.053
-> Loss: Piston    [%]            1.924          1.945          1.884          1.942
-> Loss: Head      [%]            2.254          2.280          2.207          2.277
-> Loss: Liner     [%]            3.053          3.085          2.988          3.086
-> Loss: Int. Port [%]           -0.003         -0.005          0.007         -0.010
-> Loss: Exh. Port [%]            0.867          0.897          0.812          0.894
-> Loss: Exh. Gas  [%]           56.644         56.012         57.862         56.052
Eff. Rel. Energy [kJ]          13.81261        4.68667        4.45784        4.66811
Gross Rel. Energy [kJ]         15.74968        5.23880        5.26859        5.24229
Eff.Gross Rel.Ener.[kJ]        13.81261        4.68667        4.45784        4.66811
Energy Balance [-]               0.9988         0.9989         0.9988         0.9986
Eff. Energy Balance [-]          0.8759         0.8936         0.8451         0.8892

Blowby:
-------
Blowbymass [g]                 0.000000       0.000000       0.000000       0.000000
Blowbymassfl. [g/s]            0.000000       0.000000       0.000000       0.000000
Blowby Heat Flow [kJ]          0.000000       0.000000       0.000000       0.000000

Reference Values at Start of High Pressure:
-------------------------------------------
Pressure at SHP[bar]             3.3848         3.3834         3.3769         3.3942
Temperature [K]                  407.92         404.12         413.67         405.97
Air Massfl.  [g/s]           258.419613      87.443178      83.837197      87.139238
Fuel Massfl. [g/s]            19.698356       6.566652       6.566620       6.565084
Trapp. Eff. Air [-]              0.9999         0.9998         1.0000         0.9999
Trapp. Eff.Fuel [-]              1.0000         0.9999         1.0000         1.0000
A/F-Ratio (Cmb.) [-]              13.12          13.31          12.77          13.27
Excess Air Ratio [-]             0.9047         0.9182         0.8805         0.9153

Reference Values at Start Of Combustion:
----------------------------------------
Pressure [bar]                  41.9549        42.1266        41.7695        41.9686
Temperature [K]                  740.83         736.22         748.36         737.91

Residual Gas:
-------------
Res.gas content [-]              0.0395         0.0343         0.0482         0.0362
External EGR [-]                 0.0000         0.0000         0.0000        -0.0000
Internal EGR [-]                 0.0395         0.0343         0.0482         0.0362
Com.Prod.Mass. at EO [g]       5.341228       1.796068       1.752149       1.793010
Res.gas mass at SHP [g]        0.211121       0.061673       0.084547       0.064901
Res.gas aspirated IN [g]       0.000001       0.000002       0.000002      -0.000002
Res.gas from intake [g]        0.010980       0.002416       0.007810       0.000754
Rel. to Total [-]                0.0520         0.0392         0.0924         0.0116
Res.gas flow EX [g]            5.130312       1.734408       1.667607       1.728297
Res.gas from exhaust [g]       0.031954       0.003553       0.019077       0.009325
Rel. to Total [-]                0.1514         0.0576         0.2256         0.1437

Gas Exchange:
-------------
Volumetric Eff. [-]              2.1485         2.1808         2.0912         2.1735
Rel. to Ave. [-]                                1.0150         0.9734         1.0116
     Rel. To PL 1 [-]            0.9590         0.9734         0.9334         0.9701
Total Mass at SHP[g]             5.3452         1.7969         1.7535         1.7947
Mass Delivered [g]              5.13425        1.73557        1.66876        1.72992
Mass Delivered [g/s]          278.10506       94.00992       90.39094       93.70420
Delivery Ratio [-]               2.3124         2.3450         2.2547         2.3374
Rel. to Ave. [-]                                1.0141         0.9751         1.0108
     Rel. To PL 1 [-]            1.0321         1.0467         1.0064         1.0433
Av.Airmass at SHP[g]             4.7704         1.6140         1.5478         1.6086
Air Delivered [g]               4.77082        1.61434        1.54776        1.60872
Air Delivered [g/s]           258.41961       87.44318       83.83720       87.13924
Airdeliveryratio [-]             2.1487         2.1812         2.0912         2.1736
Rel. to Ave. [-]                                1.0151         0.9733         1.0116
     Rel. To PL 1 [-]            0.9591         0.9736         0.9334         0.9702
Airmass Trapped [g]             4.77041        1.61403        1.54776        1.60862
Airmass Trapped [g/s]         258.39738       87.42684       83.83720       87.13334
Trapp. Eff. Air [-]              0.9999         0.9998         1.0000         0.9999
Rel. to Ave. [-]                                0.9999         1.0001         1.0000
Airpurity [-]                    0.8925         0.8982         0.8827         0.8963
Dyn. Swirl [-]                   0.0000         0.0000         0.0000         0.0000
Dyn. Tumble [-]                  0.0000         0.0000         0.0000         0.0000

Wall Heatlosses:
----------------
Piston [kJ]                     -0.3030        -0.1019        -0.0993        -0.1018
Piston Temperature [K]                          570.00         570.00         570.00
Cylinderhead [kJ]              -0.35507       -0.11945       -0.11625       -0.11936
Head Temperature [K]                            650.00         650.00         650.00
Cylinderliner [kJ]             -0.48085       -0.16163       -0.15741       -0.16180
LinerTDC Temperature [K]                        460.00         460.00         460.00
LinerBDC Temperature [K]                        455.00         455.00         455.00
Sum of Wallheat [kJ]           -1.13888       -0.38297       -0.37293       -0.38297
Wall Heatlosses in High Pressure Phase:
Piston HP [kJ]                 -0.23492       -0.07928       -0.07662       -0.07901
Cylinderhead HP [kJ]           -0.28456       -0.09608       -0.09274       -0.09574
Cylinderliner HP [kJ]          -0.19383       -0.06583       -0.06282       -0.06518
Sum of Wallheat HP [kJ]        -0.71331       -0.24120       -0.23217       -0.23994
Wall Heatlosses Related to Heatinput:
Piston [-]                      -0.0192        -0.0193        -0.0188        -0.0193
Cylinderhead [-]                -0.0224        -0.0227        -0.0220        -0.0226
Cylinderliner [-]               -0.0304        -0.0307        -0.0299        -0.0307
Sum of Wallheat [-]             -0.0720        -0.0726        -0.0707        -0.0726
M. Eff. HTC [W/m2/K]            1156.67        1163.75        1144.42        1161.82
M. Eff. Temp. [K]               1379.50        1381.78        1374.35        1382.36

Reference Values at EO:
-----------------------
Pressure [bar]                    17.48          17.64          17.08          17.70
Temperature [K]                 1870.10        1884.08        1844.10        1882.11
A/F-Ratio [-]                     13.12          13.32          12.77          13.27
Com.Prod.Conc. [-]              0.99918        0.99927        0.99921        0.99905
Fuel Concentr. [-]             0.000058       0.000051       0.000057       0.000066

Average Values of Pipeattachements:
-----------------------------------
 Attached Pipe                                       1              3              5
Vlv/Prt.Op.Clr.0mm[deg]                         335.00         335.00         335.00
Vlv/Prt.Op.Eff.0mm[deg]                         335.00         335.00         335.00
Vlv/Prt.Op.Eff.1mm[deg]                         373.38         373.38         373.38
Vlv/Prt.Op.Udef.mm[deg]                         335.00         335.00         335.00
Vlv/Prt.Cl.Clr.0mm[deg]                         602.00         602.00         602.00
Vlv/Prt.Cl.Eff.0mm[deg]                         602.00         602.00         602.00
Vlv/Prt.Cl.Eff.1mm[deg]                         558.02         558.01         558.02
Vlv/Prt.Cl.Udef.mm[deg]                         602.00         602.00         602.00
Cam Phasing [deg]                                 0.00           0.00           0.00
Massflow [g/cycle]                            1.735568       1.668756       1.729924
Wallheat [kJ/cycle]                           0.000248      -0.000376       0.000524
rel.to Heatinp.[-]                              0.0000        -0.0001         0.0001
 Attached Pipe                                       2              4              6
Vlv/Prt.Op.Clr.0mm[deg]                         111.00         111.00         111.00
Vlv/Prt.Op.Eff.0mm[deg]                         111.00         111.00         111.00
Vlv/Prt.Op.Eff.1mm[deg]                         142.32         142.32         142.32
Vlv/Prt.Op.Udef.mm[deg]                         111.00         111.00         111.00
Vlv/Prt.Cl.Clr.0mm[deg]                         390.00         390.00         390.00
Vlv/Prt.Cl.Eff.0mm[deg]                         390.00         390.00         390.00
Vlv/Prt.Cl.Eff.1mm[deg]                         352.97         352.97         352.97
Vlv/Prt.Cl.Udef.mm[deg]                         390.00         390.00         390.00
Cam Phasing [deg]                                 0.00           0.00           0.00
Massflow [g/cycle]                            1.736032       1.668941       1.730111
Wallheat [kJ/cycle]                          -0.046976      -0.042782      -0.046840
rel.to Heatinp.[-]                             -0.0089        -0.0081        -0.0089

FLOWRESTRICTIONS: Average Values
--------------------------------
 Flr. Att.Pi.  Massflow  Att.Pi.  Massflow
  nr.  number [g/cycle]   number [g/cycle]
    1       2    1.7362        9    1.7371

FUELINJECTORS: Average Values
-----------------------------
 Inj. Att.Pi.  Massflow  Att.Pi.  Massflow Added Fuel
  nr.  number [g/cycle]   number [g/cycle]  [g/cycle]
    1       1    1.7354       13    1.6134     0.1210
    2       3    1.6687       14    1.5466     0.1210
    3       5    1.7299       15    1.6079     0.1210

ASSEMBLED: Average Values
-------------------------
 Type         Nr.  ----------Inlet-----------   ---------Outlet-----------    ----------------------Core----------------------
                   Pressure Temperat.   Mass    Pressure Temperat.   Mass     Rej.Heat   Rej.Heat    Fric. coeff.  Heat Factor
                    [bar]     [K]        [g]     [bar]      [K]       [g]       [kJ]       [kW]        [-]           [-]
 AIRCOOLER     1    2.7737   437.14     1.105    2.4888   330.28     1.312    -0.5177   -28.0416     237.680328    63.221488
 CATALYST      1    1.8844  1177.86     0.083    1.1677  1178.05     0.051     0.0000     0.0000      30.987618     0.000000

ASSEMBLED
Attachments
-----------
 Type                 Nr.   Pipe       Mass flow
                             Nr.       [g/cycle]
 AIRCOOLER             1      7          4.7661
 AIRCOOLER             1     12          4.7664
 CATALYST              1     16          5.1351
 CATALYST              1     17          5.1354

JUNCTIONS: Average Values
-------------------------
Junction   1: Attached pipe   4:     -1.6689 g/cycle
              Attached pipe   9:     -1.7372 g/cycle
              Attached pipe  10:     -3.4049 g/cycle
Junction   2: Attached pipe   6:     -1.7301 g/cycle
              Attached pipe  10:     -3.4049 g/cycle
              Attached pipe  11:     -5.1350 g/cycle

MICROPHONES
-----------
 Number    Distance     ---Overall dB Level---
              [mm]      [dB(A)]       [db,lin]
   1         500.00     110.526       115.467

OVERALL ENGINE PERFORMANCE:
===========================

Indicated Torque          :    441.56 Nm                    Indicated Specific Torque :    232.45 Nm/l
Indicated Power           :    300.56 kW,       408.65 PS   Indicated Specific Power  :    158.22 kW/l,     215.12 PS/l
Friction Torque           :     25.70 Nm                    Friction Power            :     17.49 kW
Effective Torque          :    415.86 Nm                    Effective Specific Torque :    218.92 Nm/l
Effective Power           :    283.07 kW,       384.87 PS   Effective Specific Power  :    149.01 kW/l,     202.60 PS/l

Required time for reading the inputfile and initialisation:       0.08 min
Required time for the calculation: .........................      0.28 min
Required time for writing the outputfile: ..................      0.00 min
Required total time: .......................................      0.37 min
Required total CPU-time: ...................................      8.78 sec
