 --------------------------------
 AVL - B O O S T
 Version:        v2022.1.0.0.0
 Build:          Apr 27 2022 22:44:48
 Git Build Hash: 7670062eda46b95e13935a621f250d93513addf7
 System:         x86_64-unknown-winnt_i19v19
 --------------------------------

LICENSE
-------
 sys_1DCFD_solver 2022.0@ License will expire in 225 days

PROJECT
-------
 Preprocessor Version :  2022.1
 Calculation date     : 07.10.2025
 File     : single500_GDi.bst
 Case Set : "Case Set 1"
 Case     : "Case 1"
 
 Project ID: "4-Cylinder"
 Run ID:     "WOT"
 Model date: "7.3.2000"

ELEMENTS
--------
 Element Name        Number

 PIPE                   4
 SYSTEMBOUNDARY         2
 CYLINDER               1
 RESTRICTION            2
 MEASURINGPOINT         2
 ENGINE                 1
 PIPE_END               8
 ALL_PIPES              4
 ALL_BOUNDARIES         2
 RESTRICTIONS           2
 ALL_PIDS               1
 PIPE_VAR_WALL_TEMP     4

GLOBAL DATA
-----------
  Engine Speed :         7000.0  rpm
  Calculationmode:        BOOST  Single
  Cycle Duration:        720.00  degrees
  Max. calc. period:   14400.00  degrees
  Cycles calculated:         20  cycles
  Calc. time steps:     1.79732  degrees (max)
                        1.43224  degrees
                        0.03410  ms
  Traces results step:  5.00000  degrees
  User concentrations:        0
  Ref. pressure:      100000.00  Pa
  Ref. temperature:     298.000  K
  Gas properties:      Variable
  Gasproperties File:     GASOLINE.BGP
     bgp_build_version:   v2013.0.0.0.0
     bgp_build_host:      boosthost
     bgp_build_user:      boost
     bgp_build_date:      2012.03.23
     bgp_build_time:      08:00:00
  Lower calorific:  0.43500E+08  J/kg
  Stoic. A/F-ratio:      14.500

  Warnings:                   1
  Convergence errors:         0

PIPES
-----

 Total number of pipe cells:     23

 Pipe   Cells   Cell size       W.Heat     Wall T    Fric. coeff.   Lam. Fric. Coeff.  Heat Factor       Volume
  nr.                [mm]         [kJ]        [K]             [-]                 [-]          [-]        [dm3]
    1       2        40.0        0.001     340.00        0.040000           64.000000     1.000000     0.070513
    2       2        30.0       -0.008     850.00        0.040000           64.000000     1.000000     0.048255
    3       4        31.2        0.001     300.00        0.019000           64.000000     1.000000     0.100209
    4      15        31.3       -0.175     300.00        0.019000           64.000000     1.000000     0.377675


MEASURINGPOINTS: Average Values
-------------------------------
 Mp. Pipe Location   Diameter  Pressure  Temp. Ms.Temp.  Velo.   Massflow   Massflow To.Ent.f.  To.Ent.f.  Mach. Wtemp.  Converg.
 nr.  nr.     [mm]       [mm]     [bar]    [K]      [K]  [m/s]      [g/s]  [g/cycle]    [kJ/s]  [kJ/cyc.]    [-]    [K]       [-]
  1   1    10.0000    33.5000    0.9697  293.3    279.5   41.9    36.8779     0.6322    -0.177    -0.0030   0.13  340.0 0.330E-15
  2   4    10.0000    32.0000    1.2365 1056.6   1330.6  102.6    39.4247     0.6759    51.765     0.8874   0.15  300.0 0.180E-15

SYSTEMBOUNDARIES
Attachments
-----------
 Type                 Nr.   Pipe       Mass flow
                             Nr.       [g/cycle]
 SYSTEMBOUNDARY        1      3          0.6318
 SYSTEMBOUNDARY        2      4          0.6755

CYLINDERS: Average Values
-------------------------
                               Total
                              Engine         Cyl.   1
Firing TDC [deg]                                  0.00
Bore [mm]                                        86.00
Stroke [mm]                                      86.00
Conrodl. [mm]                                   143.50
Piston pin offset [mm]                            0.00
Swept Vol. [l]                   0.4996         0.4996
Compression ratio [-]                            10.50
Dyn. Comp. ratio [-]                              7.93

Combustion Data:
----------------
Combustion Char.                               2Z-Vibe     
Comb.start [deg]                                -10.00
Comb.dur.1 [deg]                                 50.00
Peak Fir.Pres. [bar]              72.69          72.69
at Crankangle [deg]               15.61          15.61
Peak Pres.Rise[bar/deg]            3.06           3.06
at Crankangle [deg]                3.51           3.51
Peak Fir. Temp. [K]             2633.69        2633.69
at Crankangle [deg]               24.15          24.15
Peak T_burned [K]               2782.61        2782.61
at Crankangle [deg]               12.18          12.18
Res. Gascompr. [bar]               0.70           0.70
at Crankangle [deg]              360.00         360.00
Evaporation Energy [kJ]         -0.0128        -0.0128
Required O.N. [-]                 84.50          84.50

Emissions (Classic Species Transport):
--------------------------------------
NOx: Calculated based on MTZ 34 1973 (12).
CO:  Calculated based on SAE 2002-01-0006.
HC:  Calculated based on SAE 2002-01-0006.
NOX   [g/kWh]                 12.158265      12.158265
NOX   [g/h]                  418.533064     418.533064
NOX   [ppm]                     2849.81        2849.81
CO    [g/kWh]                  1.371668       1.371668
CO    [g/h]                   47.217966      47.217966
CO    [ppm]                      344.41         344.41
HC    [g/kWh]                  0.430286       0.430286
HC    [g/h]                   14.812047      14.812047
HC    [ppm]                       72.05          72.05

Performance:
------------
IMEP [bar]                      14.2986        14.2986
Rel. to Ave. [-]                                1.0000
IMEP Exh. [bar]                 -1.9848        -1.9848
IMEP Int. [bar]                  0.6640         0.6640
IMEP Gasex. [bar]               -1.3208        -1.3208
IMEP HP [bar]                   15.6194        15.6194
FMEP [bar]                       2.4857         2.4857
BMEP [bar]                      11.8129        11.8129
AMEP;SMEP [bar]                  0.0000         0.0000
ISFC [g/kWh]                   219.2384       219.2384
Rel. to Ave. [-]                                1.0000
ISFC (tr.f.) [g/kWh]           219.2384       219.2384
BSFC [g/kWh]                   265.3714       265.3714
Indicated Eff. [-]               0.3775         0.3775
Iso vol. comb. Eff [-]           0.9528         0.9528
Polytropic Coeff. [-]                           1.2953

Fuel Mass Balance:
------------------
Inj. Fuelmass [g]              0.043500       0.043500
Asp.Trap. Fuelmass [g]         0.000000       0.000000
Fuelmassfl.(A+I) [g/s]         2.537522       2.537522
Fuelmass tot.trap. [g]         0.043500       0.043500
Trapped Fuelm.fl.[g/s]         2.537522       2.537522
Trapp. Eff. Fuel [-]             1.0000         1.0000

Energy Balance Cylinder:
------------------------
Fuel Energy [kJ]                1.89315        1.89315
Released Energy [kJ]            1.83824        1.83824
-> Brake Power     [%]           32.102         32.102
-> Loss: Friction  [%]            6.755          6.755
-> Loss: Piston    [%]            3.190          3.190
-> Loss: Head      [%]            3.678          3.678
-> Loss: Liner     [%]            4.567          4.567
-> Loss: Int. Port [%]           -0.023         -0.023
-> Loss: Exh. Port [%]            0.326          0.326
-> Loss: Exh. Gas  [%]           49.944         49.944
Eff. Rel. Energy [kJ]           1.82569        1.82569
Gross Rel. Energy [kJ]          1.83824        1.83824
Eff.Gross Rel.Ener.[kJ]         1.82569        1.82569
Energy Balance [-]               0.9986         0.9986
Eff. Energy Balance [-]          0.9918         0.9918

Blowby:
-------
Blowbymass [g]                 0.000000       0.000000
Blowbymassfl. [g/s]            0.000000       0.000000
Blowby Heat Flow [kJ]          0.000000       0.000000

Reference Values at Start of High Pressure:
-------------------------------------------
Pressure at SHP[bar]             1.7866         1.7866
Temperature [K]                  409.17         409.17
Air Massfl.  [g/s]            36.863147      36.863147
Fuel Massfl. [g/s]             2.537522       2.537522
Trapp. Eff. Air [-]              0.9981         0.9981
Trapp. Eff.Fuel [-]              1.0000         1.0000
A/F-Ratio (Cmb.) [-]              14.71          14.71
Excess Air Ratio [-]             1.0142         1.0142

Reference Values at Start Of Combustion:
----------------------------------------
Pressure [bar]                  23.8094        23.8094
Temperature [K]                  748.05         748.05

Residual Gas:
-------------
Res.gas content [-]              0.0174         0.0174
External EGR [-]                -0.0000        -0.0000
Internal EGR [-]                 0.0174         0.0174
Com.Prod.Mass. at EO [g]       0.685045       0.685045
Res.gas mass at SHP [g]        0.011320       0.011320
Res.gas aspirated IN [g]      -0.000000      -0.000000
Res.gas from intake [g]        0.000003       0.000003
Rel. to Total [-]                0.0003         0.0003
Res.gas flow EX [g]            0.673750       0.673750
Res.gas from exhaust [g]       0.000000       0.000000
Rel. to Total [-]                0.0000         0.0000

Gas Exchange:
-------------
Volumetric Eff. [-]              1.0802         1.0802
Rel. to Ave. [-]                                1.0000
Total Mass at SHP[g]             0.6499         0.6499
Mass Delivered [g]              0.63194        0.63194
Mass Delivered [g/s]           36.86315       36.86315
Delivery Ratio [-]               1.0823         1.0823
Rel. to Ave. [-]                                1.0000
Av.Airmass at SHP[g]             0.6308         0.6308
Air Delivered [g]               0.63194        0.63194
Air Delivered [g/s]            36.86315       36.86315
Airdeliveryratio [-]             1.0823         1.0823
Rel. to Ave. [-]                                1.0000
Airmass Trapped [g]             0.63075        0.63075
Airmass Trapped [g/s]          36.79382       36.79382
Trapp. Eff. Air [-]              0.9981         0.9981
Rel. to Ave. [-]                                1.0000
Airpurity [-]                    0.9705         0.9705
Dyn. Swirl [-]                   0.0000         0.0000
Dyn. Tumble [-]                  0.0000         0.0000

Wall Heatlosses:
----------------
Piston [kJ]                     -0.0586        -0.0586
Piston Temperature [K]                          570.00
Cylinderhead [kJ]              -0.06760       -0.06760
Head Temperature [K]                            665.00
Cylinderliner [kJ]             -0.08395       -0.08395
LinerTDC Temperature [K]                        460.00
LinerBDC Temperature [K]                        455.00
Sum of Wallheat [kJ]           -0.21019       -0.21019
Wall Heatlosses in High Pressure Phase:
Piston HP [kJ]                 -0.04768       -0.04768
Cylinderhead HP [kJ]           -0.05695       -0.05695
Cylinderliner HP [kJ]          -0.03771       -0.03771
Sum of Wallheat HP [kJ]        -0.14234       -0.14234
Wall Heatlosses Related to Heatinput:
Piston [-]                      -0.0310        -0.0310
Cylinderhead [-]                -0.0357        -0.0357
Cylinderliner [-]               -0.0444        -0.0444
Sum of Wallheat [-]             -0.1111        -0.1111
M. Eff. HTC [W/m2/K]             699.87         699.87
M. Eff. Temp. [K]               1403.71        1403.71

Reference Values at EO:
-----------------------
Pressure [bar]                     7.19           7.19
Temperature [K]                 1789.50        1789.50
A/F-Ratio [-]                     14.50          14.50
Com.Prod.Conc. [-]              0.99927        0.99927
Fuel Concentr. [-]             0.000051       0.000051

Average Values of Pipeattachements:
-----------------------------------
 Attached Pipe                                       1
Vlv/Prt.Op.Clr.0mm[deg]                         340.00
Vlv/Prt.Op.Eff.0mm[deg]                         340.00
Vlv/Prt.Op.Eff.1mm[deg]                         362.50
Vlv/Prt.Op.Udef.mm[deg]                         340.00
Vlv/Prt.Cl.Clr.0mm[deg]                         610.00
Vlv/Prt.Cl.Eff.0mm[deg]                         610.00
Vlv/Prt.Cl.Eff.1mm[deg]                         577.53
Vlv/Prt.Cl.Udef.mm[deg]                         610.00
Cam Phasing [deg]                                 0.00
Massflow [g/cycle]                            0.631940
Wallheat [kJ/cycle]                           0.000416
rel.to Heatinp.[-]                              0.0002
 Attached Pipe                                       2
Vlv/Prt.Op.Clr.0mm[deg]                         130.00
Vlv/Prt.Op.Eff.0mm[deg]                         130.00
Vlv/Prt.Op.Eff.1mm[deg]                         150.84
Vlv/Prt.Op.Udef.mm[deg]                         130.00
Vlv/Prt.Cl.Clr.0mm[deg]                         390.00
Vlv/Prt.Cl.Eff.0mm[deg]                         390.00
Vlv/Prt.Cl.Eff.1mm[deg]                         356.00
Vlv/Prt.Cl.Udef.mm[deg]                         390.00
Cam Phasing [deg]                                 0.00
Massflow [g/cycle]                            0.675440
Wallheat [kJ/cycle]                          -0.005986
rel.to Heatinp.[-]                             -0.0032

FLOWRESTRICTIONS: Average Values
--------------------------------
 Flr. Att.Pi.  Massflow  Att.Pi.  Massflow
  nr.  number [g/cycle]   number [g/cycle]
    1       2    0.6754        4    0.6755
    2       1    0.6319        3    0.6318

OVERALL ENGINE PERFORMANCE:
===========================

Indicated Torque          :     56.84 Nm                    Indicated Specific Torque :    113.78 Nm/l
Indicated Power           :     41.67 kW,        56.65 PS   Indicated Specific Power  :     83.41 kW/l,     113.40 PS/l
Friction Torque           :      9.88 Nm                    Friction Power            :      7.24 kW
Effective Torque          :     46.96 Nm                    Effective Specific Torque :     94.00 Nm/l
Effective Power           :     34.42 kW,        46.80 PS   Effective Specific Power  :     68.91 kW/l,      93.69 PS/l

Required time for reading the inputfile and initialisation:       0.07 min
Required time for the calculation: .........................      0.07 min
Required time for writing the outputfile: ..................      0.00 min
Required total time: .......................................      0.14 min
Required total CPU-time: ...................................      2.08 sec
