MESSAGE
RUNINFO      1 CONTROL      1 BOOST       0.00 DEGCRA
 System date and time : 13.10.2025 14:54:44
ENDOFMESSAGE
MESSAGE
RUNINFO      2 CONTROL      2 BOOST       0.00 DEGCRA
 Executable information:
  Version  : v2022.1.0.0.0
  Build    : Apr 27 2022 22:44:48
  Platform : x86_64-unknown-winnt_i19v19
ENDOFMESSAGE
MESSAGE
RUNINFO      3 CONTROL      3 BOOST       0.00 DEGCRA
 Opened file :  single500_GDi.bst
ENDOFMESSAGE
MESSAGE
RUNINFO 70011 INPUT     0 BST_READ_GLOBAL 0.00DEGCRA
  The following User Defined Parameters were identified:
ENDOFMESSAGE
ENDOFMESSAGE
MESSAGE
RUNINFO 571129 INPUT      0 BST_READ_GLOBAL       0.00 DEGCRA
 Using C gas property library
ENDOFMESSAGE
MESSAGE
RUNINFO  12377 INPUT      0 BST_READ_GLOBAL       0.00 DEGCRA
 No reference element set for volumetric efficiency.
 No gas exchange data related to intake manifold conditions will be calculated.
ENDOFMESSAGE
MESSAGE
RUNINFO 270000 REACTION_LIBRARY      1 CL_BOOST_MessageSystem       0.00 DEGCRA
>>> Catalyst Library <<<
  Version: 2.800
  Platform: x86_64-unknown-winnt_i19v19
  Build date: Apr 27 2022 21:58:54
ENDOFMESSAGE
MESSAGE
RUNINFO 270000 REACTION_LIBRARY      1 CL_BOOST_MessageSystem       0.00 DEGCRA
>>> Transfer Model Library Version 1.400 <<<
ENDOFMESSAGE
MESSAGE
RUNINFO 100001 BOOST      1 BOOST_GPR_printf       0.00 DEGCRA
    Classic gas property data are read from:
      C:/Program Files (x86)/AVL/R2022.1/BOOST/files/GASOLINE.BGP

ENDOFMESSAGE
MESSAGE
RUNINFO      0 CYLINDER      1 READ_INDIVIDUAL_CYLINDER       0.00 DEGCRA
 Intake valve profile shifted.
 Opening shift :     0.000
 Closing shift :     0.000
ENDOFMESSAGE
MESSAGE
RUNINFO      0 CYLINDER      1 READ_INDIVIDUAL_CYLINDER       0.00 DEGCRA
 Exhaust valve profile shifted.
 Opening shift :     0.000
 Closing shift :     0.000
ENDOFMESSAGE
MESSAGE
RUNINFO      0 CYLINDER      2 READ_INDIVIDUAL_CYLINDER       0.00 DEGCRA
 Intake valve profile shifted.
 Opening shift :     0.000
 Closing shift :     0.000
ENDOFMESSAGE
MESSAGE
RUNINFO      0 CYLINDER      2 READ_INDIVIDUAL_CYLINDER       0.00 DEGCRA
 Exhaust valve profile shifted.
 Opening shift :     0.000
 Closing shift :     0.000
ENDOFMESSAGE
MESSAGE
RUNINFO      0 CYLINDER      3 READ_INDIVIDUAL_CYLINDER       0.00 DEGCRA
 Intake valve profile shifted.
 Opening shift :     0.000
 Closing shift :     0.000
ENDOFMESSAGE
MESSAGE
RUNINFO      0 CYLINDER      3 READ_INDIVIDUAL_CYLINDER       0.00 DEGCRA
 Exhaust valve profile shifted.
 Opening shift :     0.000
 Closing shift :     0.000
ENDOFMESSAGE
MESSAGE
RUNINFO      0 CYLINDER      4 READ_INDIVIDUAL_CYLINDER       0.00 DEGCRA
 Intake valve profile shifted.
 Opening shift :     0.000
 Closing shift :     0.000
ENDOFMESSAGE
MESSAGE
RUNINFO      0 CYLINDER      4 READ_INDIVIDUAL_CYLINDER       0.00 DEGCRA
 Exhaust valve profile shifted.
 Opening shift :     0.000
 Closing shift :     0.000
ENDOFMESSAGE
MESSAGE
WARNING  21772 RESTRICTION      2 INPUT       0.00 DEGCRA
 Area difference too small to create a quarterwave resonator.
 Minimum resonator diameter [mm]:      10.00
 Calculated diameter        [mm]:       5.77
ENDOFMESSAGE
MESSAGE
WARNING  21772 RESTRICTION      4 INPUT       0.00 DEGCRA
 Area difference too small to create a quarterwave resonator.
 Minimum resonator diameter [mm]:      10.00
 Calculated diameter        [mm]:       5.77
ENDOFMESSAGE
MESSAGE
WARNING  21772 RESTRICTION      6 INPUT       0.00 DEGCRA
 Area difference too small to create a quarterwave resonator.
 Minimum resonator diameter [mm]:      10.00
 Calculated diameter        [mm]:       5.77
ENDOFMESSAGE
MESSAGE
WARNING  21772 RESTRICTION      8 INPUT       0.00 DEGCRA
 Area difference too small to create a quarterwave resonator.
 Minimum resonator diameter [mm]:      10.00
 Calculated diameter        [mm]:       5.77
ENDOFMESSAGE
MESSAGE
RUNINFO  10660 GLOBAL      1 LICENSING       0.00 DEGCRA
  >>>
  >>>   The Licence for application "sys_1DCFD_solver"
  >>>   has been checked out!
  >>>
ENDOFMESSAGE
MESSAGE
RUNINFO      0 POSTLINKS      0 BOOST       0.00 DEGCRA
 Opened file : single500_GDi.glb
 Unit Number :    13
ENDOFMESSAGE
MESSAGE
RUNINFO 150006 SYSTEMBOUNDARY      1 BOOST       0.00 DEGCRA
 Open end correction for PIPE :    17
 End correction   [mm] :      9.900
 Original Length  [mm] :    160.000
 Corrected Length [mm] :    169.900
ENDOFMESSAGE
MESSAGE
RUNINFO 150006 SYSTEMBOUNDARY      2 BOOST       0.00 DEGCRA
 Open end correction for PIPE :    16
 End correction   [mm] :     10.200
 Original Length  [mm] :    500.000
 Corrected Length [mm] :    510.200
ENDOFMESSAGE
MESSAGE
CONVERGENCEFAIL 342500 JUNCTION      2 KNOTEN     178.46 DEGCRA
 The iteration of the junction massflow failed to
 converge within  25 iterations.
                    24 iteration   25 iteration
 Pressure    [Pa]:    150873.21      150873.21
 Difference in percent of meanvalue:    0.00
 Mass flow error [percent of total massflow]:  -0.67
ENDOFMESSAGE
MESSAGE
CONVERGENCEFAIL 342500 JUNCTION      2 KNOTEN     178.93 DEGCRA
 The iteration of the junction massflow failed to
 converge within  25 iterations.
                    24 iteration   25 iteration
 Pressure    [Pa]:    150873.21      150873.21
 Difference in percent of meanvalue:    0.00
 Mass flow error [percent of total massflow]:  -0.87
ENDOFMESSAGE
MESSAGE
CONVERGENCEFAIL 342500 JUNCTION      2 KNOTEN     179.41 DEGCRA
 The iteration of the junction massflow failed to
 converge within  25 iterations.
                    24 iteration   25 iteration
 Pressure    [Pa]:    150873.21      150873.21
 Difference in percent of meanvalue:    0.00
 Mass flow error [percent of total massflow]:  -0.99
ENDOFMESSAGE
MESSAGE
CONVERGENCEFAIL 342500 JUNCTION      2 KNOTEN     179.70 DEGCRA
 The iteration of the junction massflow failed to
 converge within  25 iterations.
                    24 iteration   25 iteration
 Pressure    [Pa]:    150873.21      150873.21
 Difference in percent of meanvalue:    0.00
 Mass flow error [percent of total massflow]:  -1.03
ENDOFMESSAGE
MESSAGE
CONVERGENCEFAIL 342500 JUNCTION      2 KNOTEN     264.07 DEGCRA
 The iteration of the junction massflow failed to
 converge within  25 iterations.
                    24 iteration   25 iteration
 Pressure    [Pa]:    106196.53      106196.53
 Difference in percent of meanvalue:   -0.00
 Mass flow error [percent of total massflow]:  -1.51
ENDOFMESSAGE
MESSAGE
CONVERGENCEFAIL 342500 JUNCTION      2 KNOTEN     265.08 DEGCRA
 The iteration of the junction massflow failed to
 converge within  25 iterations.
                    24 iteration   25 iteration
 Pressure    [Pa]:    105206.28      105206.28
 Difference in percent of meanvalue:    0.00
 Mass flow error [percent of total massflow]:  -1.42
ENDOFMESSAGE
MESSAGE
CONVERGENCEFAIL 342500 JUNCTION      2 KNOTEN     266.09 DEGCRA
 The iteration of the junction massflow failed to
 converge within  25 iterations.
                    24 iteration   25 iteration
 Pressure    [Pa]:    104327.11      104327.11
 Difference in percent of meanvalue:    0.00
 Mass flow error [percent of total massflow]:  -1.37
ENDOFMESSAGE
MESSAGE
CONVERGENCEFAIL 342500 JUNCTION      2 KNOTEN     267.09 DEGCRA
 The iteration of the junction massflow failed to
 converge within  25 iterations.
                    24 iteration   25 iteration
 Pressure    [Pa]:    103452.23      103452.23
 Difference in percent of meanvalue:    0.00
 Mass flow error [percent of total massflow]:  -1.33
ENDOFMESSAGE
MESSAGE
CONVERGENCEFAIL 342500 JUNCTION      2 KNOTEN     268.09 DEGCRA
 The iteration of the junction massflow failed to
 converge within  25 iterations.
                    24 iteration   25 iteration
 Pressure    [Pa]:    102551.22      102551.22
 Difference in percent of meanvalue:    0.00
 Mass flow error [percent of total massflow]:  -1.44
ENDOFMESSAGE
MESSAGE
CONVERGENCEFAIL 342500 JUNCTION      2 KNOTEN     269.09 DEGCRA
 The iteration of the junction massflow failed to
 converge within  25 iterations.
                    24 iteration   25 iteration
 Pressure    [Pa]:    101520.75      101520.75
 Difference in percent of meanvalue:    0.00
 Mass flow error [percent of total massflow]:  -1.00
ENDOFMESSAGE
MESSAGE
CONVERGENCEFAIL 342500 JUNCTION      2 KNOTEN     273.64 DEGCRA
 The iteration of the junction massflow failed to
 converge within  25 iterations.
                    24 iteration   25 iteration
 Pressure    [Pa]:    101963.42      101963.42
 Difference in percent of meanvalue:   -0.00
 Mass flow error [percent of total massflow]:  -0.57
ENDOFMESSAGE
MESSAGE
CONVERGENCEFAIL 342500 JUNCTION      2 KNOTEN     274.16 DEGCRA
 The iteration of the junction massflow failed to
 converge within  25 iterations.
                    24 iteration   25 iteration
 Pressure    [Pa]:    102559.44      102559.44
 Difference in percent of meanvalue:    0.00
 Mass flow error [percent of total massflow]:  -0.69
ENDOFMESSAGE
MESSAGE
CONVERGENCEFAIL 342500 JUNCTION      2 KNOTEN     274.69 DEGCRA
 The iteration of the junction massflow failed to
 converge within  25 iterations.
                    24 iteration   25 iteration
 Pressure    [Pa]:    103463.26      103463.26
 Difference in percent of meanvalue:    0.00
 Mass flow error [percent of total massflow]:  -1.14
ENDOFMESSAGE
MESSAGE
CONVERGENCEFAIL 342500 JUNCTION      2 KNOTEN     275.23 DEGCRA
 The iteration of the junction massflow failed to
 converge within  25 iterations.
                    24 iteration   25 iteration
 Pressure    [Pa]:    104798.95      104798.95
 Difference in percent of meanvalue:    0.00
 Mass flow error [percent of total massflow]:  -1.97
ENDOFMESSAGE
MESSAGE
CONVERGENCEFAIL 342500 JUNCTION      2 KNOTEN     275.77 DEGCRA
 The iteration of the junction massflow failed to
 converge within  25 iterations.
                    24 iteration   25 iteration
 Pressure    [Pa]:    106754.39      106754.39
 Difference in percent of meanvalue:    0.00
 Mass flow error [percent of total massflow]:  -3.49
ENDOFMESSAGE
MESSAGE
CONVERGENCEFAIL 342500 JUNCTION      2 KNOTEN     323.46 DEGCRA
 The iteration of the junction massflow failed to
 converge within  25 iterations.
                    24 iteration   25 iteration
 Pressure    [Pa]:    103770.64      103770.64
 Difference in percent of meanvalue:    0.00
 Mass flow error [percent of total massflow]:   1.25
ENDOFMESSAGE
MESSAGE
CONVERGENCEFAIL 342500 JUNCTION      2 KNOTEN     444.08 DEGCRA
 The iteration of the junction massflow failed to
 converge within  25 iterations.
                    24 iteration   25 iteration
 Pressure    [Pa]:     95344.11       95344.11
 Difference in percent of meanvalue:    0.00
 Mass flow error [percent of total massflow]:  -0.71
ENDOFMESSAGE
MESSAGE
CONVERGENCEFAIL 342500 JUNCTION      2 KNOTEN     444.71 DEGCRA
 The iteration of the junction massflow failed to
 converge within  25 iterations.
                    24 iteration   25 iteration
 Pressure    [Pa]:     95344.11       95344.11
 Difference in percent of meanvalue:    0.00
 Mass flow error [percent of total massflow]:  -0.98
ENDOFMESSAGE
MESSAGE
CONVERGENCEFAIL 342500 JUNCTION      2 KNOTEN     445.34 DEGCRA
 The iteration of the junction massflow failed to
 converge within  25 iterations.
                    24 iteration   25 iteration
 Pressure    [Pa]:     95344.11       95344.11
 Difference in percent of meanvalue:    0.00
 Mass flow error [percent of total massflow]:  -1.01
ENDOFMESSAGE
MESSAGE
CONVERGENCEFAIL 342500 JUNCTION      2 KNOTEN     445.97 DEGCRA
 The iteration of the junction massflow failed to
 converge within  25 iterations.
                    24 iteration   25 iteration
 Pressure    [Pa]:     95344.11       95344.11
 Difference in percent of meanvalue:    0.00
 Mass flow error [percent of total massflow]:  -0.86
ENDOFMESSAGE
MESSAGE
CONVERGENCEFAIL 342500 JUNCTION      2 KNOTEN     446.60 DEGCRA
 The iteration of the junction massflow failed to
 converge within  25 iterations.
                    24 iteration   25 iteration
 Pressure    [Pa]:     95344.11       95344.11
 Difference in percent of meanvalue:    0.00
 Mass flow error [percent of total massflow]:  -0.70
ENDOFMESSAGE
MESSAGE
CONVERGENCEFAIL 342500 JUNCTION      2 KNOTEN     447.23 DEGCRA
 The iteration of the junction massflow failed to
 converge within  25 iterations.
                    24 iteration   25 iteration
 Pressure    [Pa]:     95344.11       95344.11
 Difference in percent of meanvalue:    0.00
 Mass flow error [percent of total massflow]:  -0.60
ENDOFMESSAGE
MESSAGE
CONVERGENCEFAIL 342500 JUNCTION      2 KNOTEN     447.85 DEGCRA
 The iteration of the junction massflow failed to
 converge within  25 iterations.
                    24 iteration   25 iteration
 Pressure    [Pa]:     95344.11       95344.11
 Difference in percent of meanvalue:    0.00
 Mass flow error [percent of total massflow]:  -0.99
ENDOFMESSAGE
MESSAGE
CONVERGENCEFAIL 342500 JUNCTION      2 KNOTEN     452.85 DEGCRA
 The iteration of the junction massflow failed to
 converge within  25 iterations.
                    24 iteration   25 iteration
 Pressure    [Pa]:     90210.78       90210.78
 Difference in percent of meanvalue:    0.00
 Mass flow error [percent of total massflow]:  -1.97
ENDOFMESSAGE
MESSAGE
CONVERGENCEFAIL 342500 JUNCTION      2 KNOTEN     454.11 DEGCRA
 The iteration of the junction massflow failed to
 converge within  25 iterations.
                    24 iteration   25 iteration
 Pressure    [Pa]:     89616.86       89616.86
 Difference in percent of meanvalue:    0.00
 Mass flow error [percent of total massflow]:  -0.67
ENDOFMESSAGE
MESSAGE
CONVERGENCEFAIL 342500 JUNCTION      2 KNOTEN     454.74 DEGCRA
 The iteration of the junction massflow failed to
 converge within  25 iterations.
                    24 iteration   25 iteration
 Pressure    [Pa]:     89616.86       89616.86
 Difference in percent of meanvalue:    0.00
 Mass flow error [percent of total massflow]:  -1.95
ENDOFMESSAGE
MESSAGE
CONVERGENCEFAIL 342500 JUNCTION      2 KNOTEN     517.66 DEGCRA
 The iteration of the junction massflow failed to
 converge within  25 iterations.
                    24 iteration   25 iteration
 Pressure    [Pa]:     93506.67       93506.67
 Difference in percent of meanvalue:    0.00
 Mass flow error [percent of total massflow]:   1.41
ENDOFMESSAGE
MESSAGE
CONVERGENCEFAIL 342500 JUNCTION      2 KNOTEN     518.73 DEGCRA
 The iteration of the junction massflow failed to
 converge within  25 iterations.
                    24 iteration   25 iteration
 Pressure    [Pa]:     93991.11       93991.11
 Difference in percent of meanvalue:    0.00
 Mass flow error [percent of total massflow]:   2.76
ENDOFMESSAGE
MESSAGE
CONVERGENCEFAIL 342500 JUNCTION      2 KNOTEN     519.80 DEGCRA
 The iteration of the junction massflow failed to
 converge within  25 iterations.
                    24 iteration   25 iteration
 Pressure    [Pa]:     94864.79       94864.79
 Difference in percent of meanvalue:    0.00
 Mass flow error [percent of total massflow]:   2.31
ENDOFMESSAGE
MESSAGE
CONVERGENCEFAIL 342500 JUNCTION      2 KNOTEN     520.33 DEGCRA
 The iteration of the junction massflow failed to
 converge within  25 iterations.
                    24 iteration   25 iteration
 Pressure    [Pa]:     94864.79       94864.79
 Difference in percent of meanvalue:    0.00
 Mass flow error [percent of total massflow]:   4.26
ENDOFMESSAGE
MESSAGE
CONVERGENCEFAIL 342500 JUNCTION      2 KNOTEN     521.39 DEGCRA
 The iteration of the junction massflow failed to
 converge within  25 iterations.
                    24 iteration   25 iteration
 Pressure    [Pa]:     96162.71       96162.71
 Difference in percent of meanvalue:    0.00
 Mass flow error [percent of total massflow]:   2.58
ENDOFMESSAGE
MESSAGE
CONVERGENCEFAIL 342500 JUNCTION      2 KNOTEN     522.44 DEGCRA
 The iteration of the junction massflow failed to
 converge within  25 iterations.
                    24 iteration   25 iteration
 Pressure    [Pa]:     97504.92       97504.92
 Difference in percent of meanvalue:    0.00
 Mass flow error [percent of total massflow]:   3.38
ENDOFMESSAGE
MESSAGE
CONVERGENCEFAIL 342500 JUNCTION      2 KNOTEN     539.59 DEGCRA
 The iteration of the junction massflow failed to
 converge within  25 iterations.
                    24 iteration   25 iteration
 Pressure    [Pa]:    142155.45      142155.45
 Difference in percent of meanvalue:    0.00
 Mass flow error [percent of total massflow]:  -0.84
ENDOFMESSAGE
MESSAGE
CONVERGENCEFAIL 342500 JUNCTION      2 KNOTEN     630.66 DEGCRA
 The iteration of the junction massflow failed to
 converge within  25 iterations.
                    24 iteration   25 iteration
 Pressure    [Pa]:     94051.28       94051.28
 Difference in percent of meanvalue:    0.00
 Mass flow error [percent of total massflow]:  -1.22
ENDOFMESSAGE
MESSAGE
CONVERGENCEFAIL 342500 JUNCTION      2 KNOTEN     631.92 DEGCRA
 The iteration of the junction massflow failed to
 converge within  25 iterations.
                    24 iteration   25 iteration
 Pressure    [Pa]:     93255.02       93255.02
 Difference in percent of meanvalue:    0.00
 Mass flow error [percent of total massflow]:  -1.19
ENDOFMESSAGE
MESSAGE
CONVERGENCEFAIL 342500 JUNCTION      2 KNOTEN     692.62 DEGCRA
 The iteration of the junction massflow failed to
 converge within  25 iterations.
                    24 iteration   25 iteration
 Pressure    [Pa]:     86635.95       86635.95
 Difference in percent of meanvalue:    0.00
 Mass flow error [percent of total massflow]:   1.02
ENDOFMESSAGE
MESSAGE
CONVERGENCEFAIL 342500 JUNCTION      2 KNOTEN     696.40 DEGCRA
 The iteration of the junction massflow failed to
 converge within  25 iterations.
                    24 iteration   25 iteration
 Pressure    [Pa]:     87604.41       87604.41
 Difference in percent of meanvalue:    0.00
 Mass flow error [percent of total massflow]:   0.62
ENDOFMESSAGE
MESSAGE
CONVERGENCEFAIL 342500 JUNCTION      2 KNOTEN     716.35 DEGCRA
 The iteration of the junction massflow failed to
 converge within  25 iterations.
                    24 iteration   25 iteration
 Pressure    [Pa]:    132958.00      132958.00
 Difference in percent of meanvalue:    0.00
 Mass flow error [percent of total massflow]:  -0.70
ENDOFMESSAGE
MESSAGE
CONVERGENCEFAIL 342500 JUNCTION      2 KNOTEN     716.81 DEGCRA
 The iteration of the junction massflow failed to
 converge within  25 iterations.
                    24 iteration   25 iteration
 Pressure    [Pa]:    132958.00      132958.00
 Difference in percent of meanvalue:    0.00
 Mass flow error [percent of total massflow]:  -0.87
ENDOFMESSAGE
MESSAGE
CONVERGENCEFAIL 342500 JUNCTION      2 KNOTEN     717.27 DEGCRA
 The iteration of the junction massflow failed to
 converge within  25 iterations.
                    24 iteration   25 iteration
 Pressure    [Pa]:    132958.00      132958.00
 Difference in percent of meanvalue:    0.00
 Mass flow error [percent of total massflow]:  -1.12
ENDOFMESSAGE
MESSAGE
CONVERGENCEFAIL 342500 JUNCTION      2 KNOTEN     717.72 DEGCRA
 The iteration of the junction massflow failed to
 converge within  25 iterations.
                    24 iteration   25 iteration
 Pressure    [Pa]:    132958.00      132958.00
 Difference in percent of meanvalue:    0.00
 Mass flow error [percent of total massflow]:  -1.48
ENDOFMESSAGE
MESSAGE
CONVERGENCEFAIL 342500 JUNCTION      2 KNOTEN     797.34 DEGCRA
 The iteration of the junction massflow failed to
 converge within  25 iterations.
                    24 iteration   25 iteration
 Pressure    [Pa]:     97748.65       97748.65
 Difference in percent of meanvalue:    0.00
 Mass flow error [percent of total massflow]:  -0.55
ENDOFMESSAGE
MESSAGE
CONVERGENCEFAIL 342500 JUNCTION      2 KNOTEN     801.19 DEGCRA
 The iteration of the junction massflow failed to
 converge within  25 iterations.
                    24 iteration   25 iteration
 Pressure    [Pa]:     94373.07       94373.07
 Difference in percent of meanvalue:    0.00
 Mass flow error [percent of total massflow]:  -0.73
ENDOFMESSAGE
MESSAGE
CONVERGENCEFAIL 342500 JUNCTION      2 KNOTEN     810.18 DEGCRA
 The iteration of the junction massflow failed to
 converge within  25 iterations.
                    24 iteration   25 iteration
 Pressure    [Pa]:     90658.21       90658.21
 Difference in percent of meanvalue:    0.00
 Mass flow error [percent of total massflow]:  -1.09
ENDOFMESSAGE
MESSAGE
CONVERGENCEFAIL 342500 JUNCTION      2 KNOTEN     811.46 DEGCRA
 The iteration of the junction massflow failed to
 converge within  25 iterations.
                    24 iteration   25 iteration
 Pressure    [Pa]:     90229.36       90229.36
 Difference in percent of meanvalue:    0.00
 Mass flow error [percent of total massflow]:  -0.62
ENDOFMESSAGE
MESSAGE
CONVERGENCEFAIL 342500 JUNCTION      2 KNOTEN     980.23 DEGCRA
 The iteration of the junction massflow failed to
 converge within  25 iterations.
                    24 iteration   25 iteration
 Pressure    [Pa]:    103601.04      103601.04
 Difference in percent of meanvalue:    0.00
 Mass flow error [percent of total massflow]:   0.60
ENDOFMESSAGE
MESSAGE
CONVERGENCEFAIL 342500 JUNCTION      2 KNOTEN     984.80 DEGCRA
 The iteration of the junction massflow failed to
 converge within  25 iterations.
                    24 iteration   25 iteration
 Pressure    [Pa]:    100648.25      100648.25
 Difference in percent of meanvalue:    0.00
 Mass flow error [percent of total massflow]:   1.02
ENDOFMESSAGE
MESSAGE
CONVERGENCEFAIL 342500 JUNCTION      2 KNOTEN    1264.02 DEGCRA
 The iteration of the junction massflow failed to
 converge within  25 iterations.
                    24 iteration   25 iteration
 Pressure    [Pa]:    116270.33      116270.33
 Difference in percent of meanvalue:    0.00
 Mass flow error [percent of total massflow]:   0.70
ENDOFMESSAGE
MESSAGE
CONVERGENCEFAIL 342500 JUNCTION      2 KNOTEN    1332.11 DEGCRA
 The iteration of the junction massflow failed to
 converge within  25 iterations.
                    24 iteration   25 iteration
 Pressure    [Pa]:     89331.71       89331.71
 Difference in percent of meanvalue:    0.00
 Mass flow error [percent of total massflow]:   7.69
ENDOFMESSAGE
MESSAGE
CONVERGENCEFAIL 342500 JUNCTION      2 KNOTEN    1332.71 DEGCRA
 The iteration of the junction massflow failed to
 converge within  25 iterations.
                    24 iteration   25 iteration
 Pressure    [Pa]:     89331.71       89331.71
 Difference in percent of meanvalue:    0.00
 Mass flow error [percent of total massflow]:  -5.01
ENDOFMESSAGE
MESSAGE
CONVERGENCEFAIL 342500 JUNCTION      2 KNOTEN    1338.58 DEGCRA
 The iteration of the junction massflow failed to
 converge within  25 iterations.
                    24 iteration   25 iteration
 Pressure    [Pa]:     89634.89       89634.89
 Difference in percent of meanvalue:    0.00
 Mass flow error [percent of total massflow]:   1.21
ENDOFMESSAGE
MESSAGE
CONVERGENCEFAIL 342500 JUNCTION      2 KNOTEN    1510.01 DEGCRA
 The iteration of the junction massflow failed to
 converge within  25 iterations.
                    24 iteration   25 iteration
 Pressure    [Pa]:     91963.93       91963.93
 Difference in percent of meanvalue:   -0.00
 Mass flow error [percent of total massflow]:  -3.10
ENDOFMESSAGE
MESSAGE
CONVERGENCEFAIL 342500 JUNCTION      2 KNOTEN    1510.62 DEGCRA
 The iteration of the junction massflow failed to
 converge within  25 iterations.
                    24 iteration   25 iteration
 Pressure    [Pa]:     90629.79       90629.79
 Difference in percent of meanvalue:    0.00
 Mass flow error [percent of total massflow]:  14.29
ENDOFMESSAGE
MESSAGE
CONVERGENCEFAIL 342500 JUNCTION      2 KNOTEN    2410.34 DEGCRA
 The iteration of the junction massflow failed to
 converge within  25 iterations.
                    24 iteration   25 iteration
 Pressure    [Pa]:     88378.47       88378.47
 Difference in percent of meanvalue:    0.00
 Mass flow error [percent of total massflow]:  -1.14
ENDOFMESSAGE
MESSAGE
CONVERGENCEFAIL 342500 JUNCTION      2 KNOTEN    2411.39 DEGCRA
 The iteration of the junction massflow failed to
 converge within  25 iterations.
                    24 iteration   25 iteration
 Pressure    [Pa]:     87771.46       87771.46
 Difference in percent of meanvalue:    0.00
 Mass flow error [percent of total massflow]:  -1.00
ENDOFMESSAGE
MESSAGE
CONVERGENCEFAIL 342500 JUNCTION      2 KNOTEN    2411.91 DEGCRA
 The iteration of the junction massflow failed to
 converge within  25 iterations.
                    24 iteration   25 iteration
 Pressure    [Pa]:     87771.46       87771.46
 Difference in percent of meanvalue:    0.00
 Mass flow error [percent of total massflow]:  -1.58
ENDOFMESSAGE
MESSAGE
CONVERGENCEFAIL 342500 JUNCTION      2 KNOTEN    2412.42 DEGCRA
 The iteration of the junction massflow failed to
 converge within  25 iterations.
                    24 iteration   25 iteration
 Pressure    [Pa]:     87771.46       87771.46
 Difference in percent of meanvalue:    0.00
 Mass flow error [percent of total massflow]:  -1.65
ENDOFMESSAGE
MESSAGE
CONVERGENCEFAIL 342500 JUNCTION      2 KNOTEN    2514.70 DEGCRA
 The iteration of the junction massflow failed to
 converge within  25 iterations.
                    24 iteration   25 iteration
 Pressure    [Pa]:    139030.20      139030.20
 Difference in percent of meanvalue:   -0.00
 Mass flow error [percent of total massflow]:  -0.72
ENDOFMESSAGE
MESSAGE
CONVERGENCEFAIL 342500 JUNCTION      2 KNOTEN    2515.05 DEGCRA
 The iteration of the junction massflow failed to
 converge within  25 iterations.
                    24 iteration   25 iteration
 Pressure    [Pa]:    139030.20      139030.20
 Difference in percent of meanvalue:    0.00
 Mass flow error [percent of total massflow]:  -0.58
ENDOFMESSAGE
MESSAGE
CONVERGENCEFAIL 342500 JUNCTION      2 KNOTEN    2587.09 DEGCRA
 The iteration of the junction massflow failed to
 converge within  25 iterations.
                    24 iteration   25 iteration
 Pressure    [Pa]:     86687.38       86687.38
 Difference in percent of meanvalue:    0.00
 Mass flow error [percent of total massflow]:  -0.70
ENDOFMESSAGE
MESSAGE
CONVERGENCEFAIL 342500 JUNCTION      2 KNOTEN    2588.17 DEGCRA
 The iteration of the junction massflow failed to
 converge within  25 iterations.
                    24 iteration   25 iteration
 Pressure    [Pa]:     86139.50       86139.50
 Difference in percent of meanvalue:   -0.00
 Mass flow error [percent of total massflow]:  -2.10
ENDOFMESSAGE
MESSAGE
CONVERGENCEFAIL 342500 JUNCTION      2 KNOTEN    2589.76 DEGCRA
 The iteration of the junction massflow failed to
 converge within  25 iterations.
                    24 iteration   25 iteration
 Pressure    [Pa]:     85688.05       85688.05
 Difference in percent of meanvalue:    0.00
 Mass flow error [percent of total massflow]:  -1.19
ENDOFMESSAGE
MESSAGE
CONVERGENCEFAIL 342500 JUNCTION      2 KNOTEN    2590.82 DEGCRA
 The iteration of the junction massflow failed to
 converge within  25 iterations.
                    24 iteration   25 iteration
 Pressure    [Pa]:     85326.76       85326.76
 Difference in percent of meanvalue:    0.00
 Mass flow error [percent of total massflow]:  -0.98
ENDOFMESSAGE
MESSAGE
CONVERGENCEFAIL 342500 JUNCTION      2 KNOTEN    2860.53 DEGCRA
 The iteration of the junction massflow failed to
 converge within  25 iterations.
                    24 iteration   25 iteration
 Pressure    [Pa]:    119313.09      119313.09
 Difference in percent of meanvalue:    0.00
 Mass flow error [percent of total massflow]:   0.50
ENDOFMESSAGE
MESSAGE
CONVERGENCEFAIL 342500 JUNCTION      2 KNOTEN    2871.70 DEGCRA
 The iteration of the junction massflow failed to
 converge within  25 iterations.
                    24 iteration   25 iteration
 Pressure    [Pa]:    142324.90      142324.90
 Difference in percent of meanvalue:    0.00
 Mass flow error [percent of total massflow]:  -0.62
ENDOFMESSAGE
