 --------------------------------
 AVL - B O O S T
 Version:        v2022.1.0.0.0
 Build:          Apr 27 2022 22:44:48
 Git Build Hash: 7670062eda46b95e13935a621f250d93513addf7
 System:         x86_64-unknown-winnt_i19v19
 --------------------------------

LICENSE
-------
 sys_1DCFD_solver 2022.0@ License will expire in 219 days

PROJECT
-------
 Preprocessor Version :  2022.1
 Calculation date     : 13.10.2025
 File     : single500_GDi.bst
 Case Set : "Case Set 1"
 Case     : "Case 10"
 
 Project ID: "4-Cylinder"
 Run ID:     "WOT"
 Model date: "7.3.2000"

ELEMENTS
--------
 Element Name        Number

 PIPE                  18
 SYSTEMBOUNDARY         2
 CYLINDER               4
 RESTRICTION            8
 MEASURINGPOINT         8
 JUNCTION               2
 ENGINE                 1
 PIPE_END              36
 ALL_PIPES             18
 ALL_BOUNDARIES         2
 RESTRICTIONS           8
 ALL_PIDS               1
 PIPE_VAR_WALL_TEMP    18

GLOBAL DATA
-----------
  Engine Speed :         2500.0  rpm
  Calculationmode:        BOOST  Single
  Cycle Duration:        720.00  degrees
  Max. calc. period:   14400.00  degrees
  Cycles calculated:         20  cycles
  Calc. time steps:     0.64190  degrees (max)
                        0.49099  degrees
                        0.03273  ms
  Traces results step:  5.00000  degrees
  User concentrations:        0
  Ref. pressure:      100000.00  Pa
  Ref. temperature:     298.000  K
  Gas properties:      Variable
  Gasproperties File:     GASOLINE.BGP
     bgp_build_version:   v2013.0.0.0.0
     bgp_build_host:      boosthost
     bgp_build_user:      boost
     bgp_build_date:      2012.03.23
     bgp_build_time:      08:00:00
  Lower calorific:  0.43500E+08  J/kg
  Stoic. A/F-ratio:      14.500

  Warnings:                   4
  Convergence errors:        65

PIPES
-----

 Total number of pipe cells:    114

 Pipe   Cells   Cell size       W.Heat     Wall T    Fric. coeff.   Lam. Fric. Coeff.  Heat Factor       Volume
  nr.                [mm]         [kJ]        [K]             [-]                 [-]          [-]        [dm3]
    1       2        40.0        0.000     340.00        0.040000           64.000000     1.000000     0.070513
    2       2        30.0       -0.006     850.00        0.040000           64.000000     1.000000     0.048255
    3       2        40.0        0.000     340.00        0.040000           64.000000     1.000000     0.070513
    4       2        30.0       -0.006     850.00        0.040000           64.000000     1.000000     0.048255
    5       2        40.0        0.000     340.00        0.040000           64.000000     1.000000     0.070513
    6       2        30.0       -0.006     850.00        0.040000           64.000000     1.000000     0.048255
    7       2        40.0        0.000     340.00        0.040000           64.000000     1.000000     0.070513
    8       2        30.0       -0.006     850.00        0.040000           64.000000     1.000000     0.048255
    9       4        28.8       -0.000     300.00        0.019000           64.000000     1.000000     0.098359
   10       4        28.8       -0.000     300.00        0.019000           64.000000     1.000000     0.098359
   11       4        28.8       -0.000     300.00        0.019000           64.000000     1.000000     0.098359
   12      15        30.0       -0.201     300.00        0.019000           64.000000     1.000000     0.384884
   13      15        30.0       -0.201     300.00        0.019000           64.000000     1.000000     0.384884
   14      15        30.0       -0.201     300.00        0.019000           64.000000     1.000000     0.384884
   15      15        30.0       -0.201     300.00        0.019000           64.000000     1.000000     0.384884
   16      17        30.0       -0.325     300.00        0.019000           64.000000     1.000000     0.463221
   17       5        34.0        0.002     300.00        0.019000           64.000000     1.000000     0.145315
   18       4        28.8       -0.000     300.00        0.019000           64.000000     1.000000     0.098359


MEASURINGPOINTS: Average Values
-------------------------------
 Mp. Pipe Location   Diameter  Pressure  Temp. Ms.Temp.  Velo.   Massflow   Massflow To.Ent.f.  To.Ent.f.  Mach. Wtemp.  Converg.
 nr.  nr.     [mm]       [mm]     [bar]    [K]      [K]  [m/s]      [g/s]  [g/cycle]    [kJ/s]  [kJ/cyc.]    [-]    [K]       [-]
  1   1    10.0000    33.5000    0.9757  329.7    290.6   10.4     9.8220     0.4715    -0.052    -0.0025   0.03  340.0 0.228E-07
  2  12    10.0000    33.0000    1.1328  977.6   1244.6   33.2    10.5027     0.5041    12.204     0.5858   0.05  300.0 0.386E-06
  3   3    10.0000    33.5000    0.9757  329.7    290.6   10.4     9.8220     0.4715    -0.052    -0.0025   0.03  340.0 0.741E-07
  4  13    10.0000    33.0000    1.1328  977.6   1244.6   33.2    10.5027     0.5041    12.204     0.5858   0.05  300.0 0.157E-06
  5   5    10.0000    33.5000    0.9757  329.7    290.6   10.4     9.8220     0.4715    -0.052    -0.0025   0.03  340.0 0.145E-07
  6  14    10.0000    33.0000    1.1328  977.6   1244.6   33.2    10.5027     0.5041    12.204     0.5858   0.05  300.0 0.801E-07
  7   7    10.0000    33.5000    0.9757  329.7    290.6   10.4     9.8220     0.4715    -0.052    -0.0025   0.03  340.0 0.113E-06
  8  15    10.0000    33.0000    1.1328  977.6   1244.6   33.2    10.5027     0.5041    12.204     0.5858   0.05  300.0 0.507E-06

SYSTEMBOUNDARIES
Attachments
-----------
 Type                 Nr.   Pipe       Mass flow
                             Nr.       [g/cycle]
 SYSTEMBOUNDARY        1     17          1.8854
 SYSTEMBOUNDARY        2     16          2.0162

CYLINDERS: Average Values
-------------------------
                               Total
                              Engine         Cyl.   1       Cyl.   2       Cyl.   3       Cyl.   4
Firing TDC [deg]                                  0.00         540.00         180.00         360.00
Bore [mm]                                        86.00          86.00          86.00          86.00
Stroke [mm]                                      86.00          86.00          86.00          86.00
Conrodl. [mm]                                   143.50         143.50         143.50         143.50
Piston pin offset [mm]                            0.00           0.00           0.00           0.00
Swept Vol. [l]                   1.9982         0.4996         0.4996         0.4996         0.4996
Compression ratio [-]                            10.50          10.50          10.50          10.50
Dyn. Comp. ratio [-]                              8.01           8.01           8.01           8.01

Combustion Data:
----------------
Combustion Char.                               2Z-Vibe        2Z-Vibe        2Z-Vibe        2Z-Vibe     
Comb.start [deg]                                 -3.00          -3.00          -3.00          -3.00
Comb.dur.1 [deg]                                 50.00          50.00          50.00          50.00
Peak Fir.Pres. [bar]              45.36          45.36          45.36          45.36          45.36
at Crankangle [deg]               20.71          20.71          20.71          20.71          20.71
Peak Pres.Rise[bar/deg]            1.68           1.68           1.68           1.68           1.68
at Crankangle [deg]                8.80           8.80           8.80           8.80           8.80
Peak Fir. Temp. [K]             2459.05        2459.05        2459.05        2459.06        2459.05
at Crankangle [deg]               31.12          31.12          31.12          31.12          31.12
Peak T_burned [K]               2632.74        2632.74        2632.74        2632.74        2632.74
at Crankangle [deg]               16.64          16.64          16.64          16.64          16.64
Res. Gascompr. [bar]               1.24           1.24           1.24           1.24           1.24
at Crankangle [deg]              325.84         325.84         325.84         325.84         325.84
Evaporation Energy [kJ]         -0.0382        -0.0096        -0.0096        -0.0096        -0.0096
Required O.N. [-]                 86.52          86.52          86.52          86.52          86.52
Knock Intensity [-]               -1.00           0.00           0.00           0.00           0.00

Emissions (Classic Species Transport):
--------------------------------------
NOx: Calculated based on MTZ 34 1973 (12).
CO:  Calculated based on SAE 2002-01-0006.
HC:  Calculated based on SAE 2002-01-0006.
NOX   [g/kWh]                  6.312007       6.312076       6.312056       6.311896       6.312000
NOX   [g/h]                  257.188237      64.297933      64.297472      64.295799      64.297033
NOX   [ppm]                     1646.83        1646.85        1646.84        1646.79        1646.82
CO    [g/kWh]                  0.452932       0.452893       0.452916       0.452991       0.452928
CO    [g/h]                   18.455108       4.613392       4.613610       4.614370       4.613736
CO    [ppm]                      126.59         126.58         126.59         126.61         126.59
HC    [g/kWh]                  0.661565       0.661545       0.661556       0.661597       0.661561
HC    [g/h]                   26.956027       6.738821       6.738910       6.739326       6.738970
HC    [ppm]                      123.31         123.31         123.31         123.32         123.31

Performance:
------------
IMEP [bar]                      10.8591        10.8591        10.8591        10.8591        10.8591
Rel. to Ave. [-]                                1.0000         1.0000         1.0000         1.0000
IMEP Exh. [bar]                 -0.9882        -0.9882        -0.9882        -0.9882        -0.9882
IMEP Int. [bar]                  0.9155         0.9155         0.9155         0.9155         0.9155
IMEP Gasex. [bar]               -0.0727        -0.0727        -0.0727        -0.0727        -0.0727
IMEP HP [bar]                   10.9318        10.9318        10.9318        10.9318        10.9318
FMEP [bar]                       1.0714         1.0714         1.0714         1.0714         1.0714
BMEP [bar]                       9.7877         9.7877         9.7877         9.7877         9.7877
AMEP;SMEP [bar]                  0.0000         0.0000         0.0000         0.0000         0.0000
ISFC [g/kWh]                   215.8185       215.8182       215.8187       215.8190       215.8181
Rel. to Ave. [-]                                1.0000         1.0000         1.0000         1.0000
ISFC (tr.f.) [g/kWh]           215.8185       215.8182       215.8187       215.8190       215.8181
BSFC [g/kWh]                   239.4435       239.4431       239.4438       239.4441       239.4431
Indicated Eff. [-]               0.3835         0.3835         0.3835         0.3835         0.3835
Iso vol. comb. Eff [-]           0.9161         0.9161         0.9161         0.9161         0.9161
Polytropic Coeff. [-]                           1.2819         1.2819         1.2819         1.2819

Fuel Mass Balance:
------------------
Inj. Fuelmass [g]              0.130079       0.032520       0.032520       0.032520       0.032520
Asp.Trap. Fuelmass [g]         0.000005       0.000001       0.000001       0.000001       0.000001
Fuelmassfl.(A+I) [g/s]         2.710093       0.677524       0.677523       0.677524       0.677523
Fuelmass tot.trap. [g]         0.130084       0.032521       0.032521       0.032521       0.032521
Trapped Fuelm.fl.[g/s]         2.710093       0.677524       0.677523       0.677524       0.677523
Trapp. Eff. Fuel [-]             1.0000         1.0000         1.0000         1.0000         1.0000

Energy Balance Cylinder:
------------------------
Fuel Energy [kJ]                5.65898        1.41474        1.41474        1.41475        1.41474
Released Energy [kJ]            5.48585        1.37146        1.37146        1.37146        1.37146
-> Brake Power     [%]           35.652         35.652         35.652         35.652         35.652
-> Loss: Friction  [%]            3.903          3.903          3.903          3.903          3.903
-> Loss: Piston    [%]            4.472          4.472          4.472          4.472          4.472
-> Loss: Head      [%]            5.666          5.666          5.666          5.666          5.666
-> Loss: Liner     [%]            5.594          5.594          5.594          5.594          5.594
-> Loss: Int. Port [%]            0.052          0.052          0.052          0.052          0.052
-> Loss: Exh. Port [%]            0.566          0.566          0.566          0.566          0.566
-> Loss: Exh. Gas  [%]           44.502         44.502         44.502         44.503         44.502
Eff. Rel. Energy [kJ]           5.47932        1.36983        1.36983        1.36983        1.36983
Gross Rel. Energy [kJ]          5.48585        1.37146        1.37146        1.37146        1.37146
Eff.Gross Rel.Ener.[kJ]         5.47932        1.36983        1.36983        1.36983        1.36983
Energy Balance [-]               0.9989         0.9989         0.9989         0.9989         0.9989
Eff. Energy Balance [-]          0.9977         0.9978         0.9977         0.9977         0.9978

Blowby:
-------
Blowbymass [g]                 0.000000       0.000000       0.000000       0.000000       0.000000
Blowbymassfl. [g/s]            0.000000       0.000000       0.000000       0.000000       0.000000
Blowby Heat Flow [kJ]          0.000000       0.000000       0.000000       0.000000       0.000000

Reference Values at Start of High Pressure:
-------------------------------------------
Pressure at SHP[bar]             1.4031         1.4031         1.4031         1.4031         1.4031
Temperature [K]                  404.24         404.23         404.24         404.24         404.24
Air Massfl.  [g/s]            39.294874       9.823726       9.823718       9.823707       9.823723
Fuel Massfl. [g/s]             2.710093       0.677524       0.677523       0.677524       0.677523
Trapp. Eff. Air [-]              1.0000         1.0000         1.0000         1.0000         1.0000
Trapp. Eff.Fuel [-]              1.0000         1.0000         1.0000         1.0000         1.0000
A/F-Ratio (Cmb.) [-]              14.53          14.53          14.53          14.53          14.53
Excess Air Ratio [-]             1.0023         1.0023         1.0023         1.0023         1.0023

Reference Values at Start Of Combustion:
----------------------------------------
Pressure [bar]                  21.1016        21.1015        21.1016        21.1016        21.1017
Temperature [K]                  753.49         753.49         753.49         753.49         753.49

Residual Gas:
-------------
Res.gas content [-]              0.0749         0.0749         0.0749         0.0749         0.0749
External EGR [-]                -0.0000        -0.0000        -0.0000        -0.0000        -0.0000
Internal EGR [-]                 0.0749         0.0749         0.0749         0.0749         0.0749
Com.Prod.Mass. at EO [g]       2.168944       0.542237       0.542236       0.542235       0.542236
Res.gas mass at SHP [g]        0.154512       0.038628       0.038628       0.038628       0.038628
Res.gas aspirated IN [g]      -0.000052      -0.000013      -0.000013      -0.000013      -0.000013
Res.gas from intake [g]        0.059464       0.014866       0.014866       0.014866       0.014866
Rel. to Total [-]                0.3848         0.3848         0.3848         0.3849         0.3848
Res.gas flow EX [g]            2.014404       0.503602       0.503601       0.503601       0.503601
Res.gas from exhaust [g]       0.071934       0.017983       0.017983       0.017984       0.017983
Rel. to Total [-]                0.4656         0.4656         0.4656         0.4656         0.4656

Gas Exchange:
-------------
Volumetric Eff. [-]              0.8076         0.8076         0.8076         0.8076         0.8076
Rel. to Ave. [-]                                1.0000         1.0000         1.0000         1.0000
Total Mass at SHP[g]             2.0641         0.5160         0.5160         0.5160         0.5160
Mass Delivered [g]              1.88598        0.47150        0.47149        0.47149        0.47150
Mass Delivered [g/s]           39.29125        9.82282        9.82281        9.82281        9.82282
Delivery Ratio [-]               0.8075         0.8075         0.8075         0.8075         0.8075
Rel. to Ave. [-]                                1.0000         1.0000         1.0000         1.0000
Av.Airmass at SHP[g]             1.8862         0.4715         0.4715         0.4715         0.4715
Air Delivered [g]               1.88615        0.47154        0.47154        0.47154        0.47154
Air Delivered [g/s]            39.29487        9.82373        9.82372        9.82371        9.82372
Airdeliveryratio [-]             0.8076         0.8076         0.8076         0.8076         0.8076
Rel. to Ave. [-]                                1.0000         1.0000         1.0000         1.0000
Airmass Trapped [g]             1.88615        0.47154        0.47154        0.47154        0.47154
Airmass Trapped [g/s]          39.29487        9.82373        9.82372        9.82371        9.82372
Trapp. Eff. Air [-]              1.0000         1.0000         1.0000         1.0000         1.0000
Rel. to Ave. [-]                                1.0000         1.0000         1.0000         1.0000
Airpurity [-]                    0.9138         0.9138         0.9138         0.9138         0.9138
Dyn. Swirl [-]                   0.0000         0.0000         0.0000         0.0000         0.0000
Dyn. Tumble [-]                  0.0000         0.0000         0.0000         0.0000         0.0000

Wall Heatlosses:
----------------
Piston [kJ]                     -0.2453        -0.0613        -0.0613        -0.0613        -0.0613
Piston Temperature [K]                          525.00         525.00         525.00         525.00
Cylinderhead [kJ]              -0.31083       -0.07771       -0.07771       -0.07771       -0.07771
Head Temperature [K]                            545.00         545.00         545.00         545.00
Cylinderliner [kJ]             -0.30688       -0.07672       -0.07672       -0.07672       -0.07672
LinerTDC Temperature [K]                        437.00         437.00         437.00         437.00
LinerBDC Temperature [K]                        432.00         432.00         432.00         432.00
Sum of Wallheat [kJ]           -0.86303       -0.21576       -0.21576       -0.21576       -0.21576
Wall Heatlosses in High Pressure Phase:
Piston HP [kJ]                 -0.21086       -0.05271       -0.05271       -0.05271       -0.05271
Cylinderhead HP [kJ]           -0.26915       -0.06729       -0.06729       -0.06729       -0.06729
Cylinderliner HP [kJ]          -0.17773       -0.04443       -0.04443       -0.04443       -0.04443
Sum of Wallheat HP [kJ]        -0.65773       -0.16443       -0.16443       -0.16443       -0.16443
Wall Heatlosses Related to Heatinput:
Piston [-]                      -0.0434        -0.0434        -0.0434        -0.0434        -0.0434
Cylinderhead [-]                -0.0549        -0.0549        -0.0549        -0.0549        -0.0549
Cylinderliner [-]               -0.0542        -0.0542        -0.0542        -0.0542        -0.0542
Sum of Wallheat [-]             -0.1525        -0.1525        -0.1525        -0.1525        -0.1525
M. Eff. HTC [W/m2/K]             277.02         277.02         277.02         277.02         277.02
M. Eff. Temp. [K]               1316.79        1316.79        1316.79        1316.79        1316.79

Reference Values at EO:
-----------------------
Pressure [bar]                     5.33           5.33           5.33           5.33           5.33
Temperature [K]                 1673.51        1673.51        1673.51        1673.51        1673.51
A/F-Ratio [-]                     14.50          14.50          14.50          14.50          14.50
Com.Prod.Conc. [-]              0.99918        0.99918        0.99918        0.99918        0.99918
Fuel Concentr. [-]             0.000053       0.000053       0.000053       0.000053       0.000053

Average Values of Pipeattachements:
-----------------------------------
 Attached Pipe                                       1              3              5              7
Vlv/Prt.Op.Clr.0mm[deg]                         340.00         340.00         340.00         340.00
Vlv/Prt.Op.Eff.0mm[deg]                         340.00         340.00         340.00         340.00
Vlv/Prt.Op.Eff.1mm[deg]                         362.50         362.50         362.50         362.50
Vlv/Prt.Op.Udef.mm[deg]                         340.00         340.00         340.00         340.00
Vlv/Prt.Cl.Clr.0mm[deg]                         610.00         610.00         610.00         610.00
Vlv/Prt.Cl.Eff.0mm[deg]                         610.00         610.00         610.00         610.00
Vlv/Prt.Cl.Eff.1mm[deg]                         577.52         577.52         577.53         577.53
Vlv/Prt.Cl.Udef.mm[deg]                         610.00         610.00         610.00         610.00
Cam Phasing [deg]                                 0.00           0.00           0.00           0.00
Massflow [g/cycle]                            0.471495       0.471495       0.471495       0.471495
Wallheat [kJ/cycle]                          -0.000710      -0.000710      -0.000710      -0.000710
rel.to Heatinp.[-]                             -0.0005        -0.0005        -0.0005        -0.0005
 Attached Pipe                                       2              4              6              8
Vlv/Prt.Op.Clr.0mm[deg]                         130.00         130.00         130.00         130.00
Vlv/Prt.Op.Eff.0mm[deg]                         130.00         130.00         130.00         130.00
Vlv/Prt.Op.Eff.1mm[deg]                         150.84         150.84         150.84         150.84
Vlv/Prt.Op.Udef.mm[deg]                         130.00         130.00         130.00         130.00
Vlv/Prt.Cl.Clr.0mm[deg]                         390.00         390.00         390.00         390.00
Vlv/Prt.Cl.Eff.0mm[deg]                         390.00         390.00         390.00         390.00
Vlv/Prt.Cl.Eff.1mm[deg]                         356.00         356.00         356.00         356.00
Vlv/Prt.Cl.Udef.mm[deg]                         390.00         390.00         390.00         390.00
Cam Phasing [deg]                                 0.00           0.00           0.00           0.00
Massflow [g/cycle]                            0.504016       0.504015       0.504014       0.504015
Wallheat [kJ/cycle]                          -0.007767      -0.007767      -0.007767      -0.007767
rel.to Heatinp.[-]                             -0.0055        -0.0055        -0.0055        -0.0055

FLOWRESTRICTIONS: Average Values
--------------------------------
 Flr. Att.Pi.  Massflow  Att.Pi.  Massflow
  nr.  number [g/cycle]   number [g/cycle]
    1       2    0.5040       12    0.5042
    2       1    0.4715       18    0.4713
    3       4    0.5040       13    0.5042
    4       3    0.4715        9    0.4713
    5       6    0.5040       14    0.5042
    6       5    0.4715       10    0.4713
    7       8    0.5040       15    0.5042
    8       7    0.4715       11    0.4713

JUNCTIONS: Average Values
-------------------------
Junction   1: Attached pipe   9:     -0.4713 g/cycle
              Attached pipe  10:     -0.4713 g/cycle
              Attached pipe  11:     -0.4713 g/cycle
              Attached pipe  17:     -1.8854 g/cycle
              Attached pipe  18:     -0.4713 g/cycle
Junction   2: Attached pipe  12:     -0.5042 g/cycle
              Attached pipe  13:     -0.5042 g/cycle
              Attached pipe  14:     -0.5042 g/cycle
              Attached pipe  15:     -0.5042 g/cycle
              Attached pipe  16:     -2.0163 g/cycle

OVERALL ENGINE PERFORMANCE:
===========================

Indicated Torque          :    172.67 Nm                    Indicated Specific Torque :     86.41 Nm/l
Indicated Power           :     45.21 kW,        61.46 PS   Indicated Specific Power  :     22.62 kW/l,      30.76 PS/l
Friction Torque           :     17.04 Nm                    Friction Power            :      4.46 kW
Effective Torque          :    155.64 Nm                    Effective Specific Torque :     77.89 Nm/l
Effective Power           :     40.75 kW,        55.40 PS   Effective Specific Power  :     20.39 kW/l,      27.72 PS/l

Required time for reading the inputfile and initialisation:       0.08 min
Required time for the calculation: .........................      0.45 min
Required time for writing the outputfile: ..................      0.00 min
Required total time: .......................................      0.53 min
Required total CPU-time: ...................................     17.61 sec
