 --------------------------------
 AVL - B O O S T
 Version:        v2022.1.0.0.0
 Build:          Apr 27 2022 22:44:48
 Git Build Hash: 7670062eda46b95e13935a621f250d93513addf7
 System:         x86_64-unknown-winnt_i19v19
 --------------------------------

LICENSE
-------
 sys_1DCFD_solver 2022.0@ License will expire in 217 days

PROJECT
-------
 Preprocessor Version :  2022.1
 Calculation date     : 15.10.2025
 File     : single500_GDi.bst
 Case Set : "Case Set 1"
 Case     : "5k"
 
 Project ID: "4-Cylinder"
 Run ID:     "WOT"
 Model date: "7.3.2000"

ELEMENTS
--------
 Element Name        Number

 PIPE                  20
 SYSTEMBOUNDARY         2
 PLENUM                 1
 CYLINDER               4
 RESTRICTION            8
 MEASURINGPOINT         8
 JUNCTION               3
 ENGINE                 1
 PIPE_END              40
 ALL_PIPES             20
 ALL_PLENUMS            1
 ALL_BOUNDARIES         2
 RESTRICTIONS           8
 ALL_PIDS               1
 PIPE_VAR_WALL_TEMP    20

GLOBAL DATA
-----------
  Engine Speed :         5000.0  rpm
  Calculationmode:        BOOST  Single
  Cycle Duration:        720.00  degrees
  Max. calc. period:   14400.00  degrees
  Cycles calculated:         20  cycles
  Calc. time steps:     1.28380  degrees (max)
                        0.79639  degrees
                        0.02655  ms
  Traces results step:  5.00000  degrees
  User concentrations:        0
  Ref. pressure:      100000.00  Pa
  Ref. temperature:     298.000  K
  Gas properties:      Variable
  Gasproperties File:     GASOLINE.BGP
     bgp_build_version:   v2013.0.0.0.0
     bgp_build_host:      boosthost
     bgp_build_user:      boost
     bgp_build_date:      2012.03.23
     bgp_build_time:      08:00:00
  Lower calorific:  0.43500E+08  J/kg
  Stoic. A/F-ratio:      14.500

  Warnings:                   4
  Convergence errors:       162

PIPES
-----

 Total number of pipe cells:    106

 Pipe   Cells   Cell size       W.Heat     Wall T    Fric. coeff.   Lam. Fric. Coeff.  Heat Factor       Volume
  nr.                [mm]         [kJ]        [K]             [-]                 [-]          [-]        [dm3]
    1       2        40.0        0.001     340.00        0.040000           64.000000     1.000000     0.070513
    2       2        30.0       -0.007     850.00        0.040000           64.000000     1.000000     0.048255
    3       2        40.0        0.001     340.00        0.040000           64.000000     1.000000     0.070513
    4       2        30.0       -0.007     850.00        0.040000           64.000000     1.000000     0.048255
    5       2        40.0        0.001     340.00        0.040000           64.000000     1.000000     0.070513
    6       2        30.0       -0.007     850.00        0.040000           64.000000     1.000000     0.048255
    7       2        40.0        0.001     340.00        0.040000           64.000000     1.000000     0.070513
    8       2        30.0       -0.007     850.00        0.040000           64.000000     1.000000     0.048255
    9       7        31.4       -0.096     300.00        0.019000           64.000000     1.000000     0.249505
   10       7        31.4       -0.096     300.00        0.019000           64.000000     1.000000     0.249505
   11       7        31.4       -0.096     300.00        0.019000           64.000000     1.000000     0.249505
   12       7        31.4       -0.096     300.00        0.019000           64.000000     1.000000     0.249505
   13       8        31.2       -0.171     300.00        0.019000           64.000000     1.000000     0.314159
   14       8        31.2       -0.171     300.00        0.019000           64.000000     1.000000     0.314159
   15      10        31.3       -0.221     300.00        0.019000           64.000000     1.000000     0.433089
   16       4        32.4        0.000     300.00        0.019000           64.000000     1.000000     0.429721
   17       8        30.0        0.001     300.00        0.019000           64.000000     1.000000     0.217901
   18       8        30.0        0.001     300.00        0.019000           64.000000     1.000000     0.217901
   19       8        30.0        0.001     300.00        0.019000           64.000000     1.000000     0.217901
   20       8        30.0        0.001     300.00        0.019000           64.000000     1.000000     0.217901


MEASURINGPOINTS: Average Values
-------------------------------
 Mp. Pipe Location   Diameter  Pressure  Temp. Ms.Temp.  Velo.   Massflow   Massflow To.Ent.f.  To.Ent.f.  Mach. Wtemp.  Converg.
 nr.  nr.     [mm]       [mm]     [bar]    [K]      [K]  [m/s]      [g/s]  [g/cycle]    [kJ/s]  [kJ/cyc.]    [-]    [K]       [-]
  1   1    10.0000    33.5000    0.9771  296.1    287.0   28.2    26.6031     0.6385    -0.093    -0.0022   0.08  340.0 0.145E-07
  2  11    10.0000    38.0000    1.2279 1032.7   1286.3   67.2    28.4330     0.6824    35.454     0.8509   0.10  300.0 0.314E-06
  3   3    10.0000    33.5000    0.9771  296.1    287.0   28.2    26.6034     0.6385    -0.093    -0.0022   0.08  340.0 0.106E-06
  4   9    10.0000    38.0000    1.2279 1032.7   1286.3   67.2    28.4327     0.6824    35.454     0.8509   0.10  300.0 0.191E-06
  5   5    10.0000    33.5000    0.9771  296.1    287.0   28.2    26.6037     0.6385    -0.093    -0.0022   0.08  340.0 0.328E-06
  6  10    10.0000    38.0000    1.2280 1032.7   1286.3   67.2    28.4333     0.6824    35.457     0.8510   0.10  300.0 0.168E-05
  7   7    10.0000    33.5000    0.9771  296.1    287.0   28.2    26.6042     0.6385    -0.093    -0.0022   0.08  340.0 0.277E-06
  8  12    10.0000    38.0000    1.2279 1032.7   1286.3   67.2    28.4329     0.6824    35.454     0.8509   0.10  300.0 0.648E-06

SYSTEMBOUNDARIES
Attachments
-----------
 Type                 Nr.   Pipe       Mass flow
                             Nr.       [g/cycle]
 SYSTEMBOUNDARY        1     16          2.5535
 SYSTEMBOUNDARY        2     15          2.7287

PLENUMS: Average Values
-----------------------
                   Pl. Pressure   Temp.      Mass Wallheat
                   nr.    [bar]     [K]       [g]     [kJ]
 PLENUM             1    0.9934  294.14     2.352    0.000
                                          Attached pipe  16:      2.5535 g/cycle
                                          Attached pipe  17:      0.6384 g/cycle
                                          Attached pipe  18:      0.6384 g/cycle
                                          Attached pipe  19:      0.6384 g/cycle
                                          Attached pipe  20:      0.6384 g/cycle

PLENUMS
Attachments
-----------
 Type                 Nr.   Pipe       Mass flow
                             Nr.       [g/cycle]
 PLENUM                1     16          2.5535
 PLENUM                1     17          0.6384
 PLENUM                1     18          0.6384
 PLENUM                1     19          0.6384
 PLENUM                1     20          0.6384

CYLINDERS: Average Values
-------------------------
                               Total
                              Engine         Cyl.   1       Cyl.   2       Cyl.   3       Cyl.   4
Firing TDC [deg]                                  0.00         540.00         180.00         360.00
Bore [mm]                                        86.00          86.00          86.00          86.00
Stroke [mm]                                      86.00          86.00          86.00          86.00
Conrodl. [mm]                                   143.50         143.50         143.50         143.50
Piston pin offset [mm]                            0.00           0.00           0.00           0.00
Swept Vol. [l]                   1.9982         0.4996         0.4996         0.4996         0.4996
Compression ratio [-]                            10.50          10.50          10.50          10.50
Dyn. Comp. ratio [-]                              7.96           7.96           7.96           7.96

Combustion Data:
----------------
Combustion Char.                               2Z-Vibe        2Z-Vibe        2Z-Vibe        2Z-Vibe     
Comb.start [deg]                                 -8.00          -8.00          -8.00          -8.00
Comb.dur.1 [deg]                                 50.00          50.00          50.00          50.00
Peak Fir.Pres. [bar]              69.32          69.32          69.32          69.32          69.32
at Crankangle [deg]               16.35          16.35          16.35          16.35          16.35
Peak Pres.Rise[bar/deg]            2.88           2.88           2.88           2.88           2.88
at Crankangle [deg]                4.33           4.33           4.33           4.33           4.33
Peak Fir. Temp. [K]             2597.24        2597.23        2597.25        2597.25        2597.22
at Crankangle [deg]               26.20          26.20          26.20          26.20          26.20
Peak T_burned [K]               2755.19        2755.19        2755.20        2755.19        2755.18
at Crankangle [deg]               13.15          13.15          13.15          13.15          13.15
Res. Gascompr. [bar]               1.17           1.17           1.17           1.17           1.17
at Crankangle [deg]              309.99         309.99         309.98         309.99         309.98
Evaporation Energy [kJ]         -0.0517        -0.0129        -0.0129        -0.0129        -0.0129
Required O.N. [-]                 87.29          87.29          87.29          87.29          87.29
Knock Intensity [-]               -1.00           0.00           0.00           0.00           0.00

Emissions (Classic Species Transport):
--------------------------------------
NOx: Calculated based on MTZ 34 1973 (12).
CO:  Calculated based on SAE 2002-01-0006.
HC:  Calculated based on SAE 2002-01-0006.
NOX   [g/kWh]                 10.264519      10.265521      10.264272      10.262457      10.265828
NOX   [g/h]                 1138.701439     284.707870     284.666539     284.614042     284.712988
NOX   [ppm]                     2687.85        2688.20        2687.78        2687.27        2688.16
CO    [g/kWh]                  0.882940       0.882256       0.883082       0.884481       0.881940
CO    [g/h]                   97.949516      24.468811      24.491151      24.529781      24.459773
CO    [ppm]                      247.68         247.49         247.72         248.11         247.39
HC    [g/kWh]                  0.420023       0.419946       0.419917       0.420295       0.419935
HC    [g/h]                   46.595549      11.646932      11.645858      11.656262      11.646498
HC    [ppm]                       78.58          78.57          78.56          78.63          78.56

Performance:
------------
IMEP [bar]                      15.1812        15.1814        15.1811        15.1810        15.1813
Rel. to Ave. [-]                                1.0000         1.0000         1.0000         1.0000
IMEP Exh. [bar]                 -1.1889        -1.1889        -1.1889        -1.1890        -1.1889
IMEP Int. [bar]                  0.8189         0.8189         0.8189         0.8189         0.8189
IMEP Gasex. [bar]               -0.3700        -0.3700        -0.3700        -0.3701        -0.3700
IMEP HP [bar]                   15.5513        15.5514        15.5512        15.5511        15.5513
FMEP [bar]                       1.8571         1.8571         1.8571         1.8571         1.8571
BMEP [bar]                      13.3241        13.3243        13.3240        13.3239        13.3241
AMEP;SMEP [bar]                  0.0000         0.0000         0.0000         0.0000         0.0000
ISFC [g/kWh]                   208.8523       208.8543       208.8546       208.8538       208.8466
Rel. to Ave. [-]                                1.0000         1.0000         1.0000         1.0000
ISFC (tr.f.) [g/kWh]           208.8523       208.8543       208.8546       208.8538       208.8466
BSFC [g/kWh]                   237.9627       237.9644       237.9655       237.9648       237.9560
Indicated Eff. [-]               0.3963         0.3963         0.3962         0.3963         0.3963
Iso vol. comb. Eff [-]           0.9464         0.9464         0.9464         0.9464         0.9464
Polytropic Coeff. [-]                           1.2880         1.2880         1.2880         1.2880

Fuel Mass Balance:
------------------
Inj. Fuelmass [g]              0.175990       0.043999       0.043998       0.043997       0.043997
Asp.Trap. Fuelmass [g]         0.000000       0.000000       0.000000       0.000000       0.000000
Fuelmassfl.(A+I) [g/s]         7.332931       1.833276       1.833242       1.833223       1.833190
Fuelmass tot.trap. [g]         0.175990       0.043999       0.043998       0.043997       0.043997
Trapped Fuelm.fl.[g/s]         7.332931       1.833276       1.833242       1.833223       1.833190
Trapp. Eff. Fuel [-]             1.0000         1.0000         1.0000         1.0000         1.0000

Energy Balance Cylinder:
------------------------
Fuel Energy [kJ]                7.65653        1.91412        1.91416        1.91414        1.91411
Released Energy [kJ]            7.42500        1.85624        1.85627        1.85626        1.85623
-> Brake Power     [%]           35.858         35.859         35.857         35.857         35.859
-> Loss: Friction  [%]            4.998          4.998          4.998          4.998          4.998
-> Loss: Piston    [%]            3.358          3.358          3.358          3.358          3.358
-> Loss: Head      [%]            4.047          4.047          4.047          4.047          4.047
-> Loss: Liner     [%]            4.428          4.428          4.428          4.428          4.428
-> Loss: Int. Port [%]           -0.022         -0.022         -0.022         -0.022         -0.022
-> Loss: Exh. Port [%]            0.350          0.350          0.350          0.350          0.350
-> Loss: Exh. Gas  [%]           47.420         47.420         47.419         47.421         47.421
Eff. Rel. Energy [kJ]           7.40814        1.85204        1.85204        1.85203        1.85203
Gross Rel. Energy [kJ]          7.42500        1.85624        1.85627        1.85626        1.85623
Eff.Gross Rel.Ener.[kJ]         7.40814        1.85204        1.85204        1.85203        1.85203
Energy Balance [-]               0.9989         0.9989         0.9989         0.9989         0.9989
Eff. Energy Balance [-]          0.9967         0.9967         0.9966         0.9966         0.9967

Blowby:
-------
Blowbymass [g]                 0.000000       0.000000       0.000000       0.000000       0.000000
Blowbymassfl. [g/s]            0.000000       0.000000       0.000000       0.000000       0.000000
Blowby Heat Flow [kJ]          0.000000       0.000000       0.000000       0.000000       0.000000

Reference Values at Start of High Pressure:
-------------------------------------------
Pressure at SHP[bar]             1.7670         1.7669         1.7670         1.7669         1.7670
Temperature [K]                  397.59         397.59         397.60         397.60         397.59
Air Massfl.  [g/s]           106.386123      26.596102      26.596332      26.596574      26.597115
Fuel Massfl. [g/s]             7.332931       1.833276       1.833242       1.833223       1.833190
Trapp. Eff. Air [-]              0.9994         0.9994         0.9994         0.9994         0.9994
Trapp. Eff.Fuel [-]              1.0000         1.0000         1.0000         1.0000         1.0000
A/F-Ratio (Cmb.) [-]              14.56          14.56          14.56          14.56          14.56
Excess Air Ratio [-]             1.0044         1.0043         1.0044         1.0044         1.0044

Reference Values at Start Of Combustion:
----------------------------------------
Pressure [bar]                  25.0951        25.0939        25.0960        25.0938        25.0968
Temperature [K]                  737.41         737.41         737.42         737.41         737.41

Residual Gas:
-------------
Res.gas content [-]              0.0191         0.0191         0.0191         0.0191         0.0191
External EGR [-]                 0.0000        -0.0000         0.0000         0.0000         0.0000
Internal EGR [-]                 0.0191         0.0191         0.0191         0.0191         0.0191
Com.Prod.Mass. at EO [g]       2.775782       0.693955       0.693940       0.693936       0.693951
Res.gas mass at SHP [g]        0.050280       0.012572       0.012571       0.012573       0.012564
Res.gas aspirated IN [g]       0.000000      -0.000000       0.000000       0.000000       0.000000
Res.gas from intake [g]        0.000000       0.000000       0.000000       0.000000       0.000000
Rel. to Total [-]                0.0000         0.0000         0.0000         0.0000         0.0000
Res.gas flow EX [g]            2.725663       0.681421       0.681413       0.681405       0.681424
Res.gas from exhaust [g]       0.003078       0.000770       0.000770       0.000770       0.000768
Rel. to Total [-]                0.0612         0.0612         0.0612         0.0613         0.0611

Gas Exchange:
-------------
Volumetric Eff. [-]              1.0926         1.0926         1.0926         1.0926         1.0926
Rel. to Ave. [-]                                1.0000         1.0000         1.0000         1.0000
Total Mass at SHP[g]             2.6340         0.6585         0.6585         0.6585         0.6585
Mass Delivered [g]              2.55327        0.63831        0.63831        0.63832        0.63833
Mass Delivered [g/s]          106.38613       26.59610       26.59633       26.59657       26.59712
Delivery Ratio [-]               1.0932         1.0932         1.0932         1.0932         1.0932
Rel. to Ave. [-]                                1.0000         1.0000         1.0000         1.0000
Av.Airmass at SHP[g]             2.5518         0.6380         0.6380         0.6380         0.6380
Air Delivered [g]               2.55327        0.63831        0.63831        0.63832        0.63833
Air Delivered [g/s]           106.38612       26.59610       26.59633       26.59657       26.59711
Airdeliveryratio [-]             1.0932         1.0932         1.0932         1.0932         1.0932
Rel. to Ave. [-]                                1.0000         1.0000         1.0000         1.0000
Airmass Trapped [g]             2.55184        0.63795        0.63796        0.63795        0.63798
Airmass Trapped [g/s]         106.32682       26.58138       26.58161       26.58139       26.58243
Trapp. Eff. Air [-]              0.9994         0.9994         0.9994         0.9994         0.9994
Rel. to Ave. [-]                                1.0000         1.0000         1.0000         1.0000
Airpurity [-]                    0.9688         0.9688         0.9688         0.9688         0.9688
Dyn. Swirl [-]                   0.0000         0.0000         0.0000         0.0000         0.0000
Dyn. Tumble [-]                  0.0000         0.0000         0.0000         0.0000         0.0000

Wall Heatlosses:
----------------
Piston [kJ]                     -0.2493        -0.0623        -0.0623        -0.0623        -0.0623
Piston Temperature [K]                          550.00         550.00         550.00         550.00
Cylinderhead [kJ]              -0.30048       -0.07512       -0.07512       -0.07512       -0.07512
Head Temperature [K]                            610.00         610.00         610.00         610.00
Cylinderliner [kJ]             -0.32880       -0.08220       -0.08220       -0.08220       -0.08220
LinerTDC Temperature [K]                        450.00         450.00         450.00         450.00
LinerBDC Temperature [K]                        445.00         445.00         445.00         445.00
Sum of Wallheat [kJ]           -0.87861       -0.21965       -0.21966       -0.21965       -0.21965
Wall Heatlosses in High Pressure Phase:
Piston HP [kJ]                 -0.21496       -0.05374       -0.05374       -0.05374       -0.05374
Cylinderhead HP [kJ]           -0.26511       -0.06628       -0.06628       -0.06628       -0.06628
Cylinderliner HP [kJ]          -0.17170       -0.04292       -0.04292       -0.04293       -0.04292
Sum of Wallheat HP [kJ]        -0.65176       -0.16294       -0.16294       -0.16294       -0.16294
Wall Heatlosses Related to Heatinput:
Piston [-]                      -0.0326        -0.0326        -0.0326        -0.0326        -0.0326
Cylinderhead [-]                -0.0393        -0.0392        -0.0393        -0.0393        -0.0393
Cylinderliner [-]               -0.0429        -0.0429        -0.0429        -0.0429        -0.0429
Sum of Wallheat [-]             -0.1148        -0.1148        -0.1148        -0.1148        -0.1148
M. Eff. HTC [W/m2/K]             542.24         542.24         542.24         542.24         542.25
M. Eff. Temp. [K]               1370.84        1370.85        1370.85        1370.85        1370.82

Reference Values at EO:
-----------------------
Pressure [bar]                     7.16           7.16           7.16           7.16           7.16
Temperature [K]                 1763.15        1763.14        1763.17        1763.16        1763.14
A/F-Ratio [-]                     14.50          14.50          14.50          14.50          14.50
Com.Prod.Conc. [-]              0.99921        0.99921        0.99921        0.99921        0.99921
Fuel Concentr. [-]             0.000052       0.000052       0.000052       0.000052       0.000052

Average Values of Pipeattachements:
-----------------------------------
 Attached Pipe                                       1              3              5              7
Vlv/Prt.Op.Clr.0mm[deg]                         340.00         340.00         340.00         340.00
Vlv/Prt.Op.Eff.0mm[deg]                         340.00         340.00         340.00         340.00
Vlv/Prt.Op.Eff.1mm[deg]                         362.50         362.50         362.50         362.50
Vlv/Prt.Op.Udef.mm[deg]                         340.00         340.00         340.00         340.00
Vlv/Prt.Cl.Clr.0mm[deg]                         610.00         610.00         610.00         610.00
Vlv/Prt.Cl.Eff.0mm[deg]                         610.00         610.00         610.00         610.00
Vlv/Prt.Cl.Eff.1mm[deg]                         577.53         577.53         577.53         577.53
Vlv/Prt.Cl.Udef.mm[deg]                         610.00         610.00         610.00         610.00
Cam Phasing [deg]                                 0.00           0.00           0.00           0.00
Massflow [g/cycle]                            0.638306       0.638312       0.638318       0.638331
Wallheat [kJ/cycle]                           0.000416       0.000416       0.000416       0.000416
rel.to Heatinp.[-]                              0.0002         0.0002         0.0002         0.0002
 Attached Pipe                                       2              4              6              8
Vlv/Prt.Op.Clr.0mm[deg]                         130.00         130.00         130.00         130.00
Vlv/Prt.Op.Eff.0mm[deg]                         130.00         130.00         130.00         130.00
Vlv/Prt.Op.Eff.1mm[deg]                         150.84         150.84         150.84         150.84
Vlv/Prt.Op.Udef.mm[deg]                         130.00         130.00         130.00         130.00
Vlv/Prt.Cl.Clr.0mm[deg]                         390.00         390.00         390.00         390.00
Vlv/Prt.Cl.Eff.0mm[deg]                         390.00         390.00         390.00         390.00
Vlv/Prt.Cl.Eff.1mm[deg]                         356.00         356.00         356.00         356.00
Vlv/Prt.Cl.Udef.mm[deg]                         390.00         390.00         390.00         390.00
Cam Phasing [deg]                                 0.00           0.00           0.00           0.00
Massflow [g/cycle]                            0.682323       0.682316       0.682307       0.682327
Wallheat [kJ/cycle]                          -0.006492      -0.006492      -0.006492      -0.006492
rel.to Heatinp.[-]                             -0.0034        -0.0034        -0.0034        -0.0034

FLOWRESTRICTIONS: Average Values
--------------------------------
 Flr. Att.Pi.  Massflow  Att.Pi.  Massflow
  nr.  number [g/cycle]   number [g/cycle]
    1       2    0.6823       11    0.6824
    2       1    0.6383       17    0.6384
    3       4    0.6823        9    0.6824
    4       3    0.6383       18    0.6384
    5       6    0.6823       10    0.6824
    6       5    0.6383       19    0.6384
    7       8    0.6823       12    0.6824
    8       7    0.6383       20    0.6384

JUNCTIONS: Average Values
-------------------------
Junction   1: Attached pipe   9:     -0.6824 g/cycle
              Attached pipe  10:     -0.6825 g/cycle
              Attached pipe  14:     -1.3643 g/cycle
Junction   2: Attached pipe  11:     -0.6825 g/cycle
              Attached pipe  12:     -0.6824 g/cycle
              Attached pipe  13:     -1.3642 g/cycle
Junction   3: Attached pipe  13:     -1.3642 g/cycle
              Attached pipe  14:     -1.3643 g/cycle
              Attached pipe  15:     -2.7287 g/cycle

OVERALL ENGINE PERFORMANCE:
===========================

Indicated Torque          :    241.40 Nm                    Indicated Specific Torque :    120.81 Nm/l
Indicated Power           :    126.40 kW,       171.85 PS   Indicated Specific Power  :     63.26 kW/l,      86.00 PS/l
Friction Torque           :     29.53 Nm                    Friction Power            :     15.46 kW
Effective Torque          :    211.87 Nm                    Effective Specific Torque :    106.03 Nm/l
Effective Power           :    110.94 kW,       150.83 PS   Effective Specific Power  :     55.52 kW/l,      75.48 PS/l

Required time for reading the inputfile and initialisation:       0.07 min
Required time for the calculation: .........................      0.12 min
Required time for writing the outputfile: ..................      0.00 min
Required total time: .......................................      0.19 min
Required total CPU-time: ...................................      5.78 sec
