 --------------------------------
 AVL - B O O S T
 Version:        v2022.1.0.0.0
 Build:          Apr 27 2022 22:44:48
 Git Build Hash: 7670062eda46b95e13935a621f250d93513addf7
 System:         x86_64-unknown-winnt_i19v19
 --------------------------------

LICENSE
-------
 sys_1DCFD_solver 2022.0@ License will expire in 216 days

PROJECT
-------
 Preprocessor Version :  2022.1
 Calculation date     : 16.10.2025
 File     : Nissan_vr38DETT_PFi_biturbo.bst
 Case Set : "Case Set 1"
 Case     : "Case 3500"
 
 Project ID: "4-Cylinder"
 Run ID:     "WOT"
 Model date: "7.3.2000"

ELEMENTS
--------
 Element Name        Number

 PIPE                  14
 SYSTEMBOUNDARY         2
 PLENUM                 1
 CYLINDER               3
 RESTRICTION            1
 MEASURINGPOINT         1
 AIRCOOLER              1
 CATALYST               1
 TURBOCHARGER           1
 JUNCTION               2
 ENGINE                 1
 MICROPHONE             1
 PIPE_END              32
 ASSEMBLED              2
 ALL_PIPES             16
 ALL_PLENUMS            5
 ALL_BOUNDARIES         2
 ALL_CHARGERS           1
 RESTRICTIONS           1
 ALL_PIDS               1
 PIPE_VAR_WALL_TEMP    16

GLOBAL DATA
-----------
  Engine Speed :         3500.0  rpm
  Calculationmode:        BOOST  Single
  Cycle Duration:        720.00  degrees
  Max. calc. period:   14400.00  degrees
  Cycles calculated:         20  cycles
  Calc. time steps:     0.93781  degrees (max)
                        0.78740  degrees
                        0.03750  ms
  Traces results step:  5.00000  degrees
  User concentrations:        0
  Ref. pressure:      100000.00  Pa
  Ref. temperature:     298.000  K
  Gas properties:      Variable
  Gasproperties File:     GASOLINE.BGP
     bgp_build_version:   v2013.0.0.0.0
     bgp_build_host:      boosthost
     bgp_build_user:      boost
     bgp_build_date:      2012.03.23
     bgp_build_time:      08:00:00
  Lower calorific:  0.43500E+08  J/kg
  Stoic. A/F-ratio:      14.500

  Warnings:                   0
  Convergence errors:       118

PIPES
-----

 Total number of pipe cells:    134

 Pipe   Cells   Cell size       W.Heat     Wall T    Fric. coeff.   Lam. Fric. Coeff.  Heat Factor       Volume
  nr.                [mm]         [kJ]        [K]             [-]                 [-]          [-]        [dm3]
    1       5        32.0       -0.009     850.00        0.040000           64.000000     1.000000     0.314159
    2       5        32.0       -0.009     850.00        0.040000           64.000000     1.000000     0.314159
    3       5        32.0       -0.009     850.00        0.040000           64.000000     1.000000     0.314159
    4      13        30.8       -0.001     300.00        0.019000           64.000000     1.000000     0.407150
    5      11        29.2       -0.000     300.00        0.019000           64.000000     1.000000     1.235353
    6       3        33.3       -0.029     300.00        0.019000           64.000000     1.000000     0.282743
    7       3        33.3       -0.046     300.00        0.019000           64.000000     1.000000     0.196350
    8       5        30.0       -0.046     300.00        0.019000           64.000000     1.000000     0.424115
    9      16        31.2       -0.008     300.00        0.019000           64.000000     1.000000     0.508938
   10      13        30.8       -0.107     300.00        0.019000           64.000000     1.000000     1.697167
   11      34        29.8       -0.287     300.00        0.019000           64.000000     1.000000     1.271717
   12       7        30.0       -0.000     300.00        0.019000           64.000000     1.000000     0.480946
   13       7        30.0       -0.000     300.00        0.019000           64.000000     1.000000     0.480946
   14       7        30.0       -0.000     300.00        0.019000           64.000000     1.000000     0.480946
   15      10        30.0       -0.030     303.15       46.626651      5064235.787684    63.721271     3.000000  COOLER_PIPE     1
   16      10        30.0        0.000     300.00        9.766610       332569.298663     0.000000     3.000000  CATALYST_PIPE     1


MEASURINGPOINTS: Average Values
-------------------------------
 Mp. Pipe Location   Diameter  Pressure  Temp. Ms.Temp.  Velo.   Massflow   Massflow To.Ent.f.  To.Ent.f.  Mach. Wtemp.  Converg.
 nr.  nr.     [mm]       [mm]     [bar]    [K]      [K]  [m/s]      [g/s]  [g/cycle]    [kJ/s]  [kJ/cyc.]    [-]    [K]       [-]
  1   4    20.0000    36.0000    1.6849  309.4    309.2   11.6    22.3721     0.7670     0.254     0.0087   0.03  300.0 0.264E-03

SYSTEMBOUNDARIES
Attachments
-----------
 Type                 Nr.   Pipe       Mass flow
                             Nr.       [g/cycle]
 SYSTEMBOUNDARY        1      5          0.5820
 SYSTEMBOUNDARY        2     11          0.9749

PLENUMS: Average Values
-----------------------
                   Pl. Pressure   Temp.      Mass Wallheat
                   nr.    [bar]     [K]       [g]     [kJ]
 PLENUM             1    1.6842  304.18     1.928    0.000
                                          Attached pipe   4:      0.7845 g/cycle
                                          Attached pipe  12:      0.2785 g/cycle
                                          Attached pipe  13:      0.2720 g/cycle
                                          Attached pipe  14:      0.2765 g/cycle
 AIRCOOLER          1    1.6894  360.66     0.816    0.000
                                          Attached pipe   9:      0.6053 g/cycle
                                          Attached pipe  15:      0.6217 g/cycle
 AIRCOOLER          1    1.6872  309.66     0.949    0.000
                                          Attached pipe   4:      0.7665 g/cycle
                                          Attached pipe  15:      0.7435 g/cycle
 CATALYST           1    1.0193 1059.67     0.050    0.000
                                          Attached pipe  10:      0.9732 g/cycle
                                          Attached pipe  16:      0.9736 g/cycle
 CATALYST           1    1.0118 1066.90     0.050    0.000
                                          Attached pipe  11:      0.9755 g/cycle
                                          Attached pipe  16:      0.9756 g/cycle

PLENUMS
Attachments
-----------
 Type                 Nr.   Pipe       Mass flow
                             Nr.       [g/cycle]
 PLENUM                1      4          0.7845
 PLENUM                1     12          0.2785
 PLENUM                1     13          0.2720
 PLENUM                1     14          0.2765
 AIRCOOLER             1      9          0.6053
 AIRCOOLER             1     15          0.6217
 AIRCOOLER             1      4          0.7665
 AIRCOOLER             1     15          0.7435
 CATALYST              1     10          0.9732
 CATALYST              1     16          0.9736
 CATALYST              1     11          0.9755
 CATALYST              1     16          0.9756

TURBOCHARGERS: Average Values
-----------------------------
                  Compressor                           Turbine                              Efficiencies        Calculation
TCh.    Work    Press.rat.  Boostpres.     Work  Press.rat. Dis.coeff. Turb./tot. VTG-pos Comp. Turb. mech. total      mode
nr.      [kJ]      [-]       [bar]         [kJ]      [-]      [-]        [-]      [-]    [-]    [-]    [-]    [-]
  1     0.0410     1.6863     1.6861     0.0254     1.0983     0.3000     1.0000 1.000    0.700 0.875 0.980 0.600  Boostpressure
  Attached pipe   5:      0.5858 g/cycle
  Attached pipe   9:      0.5858 g/cycle
  Attached pipe  10:      0.9717 g/cycle
  Attached pipe   8:      0.9717 g/cycle

CYLINDERS: Average Values
-------------------------
                               Total
                              Engine         Cyl.   1       Cyl.   2       Cyl.   3
Firing TDC [deg]                                  0.00         240.00         480.00
Bore [mm]                                        77.08          77.08          77.08
Stroke [mm]                                      71.37          71.37          71.37
Conrodl. [mm]                                   145.00         145.00         145.00
Piston pin offset [mm]                            0.00           0.00           0.00
Swept Vol. [l]                   0.9991         0.3330         0.3330         0.3330
Compression ratio [-]                             9.00           9.00           9.00
Dyn. Comp. ratio [-]                              6.17           6.17           6.17

Combustion Data:
----------------
Combustion Char.                               2Z-Vibe        2Z-Vibe        2Z-Vibe     
Comb.start [deg]                                -10.00         -10.00         -10.00
Comb.dur.1 [deg]                                 50.00          50.00          50.00
Comb. Noise [dB(A)]                85.8           86.2           85.6           85.5
Noise Index [kPa]                   0.1            0.0            0.3            0.1
Peak Fir.Pres. [bar]              45.90          46.06          46.08          45.54
at Crankangle [deg]               15.98          16.19          15.94          15.80
Peak Pres.Rise[bar/deg]            1.90           1.90           1.90           1.90
at Crankangle [deg]                3.25           3.27           3.27           3.20
Peak Fir. Temp. [K]             2567.45        2559.52        2566.73        2576.09
at Crankangle [deg]               24.37          24.28          24.47          24.35
Peak T_burned [K]               2715.97        2707.53        2714.38        2725.98
at Crankangle [deg]               11.49          11.32          11.26          11.88
Res. Gascompr. [bar]               1.04           1.02           1.00           1.12
at Crankangle [deg]              304.79         333.90         346.18         234.30
Evaporation Energy [kJ]         -0.0186        -0.0062        -0.0062        -0.0062
Required O.N. [-]                 71.51          71.32          71.25          71.51
Knock Intensity [-]               -1.00           0.00           0.00           0.00

Emissions (Classic Species Transport):
--------------------------------------
NOx: Calculated based on MTZ 34 1973 (12).
CO:  Calculated based on SAE 2002-01-0006.
HC:  Calculated based on SAE 2002-01-0006.
NOX   [g/kWh]                 10.448253      10.412665      10.295941      10.639463
NOX   [g/h]                  258.958788      87.241820      85.086465      86.630503
NOX   [ppm]                     2495.68        2556.60        2439.77        2491.96
CO    [g/kWh]                  1.280931       0.888557       1.609778       1.350919
CO    [g/h]                   31.747743       7.444717      13.303333      10.999693
CO    [ppm]                      327.76         233.71         408.64         338.95
HC    [g/kWh]                  0.719330       0.654284       0.756469       0.748566
HC    [g/h]                   17.828502       5.481879       6.251518       6.095106
HC    [ppm]                      122.75         114.77         128.07         125.26

Performance:
------------
IMEP [bar]                       9.6053         9.7256         9.6078         9.4825
Rel. to Ave. [-]                                1.0125         1.0003         0.9872
IMEP Exh. [bar]                 -0.9766        -0.9885        -0.9693        -0.9721
IMEP Int. [bar]                  0.5623         0.5656         0.5579         0.5633
IMEP Gasex. [bar]               -0.4144        -0.4229        -0.4114        -0.4088
IMEP HP [bar]                   10.0197        10.1484        10.0192         9.8913
FMEP [bar]                       1.1000         1.1000         1.1000         1.1000
BMEP [bar]                       8.5053         8.6256         8.5078         8.3825
AMEP;SMEP [bar]                  0.0000         0.0000         0.0000         0.0000
ISFC [g/kWh]                   237.0253       233.0286       237.1320       241.0163
Rel. to Ave. [-]                                0.9831         1.0005         1.0168
ISFC (tr.f.) [g/kWh]           237.0253       233.0286       237.1320       241.0163
BSFC [g/kWh]                   267.6800       262.7463       267.7915       272.6437
Indicated Eff. [-]               0.3492         0.3551         0.3490         0.3434
Iso vol. comb. Eff [-]           0.9604         0.9603         0.9604         0.9605
Polytropic Coeff. [-]                           1.2765         1.2779         1.2762

Fuel Mass Balance:
------------------
Inj. Fuelmass [g]              0.063182       0.020965       0.021076       0.021142
Asp.Trap. Fuelmass [g]         0.000003       0.000001       0.000001       0.000001
Fuelmassfl.(A+I) [g/s]         1.842894       0.611501       0.614736       0.616658
Fuelmass tot.trap. [g]         0.063185       0.020966       0.021077       0.021143
Trapped Fuelm.fl.[g/s]         1.842894       0.611501       0.614736       0.616658
Trapp. Eff. Fuel [-]             1.0000         1.0000         1.0000         1.0000

Energy Balance Cylinder:
------------------------
Fuel Energy [kJ]                2.74562        0.90872        0.91703        0.91987
Released Energy [kJ]            2.67070        0.88151        0.89003        0.89915
-> Brake Power     [%]           31.818         32.587         31.835         31.048
-> Loss: Friction  [%]            4.115          4.156          4.116          4.074
-> Loss: Piston    [%]            5.601          5.661          5.626          5.516
-> Loss: Head      [%]            6.908          6.983          6.939          6.803
-> Loss: Liner     [%]            4.315          4.382          4.347          4.219
-> Loss: Int. Port [%]            0.000          0.000          0.000          0.000
-> Loss: Exh. Port [%]            2.371          2.368          2.415          2.331
-> Loss: Exh. Gas  [%]           45.350         45.108         45.307         45.628
Eff. Rel. Energy [kJ]           2.62801        0.87949        0.88317        0.86534
Gross Rel. Energy [kJ]          2.67070        0.88151        0.89003        0.89915
Eff.Gross Rel.Ener.[kJ]         2.62801        0.87949        0.88317        0.86534
Energy Balance [-]               0.9987         0.9986         0.9987         0.9988
Eff. Energy Balance [-]          0.9827         0.9963         0.9910         0.9613

Blowby:
-------
Blowbymass [g]                 0.000000       0.000000       0.000000       0.000000
Blowbymassfl. [g/s]            0.000000       0.000000       0.000000       0.000000
Blowby Heat Flow [kJ]          0.000000       0.000000       0.000000       0.000000

Reference Values at Start of High Pressure:
-------------------------------------------
Pressure at SHP[bar]             1.5319         1.5082         1.5610         1.5267
Temperature [K]                  438.59         437.88         439.84         438.04
Air Massfl.  [g/s]            26.094541       8.550646       8.859473       8.684422
Fuel Massfl. [g/s]             1.842894       0.611501       0.614736       0.616658
Trapp. Eff. Air [-]              1.0000         1.0000         1.0000         1.0000
Trapp. Eff.Fuel [-]              1.0000         1.0000         1.0000         1.0000
A/F-Ratio (Cmb.) [-]              14.25          14.08          14.51          14.17
Excess Air Ratio [-]             0.9830         0.9709         1.0005         0.9775

Reference Values at Start Of Combustion:
----------------------------------------
Pressure [bar]                  14.9011        14.5451        15.2131        14.9451
Temperature [K]                  734.39         731.61         737.52         734.05

Residual Gas:
-------------
Res.gas content [-]              0.0482         0.0508         0.0464         0.0476
External EGR [-]                 0.0000         0.0000         0.0000         0.0000
Internal EGR [-]                 0.0482         0.0508         0.0464         0.0476
Com.Prod.Mass. at EO [g]       1.013648       0.340511       0.339481       0.333655
Res.gas mass at SHP [g]        0.046002       0.015923       0.014978       0.015101
Res.gas aspirated IN [g]       0.000000       0.000000       0.000000       0.000000
Res.gas from intake [g]        0.000000       0.000000       0.000000       0.000000
Rel. to Total [-]                0.0000         0.0000         0.0000         0.0000
Res.gas flow EX [g]            0.968313       0.324608       0.324539       0.319166
Res.gas from exhaust [g]       0.003604       0.001697       0.000909       0.000998
Rel. to Total [-]                0.0784         0.1066         0.0607         0.0661

Gas Exchange:
-------------
Volumetric Eff. [-]              0.7661         0.7531         0.7803         0.7649
Rel. to Ave. [-]                                0.9830         1.0185         0.9984
     Rel. To PL 1 [-]            0.4643         0.4564         0.4729         0.4636
Total Mass at SHP[g]             0.9535         0.3134         0.3230         0.3172
Mass Delivered [g]              0.89053        0.29315        0.29963        0.29774
Mass Delivered [g/s]           25.97372        8.55024        8.73935        8.68413
Delivery Ratio [-]               0.7626         0.7531         0.7698         0.7649
Rel. to Ave. [-]                                0.9876         1.0094         1.0030
     Rel. To PL 1 [-]            0.4622         0.4564         0.4665         0.4636
Av.Airmass at SHP[g]             0.8947         0.2932         0.3038         0.2978
Air Delivered [g]               0.89467        0.29317        0.30375        0.29775
Air Delivered [g/s]            26.09454        8.55065        8.85947        8.68442
Airdeliveryratio [-]             0.7661         0.7531         0.7803         0.7649
Rel. to Ave. [-]                                0.9830         1.0185         0.9984
     Rel. To PL 1 [-]            0.4643         0.4564         0.4729         0.4636
Airmass Trapped [g]             0.89467        0.29317        0.30375        0.29775
Airmass Trapped [g/s]          26.09454        8.55065        8.85947        8.68442
Trapp. Eff. Air [-]              1.0000         1.0000         1.0000         1.0000
Rel. to Ave. [-]                                1.0000         1.0000         1.0000
Airpurity [-]                    0.9383         0.9356         0.9404         0.9388
Dyn. Swirl [-]                   0.0000         0.0000         0.0000         0.0000
Dyn. Tumble [-]                  0.0000         0.0000         0.0000         0.0000

Wall Heatlosses:
----------------
Piston [kJ]                     -0.1496        -0.0499        -0.0501        -0.0496
Piston Temperature [K]                          540.00         540.00         540.00
Cylinderhead [kJ]              -0.18448       -0.06155       -0.06175       -0.06117
Head Temperature [K]                            585.00         585.00         585.00
Cylinderliner [kJ]             -0.11525       -0.03862       -0.03869       -0.03793
LinerTDC Temperature [K]                        445.00         445.00         445.00
LinerBDC Temperature [K]                        440.00         440.00         440.00
Sum of Wallheat [kJ]           -0.44930       -0.15008       -0.15052       -0.14870
Wall Heatlosses in High Pressure Phase:
Piston HP [kJ]                 -0.13290       -0.04424       -0.04447       -0.04418
Cylinderhead HP [kJ]           -0.16659       -0.05546       -0.05575       -0.05538
Cylinderliner HP [kJ]          -0.06823       -0.02279       -0.02284       -0.02261
Sum of Wallheat HP [kJ]        -0.36772       -0.12248       -0.12306       -0.12218
Wall Heatlosses Related to Heatinput:
Piston [-]                      -0.0544        -0.0547        -0.0546        -0.0539
Cylinderhead [-]                -0.0671        -0.0675        -0.0674        -0.0665
Cylinderliner [-]               -0.0419        -0.0424        -0.0422        -0.0412
Sum of Wallheat [-]             -0.1635        -0.1646        -0.1642        -0.1617
M. Eff. HTC [W/m2/K]             283.94         283.45         285.30         283.06
M. Eff. Temp. [K]               1417.82        1420.06        1417.38        1416.02

Reference Values at EO:
-----------------------
Pressure [bar]                     5.52           5.58           5.57           5.41
Temperature [K]                 1730.91        1737.64        1736.79        1718.29
A/F-Ratio [-]                     14.34          14.53          14.40          14.10
Com.Prod.Conc. [-]              0.99911        0.99906        0.99908        0.99918
Fuel Concentr. [-]             0.000061       0.000063       0.000062       0.000057

Average Values of Pipeattachements:
-----------------------------------
 Attached Pipe                                       1              2              3
Vlv/Prt.Op.Clr.0mm[deg]                         118.00         118.00         118.00
Vlv/Prt.Op.Eff.0mm[deg]                         118.00         118.00         118.00
Vlv/Prt.Op.Eff.1mm[deg]                         138.84         138.84         138.84
Vlv/Prt.Op.Udef.mm[deg]                         118.00         118.00         118.00
Vlv/Prt.Cl.Clr.0mm[deg]                         378.00         378.00         378.00
Vlv/Prt.Cl.Eff.0mm[deg]                         378.00         378.00         378.00
Vlv/Prt.Cl.Eff.1mm[deg]                         344.00         344.00         344.00
Vlv/Prt.Cl.Udef.mm[deg]                         378.00         378.00         378.00
Cam Phasing [deg]                                 0.00           0.00           0.00
Massflow [g/cycle]                            0.324913       0.324841       0.319431
Wallheat [kJ/cycle]                          -0.020873      -0.021493      -0.020956
rel.to Heatinp.[-]                             -0.0229        -0.0234        -0.0228
 Attached Pipe                                      13             12             14
Vlv/Prt.Op.Clr.0mm[deg]                         350.00         350.00         350.00
Vlv/Prt.Op.Eff.0mm[deg]                         350.00         350.00         350.00
Vlv/Prt.Op.Eff.1mm[deg]                         372.48         372.48         372.48
Vlv/Prt.Op.Udef.mm[deg]                         350.00         350.00         350.00
Vlv/Prt.Cl.Clr.0mm[deg]                         620.00         620.00         620.00
Vlv/Prt.Cl.Eff.0mm[deg]                         620.00         620.00         620.00
Vlv/Prt.Cl.Eff.1mm[deg]                         587.60         587.60         587.60
Vlv/Prt.Cl.Udef.mm[deg]                         620.00         620.00         620.00
Cam Phasing [deg]                                 0.00           0.00           0.00
Massflow [g/cycle]                            0.293151       0.299635       0.297742
Wallheat [kJ/cycle]                           0.000000       0.000000       0.000000
rel.to Heatinp.[-]                              0.0000         0.0000         0.0000

FLOWRESTRICTIONS: Average Values
--------------------------------
 Flr. Att.Pi.  Massflow  Att.Pi.  Massflow
  nr.  number [g/cycle]   number [g/cycle]
    1       1    0.3258        6    0.3261

ASSEMBLED: Average Values
-------------------------
 Type         Nr.  ----------Inlet-----------   ---------Outlet-----------    ----------------------Core----------------------
                   Pressure Temperat.   Mass    Pressure Temperat.   Mass     Rej.Heat   Rej.Heat    Fric. coeff.  Heat Factor
                    [bar]     [K]        [g]     [bar]      [K]       [g]       [kJ]       [kW]        [-]           [-]
 AIRCOOLER     1    1.6894   360.66     0.816    1.6872   309.66     0.949    -0.0301    -0.8794      46.626651    63.721271
 CATALYST      1    1.0193  1059.67     0.050    1.0118  1066.90     0.050     0.0000     0.0000       9.766610     0.000000

ASSEMBLED
Attachments
-----------
 Type                 Nr.   Pipe       Mass flow
                             Nr.       [g/cycle]
 AIRCOOLER             1      4          0.7665
 AIRCOOLER             1      9          0.6053
 CATALYST              1     10          0.9732
 CATALYST              1     11          0.9755

JUNCTIONS: Average Values
-------------------------
Junction   1: Attached pipe   2:     -0.3252 g/cycle
              Attached pipe   6:     -0.3268 g/cycle
              Attached pipe   7:     -0.6517 g/cycle
Junction   2: Attached pipe   3:     -0.3199 g/cycle
              Attached pipe   7:     -0.6519 g/cycle
              Attached pipe   8:     -0.9717 g/cycle

MICROPHONES
-----------
 Number    Distance     ---Overall dB Level---
              [mm]      [dB(A)]       [db,lin]
   1         500.00     114.948       116.660

OVERALL ENGINE PERFORMANCE:
===========================

Indicated Torque          :     76.37 Nm                    Indicated Specific Torque :     76.44 Nm/l
Indicated Power           :     27.99 kW,        38.06 PS   Indicated Specific Power  :     28.02 kW/l,      38.09 PS/l
Friction Torque           :      8.75 Nm                    Friction Power            :      3.21 kW
Effective Torque          :     67.62 Nm                    Effective Specific Torque :     67.68 Nm/l
Effective Power           :     24.78 kW,        33.70 PS   Effective Specific Power  :     24.81 kW/l,      33.73 PS/l

Required time for reading the inputfile and initialisation:       0.07 min
Required time for the calculation: .........................      0.10 min
Required time for writing the outputfile: ..................      0.00 min
Required total time: .......................................      0.17 min
Required total CPU-time: ...................................      5.80 sec
