 --------------------------------
 AVL - B O O S T
 Version:        v2022.1.0.0.0
 Build:          Apr 27 2022 22:44:48
 Git Build Hash: 7670062eda46b95e13935a621f250d93513addf7
 System:         x86_64-unknown-winnt_i19v19
 --------------------------------

LICENSE
-------
 sys_1DCFD_solver 2022.0@ License will expire in 217 days

PROJECT
-------
 Preprocessor Version :  2022.1
 Calculation date     : 15.10.2025
 File     : single500_GDi.bst
 Case Set : "Case Set 1"
 Case     : "6k"
 
 Project ID: "4-Cylinder"
 Run ID:     "WOT"
 Model date: "7.3.2000"

ELEMENTS
--------
 Element Name        Number

 PIPE                  20
 SYSTEMBOUNDARY         2
 PLENUM                 1
 CYLINDER               4
 RESTRICTION            8
 MEASURINGPOINT         8
 JUNCTION               3
 ENGINE                 1
 PIPE_END              40
 ALL_PIPES             20
 ALL_PLENUMS            1
 ALL_BOUNDARIES         2
 RESTRICTIONS           8
 ALL_PIDS               1
 PIPE_VAR_WALL_TEMP    20

GLOBAL DATA
-----------
  Engine Speed :         6000.0  rpm
  Calculationmode:        BOOST  Single
  Cycle Duration:        720.00  degrees
  Max. calc. period:   14400.00  degrees
  Cycles calculated:         20  cycles
  Calc. time steps:     1.54056  degrees (max)
                        0.92370  degrees
                        0.02566  ms
  Traces results step:  5.00000  degrees
  User concentrations:        0
  Ref. pressure:      100000.00  Pa
  Ref. temperature:     298.000  K
  Gas properties:      Variable
  Gasproperties File:     GASOLINE.BGP
     bgp_build_version:   v2013.0.0.0.0
     bgp_build_host:      boosthost
     bgp_build_user:      boost
     bgp_build_date:      2012.03.23
     bgp_build_time:      08:00:00
  Lower calorific:  0.43500E+08  J/kg
  Stoic. A/F-ratio:      14.500

  Warnings:                   4
  Convergence errors:       156

PIPES
-----

 Total number of pipe cells:    106

 Pipe   Cells   Cell size       W.Heat     Wall T    Fric. coeff.   Lam. Fric. Coeff.  Heat Factor       Volume
  nr.                [mm]         [kJ]        [K]             [-]                 [-]          [-]        [dm3]
    1       2        40.0        0.001     340.00        0.040000           64.000000     1.000000     0.070513
    2       2        30.0       -0.006     850.00        0.040000           64.000000     1.000000     0.048255
    3       2        40.0        0.001     340.00        0.040000           64.000000     1.000000     0.070513
    4       2        30.0       -0.006     850.00        0.040000           64.000000     1.000000     0.048255
    5       2        40.0        0.001     340.00        0.040000           64.000000     1.000000     0.070513
    6       2        30.0       -0.006     850.00        0.040000           64.000000     1.000000     0.048255
    7       2        40.0        0.001     340.00        0.040000           64.000000     1.000000     0.070513
    8       2        30.0       -0.006     850.00        0.040000           64.000000     1.000000     0.048255
    9       7        31.4       -0.086     300.00        0.019000           64.000000     1.000000     0.249505
   10       7        31.4       -0.086     300.00        0.019000           64.000000     1.000000     0.249505
   11       7        31.4       -0.086     300.00        0.019000           64.000000     1.000000     0.249505
   12       7        31.4       -0.086     300.00        0.019000           64.000000     1.000000     0.249505
   13       8        31.2       -0.155     300.00        0.019000           64.000000     1.000000     0.314159
   14       8        31.2       -0.155     300.00        0.019000           64.000000     1.000000     0.314159
   15      10        31.3       -0.222     300.00        0.019000           64.000000     1.000000     0.433089
   16       4        32.4        0.000     300.00        0.019000           64.000000     1.000000     0.429721
   17       8        30.0        0.001     300.00        0.019000           64.000000     1.000000     0.217901
   18       8        30.0        0.001     300.00        0.019000           64.000000     1.000000     0.217901
   19       8        30.0        0.001     300.00        0.019000           64.000000     1.000000     0.217901
   20       8        30.0        0.001     300.00        0.019000           64.000000     1.000000     0.217901


MEASURINGPOINTS: Average Values
-------------------------------
 Mp. Pipe Location   Diameter  Pressure  Temp. Ms.Temp.  Velo.   Massflow   Massflow To.Ent.f.  To.Ent.f.  Mach. Wtemp.  Converg.
 nr.  nr.     [mm]       [mm]     [bar]    [K]      [K]  [m/s]      [g/s]  [g/cycle]    [kJ/s]  [kJ/cyc.]    [-]    [K]       [-]
  1   1    10.0000    33.5000    0.9750  296.2    282.7   36.7    32.2875     0.6457    -0.105    -0.0021   0.11  340.0 0.692E-08
  2  11    10.0000    38.0000    1.2228 1041.4   1262.3   81.4    34.5187     0.6904    42.414     0.8483   0.12  300.0 0.105E-05
  3   3    10.0000    33.5000    0.9750  296.2    282.7   36.7    32.2870     0.6457    -0.105    -0.0021   0.11  340.0 0.401E-07
  4   9    10.0000    38.0000    1.2228 1041.4   1262.3   81.4    34.5186     0.6904    42.414     0.8483   0.12  300.0 0.879E-06
  5   5    10.0000    33.5000    0.9750  296.2    282.7   36.7    32.2869     0.6457    -0.105    -0.0021   0.11  340.0 0.805E-07
  6  10    10.0000    38.0000    1.2228 1041.4   1262.3   81.4    34.5190     0.6904    42.414     0.8483   0.12  300.0 0.827E-06
  7   7    10.0000    33.5000    0.9750  296.2    282.7   36.7    32.2874     0.6457    -0.105    -0.0021   0.11  340.0 0.320E-06
  8  12    10.0000    38.0000    1.2228 1041.4   1262.3   81.4    34.5190     0.6904    42.414     0.8483   0.12  300.0 0.662E-06

SYSTEMBOUNDARIES
Attachments
-----------
 Type                 Nr.   Pipe       Mass flow
                             Nr.       [g/cycle]
 SYSTEMBOUNDARY        1     16          2.5834
 SYSTEMBOUNDARY        2     15          2.7623

PLENUMS: Average Values
-----------------------
                   Pl. Pressure   Temp.      Mass Wallheat
                   nr.    [bar]     [K]       [g]     [kJ]
 PLENUM             1    0.9928  294.76     2.346    0.000
                                          Attached pipe  16:      2.5834 g/cycle
                                          Attached pipe  17:      0.6459 g/cycle
                                          Attached pipe  18:      0.6458 g/cycle
                                          Attached pipe  19:      0.6458 g/cycle
                                          Attached pipe  20:      0.6459 g/cycle

PLENUMS
Attachments
-----------
 Type                 Nr.   Pipe       Mass flow
                             Nr.       [g/cycle]
 PLENUM                1     16          2.5834
 PLENUM                1     17          0.6459
 PLENUM                1     18          0.6458
 PLENUM                1     19          0.6458
 PLENUM                1     20          0.6459

CYLINDERS: Average Values
-------------------------
                               Total
                              Engine         Cyl.   1       Cyl.   2       Cyl.   3       Cyl.   4
Firing TDC [deg]                                  0.00         540.00         180.00         360.00
Bore [mm]                                        86.00          86.00          86.00          86.00
Stroke [mm]                                      86.00          86.00          86.00          86.00
Conrodl. [mm]                                   143.50         143.50         143.50         143.50
Piston pin offset [mm]                            0.00           0.00           0.00           0.00
Swept Vol. [l]                   1.9982         0.4996         0.4996         0.4996         0.4996
Compression ratio [-]                            10.50          10.50          10.50          10.50
Dyn. Comp. ratio [-]                              7.61           7.61           7.61           7.61

Combustion Data:
----------------
Combustion Char.                               2Z-Vibe        2Z-Vibe        2Z-Vibe        2Z-Vibe     
Comb.start [deg]                                -16.00         -16.00         -16.00         -16.00
Comb.dur.1 [deg]                                 50.00          50.00          50.00          50.00
Peak Fir.Pres. [bar]              86.34          86.34          86.34          86.34          86.34
at Crankangle [deg]               10.44          10.44          10.44          10.44          10.44
Peak Pres.Rise[bar/deg]            3.86           3.86           3.86           3.86           3.86
at Crankangle [deg]               -1.85          -1.85          -1.85          -1.85          -1.85
Peak Fir. Temp. [K]             2687.96        2687.96        2687.96        2687.96        2687.96
at Crankangle [deg]               18.83          18.83          18.83          18.83          18.83
Peak T_burned [K]               2820.68        2820.68        2820.68        2820.68        2820.69
at Crankangle [deg]                7.44           7.44           7.44           7.44           7.44
Res. Gascompr. [bar]               0.97           0.97           0.97           0.97           0.97
at Crankangle [deg]              342.82         342.29         343.00         343.00         343.00
Evaporation Energy [kJ]         -0.0524        -0.0131        -0.0131        -0.0131        -0.0131
Required O.N. [-]                 95.73          95.73          95.73          95.73          95.73
Knock Intensity [-]               -1.00           0.00           0.00           0.00           0.00

Emissions (Classic Species Transport):
--------------------------------------
NOx: Calculated based on MTZ 34 1973 (12).
CO:  Calculated based on SAE 2002-01-0006.
HC:  Calculated based on SAE 2002-01-0006.
NOX   [g/kWh]                 13.693431      13.693432      13.692378      13.694526      13.693387
NOX   [g/h]                 1806.717723     451.676393     451.642389     451.716771     451.682170
NOX   [ppm]                     3507.59        3507.54        3507.33        3507.91        3507.60
CO    [g/kWh]                  0.820345       0.820297       0.820960       0.819735       0.820389
CO    [g/h]                  108.236742      27.057415      27.079313      27.039121      27.060893
CO    [ppm]                      225.10         225.09         225.27         224.94         225.12
HC    [g/kWh]                  0.393253       0.393247       0.393328       0.393182       0.393256
HC    [g/h]                   51.885995      12.971224      12.973892      12.969178      12.971701
HC    [ppm]                       71.97          71.96          71.98          71.95          71.97

Performance:
------------
IMEP [bar]                      15.3772        15.3771        15.3771        15.3772        15.3773
Rel. to Ave. [-]                                1.0000         1.0000         1.0000         1.0000
IMEP Exh. [bar]                 -1.3196        -1.3196        -1.3196        -1.3196        -1.3196
IMEP Int. [bar]                  0.6885         0.6885         0.6885         0.6885         0.6885
IMEP Gasex. [bar]               -0.6311        -0.6311        -0.6311        -0.6311        -0.6311
IMEP HP [bar]                   16.0083        16.0082        16.0082        16.0083        16.0084
FMEP [bar]                       2.1714         2.1714         2.1714         2.1714         2.1714
BMEP [bar]                      13.2057        13.2057        13.2057        13.2058        13.2059
AMEP;SMEP [bar]                  0.0000         0.0000         0.0000         0.0000         0.0000
ISFC [g/kWh]                   208.7020       208.7025       208.7019       208.7009       208.7025
Rel. to Ave. [-]                                1.0000         1.0000         1.0000         1.0000
ISFC (tr.f.) [g/kWh]           208.7020       208.7025       208.7019       208.7009       208.7025
BSFC [g/kWh]                   243.0190       243.0198       243.0191       243.0177       243.0193
Indicated Eff. [-]               0.3965         0.3965         0.3965         0.3965         0.3965
Iso vol. comb. Eff [-]           0.9748         0.9748         0.9748         0.9748         0.9748
Polytropic Coeff. [-]                           1.2914         1.2914         1.2914         1.2914

Fuel Mass Balance:
------------------
Inj. Fuelmass [g]              0.178130       0.044532       0.044532       0.044532       0.044533
Asp.Trap. Fuelmass [g]         0.000004       0.000001       0.000001       0.000001       0.000001
Fuelmassfl.(A+I) [g/s]         8.906677       2.226662       2.226659       2.226663       2.226693
Fuelmass tot.trap. [g]         0.178134       0.044533       0.044533       0.044533       0.044534
Trapped Fuelm.fl.[g/s]         8.906677       2.226662       2.226659       2.226663       2.226693
Trapp. Eff. Fuel [-]             1.0000         1.0000         1.0000         1.0000         1.0000

Energy Balance Cylinder:
------------------------
Fuel Energy [kJ]                7.75041        1.93760        1.93759        1.93760        1.93762
Released Energy [kJ]            7.51723        1.87930        1.87930        1.87930        1.87933
-> Brake Power     [%]           35.103         35.103         35.103         35.104         35.103
-> Loss: Friction  [%]            5.772          5.772          5.772          5.772          5.772
-> Loss: Piston    [%]            3.824          3.824          3.824          3.824          3.824
-> Loss: Head      [%]            4.576          4.576          4.576          4.576          4.576
-> Loss: Liner     [%]            4.324          4.324          4.324          4.324          4.324
-> Loss: Int. Port [%]           -0.018         -0.018         -0.018         -0.018         -0.018
-> Loss: Exh. Port [%]            0.313          0.313          0.313          0.313          0.313
-> Loss: Exh. Gas  [%]           46.658         46.658         46.658         46.658         46.658
Eff. Rel. Energy [kJ]           7.48975        1.87243        1.87243        1.87244        1.87246
Gross Rel. Energy [kJ]          7.51723        1.87930        1.87930        1.87930        1.87933
Eff.Gross Rel.Ener.[kJ]         7.48975        1.87243        1.87243        1.87244        1.87246
Energy Balance [-]               0.9986         0.9986         0.9986         0.9986         0.9986
Eff. Energy Balance [-]          0.9950         0.9950         0.9950         0.9950         0.9950

Blowby:
-------
Blowbymass [g]                 0.000000       0.000000       0.000000       0.000000       0.000000
Blowbymassfl. [g/s]            0.000000       0.000000       0.000000       0.000000       0.000000
Blowby Heat Flow [kJ]          0.000000       0.000000       0.000000       0.000000       0.000000

Reference Values at Start of High Pressure:
-------------------------------------------
Pressure at SHP[bar]             1.9793         1.9793         1.9792         1.9793         1.9793
Temperature [K]                  419.98         419.98         419.98         419.98         419.98
Air Massfl.  [g/s]           129.175525      32.294166      32.293677      32.293596      32.294086
Fuel Massfl. [g/s]             8.906677       2.226662       2.226659       2.226663       2.226693
Trapp. Eff. Air [-]              0.9998         0.9998         0.9998         0.9998         0.9998
Trapp. Eff.Fuel [-]              1.0000         1.0000         1.0000         1.0000         1.0000
A/F-Ratio (Cmb.) [-]              14.59          14.59          14.59          14.59          14.59
Excess Air Ratio [-]             1.0063         1.0063         1.0063         1.0063         1.0063

Reference Values at Start Of Combustion:
----------------------------------------
Pressure [bar]                  21.5176        21.5181        21.5174        21.5175        21.5174
Temperature [K]                  732.73         732.73         732.73         732.73         732.73

Residual Gas:
-------------
Res.gas content [-]              0.0228         0.0228         0.0228         0.0228         0.0228
External EGR [-]                -0.0000         0.0000         0.0000         0.0000        -0.0000
Internal EGR [-]                 0.0228         0.0228         0.0228         0.0228         0.0228
Com.Prod.Mass. at EO [g]       2.819658       0.704912       0.704911       0.704917       0.704918
Res.gas mass at SHP [g]        0.061135       0.015283       0.015286       0.015283       0.015283
Res.gas aspirated IN [g]      -0.000001       0.000000       0.000000       0.000000      -0.000001
Res.gas from intake [g]        0.002140       0.000535       0.000536       0.000535       0.000535
Rel. to Total [-]                0.0350         0.0350         0.0351         0.0350         0.0350
Res.gas flow EX [g]            2.758587       0.689647       0.689643       0.689649       0.689649
Res.gas from exhaust [g]       0.000559       0.000140       0.000140       0.000140       0.000140
Rel. to Total [-]                0.0091         0.0091         0.0091         0.0091         0.0091

Gas Exchange:
-------------
Volumetric Eff. [-]              1.1059         1.1059         1.1059         1.1059         1.1059
Rel. to Ave. [-]                                1.0000         1.0000         1.0000         1.0000
Total Mass at SHP[g]             2.6783         0.6696         0.6696         0.6696         0.6696
Mass Delivered [g]              2.58351        0.64588        0.64587        0.64587        0.64588
Mass Delivered [g/s]          129.17548       32.29417       32.29368       32.29360       32.29403
Delivery Ratio [-]               1.1061         1.1062         1.1061         1.1061         1.1062
Rel. to Ave. [-]                                1.0000         1.0000         1.0000         1.0000
Av.Airmass at SHP[g]             2.5829         0.6457         0.6457         0.6457         0.6457
Air Delivered [g]               2.58351        0.64588        0.64587        0.64587        0.64588
Air Delivered [g/s]           129.17553       32.29417       32.29368       32.29360       32.29409
Airdeliveryratio [-]             1.1061         1.1062         1.1061         1.1061         1.1062
Rel. to Ave. [-]                                1.0000         1.0000         1.0000         1.0000
Airmass Trapped [g]             2.58290        0.64573        0.64572        0.64573        0.64573
Airmass Trapped [g/s]         129.14494       32.28638       32.28591       32.28633       32.28631
Trapp. Eff. Air [-]              0.9998         0.9998         0.9998         0.9998         0.9998
Rel. to Ave. [-]                                1.0000         1.0000         1.0000         1.0000
Airpurity [-]                    0.9644         0.9644         0.9644         0.9644         0.9644
Dyn. Swirl [-]                   0.0000         0.0000         0.0000         0.0000         0.0000
Dyn. Tumble [-]                  0.0000         0.0000         0.0000         0.0000         0.0000

Wall Heatlosses:
----------------
Piston [kJ]                     -0.2875        -0.0719        -0.0719        -0.0719        -0.0719
Piston Temperature [K]                          560.00         560.00         560.00         560.00
Cylinderhead [kJ]              -0.34398       -0.08599       -0.08599       -0.08599       -0.08600
Head Temperature [K]                            635.00         635.00         635.00         635.00
Cylinderliner [kJ]             -0.32507       -0.08127       -0.08127       -0.08127       -0.08127
LinerTDC Temperature [K]                        455.00         455.00         455.00         455.00
LinerBDC Temperature [K]                        450.00         450.00         450.00         450.00
Sum of Wallheat [kJ]           -0.95654       -0.23913       -0.23913       -0.23914       -0.23914
Wall Heatlosses in High Pressure Phase:
Piston HP [kJ]                 -0.25096       -0.06274       -0.06274       -0.06274       -0.06274
Cylinderhead HP [kJ]           -0.30780       -0.07695       -0.07695       -0.07695       -0.07695
Cylinderliner HP [kJ]          -0.16173       -0.04043       -0.04043       -0.04043       -0.04043
Sum of Wallheat HP [kJ]        -0.72049       -0.18012       -0.18012       -0.18012       -0.18012
Wall Heatlosses Related to Heatinput:
Piston [-]                      -0.0371        -0.0371        -0.0371        -0.0371        -0.0371
Cylinderhead [-]                -0.0444        -0.0444        -0.0444        -0.0444        -0.0444
Cylinderliner [-]               -0.0420        -0.0420        -0.0420        -0.0420        -0.0420
Sum of Wallheat [-]             -0.1234        -0.1234        -0.1234        -0.1234        -0.1234
M. Eff. HTC [W/m2/K]             655.03         655.03         655.03         655.03         655.03
M. Eff. Temp. [K]               1500.27        1500.26        1500.27        1500.27        1500.27

Reference Values at EO:
-----------------------
Pressure [bar]                     7.18           7.18           7.18           7.18           7.18
Temperature [K]                 1736.92        1736.93        1736.92        1736.92        1736.93
A/F-Ratio [-]                     14.50          14.50          14.50          14.50          14.50
Com.Prod.Conc. [-]              0.99914        0.99914        0.99914        0.99914        0.99914
Fuel Concentr. [-]             0.000065       0.000065       0.000065       0.000065       0.000065

Average Values of Pipeattachements:
-----------------------------------
 Attached Pipe                                       1              3              5              7
Vlv/Prt.Op.Clr.0mm[deg]                         345.00         345.00         345.00         345.00
Vlv/Prt.Op.Eff.0mm[deg]                         345.00         345.00         345.00         345.00
Vlv/Prt.Op.Eff.1mm[deg]                         367.50         367.50         367.50         367.50
Vlv/Prt.Op.Udef.mm[deg]                         345.00         345.00         345.00         345.00
Vlv/Prt.Cl.Clr.0mm[deg]                         615.00         615.00         615.00         615.00
Vlv/Prt.Cl.Eff.0mm[deg]                         615.00         615.00         615.00         615.00
Vlv/Prt.Cl.Eff.1mm[deg]                         582.53         582.53         582.53         582.53
Vlv/Prt.Cl.Udef.mm[deg]                         615.00         615.00         615.00         615.00
Cam Phasing [deg]                                 0.00           0.00           0.00           0.00
Massflow [g/cycle]                            0.645883       0.645874       0.645872       0.645881
Wallheat [kJ/cycle]                           0.000346       0.000346       0.000346       0.000346
rel.to Heatinp.[-]                              0.0002         0.0002         0.0002         0.0002
 Attached Pipe                                       2              4              6              8
Vlv/Prt.Op.Clr.0mm[deg]                         130.00         130.00         130.00         130.00
Vlv/Prt.Op.Eff.0mm[deg]                         130.00         130.00         130.00         130.00
Vlv/Prt.Op.Eff.1mm[deg]                         150.84         150.84         150.84         150.84
Vlv/Prt.Op.Udef.mm[deg]                         130.00         130.00         130.00         130.00
Vlv/Prt.Cl.Clr.0mm[deg]                         390.00         390.00         390.00         390.00
Vlv/Prt.Cl.Eff.0mm[deg]                         390.00         390.00         390.00         390.00
Vlv/Prt.Cl.Eff.1mm[deg]                         356.00         356.00         356.00         356.00
Vlv/Prt.Cl.Udef.mm[deg]                         390.00         390.00         390.00         390.00
Cam Phasing [deg]                                 0.00           0.00           0.00           0.00
Massflow [g/cycle]                            0.690410       0.690406       0.690411       0.690412
Wallheat [kJ/cycle]                          -0.005877      -0.005877      -0.005877      -0.005877
rel.to Heatinp.[-]                             -0.0030        -0.0030        -0.0030        -0.0030

FLOWRESTRICTIONS: Average Values
--------------------------------
 Flr. Att.Pi.  Massflow  Att.Pi.  Massflow
  nr.  number [g/cycle]   number [g/cycle]
    1       2    0.6904       11    0.6905
    2       1    0.6459       17    0.6459
    3       4    0.6904        9    0.6905
    4       3    0.6459       18    0.6458
    5       6    0.6904       10    0.6905
    6       5    0.6459       19    0.6458
    7       8    0.6904       12    0.6905
    8       7    0.6459       20    0.6459

JUNCTIONS: Average Values
-------------------------
Junction   1: Attached pipe   9:     -0.6905 g/cycle
              Attached pipe  10:     -0.6905 g/cycle
              Attached pipe  14:     -1.3810 g/cycle
Junction   2: Attached pipe  11:     -0.6905 g/cycle
              Attached pipe  12:     -0.6905 g/cycle
              Attached pipe  13:     -1.3810 g/cycle
Junction   3: Attached pipe  13:     -1.3810 g/cycle
              Attached pipe  14:     -1.3810 g/cycle
              Attached pipe  15:     -2.7623 g/cycle

OVERALL ENGINE PERFORMANCE:
===========================

Indicated Torque          :    244.52 Nm                    Indicated Specific Torque :    122.37 Nm/l
Indicated Power           :    153.64 kW,       208.89 PS   Indicated Specific Power  :     76.89 kW/l,     104.54 PS/l
Friction Torque           :     34.53 Nm                    Friction Power            :     21.70 kW
Effective Torque          :    209.99 Nm                    Effective Specific Torque :    105.09 Nm/l
Effective Power           :    131.94 kW,       179.39 PS   Effective Specific Power  :     66.03 kW/l,      89.77 PS/l

Required time for reading the inputfile and initialisation:       0.07 min
Required time for the calculation: .........................      0.09 min
Required time for writing the outputfile: ..................      0.00 min
Required total time: .......................................      0.16 min
Required total CPU-time: ...................................      5.09 sec
