 --------------------------------
 AVL - B O O S T
 Version:        v2022.1.0.0.0
 Build:          Apr 27 2022 22:44:48
 Git Build Hash: 7670062eda46b95e13935a621f250d93513addf7
 System:         x86_64-unknown-winnt_i19v19
 --------------------------------

LICENSE
-------
 sys_1DCFD_solver 2022.0@ License will expire in 218 days

PROJECT
-------
 Preprocessor Version :  2022.1
 Calculation date     : 14.10.2025
 File     : single500_GDi.bst
 Case Set : "Case Set 1"
 Case     : "Case 3"
 
 Project ID: "4-Cylinder"
 Run ID:     "WOT"
 Model date: "7.3.2000"

ELEMENTS
--------
 Element Name        Number

 PIPE                  23
 SYSTEMBOUNDARY         2
 CYLINDER               4
 RESTRICTION            8
 MEASURINGPOINT         8
 JUNCTION               7
 ENGINE                 1
 PIPE_END              46
 ALL_PIPES             23
 ALL_BOUNDARIES         2
 RESTRICTIONS           8
 ALL_PIDS               1
 PIPE_VAR_WALL_TEMP    23

GLOBAL DATA
-----------
  Engine Speed :         6000.0  rpm
  Calculationmode:        BOOST  Single
  Cycle Duration:        720.00  degrees
  Max. calc. period:   14400.00  degrees
  Cycles calculated:         20  cycles
  Calc. time steps:     1.54056  degrees (max)
                        0.91887  degrees
                        0.02552  ms
                        0.91887  degrees (short pipe)
                        0.02552  ms (short pipe)
  Traces results step:  5.00000  degrees
  User concentrations:        0
  Ref. pressure:      100000.00  Pa
  Ref. temperature:     298.000  K
  Gas properties:      Variable
  Gasproperties File:     GASOLINE.BGP
     bgp_build_version:   v2013.0.0.0.0
     bgp_build_host:      boosthost
     bgp_build_user:      boost
     bgp_build_date:      2012.03.23
     bgp_build_time:      08:00:00
  Lower calorific:  0.43500E+08  J/kg
  Stoic. A/F-ratio:      14.500

  Warnings:                   0
  Convergence errors:       160

PIPES
-----

 Total number of pipe cells:     89

 Pipe   Cells   Cell size       W.Heat     Wall T    Fric. coeff.   Lam. Fric. Coeff.  Heat Factor       Volume
  nr.                [mm]         [kJ]        [K]             [-]                 [-]          [-]        [dm3]
    1       2        40.0        0.001     340.00        0.040000           64.000000     1.000000     0.070513
    2       2        30.0       -0.007     850.00        0.040000           64.000000     1.000000     0.048255
    3       2        40.0        0.001     340.00        0.040000           64.000000     1.000000     0.070513
    4       2        30.0       -0.006     850.00        0.040000           64.000000     1.000000     0.048255
    5       2        40.0        0.001     340.00        0.040000           64.000000     1.000000     0.070513
    6       2        30.0       -0.006     850.00        0.040000           64.000000     1.000000     0.048255
    7       2        40.0        0.001     340.00        0.040000           64.000000     1.000000     0.070513
    8       2        30.0       -0.006     850.00        0.040000           64.000000     1.000000     0.048255
    9       3        30.3        0.001     300.00        0.019000           64.000000     1.000000     0.092423
   10       3        36.7        0.000     300.00        0.019000           64.000000     1.000000     0.111966
   11       2        40.0        0.001     300.00        0.019000           64.000000     1.000000     0.081430
   12       3        36.7        0.000     300.00        0.019000           64.000000     1.000000     0.111966
   13       3        36.7        0.000     300.00        0.019000           64.000000     1.000000     0.111966
   14       2        40.0        0.000     300.00        0.019000           64.000000     1.000000     0.081430
   15       2        40.0        0.000     300.00        0.019000           64.000000     1.000000     0.081430
   16       3        36.7        0.000     300.00        0.019000           64.000000     1.000000     0.111966
   17      10        30.0       -0.105     300.00        0.019000           64.000000     1.000000     0.376991
   18      10        30.0       -0.105     300.00        0.019000           64.000000     1.000000     0.376991
   19      10        30.0       -0.107     300.00        0.019000           64.000000     1.000000     0.376991
   20      10        30.0       -0.105     300.00        0.019000           64.000000     1.000000     0.376991
   21       1        50.0       -0.030     300.00        0.019000           64.000000     1.000000     0.062832
   22       1        50.0       -0.030     300.00        0.019000           64.000000     1.000000     0.062832
   23      10        31.2       -0.231     300.00        0.019000           64.000000     1.000000     0.392071


MEASURINGPOINTS: Average Values
-------------------------------
 Mp. Pipe Location   Diameter  Pressure  Temp. Ms.Temp.  Velo.   Massflow   Massflow To.Ent.f.  To.Ent.f.  Mach. Wtemp.  Converg.
 nr.  nr.     [mm]       [mm]     [bar]    [K]      [K]  [m/s]      [g/s]  [g/cycle]    [kJ/s]  [kJ/cyc.]    [-]    [K]       [-]
  1   1    10.0000    33.5000    0.9134  291.2    282.6   33.6    30.4683     0.6094    -0.103    -0.0021   0.10  340.0 0.308E-08
  2  19    10.0000    40.0000    1.2025 1075.5   1304.1   68.4    32.5624     0.6512    41.007     0.8201   0.10  300.0 0.525E-06
  3   3    10.0000    33.5000    0.9081  292.3    283.9   32.6    29.1773     0.5835    -0.036    -0.0007   0.10  340.0 0.670E-08
  4  17    10.0000    40.0000    1.2009 1082.6   1305.7   66.9    31.1734     0.6235    39.264     0.7853   0.10  300.0 0.283E-07
  5   5    10.0000    33.5000    0.9074  293.2    280.1   34.0    28.9687     0.5794    -0.198    -0.0040   0.10  340.0 0.453E-08
  6  18    10.0000    40.0000    1.2004 1082.7   1304.8   66.8    30.9576     0.6192    38.945     0.7789   0.10  300.0 0.211E-05
  7   7    10.0000    33.5000    0.9071  291.7    285.2   32.9    29.3713     0.5874    -0.082    -0.0016   0.10  340.0 0.701E-07
  8  20    10.0000    40.0000    1.2020 1081.4   1305.1   67.1    31.3888     0.6278    39.512     0.7902   0.10  300.0 0.684E-06

SYSTEMBOUNDARIES
Attachments
-----------
 Type                 Nr.   Pipe       Mass flow
                             Nr.       [g/cycle]
 SYSTEMBOUNDARY        1      9          2.3588
 SYSTEMBOUNDARY        2     23          2.5226

CYLINDERS: Average Values
-------------------------
                               Total
                              Engine         Cyl.   1       Cyl.   2       Cyl.   3       Cyl.   4
Firing TDC [deg]                                  0.00         540.00         180.00         360.00
Bore [mm]                                        86.00          86.00          86.00          86.00
Stroke [mm]                                      86.00          86.00          86.00          86.00
Conrodl. [mm]                                   143.50         143.50         143.50         143.50
Piston pin offset [mm]                            0.00           0.00           0.00           0.00
Swept Vol. [l]                   1.9982         0.4996         0.4996         0.4996         0.4996
Compression ratio [-]                            10.50          10.50          10.50          10.50
Dyn. Comp. ratio [-]                              8.00           7.99           8.00           8.01

Combustion Data:
----------------
Combustion Char.                               2Z-Vibe        2Z-Vibe        2Z-Vibe        2Z-Vibe     
Comb.start [deg]                                -10.00         -10.00         -10.00         -10.00
Comb.dur.1 [deg]                                 50.00          50.00          50.00          50.00
Peak Fir.Pres. [bar]              67.77          70.04          67.06          66.52          67.47
at Crankangle [deg]               14.91          14.91          14.91          14.90          14.91
Peak Pres.Rise[bar/deg]            2.88           2.97           2.85           2.83           2.87
at Crankangle [deg]                2.39           2.94           2.20           2.20           2.21
Peak Fir. Temp. [K]             2616.84        2619.06        2616.75        2615.37        2616.19
at Crankangle [deg]               24.87          24.87          24.88          24.86          24.88
Peak T_burned [K]               2768.26        2771.01        2767.96        2766.61        2767.48
at Crankangle [deg]               11.89          11.89          11.89          11.88          11.89
Res. Gascompr. [bar]               1.17           1.20           1.18           1.09           1.19
at Crankangle [deg]              292.34         284.63         284.23         316.38         284.11
Evaporation Energy [kJ]         -0.0478        -0.0123        -0.0118        -0.0117        -0.0119
Required O.N. [-]                 84.46          84.46          82.67          82.05          82.60
Knock Intensity [-]               -1.00           0.00           0.00           0.00           0.00

Emissions (Classic Species Transport):
--------------------------------------
NOx: Calculated based on MTZ 34 1973 (12).
CO:  Calculated based on SAE 2002-01-0006.
HC:  Calculated based on SAE 2002-01-0006.
NOX   [g/kWh]                 10.941016      11.034547      10.932635      10.907860      10.884237
NOX   [g/h]                 1287.647612     337.459556     317.925654     313.100885     319.161517
NOX   [ppm]                     2739.63        2780.23        2735.76        2713.03        2727.61
CO    [g/kWh]                  1.067243       1.050508       1.072129       1.074324       1.072919
CO    [g/h]                  125.603733      32.126730      31.177957      30.837555      31.461491
CO    [ppm]                      286.28         283.54         287.40         286.24         288.03
HC    [g/kWh]                  0.438084       0.425424       0.441087       0.447657       0.438938
HC    [g/h]                   51.558067      13.010355      12.827004      12.849617      12.871091
HC    [ppm]                       78.37          76.58          78.86          79.55          78.59

Performance:
------------
IMEP [bar]                      13.9509        14.4151        13.8139        13.6633        13.9111
Rel. to Ave. [-]                                1.0333         0.9902         0.9794         0.9972
IMEP Exh. [bar]                 -1.3159        -1.3433        -1.3066        -1.2971        -1.3164
IMEP Int. [bar]                  0.7413         0.7562         0.7573         0.6951         0.7567
IMEP Gasex. [bar]               -0.5745        -0.5871        -0.5493        -0.6021        -0.5597
IMEP HP [bar]                   14.5254        15.0022        14.3632        14.2653        14.4708
FMEP [bar]                       2.1714         2.1714         2.1714         2.1714         2.1714
BMEP [bar]                      11.7794        12.2437        11.6425        11.4918        11.7397
AMEP;SMEP [bar]                  0.0000         0.0000         0.0000         0.0000         0.0000
ISFC [g/kWh]                   209.9566       209.9051       209.7337       210.5145       209.6832
Rel. to Ave. [-]                                0.9998         0.9989         1.0027         0.9987
ISFC (tr.f.) [g/kWh]           209.9559       209.9030       209.7330       210.5145       209.6832
BSFC [g/kWh]                   248.6601       247.1320       248.8510       250.2921       248.4671
Indicated Eff. [-]               0.3942         0.3943         0.3946         0.3931         0.3947
Iso vol. comb. Eff [-]           0.9559         0.9558         0.9559         0.9559         0.9559
Polytropic Coeff. [-]                           1.2903         1.2906         1.2908         1.2906

Fuel Mass Balance:
------------------
Inj. Fuelmass [g]              0.162582       0.041988       0.040204       0.039913       0.040477
Asp.Trap. Fuelmass [g]        -0.000000      -0.000000      -0.000000       0.000000       0.000000
Fuelmassfl.(A+I) [g/s]         8.129111       2.099393       2.010192       1.995673       2.023853
Fuelmass tot.trap. [g]         0.162582       0.041987       0.040204       0.039913       0.040477
Trapped Fuelm.fl.[g/s]         8.129083       2.099371       2.010186       1.995673       2.023853
Trapp. Eff. Fuel [-]             1.0000         1.0000         1.0000         1.0000         1.0000

Energy Balance Cylinder:
------------------------
Fuel Energy [kJ]                7.07345        1.82675        1.74914        1.73652        1.76104
Released Energy [kJ]            6.86068        1.77180        1.69654        1.68427        1.70807
-> Brake Power     [%]           34.309         34.521         34.282         34.085         34.335
-> Loss: Friction  [%]            6.324          6.122          6.394          6.440          6.351
-> Loss: Piston    [%]            3.335          3.317          3.344          3.345          3.334
-> Loss: Head      [%]            3.944          3.924          3.953          3.958          3.942
-> Loss: Liner     [%]            4.431          4.413          4.443          4.437          4.433
-> Loss: Int. Port [%]           -0.022         -0.022         -0.021         -0.024         -0.022
-> Loss: Exh. Port [%]            0.340          0.334          0.342          0.343          0.341
-> Loss: Exh. Gas  [%]           47.826         47.829         47.765         47.915         47.795
Eff. Rel. Energy [kJ]           6.84038        1.76657        1.69151        1.67929        1.70301
Gross Rel. Energy [kJ]          6.86068        1.77180        1.69654        1.68427        1.70807
Eff.Gross Rel.Ener.[kJ]         6.84038        1.76657        1.69151        1.67929        1.70301
Energy Balance [-]               0.9989         0.9989         0.9989         0.9988         0.9989
Eff. Energy Balance [-]          0.9959         0.9959         0.9959         0.9959         0.9959

Blowby:
-------
Blowbymass [g]                 0.000000       0.000000       0.000000       0.000000       0.000000
Blowbymassfl. [g/s]            0.000000       0.000000       0.000000       0.000000       0.000000
Blowby Heat Flow [kJ]          0.000000       0.000000       0.000000       0.000000       0.000000

Reference Values at Start of High Pressure:
-------------------------------------------
Pressure at SHP[bar]             1.6381         1.6945         1.6259         1.6066         1.6253
Temperature [K]                  400.64         401.37         401.60         399.97         399.62
Air Massfl.  [g/s]           117.972620      30.466864      29.168356      28.967189      29.370211
Fuel Massfl. [g/s]             8.129111       2.099393       2.010192       1.995673       2.023853
Trapp. Eff. Air [-]              0.9991         0.9992         0.9993         0.9990         0.9992
Trapp. Eff.Fuel [-]              1.0000         1.0000         1.0000         1.0000         1.0000
A/F-Ratio (Cmb.) [-]              14.58          14.58          14.58          14.58          14.58
Excess Air Ratio [-]             1.0055         1.0056         1.0056         1.0055         1.0055

Reference Values at Start Of Combustion:
----------------------------------------
Pressure [bar]                  22.3417        23.1246        22.0233        21.9200        22.2989
Temperature [K]                  737.65         738.82         738.15         736.68         736.95

Residual Gas:
-------------
Res.gas content [-]              0.0209         0.0203         0.0212         0.0211         0.0209
External EGR [-]                 0.0000        -0.0000        -0.0000         0.0000         0.0000
Internal EGR [-]                 0.0209         0.0203         0.0212         0.0211         0.0209
Com.Prod.Mass. at EO [g]       2.568654       0.663056       0.635381       0.630708       0.639509
Res.gas mass at SHP [g]        0.050823       0.012791       0.012765       0.012607       0.012660
Res.gas aspirated IN [g]       0.000000      -0.000000      -0.000001       0.000000       0.000000
Res.gas from intake [g]        0.000065       0.000003       0.000014       0.000000       0.000047
Rel. to Total [-]                0.0013         0.0002         0.0011         0.0000         0.0037
Res.gas flow EX [g]            2.517908       0.650267       0.622643       0.618134       0.626864
Res.gas from exhaust [g]       0.003274       0.000759       0.000887       0.000843       0.000786
Rel. to Total [-]                0.0644         0.0593         0.0695         0.0669         0.0621

Gas Exchange:
-------------
Volumetric Eff. [-]              1.0094         1.0427         0.9984         0.9912         1.0052
Rel. to Ave. [-]                                1.0330         0.9891         0.9820         0.9958
Total Mass at SHP[g]             2.4375         0.6292         0.6030         0.5985         0.6068
Mass Delivered [g]              2.35945        0.60934        0.58337        0.57934        0.58740
Mass Delivered [g/s]          117.97262       30.46685       29.16831       28.96722       29.37024
Delivery Ratio [-]               1.0102         1.0436         0.9991         0.9922         1.0060
Rel. to Ave. [-]                                1.0330         0.9890         0.9822         0.9958
Av.Airmass at SHP[g]             2.3574         0.6088         0.5830         0.5787         0.5869
Air Delivered [g]               2.35945        0.60934        0.58337        0.57934        0.58740
Air Delivered [g/s]           117.97262       30.46686       29.16836       28.96719       29.37021
Airdeliveryratio [-]             1.0102         1.0436         0.9991         0.9922         1.0060
Rel. to Ave. [-]                                1.0330         0.9890         0.9822         0.9958
Airmass Trapped [g]             2.35744        0.60883        0.58296        0.57874        0.58691
Airmass Trapped [g/s]         117.87207       30.44126       29.14813       28.93712       29.34556
Trapp. Eff. Air [-]              0.9991         0.9992         0.9993         0.9990         0.9992
Rel. to Ave. [-]                                1.0000         1.0002         0.9998         1.0000
Airpurity [-]                    0.9672         0.9677         0.9668         0.9669         0.9672
Dyn. Swirl [-]                   0.0000         0.0000         0.0000         0.0000         0.0000
Dyn. Tumble [-]                  0.0000         0.0000         0.0000         0.0000         0.0000

Wall Heatlosses:
----------------
Piston [kJ]                     -0.2288        -0.0588        -0.0567        -0.0563        -0.0569
Piston Temperature [K]                          560.00         560.00         560.00         560.00
Cylinderhead [kJ]              -0.27058       -0.06952       -0.06707       -0.06666       -0.06733
Head Temperature [K]                            635.00         635.00         635.00         635.00
Cylinderliner [kJ]             -0.30400       -0.07819       -0.07537       -0.07473       -0.07571
LinerTDC Temperature [K]                        455.00         455.00         455.00         455.00
LinerBDC Temperature [K]                        450.00         450.00         450.00         450.00
Sum of Wallheat [kJ]           -0.80337       -0.20649       -0.19917       -0.19772       -0.19998
Wall Heatlosses in High Pressure Phase:
Piston HP [kJ]                 -0.19394       -0.04978       -0.04811       -0.04777       -0.04828
Cylinderhead HP [kJ]           -0.23615       -0.06062       -0.05858       -0.05816       -0.05878
Cylinderliner HP [kJ]          -0.14940       -0.03820       -0.03713       -0.03691       -0.03716
Sum of Wallheat HP [kJ]        -0.57948       -0.14861       -0.14382       -0.14284       -0.14422
Wall Heatlosses Related to Heatinput:
Piston [-]                      -0.0323        -0.0322        -0.0324        -0.0324        -0.0323
Cylinderhead [-]                -0.0383        -0.0381        -0.0384        -0.0384        -0.0382
Cylinderliner [-]               -0.0430        -0.0428        -0.0431        -0.0430        -0.0430
Sum of Wallheat [-]             -0.1136        -0.1131        -0.1139        -0.1139        -0.1136
M. Eff. HTC [W/m2/K]             590.82         606.18         587.76         579.19         590.15
M. Eff. Temp. [K]               1389.41        1390.70        1386.90        1393.34        1386.68

Reference Values at EO:
-----------------------
Pressure [bar]                     6.64           6.88           6.55           6.49           6.62
Temperature [K]                 1763.05        1765.79        1762.35        1760.76        1763.29
A/F-Ratio [-]                     14.50          14.50          14.50          14.50          14.50
Com.Prod.Conc. [-]              0.99918        0.99918        0.99918        0.99918        0.99918
Fuel Concentr. [-]             0.000055       0.000055       0.000055       0.000055       0.000055

Average Values of Pipeattachements:
-----------------------------------
 Attached Pipe                                       1              3              5              7
Vlv/Prt.Op.Clr.0mm[deg]                         340.00         340.00         340.00         340.00
Vlv/Prt.Op.Eff.0mm[deg]                         340.00         340.00         340.00         340.00
Vlv/Prt.Op.Eff.1mm[deg]                         362.50         362.50         362.50         362.50
Vlv/Prt.Op.Udef.mm[deg]                         340.00         340.00         340.00         340.00
Vlv/Prt.Cl.Clr.0mm[deg]                         610.00         610.00         610.00         610.00
Vlv/Prt.Cl.Eff.0mm[deg]                         610.00         610.00         610.00         610.00
Vlv/Prt.Cl.Eff.1mm[deg]                         577.53         577.52         577.52         577.53
Vlv/Prt.Cl.Udef.mm[deg]                         610.00         610.00         610.00         610.00
Cam Phasing [deg]                                 0.00           0.00           0.00           0.00
Massflow [g/cycle]                            0.609337       0.583366       0.579344       0.587405
Wallheat [kJ/cycle]                           0.000386       0.000363       0.000402       0.000371
rel.to Heatinp.[-]                              0.0002         0.0002         0.0002         0.0002
 Attached Pipe                                       2              4              6              8
Vlv/Prt.Op.Clr.0mm[deg]                         130.00         130.00         130.00         130.00
Vlv/Prt.Op.Eff.0mm[deg]                         130.00         130.00         130.00         130.00
Vlv/Prt.Op.Eff.1mm[deg]                         150.84         150.84         150.84         150.84
Vlv/Prt.Op.Udef.mm[deg]                         130.00         130.00         130.00         130.00
Vlv/Prt.Cl.Clr.0mm[deg]                         390.00         390.00         390.00         390.00
Vlv/Prt.Cl.Eff.0mm[deg]                         390.00         390.00         390.00         390.00
Vlv/Prt.Cl.Eff.1mm[deg]                         356.00         356.00         356.00         356.00
Vlv/Prt.Cl.Udef.mm[deg]                         390.00         390.00         390.00         390.00
Cam Phasing [deg]                                 0.00           0.00           0.00           0.00
Massflow [g/cycle]                            0.651326       0.623569       0.619258       0.627881
Wallheat [kJ/cycle]                          -0.005922      -0.005811      -0.005781      -0.005826
rel.to Heatinp.[-]                             -0.0032        -0.0033        -0.0033        -0.0033

FLOWRESTRICTIONS: Average Values
--------------------------------
 Flr. Att.Pi.  Massflow  Att.Pi.  Massflow
  nr.  number [g/cycle]   number [g/cycle]
    1       2    0.6513       19    0.6514
    2       1    0.6093       10    0.6094
    3       4    0.6236       17    0.6236
    4       3    0.5834       12    0.5833
    5       6    0.6193       18    0.6193
    6       5    0.5793       13    0.5793
    7       8    0.6279       20    0.6279
    8       7    0.5874       16    0.5873

JUNCTIONS: Average Values
-------------------------
Junction   1: Attached pipe   9:     -2.3588 g/cycle
              Attached pipe  10:     -0.6094 g/cycle
              Attached pipe  11:     -1.7495 g/cycle
Junction   2: Attached pipe  11:     -1.7495 g/cycle
              Attached pipe  12:     -0.5833 g/cycle
              Attached pipe  14:     -1.1663 g/cycle
Junction   3: Attached pipe  13:     -0.5793 g/cycle
              Attached pipe  14:     -1.1663 g/cycle
              Attached pipe  15:     -0.5869 g/cycle
Junction   4: Attached pipe  15:     -0.5869 g/cycle
              Attached pipe  16:     -0.5873 g/cycle
Junction   5: Attached pipe  17:     -0.6236 g/cycle
              Attached pipe  18:     -0.6193 g/cycle
              Attached pipe  22:     -1.2427 g/cycle
Junction   6: Attached pipe  19:     -0.6514 g/cycle
              Attached pipe  20:     -0.6280 g/cycle
              Attached pipe  21:     -1.2791 g/cycle
Junction   7: Attached pipe  21:     -1.2791 g/cycle
              Attached pipe  22:     -1.2427 g/cycle
              Attached pipe  23:     -2.5226 g/cycle

OVERALL ENGINE PERFORMANCE:
===========================

Indicated Torque          :    221.84 Nm                    Indicated Specific Torque :    111.02 Nm/l
Indicated Power           :    139.39 kW,       189.51 PS   Indicated Specific Power  :     69.75 kW/l,      94.84 PS/l
Friction Torque           :     34.53 Nm                    Friction Power            :     21.70 kW
Effective Torque          :    187.31 Nm                    Effective Specific Torque :     93.74 Nm/l
Effective Power           :    117.69 kW,       160.01 PS   Effective Specific Power  :     58.90 kW/l,      80.08 PS/l

Required time for reading the inputfile and initialisation:       0.08 min
Required time for the calculation: .........................      0.26 min
Required time for writing the outputfile: ..................      0.00 min
Required total time: .......................................      0.34 min
Required total CPU-time: ...................................     10.17 sec
