MESSAGE
RUNINFO      1 CONTROL      1 BOOST       0.00 DEGCRA
 System date and time : 13.10.2025 14:54:44
ENDOFMESSAGE
MESSAGE
RUNINFO      2 CONTROL      2 BOOST       0.00 DEGCRA
 Executable information:
  Version  : v2022.1.0.0.0
  Build    : Apr 27 2022 22:44:48
  Platform : x86_64-unknown-winnt_i19v19
ENDOFMESSAGE
MESSAGE
RUNINFO      3 CONTROL      3 BOOST       0.00 DEGCRA
 Opened file :  single500_GDi.bst
ENDOFMESSAGE
MESSAGE
RUNINFO 70011 INPUT     0 BST_READ_GLOBAL 0.00DEGCRA
  The following User Defined Parameters were identified:
ENDOFMESSAGE
ENDOFMESSAGE
MESSAGE
RUNINFO 571129 INPUT      0 BST_READ_GLOBAL       0.00 DEGCRA
 Using C gas property library
ENDOFMESSAGE
MESSAGE
RUNINFO  12377 INPUT      0 BST_READ_GLOBAL       0.00 DEGCRA
 No reference element set for volumetric efficiency.
 No gas exchange data related to intake manifold conditions will be calculated.
ENDOFMESSAGE
MESSAGE
RUNINFO 270000 REACTION_LIBRARY      1 CL_BOOST_MessageSystem       0.00 DEGCRA
>>> Catalyst Library <<<
  Version: 2.800
  Platform: x86_64-unknown-winnt_i19v19
  Build date: Apr 27 2022 21:58:54
ENDOFMESSAGE
MESSAGE
RUNINFO 270000 REACTION_LIBRARY      1 CL_BOOST_MessageSystem       0.00 DEGCRA
>>> Transfer Model Library Version 1.400 <<<
ENDOFMESSAGE
MESSAGE
RUNINFO 100001 BOOST      1 BOOST_GPR_printf       0.00 DEGCRA
    Classic gas property data are read from:
      C:/Program Files (x86)/AVL/R2022.1/BOOST/files/GASOLINE.BGP

ENDOFMESSAGE
MESSAGE
RUNINFO      0 CYLINDER      1 READ_INDIVIDUAL_CYLINDER       0.00 DEGCRA
 Intake valve profile shifted.
 Opening shift :     0.000
 Closing shift :     0.000
ENDOFMESSAGE
MESSAGE
RUNINFO      0 CYLINDER      1 READ_INDIVIDUAL_CYLINDER       0.00 DEGCRA
 Exhaust valve profile shifted.
 Opening shift :     0.000
 Closing shift :     0.000
ENDOFMESSAGE
MESSAGE
RUNINFO      0 CYLINDER      2 READ_INDIVIDUAL_CYLINDER       0.00 DEGCRA
 Intake valve profile shifted.
 Opening shift :     0.000
 Closing shift :     0.000
ENDOFMESSAGE
MESSAGE
RUNINFO      0 CYLINDER      2 READ_INDIVIDUAL_CYLINDER       0.00 DEGCRA
 Exhaust valve profile shifted.
 Opening shift :     0.000
 Closing shift :     0.000
ENDOFMESSAGE
MESSAGE
RUNINFO      0 CYLINDER      3 READ_INDIVIDUAL_CYLINDER       0.00 DEGCRA
 Intake valve profile shifted.
 Opening shift :     0.000
 Closing shift :     0.000
ENDOFMESSAGE
MESSAGE
RUNINFO      0 CYLINDER      3 READ_INDIVIDUAL_CYLINDER       0.00 DEGCRA
 Exhaust valve profile shifted.
 Opening shift :     0.000
 Closing shift :     0.000
ENDOFMESSAGE
MESSAGE
RUNINFO      0 CYLINDER      4 READ_INDIVIDUAL_CYLINDER       0.00 DEGCRA
 Intake valve profile shifted.
 Opening shift :     0.000
 Closing shift :     0.000
ENDOFMESSAGE
MESSAGE
RUNINFO      0 CYLINDER      4 READ_INDIVIDUAL_CYLINDER       0.00 DEGCRA
 Exhaust valve profile shifted.
 Opening shift :     0.000
 Closing shift :     0.000
ENDOFMESSAGE
MESSAGE
WARNING  21772 RESTRICTION      2 INPUT       0.00 DEGCRA
 Area difference too small to create a quarterwave resonator.
 Minimum resonator diameter [mm]:      10.00
 Calculated diameter        [mm]:       5.77
ENDOFMESSAGE
MESSAGE
WARNING  21772 RESTRICTION      4 INPUT       0.00 DEGCRA
 Area difference too small to create a quarterwave resonator.
 Minimum resonator diameter [mm]:      10.00
 Calculated diameter        [mm]:       5.77
ENDOFMESSAGE
MESSAGE
WARNING  21772 RESTRICTION      6 INPUT       0.00 DEGCRA
 Area difference too small to create a quarterwave resonator.
 Minimum resonator diameter [mm]:      10.00
 Calculated diameter        [mm]:       5.77
ENDOFMESSAGE
MESSAGE
WARNING  21772 RESTRICTION      8 INPUT       0.00 DEGCRA
 Area difference too small to create a quarterwave resonator.
 Minimum resonator diameter [mm]:      10.00
 Calculated diameter        [mm]:       5.77
ENDOFMESSAGE
MESSAGE
RUNINFO  10660 GLOBAL      1 LICENSING       0.00 DEGCRA
  >>>
  >>>   The Licence for application "sys_1DCFD_solver"
  >>>   has been checked out!
  >>>
ENDOFMESSAGE
MESSAGE
RUNINFO      0 POSTLINKS      0 BOOST       0.00 DEGCRA
 Opened file : single500_GDi.glb
 Unit Number :    13
ENDOFMESSAGE
MESSAGE
RUNINFO 150006 SYSTEMBOUNDARY      1 BOOST       0.00 DEGCRA
 Open end correction for PIPE :    17
 End correction   [mm] :      9.900
 Original Length  [mm] :    160.000
 Corrected Length [mm] :    169.900
ENDOFMESSAGE
MESSAGE
RUNINFO 150006 SYSTEMBOUNDARY      2 BOOST       0.00 DEGCRA
 Open end correction for PIPE :    16
 End correction   [mm] :     10.200
 Original Length  [mm] :    500.000
 Corrected Length [mm] :    510.200
ENDOFMESSAGE
MESSAGE
CONVERGENCEFAIL 342500 JUNCTION      2 KNOTEN     194.33 DEGCRA
 The iteration of the junction massflow failed to
 converge within  25 iterations.
                    24 iteration   25 iteration
 Pressure    [Pa]:    154407.39      154407.39
 Difference in percent of meanvalue:    0.00
 Mass flow error [percent of total massflow]:  -1.11
ENDOFMESSAGE
MESSAGE
CONVERGENCEFAIL 342500 JUNCTION      2 KNOTEN     195.10 DEGCRA
 The iteration of the junction massflow failed to
 converge within  25 iterations.
                    24 iteration   25 iteration
 Pressure    [Pa]:    154407.39      154407.39
 Difference in percent of meanvalue:    0.00
 Mass flow error [percent of total massflow]:  -2.08
ENDOFMESSAGE
MESSAGE
CONVERGENCEFAIL 342500 JUNCTION      2 KNOTEN     195.86 DEGCRA
 The iteration of the junction massflow failed to
 converge within  25 iterations.
                    24 iteration   25 iteration
 Pressure    [Pa]:    154407.39      154407.39
 Difference in percent of meanvalue:    0.00
 Mass flow error [percent of total massflow]:  -2.95
ENDOFMESSAGE
MESSAGE
CONVERGENCEFAIL 342500 JUNCTION      2 KNOTEN     196.62 DEGCRA
 The iteration of the junction massflow failed to
 converge within  25 iterations.
                    24 iteration   25 iteration
 Pressure    [Pa]:    154407.39      154407.39
 Difference in percent of meanvalue:    0.00
 Mass flow error [percent of total massflow]:  -3.69
ENDOFMESSAGE
MESSAGE
CONVERGENCEFAIL 342500 JUNCTION      2 KNOTEN     198.88 DEGCRA
 The iteration of the junction massflow failed to
 converge within  25 iterations.
                    24 iteration   25 iteration
 Pressure    [Pa]:    151540.11      151540.11
 Difference in percent of meanvalue:    0.00
 Mass flow error [percent of total massflow]:  -0.55
ENDOFMESSAGE
MESSAGE
CONVERGENCEFAIL 342500 JUNCTION      2 KNOTEN     294.39 DEGCRA
 The iteration of the junction massflow failed to
 converge within  25 iterations.
                    24 iteration   25 iteration
 Pressure    [Pa]:    115246.13      115246.13
 Difference in percent of meanvalue:    0.00
 Mass flow error [percent of total massflow]:   0.91
ENDOFMESSAGE
MESSAGE
CONVERGENCEFAIL 342500 JUNCTION      2 KNOTEN     343.16 DEGCRA
 The iteration of the junction massflow failed to
 converge within  25 iterations.
                    24 iteration   25 iteration
 Pressure    [Pa]:    110944.73      110944.73
 Difference in percent of meanvalue:    0.00
 Mass flow error [percent of total massflow]:   0.58
ENDOFMESSAGE
MESSAGE
CONVERGENCEFAIL 342500 JUNCTION      2 KNOTEN     351.45 DEGCRA
 The iteration of the junction massflow failed to
 converge within  25 iterations.
                    24 iteration   25 iteration
 Pressure    [Pa]:    125116.93      125116.93
 Difference in percent of meanvalue:    0.00
 Mass flow error [percent of total massflow]:   1.42
ENDOFMESSAGE
MESSAGE
CONVERGENCEFAIL 342500 JUNCTION      2 KNOTEN     353.10 DEGCRA
 The iteration of the junction massflow failed to
 converge within  25 iterations.
                    24 iteration   25 iteration
 Pressure    [Pa]:    126743.31      126743.31
 Difference in percent of meanvalue:    0.00
 Mass flow error [percent of total massflow]:   1.00
ENDOFMESSAGE
MESSAGE
CONVERGENCEFAIL 342500 JUNCTION      2 KNOTEN     354.75 DEGCRA
 The iteration of the junction massflow failed to
 converge within  25 iterations.
                    24 iteration   25 iteration
 Pressure    [Pa]:    128087.29      128087.29
 Difference in percent of meanvalue:    0.00
 Mass flow error [percent of total massflow]:   0.80
ENDOFMESSAGE
MESSAGE
CONVERGENCEFAIL 342500 JUNCTION      2 KNOTEN     355.58 DEGCRA
 The iteration of the junction massflow failed to
 converge within  25 iterations.
                    24 iteration   25 iteration
 Pressure    [Pa]:    128087.29      128087.29
 Difference in percent of meanvalue:    0.00
 Mass flow error [percent of total massflow]:   1.08
ENDOFMESSAGE
MESSAGE
CONVERGENCEFAIL 342500 JUNCTION      2 KNOTEN     356.41 DEGCRA
 The iteration of the junction massflow failed to
 converge within  25 iterations.
                    24 iteration   25 iteration
 Pressure    [Pa]:    128087.29      128087.29
 Difference in percent of meanvalue:    0.00
 Mass flow error [percent of total massflow]:   0.74
ENDOFMESSAGE
MESSAGE
CONVERGENCEFAIL 342500 JUNCTION      2 KNOTEN     374.83 DEGCRA
 The iteration of the junction massflow failed to
 converge within  25 iterations.
                    24 iteration   25 iteration
 Pressure    [Pa]:    137267.60      137267.60
 Difference in percent of meanvalue:    0.00
 Mass flow error [percent of total massflow]:  -0.81
ENDOFMESSAGE
MESSAGE
CONVERGENCEFAIL 342500 JUNCTION      2 KNOTEN     375.62 DEGCRA
 The iteration of the junction massflow failed to
 converge within  25 iterations.
                    24 iteration   25 iteration
 Pressure    [Pa]:    137267.60      137267.60
 Difference in percent of meanvalue:    0.00
 Mass flow error [percent of total massflow]:  -1.61
ENDOFMESSAGE
MESSAGE
CONVERGENCEFAIL 342500 JUNCTION      2 KNOTEN     376.41 DEGCRA
 The iteration of the junction massflow failed to
 converge within  25 iterations.
                    24 iteration   25 iteration
 Pressure    [Pa]:    137267.60      137267.60
 Difference in percent of meanvalue:    0.00
 Mass flow error [percent of total massflow]:  -2.61
ENDOFMESSAGE
MESSAGE
CONVERGENCEFAIL 342500 JUNCTION      2 KNOTEN     377.19 DEGCRA
 The iteration of the junction massflow failed to
 converge within  25 iterations.
                    24 iteration   25 iteration
 Pressure    [Pa]:    137267.60      137267.60
 Difference in percent of meanvalue:   -0.00
 Mass flow error [percent of total massflow]:  -3.73
ENDOFMESSAGE
MESSAGE
CONVERGENCEFAIL 342500 JUNCTION      2 KNOTEN     378.75 DEGCRA
 The iteration of the junction massflow failed to
 converge within  25 iterations.
                    24 iteration   25 iteration
 Pressure    [Pa]:    133766.47      133766.47
 Difference in percent of meanvalue:    0.00
 Mass flow error [percent of total massflow]:  -1.63
ENDOFMESSAGE
MESSAGE
CONVERGENCEFAIL 342500 JUNCTION      2 KNOTEN     379.50 DEGCRA
 The iteration of the junction massflow failed to
 converge within  25 iterations.
                    24 iteration   25 iteration
 Pressure    [Pa]:    133766.47      133766.47
 Difference in percent of meanvalue:    0.00
 Mass flow error [percent of total massflow]:  -3.33
ENDOFMESSAGE
MESSAGE
CONVERGENCEFAIL 342500 JUNCTION      2 KNOTEN     380.98 DEGCRA
 The iteration of the junction massflow failed to
 converge within  25 iterations.
                    24 iteration   25 iteration
 Pressure    [Pa]:    130760.20      130760.20
 Difference in percent of meanvalue:    0.00
 Mass flow error [percent of total massflow]:  -1.87
ENDOFMESSAGE
MESSAGE
CONVERGENCEFAIL 342500 JUNCTION      2 KNOTEN     409.31 DEGCRA
 The iteration of the junction massflow failed to
 converge within  25 iterations.
                    24 iteration   25 iteration
 Pressure    [Pa]:    101391.51      101391.51
 Difference in percent of meanvalue:    0.00
 Mass flow error [percent of total massflow]:  -0.66
ENDOFMESSAGE
MESSAGE
CONVERGENCEFAIL 342500 JUNCTION      2 KNOTEN     410.11 DEGCRA
 The iteration of the junction massflow failed to
 converge within  25 iterations.
                    24 iteration   25 iteration
 Pressure    [Pa]:    105251.90      105251.90
 Difference in percent of meanvalue:   -0.00
 Mass flow error [percent of total massflow]:  -2.01
ENDOFMESSAGE
MESSAGE
CONVERGENCEFAIL 342500 JUNCTION      2 KNOTEN     457.23 DEGCRA
 The iteration of the junction massflow failed to
 converge within  25 iterations.
                    24 iteration   25 iteration
 Pressure    [Pa]:    111324.30      111324.30
 Difference in percent of meanvalue:    0.00
 Mass flow error [percent of total massflow]:   0.55
ENDOFMESSAGE
MESSAGE
CONVERGENCEFAIL 342500 JUNCTION      2 KNOTEN     458.11 DEGCRA
 The iteration of the junction massflow failed to
 converge within  25 iterations.
                    24 iteration   25 iteration
 Pressure    [Pa]:    109834.76      109834.76
 Difference in percent of meanvalue:    0.00
 Mass flow error [percent of total massflow]:   0.58
ENDOFMESSAGE
MESSAGE
CONVERGENCEFAIL 342500 JUNCTION      2 KNOTEN     459.00 DEGCRA
 The iteration of the junction massflow failed to
 converge within  25 iterations.
                    24 iteration   25 iteration
 Pressure    [Pa]:    108304.57      108304.57
 Difference in percent of meanvalue:    0.00
 Mass flow error [percent of total massflow]:   0.60
ENDOFMESSAGE
MESSAGE
CONVERGENCEFAIL 342500 JUNCTION      2 KNOTEN     459.90 DEGCRA
 The iteration of the junction massflow failed to
 converge within  25 iterations.
                    24 iteration   25 iteration
 Pressure    [Pa]:    106708.72      106708.72
 Difference in percent of meanvalue:    0.00
 Mass flow error [percent of total massflow]:   0.67
ENDOFMESSAGE
MESSAGE
CONVERGENCEFAIL 342500 JUNCTION      2 KNOTEN     460.80 DEGCRA
 The iteration of the junction massflow failed to
 converge within  25 iterations.
                    24 iteration   25 iteration
 Pressure    [Pa]:    105084.44      105084.44
 Difference in percent of meanvalue:    0.00
 Mass flow error [percent of total massflow]:   0.70
ENDOFMESSAGE
MESSAGE
CONVERGENCEFAIL 342500 JUNCTION      2 KNOTEN     461.70 DEGCRA
 The iteration of the junction massflow failed to
 converge within  25 iterations.
                    24 iteration   25 iteration
 Pressure    [Pa]:    103432.01      103432.01
 Difference in percent of meanvalue:    0.00
 Mass flow error [percent of total massflow]:   0.75
ENDOFMESSAGE
MESSAGE
CONVERGENCEFAIL 342500 JUNCTION      2 KNOTEN     462.61 DEGCRA
 The iteration of the junction massflow failed to
 converge within  25 iterations.
                    24 iteration   25 iteration
 Pressure    [Pa]:    101770.34      101770.34
 Difference in percent of meanvalue:    0.00
 Mass flow error [percent of total massflow]:   0.78
ENDOFMESSAGE
MESSAGE
CONVERGENCEFAIL 342500 JUNCTION      2 KNOTEN     463.52 DEGCRA
 The iteration of the junction massflow failed to
 converge within  25 iterations.
                    24 iteration   25 iteration
 Pressure    [Pa]:    100102.80      100102.80
 Difference in percent of meanvalue:    0.00
 Mass flow error [percent of total massflow]:   0.79
ENDOFMESSAGE
MESSAGE
CONVERGENCEFAIL 342500 JUNCTION      2 KNOTEN     464.44 DEGCRA
 The iteration of the junction massflow failed to
 converge within  25 iterations.
                    24 iteration   25 iteration
 Pressure    [Pa]:     98644.89       98644.89
 Difference in percent of meanvalue:    0.00
 Mass flow error [percent of total massflow]:   0.56
ENDOFMESSAGE
MESSAGE
CONVERGENCEFAIL 342500 JUNCTION      2 KNOTEN     469.99 DEGCRA
 The iteration of the junction massflow failed to
 converge within  25 iterations.
                    24 iteration   25 iteration
 Pressure    [Pa]:     95210.09       95210.09
 Difference in percent of meanvalue:   -0.00
 Mass flow error [percent of total massflow]:  -1.27
ENDOFMESSAGE
MESSAGE
CONVERGENCEFAIL 342500 JUNCTION      2 KNOTEN     477.62 DEGCRA
 The iteration of the junction massflow failed to
 converge within  25 iterations.
                    24 iteration   25 iteration
 Pressure    [Pa]:     97483.36       97483.36
 Difference in percent of meanvalue:    0.00
 Mass flow error [percent of total massflow]:   4.22
ENDOFMESSAGE
MESSAGE
CONVERGENCEFAIL 342500 JUNCTION      2 KNOTEN     527.12 DEGCRA
 The iteration of the junction massflow failed to
 converge within  25 iterations.
                    24 iteration   25 iteration
 Pressure    [Pa]:     94086.11       94086.11
 Difference in percent of meanvalue:    0.00
 Mass flow error [percent of total massflow]:   0.75
ENDOFMESSAGE
MESSAGE
CONVERGENCEFAIL 342500 JUNCTION      2 KNOTEN     527.91 DEGCRA
 The iteration of the junction massflow failed to
 converge within  25 iterations.
                    24 iteration   25 iteration
 Pressure    [Pa]:     94086.11       94086.11
 Difference in percent of meanvalue:    0.00
 Mass flow error [percent of total massflow]:   2.26
ENDOFMESSAGE
MESSAGE
CONVERGENCEFAIL 342500 JUNCTION      2 KNOTEN     528.69 DEGCRA
 The iteration of the junction massflow failed to
 converge within  25 iterations.
                    24 iteration   25 iteration
 Pressure    [Pa]:     94086.11       94086.11
 Difference in percent of meanvalue:    0.00
 Mass flow error [percent of total massflow]:   3.55
ENDOFMESSAGE
MESSAGE
CONVERGENCEFAIL 342500 JUNCTION      2 KNOTEN     549.45 DEGCRA
 The iteration of the junction massflow failed to
 converge within  25 iterations.
                    24 iteration   25 iteration
 Pressure    [Pa]:    132789.48      132789.48
 Difference in percent of meanvalue:    0.00
 Mass flow error [percent of total massflow]:  -0.68
ENDOFMESSAGE
MESSAGE
CONVERGENCEFAIL 342500 JUNCTION      2 KNOTEN     550.21 DEGCRA
 The iteration of the junction massflow failed to
 converge within  25 iterations.
                    24 iteration   25 iteration
 Pressure    [Pa]:    132789.48      132789.48
 Difference in percent of meanvalue:    0.00
 Mass flow error [percent of total massflow]:  -1.17
ENDOFMESSAGE
MESSAGE
CONVERGENCEFAIL 342500 JUNCTION      2 KNOTEN     550.97 DEGCRA
 The iteration of the junction massflow failed to
 converge within  25 iterations.
                    24 iteration   25 iteration
 Pressure    [Pa]:    132789.48      132789.48
 Difference in percent of meanvalue:    0.00
 Mass flow error [percent of total massflow]:  -1.96
ENDOFMESSAGE
MESSAGE
CONVERGENCEFAIL 342500 JUNCTION      2 KNOTEN     551.72 DEGCRA
 The iteration of the junction massflow failed to
 converge within  25 iterations.
                    24 iteration   25 iteration
 Pressure    [Pa]:    132789.48      132789.48
 Difference in percent of meanvalue:    0.00
 Mass flow error [percent of total massflow]:  -2.94
ENDOFMESSAGE
MESSAGE
CONVERGENCEFAIL 342500 JUNCTION      2 KNOTEN     552.47 DEGCRA
 The iteration of the junction massflow failed to
 converge within  25 iterations.
                    24 iteration   25 iteration
 Pressure    [Pa]:    132789.48      132789.48
 Difference in percent of meanvalue:    0.00
 Mass flow error [percent of total massflow]:  -4.14
ENDOFMESSAGE
MESSAGE
CONVERGENCEFAIL 342500 JUNCTION      2 KNOTEN     553.91 DEGCRA
 The iteration of the junction massflow failed to
 converge within  25 iterations.
                    24 iteration   25 iteration
 Pressure    [Pa]:    129068.89      129068.89
 Difference in percent of meanvalue:    0.00
 Mass flow error [percent of total massflow]:  -1.27
ENDOFMESSAGE
MESSAGE
CONVERGENCEFAIL 342500 JUNCTION      2 KNOTEN     554.61 DEGCRA
 The iteration of the junction massflow failed to
 converge within  25 iterations.
                    24 iteration   25 iteration
 Pressure    [Pa]:    129068.89      129068.89
 Difference in percent of meanvalue:    0.00
 Mass flow error [percent of total massflow]:  -2.53
ENDOFMESSAGE
MESSAGE
CONVERGENCEFAIL 342500 JUNCTION      2 KNOTEN     644.84 DEGCRA
 The iteration of the junction massflow failed to
 converge within  25 iterations.
                    24 iteration   25 iteration
 Pressure    [Pa]:    106826.37      106826.37
 Difference in percent of meanvalue:    0.00
 Mass flow error [percent of total massflow]:   0.90
ENDOFMESSAGE
MESSAGE
CONVERGENCEFAIL 342500 JUNCTION      2 KNOTEN     701.60 DEGCRA
 The iteration of the junction massflow failed to
 converge within  25 iterations.
                    24 iteration   25 iteration
 Pressure    [Pa]:     96844.58       96844.58
 Difference in percent of meanvalue:    0.00
 Mass flow error [percent of total massflow]:  -0.94
ENDOFMESSAGE
MESSAGE
CONVERGENCEFAIL 342500 JUNCTION      2 KNOTEN     707.97 DEGCRA
 The iteration of the junction massflow failed to
 converge within  25 iterations.
                    24 iteration   25 iteration
 Pressure    [Pa]:     97146.03       97146.03
 Difference in percent of meanvalue:    0.00
 Mass flow error [percent of total massflow]:   0.91
ENDOFMESSAGE
MESSAGE
CONVERGENCEFAIL 342500 JUNCTION      2 KNOTEN     708.75 DEGCRA
 The iteration of the junction massflow failed to
 converge within  25 iterations.
                    24 iteration   25 iteration
 Pressure    [Pa]:     97146.03       97146.03
 Difference in percent of meanvalue:    0.00
 Mass flow error [percent of total massflow]:   3.64
ENDOFMESSAGE
MESSAGE
CONVERGENCEFAIL 342500 JUNCTION      2 KNOTEN     710.32 DEGCRA
 The iteration of the junction massflow failed to
 converge within  25 iterations.
                    24 iteration   25 iteration
 Pressure    [Pa]:     99689.76       99689.76
 Difference in percent of meanvalue:    0.00
 Mass flow error [percent of total massflow]:   4.56
ENDOFMESSAGE
MESSAGE
CONVERGENCEFAIL 342500 JUNCTION      2 KNOTEN     711.88 DEGCRA
 The iteration of the junction massflow failed to
 converge within  25 iterations.
                    24 iteration   25 iteration
 Pressure    [Pa]:    103278.51      103278.51
 Difference in percent of meanvalue:    0.00
 Mass flow error [percent of total massflow]:   4.10
ENDOFMESSAGE
MESSAGE
CONVERGENCEFAIL 342500 JUNCTION      2 KNOTEN     713.45 DEGCRA
 The iteration of the junction massflow failed to
 converge within  25 iterations.
                    24 iteration   25 iteration
 Pressure    [Pa]:    107073.46      107073.46
 Difference in percent of meanvalue:    0.00
 Mass flow error [percent of total massflow]:   2.85
ENDOFMESSAGE
MESSAGE
CONVERGENCEFAIL 342500 JUNCTION      2 KNOTEN     732.01 DEGCRA
 The iteration of the junction massflow failed to
 converge within  25 iterations.
                    24 iteration   25 iteration
 Pressure    [Pa]:    123137.34      123137.34
 Difference in percent of meanvalue:    0.00
 Mass flow error [percent of total massflow]:  -0.63
ENDOFMESSAGE
MESSAGE
CONVERGENCEFAIL 342500 JUNCTION      2 KNOTEN     732.78 DEGCRA
 The iteration of the junction massflow failed to
 converge within  25 iterations.
                    24 iteration   25 iteration
 Pressure    [Pa]:    123137.34      123137.34
 Difference in percent of meanvalue:    0.00
 Mass flow error [percent of total massflow]:  -1.31
ENDOFMESSAGE
MESSAGE
CONVERGENCEFAIL 342500 JUNCTION      2 KNOTEN     733.54 DEGCRA
 The iteration of the junction massflow failed to
 converge within  25 iterations.
                    24 iteration   25 iteration
 Pressure    [Pa]:    123137.34      123137.34
 Difference in percent of meanvalue:    0.00
 Mass flow error [percent of total massflow]:  -2.24
ENDOFMESSAGE
MESSAGE
CONVERGENCEFAIL 342500 JUNCTION      2 KNOTEN     734.27 DEGCRA
 The iteration of the junction massflow failed to
 converge within  25 iterations.
                    24 iteration   25 iteration
 Pressure    [Pa]:    123137.34      123137.34
 Difference in percent of meanvalue:    0.00
 Mass flow error [percent of total massflow]:  -3.27
ENDOFMESSAGE
MESSAGE
CONVERGENCEFAIL 342500 JUNCTION      2 KNOTEN     734.99 DEGCRA
 The iteration of the junction massflow failed to
 converge within  25 iterations.
                    24 iteration   25 iteration
 Pressure    [Pa]:    123137.34      123137.34
 Difference in percent of meanvalue:    0.00
 Mass flow error [percent of total massflow]:  -4.42
ENDOFMESSAGE
MESSAGE
CONVERGENCEFAIL 342500 JUNCTION      2 KNOTEN     736.38 DEGCRA
 The iteration of the junction massflow failed to
 converge within  25 iterations.
                    24 iteration   25 iteration
 Pressure    [Pa]:    119631.80      119631.80
 Difference in percent of meanvalue:    0.00
 Mass flow error [percent of total massflow]:  -1.16
ENDOFMESSAGE
MESSAGE
CONVERGENCEFAIL 342500 JUNCTION      2 KNOTEN     879.40 DEGCRA
 The iteration of the junction massflow failed to
 converge within  25 iterations.
                    24 iteration   25 iteration
 Pressure    [Pa]:    100782.39      100782.39
 Difference in percent of meanvalue:    0.00
 Mass flow error [percent of total massflow]:   0.56
ENDOFMESSAGE
MESSAGE
CONVERGENCEFAIL 342500 JUNCTION      2 KNOTEN     882.35 DEGCRA
 The iteration of the junction massflow failed to
 converge within  25 iterations.
                    24 iteration   25 iteration
 Pressure    [Pa]:    100782.39      100782.39
 Difference in percent of meanvalue:    0.00
 Mass flow error [percent of total massflow]:  -1.24
ENDOFMESSAGE
MESSAGE
CONVERGENCEFAIL 342500 JUNCTION      2 KNOTEN     894.52 DEGCRA
 The iteration of the junction massflow failed to
 converge within  25 iterations.
                    24 iteration   25 iteration
 Pressure    [Pa]:     98738.92       98738.92
 Difference in percent of meanvalue:    0.00
 Mass flow error [percent of total massflow]:  -0.94
ENDOFMESSAGE
MESSAGE
CONVERGENCEFAIL 342500 JUNCTION      2 KNOTEN     895.43 DEGCRA
 The iteration of the junction massflow failed to
 converge within  25 iterations.
                    24 iteration   25 iteration
 Pressure    [Pa]:     98738.92       98738.92
 Difference in percent of meanvalue:    0.00
 Mass flow error [percent of total massflow]:  -0.89
ENDOFMESSAGE
MESSAGE
CONVERGENCEFAIL 342500 JUNCTION      2 KNOTEN     898.13 DEGCRA
 The iteration of the junction massflow failed to
 converge within  25 iterations.
                    24 iteration   25 iteration
 Pressure    [Pa]:     98738.92       98738.92
 Difference in percent of meanvalue:    0.00
 Mass flow error [percent of total massflow]:  -1.13
ENDOFMESSAGE
MESSAGE
CONVERGENCEFAIL 342500 JUNCTION      2 KNOTEN     900.89 DEGCRA
 The iteration of the junction massflow failed to
 converge within  25 iterations.
                    24 iteration   25 iteration
 Pressure    [Pa]:     98154.37       98154.37
 Difference in percent of meanvalue:    0.00
 Mass flow error [percent of total massflow]:  -0.81
ENDOFMESSAGE
MESSAGE
CONVERGENCEFAIL 342500 JUNCTION      2 KNOTEN     946.00 DEGCRA
 The iteration of the junction massflow failed to
 converge within  25 iterations.
                    24 iteration   25 iteration
 Pressure    [Pa]:     95497.87       95497.87
 Difference in percent of meanvalue:    0.00
 Mass flow error [percent of total massflow]:   0.98
ENDOFMESSAGE
MESSAGE
CONVERGENCEFAIL 342500 JUNCTION      2 KNOTEN     947.85 DEGCRA
 The iteration of the junction massflow failed to
 converge within  25 iterations.
                    24 iteration   25 iteration
 Pressure    [Pa]:     95942.06       95942.06
 Difference in percent of meanvalue:    0.00
 Mass flow error [percent of total massflow]:   0.87
ENDOFMESSAGE
MESSAGE
CONVERGENCEFAIL 342500 JUNCTION      2 KNOTEN    2645.88 DEGCRA
 The iteration of the junction massflow failed to
 converge within  25 iterations.
                    24 iteration   25 iteration
 Pressure    [Pa]:     94157.27       94157.27
 Difference in percent of meanvalue:    0.00
 Mass flow error [percent of total massflow]:   1.00
ENDOFMESSAGE
MESSAGE
CONVERGENCEFAIL 342500 JUNCTION      2 KNOTEN    2646.67 DEGCRA
 The iteration of the junction massflow failed to
 converge within  25 iterations.
                    24 iteration   25 iteration
 Pressure    [Pa]:     93222.35       93222.35
 Difference in percent of meanvalue:    0.00
 Mass flow error [percent of total massflow]:   0.91
ENDOFMESSAGE
