 --------------------------------
 AVL - B O O S T
 Version:        v2022.1.0.0.0
 Build:          Apr 27 2022 22:44:48
 Git Build Hash: 7670062eda46b95e13935a621f250d93513addf7
 System:         x86_64-unknown-winnt_i19v19
 --------------------------------

LICENSE
-------
 sys_1DCFD_solver 2022.0@ License will expire in 218 days

PROJECT
-------
 Preprocessor Version :  2022.1
 Calculation date     : 14.10.2025
 File     : single500_GDi.bst
 Case Set : "Case Set 1"
 Case     : "Case 7"
 
 Project ID: "4-Cylinder"
 Run ID:     "WOT"
 Model date: "7.3.2000"

ELEMENTS
--------
 Element Name        Number

 PIPE                  23
 SYSTEMBOUNDARY         2
 CYLINDER               4
 RESTRICTION            8
 MEASURINGPOINT         8
 JUNCTION               7
 ENGINE                 1
 PIPE_END              46
 ALL_PIPES             23
 ALL_BOUNDARIES         2
 RESTRICTIONS           8
 ALL_PIDS               1
 PIPE_VAR_WALL_TEMP    23

GLOBAL DATA
-----------
  Engine Speed :         4000.0  rpm
  Calculationmode:        BOOST  Single
  Cycle Duration:        720.00  degrees
  Max. calc. period:   14400.00  degrees
  Cycles calculated:         20  cycles
  Calc. time steps:     1.02704  degrees (max)
                        0.67725  degrees
                        0.02822  ms
                        0.67725  degrees (short pipe)
                        0.02822  ms (short pipe)
  Traces results step:  5.00000  degrees
  User concentrations:        0
  Ref. pressure:      100000.00  Pa
  Ref. temperature:     298.000  K
  Gas properties:      Variable
  Gasproperties File:     GASOLINE.BGP
     bgp_build_version:   v2013.0.0.0.0
     bgp_build_host:      boosthost
     bgp_build_user:      boost
     bgp_build_date:      2012.03.23
     bgp_build_time:      08:00:00
  Lower calorific:  0.43500E+08  J/kg
  Stoic. A/F-ratio:      14.500

  Warnings:                   0
  Convergence errors:       291

PIPES
-----

 Total number of pipe cells:     89

 Pipe   Cells   Cell size       W.Heat     Wall T    Fric. coeff.   Lam. Fric. Coeff.  Heat Factor       Volume
  nr.                [mm]         [kJ]        [K]             [-]                 [-]          [-]        [dm3]
    1       2        40.0        0.001     340.00        0.040000           64.000000     1.000000     0.070513
    2       2        30.0       -0.005     850.00        0.040000           64.000000     1.000000     0.048255
    3       2        40.0        0.001     340.00        0.040000           64.000000     1.000000     0.070513
    4       2        30.0       -0.006     850.00        0.040000           64.000000     1.000000     0.048255
    5       2        40.0        0.001     340.00        0.040000           64.000000     1.000000     0.070513
    6       2        30.0       -0.006     850.00        0.040000           64.000000     1.000000     0.048255
    7       2        40.0        0.001     340.00        0.040000           64.000000     1.000000     0.070513
    8       2        30.0       -0.006     850.00        0.040000           64.000000     1.000000     0.048255
    9       3        30.3        0.001     300.00        0.019000           64.000000     1.000000     0.092423
   10       3        36.7        0.000     300.00        0.019000           64.000000     1.000000     0.111966
   11       2        40.0        0.000     300.00        0.019000           64.000000     1.000000     0.081430
   12       3        36.7        0.000     300.00        0.019000           64.000000     1.000000     0.111966
   13       3        36.7        0.000     300.00        0.019000           64.000000     1.000000     0.111966
   14       2        40.0        0.000     300.00        0.019000           64.000000     1.000000     0.081430
   15       2        40.0        0.000     300.00        0.019000           64.000000     1.000000     0.081430
   16       3        36.7        0.000     300.00        0.019000           64.000000     1.000000     0.111966
   17      10        30.0       -0.106     300.00        0.019000           64.000000     1.000000     0.376991
   18      10        30.0       -0.109     300.00        0.019000           64.000000     1.000000     0.376991
   19      10        30.0       -0.103     300.00        0.019000           64.000000     1.000000     0.376991
   20      10        30.0       -0.108     300.00        0.019000           64.000000     1.000000     0.376991
   21       1        50.0       -0.033     300.00        0.019000           64.000000     1.000000     0.062832
   22       1        50.0       -0.034     300.00        0.019000           64.000000     1.000000     0.062832
   23      10        31.2       -0.227     300.00        0.019000           64.000000     1.000000     0.392071


MEASURINGPOINTS: Average Values
-------------------------------
 Mp. Pipe Location   Diameter  Pressure  Temp. Ms.Temp.  Velo.   Massflow   Massflow To.Ent.f.  To.Ent.f.  Mach. Wtemp.  Converg.
 nr.  nr.     [mm]       [mm]     [bar]    [K]      [K]  [m/s]      [g/s]  [g/cycle]    [kJ/s]  [kJ/cyc.]    [-]    [K]       [-]
  1   1    10.0000    33.5000    0.9575  295.8    286.7   18.5    17.6822     0.5305    -0.096    -0.0029   0.05  340.0 0.363E-07
  2  19    10.0000    40.0000    1.1477 1057.7   1262.3   43.9    18.9036     0.5671    22.544     0.6763   0.07  300.0 0.214E-06
  3   3    10.0000    33.5000    0.9586  297.1    290.5   19.7    19.1940     0.5758    -0.044    -0.0013   0.06  340.0 0.676E-07
  4  17    10.0000    40.0000    1.1490 1049.2   1265.4   46.6    20.5219     0.6157    24.652     0.7396   0.07  300.0 0.368E-06
  5   5    10.0000    33.5000    0.9606  297.4    288.1   21.3    19.7014     0.5910    -0.093    -0.0028   0.06  340.0 0.300E-07
  6  18    10.0000    40.0000    1.1489 1046.0   1267.6   47.2    21.0837     0.6325    25.400     0.7620   0.07  300.0 0.847E-07
  7   7    10.0000    33.5000    0.9623  298.2    290.9   20.7    19.7738     0.5932    -0.058    -0.0017   0.06  340.0 0.265E-07
  8  20    10.0000    40.0000    1.1484 1045.2   1267.0   47.5    21.1531     0.6346    25.489     0.7647   0.07  300.0 0.238E-06

SYSTEMBOUNDARIES
Attachments
-----------
 Type                 Nr.   Pipe       Mass flow
                             Nr.       [g/cycle]
 SYSTEMBOUNDARY        1      9          2.2907
 SYSTEMBOUNDARY        2     23          2.4493

CYLINDERS: Average Values
-------------------------
                               Total
                              Engine         Cyl.   1       Cyl.   2       Cyl.   3       Cyl.   4
Firing TDC [deg]                                  0.00         540.00         180.00         360.00
Bore [mm]                                        86.00          86.00          86.00          86.00
Stroke [mm]                                      86.00          86.00          86.00          86.00
Conrodl. [mm]                                   143.50         143.50         143.50         143.50
Piston pin offset [mm]                            0.00           0.00           0.00           0.00
Swept Vol. [l]                   1.9982         0.4996         0.4996         0.4996         0.4996
Compression ratio [-]                            10.50          10.50          10.50          10.50
Dyn. Comp. ratio [-]                              8.01           8.00           7.97           7.97

Combustion Data:
----------------
Combustion Char.                               2Z-Vibe        2Z-Vibe        2Z-Vibe        2Z-Vibe     
Comb.start [deg]                                 -8.00          -8.00          -8.00          -8.00
Comb.dur.1 [deg]                                 50.00          50.00          50.00          50.00
Peak Fir.Pres. [bar]              63.41          58.65          63.66          65.55          65.77
at Crankangle [deg]               16.64          16.64          16.61          16.70          16.61
Peak Pres.Rise[bar/deg]            2.58           2.39           2.60           2.66           2.67
at Crankangle [deg]                4.08           4.08           4.07           4.09           4.07
Peak Fir. Temp. [K]             2552.26        2540.08        2553.12        2558.25        2557.59
at Crankangle [deg]               26.40          26.39          26.35          26.49          26.35
Peak T_burned [K]               2715.07        2702.83        2716.05        2721.01        2720.41
at Crankangle [deg]               12.92          12.92          12.90          12.97          12.90
Res. Gascompr. [bar]               1.18           1.17           1.18           1.17           1.19
at Crankangle [deg]              257.73         253.66         258.98         259.19         259.08
Evaporation Energy [kJ]         -0.0465        -0.0108        -0.0117        -0.0120        -0.0120
Required O.N. [-]                 93.61          86.65          91.11          93.58          93.61
Knock Intensity [-]               -1.00           0.00           0.00           0.00           0.00

Emissions (Classic Species Transport):
--------------------------------------
NOx: Calculated based on MTZ 34 1973 (12).
CO:  Calculated based on SAE 2002-01-0006.
HC:  Calculated based on SAE 2002-01-0006.
NOX   [g/kWh]                  8.958072       8.323792       8.960399       9.269048       9.207495
NOX   [g/h]                  724.532594     154.681581     182.667218     193.616915     193.566880
NOX   [ppm]                     2383.91        2198.60        2391.67        2467.45        2458.72
CO    [g/kWh]                  0.608200       0.609319       0.605156       0.616769       0.601648
CO    [g/h]                   49.191447      11.323008      12.336741      12.883401      12.648298
CO    [ppm]                      173.38         172.41         173.03         175.88         172.11
HC    [g/kWh]                  0.491157       0.525684       0.488132       0.476622       0.478012
HC    [g/h]                   39.724985       9.768818       9.951096       9.955942      10.049128
HC    [ppm]                       93.38          99.20          93.08          90.65          91.19

Performance:
------------
IMEP [bar]                      13.6857        12.7026        13.7853        14.0871        14.1677
Rel. to Ave. [-]                                0.9282         1.0073         1.0293         1.0352
IMEP Exh. [bar]                 -1.0402        -1.0253        -1.0407        -1.0457        -1.0491
IMEP Int. [bar]                  0.8675         0.8845         0.8916         0.8312         0.8628
IMEP Gasex. [bar]               -0.1727        -0.1409        -0.1491        -0.2145        -0.1864
IMEP HP [bar]                   13.8584        12.8434        13.9344        14.3016        14.3540
FMEP [bar]                       1.5429         1.5429         1.5429         1.5429         1.5429
BMEP [bar]                      12.1428        11.1597        12.2425        12.5442        12.6248
AMEP;SMEP [bar]                  0.0000         0.0000         0.0000         0.0000         0.0000
ISFC [g/kWh]                   208.0414       207.5599       207.6094       208.7158       208.2231
Rel. to Ave. [-]                                0.9977         0.9979         1.0032         1.0009
ISFC (tr.f.) [g/kWh]           208.0414       207.5599       207.6094       208.7158       208.2231
BSFC [g/kWh]                   234.4750       236.2555       233.7734       234.3865       233.6696
Indicated Eff. [-]               0.3978         0.3987         0.3986         0.3965         0.3975
Iso vol. comb. Eff [-]           0.9469         0.9470         0.9469         0.9469         0.9469
Polytropic Coeff. [-]                           1.2870         1.2857         1.2844         1.2844

Fuel Mass Balance:
------------------
Inj. Fuelmass [g]              0.158030       0.036584       0.039713       0.040798       0.040935
Asp.Trap. Fuelmass [g]         0.000007       0.000002       0.000001       0.000002       0.000002
Fuelmassfl.(A+I) [g/s]         5.267900       1.219542       1.323811       1.359998       1.364550
Fuelmass tot.trap. [g]         0.158037       0.036586       0.039714       0.040800       0.040936
Trapped Fuelm.fl.[g/s]         5.267900       1.219542       1.323811       1.359998       1.364550
Trapp. Eff. Fuel [-]             1.0000         1.0000         1.0000         1.0000         1.0000

Energy Balance Cylinder:
------------------------
Fuel Energy [kJ]                6.87534        1.59167        1.72775        1.77499        1.78092
Released Energy [kJ]            6.66610        1.54303        1.67523        1.72106        1.72678
-> Brake Power     [%]           36.399         36.130         36.507         36.411         36.524
-> Loss: Friction  [%]            4.625          4.995          4.601          4.478          4.463
-> Loss: Piston    [%]            3.865          3.901          3.854          3.860          3.849
-> Loss: Head      [%]            4.756          4.794          4.741          4.753          4.739
-> Loss: Liner     [%]            4.718          4.766          4.704          4.713          4.695
-> Loss: Int. Port [%]            0.008          0.012          0.008          0.004          0.009
-> Loss: Exh. Port [%]            0.397          0.412          0.395          0.391          0.390
-> Loss: Exh. Gas  [%]           45.683         45.435         45.634         45.843         45.793
Eff. Rel. Energy [kJ]           6.65350        1.54012        1.67207        1.71780        1.72350
Gross Rel. Energy [kJ]          6.66610        1.54303        1.67523        1.72106        1.72678
Eff.Gross Rel.Ener.[kJ]         6.65350        1.54012        1.67207        1.71780        1.72350
Energy Balance [-]               0.9989         0.9987         0.9989         0.9989         0.9989
Eff. Energy Balance [-]          0.9970         0.9968         0.9970         0.9970         0.9970

Blowby:
-------
Blowbymass [g]                 0.000000       0.000000       0.000000       0.000000       0.000000
Blowbymassfl. [g/s]            0.000000       0.000000       0.000000       0.000000       0.000000
Blowby Heat Flow [kJ]          0.000000       0.000000       0.000000       0.000000       0.000000

Reference Values at Start of High Pressure:
-------------------------------------------
Pressure at SHP[bar]             1.6870         1.5407         1.6826         1.7611         1.7634
Temperature [K]                  409.71         403.45         407.88         414.08         413.41
Air Massfl.  [g/s]            76.381332      17.681986      19.194790      19.719870      19.784686
Fuel Massfl. [g/s]             5.267900       1.219542       1.323811       1.359998       1.364550
Trapp. Eff. Air [-]              1.0000         1.0000         1.0000         1.0000         1.0000
Trapp. Eff.Fuel [-]              1.0000         1.0000         1.0000         1.0000         1.0000
A/F-Ratio (Cmb.) [-]              14.55          14.55          14.55          14.55          14.55
Excess Air Ratio [-]             1.0036         1.0035         1.0036         1.0036         1.0035

Reference Values at Start Of Combustion:
----------------------------------------
Pressure [bar]                  23.8078        21.9189        23.8299        24.6323        24.8501
Temperature [K]                  755.35         747.12         753.07         760.56         760.64

Residual Gas:
-------------
Res.gas content [-]              0.0511         0.0552         0.0498         0.0497         0.0500
External EGR [-]                 0.0000        -0.0000        -0.0000         0.0000         0.0000
Internal EGR [-]                 0.0511         0.0552         0.0498         0.0497         0.0500
Com.Prod.Mass. at EO [g]       2.572108       0.597856       0.645541       0.663165       0.665546
Res.gas mass at SHP [g]        0.124893       0.031390       0.030539       0.031314       0.031650
Res.gas aspirated IN [g]       0.000000      -0.000000      -0.000001       0.000000       0.000001
Res.gas from intake [g]        0.029557       0.007938       0.007239       0.006030       0.008349
Rel. to Total [-]                0.2367         0.2529         0.2371         0.1926         0.2638
Res.gas flow EX [g]            2.447302       0.566489       0.615022       0.631859       0.633932
Res.gas from exhaust [g]       0.036862       0.009416       0.008648       0.009211       0.009586
Rel. to Total [-]                0.2951         0.3000         0.2832         0.2942         0.3029

Gas Exchange:
-------------
Volumetric Eff. [-]              0.9811         0.9085         0.9862         1.0132         1.0165
Rel. to Ave. [-]                                0.9260         1.0052         1.0327         1.0361
Total Mass at SHP[g]             2.4449         0.5684         0.6135         0.6303         0.6326
Mass Delivered [g]              2.29133        0.53043        0.57582        0.59157        0.59352
Mass Delivered [g/s]           76.37782       17.68099       19.19390       19.71902       19.78391
Delivery Ratio [-]               0.9811         0.9084         0.9862         1.0131         1.0165
Rel. to Ave. [-]                                0.9260         1.0052         1.0327         1.0361
Av.Airmass at SHP[g]             2.2914         0.5305         0.5758         0.5916         0.5935
Air Delivered [g]               2.29144        0.53046        0.57584        0.59160        0.59354
Air Delivered [g/s]            76.38133       17.68199       19.19479       19.71987       19.78469
Airdeliveryratio [-]             0.9811         0.9085         0.9862         1.0132         1.0165
Rel. to Ave. [-]                                0.9260         1.0052         1.0327         1.0361
Airmass Trapped [g]             2.29144        0.53046        0.57584        0.59160        0.59354
Airmass Trapped [g/s]          76.38133       17.68199       19.19479       19.71987       19.78469
Trapp. Eff. Air [-]              1.0000         1.0000         1.0000         1.0000         1.0000
Rel. to Ave. [-]                                1.0000         1.0000         1.0000         1.0000
Airpurity [-]                    0.9372         0.9332         0.9385         0.9386         0.9382
Dyn. Swirl [-]                   0.0000         0.0000         0.0000         0.0000         0.0000
Dyn. Tumble [-]                  0.0000         0.0000         0.0000         0.0000         0.0000

Wall Heatlosses:
----------------
Piston [kJ]                     -0.2577        -0.0602        -0.0646        -0.0664        -0.0665
Piston Temperature [K]                          540.00         540.00         540.00         540.00
Cylinderhead [kJ]              -0.31704       -0.07397       -0.07943       -0.08181       -0.08183
Head Temperature [K]                            585.00         585.00         585.00         585.00
Cylinderliner [kJ]             -0.31453       -0.07354       -0.07881       -0.08111       -0.08107
LinerTDC Temperature [K]                        445.00         445.00         445.00         445.00
LinerBDC Temperature [K]                        440.00         440.00         440.00         440.00
Sum of Wallheat [kJ]           -0.88923       -0.20771       -0.22280       -0.22936       -0.22937
Wall Heatlosses in High Pressure Phase:
Piston HP [kJ]                 -0.22251       -0.05188       -0.05582       -0.05731       -0.05750
Cylinderhead HP [kJ]           -0.27818       -0.06483       -0.06978       -0.07166       -0.07190
Cylinderliner HP [kJ]          -0.17091       -0.03988       -0.04289       -0.04392       -0.04423
Sum of Wallheat HP [kJ]        -0.67160       -0.15659       -0.16849       -0.17289       -0.17363
Wall Heatlosses Related to Heatinput:
Piston [-]                      -0.0375        -0.0378        -0.0374        -0.0374        -0.0373
Cylinderhead [-]                -0.0461        -0.0465        -0.0460        -0.0461        -0.0460
Cylinderliner [-]               -0.0458        -0.0462        -0.0456        -0.0457        -0.0455
Sum of Wallheat [-]             -0.1294        -0.1305        -0.1290        -0.1292        -0.1288
M. Eff. HTC [W/m2/K]             437.81         418.21         439.53         446.12         447.37
M. Eff. Temp. [K]               1380.88        1362.89        1379.77        1391.39        1389.47

Reference Values at EO:
-----------------------
Pressure [bar]                     6.45           5.96           6.48           6.69           6.68
Temperature [K]                 1710.86        1699.79        1711.58        1717.44        1714.64
A/F-Ratio [-]                     14.50          14.50          14.50          14.50          14.50
Com.Prod.Conc. [-]              0.99915        0.99906        0.99918        0.99919        0.99918
Fuel Concentr. [-]             0.000056       0.000062       0.000054       0.000053       0.000054

Average Values of Pipeattachements:
-----------------------------------
 Attached Pipe                                       1              3              5              7
Vlv/Prt.Op.Clr.0mm[deg]                         340.00         340.00         340.00         340.00
Vlv/Prt.Op.Eff.0mm[deg]                         340.00         340.00         340.00         340.00
Vlv/Prt.Op.Eff.1mm[deg]                         362.50         362.50         362.50         362.50
Vlv/Prt.Op.Udef.mm[deg]                         340.00         340.00         340.00         340.00
Vlv/Prt.Cl.Clr.0mm[deg]                         610.00         610.00         610.00         610.00
Vlv/Prt.Cl.Eff.0mm[deg]                         610.00         610.00         610.00         610.00
Vlv/Prt.Cl.Eff.1mm[deg]                         577.52         577.52         577.52         577.52
Vlv/Prt.Cl.Udef.mm[deg]                         610.00         610.00         610.00         610.00
Cam Phasing [deg]                                 0.00           0.00           0.00           0.00
Massflow [g/cycle]                            0.530430       0.575817       0.591571       0.593517
Wallheat [kJ/cycle]                          -0.000191      -0.000133      -0.000066      -0.000156
rel.to Heatinp.[-]                             -0.0001        -0.0001        -0.0000        -0.0001
 Attached Pipe                                       2              4              6              8
Vlv/Prt.Op.Clr.0mm[deg]                         130.00         130.00         130.00         130.00
Vlv/Prt.Op.Eff.0mm[deg]                         130.00         130.00         130.00         130.00
Vlv/Prt.Op.Eff.1mm[deg]                         150.84         150.84         150.84         150.84
Vlv/Prt.Op.Udef.mm[deg]                         130.00         130.00         130.00         130.00
Vlv/Prt.Cl.Clr.0mm[deg]                         390.00         390.00         390.00         390.00
Vlv/Prt.Cl.Eff.0mm[deg]                         390.00         390.00         390.00         390.00
Vlv/Prt.Cl.Eff.1mm[deg]                         356.00         356.00         356.00         356.00
Vlv/Prt.Cl.Udef.mm[deg]                         390.00         390.00         390.00         390.00
Cam Phasing [deg]                                 0.00           0.00           0.00           0.00
Massflow [g/cycle]                            0.567022       0.615528       0.632370       0.634452
Wallheat [kJ/cycle]                          -0.006355      -0.006620      -0.006724      -0.006732
rel.to Heatinp.[-]                             -0.0040        -0.0038        -0.0038        -0.0038

FLOWRESTRICTIONS: Average Values
--------------------------------
 Flr. Att.Pi.  Massflow  Att.Pi.  Massflow
  nr.  number [g/cycle]   number [g/cycle]
    1       2    0.5670       19    0.5671
    2       1    0.5304       10    0.5304
    3       4    0.6155       17    0.6156
    4       3    0.5758       12    0.5757
    5       6    0.6324       18    0.6325
    6       5    0.5916       13    0.5915
    7       8    0.6345       20    0.6346
    8       7    0.5935       16    0.5934

JUNCTIONS: Average Values
-------------------------
Junction   1: Attached pipe   9:     -2.2907 g/cycle
              Attached pipe  10:     -0.5304 g/cycle
              Attached pipe  11:     -1.7602 g/cycle
Junction   2: Attached pipe  11:     -1.7602 g/cycle
              Attached pipe  12:     -0.5757 g/cycle
              Attached pipe  14:     -1.1843 g/cycle
Junction   3: Attached pipe  13:     -0.5915 g/cycle
              Attached pipe  14:     -1.1843 g/cycle
              Attached pipe  15:     -0.5928 g/cycle
Junction   4: Attached pipe  15:     -0.5928 g/cycle
              Attached pipe  16:     -0.5934 g/cycle
Junction   5: Attached pipe  17:     -0.6156 g/cycle
              Attached pipe  18:     -0.6325 g/cycle
              Attached pipe  22:     -1.2475 g/cycle
Junction   6: Attached pipe  19:     -0.5671 g/cycle
              Attached pipe  20:     -0.6346 g/cycle
              Attached pipe  21:     -1.2011 g/cycle
Junction   7: Attached pipe  21:     -1.2011 g/cycle
              Attached pipe  22:     -1.2475 g/cycle
              Attached pipe  23:     -2.4493 g/cycle

OVERALL ENGINE PERFORMANCE:
===========================

Indicated Torque          :    217.62 Nm                    Indicated Specific Torque :    108.91 Nm/l
Indicated Power           :     91.16 kW,       123.94 PS   Indicated Specific Power  :     45.62 kW/l,      62.02 PS/l
Friction Torque           :     24.53 Nm                    Friction Power            :     10.28 kW
Effective Torque          :    193.09 Nm                    Effective Specific Torque :     96.63 Nm/l
Effective Power           :     80.88 kW,       109.97 PS   Effective Specific Power  :     40.48 kW/l,      55.03 PS/l

Required time for reading the inputfile and initialisation:       0.08 min
Required time for the calculation: .........................      0.33 min
Required time for writing the outputfile: ..................      0.01 min
Required total time: .......................................      0.42 min
Required total CPU-time: ...................................     13.30 sec
