MESSAGE
RUNINFO      1 CONTROL      1 BOOST       0.00 DEGCRA
 System date and time : 16.10.2025 20:50:54
ENDOFMESSAGE
MESSAGE
RUNINFO      2 CONTROL      2 BOOST       0.00 DEGCRA
 Executable information:
  Version  : v2022.1.0.0.0
  Build    : Apr 27 2022 22:44:48
  Platform : x86_64-unknown-winnt_i19v19
ENDOFMESSAGE
MESSAGE
RUNINFO      3 CONTROL      3 BOOST       0.00 DEGCRA
 Opened file :  t3_GDi.bst
ENDOFMESSAGE
MESSAGE
RUNINFO 70011 INPUT     0 BST_READ_GLOBAL 0.00DEGCRA
  The following User Defined Parameters were identified:
ENDOFMESSAGE
ENDOFMESSAGE
MESSAGE
RUNINFO 571129 INPUT      0 BST_READ_GLOBAL       0.00 DEGCRA
 Using C gas property library
ENDOFMESSAGE
MESSAGE
RUNINFO 270000 REACTION_LIBRARY      1 CL_BOOST_MessageSystem       0.00 DEGCRA
>>> Catalyst Library <<<
  Version: 2.800
  Platform: x86_64-unknown-winnt_i19v19
  Build date: Apr 27 2022 21:58:54
ENDOFMESSAGE
MESSAGE
RUNINFO 270000 REACTION_LIBRARY      1 CL_BOOST_MessageSystem       0.00 DEGCRA
>>> Transfer Model Library Version 1.400 <<<
ENDOFMESSAGE
MESSAGE
RUNINFO 100001 BOOST      1 BOOST_GPR_printf       0.00 DEGCRA
    Classic gas property data are read from:
      C:/Program Files (x86)/AVL/R2022.1/BOOST/files/GASOLINE.BGP

ENDOFMESSAGE
MESSAGE
RUNINFO      0 CYLINDER      1 READ_INDIVIDUAL_CYLINDER       0.00 DEGCRA
 Intake valve profile shifted.
 Opening shift :     0.000
 Closing shift :     0.000
ENDOFMESSAGE
MESSAGE
RUNINFO      0 CYLINDER      1 READ_INDIVIDUAL_CYLINDER       0.00 DEGCRA
 Exhaust valve profile shifted.
 Opening shift :     0.000
 Closing shift :     0.000
ENDOFMESSAGE
MESSAGE
RUNINFO      0 CYLINDER      2 READ_INDIVIDUAL_CYLINDER       0.00 DEGCRA
 Intake valve profile shifted.
 Opening shift :     0.000
 Closing shift :     0.000
ENDOFMESSAGE
MESSAGE
RUNINFO      0 CYLINDER      2 READ_INDIVIDUAL_CYLINDER       0.00 DEGCRA
 Exhaust valve profile shifted.
 Opening shift :     0.000
 Closing shift :     0.000
ENDOFMESSAGE
MESSAGE
RUNINFO      0 CYLINDER      3 READ_INDIVIDUAL_CYLINDER       0.00 DEGCRA
 Intake valve profile shifted.
 Opening shift :     0.000
 Closing shift :     0.000
ENDOFMESSAGE
MESSAGE
RUNINFO      0 CYLINDER      3 READ_INDIVIDUAL_CYLINDER       0.00 DEGCRA
 Exhaust valve profile shifted.
 Opening shift :     0.000
 Closing shift :     0.000
ENDOFMESSAGE
MESSAGE
RUNINFO  10660 GLOBAL      1 LICENSING       0.00 DEGCRA
  >>>
  >>>   The Licence for application "sys_1DCFD_solver"
  >>>   has been checked out!
  >>>
ENDOFMESSAGE
MESSAGE
RUNINFO      0 POSTLINKS      0 BOOST       0.00 DEGCRA
 Opened file : t3_GDi.glb
 Unit Number :    13
ENDOFMESSAGE
MESSAGE
RUNINFO 150006 SYSTEMBOUNDARY      1 BOOST       0.00 DEGCRA
 Open end correction for PIPE :     2
 End correction   [mm] :     21.000
 Original Length  [mm] :    300.000
 Corrected Length [mm] :    321.000
ENDOFMESSAGE
MESSAGE
RUNINFO 150006 SYSTEMBOUNDARY      2 BOOST       0.00 DEGCRA
 Open end correction for PIPE :     8
 End correction   [mm] :     18.000
 Original Length  [mm] :   1000.000
 Corrected Length [mm] :   1018.000
ENDOFMESSAGE
MESSAGE
CONVERGENCEFAIL 342500 JUNCTION      1 KNOTEN      28.34 DEGCRA
 The iteration of the junction massflow failed to
 converge within  25 iterations.
                    24 iteration   25 iteration
 Pressure    [Pa]:    185758.59      185758.59
 Difference in percent of meanvalue:    0.00
 Mass flow error [percent of total massflow]:  -0.61
ENDOFMESSAGE
MESSAGE
CONVERGENCEFAIL 342500 JUNCTION      2 KNOTEN      40.60 DEGCRA
 The iteration of the junction massflow failed to
 converge within  25 iterations.
                    24 iteration   25 iteration
 Pressure    [Pa]:    165451.59      165451.59
 Difference in percent of meanvalue:    0.00
 Mass flow error [percent of total massflow]:  -0.62
ENDOFMESSAGE
MESSAGE
CONVERGENCEFAIL 342500 JUNCTION      2 KNOTEN      41.65 DEGCRA
 The iteration of the junction massflow failed to
 converge within  25 iterations.
                    24 iteration   25 iteration
 Pressure    [Pa]:    161466.48      161466.48
 Difference in percent of meanvalue:   -0.00
 Mass flow error [percent of total massflow]:  -3.13
ENDOFMESSAGE
MESSAGE
CONVERGENCEFAIL 342500 JUNCTION      1 KNOTEN      46.87 DEGCRA
 The iteration of the junction massflow failed to
 converge within  25 iterations.
                    24 iteration   25 iteration
 Pressure    [Pa]:    156412.84      156412.84
 Difference in percent of meanvalue:    0.00
 Mass flow error [percent of total massflow]:  -0.65
ENDOFMESSAGE
MESSAGE
CONVERGENCEFAIL 342500 JUNCTION      2 KNOTEN      81.16 DEGCRA
 The iteration of the junction massflow failed to
 converge within  25 iterations.
                    24 iteration   25 iteration
 Pressure    [Pa]:    147959.22      147959.22
 Difference in percent of meanvalue:   -0.00
 Mass flow error [percent of total massflow]:  -0.77
ENDOFMESSAGE
MESSAGE
CONVERGENCEFAIL 342500 JUNCTION      2 KNOTEN      82.10 DEGCRA
 The iteration of the junction massflow failed to
 converge within  25 iterations.
                    24 iteration   25 iteration
 Pressure    [Pa]:    146834.42      146834.42
 Difference in percent of meanvalue:    0.00
 Mass flow error [percent of total massflow]:  -0.76
ENDOFMESSAGE
MESSAGE
CONVERGENCEFAIL 342500 JUNCTION      2 KNOTEN     101.18 DEGCRA
 The iteration of the junction massflow failed to
 converge within  25 iterations.
                    24 iteration   25 iteration
 Pressure    [Pa]:    148741.67      148741.67
 Difference in percent of meanvalue:   -0.00
 Mass flow error [percent of total massflow]:  -0.69
ENDOFMESSAGE
MESSAGE
CONVERGENCEFAIL 342500 JUNCTION      2 KNOTEN     102.08 DEGCRA
 The iteration of the junction massflow failed to
 converge within  25 iterations.
                    24 iteration   25 iteration
 Pressure    [Pa]:    147800.27      147800.27
 Difference in percent of meanvalue:    0.00
 Mass flow error [percent of total massflow]:  -0.60
ENDOFMESSAGE
MESSAGE
CONVERGENCEFAIL 342500 JUNCTION      2 KNOTEN     141.40 DEGCRA
 The iteration of the junction massflow failed to
 converge within  25 iterations.
                    24 iteration   25 iteration
 Pressure    [Pa]:    127387.28      127387.28
 Difference in percent of meanvalue:   -0.00
 Mass flow error [percent of total massflow]:  -1.80
ENDOFMESSAGE
MESSAGE
CONVERGENCEFAIL 342500 JUNCTION      2 KNOTEN     225.01 DEGCRA
 The iteration of the junction massflow failed to
 converge within  25 iterations.
                    24 iteration   25 iteration
 Pressure    [Pa]:    111277.95      111277.95
 Difference in percent of meanvalue:   -0.00
 Mass flow error [percent of total massflow]:  -0.55
ENDOFMESSAGE
MESSAGE
CONVERGENCEFAIL 342500 JUNCTION      2 KNOTEN     226.10 DEGCRA
 The iteration of the junction massflow failed to
 converge within  25 iterations.
                    24 iteration   25 iteration
 Pressure    [Pa]:    110703.89      110703.89
 Difference in percent of meanvalue:    0.00
 Mass flow error [percent of total massflow]:  -0.61
ENDOFMESSAGE
MESSAGE
CONVERGENCEFAIL 342500 JUNCTION      2 KNOTEN     227.18 DEGCRA
 The iteration of the junction massflow failed to
 converge within  25 iterations.
                    24 iteration   25 iteration
 Pressure    [Pa]:    110103.40      110103.40
 Difference in percent of meanvalue:    0.00
 Mass flow error [percent of total massflow]:  -0.64
ENDOFMESSAGE
MESSAGE
CONVERGENCEFAIL 342500 JUNCTION      2 KNOTEN     228.27 DEGCRA
 The iteration of the junction massflow failed to
 converge within  25 iterations.
                    24 iteration   25 iteration
 Pressure    [Pa]:    109414.77      109414.77
 Difference in percent of meanvalue:    0.00
 Mass flow error [percent of total massflow]:  -0.65
ENDOFMESSAGE
MESSAGE
CONVERGENCEFAIL 342500 JUNCTION      2 KNOTEN     229.36 DEGCRA
 The iteration of the junction massflow failed to
 converge within  25 iterations.
                    24 iteration   25 iteration
 Pressure    [Pa]:    108663.24      108663.24
 Difference in percent of meanvalue:    0.00
 Mass flow error [percent of total massflow]:  -0.63
ENDOFMESSAGE
MESSAGE
CONVERGENCEFAIL 342500 JUNCTION      2 KNOTEN     230.45 DEGCRA
 The iteration of the junction massflow failed to
 converge within  25 iterations.
                    24 iteration   25 iteration
 Pressure    [Pa]:    107950.73      107950.73
 Difference in percent of meanvalue:    0.00
 Mass flow error [percent of total massflow]:  -0.57
ENDOFMESSAGE
MESSAGE
CONVERGENCEFAIL 342500 JUNCTION      2 KNOTEN     271.93 DEGCRA
 The iteration of the junction massflow failed to
 converge within  25 iterations.
                    24 iteration   25 iteration
 Pressure    [Pa]:    101877.60      101877.60
 Difference in percent of meanvalue:   -0.00
 Mass flow error [percent of total massflow]:  -0.61
ENDOFMESSAGE
MESSAGE
CONVERGENCEFAIL 342500 JUNCTION      2 KNOTEN     273.08 DEGCRA
 The iteration of the junction massflow failed to
 converge within  25 iterations.
                    24 iteration   25 iteration
 Pressure    [Pa]:    101585.60      101585.60
 Difference in percent of meanvalue:    0.00
 Mass flow error [percent of total massflow]:  -0.53
ENDOFMESSAGE
MESSAGE
CONVERGENCEFAIL 342500 JUNCTION      2 KNOTEN     377.33 DEGCRA
 The iteration of the junction massflow failed to
 converge within  25 iterations.
                    24 iteration   25 iteration
 Pressure    [Pa]:     91459.47       91459.47
 Difference in percent of meanvalue:   -0.00
 Mass flow error [percent of total massflow]:  -0.66
ENDOFMESSAGE
MESSAGE
CONVERGENCEFAIL 342500 JUNCTION      2 KNOTEN     378.48 DEGCRA
 The iteration of the junction massflow failed to
 converge within  25 iterations.
                    24 iteration   25 iteration
 Pressure    [Pa]:     91697.57       91697.57
 Difference in percent of meanvalue:    0.00
 Mass flow error [percent of total massflow]:  -0.51
ENDOFMESSAGE
MESSAGE
CONVERGENCEFAIL 342500 JUNCTION      2 KNOTEN     451.90 DEGCRA
 The iteration of the junction massflow failed to
 converge within  25 iterations.
                    24 iteration   25 iteration
 Pressure    [Pa]:    112470.74      112470.74
 Difference in percent of meanvalue:    0.00
 Mass flow error [percent of total massflow]:  -0.56
ENDOFMESSAGE
MESSAGE
CONVERGENCEFAIL 342500 JUNCTION      2 KNOTEN     453.06 DEGCRA
 The iteration of the junction massflow failed to
 converge within  25 iterations.
                    24 iteration   25 iteration
 Pressure    [Pa]:    110396.85      110396.85
 Difference in percent of meanvalue:   -0.00
 Mass flow error [percent of total massflow]:  -0.71
ENDOFMESSAGE
MESSAGE
CONVERGENCEFAIL 342500 JUNCTION      2 KNOTEN     454.21 DEGCRA
 The iteration of the junction massflow failed to
 converge within  25 iterations.
                    24 iteration   25 iteration
 Pressure    [Pa]:    108357.73      108357.73
 Difference in percent of meanvalue:   -0.00
 Mass flow error [percent of total massflow]:  -0.84
ENDOFMESSAGE
MESSAGE
CONVERGENCEFAIL 342500 JUNCTION      2 KNOTEN     455.37 DEGCRA
 The iteration of the junction massflow failed to
 converge within  25 iterations.
                    24 iteration   25 iteration
 Pressure    [Pa]:    106380.20      106380.20
 Difference in percent of meanvalue:   -0.00
 Mass flow error [percent of total massflow]:  -0.95
ENDOFMESSAGE
MESSAGE
CONVERGENCEFAIL 342500 JUNCTION      2 KNOTEN     456.52 DEGCRA
 The iteration of the junction massflow failed to
 converge within  25 iterations.
                    24 iteration   25 iteration
 Pressure    [Pa]:    104493.77      104493.77
 Difference in percent of meanvalue:   -0.00
 Mass flow error [percent of total massflow]:  -1.05
ENDOFMESSAGE
MESSAGE
CONVERGENCEFAIL 342500 JUNCTION      2 KNOTEN     457.68 DEGCRA
 The iteration of the junction massflow failed to
 converge within  25 iterations.
                    24 iteration   25 iteration
 Pressure    [Pa]:    102733.70      102733.70
 Difference in percent of meanvalue:   -0.00
 Mass flow error [percent of total massflow]:  -1.14
ENDOFMESSAGE
MESSAGE
CONVERGENCEFAIL 342500 JUNCTION      1 KNOTEN     458.83 DEGCRA
 The iteration of the junction massflow failed to
 converge within  25 iterations.
                    24 iteration   25 iteration
 Pressure    [Pa]:     99916.03       99916.03
 Difference in percent of meanvalue:    0.00
 Mass flow error [percent of total massflow]:   2.25
ENDOFMESSAGE
MESSAGE
CONVERGENCEFAIL 342500 JUNCTION      2 KNOTEN     458.83 DEGCRA
 The iteration of the junction massflow failed to
 converge within  25 iterations.
                    24 iteration   25 iteration
 Pressure    [Pa]:    101121.91      101121.91
 Difference in percent of meanvalue:   -0.00
 Mass flow error [percent of total massflow]:  -1.15
ENDOFMESSAGE
MESSAGE
CONVERGENCEFAIL 342500 JUNCTION      2 KNOTEN     459.99 DEGCRA
 The iteration of the junction massflow failed to
 converge within  25 iterations.
                    24 iteration   25 iteration
 Pressure    [Pa]:     99660.17       99660.17
 Difference in percent of meanvalue:   -0.00
 Mass flow error [percent of total massflow]:  -1.18
ENDOFMESSAGE
MESSAGE
CONVERGENCEFAIL 342500 JUNCTION      2 KNOTEN     461.14 DEGCRA
 The iteration of the junction massflow failed to
 converge within  25 iterations.
                    24 iteration   25 iteration
 Pressure    [Pa]:     98350.35       98350.35
 Difference in percent of meanvalue:   -0.00
 Mass flow error [percent of total massflow]:  -1.18
ENDOFMESSAGE
MESSAGE
CONVERGENCEFAIL 342500 JUNCTION      2 KNOTEN     462.30 DEGCRA
 The iteration of the junction massflow failed to
 converge within  25 iterations.
                    24 iteration   25 iteration
 Pressure    [Pa]:     97194.03       97194.03
 Difference in percent of meanvalue:    0.00
 Mass flow error [percent of total massflow]:  -1.13
ENDOFMESSAGE
MESSAGE
CONVERGENCEFAIL 342500 JUNCTION      2 KNOTEN     463.46 DEGCRA
 The iteration of the junction massflow failed to
 converge within  25 iterations.
                    24 iteration   25 iteration
 Pressure    [Pa]:     96203.71       96203.71
 Difference in percent of meanvalue:    0.00
 Mass flow error [percent of total massflow]:  -1.08
ENDOFMESSAGE
MESSAGE
CONVERGENCEFAIL 342500 JUNCTION      2 KNOTEN     464.61 DEGCRA
 The iteration of the junction massflow failed to
 converge within  25 iterations.
                    24 iteration   25 iteration
 Pressure    [Pa]:     95410.69       95410.69
 Difference in percent of meanvalue:    0.00
 Mass flow error [percent of total massflow]:  -0.97
ENDOFMESSAGE
MESSAGE
CONVERGENCEFAIL 342500 JUNCTION      2 KNOTEN     465.77 DEGCRA
 The iteration of the junction massflow failed to
 converge within  25 iterations.
                    24 iteration   25 iteration
 Pressure    [Pa]:     94839.20       94839.20
 Difference in percent of meanvalue:    0.00
 Mass flow error [percent of total massflow]:  -0.83
ENDOFMESSAGE
MESSAGE
CONVERGENCEFAIL 342500 JUNCTION      2 KNOTEN     466.92 DEGCRA
 The iteration of the junction massflow failed to
 converge within  25 iterations.
                    24 iteration   25 iteration
 Pressure    [Pa]:     94502.15       94502.15
 Difference in percent of meanvalue:    0.00
 Mass flow error [percent of total massflow]:  -0.71
ENDOFMESSAGE
MESSAGE
CONVERGENCEFAIL 342500 JUNCTION      1 KNOTEN     580.52 DEGCRA
 The iteration of the junction massflow failed to
 converge within  25 iterations.
                    24 iteration   25 iteration
 Pressure    [Pa]:    108183.41      108183.41
 Difference in percent of meanvalue:   -0.00
 Mass flow error [percent of total massflow]:  -0.73
ENDOFMESSAGE
MESSAGE
CONVERGENCEFAIL 342500 JUNCTION      1 KNOTEN     581.68 DEGCRA
 The iteration of the junction massflow failed to
 converge within  25 iterations.
                    24 iteration   25 iteration
 Pressure    [Pa]:    107996.28      107996.28
 Difference in percent of meanvalue:   -0.00
 Mass flow error [percent of total massflow]:  -1.16
ENDOFMESSAGE
MESSAGE
CONVERGENCEFAIL 342500 JUNCTION      1 KNOTEN     582.83 DEGCRA
 The iteration of the junction massflow failed to
 converge within  25 iterations.
                    24 iteration   25 iteration
 Pressure    [Pa]:    107867.13      107867.13
 Difference in percent of meanvalue:   -0.00
 Mass flow error [percent of total massflow]:  -0.92
ENDOFMESSAGE
MESSAGE
CONVERGENCEFAIL 342500 JUNCTION      2 KNOTEN     583.99 DEGCRA
 The iteration of the junction massflow failed to
 converge within  25 iterations.
                    24 iteration   25 iteration
 Pressure    [Pa]:    106093.15      106093.15
 Difference in percent of meanvalue:   -0.00
 Mass flow error [percent of total massflow]:  -0.56
ENDOFMESSAGE
MESSAGE
CONVERGENCEFAIL 342500 JUNCTION      2 KNOTEN     585.14 DEGCRA
 The iteration of the junction massflow failed to
 converge within  25 iterations.
                    24 iteration   25 iteration
 Pressure    [Pa]:    105446.88      105446.88
 Difference in percent of meanvalue:   -0.00
 Mass flow error [percent of total massflow]:  -0.74
ENDOFMESSAGE
MESSAGE
CONVERGENCEFAIL 342500 JUNCTION      2 KNOTEN     586.30 DEGCRA
 The iteration of the junction massflow failed to
 converge within  25 iterations.
                    24 iteration   25 iteration
 Pressure    [Pa]:    104889.64      104889.64
 Difference in percent of meanvalue:    0.00
 Mass flow error [percent of total massflow]:  -0.88
ENDOFMESSAGE
MESSAGE
CONVERGENCEFAIL 342500 JUNCTION      2 KNOTEN     587.45 DEGCRA
 The iteration of the junction massflow failed to
 converge within  25 iterations.
                    24 iteration   25 iteration
 Pressure    [Pa]:    104453.10      104453.10
 Difference in percent of meanvalue:    0.00
 Mass flow error [percent of total massflow]:  -0.94
ENDOFMESSAGE
MESSAGE
CONVERGENCEFAIL 342500 JUNCTION      1 KNOTEN     616.18 DEGCRA
 The iteration of the junction massflow failed to
 converge within  25 iterations.
                    24 iteration   25 iteration
 Pressure    [Pa]:     99792.59       99792.59
 Difference in percent of meanvalue:    0.00
 Mass flow error [percent of total massflow]:   3.35
ENDOFMESSAGE
MESSAGE
CONVERGENCEFAIL 342500 JUNCTION      1 KNOTEN     617.33 DEGCRA
 The iteration of the junction massflow failed to
 converge within  25 iterations.
                    24 iteration   25 iteration
 Pressure    [Pa]:     99569.85       99569.85
 Difference in percent of meanvalue:    0.00
 Mass flow error [percent of total massflow]:   3.54
ENDOFMESSAGE
MESSAGE
CONVERGENCEFAIL 342500 JUNCTION      1 KNOTEN     618.49 DEGCRA
 The iteration of the junction massflow failed to
 converge within  25 iterations.
                    24 iteration   25 iteration
 Pressure    [Pa]:     99423.68       99423.68
 Difference in percent of meanvalue:    0.00
 Mass flow error [percent of total massflow]:   1.97
ENDOFMESSAGE
MESSAGE
CONVERGENCEFAIL 342500 JUNCTION      1 KNOTEN     843.47 DEGCRA
 The iteration of the junction massflow failed to
 converge within  25 iterations.
                    24 iteration   25 iteration
 Pressure    [Pa]:     96952.87       96952.87
 Difference in percent of meanvalue:    0.00
 Mass flow error [percent of total massflow]:   0.60
ENDOFMESSAGE
MESSAGE
CONVERGENCEFAIL 342500 JUNCTION      2 KNOTEN     857.33 DEGCRA
 The iteration of the junction massflow failed to
 converge within  25 iterations.
                    24 iteration   25 iteration
 Pressure    [Pa]:     99401.56       99401.56
 Difference in percent of meanvalue:    0.00
 Mass flow error [percent of total massflow]:   1.73
ENDOFMESSAGE
MESSAGE
CONVERGENCEFAIL 342500 JUNCTION      2 KNOTEN     859.64 DEGCRA
 The iteration of the junction massflow failed to
 converge within  25 iterations.
                    24 iteration   25 iteration
 Pressure    [Pa]:     97320.97       97320.97
 Difference in percent of meanvalue:    0.00
 Mass flow error [percent of total massflow]:   6.74
ENDOFMESSAGE
MESSAGE
CONVERGENCEFAIL 342500 JUNCTION      2 KNOTEN     860.80 DEGCRA
 The iteration of the junction massflow failed to
 converge within  25 iterations.
                    24 iteration   25 iteration
 Pressure    [Pa]:     96337.86       96337.86
 Difference in percent of meanvalue:    0.00
 Mass flow error [percent of total massflow]:   4.05
ENDOFMESSAGE
MESSAGE
CONVERGENCEFAIL 342500 JUNCTION      2 KNOTEN     861.95 DEGCRA
 The iteration of the junction massflow failed to
 converge within  25 iterations.
                    24 iteration   25 iteration
 Pressure    [Pa]:     95923.14       95923.14
 Difference in percent of meanvalue:    0.00
 Mass flow error [percent of total massflow]:   2.85
ENDOFMESSAGE
MESSAGE
CONVERGENCEFAIL 342500 JUNCTION      1 KNOTEN     899.89 DEGCRA
 The iteration of the junction massflow failed to
 converge within  25 iterations.
                    24 iteration   25 iteration
 Pressure    [Pa]:    131090.79      131090.79
 Difference in percent of meanvalue:    0.00
 Mass flow error [percent of total massflow]:   2.59
ENDOFMESSAGE
MESSAGE
CONVERGENCEFAIL 342500 JUNCTION      1 KNOTEN     900.99 DEGCRA
 The iteration of the junction massflow failed to
 converge within  25 iterations.
                    24 iteration   25 iteration
 Pressure    [Pa]:    129779.88      129779.88
 Difference in percent of meanvalue:    0.00
 Mass flow error [percent of total massflow]:   6.15
ENDOFMESSAGE
MESSAGE
CONVERGENCEFAIL 342500 JUNCTION      1 KNOTEN     902.10 DEGCRA
 The iteration of the junction massflow failed to
 converge within  25 iterations.
                    24 iteration   25 iteration
 Pressure    [Pa]:    128482.08      128482.08
 Difference in percent of meanvalue:    0.00
 Mass flow error [percent of total massflow]:   2.88
ENDOFMESSAGE
MESSAGE
CONVERGENCEFAIL 342500 JUNCTION      1 KNOTEN     942.46 DEGCRA
 The iteration of the junction massflow failed to
 converge within  25 iterations.
                    24 iteration   25 iteration
 Pressure    [Pa]:    103980.21      103980.21
 Difference in percent of meanvalue:   -0.00
 Mass flow error [percent of total massflow]:  -1.58
ENDOFMESSAGE
MESSAGE
CONVERGENCEFAIL 342500 JUNCTION      1 KNOTEN     943.61 DEGCRA
 The iteration of the junction massflow failed to
 converge within  25 iterations.
                    24 iteration   25 iteration
 Pressure    [Pa]:    102857.48      102857.48
 Difference in percent of meanvalue:    0.00
 Mass flow error [percent of total massflow]:  -1.31
ENDOFMESSAGE
MESSAGE
CONVERGENCEFAIL 342500 JUNCTION      1 KNOTEN     955.17 DEGCRA
 The iteration of the junction massflow failed to
 converge within  25 iterations.
                    24 iteration   25 iteration
 Pressure    [Pa]:    100107.98      100107.98
 Difference in percent of meanvalue:   -0.00
 Mass flow error [percent of total massflow]:  -2.61
ENDOFMESSAGE
MESSAGE
CONVERGENCEFAIL 342500 JUNCTION      1 KNOTEN     960.00 DEGCRA
 The iteration of the junction massflow failed to
 converge within  25 iterations.
                    24 iteration   25 iteration
 Pressure    [Pa]:     98860.67       98860.67
 Difference in percent of meanvalue:    0.00
 Mass flow error [percent of total massflow]:   0.81
ENDOFMESSAGE
MESSAGE
CONVERGENCEFAIL 342500 JUNCTION      1 KNOTEN     994.66 DEGCRA
 The iteration of the junction massflow failed to
 converge within  25 iterations.
                    24 iteration   25 iteration
 Pressure    [Pa]:    109046.90      109046.90
 Difference in percent of meanvalue:    0.00
 Mass flow error [percent of total massflow]:   0.58
ENDOFMESSAGE
MESSAGE
CONVERGENCEFAIL 342500 JUNCTION      1 KNOTEN    1018.93 DEGCRA
 The iteration of the junction massflow failed to
 converge within  25 iterations.
                    24 iteration   25 iteration
 Pressure    [Pa]:    113795.16      113795.16
 Difference in percent of meanvalue:   -0.00
 Mass flow error [percent of total massflow]:  -1.36
ENDOFMESSAGE
MESSAGE
CONVERGENCEFAIL 342500 JUNCTION      2 KNOTEN    1685.09 DEGCRA
 The iteration of the junction massflow failed to
 converge within  25 iterations.
                    24 iteration   25 iteration
 Pressure    [Pa]:    148206.45      148206.45
 Difference in percent of meanvalue:    0.00
 Mass flow error [percent of total massflow]:  -1.59
ENDOFMESSAGE
MESSAGE
CONVERGENCEFAIL 342500 JUNCTION      2 KNOTEN    1692.09 DEGCRA
 The iteration of the junction massflow failed to
 converge within  25 iterations.
                    24 iteration   25 iteration
 Pressure    [Pa]:    145995.71      145995.71
 Difference in percent of meanvalue:    0.00
 Mass flow error [percent of total massflow]:   1.81
ENDOFMESSAGE
MESSAGE
RUNINFO 163607 TURBOCHARGER      1 TURLAD    2160.00 DEGCRA
 Cycle number     3 completed:
 Compressorwork [J] :  0.26003E+03, average pressure ratio [-]:  2.250
 Turbinework    [J] :  0.35029E+03, average pressure ratio [-]:  1.546
 Added Mechanical Work  [J] :  0.00000E+00
 relative energy balance error [-] : -0.27599E+00
 new estimate of TurbineToTotal Massflow :  0.90000E+00
ENDOFMESSAGE
MESSAGE
CONVERGENCEFAIL 342500 JUNCTION      1 KNOTEN    3004.85 DEGCRA
 The iteration of the junction massflow failed to
 converge within  25 iterations.
                    24 iteration   25 iteration
 Pressure    [Pa]:     98574.88       98574.88
 Difference in percent of meanvalue:    0.00
 Mass flow error [percent of total massflow]:   0.54
ENDOFMESSAGE
MESSAGE
CONVERGENCEFAIL 342500 JUNCTION      1 KNOTEN    3005.83 DEGCRA
 The iteration of the junction massflow failed to
 converge within  25 iterations.
                    24 iteration   25 iteration
 Pressure    [Pa]:     98210.76       98210.76
 Difference in percent of meanvalue:    0.00
 Mass flow error [percent of total massflow]:   0.56
ENDOFMESSAGE
MESSAGE
CONVERGENCEFAIL 342500 JUNCTION      1 KNOTEN    3008.75 DEGCRA
 The iteration of the junction massflow failed to
 converge within  25 iterations.
                    24 iteration   25 iteration
 Pressure    [Pa]:     96953.48       96953.48
 Difference in percent of meanvalue:    0.00
 Mass flow error [percent of total massflow]:   0.54
ENDOFMESSAGE
MESSAGE
CONVERGENCEFAIL 342500 JUNCTION      1 KNOTEN    3009.73 DEGCRA
 The iteration of the junction massflow failed to
 converge within  25 iterations.
                    24 iteration   25 iteration
 Pressure    [Pa]:     96485.37       96485.37
 Difference in percent of meanvalue:    0.00
 Mass flow error [percent of total massflow]:   0.57
ENDOFMESSAGE
MESSAGE
RUNINFO 163607 TURBOCHARGER      1 TURLAD    3600.00 DEGCRA
 Cycle number     5 completed:
 Compressorwork [J] :  0.28173E+03, average pressure ratio [-]:  2.250
 Turbinework    [J] :  0.43868E+03, average pressure ratio [-]:  1.654
 Added Mechanical Work  [J] :  0.00000E+00
 relative energy balance error [-] : -0.41644E+00
 new estimate of TurbineToTotal Massflow :  0.81000E+00
ENDOFMESSAGE
MESSAGE
CONVERGENCEFAIL 342500 JUNCTION      1 KNOTEN    4447.83 DEGCRA
 The iteration of the junction massflow failed to
 converge within  25 iterations.
                    24 iteration   25 iteration
 Pressure    [Pa]:     97213.95       97213.95
 Difference in percent of meanvalue:    0.00
 Mass flow error [percent of total massflow]:   0.55
ENDOFMESSAGE
MESSAGE
CONVERGENCEFAIL 342500 JUNCTION      1 KNOTEN    4448.82 DEGCRA
 The iteration of the junction massflow failed to
 converge within  25 iterations.
                    24 iteration   25 iteration
 Pressure    [Pa]:     96742.76       96742.76
 Difference in percent of meanvalue:    0.00
 Mass flow error [percent of total massflow]:   0.59
ENDOFMESSAGE
MESSAGE
CONVERGENCEFAIL 342500 JUNCTION      1 KNOTEN    4449.80 DEGCRA
 The iteration of the junction massflow failed to
 converge within  25 iterations.
                    24 iteration   25 iteration
 Pressure    [Pa]:     96243.21       96243.21
 Difference in percent of meanvalue:    0.00
 Mass flow error [percent of total massflow]:   0.62
ENDOFMESSAGE
MESSAGE
CONVERGENCEFAIL 342500 JUNCTION      1 KNOTEN    4547.14 DEGCRA
 The iteration of the junction massflow failed to
 converge within  25 iterations.
                    24 iteration   25 iteration
 Pressure    [Pa]:    130214.53      130214.53
 Difference in percent of meanvalue:   -0.00
 Mass flow error [percent of total massflow]:  -0.51
ENDOFMESSAGE
MESSAGE
RUNINFO 163607 TURBOCHARGER      1 TURLAD    5040.00 DEGCRA
 Cycle number     7 completed:
 Compressorwork [J] :  0.28308E+03, average pressure ratio [-]:  2.250
 Turbinework    [J] :  0.37103E+03, average pressure ratio [-]:  1.597
 Added Mechanical Work  [J] :  0.00000E+00
 relative energy balance error [-] : -0.24906E+00
 new estimate of TurbineToTotal Massflow :  0.72900E+00
ENDOFMESSAGE
MESSAGE
CONVERGENCEFAIL 342500 JUNCTION      1 KNOTEN    5162.93 DEGCRA
 The iteration of the junction massflow failed to
 converge within  25 iterations.
                    24 iteration   25 iteration
 Pressure    [Pa]:     98828.14       98828.14
 Difference in percent of meanvalue:    0.00
 Mass flow error [percent of total massflow]:   0.52
ENDOFMESSAGE
MESSAGE
CONVERGENCEFAIL 342500 JUNCTION      1 KNOTEN    5163.91 DEGCRA
 The iteration of the junction massflow failed to
 converge within  25 iterations.
                    24 iteration   25 iteration
 Pressure    [Pa]:     98548.00       98548.00
 Difference in percent of meanvalue:    0.00
 Mass flow error [percent of total massflow]:   0.54
ENDOFMESSAGE
MESSAGE
CONVERGENCEFAIL 342500 JUNCTION      1 KNOTEN    5164.88 DEGCRA
 The iteration of the junction massflow failed to
 converge within  25 iterations.
                    24 iteration   25 iteration
 Pressure    [Pa]:     98248.11       98248.11
 Difference in percent of meanvalue:    0.00
 Mass flow error [percent of total massflow]:   0.56
ENDOFMESSAGE
MESSAGE
CONVERGENCEFAIL 342500 JUNCTION      1 KNOTEN    5165.86 DEGCRA
 The iteration of the junction massflow failed to
 converge within  25 iterations.
                    24 iteration   25 iteration
 Pressure    [Pa]:     97902.05       97902.05
 Difference in percent of meanvalue:    0.00
 Mass flow error [percent of total massflow]:   0.63
ENDOFMESSAGE
MESSAGE
CONVERGENCEFAIL 342500 JUNCTION      1 KNOTEN    5166.85 DEGCRA
 The iteration of the junction massflow failed to
 converge within  25 iterations.
                    24 iteration   25 iteration
 Pressure    [Pa]:     97507.46       97507.46
 Difference in percent of meanvalue:    0.00
 Mass flow error [percent of total massflow]:   0.50
ENDOFMESSAGE
MESSAGE
CONVERGENCEFAIL 342500 JUNCTION      1 KNOTEN    5167.83 DEGCRA
 The iteration of the junction massflow failed to
 converge within  25 iterations.
                    24 iteration   25 iteration
 Pressure    [Pa]:     97087.01       97087.01
 Difference in percent of meanvalue:    0.00
 Mass flow error [percent of total massflow]:   0.54
ENDOFMESSAGE
MESSAGE
CONVERGENCEFAIL 342500 JUNCTION      1 KNOTEN    5168.81 DEGCRA
 The iteration of the junction massflow failed to
 converge within  25 iterations.
                    24 iteration   25 iteration
 Pressure    [Pa]:     96625.28       96625.28
 Difference in percent of meanvalue:    0.00
 Mass flow error [percent of total massflow]:   0.61
ENDOFMESSAGE
MESSAGE
CONVERGENCEFAIL 342500 JUNCTION      1 KNOTEN    5169.80 DEGCRA
 The iteration of the junction massflow failed to
 converge within  25 iterations.
                    24 iteration   25 iteration
 Pressure    [Pa]:     96134.39       96134.39
 Difference in percent of meanvalue:    0.00
 Mass flow error [percent of total massflow]:   0.62
ENDOFMESSAGE
MESSAGE
CONVERGENCEFAIL 342500 JUNCTION      1 KNOTEN    5265.04 DEGCRA
 The iteration of the junction massflow failed to
 converge within  25 iterations.
                    24 iteration   25 iteration
 Pressure    [Pa]:    123280.43      123280.43
 Difference in percent of meanvalue:   -0.00
 Mass flow error [percent of total massflow]:  -0.57
ENDOFMESSAGE
MESSAGE
CONVERGENCEFAIL 342500 JUNCTION      1 KNOTEN    5385.19 DEGCRA
 The iteration of the junction massflow failed to
 converge within  25 iterations.
                    24 iteration   25 iteration
 Pressure    [Pa]:    103969.40      103969.40
 Difference in percent of meanvalue:   -0.00
 Mass flow error [percent of total massflow]:  -0.57
ENDOFMESSAGE
MESSAGE
CONVERGENCEFAIL 342500 JUNCTION      1 KNOTEN    5386.11 DEGCRA
 The iteration of the junction massflow failed to
 converge within  25 iterations.
                    24 iteration   25 iteration
 Pressure    [Pa]:    103802.71      103802.71
 Difference in percent of meanvalue:   -0.00
 Mass flow error [percent of total massflow]:  -0.59
ENDOFMESSAGE
MESSAGE
CONVERGENCEFAIL 342500 JUNCTION      1 KNOTEN    5884.90 DEGCRA
 The iteration of the junction massflow failed to
 converge within  25 iterations.
                    24 iteration   25 iteration
 Pressure    [Pa]:     97923.79       97923.79
 Difference in percent of meanvalue:    0.00
 Mass flow error [percent of total massflow]:   0.52
ENDOFMESSAGE
MESSAGE
CONVERGENCEFAIL 342500 JUNCTION      1 KNOTEN    5885.89 DEGCRA
 The iteration of the junction massflow failed to
 converge within  25 iterations.
                    24 iteration   25 iteration
 Pressure    [Pa]:     97561.50       97561.50
 Difference in percent of meanvalue:    0.00
 Mass flow error [percent of total massflow]:   0.57
ENDOFMESSAGE
MESSAGE
CONVERGENCEFAIL 342500 JUNCTION      1 KNOTEN    5887.85 DEGCRA
 The iteration of the junction massflow failed to
 converge within  25 iterations.
                    24 iteration   25 iteration
 Pressure    [Pa]:     96708.59       96708.59
 Difference in percent of meanvalue:    0.00
 Mass flow error [percent of total massflow]:   0.51
ENDOFMESSAGE
MESSAGE
CONVERGENCEFAIL 342500 JUNCTION      1 KNOTEN    5888.84 DEGCRA
 The iteration of the junction massflow failed to
 converge within  25 iterations.
                    24 iteration   25 iteration
 Pressure    [Pa]:     96216.47       96216.47
 Difference in percent of meanvalue:    0.00
 Mass flow error [percent of total massflow]:   0.59
ENDOFMESSAGE
MESSAGE
CONVERGENCEFAIL 342500 JUNCTION      1 KNOTEN    5889.83 DEGCRA
 The iteration of the junction massflow failed to
 converge within  25 iterations.
                    24 iteration   25 iteration
 Pressure    [Pa]:     95697.73       95697.73
 Difference in percent of meanvalue:    0.00
 Mass flow error [percent of total massflow]:   0.57
ENDOFMESSAGE
MESSAGE
CONVERGENCEFAIL 342500 JUNCTION      1 KNOTEN    5985.03 DEGCRA
 The iteration of the junction massflow failed to
 converge within  25 iterations.
                    24 iteration   25 iteration
 Pressure    [Pa]:    122709.50      122709.50
 Difference in percent of meanvalue:   -0.00
 Mass flow error [percent of total massflow]:  -0.51
ENDOFMESSAGE
MESSAGE
CONVERGENCEFAIL 342500 JUNCTION      1 KNOTEN    6105.69 DEGCRA
 The iteration of the junction massflow failed to
 converge within  25 iterations.
                    24 iteration   25 iteration
 Pressure    [Pa]:    103619.41      103619.41
 Difference in percent of meanvalue:   -0.00
 Mass flow error [percent of total massflow]:  -0.51
ENDOFMESSAGE
MESSAGE
RUNINFO 163607 TURBOCHARGER      1 TURLAD    6480.00 DEGCRA
 Cycle number     9 completed:
 Compressorwork [J] :  0.28356E+03, average pressure ratio [-]:  2.250
 Turbinework    [J] :  0.30868E+03, average pressure ratio [-]:  1.539
 Added Mechanical Work  [J] :  0.00000E+00
 relative energy balance error [-] : -0.64656E-01
 new estimate of TurbineToTotal Massflow :  0.70408E+00
ENDOFMESSAGE
MESSAGE
CONVERGENCEFAIL 342500 JUNCTION      1 KNOTEN    6604.90 DEGCRA
 The iteration of the junction massflow failed to
 converge within  25 iterations.
                    24 iteration   25 iteration
 Pressure    [Pa]:     97898.37       97898.37
 Difference in percent of meanvalue:    0.00
 Mass flow error [percent of total massflow]:   0.50
ENDOFMESSAGE
MESSAGE
CONVERGENCEFAIL 342500 JUNCTION      1 KNOTEN    6605.88 DEGCRA
 The iteration of the junction massflow failed to
 converge within  25 iterations.
                    24 iteration   25 iteration
 Pressure    [Pa]:     97540.06       97540.06
 Difference in percent of meanvalue:    0.00
 Mass flow error [percent of total massflow]:   0.58
ENDOFMESSAGE
MESSAGE
CONVERGENCEFAIL 342500 JUNCTION      1 KNOTEN    6608.84 DEGCRA
 The iteration of the junction massflow failed to
 converge within  25 iterations.
                    24 iteration   25 iteration
 Pressure    [Pa]:     96205.08       96205.08
 Difference in percent of meanvalue:    0.00
 Mass flow error [percent of total massflow]:   0.58
ENDOFMESSAGE
MESSAGE
CONVERGENCEFAIL 342500 JUNCTION      1 KNOTEN    6609.82 DEGCRA
 The iteration of the junction massflow failed to
 converge within  25 iterations.
                    24 iteration   25 iteration
 Pressure    [Pa]:     95686.72       95686.72
 Difference in percent of meanvalue:    0.00
 Mass flow error [percent of total massflow]:   0.56
ENDOFMESSAGE
MESSAGE
CONVERGENCEFAIL 342500 JUNCTION      1 KNOTEN    6705.55 DEGCRA
 The iteration of the junction massflow failed to
 converge within  25 iterations.
                    24 iteration   25 iteration
 Pressure    [Pa]:    120214.02      120214.02
 Difference in percent of meanvalue:   -0.00
 Mass flow error [percent of total massflow]:  -0.63
ENDOFMESSAGE
MESSAGE
CONVERGENCEFAIL 342500 JUNCTION      2 KNOTEN    6903.78 DEGCRA
 The iteration of the junction massflow failed to
 converge within  25 iterations.
                    24 iteration   25 iteration
 Pressure    [Pa]:    386218.72      386218.71
 Difference in percent of meanvalue:   -0.00
 Mass flow error [percent of total massflow]:   0.58
ENDOFMESSAGE
MESSAGE
CONVERGENCEFAIL 342500 JUNCTION      1 KNOTEN    6966.19 DEGCRA
 The iteration of the junction massflow failed to
 converge within  25 iterations.
                    24 iteration   25 iteration
 Pressure    [Pa]:    139768.29      139768.29
 Difference in percent of meanvalue:    0.00
 Mass flow error [percent of total massflow]:   1.11
ENDOFMESSAGE
MESSAGE
CONVERGENCEFAIL 342500 JUNCTION      1 KNOTEN    7325.88 DEGCRA
 The iteration of the junction massflow failed to
 converge within  25 iterations.
                    24 iteration   25 iteration
 Pressure    [Pa]:     96895.07       96895.07
 Difference in percent of meanvalue:    0.00
 Mass flow error [percent of total massflow]:   0.61
ENDOFMESSAGE
MESSAGE
CONVERGENCEFAIL 342500 JUNCTION      1 KNOTEN    7328.83 DEGCRA
 The iteration of the junction massflow failed to
 converge within  25 iterations.
                    24 iteration   25 iteration
 Pressure    [Pa]:     95605.38       95605.38
 Difference in percent of meanvalue:    0.00
 Mass flow error [percent of total massflow]:   0.58
ENDOFMESSAGE
MESSAGE
CONVERGENCEFAIL 342500 JUNCTION      1 KNOTEN    7329.81 DEGCRA
 The iteration of the junction massflow failed to
 converge within  25 iterations.
                    24 iteration   25 iteration
 Pressure    [Pa]:     95111.95       95111.95
 Difference in percent of meanvalue:    0.00
 Mass flow error [percent of total massflow]:   0.56
ENDOFMESSAGE
MESSAGE
CONVERGENCEFAIL 342500 JUNCTION      1 KNOTEN    7425.54 DEGCRA
 The iteration of the junction massflow failed to
 converge within  25 iterations.
                    24 iteration   25 iteration
 Pressure    [Pa]:    120082.97      120082.97
 Difference in percent of meanvalue:   -0.00
 Mass flow error [percent of total massflow]:  -0.62
ENDOFMESSAGE
MESSAGE
CONVERGENCEFAIL 342500 JUNCTION      1 KNOTEN    7686.18 DEGCRA
 The iteration of the junction massflow failed to
 converge within  25 iterations.
                    24 iteration   25 iteration
 Pressure    [Pa]:    139784.06      139784.06
 Difference in percent of meanvalue:    0.00
 Mass flow error [percent of total massflow]:   0.98
ENDOFMESSAGE
MESSAGE
RUNINFO 163607 TURBOCHARGER      1 TURLAD    7920.00 DEGCRA
 Cycle number    11 completed:
 Compressorwork [J] :  0.28365E+03, average pressure ratio [-]:  2.250
 Turbinework    [J] :  0.29091E+03, average pressure ratio [-]:  1.521
 Added Mechanical Work  [J] :  0.00000E+00
 relative energy balance error [-] : -0.50776E-02
 new estimate of TurbineToTotal Massflow :  0.70215E+00
ENDOFMESSAGE
MESSAGE
CONVERGENCEFAIL 342500 JUNCTION      1 KNOTEN    8048.83 DEGCRA
 The iteration of the junction massflow failed to
 converge within  25 iterations.
                    24 iteration   25 iteration
 Pressure    [Pa]:     95595.36       95595.36
 Difference in percent of meanvalue:    0.00
 Mass flow error [percent of total massflow]:   0.57
ENDOFMESSAGE
MESSAGE
CONVERGENCEFAIL 342500 JUNCTION      1 KNOTEN    8049.81 DEGCRA
 The iteration of the junction massflow failed to
 converge within  25 iterations.
                    24 iteration   25 iteration
 Pressure    [Pa]:     95101.05       95101.05
 Difference in percent of meanvalue:    0.00
 Mass flow error [percent of total massflow]:   0.55
ENDOFMESSAGE
MESSAGE
CONVERGENCEFAIL 342500 JUNCTION      1 KNOTEN    8145.50 DEGCRA
 The iteration of the junction massflow failed to
 converge within  25 iterations.
                    24 iteration   25 iteration
 Pressure    [Pa]:    119924.12      119924.12
 Difference in percent of meanvalue:   -0.00
 Mass flow error [percent of total massflow]:  -0.62
ENDOFMESSAGE
MESSAGE
CONVERGENCEFAIL 342500 JUNCTION      1 KNOTEN    8406.17 DEGCRA
 The iteration of the junction massflow failed to
 converge within  25 iterations.
                    24 iteration   25 iteration
 Pressure    [Pa]:    139612.27      139612.27
 Difference in percent of meanvalue:    0.00
 Mass flow error [percent of total massflow]:   0.55
ENDOFMESSAGE
MESSAGE
RUNINFO 163607 TURBOCHARGER      1 TURLAD    8640.00 DEGCRA
 Cycle number    12 completed:
 Compressorwork [J] :  0.28365E+03, average pressure ratio [-]:  2.250
 Turbinework    [J] :  0.28948E+03, average pressure ratio [-]:  1.519
 Added Mechanical Work  [J] :  0.00000E+00
 relative energy balance error [-] : -0.11699E-03
 new estimate of TurbineToTotal Massflow :  0.70211E+00
ENDOFMESSAGE
MESSAGE
CONVERGENCEFAIL 342500 JUNCTION      1 KNOTEN    8768.83 DEGCRA
 The iteration of the junction massflow failed to
 converge within  25 iterations.
                    24 iteration   25 iteration
 Pressure    [Pa]:     95543.45       95543.45
 Difference in percent of meanvalue:    0.00
 Mass flow error [percent of total massflow]:   0.58
ENDOFMESSAGE
MESSAGE
CONVERGENCEFAIL 342500 JUNCTION      1 KNOTEN    8769.81 DEGCRA
 The iteration of the junction massflow failed to
 converge within  25 iterations.
                    24 iteration   25 iteration
 Pressure    [Pa]:     95051.73       95051.73
 Difference in percent of meanvalue:    0.00
 Mass flow error [percent of total massflow]:   0.55
ENDOFMESSAGE
MESSAGE
CONVERGENCEFAIL 342500 JUNCTION      1 KNOTEN    8865.50 DEGCRA
 The iteration of the junction massflow failed to
 converge within  25 iterations.
                    24 iteration   25 iteration
 Pressure    [Pa]:    119911.23      119911.23
 Difference in percent of meanvalue:   -0.00
 Mass flow error [percent of total massflow]:  -0.62
ENDOFMESSAGE
MESSAGE
CONVERGENCEFAIL 342500 JUNCTION      1 KNOTEN    9126.17 DEGCRA
 The iteration of the junction massflow failed to
 converge within  25 iterations.
                    24 iteration   25 iteration
 Pressure    [Pa]:    139604.59      139604.59
 Difference in percent of meanvalue:    0.00
 Mass flow error [percent of total massflow]:   0.53
ENDOFMESSAGE
MESSAGE
RUNINFO 163607 TURBOCHARGER      1 TURLAD    9360.00 DEGCRA
 Cycle number    13 completed:
 Compressorwork [J] :  0.28366E+03, average pressure ratio [-]:  2.250
 Turbinework    [J] :  0.28941E+03, average pressure ratio [-]:  1.519
 Added Mechanical Work  [J] :  0.00000E+00
 relative energy balance error [-] : -0.11029E-03
 new estimate of TurbineToTotal Massflow :  0.70213E+00
ENDOFMESSAGE
MESSAGE
CONVERGENCEFAIL 342500 JUNCTION      1 KNOTEN    9488.83 DEGCRA
 The iteration of the junction massflow failed to
 converge within  25 iterations.
                    24 iteration   25 iteration
 Pressure    [Pa]:     95542.77       95542.77
 Difference in percent of meanvalue:    0.00
 Mass flow error [percent of total massflow]:   0.57
ENDOFMESSAGE
MESSAGE
CONVERGENCEFAIL 342500 JUNCTION      1 KNOTEN    9489.81 DEGCRA
 The iteration of the junction massflow failed to
 converge within  25 iterations.
                    24 iteration   25 iteration
 Pressure    [Pa]:     95051.93       95051.93
 Difference in percent of meanvalue:    0.00
 Mass flow error [percent of total massflow]:   0.55
ENDOFMESSAGE
MESSAGE
CONVERGENCEFAIL 342500 JUNCTION      1 KNOTEN    9585.50 DEGCRA
 The iteration of the junction massflow failed to
 converge within  25 iterations.
                    24 iteration   25 iteration
 Pressure    [Pa]:    119911.06      119911.06
 Difference in percent of meanvalue:   -0.00
 Mass flow error [percent of total massflow]:  -0.61
ENDOFMESSAGE
MESSAGE
CONVERGENCEFAIL 342500 JUNCTION      1 KNOTEN    9846.17 DEGCRA
 The iteration of the junction massflow failed to
 converge within  25 iterations.
                    24 iteration   25 iteration
 Pressure    [Pa]:    139615.51      139615.51
 Difference in percent of meanvalue:    0.00
 Mass flow error [percent of total massflow]:   0.56
ENDOFMESSAGE
MESSAGE
CONVERGENCEFAIL 342500 JUNCTION      1 KNOTEN   10208.83 DEGCRA
 The iteration of the junction massflow failed to
 converge within  25 iterations.
                    24 iteration   25 iteration
 Pressure    [Pa]:     95542.48       95542.48
 Difference in percent of meanvalue:    0.00
 Mass flow error [percent of total massflow]:   0.57
ENDOFMESSAGE
MESSAGE
CONVERGENCEFAIL 342500 JUNCTION      1 KNOTEN   10209.81 DEGCRA
 The iteration of the junction massflow failed to
 converge within  25 iterations.
                    24 iteration   25 iteration
 Pressure    [Pa]:     95051.60       95051.60
 Difference in percent of meanvalue:    0.00
 Mass flow error [percent of total massflow]:   0.55
ENDOFMESSAGE
MESSAGE
CONVERGENCEFAIL 342500 JUNCTION      1 KNOTEN   10305.50 DEGCRA
 The iteration of the junction massflow failed to
 converge within  25 iterations.
                    24 iteration   25 iteration
 Pressure    [Pa]:    119910.23      119910.23
 Difference in percent of meanvalue:   -0.00
 Mass flow error [percent of total massflow]:  -0.62
ENDOFMESSAGE
MESSAGE
CONVERGENCEFAIL 342500 JUNCTION      1 KNOTEN   10566.17 DEGCRA
 The iteration of the junction massflow failed to
 converge within  25 iterations.
                    24 iteration   25 iteration
 Pressure    [Pa]:    139603.54      139603.54
 Difference in percent of meanvalue:    0.00
 Mass flow error [percent of total massflow]:   0.53
ENDOFMESSAGE
MESSAGE
RUNINFO 163607 TURBOCHARGER      1 TURLAD   10800.00 DEGCRA
 Cycle number    15 completed:
 Compressorwork [J] :  0.28366E+03, average pressure ratio [-]:  2.250
 Turbinework    [J] :  0.28941E+03, average pressure ratio [-]:  1.519
 Added Mechanical Work  [J] :  0.00000E+00
 relative energy balance error [-] : -0.11556E-03
 new estimate of TurbineToTotal Massflow :  0.70214E+00
ENDOFMESSAGE
MESSAGE
CONVERGENCEFAIL 342500 JUNCTION      1 KNOTEN   10928.83 DEGCRA
 The iteration of the junction massflow failed to
 converge within  25 iterations.
                    24 iteration   25 iteration
 Pressure    [Pa]:     95542.45       95542.45
 Difference in percent of meanvalue:    0.00
 Mass flow error [percent of total massflow]:   0.57
ENDOFMESSAGE
MESSAGE
CONVERGENCEFAIL 342500 JUNCTION      1 KNOTEN   10929.81 DEGCRA
 The iteration of the junction massflow failed to
 converge within  25 iterations.
                    24 iteration   25 iteration
 Pressure    [Pa]:     95051.37       95051.37
 Difference in percent of meanvalue:    0.00
 Mass flow error [percent of total massflow]:   0.55
ENDOFMESSAGE
MESSAGE
CONVERGENCEFAIL 342500 JUNCTION      1 KNOTEN   11025.50 DEGCRA
 The iteration of the junction massflow failed to
 converge within  25 iterations.
                    24 iteration   25 iteration
 Pressure    [Pa]:    119911.59      119911.59
 Difference in percent of meanvalue:   -0.00
 Mass flow error [percent of total massflow]:  -0.62
ENDOFMESSAGE
MESSAGE
CONVERGENCEFAIL 342500 JUNCTION      1 KNOTEN   11286.17 DEGCRA
 The iteration of the junction massflow failed to
 converge within  25 iterations.
                    24 iteration   25 iteration
 Pressure    [Pa]:    139604.20      139604.20
 Difference in percent of meanvalue:    0.00
 Mass flow error [percent of total massflow]:   0.53
ENDOFMESSAGE
MESSAGE
CONVERGENCEFAIL 342500 JUNCTION      1 KNOTEN   11648.83 DEGCRA
 The iteration of the junction massflow failed to
 converge within  25 iterations.
                    24 iteration   25 iteration
 Pressure    [Pa]:     95542.20       95542.20
 Difference in percent of meanvalue:    0.00
 Mass flow error [percent of total massflow]:   0.57
ENDOFMESSAGE
MESSAGE
CONVERGENCEFAIL 342500 JUNCTION      1 KNOTEN   11649.81 DEGCRA
 The iteration of the junction massflow failed to
 converge within  25 iterations.
                    24 iteration   25 iteration
 Pressure    [Pa]:     95051.20       95051.20
 Difference in percent of meanvalue:    0.00
 Mass flow error [percent of total massflow]:   0.55
ENDOFMESSAGE
MESSAGE
CONVERGENCEFAIL 342500 JUNCTION      1 KNOTEN   11745.50 DEGCRA
 The iteration of the junction massflow failed to
 converge within  25 iterations.
                    24 iteration   25 iteration
 Pressure    [Pa]:    119911.55      119911.55
 Difference in percent of meanvalue:   -0.00
 Mass flow error [percent of total massflow]:  -0.62
ENDOFMESSAGE
MESSAGE
CONVERGENCEFAIL 342500 JUNCTION      1 KNOTEN   12006.17 DEGCRA
 The iteration of the junction massflow failed to
 converge within  25 iterations.
                    24 iteration   25 iteration
 Pressure    [Pa]:    139615.25      139615.25
 Difference in percent of meanvalue:    0.00
 Mass flow error [percent of total massflow]:   0.56
ENDOFMESSAGE
MESSAGE
CONVERGENCEFAIL 342500 JUNCTION      1 KNOTEN   12368.83 DEGCRA
 The iteration of the junction massflow failed to
 converge within  25 iterations.
                    24 iteration   25 iteration
 Pressure    [Pa]:     95542.29       95542.29
 Difference in percent of meanvalue:    0.00
 Mass flow error [percent of total massflow]:   0.57
ENDOFMESSAGE
MESSAGE
CONVERGENCEFAIL 342500 JUNCTION      1 KNOTEN   12369.81 DEGCRA
 The iteration of the junction massflow failed to
 converge within  25 iterations.
                    24 iteration   25 iteration
 Pressure    [Pa]:     95051.41       95051.41
 Difference in percent of meanvalue:    0.00
 Mass flow error [percent of total massflow]:   0.55
ENDOFMESSAGE
MESSAGE
CONVERGENCEFAIL 342500 JUNCTION      1 KNOTEN   12465.50 DEGCRA
 The iteration of the junction massflow failed to
 converge within  25 iterations.
                    24 iteration   25 iteration
 Pressure    [Pa]:    119910.13      119910.13
 Difference in percent of meanvalue:   -0.00
 Mass flow error [percent of total massflow]:  -0.61
ENDOFMESSAGE
MESSAGE
CONVERGENCEFAIL 342500 JUNCTION      1 KNOTEN   12726.17 DEGCRA
 The iteration of the junction massflow failed to
 converge within  25 iterations.
                    24 iteration   25 iteration
 Pressure    [Pa]:    139615.24      139615.24
 Difference in percent of meanvalue:    0.00
 Mass flow error [percent of total massflow]:   0.57
ENDOFMESSAGE
MESSAGE
CONVERGENCEFAIL 342500 JUNCTION      1 KNOTEN   13088.83 DEGCRA
 The iteration of the junction massflow failed to
 converge within  25 iterations.
                    24 iteration   25 iteration
 Pressure    [Pa]:     95542.04       95542.04
 Difference in percent of meanvalue:    0.00
 Mass flow error [percent of total massflow]:   0.57
ENDOFMESSAGE
MESSAGE
CONVERGENCEFAIL 342500 JUNCTION      1 KNOTEN   13089.81 DEGCRA
 The iteration of the junction massflow failed to
 converge within  25 iterations.
                    24 iteration   25 iteration
 Pressure    [Pa]:     95050.99       95050.99
 Difference in percent of meanvalue:    0.00
 Mass flow error [percent of total massflow]:   0.55
ENDOFMESSAGE
MESSAGE
CONVERGENCEFAIL 342500 JUNCTION      1 KNOTEN   13185.50 DEGCRA
 The iteration of the junction massflow failed to
 converge within  25 iterations.
                    24 iteration   25 iteration
 Pressure    [Pa]:    119909.58      119909.58
 Difference in percent of meanvalue:   -0.00
 Mass flow error [percent of total massflow]:  -0.62
ENDOFMESSAGE
MESSAGE
CONVERGENCEFAIL 342500 JUNCTION      1 KNOTEN   13446.17 DEGCRA
 The iteration of the junction massflow failed to
 converge within  25 iterations.
                    24 iteration   25 iteration
 Pressure    [Pa]:    139615.39      139615.39
 Difference in percent of meanvalue:    0.00
 Mass flow error [percent of total massflow]:   0.56
ENDOFMESSAGE
MESSAGE
CONVERGENCEFAIL 342500 JUNCTION      1 KNOTEN   13808.83 DEGCRA
 The iteration of the junction massflow failed to
 converge within  25 iterations.
                    24 iteration   25 iteration
 Pressure    [Pa]:     95542.23       95542.23
 Difference in percent of meanvalue:    0.00
 Mass flow error [percent of total massflow]:   0.57
ENDOFMESSAGE
MESSAGE
CONVERGENCEFAIL 342500 JUNCTION      1 KNOTEN   13809.81 DEGCRA
 The iteration of the junction massflow failed to
 converge within  25 iterations.
                    24 iteration   25 iteration
 Pressure    [Pa]:     95051.35       95051.35
 Difference in percent of meanvalue:    0.00
 Mass flow error [percent of total massflow]:   0.55
ENDOFMESSAGE
MESSAGE
CONVERGENCEFAIL 342500 JUNCTION      1 KNOTEN   13905.50 DEGCRA
 The iteration of the junction massflow failed to
 converge within  25 iterations.
                    24 iteration   25 iteration
 Pressure    [Pa]:    119908.47      119908.47
 Difference in percent of meanvalue:   -0.00
 Mass flow error [percent of total massflow]:  -0.62
ENDOFMESSAGE
MESSAGE
CONVERGENCEFAIL 342500 JUNCTION      1 KNOTEN   14166.17 DEGCRA
 The iteration of the junction massflow failed to
 converge within  25 iterations.
                    24 iteration   25 iteration
 Pressure    [Pa]:    139615.54      139615.54
 Difference in percent of meanvalue:    0.00
 Mass flow error [percent of total massflow]:   0.57
ENDOFMESSAGE
