  CASE 1 of 13 Case Set 1.8k ...
      TASK: createseriesresults
      TASK: creation
      TASK: simulation
  CASE 2 of 13 Case Set 1.7_5k ...
      TASK: createseriesresults
      TASK: creation
      TASK: simulation
  CASE 3 of 13 Case Set 1.7k ...
      TASK: createseriesresults
      TASK: creation
      TASK: simulation
  CASE 4 of 13 Case Set 1.6_5k ...
      TASK: createseriesresults
      TASK: creation
      TASK: simulation
  CASE 5 of 13 Case Set 1.6k ...
      TASK: createseriesresults
      TASK: creation
      TASK: simulation
  CASE 6 of 13 Case Set 1.5_5k ...
      TASK: createseriesresults
      TASK: creation
      TASK: simulation
  CASE 7 of 13 Case Set 1.5k ...
      TASK: createseriesresults
      TASK: creation
      TASK: simulation
  CASE 8 of 13 Case Set 1.4_5k ...
      TASK: createseriesresults
      TASK: creation
      TASK: simulation
  CASE 9 of 13 Case Set 1.4k ...
      TASK: createseriesresults
      TASK: creation
      TASK: simulation
  CASE 10 of 13 Case Set 1.3_5k ...
      TASK: createseriesresults
      TASK: creation
      TASK: simulation
  CASE 11 of 13 Case Set 1.3k ...
      TASK: createseriesresults
      TASK: creation
      TASK: simulation
  CASE 12 of 13 Case Set 1.2_5k ...
      TASK: createseriesresults
      TASK: creation
      TASK: simulation
  CASE 13 of 13 Case Set 1.2k ...
      TASK: createseriesresults
      TASK: creation
      TASK: simulation
  finished Pre-Processing
