 --------------------------------
 AVL - B O O S T
 Version:        v2022.1.0.0.0
 Build:          Apr 27 2022 22:44:48
 Git Build Hash: 7670062eda46b95e13935a621f250d93513addf7
 System:         x86_64-unknown-winnt_i19v19
 --------------------------------

LICENSE
-------
 sys_1DCFD_solver 2022.0@ License will expire in 218 days

PROJECT
-------
 Preprocessor Version :  2022.1
 Calculation date     : 14.10.2025
 File     : single500_GDi.bst
 Case Set : "Case Set 1"
 Case     : "Case 9"
 
 Project ID: "4-Cylinder"
 Run ID:     "WOT"
 Model date: "7.3.2000"

ELEMENTS
--------
 Element Name        Number

 PIPE                  23
 SYSTEMBOUNDARY         2
 CYLINDER               4
 RESTRICTION            8
 MEASURINGPOINT         8
 JUNCTION               7
 ENGINE                 1
 PIPE_END              46
 ALL_PIPES             23
 ALL_BOUNDARIES         2
 RESTRICTIONS           8
 ALL_PIDS               1
 PIPE_VAR_WALL_TEMP    23

GLOBAL DATA
-----------
  Engine Speed :         3000.0  rpm
  Calculationmode:        BOOST  Single
  Cycle Duration:        720.00  degrees
  Max. calc. period:   14400.00  degrees
  Cycles calculated:         20  cycles
  Calc. time steps:     0.77028  degrees (max)
                        0.57509  degrees
                        0.03195  ms
                        0.57509  degrees (short pipe)
                        0.03195  ms (short pipe)
  Traces results step:  5.00000  degrees
  User concentrations:        0
  Ref. pressure:      100000.00  Pa
  Ref. temperature:     298.000  K
  Gas properties:      Variable
  Gasproperties File:     GASOLINE.BGP
     bgp_build_version:   v2013.0.0.0.0
     bgp_build_host:      boosthost
     bgp_build_user:      boost
     bgp_build_date:      2012.03.23
     bgp_build_time:      08:00:00
  Lower calorific:  0.43500E+08  J/kg
  Stoic. A/F-ratio:      14.500

  Warnings:                   0
  Convergence errors:       305

PIPES
-----

 Total number of pipe cells:     89

 Pipe   Cells   Cell size       W.Heat     Wall T    Fric. coeff.   Lam. Fric. Coeff.  Heat Factor       Volume
  nr.                [mm]         [kJ]        [K]             [-]                 [-]          [-]        [dm3]
    1       2        40.0        0.000     340.00        0.040000           64.000000     1.000000     0.070513
    2       2        30.0       -0.005     850.00        0.040000           64.000000     1.000000     0.048255
    3       2        40.0        0.000     340.00        0.040000           64.000000     1.000000     0.070513
    4       2        30.0       -0.005     850.00        0.040000           64.000000     1.000000     0.048255
    5       2        40.0        0.000     340.00        0.040000           64.000000     1.000000     0.070513
    6       2        30.0       -0.006     850.00        0.040000           64.000000     1.000000     0.048255
    7       2        40.0        0.001     340.00        0.040000           64.000000     1.000000     0.070513
    8       2        30.0       -0.006     850.00        0.040000           64.000000     1.000000     0.048255
    9       3        30.3        0.001     300.00        0.019000           64.000000     1.000000     0.092423
   10       3        36.7       -0.000     300.00        0.019000           64.000000     1.000000     0.111966
   11       2        40.0        0.001     300.00        0.019000           64.000000     1.000000     0.081430
   12       3        36.7        0.000     300.00        0.019000           64.000000     1.000000     0.111966
   13       3        36.7        0.000     300.00        0.019000           64.000000     1.000000     0.111966
   14       2        40.0        0.000     300.00        0.019000           64.000000     1.000000     0.081430
   15       2        40.0        0.000     300.00        0.019000           64.000000     1.000000     0.081430
   16       3        36.7        0.000     300.00        0.019000           64.000000     1.000000     0.111966
   17      10        30.0       -0.098     300.00        0.019000           64.000000     1.000000     0.376991
   18      10        30.0       -0.104     300.00        0.019000           64.000000     1.000000     0.376991
   19      10        30.0       -0.098     300.00        0.019000           64.000000     1.000000     0.376991
   20      10        30.0       -0.104     300.00        0.019000           64.000000     1.000000     0.376991
   21       1        50.0       -0.032     300.00        0.019000           64.000000     1.000000     0.062832
   22       1        50.0       -0.032     300.00        0.019000           64.000000     1.000000     0.062832
   23      10        31.2       -0.266     300.00        0.019000           64.000000     1.000000     0.392071


MEASURINGPOINTS: Average Values
-------------------------------
 Mp. Pipe Location   Diameter  Pressure  Temp. Ms.Temp.  Velo.   Massflow   Massflow To.Ent.f.  To.Ent.f.  Mach. Wtemp.  Converg.
 nr.  nr.     [mm]       [mm]     [bar]    [K]      [K]  [m/s]      [g/s]  [g/cycle]    [kJ/s]  [kJ/cyc.]    [-]    [K]       [-]
  1   1    10.0000    33.5000    0.9711  325.1    291.0   12.6    12.1903     0.4876    -0.048    -0.0019   0.04  340.0 0.107E-05
  2  19    10.0000    40.0000    1.1092 1031.4   1267.6   28.7    13.0481     0.5219    15.485     0.6194   0.04  300.0 0.634E-06
  3   3    10.0000    33.5000    0.9726  316.6    289.8   13.5    12.6395     0.5056    -0.064    -0.0026   0.04  340.0 0.355E-06
  4  17    10.0000    40.0000    1.1086 1030.0   1271.4   29.4    13.5330     0.5413    16.136     0.6454   0.04  300.0 0.714E-07
  5   5    10.0000    33.5000    0.9755  311.7    291.2   14.6    13.6746     0.5470    -0.045    -0.0018   0.04  340.0 0.514E-06
  6  18    10.0000    40.0000    1.1100 1019.8   1272.3   31.6    14.6267     0.5851    17.544     0.7018   0.05  300.0 0.155E-05
  7   7    10.0000    33.5000    0.9790  303.9    288.6   15.4    14.1701     0.5668    -0.075    -0.0030   0.05  340.0 0.102E-05
  8  20    10.0000    40.0000    1.1098 1018.9   1275.5   32.3    15.1642     0.6066    18.260     0.7304   0.05  300.0 0.307E-06

SYSTEMBOUNDARIES
Attachments
-----------
 Type                 Nr.   Pipe       Mass flow
                             Nr.       [g/cycle]
 SYSTEMBOUNDARY        1      9          2.1084
 SYSTEMBOUNDARY        2     23          2.2545

CYLINDERS: Average Values
-------------------------
                               Total
                              Engine         Cyl.   1       Cyl.   2       Cyl.   3       Cyl.   4
Firing TDC [deg]                                  0.00         540.00         180.00         360.00
Bore [mm]                                        86.00          86.00          86.00          86.00
Stroke [mm]                                      86.00          86.00          86.00          86.00
Conrodl. [mm]                                   143.50         143.50         143.50         143.50
Piston pin offset [mm]                            0.00           0.00           0.00           0.00
Swept Vol. [l]                   1.9982         0.4996         0.4996         0.4996         0.4996
Compression ratio [-]                            10.50          10.50          10.50          10.50
Dyn. Comp. ratio [-]                              7.98           8.01           8.01           7.98

Combustion Data:
----------------
Combustion Char.                               2Z-Vibe        2Z-Vibe        2Z-Vibe        2Z-Vibe     
Comb.start [deg]                                 -4.00          -4.00          -4.00          -4.00
Comb.dur.1 [deg]                                 50.00          50.00          50.00          50.00
Peak Fir.Pres. [bar]              52.37          48.45          50.18          54.55          56.30
at Crankangle [deg]               19.71          19.67          19.73          19.74          19.71
Peak Pres.Rise[bar/deg]            1.97           1.83           1.89           2.04           2.11
at Crankangle [deg]                7.51           7.52           7.48           7.54           7.50
Peak Fir. Temp. [K]             2492.30        2478.47        2487.06        2497.86        2505.80
at Crankangle [deg]               30.52          30.32          30.55          30.58          30.64
Peak T_burned [K]               2661.57        2647.62        2656.11        2666.98        2675.56
at Crankangle [deg]               15.97          15.82          16.10          15.87          16.09
Res. Gascompr. [bar]               1.41           1.42           1.38           1.41           1.42
at Crankangle [deg]              358.01         357.91         358.03         357.37         358.73
Evaporation Energy [kJ]         -0.0428        -0.0099        -0.0103        -0.0111        -0.0115
Required O.N. [-]                 94.08          85.20          87.07          93.25          94.08
Knock Intensity [-]               -1.00           0.00           0.00           0.00           0.00

Emissions (Classic Species Transport):
--------------------------------------
NOx: Calculated based on MTZ 34 1973 (12).
CO:  Calculated based on SAE 2002-01-0006.
HC:  Calculated based on SAE 2002-01-0006.
NOX   [g/kWh]                  7.194134       6.465867       6.882725       7.457467       7.837911
NOX   [g/h]                  396.953490      82.258756      90.857751     106.978392     116.858591
NOX   [ppm]                     1892.87        1694.62        1804.83        1966.23        2071.24
CO    [g/kWh]                  0.538566       0.517892       0.540868       0.541837       0.551023
CO    [g/h]                   29.716680       6.588620       7.139908       7.772727       8.215426
CO    [ppm]                      151.80         145.40         151.93         153.04         155.99
HC    [g/kWh]                  0.574517       0.613139       0.594129       0.558753       0.539364
HC    [g/h]                   31.700356       7.800359       7.843005       8.015390       8.041602
HC    [ppm]                      108.00         114.81         111.31         105.25         101.83

Performance:
------------
IMEP [bar]                      12.2738        11.4152        11.7986        12.7149        13.1667
Rel. to Ave. [-]                                0.9300         0.9613         1.0359         1.0727
IMEP Exh. [bar]                 -1.0054        -1.0072        -1.0049        -1.0054        -1.0040
IMEP Int. [bar]                  0.8938         0.9369         0.9001         0.8808         0.8575
IMEP Gasex. [bar]               -0.1116        -0.0704        -0.1048        -0.1245        -0.1465
IMEP HP [bar]                   12.3854        11.4856        11.9034        12.8394        13.3132
FMEP [bar]                       1.2286         1.2286         1.2286         1.2286         1.2286
BMEP [bar]                      11.0453        10.1866        10.5700        11.4863        11.9381
AMEP;SMEP [bar]                  0.0000         0.0000         0.0000         0.0000         0.0000
ISFC [g/kWh]                   213.5689       212.6261       213.3378       213.9660       214.2099
Rel. to Ave. [-]                                0.9956         0.9989         1.0019         1.0030
ISFC (tr.f.) [g/kWh]           213.5689       212.6261       213.3378       213.9660       214.2099
BSFC [g/kWh]                   237.3243       238.2701       238.1344       236.8518       236.2546
Indicated Eff. [-]               0.3875         0.3892         0.3879         0.3868         0.3863
Iso vol. comb. Eff [-]           0.9230         0.9230         0.9230         0.9229         0.9230
Polytropic Coeff. [-]                           1.2837         1.2829         1.2800         1.2801

Fuel Mass Balance:
------------------
Inj. Fuelmass [g]              0.145491       0.033689       0.034929       0.037744       0.039130
Asp.Trap. Fuelmass [g]         0.000008      -0.000008      -0.000000       0.000008       0.000008
Fuelmassfl.(A+I) [g/s]         3.637482       0.842020       0.873215       0.943798       0.978449
Fuelmass tot.trap. [g]         0.145499       0.033681       0.034929       0.037752       0.039138
Trapped Fuelm.fl.[g/s]         3.637482       0.842020       0.873215       0.943798       0.978449
Trapp. Eff. Fuel [-]             1.0000         1.0000         1.0000         1.0000         1.0000

Energy Balance Cylinder:
------------------------
Fuel Energy [kJ]                6.32987        1.46528        1.51954        1.64236        1.70269
Released Energy [kJ]            6.13566        1.42025        1.47293        1.59218        1.65030
-> Brake Power     [%]           35.972         35.830         35.849         36.039         36.137
-> Loss: Friction  [%]            4.001          4.321          4.167          3.855          3.719
-> Loss: Piston    [%]            4.104          4.144          4.125          4.099          4.056
-> Loss: Head      [%]            5.136          5.181          5.160          5.132          5.079
-> Loss: Liner     [%]            5.121          5.183          5.156          5.113          5.045
-> Loss: Int. Port [%]            0.036          0.048          0.035          0.041          0.024
-> Loss: Exh. Port [%]            0.471          0.490          0.481          0.463          0.453
-> Loss: Exh. Gas  [%]           45.563         45.220         45.454         45.644         45.879
Eff. Rel. Energy [kJ]           6.12786        1.41853        1.47115        1.59000        1.64817
Gross Rel. Energy [kJ]          6.13566        1.42025        1.47293        1.59218        1.65030
Eff.Gross Rel.Ener.[kJ]         6.12786        1.41853        1.47115        1.59000        1.64817
Energy Balance [-]               0.9988         0.9987         0.9988         0.9989         0.9987
Eff. Energy Balance [-]          0.9976         0.9975         0.9976         0.9976         0.9975

Blowby:
-------
Blowbymass [g]                 0.000000       0.000000       0.000000       0.000000       0.000000
Blowbymassfl. [g/s]            0.000000       0.000000       0.000000       0.000000       0.000000
Blowby Heat Flow [kJ]          0.000000       0.000000       0.000000       0.000000       0.000000

Reference Values at Start of High Pressure:
-------------------------------------------
Pressure at SHP[bar]             1.5858         1.4557         1.5005         1.6718         1.7152
Temperature [K]                  411.57         405.14         406.53         418.56         416.06
Air Massfl.  [g/s]            52.742455      12.213628      12.662230      13.682132      14.184465
Fuel Massfl. [g/s]             3.637482       0.842020       0.873215       0.943798       0.978449
Trapp. Eff. Air [-]              1.0000         1.0000         1.0000         1.0000         1.0000
Trapp. Eff.Fuel [-]              1.0000         1.0000         1.0000         1.0000         1.0000
A/F-Ratio (Cmb.) [-]              14.54          14.54          14.54          14.53          14.53
Excess Air Ratio [-]             1.0025         1.0029         1.0025         1.0023         1.0023

Reference Values at Start Of Combustion:
----------------------------------------
Pressure [bar]                  23.5738        21.6374        22.4483        24.7870        25.4226
Temperature [K]                  763.99         754.36         757.25         774.33         770.01

Residual Gas:
-------------
Res.gas content [-]              0.0668         0.0718         0.0675         0.0678         0.0609
External EGR [-]                -0.0000        -0.0003        -0.0001         0.0002         0.0001
Internal EGR [-]                 0.0668         0.0721         0.0675         0.0677         0.0608
Com.Prod.Mass. at EO [g]       2.405952       0.559918       0.578008       0.624864       0.643162
Res.gas mass at SHP [g]        0.152969       0.038284       0.037100       0.040318       0.037266
Res.gas aspirated IN [g]      -0.000010      -0.000161      -0.000033       0.000102       0.000083
Res.gas from intake [g]        0.053919       0.014396       0.011554       0.016160       0.011809
Rel. to Total [-]                0.3525         0.3760         0.3114         0.4008         0.3169
Res.gas flow EX [g]            2.252981       0.521485       0.540869       0.584642       0.605985
Res.gas from exhaust [g]       0.051296       0.013049       0.011822       0.014541       0.011883
Rel. to Total [-]                0.3353         0.3409         0.3187         0.3607         0.3189

Gas Exchange:
-------------
Volumetric Eff. [-]              0.9033         0.8367         0.8674         0.9373         0.9717
Rel. to Ave. [-]                                0.9263         0.9603         1.0377         1.0758
Total Mass at SHP[g]             2.2889         0.5329         0.5499         0.5944         0.6117
Mass Delivered [g]              2.10952        0.48834        0.50642        0.54733        0.56743
Mass Delivered [g/s]           52.73800       12.20848       12.66052       13.68315       14.18584
Delivery Ratio [-]               0.9032         0.8363         0.8673         0.9374         0.9718
Rel. to Ave. [-]                                0.9260         0.9603         1.0378         1.0759
Av.Airmass at SHP[g]             2.1097         0.4886         0.5065         0.5473         0.5674
Air Delivered [g]               2.10970        0.48855        0.50649        0.54729        0.56738
Air Delivered [g/s]            52.74246       12.21363       12.66223       13.68213       14.18447
Airdeliveryratio [-]             0.9033         0.8367         0.8674         0.9373         0.9717
Rel. to Ave. [-]                                0.9263         0.9603         1.0377         1.0758
Airmass Trapped [g]             2.10970        0.48855        0.50649        0.54729        0.56738
Airmass Trapped [g/s]          52.74246       12.21363       12.66223       13.68213       14.18447
Trapp. Eff. Air [-]              1.0000         1.0000         1.0000         1.0000         1.0000
Rel. to Ave. [-]                                1.0000         1.0000         1.0000         1.0000
Airpurity [-]                    0.9217         0.9167         0.9211         0.9207         0.9275
Dyn. Swirl [-]                   0.0000         0.0000         0.0000         0.0000         0.0000
Dyn. Tumble [-]                  0.0000         0.0000         0.0000         0.0000         0.0000

Wall Heatlosses:
----------------
Piston [kJ]                     -0.2518        -0.0589        -0.0608        -0.0653        -0.0669
Piston Temperature [K]                          530.00         530.00         530.00         530.00
Cylinderhead [kJ]              -0.31512       -0.07358       -0.07601       -0.08171       -0.08382
Head Temperature [K]                            560.00         560.00         560.00         560.00
Cylinderliner [kJ]             -0.31422       -0.07361       -0.07594       -0.08141       -0.08326
LinerTDC Temperature [K]                        440.00         440.00         440.00         440.00
LinerBDC Temperature [K]                        435.00         435.00         435.00         435.00
Sum of Wallheat [kJ]           -0.88116       -0.20605       -0.21271       -0.22838       -0.23402
Wall Heatlosses in High Pressure Phase:
Piston HP [kJ]                 -0.21619       -0.05036       -0.05205       -0.05603       -0.05775
Cylinderhead HP [kJ]           -0.27351       -0.06370       -0.06584       -0.07089       -0.07308
Cylinderliner HP [kJ]          -0.18051       -0.04213       -0.04346       -0.04669       -0.04821
Sum of Wallheat HP [kJ]        -0.67021       -0.15620       -0.16136       -0.17362       -0.17904
Wall Heatlosses Related to Heatinput:
Piston [-]                      -0.0398        -0.0402        -0.0400        -0.0397        -0.0393
Cylinderhead [-]                -0.0498        -0.0502        -0.0500        -0.0498        -0.0492
Cylinderliner [-]               -0.0496        -0.0502        -0.0500        -0.0496        -0.0489
Sum of Wallheat [-]             -0.1392        -0.1406        -0.1400        -0.1391        -0.1375
M. Eff. HTC [W/m2/K]             335.60         321.20         327.54         343.22         350.43
M. Eff. Temp. [K]               1333.85        1315.64        1325.52        1345.22        1349.03

Reference Values at EO:
-----------------------
Pressure [bar]                     6.01           5.55           5.77           6.27           6.47
Temperature [K]                 1700.32        1687.29        1696.65        1705.34        1712.01
A/F-Ratio [-]                     14.50          14.50          14.50          14.50          14.50
Com.Prod.Conc. [-]              0.99912        0.99907        0.99913        0.99922        0.99905
Fuel Concentr. [-]             0.000057       0.000061       0.000057       0.000051       0.000062

Average Values of Pipeattachements:
-----------------------------------
 Attached Pipe                                       1              3              5              7
Vlv/Prt.Op.Clr.0mm[deg]                         340.00         340.00         340.00         340.00
Vlv/Prt.Op.Eff.0mm[deg]                         340.00         340.00         340.00         340.00
Vlv/Prt.Op.Eff.1mm[deg]                         362.50         362.50         362.50         362.50
Vlv/Prt.Op.Udef.mm[deg]                         340.00         340.00         340.00         340.00
Vlv/Prt.Cl.Clr.0mm[deg]                         610.00         610.00         610.00         610.00
Vlv/Prt.Cl.Eff.0mm[deg]                         610.00         610.00         610.00         610.00
Vlv/Prt.Cl.Eff.1mm[deg]                         577.53         577.53         577.52         577.52
Vlv/Prt.Cl.Udef.mm[deg]                         610.00         610.00         610.00         610.00
Cam Phasing [deg]                                 0.00           0.00           0.00           0.00
Massflow [g/cycle]                            0.488339       0.506421       0.547326       0.567434
Wallheat [kJ/cycle]                          -0.000677      -0.000514      -0.000649      -0.000393
rel.to Heatinp.[-]                             -0.0005        -0.0003        -0.0004        -0.0002
 Attached Pipe                                       2              4              6              8
Vlv/Prt.Op.Clr.0mm[deg]                         130.00         130.00         130.00         130.00
Vlv/Prt.Op.Eff.0mm[deg]                         130.00         130.00         130.00         130.00
Vlv/Prt.Op.Eff.1mm[deg]                         150.84         150.84         150.84         150.84
Vlv/Prt.Op.Udef.mm[deg]                         130.00         130.00         130.00         130.00
Vlv/Prt.Cl.Clr.0mm[deg]                         390.00         390.00         390.00         390.00
Vlv/Prt.Cl.Eff.0mm[deg]                         390.00         390.00         390.00         390.00
Vlv/Prt.Cl.Eff.1mm[deg]                         356.00         356.00         356.00         356.00
Vlv/Prt.Cl.Udef.mm[deg]                         390.00         390.00         390.00         390.00
Cam Phasing [deg]                                 0.00           0.00           0.00           0.00
Massflow [g/cycle]                            0.521972       0.541342       0.585098       0.606561
Wallheat [kJ/cycle]                          -0.006963      -0.007082      -0.007370      -0.007481
rel.to Heatinp.[-]                             -0.0048        -0.0047        -0.0045        -0.0044

FLOWRESTRICTIONS: Average Values
--------------------------------
 Flr. Att.Pi.  Massflow  Att.Pi.  Massflow
  nr.  number [g/cycle]   number [g/cycle]
    1       2    0.5220       19    0.5221
    2       1    0.4883       10    0.4883
    3       4    0.5413       17    0.5415
    4       3    0.5064       12    0.5063
    5       6    0.5851       18    0.5852
    6       5    0.5473       13    0.5472
    7       8    0.6066       20    0.6067
    8       7    0.5674       16    0.5673

JUNCTIONS: Average Values
-------------------------
Junction   1: Attached pipe   9:     -2.1084 g/cycle
              Attached pipe  10:     -0.4883 g/cycle
              Attached pipe  11:     -1.6201 g/cycle
Junction   2: Attached pipe  11:     -1.6201 g/cycle
              Attached pipe  12:     -0.5063 g/cycle
              Attached pipe  14:     -1.1136 g/cycle
Junction   3: Attached pipe  13:     -0.5472 g/cycle
              Attached pipe  14:     -1.1136 g/cycle
              Attached pipe  15:     -0.5663 g/cycle
Junction   4: Attached pipe  15:     -0.5663 g/cycle
              Attached pipe  16:     -0.5673 g/cycle
Junction   5: Attached pipe  17:     -0.5415 g/cycle
              Attached pipe  18:     -0.5852 g/cycle
              Attached pipe  22:     -1.1264 g/cycle
Junction   6: Attached pipe  19:     -0.5221 g/cycle
              Attached pipe  20:     -0.6067 g/cycle
              Attached pipe  21:     -1.1286 g/cycle
Junction   7: Attached pipe  21:     -1.1286 g/cycle
              Attached pipe  22:     -1.1264 g/cycle
              Attached pipe  23:     -2.2545 g/cycle

OVERALL ENGINE PERFORMANCE:
===========================

Indicated Torque          :    195.17 Nm                    Indicated Specific Torque :     97.67 Nm/l
Indicated Power           :     61.31 kW,        83.36 PS   Indicated Specific Power  :     30.68 kW/l,      41.72 PS/l
Friction Torque           :     19.54 Nm                    Friction Power            :      6.14 kW
Effective Torque          :    175.64 Nm                    Effective Specific Torque :     87.90 Nm/l
Effective Power           :     55.18 kW,        75.02 PS   Effective Specific Power  :     27.61 kW/l,      37.54 PS/l

Required time for reading the inputfile and initialisation:       0.08 min
Required time for the calculation: .........................      0.42 min
Required time for writing the outputfile: ..................      0.00 min
Required total time: .......................................      0.50 min
Required total CPU-time: ...................................     15.94 sec
