MESSAGE
RUNINFO      1 CONTROL      1 BOOST       0.00 DEGCRA
 System date and time : 15.10.2025 18:53:24
ENDOFMESSAGE
MESSAGE
RUNINFO      2 CONTROL      2 BOOST       0.00 DEGCRA
 Executable information:
  Version  : v2022.1.0.0.0
  Build    : Apr 27 2022 22:44:48
  Platform : x86_64-unknown-winnt_i19v19
ENDOFMESSAGE
MESSAGE
RUNINFO      3 CONTROL      3 BOOST       0.00 DEGCRA
 Opened file :  single500_GDi.bst
ENDOFMESSAGE
MESSAGE
RUNINFO 70011 INPUT     0 BST_READ_GLOBAL 0.00DEGCRA
  The following User Defined Parameters were identified:
ENDOFMESSAGE
ENDOFMESSAGE
MESSAGE
RUNINFO 571129 INPUT      0 BST_READ_GLOBAL       0.00 DEGCRA
 Using C gas property library
ENDOFMESSAGE
MESSAGE
RUNINFO  12377 INPUT      0 BST_READ_GLOBAL       0.00 DEGCRA
 No reference element set for volumetric efficiency.
 No gas exchange data related to intake manifold conditions will be calculated.
ENDOFMESSAGE
MESSAGE
RUNINFO 270000 REACTION_LIBRARY      1 CL_BOOST_MessageSystem       0.00 DEGCRA
>>> Catalyst Library <<<
  Version: 2.800
  Platform: x86_64-unknown-winnt_i19v19
  Build date: Apr 27 2022 21:58:54
ENDOFMESSAGE
MESSAGE
RUNINFO 270000 REACTION_LIBRARY      1 CL_BOOST_MessageSystem       0.00 DEGCRA
>>> Transfer Model Library Version 1.400 <<<
ENDOFMESSAGE
MESSAGE
RUNINFO 100001 BOOST      1 BOOST_GPR_printf       0.00 DEGCRA
    Classic gas property data are read from:
      C:/Program Files (x86)/AVL/R2022.1/BOOST/files/GASOLINE.BGP

ENDOFMESSAGE
MESSAGE
RUNINFO      0 CYLINDER      1 READ_INDIVIDUAL_CYLINDER       0.00 DEGCRA
 Intake valve profile shifted.
 Opening shift :   -18.000
 Closing shift :   -18.000
ENDOFMESSAGE
MESSAGE
RUNINFO      0 CYLINDER      1 READ_INDIVIDUAL_CYLINDER       0.00 DEGCRA
 Exhaust valve profile shifted.
 Opening shift :     3.000
 Closing shift :     3.000
ENDOFMESSAGE
MESSAGE
RUNINFO      0 CYLINDER      2 READ_INDIVIDUAL_CYLINDER       0.00 DEGCRA
 Intake valve profile shifted.
 Opening shift :   -18.000
 Closing shift :   -18.000
ENDOFMESSAGE
MESSAGE
RUNINFO      0 CYLINDER      2 READ_INDIVIDUAL_CYLINDER       0.00 DEGCRA
 Exhaust valve profile shifted.
 Opening shift :     3.000
 Closing shift :     3.000
ENDOFMESSAGE
MESSAGE
RUNINFO      0 CYLINDER      3 READ_INDIVIDUAL_CYLINDER       0.00 DEGCRA
 Intake valve profile shifted.
 Opening shift :   -18.000
 Closing shift :   -18.000
ENDOFMESSAGE
MESSAGE
RUNINFO      0 CYLINDER      3 READ_INDIVIDUAL_CYLINDER       0.00 DEGCRA
 Exhaust valve profile shifted.
 Opening shift :     3.000
 Closing shift :     3.000
ENDOFMESSAGE
MESSAGE
RUNINFO      0 CYLINDER      4 READ_INDIVIDUAL_CYLINDER       0.00 DEGCRA
 Intake valve profile shifted.
 Opening shift :   -18.000
 Closing shift :   -18.000
ENDOFMESSAGE
MESSAGE
RUNINFO      0 CYLINDER      4 READ_INDIVIDUAL_CYLINDER       0.00 DEGCRA
 Exhaust valve profile shifted.
 Opening shift :     3.000
 Closing shift :     3.000
ENDOFMESSAGE
MESSAGE
WARNING  21772 RESTRICTION      2 INPUT       0.00 DEGCRA
 Area difference too small to create a quarterwave resonator.
 Minimum resonator diameter [mm]:      10.00
 Calculated diameter        [mm]:       5.81
ENDOFMESSAGE
MESSAGE
WARNING  21772 RESTRICTION      4 INPUT       0.00 DEGCRA
 Area difference too small to create a quarterwave resonator.
 Minimum resonator diameter [mm]:      10.00
 Calculated diameter        [mm]:       5.81
ENDOFMESSAGE
MESSAGE
WARNING  21772 RESTRICTION      6 INPUT       0.00 DEGCRA
 Area difference too small to create a quarterwave resonator.
 Minimum resonator diameter [mm]:      10.00
 Calculated diameter        [mm]:       5.81
ENDOFMESSAGE
MESSAGE
WARNING  21772 RESTRICTION      8 INPUT       0.00 DEGCRA
 Area difference too small to create a quarterwave resonator.
 Minimum resonator diameter [mm]:      10.00
 Calculated diameter        [mm]:       5.81
ENDOFMESSAGE
MESSAGE
RUNINFO  10660 GLOBAL      1 LICENSING       0.00 DEGCRA
  >>>
  >>>   The Licence for application "sys_1DCFD_solver"
  >>>   has been checked out!
  >>>
ENDOFMESSAGE
MESSAGE
RUNINFO      0 POSTLINKS      0 BOOST       0.00 DEGCRA
 Opened file : single500_GDi.glb
 Unit Number :    13
ENDOFMESSAGE
MESSAGE
RUNINFO 150006 SYSTEMBOUNDARY      1 BOOST       0.00 DEGCRA
 Open end correction for PIPE :    16
 End correction   [mm] :     19.500
 Original Length  [mm] :    110.000
 Corrected Length [mm] :    129.500
ENDOFMESSAGE
MESSAGE
RUNINFO 150006 SYSTEMBOUNDARY      2 BOOST       0.00 DEGCRA
 Open end correction for PIPE :    15
 End correction   [mm] :     12.600
 Original Length  [mm] :    300.000
 Corrected Length [mm] :    312.600
ENDOFMESSAGE
MESSAGE
CONVERGENCEFAIL 342500 JUNCTION      2 KNOTEN     183.95 DEGCRA
 The iteration of the junction massflow failed to
 converge within  25 iterations.
                    24 iteration   25 iteration
 Pressure    [Pa]:    172934.08      172934.08
 Difference in percent of meanvalue:    0.00
 Mass flow error [percent of total massflow]:  -0.51
ENDOFMESSAGE
MESSAGE
CONVERGENCEFAIL 342500 JUNCTION      2 KNOTEN     184.74 DEGCRA
 The iteration of the junction massflow failed to
 converge within  25 iterations.
                    24 iteration   25 iteration
 Pressure    [Pa]:    172934.08      172934.08
 Difference in percent of meanvalue:    0.00
 Mass flow error [percent of total massflow]:  -0.94
ENDOFMESSAGE
MESSAGE
CONVERGENCEFAIL 342500 JUNCTION      3 KNOTEN     218.08 DEGCRA
 The iteration of the junction massflow failed to
 converge within  25 iterations.
                    24 iteration   25 iteration
 Pressure    [Pa]:    168329.92      168329.92
 Difference in percent of meanvalue:    0.00
 Mass flow error [percent of total massflow]:  -0.68
ENDOFMESSAGE
MESSAGE
CONVERGENCEFAIL 342500 JUNCTION      3 KNOTEN     218.99 DEGCRA
 The iteration of the junction massflow failed to
 converge within  25 iterations.
                    24 iteration   25 iteration
 Pressure    [Pa]:    168329.92      168329.92
 Difference in percent of meanvalue:    0.00
 Mass flow error [percent of total massflow]:  -1.54
ENDOFMESSAGE
MESSAGE
CONVERGENCEFAIL 342500 JUNCTION      2 KNOTEN     276.78 DEGCRA
 The iteration of the junction massflow failed to
 converge within  25 iterations.
                    24 iteration   25 iteration
 Pressure    [Pa]:    106489.00      106489.00
 Difference in percent of meanvalue:    0.00
 Mass flow error [percent of total massflow]:   1.32
ENDOFMESSAGE
MESSAGE
CONVERGENCEFAIL 342500 JUNCTION      3 KNOTEN     340.58 DEGCRA
 The iteration of the junction massflow failed to
 converge within  25 iterations.
                    24 iteration   25 iteration
 Pressure    [Pa]:     91384.31       91384.31
 Difference in percent of meanvalue:   -0.00
 Mass flow error [percent of total massflow]:  -0.68
ENDOFMESSAGE
MESSAGE
CONVERGENCEFAIL 342500 JUNCTION      3 KNOTEN     343.21 DEGCRA
 The iteration of the junction massflow failed to
 converge within  25 iterations.
                    24 iteration   25 iteration
 Pressure    [Pa]:     90742.66       90742.66
 Difference in percent of meanvalue:    0.00
 Mass flow error [percent of total massflow]:  -0.70
ENDOFMESSAGE
MESSAGE
CONVERGENCEFAIL 342500 JUNCTION      3 KNOTEN     344.07 DEGCRA
 The iteration of the junction massflow failed to
 converge within  25 iterations.
                    24 iteration   25 iteration
 Pressure    [Pa]:     90742.66       90742.66
 Difference in percent of meanvalue:    0.00
 Mass flow error [percent of total massflow]:  -0.65
ENDOFMESSAGE
MESSAGE
CONVERGENCEFAIL 342500 JUNCTION      3 KNOTEN     387.14 DEGCRA
 The iteration of the junction massflow failed to
 converge within  25 iterations.
                    24 iteration   25 iteration
 Pressure    [Pa]:    116183.04      116183.04
 Difference in percent of meanvalue:    0.00
 Mass flow error [percent of total massflow]:  -0.88
ENDOFMESSAGE
MESSAGE
CONVERGENCEFAIL 342500 JUNCTION      3 KNOTEN     387.89 DEGCRA
 The iteration of the junction massflow failed to
 converge within  25 iterations.
                    24 iteration   25 iteration
 Pressure    [Pa]:    116183.04      116183.04
 Difference in percent of meanvalue:    0.00
 Mass flow error [percent of total massflow]:  -0.72
ENDOFMESSAGE
MESSAGE
CONVERGENCEFAIL 342500 JUNCTION      3 KNOTEN     395.80 DEGCRA
 The iteration of the junction massflow failed to
 converge within  25 iterations.
                    24 iteration   25 iteration
 Pressure    [Pa]:    127090.95      127090.95
 Difference in percent of meanvalue:    0.00
 Mass flow error [percent of total massflow]:  -0.73
ENDOFMESSAGE
MESSAGE
CONVERGENCEFAIL 342500 JUNCTION      1 KNOTEN     456.60 DEGCRA
 The iteration of the junction massflow failed to
 converge within  25 iterations.
                    24 iteration   25 iteration
 Pressure    [Pa]:     85395.51       85395.51
 Difference in percent of meanvalue:    0.00
 Mass flow error [percent of total massflow]:  -0.54
ENDOFMESSAGE
MESSAGE
CONVERGENCEFAIL 342500 JUNCTION      1 KNOTEN     458.49 DEGCRA
 The iteration of the junction massflow failed to
 converge within  25 iterations.
                    24 iteration   25 iteration
 Pressure    [Pa]:     86544.63       86544.63
 Difference in percent of meanvalue:    0.00
 Mass flow error [percent of total massflow]:   0.72
ENDOFMESSAGE
MESSAGE
CONVERGENCEFAIL 342500 JUNCTION      2 KNOTEN     478.92 DEGCRA
 The iteration of the junction massflow failed to
 converge within  25 iterations.
                    24 iteration   25 iteration
 Pressure    [Pa]:     98346.37       98346.37
 Difference in percent of meanvalue:    0.00
 Mass flow error [percent of total massflow]:  -3.28
ENDOFMESSAGE
MESSAGE
CONVERGENCEFAIL 342500 JUNCTION      2 KNOTEN     479.95 DEGCRA
 The iteration of the junction massflow failed to
 converge within  25 iterations.
                    24 iteration   25 iteration
 Pressure    [Pa]:     97148.18       97148.18
 Difference in percent of meanvalue:    0.00
 Mass flow error [percent of total massflow]:  -0.97
ENDOFMESSAGE
MESSAGE
CONVERGENCEFAIL 342500 JUNCTION      2 KNOTEN     513.18 DEGCRA
 The iteration of the junction massflow failed to
 converge within  25 iterations.
                    24 iteration   25 iteration
 Pressure    [Pa]:     82962.42       82962.42
 Difference in percent of meanvalue:    0.00
 Mass flow error [percent of total massflow]:   1.23
ENDOFMESSAGE
MESSAGE
CONVERGENCEFAIL 342500 JUNCTION      2 KNOTEN     516.06 DEGCRA
 The iteration of the junction massflow failed to
 converge within  25 iterations.
                    24 iteration   25 iteration
 Pressure    [Pa]:     83510.28       83510.28
 Difference in percent of meanvalue:    0.00
 Mass flow error [percent of total massflow]:   1.11
ENDOFMESSAGE
MESSAGE
CONVERGENCEFAIL 342500 JUNCTION      1 KNOTEN     534.07 DEGCRA
 The iteration of the junction massflow failed to
 converge within  25 iterations.
                    24 iteration   25 iteration
 Pressure    [Pa]:     86286.65       86286.65
 Difference in percent of meanvalue:    0.00
 Mass flow error [percent of total massflow]:  -1.18
ENDOFMESSAGE
MESSAGE
CONVERGENCEFAIL 342500 JUNCTION      1 KNOTEN     534.77 DEGCRA
 The iteration of the junction massflow failed to
 converge within  25 iterations.
                    24 iteration   25 iteration
 Pressure    [Pa]:     86286.65       86286.65
 Difference in percent of meanvalue:   -0.00
 Mass flow error [percent of total massflow]:  -1.84
ENDOFMESSAGE
MESSAGE
CONVERGENCEFAIL 342500 JUNCTION      1 KNOTEN     535.47 DEGCRA
 The iteration of the junction massflow failed to
 converge within  25 iterations.
                    24 iteration   25 iteration
 Pressure    [Pa]:     86286.65       86286.65
 Difference in percent of meanvalue:    0.00
 Mass flow error [percent of total massflow]:  -2.05
ENDOFMESSAGE
MESSAGE
CONVERGENCEFAIL 342500 JUNCTION      1 KNOTEN     537.58 DEGCRA
 The iteration of the junction massflow failed to
 converge within  25 iterations.
                    24 iteration   25 iteration
 Pressure    [Pa]:     85661.37       85661.37
 Difference in percent of meanvalue:    0.00
 Mass flow error [percent of total massflow]:  -1.36
ENDOFMESSAGE
MESSAGE
CONVERGENCEFAIL 342500 JUNCTION      1 KNOTEN     545.71 DEGCRA
 The iteration of the junction massflow failed to
 converge within  25 iterations.
                    24 iteration   25 iteration
 Pressure    [Pa]:     83427.91       83427.91
 Difference in percent of meanvalue:    0.00
 Mass flow error [percent of total massflow]:   0.83
ENDOFMESSAGE
MESSAGE
CONVERGENCEFAIL 342500 JUNCTION      3 KNOTEN     562.60 DEGCRA
 The iteration of the junction massflow failed to
 converge within  25 iterations.
                    24 iteration   25 iteration
 Pressure    [Pa]:    112259.14      112259.14
 Difference in percent of meanvalue:    0.00
 Mass flow error [percent of total massflow]:   1.19
ENDOFMESSAGE
MESSAGE
CONVERGENCEFAIL 342500 JUNCTION      3 KNOTEN     571.68 DEGCRA
 The iteration of the junction massflow failed to
 converge within  25 iterations.
                    24 iteration   25 iteration
 Pressure    [Pa]:    129089.34      129089.34
 Difference in percent of meanvalue:    0.00
 Mass flow error [percent of total massflow]:  -0.50
ENDOFMESSAGE
MESSAGE
CONVERGENCEFAIL 342500 JUNCTION      3 KNOTEN     572.45 DEGCRA
 The iteration of the junction massflow failed to
 converge within  25 iterations.
                    24 iteration   25 iteration
 Pressure    [Pa]:    129089.34      129089.34
 Difference in percent of meanvalue:    0.00
 Mass flow error [percent of total massflow]:  -1.18
ENDOFMESSAGE
MESSAGE
CONVERGENCEFAIL 342500 JUNCTION      3 KNOTEN     573.25 DEGCRA
 The iteration of the junction massflow failed to
 converge within  25 iterations.
                    24 iteration   25 iteration
 Pressure    [Pa]:    129089.34      129089.34
 Difference in percent of meanvalue:    0.00
 Mass flow error [percent of total massflow]:  -2.17
ENDOFMESSAGE
MESSAGE
CONVERGENCEFAIL 342500 JUNCTION      3 KNOTEN     574.06 DEGCRA
 The iteration of the junction massflow failed to
 converge within  25 iterations.
                    24 iteration   25 iteration
 Pressure    [Pa]:    129089.34      129089.34
 Difference in percent of meanvalue:    0.00
 Mass flow error [percent of total massflow]:  -3.38
ENDOFMESSAGE
MESSAGE
CONVERGENCEFAIL 342500 JUNCTION      3 KNOTEN     575.74 DEGCRA
 The iteration of the junction massflow failed to
 converge within  25 iterations.
                    24 iteration   25 iteration
 Pressure    [Pa]:    125486.39      125486.39
 Difference in percent of meanvalue:    0.00
 Mass flow error [percent of total massflow]:  -1.56
ENDOFMESSAGE
MESSAGE
CONVERGENCEFAIL 342500 JUNCTION      2 KNOTEN     627.09 DEGCRA
 The iteration of the junction massflow failed to
 converge within  25 iterations.
                    24 iteration   25 iteration
 Pressure    [Pa]:     89792.63       89792.63
 Difference in percent of meanvalue:   -0.00
 Mass flow error [percent of total massflow]:  -0.89
ENDOFMESSAGE
MESSAGE
CONVERGENCEFAIL 342500 JUNCTION      1 KNOTEN     663.55 DEGCRA
 The iteration of the junction massflow failed to
 converge within  25 iterations.
                    24 iteration   25 iteration
 Pressure    [Pa]:     93635.37       93635.37
 Difference in percent of meanvalue:    0.00
 Mass flow error [percent of total massflow]:  -0.50
ENDOFMESSAGE
MESSAGE
CONVERGENCEFAIL 342500 JUNCTION      1 KNOTEN     665.85 DEGCRA
 The iteration of the junction massflow failed to
 converge within  25 iterations.
                    24 iteration   25 iteration
 Pressure    [Pa]:     91980.91       91980.91
 Difference in percent of meanvalue:   -0.00
 Mass flow error [percent of total massflow]:  -0.54
ENDOFMESSAGE
MESSAGE
CONVERGENCEFAIL 342500 JUNCTION      1 KNOTEN     691.73 DEGCRA
 The iteration of the junction massflow failed to
 converge within  25 iterations.
                    24 iteration   25 iteration
 Pressure    [Pa]:     78045.31       78045.31
 Difference in percent of meanvalue:    0.00
 Mass flow error [percent of total massflow]:   0.84
ENDOFMESSAGE
MESSAGE
CONVERGENCEFAIL 342500 JUNCTION      3 KNOTEN     744.07 DEGCRA
 The iteration of the junction massflow failed to
 converge within  25 iterations.
                    24 iteration   25 iteration
 Pressure    [Pa]:    133256.27      133256.27
 Difference in percent of meanvalue:    0.00
 Mass flow error [percent of total massflow]:   0.89
ENDOFMESSAGE
MESSAGE
CONVERGENCEFAIL 342500 JUNCTION      3 KNOTEN     750.89 DEGCRA
 The iteration of the junction massflow failed to
 converge within  25 iterations.
                    24 iteration   25 iteration
 Pressure    [Pa]:    136341.91      136341.91
 Difference in percent of meanvalue:    0.00
 Mass flow error [percent of total massflow]:  -1.17
ENDOFMESSAGE
MESSAGE
CONVERGENCEFAIL 342500 JUNCTION      3 KNOTEN     751.65 DEGCRA
 The iteration of the junction massflow failed to
 converge within  25 iterations.
                    24 iteration   25 iteration
 Pressure    [Pa]:    136341.91      136341.91
 Difference in percent of meanvalue:    0.00
 Mass flow error [percent of total massflow]:  -2.44
ENDOFMESSAGE
MESSAGE
CONVERGENCEFAIL 342500 JUNCTION      3 KNOTEN     753.27 DEGCRA
 The iteration of the junction massflow failed to
 converge within  25 iterations.
                    24 iteration   25 iteration
 Pressure    [Pa]:    133365.69      133365.69
 Difference in percent of meanvalue:    0.00
 Mass flow error [percent of total massflow]:  -1.60
ENDOFMESSAGE
MESSAGE
CONVERGENCEFAIL 342500 JUNCTION      1 KNOTEN     813.32 DEGCRA
 The iteration of the junction massflow failed to
 converge within  25 iterations.
                    24 iteration   25 iteration
 Pressure    [Pa]:     87324.55       87324.55
 Difference in percent of meanvalue:   -0.00
 Mass flow error [percent of total massflow]:  -1.75
ENDOFMESSAGE
MESSAGE
CONVERGENCEFAIL 342500 JUNCTION      2 KNOTEN     907.42 DEGCRA
 The iteration of the junction massflow failed to
 converge within  25 iterations.
                    24 iteration   25 iteration
 Pressure    [Pa]:    116488.78      116488.78
 Difference in percent of meanvalue:    0.00
 Mass flow error [percent of total massflow]:   1.27
ENDOFMESSAGE
MESSAGE
CONVERGENCEFAIL 342500 JUNCTION      3 KNOTEN     936.83 DEGCRA
 The iteration of the junction massflow failed to
 converge within  25 iterations.
                    24 iteration   25 iteration
 Pressure    [Pa]:    109704.55      109704.55
 Difference in percent of meanvalue:    0.00
 Mass flow error [percent of total massflow]:   0.99
ENDOFMESSAGE
MESSAGE
CONVERGENCEFAIL 342500 JUNCTION      3 KNOTEN     937.85 DEGCRA
 The iteration of the junction massflow failed to
 converge within  25 iterations.
                    24 iteration   25 iteration
 Pressure    [Pa]:    109704.55      109704.55
 Difference in percent of meanvalue:    0.00
 Mass flow error [percent of total massflow]:   0.93
ENDOFMESSAGE
MESSAGE
CONVERGENCEFAIL 342500 JUNCTION      3 KNOTEN     938.87 DEGCRA
 The iteration of the junction massflow failed to
 converge within  25 iterations.
                    24 iteration   25 iteration
 Pressure    [Pa]:    109704.55      109704.55
 Difference in percent of meanvalue:    0.00
 Mass flow error [percent of total massflow]:   1.34
ENDOFMESSAGE
MESSAGE
CONVERGENCEFAIL 342500 JUNCTION      1 KNOTEN    1029.36 DEGCRA
 The iteration of the junction massflow failed to
 converge within  25 iterations.
                    24 iteration   25 iteration
 Pressure    [Pa]:     94846.07       94846.07
 Difference in percent of meanvalue:   -0.00
 Mass flow error [percent of total massflow]:  -0.57
ENDOFMESSAGE
MESSAGE
CONVERGENCEFAIL 342500 JUNCTION      3 KNOTEN    1095.64 DEGCRA
 The iteration of the junction massflow failed to
 converge within  25 iterations.
                    24 iteration   25 iteration
 Pressure    [Pa]:    114072.32      114072.32
 Difference in percent of meanvalue:    0.00
 Mass flow error [percent of total massflow]:  -9.78
ENDOFMESSAGE
MESSAGE
CONVERGENCEFAIL 342500 JUNCTION      3 KNOTEN    1096.74 DEGCRA
 The iteration of the junction massflow failed to
 converge within  25 iterations.
                    24 iteration   25 iteration
 Pressure    [Pa]:    110027.56      110027.56
 Difference in percent of meanvalue:    0.00
 Mass flow error [percent of total massflow]:   8.89
ENDOFMESSAGE
MESSAGE
CONVERGENCEFAIL 342500 JUNCTION      3 KNOTEN    1097.84 DEGCRA
 The iteration of the junction massflow failed to
 converge within  25 iterations.
                    24 iteration   25 iteration
 Pressure    [Pa]:    110027.56      110027.56
 Difference in percent of meanvalue:    0.00
 Mass flow error [percent of total massflow]:   3.00
ENDOFMESSAGE
MESSAGE
CONVERGENCEFAIL 342500 JUNCTION      3 KNOTEN    1098.96 DEGCRA
 The iteration of the junction massflow failed to
 converge within  25 iterations.
                    24 iteration   25 iteration
 Pressure    [Pa]:    110027.56      110027.56
 Difference in percent of meanvalue:    0.00
 Mass flow error [percent of total massflow]:  -2.02
ENDOFMESSAGE
MESSAGE
CONVERGENCEFAIL 342500 JUNCTION      3 KNOTEN    1103.37 DEGCRA
 The iteration of the junction massflow failed to
 converge within  25 iterations.
                    24 iteration   25 iteration
 Pressure    [Pa]:    107340.64      107340.64
 Difference in percent of meanvalue:    0.00
 Mass flow error [percent of total massflow]:  -7.66
ENDOFMESSAGE
MESSAGE
CONVERGENCEFAIL 342500 JUNCTION      3 KNOTEN    1104.51 DEGCRA
 The iteration of the junction massflow failed to
 converge within  25 iterations.
                    24 iteration   25 iteration
 Pressure    [Pa]:    104126.19      104126.19
 Difference in percent of meanvalue:    0.00
 Mass flow error [percent of total massflow]:   4.03
ENDOFMESSAGE
MESSAGE
CONVERGENCEFAIL 342500 JUNCTION      3 KNOTEN    1105.64 DEGCRA
 The iteration of the junction massflow failed to
 converge within  25 iterations.
                    24 iteration   25 iteration
 Pressure    [Pa]:    104126.19      104126.19
 Difference in percent of meanvalue:    0.00
 Mass flow error [percent of total massflow]:  -6.44
ENDOFMESSAGE
MESSAGE
CONVERGENCEFAIL 342500 JUNCTION      3 KNOTEN    1106.75 DEGCRA
 The iteration of the junction massflow failed to
 converge within  25 iterations.
                    24 iteration   25 iteration
 Pressure    [Pa]:    101909.07      101909.07
 Difference in percent of meanvalue:    0.00
 Mass flow error [percent of total massflow]:   7.96
ENDOFMESSAGE
MESSAGE
CONVERGENCEFAIL 342500 JUNCTION      2 KNOTEN    2343.39 DEGCRA
 The iteration of the junction massflow failed to
 converge within  25 iterations.
                    24 iteration   25 iteration
 Pressure    [Pa]:    201921.31      201921.31
 Difference in percent of meanvalue:   -0.00
 Mass flow error [percent of total massflow]:  -0.69
ENDOFMESSAGE
MESSAGE
CONVERGENCEFAIL 342500 JUNCTION      2 KNOTEN    2437.68 DEGCRA
 The iteration of the junction massflow failed to
 converge within  25 iterations.
                    24 iteration   25 iteration
 Pressure    [Pa]:    107500.93      107500.93
 Difference in percent of meanvalue:    0.00
 Mass flow error [percent of total massflow]:   0.97
ENDOFMESSAGE
MESSAGE
CONVERGENCEFAIL 342500 JUNCTION      2 KNOTEN    3786.80 DEGCRA
 The iteration of the junction massflow failed to
 converge within  25 iterations.
                    24 iteration   25 iteration
 Pressure    [Pa]:    192204.00      192204.00
 Difference in percent of meanvalue:   -0.00
 Mass flow error [percent of total massflow]:  -0.73
ENDOFMESSAGE
MESSAGE
CONVERGENCEFAIL 342500 JUNCTION      2 KNOTEN    4146.80 DEGCRA
 The iteration of the junction massflow failed to
 converge within  25 iterations.
                    24 iteration   25 iteration
 Pressure    [Pa]:    192420.33      192420.32
 Difference in percent of meanvalue:   -0.00
 Mass flow error [percent of total massflow]:  -1.02
ENDOFMESSAGE
MESSAGE
CONVERGENCEFAIL 342500 JUNCTION      2 KNOTEN    4506.80 DEGCRA
 The iteration of the junction massflow failed to
 converge within  25 iterations.
                    24 iteration   25 iteration
 Pressure    [Pa]:    192454.71      192454.71
 Difference in percent of meanvalue:   -0.00
 Mass flow error [percent of total massflow]:  -1.05
ENDOFMESSAGE
MESSAGE
CONVERGENCEFAIL 342500 JUNCTION      2 KNOTEN    4866.80 DEGCRA
 The iteration of the junction massflow failed to
 converge within  25 iterations.
                    24 iteration   25 iteration
 Pressure    [Pa]:    192589.85      192589.85
 Difference in percent of meanvalue:   -0.00
 Mass flow error [percent of total massflow]:  -1.14
ENDOFMESSAGE
MESSAGE
CONVERGENCEFAIL 342500 JUNCTION      1 KNOTEN    5766.80 DEGCRA
 The iteration of the junction massflow failed to
 converge within  25 iterations.
                    24 iteration   25 iteration
 Pressure    [Pa]:    192580.64      192580.64
 Difference in percent of meanvalue:   -0.00
 Mass flow error [percent of total massflow]:  -1.12
ENDOFMESSAGE
MESSAGE
CONVERGENCEFAIL 342500 JUNCTION      2 KNOTEN    5946.80 DEGCRA
 The iteration of the junction massflow failed to
 converge within  25 iterations.
                    24 iteration   25 iteration
 Pressure    [Pa]:    192551.41      192551.41
 Difference in percent of meanvalue:   -0.00
 Mass flow error [percent of total massflow]:  -1.10
ENDOFMESSAGE
MESSAGE
CONVERGENCEFAIL 342500 JUNCTION      1 KNOTEN    6126.80 DEGCRA
 The iteration of the junction massflow failed to
 converge within  25 iterations.
                    24 iteration   25 iteration
 Pressure    [Pa]:    192550.05      192550.05
 Difference in percent of meanvalue:   -0.00
 Mass flow error [percent of total massflow]:  -1.10
ENDOFMESSAGE
MESSAGE
CONVERGENCEFAIL 342500 JUNCTION      1 KNOTEN    6486.80 DEGCRA
 The iteration of the junction massflow failed to
 converge within  25 iterations.
                    24 iteration   25 iteration
 Pressure    [Pa]:    192567.88      192567.88
 Difference in percent of meanvalue:   -0.00
 Mass flow error [percent of total massflow]:  -1.11
ENDOFMESSAGE
MESSAGE
CONVERGENCEFAIL 342500 JUNCTION      1 KNOTEN    6846.80 DEGCRA
 The iteration of the junction massflow failed to
 converge within  25 iterations.
                    24 iteration   25 iteration
 Pressure    [Pa]:    192567.75      192567.75
 Difference in percent of meanvalue:    0.00
 Mass flow error [percent of total massflow]:  -1.11
ENDOFMESSAGE
MESSAGE
CONVERGENCEFAIL 342500 JUNCTION      1 KNOTEN    7206.80 DEGCRA
 The iteration of the junction massflow failed to
 converge within  25 iterations.
                    24 iteration   25 iteration
 Pressure    [Pa]:    192580.01      192580.01
 Difference in percent of meanvalue:    0.00
 Mass flow error [percent of total massflow]:  -1.11
ENDOFMESSAGE
MESSAGE
CONVERGENCEFAIL 342500 JUNCTION      2 KNOTEN    7746.80 DEGCRA
 The iteration of the junction massflow failed to
 converge within  25 iterations.
                    24 iteration   25 iteration
 Pressure    [Pa]:    192564.80      192564.80
 Difference in percent of meanvalue:   -0.00
 Mass flow error [percent of total massflow]:  -1.11
ENDOFMESSAGE
MESSAGE
CONVERGENCEFAIL 342500 JUNCTION      1 KNOTEN    7926.80 DEGCRA
 The iteration of the junction massflow failed to
 converge within  25 iterations.
                    24 iteration   25 iteration
 Pressure    [Pa]:    192547.46      192547.46
 Difference in percent of meanvalue:    0.00
 Mass flow error [percent of total massflow]:  -1.10
ENDOFMESSAGE
MESSAGE
CONVERGENCEFAIL 342500 JUNCTION      1 KNOTEN    8646.80 DEGCRA
 The iteration of the junction massflow failed to
 converge within  25 iterations.
                    24 iteration   25 iteration
 Pressure    [Pa]:    192565.40      192565.40
 Difference in percent of meanvalue:   -0.00
 Mass flow error [percent of total massflow]:  -1.11
ENDOFMESSAGE
MESSAGE
CONVERGENCEFAIL 342500 JUNCTION      2 KNOTEN    8826.80 DEGCRA
 The iteration of the junction massflow failed to
 converge within  25 iterations.
                    24 iteration   25 iteration
 Pressure    [Pa]:    192548.95      192548.95
 Difference in percent of meanvalue:   -0.00
 Mass flow error [percent of total massflow]:  -1.09
ENDOFMESSAGE
MESSAGE
CONVERGENCEFAIL 342500 JUNCTION      1 KNOTEN    9006.80 DEGCRA
 The iteration of the junction massflow failed to
 converge within  25 iterations.
                    24 iteration   25 iteration
 Pressure    [Pa]:    192545.60      192545.60
 Difference in percent of meanvalue:   -0.00
 Mass flow error [percent of total massflow]:  -1.09
ENDOFMESSAGE
MESSAGE
CONVERGENCEFAIL 342500 JUNCTION      2 KNOTEN    9186.80 DEGCRA
 The iteration of the junction massflow failed to
 converge within  25 iterations.
                    24 iteration   25 iteration
 Pressure    [Pa]:    192541.50      192541.50
 Difference in percent of meanvalue:    0.00
 Mass flow error [percent of total massflow]:  -1.08
ENDOFMESSAGE
MESSAGE
CONVERGENCEFAIL 342500 JUNCTION      1 KNOTEN    9726.80 DEGCRA
 The iteration of the junction massflow failed to
 converge within  25 iterations.
                    24 iteration   25 iteration
 Pressure    [Pa]:    192556.74      192556.74
 Difference in percent of meanvalue:   -0.00
 Mass flow error [percent of total massflow]:  -1.10
ENDOFMESSAGE
MESSAGE
CONVERGENCEFAIL 342500 JUNCTION      2 KNOTEN   10266.80 DEGCRA
 The iteration of the junction massflow failed to
 converge within  25 iterations.
                    24 iteration   25 iteration
 Pressure    [Pa]:    192557.83      192557.83
 Difference in percent of meanvalue:   -0.00
 Mass flow error [percent of total massflow]:  -1.10
ENDOFMESSAGE
MESSAGE
CONVERGENCEFAIL 342500 JUNCTION      1 KNOTEN   10446.80 DEGCRA
 The iteration of the junction massflow failed to
 converge within  25 iterations.
                    24 iteration   25 iteration
 Pressure    [Pa]:    192548.02      192548.02
 Difference in percent of meanvalue:   -0.00
 Mass flow error [percent of total massflow]:  -1.10
ENDOFMESSAGE
MESSAGE
CONVERGENCEFAIL 342500 JUNCTION      1 KNOTEN   10806.80 DEGCRA
 The iteration of the junction massflow failed to
 converge within  25 iterations.
                    24 iteration   25 iteration
 Pressure    [Pa]:    192559.68      192559.68
 Difference in percent of meanvalue:    0.00
 Mass flow error [percent of total massflow]:  -1.10
ENDOFMESSAGE
MESSAGE
CONVERGENCEFAIL 342500 JUNCTION      2 KNOTEN   10986.80 DEGCRA
 The iteration of the junction massflow failed to
 converge within  25 iterations.
                    24 iteration   25 iteration
 Pressure    [Pa]:    192540.87      192540.87
 Difference in percent of meanvalue:   -0.00
 Mass flow error [percent of total massflow]:  -1.09
ENDOFMESSAGE
MESSAGE
CONVERGENCEFAIL 342500 JUNCTION      1 KNOTEN   11166.80 DEGCRA
 The iteration of the junction massflow failed to
 converge within  25 iterations.
                    24 iteration   25 iteration
 Pressure    [Pa]:    192550.42      192550.43
 Difference in percent of meanvalue:    0.00
 Mass flow error [percent of total massflow]:  -1.10
ENDOFMESSAGE
MESSAGE
CONVERGENCEFAIL 342500 JUNCTION      1 KNOTEN   11526.80 DEGCRA
 The iteration of the junction massflow failed to
 converge within  25 iterations.
                    24 iteration   25 iteration
 Pressure    [Pa]:    192561.16      192561.16
 Difference in percent of meanvalue:    0.00
 Mass flow error [percent of total massflow]:  -1.10
ENDOFMESSAGE
MESSAGE
CONVERGENCEFAIL 342500 JUNCTION      1 KNOTEN   11886.80 DEGCRA
 The iteration of the junction massflow failed to
 converge within  25 iterations.
                    24 iteration   25 iteration
 Pressure    [Pa]:    192561.07      192561.07
 Difference in percent of meanvalue:    0.00
 Mass flow error [percent of total massflow]:  -1.10
ENDOFMESSAGE
MESSAGE
CONVERGENCEFAIL 342500 JUNCTION      2 KNOTEN   12066.80 DEGCRA
 The iteration of the junction massflow failed to
 converge within  25 iterations.
                    24 iteration   25 iteration
 Pressure    [Pa]:    192540.78      192540.78
 Difference in percent of meanvalue:   -0.00
 Mass flow error [percent of total massflow]:  -1.09
ENDOFMESSAGE
MESSAGE
CONVERGENCEFAIL 342500 JUNCTION      2 KNOTEN   12426.80 DEGCRA
 The iteration of the junction massflow failed to
 converge within  25 iterations.
                    24 iteration   25 iteration
 Pressure    [Pa]:    192550.42      192550.42
 Difference in percent of meanvalue:    0.00
 Mass flow error [percent of total massflow]:  -1.09
ENDOFMESSAGE
MESSAGE
CONVERGENCEFAIL 342500 JUNCTION      1 KNOTEN   12606.80 DEGCRA
 The iteration of the junction massflow failed to
 converge within  25 iterations.
                    24 iteration   25 iteration
 Pressure    [Pa]:    192538.59      192538.59
 Difference in percent of meanvalue:    0.00
 Mass flow error [percent of total massflow]:  -1.08
ENDOFMESSAGE
MESSAGE
CONVERGENCEFAIL 342500 JUNCTION      1 KNOTEN   14046.80 DEGCRA
 The iteration of the junction massflow failed to
 converge within  25 iterations.
                    24 iteration   25 iteration
 Pressure    [Pa]:    192562.53      192562.53
 Difference in percent of meanvalue:    0.00
 Mass flow error [percent of total massflow]:  -1.10
ENDOFMESSAGE
MESSAGE
CONVERGENCEFAIL 342500 JUNCTION      2 KNOTEN   14226.80 DEGCRA
 The iteration of the junction massflow failed to
 converge within  25 iterations.
                    24 iteration   25 iteration
 Pressure    [Pa]:    192545.54      192545.54
 Difference in percent of meanvalue:   -0.00
 Mass flow error [percent of total massflow]:  -1.10
ENDOFMESSAGE
