 --------------------------------
 AVL - B O O S T
 Version:        v2022.1.0.0.0
 Build:          Apr 27 2022 22:44:48
 Git Build Hash: 7670062eda46b95e13935a621f250d93513addf7
 System:         x86_64-unknown-winnt_i19v19
 --------------------------------

LICENSE
-------
 sys_1DCFD_solver 2022.0@ License will expire in 225 days

PROJECT
-------
 Preprocessor Version :  2022.1
 Calculation date     : 07.10.2025
 File     : single500_GDi.bst
 Case Set : "Case Set 1"
 Case     : "Case 6"
 
 Project ID: "4-Cylinder"
 Run ID:     "WOT"
 Model date: "7.3.2000"

ELEMENTS
--------
 Element Name        Number

 PIPE                   4
 SYSTEMBOUNDARY         2
 CYLINDER               1
 RESTRICTION            2
 MEASURINGPOINT         2
 ENGINE                 1
 PIPE_END               8
 ALL_PIPES              4
 ALL_BOUNDARIES         2
 RESTRICTIONS           2
 ALL_PIDS               1
 PIPE_VAR_WALL_TEMP     4

GLOBAL DATA
-----------
  Engine Speed :         4500.0  rpm
  Calculationmode:        BOOST  Single
  Cycle Duration:        720.00  degrees
  Max. calc. period:   14400.00  degrees
  Cycles calculated:         20  cycles
  Calc. time steps:     1.15542  degrees (max)
                        1.02871  degrees
                        0.03810  ms
  Traces results step:  5.00000  degrees
  User concentrations:        0
  Ref. pressure:      100000.00  Pa
  Ref. temperature:     298.000  K
  Gas properties:      Variable
  Gasproperties File:     GASOLINE.BGP
     bgp_build_version:   v2013.0.0.0.0
     bgp_build_host:      boosthost
     bgp_build_user:      boost
     bgp_build_date:      2012.03.23
     bgp_build_time:      08:00:00
  Lower calorific:  0.43500E+08  J/kg
  Stoic. A/F-ratio:      14.500

  Warnings:                   1
  Convergence errors:         0

PIPES
-----

 Total number of pipe cells:     23

 Pipe   Cells   Cell size       W.Heat     Wall T    Fric. coeff.   Lam. Fric. Coeff.  Heat Factor       Volume
  nr.                [mm]         [kJ]        [K]             [-]                 [-]          [-]        [dm3]
    1       2        40.0        0.001     340.00        0.040000           64.000000     1.000000     0.070513
    2       2        30.0       -0.006     850.00        0.040000           64.000000     1.000000     0.048255
    3       4        31.2        0.000     300.00        0.019000           64.000000     1.000000     0.100209
    4      15        31.3       -0.153     300.00        0.019000           64.000000     1.000000     0.377675


MEASURINGPOINTS: Average Values
-------------------------------
 Mp. Pipe Location   Diameter  Pressure  Temp. Ms.Temp.  Velo.   Massflow   Massflow To.Ent.f.  To.Ent.f.  Mach. Wtemp.  Converg.
 nr.  nr.     [mm]       [mm]     [bar]    [K]      [K]  [m/s]      [g/s]  [g/cycle]    [kJ/s]  [kJ/cyc.]    [-]    [K]       [-]
  1   1    10.0000    33.5000    0.9861  303.5    286.0   23.0    21.9046     0.5841    -0.102    -0.0027   0.07  340.0 0.210E-13
  2   4    10.0000    32.0000    1.0864 1012.2   1255.8   72.7    23.4157     0.6244    28.221     0.7526   0.11  300.0 0.353E-11

SYSTEMBOUNDARIES
Attachments
-----------
 Type                 Nr.   Pipe       Mass flow
                             Nr.       [g/cycle]
 SYSTEMBOUNDARY        1      3          0.5838
 SYSTEMBOUNDARY        2      4          0.6244

CYLINDERS: Average Values
-------------------------
                               Total
                              Engine         Cyl.   1
Firing TDC [deg]                                  0.00
Bore [mm]                                        86.00
Stroke [mm]                                      86.00
Conrodl. [mm]                                   143.50
Piston pin offset [mm]                            0.00
Swept Vol. [l]                   0.4996         0.4996
Compression ratio [-]                            10.50
Dyn. Comp. ratio [-]                              7.97

Combustion Data:
----------------
Combustion Char.                               2Z-Vibe     
Comb.start [deg]                                -10.00
Comb.dur.1 [deg]                                 50.00
Peak Fir.Pres. [bar]              67.15          67.15
at Crankangle [deg]               15.02          15.02
Peak Pres.Rise[bar/deg]            2.86           2.86
at Crankangle [deg]                3.47           3.47
Peak Fir. Temp. [K]             2588.35        2588.35
at Crankangle [deg]               24.26          24.26
Peak T_burned [K]               2744.62        2744.62
at Crankangle [deg]               11.55          11.55
Res. Gascompr. [bar]               1.26           1.26
at Crankangle [deg]              340.69         340.69
Evaporation Energy [kJ]         -0.0118        -0.0118
Required O.N. [-]                 88.69          88.69

Emissions (Classic Species Transport):
--------------------------------------
NOx: Calculated based on MTZ 34 1973 (12).
CO:  Calculated based on SAE 2002-01-0006.
HC:  Calculated based on SAE 2002-01-0006.
NOX   [g/kWh]                 10.187359      10.187359
NOX   [g/h]                  235.887470     235.887470
NOX   [ppm]                     2705.67        2705.67
CO    [g/kWh]                  0.682168       0.682168
CO    [g/h]                   15.795551      15.795551
CO    [ppm]                      194.09         194.09
HC    [g/kWh]                  0.465036       0.465036
HC    [g/h]                   10.767873      10.767873
HC    [ppm]                       88.24          88.24

Performance:
------------
IMEP [bar]                      14.0602        14.0602
Rel. to Ave. [-]                                1.0000
IMEP Exh. [bar]                 -1.0805        -1.0805
IMEP Int. [bar]                  0.8500         0.8500
IMEP Gasex. [bar]               -0.2306        -0.2306
IMEP HP [bar]                   14.2908        14.2908
FMEP [bar]                       1.7000         1.7000
BMEP [bar]                      12.3602        12.3602
AMEP;SMEP [bar]                  0.0000         0.0000
ISFC [g/kWh]                   206.3298       206.3298
Rel. to Ave. [-]                                1.0000
ISFC (tr.f.) [g/kWh]           206.3294       206.3294
BSFC [g/kWh]                   234.7079       234.7079
Indicated Eff. [-]               0.4011         0.4011
Iso vol. comb. Eff [-]           0.9549         0.9549
Polytropic Coeff. [-]                           1.2931

Fuel Mass Balance:
------------------
Inj. Fuelmass [g]              0.040258       0.040258
Asp.Trap. Fuelmass [g]        -0.000001      -0.000001
Fuelmassfl.(A+I) [g/s]         1.509623       1.509623
Fuelmass tot.trap. [g]         0.040257       0.040257
Trapped Fuelm.fl.[g/s]         1.509620       1.509620
Trapp. Eff. Fuel [-]             1.0000         1.0000

Energy Balance Cylinder:
------------------------
Fuel Energy [kJ]                1.75172        1.75172
Released Energy [kJ]            1.69961        1.69961
-> Brake Power     [%]           36.330         36.330
-> Loss: Friction  [%]            4.997          4.997
-> Loss: Piston    [%]            3.781          3.781
-> Loss: Head      [%]            4.584          4.584
-> Loss: Liner     [%]            4.554          4.554
-> Loss: Int. Port [%]           -0.010         -0.010
-> Loss: Exh. Port [%]            0.379          0.379
-> Loss: Exh. Gas  [%]           45.894         45.894
Eff. Rel. Energy [kJ]           1.69184        1.69184
Gross Rel. Energy [kJ]          1.69961        1.69961
Eff.Gross Rel.Ener.[kJ]         1.69184        1.69184
Energy Balance [-]               0.9986         0.9986
Eff. Energy Balance [-]          0.9941         0.9941

Blowby:
-------
Blowbymass [g]                 0.000000       0.000000
Blowbymassfl. [g/s]            0.000000       0.000000
Blowby Heat Flow [kJ]          0.000000       0.000000

Reference Values at Start of High Pressure:
-------------------------------------------
Pressure at SHP[bar]             1.6184         1.6184
Temperature [K]                  394.60         394.60
Air Massfl.  [g/s]            21.899717      21.899717
Fuel Massfl. [g/s]             1.509623       1.509623
Trapp. Eff. Air [-]              0.9996         0.9996
Trapp. Eff.Fuel [-]              1.0000         1.0000
A/F-Ratio (Cmb.) [-]              14.63          14.63
Excess Air Ratio [-]             1.0089         1.0089

Reference Values at Start Of Combustion:
----------------------------------------
Pressure [bar]                  22.2747        22.2747
Temperature [K]                  728.99         728.99

Residual Gas:
-------------
Res.gas content [-]              0.0318         0.0318
External EGR [-]                -0.0000        -0.0000
Internal EGR [-]                 0.0318         0.0318
Com.Prod.Mass. at EO [g]       0.642833       0.642833
Res.gas mass at SHP [g]        0.019415       0.019415
Res.gas aspirated IN [g]      -0.000005      -0.000005
Res.gas from intake [g]        0.002151       0.002151
Rel. to Total [-]                0.1108         0.1108
Res.gas flow EX [g]            0.623435       0.623435
Res.gas from exhaust [g]       0.000000       0.000000
Rel. to Total [-]                0.0000         0.0000

Gas Exchange:
-------------
Volumetric Eff. [-]              0.9997         0.9997
Rel. to Ave. [-]                                1.0000
Total Mass at SHP[g]             0.6104         0.6104
Mass Delivered [g]              0.58399        0.58399
Mass Delivered [g/s]           21.89947       21.89947
Delivery Ratio [-]               1.0002         1.0002
Rel. to Ave. [-]                                1.0000
Av.Airmass at SHP[g]             0.5837         0.5837
Air Delivered [g]               0.58399        0.58399
Air Delivered [g/s]            21.89972       21.89972
Airdeliveryratio [-]             1.0002         1.0002
Rel. to Ave. [-]                                1.0000
Airmass Trapped [g]             0.58374        0.58374
Airmass Trapped [g/s]          21.89019       21.89019
Trapp. Eff. Air [-]              0.9996         0.9996
Rel. to Ave. [-]                                1.0000
Airpurity [-]                    0.9563         0.9563
Dyn. Swirl [-]                   0.0000         0.0000
Dyn. Tumble [-]                  0.0000         0.0000

Wall Heatlosses:
----------------
Piston [kJ]                     -0.0643        -0.0643
Piston Temperature [K]                          545.00
Cylinderhead [kJ]              -0.07791       -0.07791
Head Temperature [K]                            602.00
Cylinderliner [kJ]             -0.07739       -0.07739
LinerTDC Temperature [K]                        447.00
LinerBDC Temperature [K]                        443.00
Sum of Wallheat [kJ]           -0.21956       -0.21956
Wall Heatlosses in High Pressure Phase:
Piston HP [kJ]                 -0.05581       -0.05581
Cylinderhead HP [kJ]           -0.06913       -0.06913
Cylinderliner HP [kJ]          -0.04117       -0.04117
Sum of Wallheat HP [kJ]        -0.16611       -0.16611
Wall Heatlosses Related to Heatinput:
Piston [-]                      -0.0367        -0.0367
Cylinderhead [-]                -0.0445        -0.0445
Cylinderliner [-]               -0.0442        -0.0442
Sum of Wallheat [-]             -0.1254        -0.1254
M. Eff. HTC [W/m2/K]             488.61         488.61
M. Eff. Temp. [K]               1388.46        1388.46

Reference Values at EO:
-----------------------
Pressure [bar]                     6.49           6.49
Temperature [K]                 1722.75        1722.75
A/F-Ratio [-]                     14.50          14.50
Com.Prod.Conc. [-]              0.99914        0.99914
Fuel Concentr. [-]             0.000059       0.000059

Average Values of Pipeattachements:
-----------------------------------
 Attached Pipe                                       1
Vlv/Prt.Op.Clr.0mm[deg]                         340.00
Vlv/Prt.Op.Eff.0mm[deg]                         340.00
Vlv/Prt.Op.Eff.1mm[deg]                         362.50
Vlv/Prt.Op.Udef.mm[deg]                         340.00
Vlv/Prt.Cl.Clr.0mm[deg]                         610.00
Vlv/Prt.Cl.Eff.0mm[deg]                         610.00
Vlv/Prt.Cl.Eff.1mm[deg]                         577.52
Vlv/Prt.Cl.Udef.mm[deg]                         610.00
Cam Phasing [deg]                                 0.00
Massflow [g/cycle]                            0.583986
Wallheat [kJ/cycle]                           0.000168
rel.to Heatinp.[-]                              0.0001
 Attached Pipe                                       2
Vlv/Prt.Op.Clr.0mm[deg]                         130.00
Vlv/Prt.Op.Eff.0mm[deg]                         130.00
Vlv/Prt.Op.Eff.1mm[deg]                         150.84
Vlv/Prt.Op.Udef.mm[deg]                         130.00
Vlv/Prt.Cl.Clr.0mm[deg]                         390.00
Vlv/Prt.Cl.Eff.0mm[deg]                         390.00
Vlv/Prt.Cl.Eff.1mm[deg]                         356.00
Vlv/Prt.Cl.Udef.mm[deg]                         390.00
Cam Phasing [deg]                                 0.00
Massflow [g/cycle]                            0.624244
Wallheat [kJ/cycle]                          -0.006435
rel.to Heatinp.[-]                             -0.0037

FLOWRESTRICTIONS: Average Values
--------------------------------
 Flr. Att.Pi.  Massflow  Att.Pi.  Massflow
  nr.  number [g/cycle]   number [g/cycle]
    1       2    0.6242        4    0.6244
    2       1    0.5840        3    0.5838

OVERALL ENGINE PERFORMANCE:
===========================

Indicated Torque          :     55.89 Nm                    Indicated Specific Torque :    111.89 Nm/l
Indicated Power           :     26.34 kW,        35.81 PS   Indicated Specific Power  :     52.73 kW/l,      71.69 PS/l
Friction Torque           :      6.76 Nm                    Friction Power            :      3.18 kW
Effective Torque          :     49.14 Nm                    Effective Specific Torque :     98.36 Nm/l
Effective Power           :     23.15 kW,        31.48 PS   Effective Specific Power  :     46.35 kW/l,      63.02 PS/l

Required time for reading the inputfile and initialisation:       0.08 min
Required time for the calculation: .........................      0.09 min
Required time for writing the outputfile: ..................      0.00 min
Required total time: .......................................      0.17 min
Required total CPU-time: ...................................      2.50 sec
