 --------------------------------
 AVL - B O O S T
 Version:        v2022.1.0.0.0
 Build:          Apr 27 2022 22:44:48
 Git Build Hash: 7670062eda46b95e13935a621f250d93513addf7
 System:         x86_64-unknown-winnt_i19v19
 --------------------------------

LICENSE
-------
 sys_1DCFD_solver 2022.0@ License will expire in 218 days

PROJECT
-------
 Preprocessor Version :  2022.1
 Calculation date     : 14.10.2025
 File     : single500_GDi.bst
 Case Set : "Case Set 1"
 Case     : "Case 1"
 
 Project ID: "4-Cylinder"
 Run ID:     "WOT"
 Model date: "7.3.2000"

ELEMENTS
--------
 Element Name        Number

 PIPE                  23
 SYSTEMBOUNDARY         2
 CYLINDER               4
 RESTRICTION            8
 MEASURINGPOINT         8
 JUNCTION               7
 ENGINE                 1
 PIPE_END              46
 ALL_PIPES             23
 ALL_BOUNDARIES         2
 RESTRICTIONS           8
 ALL_PIDS               1
 PIPE_VAR_WALL_TEMP    23

GLOBAL DATA
-----------
  Engine Speed :         7000.0  rpm
  Calculationmode:        BOOST  Single
  Cycle Duration:        720.00  degrees
  Max. calc. period:   14400.00  degrees
  Cycles calculated:         20  cycles
  Calc. time steps:     1.79732  degrees (max)
                        1.02541  degrees
                        0.02441  ms
                        1.02541  degrees (short pipe)
                        0.02441  ms (short pipe)
  Traces results step:  5.00000  degrees
  User concentrations:        0
  Ref. pressure:      100000.00  Pa
  Ref. temperature:     298.000  K
  Gas properties:      Variable
  Gasproperties File:     GASOLINE.BGP
     bgp_build_version:   v2013.0.0.0.0
     bgp_build_host:      boosthost
     bgp_build_user:      boost
     bgp_build_date:      2012.03.23
     bgp_build_time:      08:00:00
  Lower calorific:  0.43500E+08  J/kg
  Stoic. A/F-ratio:      14.500

  Warnings:                   0
  Convergence errors:       209

PIPES
-----

 Total number of pipe cells:     89

 Pipe   Cells   Cell size       W.Heat     Wall T    Fric. coeff.   Lam. Fric. Coeff.  Heat Factor       Volume
  nr.                [mm]         [kJ]        [K]             [-]                 [-]          [-]        [dm3]
    1       2        40.0        0.001     340.00        0.040000           64.000000     1.000000     0.070513
    2       2        30.0       -0.007     850.00        0.040000           64.000000     1.000000     0.048255
    3       2        40.0        0.001     340.00        0.040000           64.000000     1.000000     0.070513
    4       2        30.0       -0.006     850.00        0.040000           64.000000     1.000000     0.048255
    5       2        40.0        0.001     340.00        0.040000           64.000000     1.000000     0.070513
    6       2        30.0       -0.006     850.00        0.040000           64.000000     1.000000     0.048255
    7       2        40.0        0.001     340.00        0.040000           64.000000     1.000000     0.070513
    8       2        30.0       -0.006     850.00        0.040000           64.000000     1.000000     0.048255
    9       3        30.3        0.001     300.00        0.019000           64.000000     1.000000     0.092423
   10       3        36.7        0.000     300.00        0.019000           64.000000     1.000000     0.111966
   11       2        40.0        0.001     300.00        0.019000           64.000000     1.000000     0.081430
   12       3        36.7        0.000     300.00        0.019000           64.000000     1.000000     0.111966
   13       3        36.7        0.000     300.00        0.019000           64.000000     1.000000     0.111966
   14       2        40.0        0.000     300.00        0.019000           64.000000     1.000000     0.081430
   15       2        40.0        0.000     300.00        0.019000           64.000000     1.000000     0.081430
   16       3        36.7        0.000     300.00        0.019000           64.000000     1.000000     0.111966
   17      10        30.0       -0.098     300.00        0.019000           64.000000     1.000000     0.376991
   18      10        30.0       -0.095     300.00        0.019000           64.000000     1.000000     0.376991
   19      10        30.0       -0.099     300.00        0.019000           64.000000     1.000000     0.376991
   20      10        30.0       -0.097     300.00        0.019000           64.000000     1.000000     0.376991
   21       1        50.0       -0.029     300.00        0.019000           64.000000     1.000000     0.062832
   22       1        50.0       -0.029     300.00        0.019000           64.000000     1.000000     0.062832
   23      10        31.2       -0.228     300.00        0.019000           64.000000     1.000000     0.392071


MEASURINGPOINTS: Average Values
-------------------------------
 Mp. Pipe Location   Diameter  Pressure  Temp. Ms.Temp.  Velo.   Massflow   Massflow To.Ent.f.  To.Ent.f.  Mach. Wtemp.  Converg.
 nr.  nr.     [mm]       [mm]     [bar]    [K]      [K]  [m/s]      [g/s]  [g/cycle]    [kJ/s]  [kJ/cyc.]    [-]    [K]       [-]
  1   1    10.0000    33.5000    0.8886  287.7    277.4   41.9    35.8251     0.6141    -0.100    -0.0017   0.13  340.0 0.207E-08
  2  19    10.0000    40.0000    1.2210 1108.9   1325.1   80.2    38.2955     0.6565    49.542     0.8493   0.12  300.0 0.215E-07
  3   3    10.0000    33.5000    0.8699  288.4    278.2   40.9    33.7506     0.5786    -0.002    -0.0000   0.12  340.0 0.402E-08
  4  17    10.0000    40.0000    1.2183 1118.4   1327.2   77.4    36.0754     0.6184    46.656     0.7998   0.11  300.0 0.110E-06
  5   5    10.0000    33.5000    0.8672  288.9    273.6   40.7    31.7775     0.5448    -0.267    -0.0046   0.12  340.0 0.182E-07
  6  18    10.0000    40.0000    1.2184 1125.0   1322.3   75.2    33.9648     0.5823    43.588     0.7472   0.11  300.0 0.499E-06
  7   7    10.0000    33.5000    0.8690  290.4    279.5   40.5    33.1247     0.5679    -0.073    -0.0013   0.12  340.0 0.106E-06
  8  20    10.0000    40.0000    1.2184 1118.9   1324.7   76.8    35.4053     0.6069    45.644     0.7825   0.11  300.0 0.165E-07

SYSTEMBOUNDARIES
Attachments
-----------
 Type                 Nr.   Pipe       Mass flow
                             Nr.       [g/cycle]
 SYSTEMBOUNDARY        1      9          2.3043
 SYSTEMBOUNDARY        2     23          2.4650

CYLINDERS: Average Values
-------------------------
                               Total
                              Engine         Cyl.   1       Cyl.   2       Cyl.   3       Cyl.   4
Firing TDC [deg]                                  0.00         540.00         180.00         360.00
Bore [mm]                                        86.00          86.00          86.00          86.00
Stroke [mm]                                      86.00          86.00          86.00          86.00
Conrodl. [mm]                                   143.50         143.50         143.50         143.50
Piston pin offset [mm]                            0.00           0.00           0.00           0.00
Swept Vol. [l]                   1.9982         0.4996         0.4996         0.4996         0.4996
Compression ratio [-]                            10.50          10.50          10.50          10.50
Dyn. Comp. ratio [-]                              8.00           7.99           8.00           8.01

Combustion Data:
----------------
Combustion Char.                               2Z-Vibe        2Z-Vibe        2Z-Vibe        2Z-Vibe     
Comb.start [deg]                                -10.00         -10.00         -10.00         -10.00
Comb.dur.1 [deg]                                 50.00          50.00          50.00          50.00
Peak Fir.Pres. [bar]              66.85          71.23          67.25          62.99          65.92
at Crankangle [deg]               14.80          14.57          14.59          15.42          14.61
Peak Pres.Rise[bar/deg]            2.80           2.99           2.81           2.65           2.76
at Crankangle [deg]                2.54           2.54           2.54           2.54           2.55
Peak Fir. Temp. [K]             2626.13        2631.80        2628.97        2619.52        2624.21
at Crankangle [deg]               24.25          24.23          24.26          24.20          24.30
Peak T_burned [K]               2774.52        2780.91        2777.43        2767.48        2772.28
at Crankangle [deg]               11.98          11.97          11.98          11.95          12.00
Res. Gascompr. [bar]               0.80           0.83           0.76           0.84           0.75
at Crankangle [deg]              356.91         360.00         360.00         347.62         360.00
Evaporation Energy [kJ]         -0.0467        -0.0124        -0.0117        -0.0110        -0.0115
Required O.N. [-]                 84.39          84.39          82.60          78.24          81.12
Knock Intensity [-]               -1.00           0.00           0.00           0.00           0.00

Emissions (Classic Species Transport):
--------------------------------------
NOx: Calculated based on MTZ 34 1973 (12).
CO:  Calculated based on SAE 2002-01-0006.
HC:  Calculated based on SAE 2002-01-0006.
NOX   [g/kWh]                 11.386368      11.632691      11.579270      11.010386      11.275207
NOX   [g/h]                 1444.921888     399.010505     368.675299     325.829745     351.406340
NOX   [ppm]                     2696.19        2794.89        2740.85        2572.94        2662.18
CO    [g/kWh]                  1.372372       1.320998       1.386235       1.410806       1.378256
CO    [g/h]                  174.152974      45.311264      44.136683      41.749895      42.955132
CO    [ppm]                      348.12         340.00         351.50         353.17         348.60
HC    [g/kWh]                  0.448269       0.422658       0.445508       0.473593       0.455232
HC    [g/h]                   56.885033      14.497494      14.184640      14.015017      14.187881
HC    [ppm]                       75.83          72.55          75.34          79.07          76.79

Performance:
------------
IMEP [bar]                      13.3724        14.2564        13.4117        12.6409        13.1808
Rel. to Ave. [-]                                1.0661         1.0029         0.9453         0.9857
IMEP Exh. [bar]                 -1.4616        -1.5342        -1.4665        -1.3907        -1.4551
IMEP Int. [bar]                  0.6120         0.6314         0.6136         0.5809         0.6222
IMEP Gasex. [bar]               -0.8496        -0.9029        -0.8528        -0.8098        -0.8329
IMEP HP [bar]                   14.2221        15.1593        14.2645        13.4507        14.0137
FMEP [bar]                       2.4857         2.4857         2.4857         2.4857         2.4857
BMEP [bar]                      10.8867        11.7707        10.9260        10.1551        10.6951
AMEP;SMEP [bar]                  0.0000         0.0000         0.0000         0.0000         0.0000
ISFC [g/kWh]                   214.1601       214.0212       214.3937       214.1339       214.0979
Rel. to Ave. [-]                                0.9994         1.0011         0.9999         0.9997
ISFC (tr.f.) [g/kWh]           214.1601       214.0212       214.3937       214.1339       214.0979
BSFC [g/kWh]                   263.0583       259.2179       263.1692       266.5483       263.8580
Indicated Eff. [-]               0.3864         0.3867         0.3860         0.3865         0.3865
Iso vol. comb. Eff [-]           0.9555         0.9555         0.9554         0.9555         0.9554
Polytropic Coeff. [-]                           1.2874         1.2866         1.2893         1.2876

Fuel Mass Balance:
------------------
Inj. Fuelmass [g]              0.158958       0.042339       0.039900       0.037561       0.039158
Asp.Trap. Fuelmass [g]         0.000003       0.000001       0.000001       0.000001       0.000001
Fuelmassfl.(A+I) [g/s]         9.272753       2.469827       2.327531       2.191097       2.284298
Fuelmass tot.trap. [g]         0.158961       0.042340       0.039901       0.037562       0.039159
Trapped Fuelm.fl.[g/s]         9.272753       2.469827       2.327531       2.191097       2.284298
Trapp. Eff. Fuel [-]             1.0000         1.0000         1.0000         1.0000         1.0000

Energy Balance Cylinder:
------------------------
Fuel Energy [kJ]                6.91631        1.84217        1.73605        1.63430        1.70379
Released Energy [kJ]            6.70860        1.78683        1.68393        1.58517        1.65267
-> Brake Power     [%]           32.427         32.908         32.413         32.003         32.328
-> Loss: Friction  [%]            7.404          6.949          7.374          7.834          7.514
-> Loss: Piston    [%]            3.215          3.181          3.228          3.227          3.228
-> Loss: Head      [%]            3.707          3.671          3.724          3.717          3.721
-> Loss: Liner     [%]            4.500          4.457          4.520          4.513          4.516
-> Loss: Int. Port [%]           -0.019         -0.022         -0.016         -0.023         -0.014
-> Loss: Exh. Port [%]            0.325          0.315          0.325          0.333          0.328
-> Loss: Exh. Gas  [%]           48.906         49.022         48.910         48.845         48.834
Eff. Rel. Energy [kJ]           6.68568        1.78073        1.67817        1.57976        1.64702
Gross Rel. Energy [kJ]          6.70860        1.78683        1.68393        1.58517        1.65267
Eff.Gross Rel.Ener.[kJ]         6.68568        1.78073        1.67817        1.57976        1.64702
Energy Balance [-]               0.9987         0.9987         0.9987         0.9987         0.9988
Eff. Energy Balance [-]          0.9953         0.9953         0.9953         0.9953         0.9954

Blowby:
-------
Blowbymass [g]                 0.000000       0.000000       0.000000       0.000000       0.000000
Blowbymassfl. [g/s]            0.000000       0.000000       0.000000       0.000000       0.000000
Blowby Heat Flow [kJ]          0.000000       0.000000       0.000000       0.000000       0.000000

Reference Values at Start of High Pressure:
-------------------------------------------
Pressure at SHP[bar]             1.6729         1.7832         1.7012         1.5567         1.6505
Temperature [K]                  416.49         417.47         421.29         410.30         416.89
Air Massfl.  [g/s]           134.467285      35.821371      33.748830      31.775267      33.121817
Fuel Massfl. [g/s]             9.272753       2.469827       2.327531       2.191097       2.284298
Trapp. Eff. Air [-]              0.9999         0.9997         1.0000         0.9998         1.0000
Trapp. Eff.Fuel [-]              1.0000         1.0000         1.0000         1.0000         1.0000
A/F-Ratio (Cmb.) [-]              14.59          14.59          14.59          14.59          14.59
Excess Air Ratio [-]             1.0064         1.0064         1.0064         1.0064         1.0064

Reference Values at Start Of Combustion:
----------------------------------------
Pressure [bar]                  22.5448        23.9441        22.8146        21.0792        22.3413
Temperature [K]                  761.14         761.93         767.68         752.45         762.49

Residual Gas:
-------------
Res.gas content [-]              0.0252         0.0232         0.0256         0.0253         0.0267
External EGR [-]                 0.0000        -0.0000        -0.0000         0.0000         0.0000
Internal EGR [-]                 0.0252         0.0232         0.0256         0.0253         0.0267
Com.Prod.Mass. at EO [g]       2.521888       0.670453       0.633276       0.595952       0.622207
Res.gas mass at SHP [g]        0.060253       0.014790       0.015385       0.014298       0.015781
Res.gas aspirated IN [g]       0.000000      -0.000000      -0.000000       0.000000       0.000000
Res.gas from intake [g]        0.002371       0.000000       0.000842       0.000108       0.001421
Rel. to Total [-]                0.0394         0.0000         0.0547         0.0076         0.0900
Res.gas flow EX [g]            2.461683       0.655673       0.617907       0.581665       0.606438
Res.gas from exhaust [g]       0.001655       0.000365       0.000472       0.000332       0.000486
Rel. to Total [-]                0.0275         0.0247         0.0307         0.0232         0.0308

Gas Exchange:
-------------
Volumetric Eff. [-]              0.9869         1.0514         0.9908         0.9328         0.9724
Rel. to Ave. [-]                                1.0654         1.0040         0.9452         0.9854
Total Mass at SHP[g]             2.3938         0.6363         0.6011         0.5657         0.5906
Mass Delivered [g]              2.30513        0.61408        0.57854        0.54472        0.56779
Mass Delivered [g/s]          134.46613       35.82136       33.74844       31.77529       33.12103
Delivery Ratio [-]               0.9870         1.0517         0.9908         0.9329         0.9724
Rel. to Ave. [-]                                1.0656         1.0039         0.9452         0.9853
Av.Airmass at SHP[g]             2.3049         0.6139         0.5786         0.5446         0.5678
Air Delivered [g]               2.30515        0.61408        0.57855        0.54472        0.56780
Air Delivered [g/s]           134.46729       35.82137       33.74883       31.77527       33.12182
Airdeliveryratio [-]             0.9870         1.0517         0.9908         0.9329         0.9724
Rel. to Ave. [-]                                1.0656         1.0039         0.9452         0.9853
Airmass Trapped [g]             2.30491        0.61392        0.57855        0.54463        0.56780
Airmass Trapped [g/s]         134.45286       35.81200       33.74883       31.77022       33.12182
Trapp. Eff. Air [-]              0.9999         0.9997         1.0000         0.9998         1.0000
Rel. to Ave. [-]                                0.9998         1.0001         0.9999         1.0001
Airpurity [-]                    0.9629         0.9648         0.9624         0.9628         0.9614
Dyn. Swirl [-]                   0.0000         0.0000         0.0000         0.0000         0.0000
Dyn. Tumble [-]                  0.0000         0.0000         0.0000         0.0000         0.0000

Wall Heatlosses:
----------------
Piston [kJ]                     -0.2157        -0.0568        -0.0544        -0.0512        -0.0533
Piston Temperature [K]                          570.00         570.00         570.00         570.00
Cylinderhead [kJ]              -0.24872       -0.06559       -0.06271       -0.05893       -0.06150
Head Temperature [K]                            665.00         665.00         665.00         665.00
Cylinderliner [kJ]             -0.30191       -0.07963       -0.07611       -0.07154       -0.07463
LinerTDC Temperature [K]                        460.00         460.00         460.00         460.00
LinerBDC Temperature [K]                        455.00         455.00         455.00         455.00
Sum of Wallheat [kJ]           -0.76633       -0.20206       -0.19317       -0.18162       -0.18948
Wall Heatlosses in High Pressure Phase:
Piston HP [kJ]                 -0.17764       -0.04684       -0.04475       -0.04217       -0.04388
Cylinderhead HP [kJ]           -0.21217       -0.05596       -0.05346       -0.05035       -0.05240
Cylinderliner HP [kJ]          -0.13973       -0.03681       -0.03523       -0.03319       -0.03450
Sum of Wallheat HP [kJ]        -0.52954       -0.13961       -0.13343       -0.12571       -0.13078
Wall Heatlosses Related to Heatinput:
Piston [-]                      -0.0312        -0.0309        -0.0313        -0.0313        -0.0313
Cylinderhead [-]                -0.0360        -0.0356        -0.0361        -0.0361        -0.0361
Cylinderliner [-]               -0.0437        -0.0432        -0.0439        -0.0438        -0.0438
Sum of Wallheat [-]             -0.1108        -0.1097        -0.1113        -0.1112        -0.1112
M. Eff. HTC [W/m2/K]             643.01         674.01         645.94         615.16         636.96
M. Eff. Temp. [K]               1407.77        1412.58        1410.80        1400.87        1406.81

Reference Values at EO:
-----------------------
Pressure [bar]                     6.58           7.03           6.61           6.20           6.49
Temperature [K]                 1779.74        1784.78        1782.08        1774.19        1777.91
A/F-Ratio [-]                     14.50          14.50          14.50          14.50          14.50
Com.Prod.Conc. [-]              0.99914        0.99913        0.99915        0.99912        0.99916
Fuel Concentr. [-]             0.000058       0.000059       0.000058       0.000060       0.000057

Average Values of Pipeattachements:
-----------------------------------
 Attached Pipe                                       1              3              5              7
Vlv/Prt.Op.Clr.0mm[deg]                         340.00         340.00         340.00         340.00
Vlv/Prt.Op.Eff.0mm[deg]                         340.00         340.00         340.00         340.00
Vlv/Prt.Op.Eff.1mm[deg]                         362.50         362.50         362.50         362.50
Vlv/Prt.Op.Udef.mm[deg]                         340.00         340.00         340.00         340.00
Vlv/Prt.Cl.Clr.0mm[deg]                         610.00         610.00         610.00         610.00
Vlv/Prt.Cl.Eff.0mm[deg]                         610.00         610.00         610.00         610.00
Vlv/Prt.Cl.Eff.1mm[deg]                         577.53         577.53         577.52         577.52
Vlv/Prt.Cl.Udef.mm[deg]                         610.00         610.00         610.00         610.00
Cam Phasing [deg]                                 0.00           0.00           0.00           0.00
Massflow [g/cycle]                            0.614081       0.578545       0.544719       0.567789
Wallheat [kJ/cycle]                           0.000395       0.000272       0.000370       0.000237
rel.to Heatinp.[-]                              0.0002         0.0002         0.0002         0.0001
 Attached Pipe                                       2              4              6              8
Vlv/Prt.Op.Clr.0mm[deg]                         130.00         130.00         130.00         130.00
Vlv/Prt.Op.Eff.0mm[deg]                         130.00         130.00         130.00         130.00
Vlv/Prt.Op.Eff.1mm[deg]                         150.84         150.84         150.84         150.84
Vlv/Prt.Op.Udef.mm[deg]                         130.00         130.00         130.00         130.00
Vlv/Prt.Cl.Clr.0mm[deg]                         390.00         390.00         390.00         390.00
Vlv/Prt.Cl.Eff.0mm[deg]                         390.00         390.00         390.00         390.00
Vlv/Prt.Cl.Eff.1mm[deg]                         356.00         356.00         356.00         356.00
Vlv/Prt.Cl.Udef.mm[deg]                         390.00         390.00         390.00         390.00
Cam Phasing [deg]                                 0.00           0.00           0.00           0.00
Massflow [g/cycle]                            0.656419       0.618442       0.582285       0.606948
Wallheat [kJ/cycle]                          -0.005631      -0.005473      -0.005285      -0.005413
rel.to Heatinp.[-]                             -0.0031        -0.0032        -0.0032        -0.0032

FLOWRESTRICTIONS: Average Values
--------------------------------
 Flr. Att.Pi.  Massflow  Att.Pi.  Massflow
  nr.  number [g/cycle]   number [g/cycle]
    1       2    0.6564       19    0.6565
    2       1    0.6141       10    0.6141
    3       4    0.6184       17    0.6185
    4       3    0.5785       12    0.5785
    5       6    0.5823       18    0.5823
    6       5    0.5447       13    0.5447
    7       8    0.6069       20    0.6070
    8       7    0.5678       16    0.5677

JUNCTIONS: Average Values
-------------------------
Junction   1: Attached pipe   9:     -2.3043 g/cycle
              Attached pipe  10:     -0.6141 g/cycle
              Attached pipe  11:     -1.6900 g/cycle
Junction   2: Attached pipe  11:     -1.6900 g/cycle
              Attached pipe  12:     -0.5785 g/cycle
              Attached pipe  14:     -1.1120 g/cycle
Junction   3: Attached pipe  13:     -0.5447 g/cycle
              Attached pipe  14:     -1.1120 g/cycle
              Attached pipe  15:     -0.5674 g/cycle
Junction   4: Attached pipe  15:     -0.5674 g/cycle
              Attached pipe  16:     -0.5677 g/cycle
Junction   5: Attached pipe  17:     -0.6185 g/cycle
              Attached pipe  18:     -0.5823 g/cycle
              Attached pipe  22:     -1.2008 g/cycle
Junction   6: Attached pipe  19:     -0.6565 g/cycle
              Attached pipe  20:     -0.6070 g/cycle
              Attached pipe  21:     -1.2633 g/cycle
Junction   7: Attached pipe  21:     -1.2633 g/cycle
              Attached pipe  22:     -1.2008 g/cycle
              Attached pipe  23:     -2.4649 g/cycle

OVERALL ENGINE PERFORMANCE:
===========================

Indicated Torque          :    212.64 Nm                    Indicated Specific Torque :    106.41 Nm/l
Indicated Power           :    155.87 kW,       211.93 PS   Indicated Specific Power  :     78.01 kW/l,     106.06 PS/l
Friction Torque           :     39.53 Nm                    Friction Power            :     28.97 kW
Effective Torque          :    173.11 Nm                    Effective Specific Torque :     86.63 Nm/l
Effective Power           :    126.90 kW,       172.53 PS   Effective Specific Power  :     63.51 kW/l,      86.34 PS/l

Required time for reading the inputfile and initialisation:       0.08 min
Required time for the calculation: .........................      0.26 min
Required time for writing the outputfile: ..................      0.00 min
Required total time: .......................................      0.33 min
Required total CPU-time: ...................................      9.27 sec
