MESSAGE
RUNINFO      1 CONTROL      1 BOOST       0.00 DEGCRA
 System date and time : 09.10.2025 07:44:10
ENDOFMESSAGE
MESSAGE
RUNINFO      2 CONTROL      2 BOOST       0.00 DEGCRA
 Executable information:
  Version  : v2022.1.0.0.0
  Build    : Apr 27 2022 22:44:48
  Platform : x86_64-unknown-winnt_i19v19
ENDOFMESSAGE
MESSAGE
RUNINFO      3 CONTROL      3 BOOST       0.00 DEGCRA
 Opened file :  Nissan_vr38DETT_PFi_biturbo.bst
ENDOFMESSAGE
MESSAGE
RUNINFO 70011 INPUT     0 BST_READ_GLOBAL 0.00DEGCRA
  The following User Defined Parameters were identified:
ENDOFMESSAGE
ENDOFMESSAGE
MESSAGE
RUNINFO 571129 INPUT      0 BST_READ_GLOBAL       0.00 DEGCRA
 Using C gas property library
ENDOFMESSAGE
MESSAGE
RUNINFO 270000 REACTION_LIBRARY      1 CL_BOOST_MessageSystem       0.00 DEGCRA
>>> Catalyst Library <<<
  Version: 2.800
  Platform: x86_64-unknown-winnt_i19v19
  Build date: Apr 27 2022 21:58:54
ENDOFMESSAGE
MESSAGE
RUNINFO 270000 REACTION_LIBRARY      1 CL_BOOST_MessageSystem       0.00 DEGCRA
>>> Transfer Model Library Version 1.400 <<<
ENDOFMESSAGE
MESSAGE
RUNINFO 100001 BOOST      1 BOOST_GPR_printf       0.00 DEGCRA
    Classic gas property data are read from:
      C:/Program Files (x86)/AVL/R2022.1/BOOST/files/GASOLINE.BGP

ENDOFMESSAGE
MESSAGE
RUNINFO  10660 GLOBAL      1 LICENSING       0.00 DEGCRA
  >>>
  >>>   The Licence for application "sys_1DCFD_solver"
  >>>   has been checked out!
  >>>
ENDOFMESSAGE
MESSAGE
RUNINFO      0 POSTLINKS      0 BOOST       0.00 DEGCRA
 Opened file : Nissan_vr38DETT_PFi_biturbo.glb
 Unit Number :    13
ENDOFMESSAGE
MESSAGE
RUNINFO 150006 SYSTEMBOUNDARY      1 BOOST       0.00 DEGCRA
 Open end correction for PIPE :     8
 End correction   [mm] :     21.000
 Original Length  [mm] :    300.000
 Corrected Length [mm] :    321.000
ENDOFMESSAGE
MESSAGE
RUNINFO 150006 SYSTEMBOUNDARY      2 BOOST       0.00 DEGCRA
 Open end correction for PIPE :    17
 End correction   [mm] :     18.450
 Original Length  [mm] :   1000.000
 Corrected Length [mm] :   1018.450
ENDOFMESSAGE
MESSAGE
CONVERGENCEFAIL 342500 JUNCTION      2 KNOTEN     184.59 DEGCRA
 The iteration of the junction massflow failed to
 converge within  25 iterations.
                    24 iteration   25 iteration
 Pressure    [Pa]:    214698.94      214698.94
 Difference in percent of meanvalue:    0.00
 Mass flow error [percent of total massflow]:   0.83
ENDOFMESSAGE
MESSAGE
CONVERGENCEFAIL 342500 JUNCTION      1 KNOTEN     185.53 DEGCRA
 The iteration of the junction massflow failed to
 converge within  25 iterations.
                    24 iteration   25 iteration
 Pressure    [Pa]:    200352.85      200352.85
 Difference in percent of meanvalue:    0.00
 Mass flow error [percent of total massflow]:  -0.55
ENDOFMESSAGE
MESSAGE
CONVERGENCEFAIL 342500 JUNCTION      2 KNOTEN     188.36 DEGCRA
 The iteration of the junction massflow failed to
 converge within  25 iterations.
                    24 iteration   25 iteration
 Pressure    [Pa]:    205533.03      205533.03
 Difference in percent of meanvalue:    0.00
 Mass flow error [percent of total massflow]:   0.51
ENDOFMESSAGE
MESSAGE
CONVERGENCEFAIL 342500 JUNCTION      2 KNOTEN     189.31 DEGCRA
 The iteration of the junction massflow failed to
 converge within  25 iterations.
                    24 iteration   25 iteration
 Pressure    [Pa]:    203002.30      203002.30
 Difference in percent of meanvalue:    0.00
 Mass flow error [percent of total massflow]:   0.56
ENDOFMESSAGE
MESSAGE
CONVERGENCEFAIL 342500 JUNCTION      2 KNOTEN     193.11 DEGCRA
 The iteration of the junction massflow failed to
 converge within  25 iterations.
                    24 iteration   25 iteration
 Pressure    [Pa]:    192196.36      192196.36
 Difference in percent of meanvalue:    0.00
 Mass flow error [percent of total massflow]:   0.50
ENDOFMESSAGE
MESSAGE
CONVERGENCEFAIL 342500 JUNCTION      2 KNOTEN     197.86 DEGCRA
 The iteration of the junction massflow failed to
 converge within  25 iterations.
                    24 iteration   25 iteration
 Pressure    [Pa]:    179237.18      179237.18
 Difference in percent of meanvalue:    0.00
 Mass flow error [percent of total massflow]:   0.52
ENDOFMESSAGE
MESSAGE
CONVERGENCEFAIL 342500 JUNCTION      2 KNOTEN     198.82 DEGCRA
 The iteration of the junction massflow failed to
 converge within  25 iterations.
                    24 iteration   25 iteration
 Pressure    [Pa]:    176736.19      176736.19
 Difference in percent of meanvalue:    0.00
 Mass flow error [percent of total massflow]:   0.65
ENDOFMESSAGE
MESSAGE
CONVERGENCEFAIL 342500 JUNCTION      2 KNOTEN     206.47 DEGCRA
 The iteration of the junction massflow failed to
 converge within  25 iterations.
                    24 iteration   25 iteration
 Pressure    [Pa]:    158057.89      158057.89
 Difference in percent of meanvalue:    0.00
 Mass flow error [percent of total massflow]:   0.54
ENDOFMESSAGE
MESSAGE
CONVERGENCEFAIL 342500 JUNCTION      2 KNOTEN     258.64 DEGCRA
 The iteration of the junction massflow failed to
 converge within  25 iterations.
                    24 iteration   25 iteration
 Pressure    [Pa]:    175412.99      175412.99
 Difference in percent of meanvalue:    0.00
 Mass flow error [percent of total massflow]:   1.42
ENDOFMESSAGE
MESSAGE
CONVERGENCEFAIL 342500 JUNCTION      2 KNOTEN     259.70 DEGCRA
 The iteration of the junction massflow failed to
 converge within  25 iterations.
                    24 iteration   25 iteration
 Pressure    [Pa]:    173864.38      173864.38
 Difference in percent of meanvalue:    0.00
 Mass flow error [percent of total massflow]:   1.85
ENDOFMESSAGE
MESSAGE
CONVERGENCEFAIL 342500 JUNCTION      2 KNOTEN     260.76 DEGCRA
 The iteration of the junction massflow failed to
 converge within  25 iterations.
                    24 iteration   25 iteration
 Pressure    [Pa]:    172308.80      172308.80
 Difference in percent of meanvalue:    0.00
 Mass flow error [percent of total massflow]:   1.68
ENDOFMESSAGE
MESSAGE
CONVERGENCEFAIL 342500 JUNCTION      2 KNOTEN     261.82 DEGCRA
 The iteration of the junction massflow failed to
 converge within  25 iterations.
                    24 iteration   25 iteration
 Pressure    [Pa]:    170833.44      170833.44
 Difference in percent of meanvalue:    0.00
 Mass flow error [percent of total massflow]:   1.14
ENDOFMESSAGE
MESSAGE
CONVERGENCEFAIL 342500 JUNCTION      2 KNOTEN     262.88 DEGCRA
 The iteration of the junction massflow failed to
 converge within  25 iterations.
                    24 iteration   25 iteration
 Pressure    [Pa]:    169353.84      169353.84
 Difference in percent of meanvalue:    0.00
 Mass flow error [percent of total massflow]:   0.77
ENDOFMESSAGE
MESSAGE
CONVERGENCEFAIL 342500 JUNCTION      2 KNOTEN     263.95 DEGCRA
 The iteration of the junction massflow failed to
 converge within  25 iterations.
                    24 iteration   25 iteration
 Pressure    [Pa]:    167837.10      167837.10
 Difference in percent of meanvalue:    0.00
 Mass flow error [percent of total massflow]:   0.67
ENDOFMESSAGE
MESSAGE
CONVERGENCEFAIL 342500 JUNCTION      1 KNOTEN     265.02 DEGCRA
 The iteration of the junction massflow failed to
 converge within  25 iterations.
                    24 iteration   25 iteration
 Pressure    [Pa]:    168410.22      168410.22
 Difference in percent of meanvalue:    0.00
 Mass flow error [percent of total massflow]:   0.93
ENDOFMESSAGE
MESSAGE
CONVERGENCEFAIL 342500 JUNCTION      2 KNOTEN     265.02 DEGCRA
 The iteration of the junction massflow failed to
 converge within  25 iterations.
                    24 iteration   25 iteration
 Pressure    [Pa]:    166268.94      166268.94
 Difference in percent of meanvalue:    0.00
 Mass flow error [percent of total massflow]:   0.86
ENDOFMESSAGE
MESSAGE
CONVERGENCEFAIL 342500 JUNCTION      1 KNOTEN     266.08 DEGCRA
 The iteration of the junction massflow failed to
 converge within  25 iterations.
                    24 iteration   25 iteration
 Pressure    [Pa]:    167790.08      167790.08
 Difference in percent of meanvalue:    0.00
 Mass flow error [percent of total massflow]:   1.28
ENDOFMESSAGE
MESSAGE
CONVERGENCEFAIL 342500 JUNCTION      1 KNOTEN     267.15 DEGCRA
 The iteration of the junction massflow failed to
 converge within  25 iterations.
                    24 iteration   25 iteration
 Pressure    [Pa]:    166906.69      166906.69
 Difference in percent of meanvalue:    0.00
 Mass flow error [percent of total massflow]:   2.33
ENDOFMESSAGE
MESSAGE
CONVERGENCEFAIL 342500 JUNCTION      1 KNOTEN     268.22 DEGCRA
 The iteration of the junction massflow failed to
 converge within  25 iterations.
                    24 iteration   25 iteration
 Pressure    [Pa]:    165720.91      165720.91
 Difference in percent of meanvalue:    0.00
 Mass flow error [percent of total massflow]:   4.16
ENDOFMESSAGE
MESSAGE
CONVERGENCEFAIL 342500 JUNCTION      1 KNOTEN     270.37 DEGCRA
 The iteration of the junction massflow failed to
 converge within  25 iterations.
                    24 iteration   25 iteration
 Pressure    [Pa]:    162840.70      162840.70
 Difference in percent of meanvalue:    0.00
 Mass flow error [percent of total massflow]:   2.63
ENDOFMESSAGE
MESSAGE
CONVERGENCEFAIL 342500 JUNCTION      1 KNOTEN     271.44 DEGCRA
 The iteration of the junction massflow failed to
 converge within  25 iterations.
                    24 iteration   25 iteration
 Pressure    [Pa]:    161212.30      161212.30
 Difference in percent of meanvalue:    0.00
 Mass flow error [percent of total massflow]:   2.64
ENDOFMESSAGE
MESSAGE
CONVERGENCEFAIL 342500 JUNCTION      1 KNOTEN     272.51 DEGCRA
 The iteration of the junction massflow failed to
 converge within  25 iterations.
                    24 iteration   25 iteration
 Pressure    [Pa]:    159600.17      159600.17
 Difference in percent of meanvalue:    0.00
 Mass flow error [percent of total massflow]:   1.10
ENDOFMESSAGE
MESSAGE
CONVERGENCEFAIL 342500 JUNCTION      1 KNOTEN     273.58 DEGCRA
 The iteration of the junction massflow failed to
 converge within  25 iterations.
                    24 iteration   25 iteration
 Pressure    [Pa]:    158004.17      158004.17
 Difference in percent of meanvalue:    0.00
 Mass flow error [percent of total massflow]:   1.04
ENDOFMESSAGE
MESSAGE
CONVERGENCEFAIL 342500 JUNCTION      2 KNOTEN     273.58 DEGCRA
 The iteration of the junction massflow failed to
 converge within  25 iterations.
                    24 iteration   25 iteration
 Pressure    [Pa]:    154253.83      154253.83
 Difference in percent of meanvalue:    0.00
 Mass flow error [percent of total massflow]:  -0.91
ENDOFMESSAGE
MESSAGE
CONVERGENCEFAIL 342500 JUNCTION      2 KNOTEN     274.65 DEGCRA
 The iteration of the junction massflow failed to
 converge within  25 iterations.
                    24 iteration   25 iteration
 Pressure    [Pa]:    152943.40      152943.40
 Difference in percent of meanvalue:    0.00
 Mass flow error [percent of total massflow]:  -0.86
ENDOFMESSAGE
MESSAGE
CONVERGENCEFAIL 342500 JUNCTION      2 KNOTEN     275.73 DEGCRA
 The iteration of the junction massflow failed to
 converge within  25 iterations.
                    24 iteration   25 iteration
 Pressure    [Pa]:    151747.68      151747.68
 Difference in percent of meanvalue:    0.00
 Mass flow error [percent of total massflow]:  -0.74
ENDOFMESSAGE
MESSAGE
CONVERGENCEFAIL 342500 JUNCTION      2 KNOTEN     276.80 DEGCRA
 The iteration of the junction massflow failed to
 converge within  25 iterations.
                    24 iteration   25 iteration
 Pressure    [Pa]:    150669.55      150669.55
 Difference in percent of meanvalue:    0.00
 Mass flow error [percent of total massflow]:  -0.59
ENDOFMESSAGE
MESSAGE
CONVERGENCEFAIL 342500 JUNCTION      1 KNOTEN     282.16 DEGCRA
 The iteration of the junction massflow failed to
 converge within  25 iterations.
                    24 iteration   25 iteration
 Pressure    [Pa]:    152382.29      152382.29
 Difference in percent of meanvalue:    0.00
 Mass flow error [percent of total massflow]:  -2.91
ENDOFMESSAGE
MESSAGE
CONVERGENCEFAIL 342500 JUNCTION      2 KNOTEN     326.95 DEGCRA
 The iteration of the junction massflow failed to
 converge within  25 iterations.
                    24 iteration   25 iteration
 Pressure    [Pa]:    164135.88      164135.88
 Difference in percent of meanvalue:    0.00
 Mass flow error [percent of total massflow]:   4.07
ENDOFMESSAGE
MESSAGE
CONVERGENCEFAIL 342500 JUNCTION      1 KNOTEN     328.03 DEGCRA
 The iteration of the junction massflow failed to
 converge within  25 iterations.
                    24 iteration   25 iteration
 Pressure    [Pa]:    151212.09      151212.09
 Difference in percent of meanvalue:    0.00
 Mass flow error [percent of total massflow]:  -0.95
ENDOFMESSAGE
MESSAGE
CONVERGENCEFAIL 342500 JUNCTION      2 KNOTEN     328.03 DEGCRA
 The iteration of the junction massflow failed to
 converge within  25 iterations.
                    24 iteration   25 iteration
 Pressure    [Pa]:    162494.52      162494.52
 Difference in percent of meanvalue:    0.00
 Mass flow error [percent of total massflow]:   2.86
ENDOFMESSAGE
MESSAGE
CONVERGENCEFAIL 342500 JUNCTION      1 KNOTEN     340.89 DEGCRA
 The iteration of the junction massflow failed to
 converge within  25 iterations.
                    24 iteration   25 iteration
 Pressure    [Pa]:    153845.04      153845.04
 Difference in percent of meanvalue:    0.00
 Mass flow error [percent of total massflow]:  -0.54
ENDOFMESSAGE
MESSAGE
CONVERGENCEFAIL 342500 JUNCTION      1 KNOTEN     368.57 DEGCRA
 The iteration of the junction massflow failed to
 converge within  25 iterations.
                    24 iteration   25 iteration
 Pressure    [Pa]:    140010.43      140010.43
 Difference in percent of meanvalue:    0.00
 Mass flow error [percent of total massflow]:   1.03
ENDOFMESSAGE
MESSAGE
CONVERGENCEFAIL 342500 JUNCTION      1 KNOTEN     422.63 DEGCRA
 The iteration of the junction massflow failed to
 converge within  25 iterations.
                    24 iteration   25 iteration
 Pressure    [Pa]:    175872.49      175872.49
 Difference in percent of meanvalue:    0.00
 Mass flow error [percent of total massflow]:   0.77
ENDOFMESSAGE
MESSAGE
CONVERGENCEFAIL 342500 JUNCTION      2 KNOTEN     424.78 DEGCRA
 The iteration of the junction massflow failed to
 converge within  25 iterations.
                    24 iteration   25 iteration
 Pressure    [Pa]:    201507.55      201507.55
 Difference in percent of meanvalue:    0.00
 Mass flow error [percent of total massflow]:   2.26
ENDOFMESSAGE
MESSAGE
CONVERGENCEFAIL 342500 JUNCTION      1 KNOTEN     425.85 DEGCRA
 The iteration of the junction massflow failed to
 converge within  25 iterations.
                    24 iteration   25 iteration
 Pressure    [Pa]:    172822.91      172822.91
 Difference in percent of meanvalue:   -0.00
 Mass flow error [percent of total massflow]:  -0.58
ENDOFMESSAGE
MESSAGE
CONVERGENCEFAIL 342500 JUNCTION      2 KNOTEN     425.85 DEGCRA
 The iteration of the junction massflow failed to
 converge within  25 iterations.
                    24 iteration   25 iteration
 Pressure    [Pa]:    198967.46      198967.46
 Difference in percent of meanvalue:    0.00
 Mass flow error [percent of total massflow]:   0.77
ENDOFMESSAGE
MESSAGE
CONVERGENCEFAIL 342500 JUNCTION      2 KNOTEN     426.92 DEGCRA
 The iteration of the junction massflow failed to
 converge within  25 iterations.
                    24 iteration   25 iteration
 Pressure    [Pa]:    195881.95      195881.95
 Difference in percent of meanvalue:    0.00
 Mass flow error [percent of total massflow]:   0.86
ENDOFMESSAGE
MESSAGE
CONVERGENCEFAIL 342500 JUNCTION      2 KNOTEN     434.41 DEGCRA
 The iteration of the junction massflow failed to
 converge within  25 iterations.
                    24 iteration   25 iteration
 Pressure    [Pa]:    171714.74      171714.74
 Difference in percent of meanvalue:    0.00
 Mass flow error [percent of total massflow]:   0.52
ENDOFMESSAGE
MESSAGE
CONVERGENCEFAIL 342500 JUNCTION      2 KNOTEN     435.47 DEGCRA
 The iteration of the junction massflow failed to
 converge within  25 iterations.
                    24 iteration   25 iteration
 Pressure    [Pa]:    168127.69      168127.69
 Difference in percent of meanvalue:    0.00
 Mass flow error [percent of total massflow]:   0.56
ENDOFMESSAGE
MESSAGE
CONVERGENCEFAIL 342500 JUNCTION      2 KNOTEN     436.52 DEGCRA
 The iteration of the junction massflow failed to
 converge within  25 iterations.
                    24 iteration   25 iteration
 Pressure    [Pa]:    164425.28      164425.28
 Difference in percent of meanvalue:    0.00
 Mass flow error [percent of total massflow]:   0.62
ENDOFMESSAGE
MESSAGE
CONVERGENCEFAIL 342500 JUNCTION      2 KNOTEN     437.57 DEGCRA
 The iteration of the junction massflow failed to
 converge within  25 iterations.
                    24 iteration   25 iteration
 Pressure    [Pa]:    160799.77      160799.77
 Difference in percent of meanvalue:    0.00
 Mass flow error [percent of total massflow]:   0.63
ENDOFMESSAGE
MESSAGE
CONVERGENCEFAIL 342500 JUNCTION      2 KNOTEN     438.63 DEGCRA
 The iteration of the junction massflow failed to
 converge within  25 iterations.
                    24 iteration   25 iteration
 Pressure    [Pa]:    156978.65      156978.65
 Difference in percent of meanvalue:    0.00
 Mass flow error [percent of total massflow]:   0.78
ENDOFMESSAGE
MESSAGE
CONVERGENCEFAIL 342500 JUNCTION      2 KNOTEN     439.68 DEGCRA
 The iteration of the junction massflow failed to
 converge within  25 iterations.
                    24 iteration   25 iteration
 Pressure    [Pa]:    153365.22      153365.22
 Difference in percent of meanvalue:    0.00
 Mass flow error [percent of total massflow]:   0.79
ENDOFMESSAGE
MESSAGE
CONVERGENCEFAIL 342500 JUNCTION      2 KNOTEN     440.74 DEGCRA
 The iteration of the junction massflow failed to
 converge within  25 iterations.
                    24 iteration   25 iteration
 Pressure    [Pa]:    149729.97      149729.97
 Difference in percent of meanvalue:    0.00
 Mass flow error [percent of total massflow]:   0.92
ENDOFMESSAGE
MESSAGE
CONVERGENCEFAIL 342500 JUNCTION      2 KNOTEN     441.81 DEGCRA
 The iteration of the junction massflow failed to
 converge within  25 iterations.
                    24 iteration   25 iteration
 Pressure    [Pa]:    146337.11      146337.11
 Difference in percent of meanvalue:    0.00
 Mass flow error [percent of total massflow]:   1.05
ENDOFMESSAGE
MESSAGE
CONVERGENCEFAIL 342500 JUNCTION      2 KNOTEN     442.88 DEGCRA
 The iteration of the junction massflow failed to
 converge within  25 iterations.
                    24 iteration   25 iteration
 Pressure    [Pa]:    143367.41      143367.41
 Difference in percent of meanvalue:    0.00
 Mass flow error [percent of total massflow]:   1.27
ENDOFMESSAGE
MESSAGE
CONVERGENCEFAIL 342500 JUNCTION      2 KNOTEN     443.96 DEGCRA
 The iteration of the junction massflow failed to
 converge within  25 iterations.
                    24 iteration   25 iteration
 Pressure    [Pa]:    140929.92      140929.92
 Difference in percent of meanvalue:    0.00
 Mass flow error [percent of total massflow]:   1.25
ENDOFMESSAGE
MESSAGE
CONVERGENCEFAIL 342500 JUNCTION      2 KNOTEN     445.03 DEGCRA
 The iteration of the junction massflow failed to
 converge within  25 iterations.
                    24 iteration   25 iteration
 Pressure    [Pa]:    139120.01      139120.01
 Difference in percent of meanvalue:    0.00
 Mass flow error [percent of total massflow]:   0.85
ENDOFMESSAGE
MESSAGE
CONVERGENCEFAIL 342500 JUNCTION      2 KNOTEN     446.10 DEGCRA
 The iteration of the junction massflow failed to
 converge within  25 iterations.
                    24 iteration   25 iteration
 Pressure    [Pa]:    137829.99      137829.99
 Difference in percent of meanvalue:    0.00
 Mass flow error [percent of total massflow]:   0.76
ENDOFMESSAGE
MESSAGE
CONVERGENCEFAIL 342500 JUNCTION      2 KNOTEN     492.86 DEGCRA
 The iteration of the junction massflow failed to
 converge within  25 iterations.
                    24 iteration   25 iteration
 Pressure    [Pa]:    163306.25      163306.25
 Difference in percent of meanvalue:    0.00
 Mass flow error [percent of total massflow]:   2.35
ENDOFMESSAGE
MESSAGE
CONVERGENCEFAIL 342500 JUNCTION      2 KNOTEN     493.93 DEGCRA
 The iteration of the junction massflow failed to
 converge within  25 iterations.
                    24 iteration   25 iteration
 Pressure    [Pa]:    161971.95      161971.95
 Difference in percent of meanvalue:    0.00
 Mass flow error [percent of total massflow]:   0.73
ENDOFMESSAGE
MESSAGE
CONVERGENCEFAIL 342500 JUNCTION      2 KNOTEN     495.01 DEGCRA
 The iteration of the junction massflow failed to
 converge within  25 iterations.
                    24 iteration   25 iteration
 Pressure    [Pa]:    160202.26      160202.26
 Difference in percent of meanvalue:    0.00
 Mass flow error [percent of total massflow]:   0.63
ENDOFMESSAGE
MESSAGE
CONVERGENCEFAIL 342500 JUNCTION      2 KNOTEN     496.08 DEGCRA
 The iteration of the junction massflow failed to
 converge within  25 iterations.
                    24 iteration   25 iteration
 Pressure    [Pa]:    158239.65      158239.65
 Difference in percent of meanvalue:    0.00
 Mass flow error [percent of total massflow]:   0.70
ENDOFMESSAGE
MESSAGE
CONVERGENCEFAIL 342500 JUNCTION      2 KNOTEN     497.15 DEGCRA
 The iteration of the junction massflow failed to
 converge within  25 iterations.
                    24 iteration   25 iteration
 Pressure    [Pa]:    156208.70      156208.70
 Difference in percent of meanvalue:    0.00
 Mass flow error [percent of total massflow]:   0.72
ENDOFMESSAGE
MESSAGE
CONVERGENCEFAIL 342500 JUNCTION      2 KNOTEN     498.22 DEGCRA
 The iteration of the junction massflow failed to
 converge within  25 iterations.
                    24 iteration   25 iteration
 Pressure    [Pa]:    154124.60      154124.60
 Difference in percent of meanvalue:    0.00
 Mass flow error [percent of total massflow]:   0.73
ENDOFMESSAGE
MESSAGE
CONVERGENCEFAIL 342500 JUNCTION      2 KNOTEN     499.29 DEGCRA
 The iteration of the junction massflow failed to
 converge within  25 iterations.
                    24 iteration   25 iteration
 Pressure    [Pa]:    152144.15      152144.15
 Difference in percent of meanvalue:    0.00
 Mass flow error [percent of total massflow]:   0.70
ENDOFMESSAGE
MESSAGE
CONVERGENCEFAIL 342500 JUNCTION      2 KNOTEN     500.36 DEGCRA
 The iteration of the junction massflow failed to
 converge within  25 iterations.
                    24 iteration   25 iteration
 Pressure    [Pa]:    150311.50      150311.50
 Difference in percent of meanvalue:    0.00
 Mass flow error [percent of total massflow]:   0.65
ENDOFMESSAGE
MESSAGE
CONVERGENCEFAIL 342500 JUNCTION      2 KNOTEN     501.44 DEGCRA
 The iteration of the junction massflow failed to
 converge within  25 iterations.
                    24 iteration   25 iteration
 Pressure    [Pa]:    148677.86      148677.86
 Difference in percent of meanvalue:    0.00
 Mass flow error [percent of total massflow]:   0.60
ENDOFMESSAGE
MESSAGE
CONVERGENCEFAIL 342500 JUNCTION      2 KNOTEN     502.51 DEGCRA
 The iteration of the junction massflow failed to
 converge within  25 iterations.
                    24 iteration   25 iteration
 Pressure    [Pa]:    147231.82      147231.82
 Difference in percent of meanvalue:    0.00
 Mass flow error [percent of total massflow]:   0.54
ENDOFMESSAGE
MESSAGE
CONVERGENCEFAIL 342500 JUNCTION      1 KNOTEN     506.79 DEGCRA
 The iteration of the junction massflow failed to
 converge within  25 iterations.
                    24 iteration   25 iteration
 Pressure    [Pa]:    152433.17      152433.17
 Difference in percent of meanvalue:    0.00
 Mass flow error [percent of total massflow]:   0.60
ENDOFMESSAGE
MESSAGE
CONVERGENCEFAIL 342500 JUNCTION      2 KNOTEN     511.08 DEGCRA
 The iteration of the junction massflow failed to
 converge within  25 iterations.
                    24 iteration   25 iteration
 Pressure    [Pa]:    138986.04      138986.04
 Difference in percent of meanvalue:    0.00
 Mass flow error [percent of total massflow]:  -1.38
ENDOFMESSAGE
MESSAGE
CONVERGENCEFAIL 342500 JUNCTION      2 KNOTEN     512.15 DEGCRA
 The iteration of the junction massflow failed to
 converge within  25 iterations.
                    24 iteration   25 iteration
 Pressure    [Pa]:    137953.10      137953.10
 Difference in percent of meanvalue:    0.00
 Mass flow error [percent of total massflow]:  -0.78
ENDOFMESSAGE
MESSAGE
CONVERGENCEFAIL 342500 JUNCTION      1 KNOTEN     513.23 DEGCRA
 The iteration of the junction massflow failed to
 converge within  25 iterations.
                    24 iteration   25 iteration
 Pressure    [Pa]:    150099.40      150099.40
 Difference in percent of meanvalue:    0.00
 Mass flow error [percent of total massflow]:  -0.75
ENDOFMESSAGE
MESSAGE
CONVERGENCEFAIL 342500 JUNCTION      2 KNOTEN     558.05 DEGCRA
 The iteration of the junction massflow failed to
 converge within  25 iterations.
                    24 iteration   25 iteration
 Pressure    [Pa]:    153932.23      153932.23
 Difference in percent of meanvalue:    0.00
 Mass flow error [percent of total massflow]:   1.11
ENDOFMESSAGE
MESSAGE
CONVERGENCEFAIL 342500 JUNCTION      2 KNOTEN     559.12 DEGCRA
 The iteration of the junction massflow failed to
 converge within  25 iterations.
                    24 iteration   25 iteration
 Pressure    [Pa]:    152331.82      152331.82
 Difference in percent of meanvalue:    0.00
 Mass flow error [percent of total massflow]:   1.85
ENDOFMESSAGE
MESSAGE
CONVERGENCEFAIL 342500 JUNCTION      2 KNOTEN     560.19 DEGCRA
 The iteration of the junction massflow failed to
 converge within  25 iterations.
                    24 iteration   25 iteration
 Pressure    [Pa]:    150803.46      150803.46
 Difference in percent of meanvalue:    0.00
 Mass flow error [percent of total massflow]:   2.06
ENDOFMESSAGE
MESSAGE
CONVERGENCEFAIL 342500 JUNCTION      2 KNOTEN     561.26 DEGCRA
 The iteration of the junction massflow failed to
 converge within  25 iterations.
                    24 iteration   25 iteration
 Pressure    [Pa]:    149295.43      149295.43
 Difference in percent of meanvalue:    0.00
 Mass flow error [percent of total massflow]:   3.17
ENDOFMESSAGE
MESSAGE
CONVERGENCEFAIL 342500 JUNCTION      2 KNOTEN     573.05 DEGCRA
 The iteration of the junction massflow failed to
 converge within  25 iterations.
                    24 iteration   25 iteration
 Pressure    [Pa]:    140953.33      140953.33
 Difference in percent of meanvalue:   -0.00
 Mass flow error [percent of total massflow]:  -0.66
ENDOFMESSAGE
MESSAGE
CONVERGENCEFAIL 342500 JUNCTION      2 KNOTEN     574.13 DEGCRA
 The iteration of the junction massflow failed to
 converge within  25 iterations.
                    24 iteration   25 iteration
 Pressure    [Pa]:    140553.70      140553.70
 Difference in percent of meanvalue:   -0.00
 Mass flow error [percent of total massflow]:  -0.52
ENDOFMESSAGE
MESSAGE
CONVERGENCEFAIL 342500 JUNCTION      1 KNOTEN     870.63 DEGCRA
 The iteration of the junction massflow failed to
 converge within  25 iterations.
                    24 iteration   25 iteration
 Pressure    [Pa]:    172120.39      172120.39
 Difference in percent of meanvalue:    0.00
 Mass flow error [percent of total massflow]:   0.54
ENDOFMESSAGE
MESSAGE
CONVERGENCEFAIL 342500 JUNCTION      1 KNOTEN     871.49 DEGCRA
 The iteration of the junction massflow failed to
 converge within  25 iterations.
                    24 iteration   25 iteration
 Pressure    [Pa]:    172120.39      172120.39
 Difference in percent of meanvalue:    0.00
 Mass flow error [percent of total massflow]:   0.90
ENDOFMESSAGE
MESSAGE
CONVERGENCEFAIL 342500 JUNCTION      1 KNOTEN     872.35 DEGCRA
 The iteration of the junction massflow failed to
 converge within  25 iterations.
                    24 iteration   25 iteration
 Pressure    [Pa]:    172120.39      172120.39
 Difference in percent of meanvalue:    0.00
 Mass flow error [percent of total massflow]:   0.99
ENDOFMESSAGE
MESSAGE
CONVERGENCEFAIL 342500 JUNCTION      1 KNOTEN     873.20 DEGCRA
 The iteration of the junction massflow failed to
 converge within  25 iterations.
                    24 iteration   25 iteration
 Pressure    [Pa]:    172120.39      172120.39
 Difference in percent of meanvalue:    0.00
 Mass flow error [percent of total massflow]:   1.51
ENDOFMESSAGE
MESSAGE
CONVERGENCEFAIL 342500 JUNCTION      1 KNOTEN     874.90 DEGCRA
 The iteration of the junction massflow failed to
 converge within  25 iterations.
                    24 iteration   25 iteration
 Pressure    [Pa]:    175622.12      175622.12
 Difference in percent of meanvalue:    0.00
 Mass flow error [percent of total massflow]:   2.28
ENDOFMESSAGE
MESSAGE
CONVERGENCEFAIL 342500 JUNCTION      1 KNOTEN     875.77 DEGCRA
 The iteration of the junction massflow failed to
 converge within  25 iterations.
                    24 iteration   25 iteration
 Pressure    [Pa]:    175622.12      175622.12
 Difference in percent of meanvalue:    0.00
 Mass flow error [percent of total massflow]:   2.54
ENDOFMESSAGE
MESSAGE
CONVERGENCEFAIL 342500 JUNCTION      2 KNOTEN     910.30 DEGCRA
 The iteration of the junction massflow failed to
 converge within  25 iterations.
                    24 iteration   25 iteration
 Pressure    [Pa]:    258187.97      258187.97
 Difference in percent of meanvalue:   -0.00
 Mass flow error [percent of total massflow]:  -0.74
ENDOFMESSAGE
MESSAGE
CONVERGENCEFAIL 342500 JUNCTION      2 KNOTEN     911.29 DEGCRA
 The iteration of the junction massflow failed to
 converge within  25 iterations.
                    24 iteration   25 iteration
 Pressure    [Pa]:    256511.53      256511.53
 Difference in percent of meanvalue:   -0.00
 Mass flow error [percent of total massflow]:  -0.68
ENDOFMESSAGE
MESSAGE
CONVERGENCEFAIL 342500 JUNCTION      2 KNOTEN     913.28 DEGCRA
 The iteration of the junction massflow failed to
 converge within  25 iterations.
                    24 iteration   25 iteration
 Pressure    [Pa]:    252919.62      252919.62
 Difference in percent of meanvalue:   -0.00
 Mass flow error [percent of total massflow]:  -0.57
ENDOFMESSAGE
MESSAGE
CONVERGENCEFAIL 342500 JUNCTION      2 KNOTEN     922.28 DEGCRA
 The iteration of the junction massflow failed to
 converge within  25 iterations.
                    24 iteration   25 iteration
 Pressure    [Pa]:    222571.46      222571.46
 Difference in percent of meanvalue:   -0.00
 Mass flow error [percent of total massflow]:  -1.23
ENDOFMESSAGE
MESSAGE
CONVERGENCEFAIL 342500 JUNCTION      2 KNOTEN     923.28 DEGCRA
 The iteration of the junction massflow failed to
 converge within  25 iterations.
                    24 iteration   25 iteration
 Pressure    [Pa]:    220078.69      220078.69
 Difference in percent of meanvalue:    0.00
 Mass flow error [percent of total massflow]:  -1.12
ENDOFMESSAGE
MESSAGE
CONVERGENCEFAIL 342500 JUNCTION      2 KNOTEN     924.29 DEGCRA
 The iteration of the junction massflow failed to
 converge within  25 iterations.
                    24 iteration   25 iteration
 Pressure    [Pa]:    217049.41      217049.41
 Difference in percent of meanvalue:    0.00
 Mass flow error [percent of total massflow]:  -0.98
ENDOFMESSAGE
MESSAGE
CONVERGENCEFAIL 342500 JUNCTION      2 KNOTEN     925.29 DEGCRA
 The iteration of the junction massflow failed to
 converge within  25 iterations.
                    24 iteration   25 iteration
 Pressure    [Pa]:    213806.50      213806.50
 Difference in percent of meanvalue:    0.00
 Mass flow error [percent of total massflow]:  -0.68
ENDOFMESSAGE
MESSAGE
CONVERGENCEFAIL 342500 JUNCTION      2 KNOTEN     926.30 DEGCRA
 The iteration of the junction massflow failed to
 converge within  25 iterations.
                    24 iteration   25 iteration
 Pressure    [Pa]:    210654.57      210654.57
 Difference in percent of meanvalue:    0.00
 Mass flow error [percent of total massflow]:  -0.66
ENDOFMESSAGE
MESSAGE
CONVERGENCEFAIL 342500 JUNCTION      2 KNOTEN     927.31 DEGCRA
 The iteration of the junction massflow failed to
 converge within  25 iterations.
                    24 iteration   25 iteration
 Pressure    [Pa]:    207352.34      207352.34
 Difference in percent of meanvalue:    0.00
 Mass flow error [percent of total massflow]:  -0.58
ENDOFMESSAGE
MESSAGE
CONVERGENCEFAIL 342500 JUNCTION      2 KNOTEN     931.32 DEGCRA
 The iteration of the junction massflow failed to
 converge within  25 iterations.
                    24 iteration   25 iteration
 Pressure    [Pa]:    194509.84      194509.84
 Difference in percent of meanvalue:    0.00
 Mass flow error [percent of total massflow]:  -0.57
ENDOFMESSAGE
MESSAGE
CONVERGENCEFAIL 342500 JUNCTION      2 KNOTEN     932.34 DEGCRA
 The iteration of the junction massflow failed to
 converge within  25 iterations.
                    24 iteration   25 iteration
 Pressure    [Pa]:    191604.92      191604.92
 Difference in percent of meanvalue:   -0.00
 Mass flow error [percent of total massflow]:  -0.68
ENDOFMESSAGE
MESSAGE
CONVERGENCEFAIL 342500 JUNCTION      2 KNOTEN     933.35 DEGCRA
 The iteration of the junction massflow failed to
 converge within  25 iterations.
                    24 iteration   25 iteration
 Pressure    [Pa]:    188289.18      188289.18
 Difference in percent of meanvalue:    0.00
 Mass flow error [percent of total massflow]:   1.51
ENDOFMESSAGE
MESSAGE
CONVERGENCEFAIL 342500 JUNCTION      2 KNOTEN     942.53 DEGCRA
 The iteration of the junction massflow failed to
 converge within  25 iterations.
                    24 iteration   25 iteration
 Pressure    [Pa]:    158255.82      158255.82
 Difference in percent of meanvalue:    0.00
 Mass flow error [percent of total massflow]:  -1.90
ENDOFMESSAGE
MESSAGE
CONVERGENCEFAIL 342500 JUNCTION      2 KNOTEN     943.56 DEGCRA
 The iteration of the junction massflow failed to
 converge within  25 iterations.
                    24 iteration   25 iteration
 Pressure    [Pa]:    155423.21      155423.21
 Difference in percent of meanvalue:    0.00
 Mass flow error [percent of total massflow]:  -4.03
ENDOFMESSAGE
MESSAGE
CONVERGENCEFAIL 342500 JUNCTION      2 KNOTEN     944.59 DEGCRA
 The iteration of the junction massflow failed to
 converge within  25 iterations.
                    24 iteration   25 iteration
 Pressure    [Pa]:    153297.73      153297.73
 Difference in percent of meanvalue:    0.00
 Mass flow error [percent of total massflow]:  -7.17
ENDOFMESSAGE
MESSAGE
CONVERGENCEFAIL 342500 JUNCTION      2 KNOTEN     948.74 DEGCRA
 The iteration of the junction massflow failed to
 converge within  25 iterations.
                    24 iteration   25 iteration
 Pressure    [Pa]:    152275.79      152275.79
 Difference in percent of meanvalue:    0.00
 Mass flow error [percent of total massflow]:   2.31
ENDOFMESSAGE
MESSAGE
RUNINFO 163607 TURBOCHARGER      1 TURLAD    2160.00 DEGCRA
 Cycle number     3 completed:
 Compressorwork [J] :  0.40840E+03, average pressure ratio [-]:  2.200
 Turbinework    [J] :  0.40024E+03, average pressure ratio [-]:  1.911
 Added Mechanical Work  [J] :  0.00000E+00
 relative energy balance error [-] : -0.40372E-01
 new estimate of TurbineToTotal Massflow :  0.10000E+01
ENDOFMESSAGE
MESSAGE
CONVERGENCEFAIL 342500 JUNCTION      1 KNOTEN    2560.64 DEGCRA
 The iteration of the junction massflow failed to
 converge within  25 iterations.
                    24 iteration   25 iteration
 Pressure    [Pa]:    340508.05      340508.05
 Difference in percent of meanvalue:   -0.00
 Mass flow error [percent of total massflow]:  -0.92
ENDOFMESSAGE
MESSAGE
CONVERGENCEFAIL 342500 JUNCTION      1 KNOTEN    3296.92 DEGCRA
 The iteration of the junction massflow failed to
 converge within  25 iterations.
                    24 iteration   25 iteration
 Pressure    [Pa]:    419889.47      419889.47
 Difference in percent of meanvalue:    0.00
 Mass flow error [percent of total massflow]:   0.59
ENDOFMESSAGE
MESSAGE
CONVERGENCEFAIL 342500 JUNCTION      2 KNOTEN    3300.21 DEGCRA
 The iteration of the junction massflow failed to
 converge within  25 iterations.
                    24 iteration   25 iteration
 Pressure    [Pa]:    462128.32      462128.32
 Difference in percent of meanvalue:    0.00
 Mass flow error [percent of total massflow]:   0.55
ENDOFMESSAGE
MESSAGE
CONVERGENCEFAIL 342500 JUNCTION      2 KNOTEN    3303.54 DEGCRA
 The iteration of the junction massflow failed to
 converge within  25 iterations.
                    24 iteration   25 iteration
 Pressure    [Pa]:    437125.23      437125.23
 Difference in percent of meanvalue:    0.00
 Mass flow error [percent of total massflow]:   0.89
ENDOFMESSAGE
MESSAGE
CONVERGENCEFAIL 342500 JUNCTION      2 KNOTEN    3304.34 DEGCRA
 The iteration of the junction massflow failed to
 converge within  25 iterations.
                    24 iteration   25 iteration
 Pressure    [Pa]:    428690.92      428690.92
 Difference in percent of meanvalue:    0.00
 Mass flow error [percent of total massflow]:   0.82
ENDOFMESSAGE
MESSAGE
CONVERGENCEFAIL 342500 JUNCTION      2 KNOTEN    3305.13 DEGCRA
 The iteration of the junction massflow failed to
 converge within  25 iterations.
                    24 iteration   25 iteration
 Pressure    [Pa]:    419995.19      419995.19
 Difference in percent of meanvalue:    0.00
 Mass flow error [percent of total massflow]:   0.86
ENDOFMESSAGE
MESSAGE
CONVERGENCEFAIL 342500 JUNCTION      2 KNOTEN    3305.90 DEGCRA
 The iteration of the junction massflow failed to
 converge within  25 iterations.
                    24 iteration   25 iteration
 Pressure    [Pa]:    411260.89      411260.89
 Difference in percent of meanvalue:    0.00
 Mass flow error [percent of total massflow]:   0.80
ENDOFMESSAGE
MESSAGE
CONVERGENCEFAIL 342500 JUNCTION      2 KNOTEN    3306.67 DEGCRA
 The iteration of the junction massflow failed to
 converge within  25 iterations.
                    24 iteration   25 iteration
 Pressure    [Pa]:    401828.28      401828.28
 Difference in percent of meanvalue:    0.00
 Mass flow error [percent of total massflow]:   0.60
ENDOFMESSAGE
MESSAGE
CONVERGENCEFAIL 342500 JUNCTION      2 KNOTEN    3307.43 DEGCRA
 The iteration of the junction massflow failed to
 converge within  25 iterations.
                    24 iteration   25 iteration
 Pressure    [Pa]:    392734.45      392734.45
 Difference in percent of meanvalue:    0.00
 Mass flow error [percent of total massflow]:   0.55
ENDOFMESSAGE
MESSAGE
CONVERGENCEFAIL 342500 JUNCTION      2 KNOTEN    3308.20 DEGCRA
 The iteration of the junction massflow failed to
 converge within  25 iterations.
                    24 iteration   25 iteration
 Pressure    [Pa]:    383796.17      383796.17
 Difference in percent of meanvalue:    0.00
 Mass flow error [percent of total massflow]:   0.52
ENDOFMESSAGE
MESSAGE
CONVERGENCEFAIL 342500 JUNCTION      2 KNOTEN    3308.96 DEGCRA
 The iteration of the junction massflow failed to
 converge within  25 iterations.
                    24 iteration   25 iteration
 Pressure    [Pa]:    375149.85      375149.85
 Difference in percent of meanvalue:    0.00
 Mass flow error [percent of total massflow]:   0.56
ENDOFMESSAGE
MESSAGE
CONVERGENCEFAIL 342500 JUNCTION      2 KNOTEN    3309.73 DEGCRA
 The iteration of the junction massflow failed to
 converge within  25 iterations.
                    24 iteration   25 iteration
 Pressure    [Pa]:    367037.92      367037.92
 Difference in percent of meanvalue:    0.00
 Mass flow error [percent of total massflow]:   0.70
ENDOFMESSAGE
MESSAGE
CONVERGENCEFAIL 342500 JUNCTION      2 KNOTEN    3310.50 DEGCRA
 The iteration of the junction massflow failed to
 converge within  25 iterations.
                    24 iteration   25 iteration
 Pressure    [Pa]:    359637.17      359637.17
 Difference in percent of meanvalue:    0.00
 Mass flow error [percent of total massflow]:   0.85
ENDOFMESSAGE
MESSAGE
CONVERGENCEFAIL 342500 JUNCTION      2 KNOTEN    3311.27 DEGCRA
 The iteration of the junction massflow failed to
 converge within  25 iterations.
                    24 iteration   25 iteration
 Pressure    [Pa]:    352838.28      352838.28
 Difference in percent of meanvalue:    0.00
 Mass flow error [percent of total massflow]:   0.98
ENDOFMESSAGE
MESSAGE
CONVERGENCEFAIL 342500 JUNCTION      2 KNOTEN    3312.04 DEGCRA
 The iteration of the junction massflow failed to
 converge within  25 iterations.
                    24 iteration   25 iteration
 Pressure    [Pa]:    346551.95      346551.95
 Difference in percent of meanvalue:    0.00
 Mass flow error [percent of total massflow]:   0.98
ENDOFMESSAGE
MESSAGE
CONVERGENCEFAIL 342500 JUNCTION      1 KNOTEN    3321.19 DEGCRA
 The iteration of the junction massflow failed to
 converge within  25 iterations.
                    24 iteration   25 iteration
 Pressure    [Pa]:    360138.16      360138.16
 Difference in percent of meanvalue:   -0.00
 Mass flow error [percent of total massflow]:  -0.60
ENDOFMESSAGE
MESSAGE
CONVERGENCEFAIL 342500 JUNCTION      2 KNOTEN    3352.50 DEGCRA
 The iteration of the junction massflow failed to
 converge within  25 iterations.
                    24 iteration   25 iteration
 Pressure    [Pa]:    365291.44      365291.44
 Difference in percent of meanvalue:    0.00
 Mass flow error [percent of total massflow]:   2.65
ENDOFMESSAGE
MESSAGE
CONVERGENCEFAIL 342500 JUNCTION      2 KNOTEN    3354.18 DEGCRA
 The iteration of the junction massflow failed to
 converge within  25 iterations.
                    24 iteration   25 iteration
 Pressure    [Pa]:    354826.29      354826.29
 Difference in percent of meanvalue:    0.00
 Mass flow error [percent of total massflow]:   0.69
ENDOFMESSAGE
MESSAGE
CONVERGENCEFAIL 342500 JUNCTION      2 KNOTEN    3355.02 DEGCRA
 The iteration of the junction massflow failed to
 converge within  25 iterations.
                    24 iteration   25 iteration
 Pressure    [Pa]:    349474.12      349474.12
 Difference in percent of meanvalue:    0.00
 Mass flow error [percent of total massflow]:   0.80
ENDOFMESSAGE
MESSAGE
CONVERGENCEFAIL 342500 JUNCTION      2 KNOTEN    3355.87 DEGCRA
 The iteration of the junction massflow failed to
 converge within  25 iterations.
                    24 iteration   25 iteration
 Pressure    [Pa]:    344612.01      344612.01
 Difference in percent of meanvalue:    0.00
 Mass flow error [percent of total massflow]:   0.70
ENDOFMESSAGE
MESSAGE
CONVERGENCEFAIL 342500 JUNCTION      2 KNOTEN    3356.72 DEGCRA
 The iteration of the junction massflow failed to
 converge within  25 iterations.
                    24 iteration   25 iteration
 Pressure    [Pa]:    340253.74      340253.74
 Difference in percent of meanvalue:    0.00
 Mass flow error [percent of total massflow]:   0.57
ENDOFMESSAGE
MESSAGE
CONVERGENCEFAIL 342500 JUNCTION      2 KNOTEN    3357.56 DEGCRA
 The iteration of the junction massflow failed to
 converge within  25 iterations.
                    24 iteration   25 iteration
 Pressure    [Pa]:    336064.98      336064.98
 Difference in percent of meanvalue:    0.00
 Mass flow error [percent of total massflow]:   0.57
ENDOFMESSAGE
MESSAGE
CONVERGENCEFAIL 342500 JUNCTION      2 KNOTEN    3358.42 DEGCRA
 The iteration of the junction massflow failed to
 converge within  25 iterations.
                    24 iteration   25 iteration
 Pressure    [Pa]:    331609.99      331609.99
 Difference in percent of meanvalue:    0.00
 Mass flow error [percent of total massflow]:   0.64
ENDOFMESSAGE
MESSAGE
CONVERGENCEFAIL 342500 JUNCTION      2 KNOTEN    3359.21 DEGCRA
 The iteration of the junction massflow failed to
 converge within  25 iterations.
                    24 iteration   25 iteration
 Pressure    [Pa]:    327763.31      327763.31
 Difference in percent of meanvalue:    0.00
 Mass flow error [percent of total massflow]:   0.62
ENDOFMESSAGE
MESSAGE
CONVERGENCEFAIL 342500 JUNCTION      2 KNOTEN    3360.00 DEGCRA
 The iteration of the junction massflow failed to
 converge within  25 iterations.
                    24 iteration   25 iteration
 Pressure    [Pa]:    323284.43      323284.43
 Difference in percent of meanvalue:    0.00
 Mass flow error [percent of total massflow]:   0.58
ENDOFMESSAGE
MESSAGE
CONVERGENCEFAIL 342500 JUNCTION      2 KNOTEN    3364.30 DEGCRA
 The iteration of the junction massflow failed to
 converge within  25 iterations.
                    24 iteration   25 iteration
 Pressure    [Pa]:    299735.60      299735.60
 Difference in percent of meanvalue:    0.00
 Mass flow error [percent of total massflow]:   0.65
ENDOFMESSAGE
MESSAGE
CONVERGENCEFAIL 342500 JUNCTION      2 KNOTEN    3365.16 DEGCRA
 The iteration of the junction massflow failed to
 converge within  25 iterations.
                    24 iteration   25 iteration
 Pressure    [Pa]:    295903.51      295903.51
 Difference in percent of meanvalue:    0.00
 Mass flow error [percent of total massflow]:   0.72
ENDOFMESSAGE
MESSAGE
CONVERGENCEFAIL 342500 JUNCTION      2 KNOTEN    3366.03 DEGCRA
 The iteration of the junction massflow failed to
 converge within  25 iterations.
                    24 iteration   25 iteration
 Pressure    [Pa]:    292591.40      292591.40
 Difference in percent of meanvalue:    0.00
 Mass flow error [percent of total massflow]:   0.79
ENDOFMESSAGE
MESSAGE
CONVERGENCEFAIL 342500 JUNCTION      1 KNOTEN    3367.76 DEGCRA
 The iteration of the junction massflow failed to
 converge within  25 iterations.
                    24 iteration   25 iteration
 Pressure    [Pa]:    315324.02      315324.02
 Difference in percent of meanvalue:    0.00
 Mass flow error [percent of total massflow]:   0.98
ENDOFMESSAGE
MESSAGE
CONVERGENCEFAIL 342500 JUNCTION      2 KNOTEN    3370.38 DEGCRA
 The iteration of the junction massflow failed to
 converge within  25 iterations.
                    24 iteration   25 iteration
 Pressure    [Pa]:    282511.49      282511.49
 Difference in percent of meanvalue:    0.00
 Mass flow error [percent of total massflow]:  -1.02
ENDOFMESSAGE
MESSAGE
CONVERGENCEFAIL 342500 JUNCTION      1 KNOTEN    3403.89 DEGCRA
 The iteration of the junction massflow failed to
 converge within  25 iterations.
                    24 iteration   25 iteration
 Pressure    [Pa]:    300789.71      300789.71
 Difference in percent of meanvalue:    0.00
 Mass flow error [percent of total massflow]:   3.36
ENDOFMESSAGE
MESSAGE
CONVERGENCEFAIL 342500 JUNCTION      2 KNOTEN    3403.89 DEGCRA
 The iteration of the junction massflow failed to
 converge within  25 iterations.
                    24 iteration   25 iteration
 Pressure    [Pa]:    322112.93      322112.93
 Difference in percent of meanvalue:    0.00
 Mass flow error [percent of total massflow]:   0.82
ENDOFMESSAGE
MESSAGE
CONVERGENCEFAIL 342500 JUNCTION      2 KNOTEN    3404.77 DEGCRA
 The iteration of the junction massflow failed to
 converge within  25 iterations.
                    24 iteration   25 iteration
 Pressure    [Pa]:    318823.65      318823.65
 Difference in percent of meanvalue:    0.00
 Mass flow error [percent of total massflow]:   1.62
ENDOFMESSAGE
MESSAGE
CONVERGENCEFAIL 342500 JUNCTION      2 KNOTEN    3405.66 DEGCRA
 The iteration of the junction massflow failed to
 converge within  25 iterations.
                    24 iteration   25 iteration
 Pressure    [Pa]:    315619.78      315619.78
 Difference in percent of meanvalue:    0.00
 Mass flow error [percent of total massflow]:   2.08
ENDOFMESSAGE
MESSAGE
CONVERGENCEFAIL 342500 JUNCTION      1 KNOTEN    3406.54 DEGCRA
 The iteration of the junction massflow failed to
 converge within  25 iterations.
                    24 iteration   25 iteration
 Pressure    [Pa]:    295671.66      295671.66
 Difference in percent of meanvalue:    0.00
 Mass flow error [percent of total massflow]:  -0.63
ENDOFMESSAGE
MESSAGE
CONVERGENCEFAIL 342500 JUNCTION      2 KNOTEN    3406.54 DEGCRA
 The iteration of the junction massflow failed to
 converge within  25 iterations.
                    24 iteration   25 iteration
 Pressure    [Pa]:    312162.58      312162.58
 Difference in percent of meanvalue:    0.00
 Mass flow error [percent of total massflow]:   1.19
ENDOFMESSAGE
MESSAGE
CONVERGENCEFAIL 342500 JUNCTION      2 KNOTEN    3413.68 DEGCRA
 The iteration of the junction massflow failed to
 converge within  25 iterations.
                    24 iteration   25 iteration
 Pressure    [Pa]:    285468.98      285468.98
 Difference in percent of meanvalue:    0.00
 Mass flow error [percent of total massflow]:   2.40
ENDOFMESSAGE
MESSAGE
CONVERGENCEFAIL 342500 JUNCTION      2 KNOTEN    3418.19 DEGCRA
 The iteration of the junction massflow failed to
 converge within  25 iterations.
                    24 iteration   25 iteration
 Pressure    [Pa]:    276544.26      276544.26
 Difference in percent of meanvalue:    0.00
 Mass flow error [percent of total massflow]:  -1.25
ENDOFMESSAGE
MESSAGE
CONVERGENCEFAIL 342500 JUNCTION      2 KNOTEN    3419.08 DEGCRA
 The iteration of the junction massflow failed to
 converge within  25 iterations.
                    24 iteration   25 iteration
 Pressure    [Pa]:    274642.85      274642.85
 Difference in percent of meanvalue:    0.00
 Mass flow error [percent of total massflow]:  -0.68
ENDOFMESSAGE
MESSAGE
CONVERGENCEFAIL 342500 JUNCTION      1 KNOTEN    3444.91 DEGCRA
 The iteration of the junction massflow failed to
 converge within  25 iterations.
                    24 iteration   25 iteration
 Pressure    [Pa]:    274290.27      274290.27
 Difference in percent of meanvalue:    0.00
 Mass flow error [percent of total massflow]:   1.35
ENDOFMESSAGE
MESSAGE
CONVERGENCEFAIL 342500 JUNCTION      1 KNOTEN    3445.80 DEGCRA
 The iteration of the junction massflow failed to
 converge within  25 iterations.
                    24 iteration   25 iteration
 Pressure    [Pa]:    273317.77      273317.77
 Difference in percent of meanvalue:    0.00
 Mass flow error [percent of total massflow]:   1.33
ENDOFMESSAGE
MESSAGE
CONVERGENCEFAIL 342500 JUNCTION      2 KNOTEN    3449.37 DEGCRA
 The iteration of the junction massflow failed to
 converge within  25 iterations.
                    24 iteration   25 iteration
 Pressure    [Pa]:    292599.97      292599.97
 Difference in percent of meanvalue:    0.00
 Mass flow error [percent of total massflow]:   1.53
ENDOFMESSAGE
MESSAGE
CONVERGENCEFAIL 342500 JUNCTION      2 KNOTEN    3451.15 DEGCRA
 The iteration of the junction massflow failed to
 converge within  25 iterations.
                    24 iteration   25 iteration
 Pressure    [Pa]:    287004.40      287004.40
 Difference in percent of meanvalue:    0.00
 Mass flow error [percent of total massflow]:   0.51
ENDOFMESSAGE
MESSAGE
CONVERGENCEFAIL 342500 JUNCTION      2 KNOTEN    3452.04 DEGCRA
 The iteration of the junction massflow failed to
 converge within  25 iterations.
                    24 iteration   25 iteration
 Pressure    [Pa]:    284205.19      284205.19
 Difference in percent of meanvalue:    0.00
 Mass flow error [percent of total massflow]:   0.51
ENDOFMESSAGE
MESSAGE
CONVERGENCEFAIL 342500 JUNCTION      2 KNOTEN    3457.35 DEGCRA
 The iteration of the junction massflow failed to
 converge within  25 iterations.
                    24 iteration   25 iteration
 Pressure    [Pa]:    267871.15      267871.15
 Difference in percent of meanvalue:    0.00
 Mass flow error [percent of total massflow]:   1.39
ENDOFMESSAGE
MESSAGE
CONVERGENCEFAIL 342500 JUNCTION      2 KNOTEN    3458.23 DEGCRA
 The iteration of the junction massflow failed to
 converge within  25 iterations.
                    24 iteration   25 iteration
 Pressure    [Pa]:    265192.44      265192.44
 Difference in percent of meanvalue:    0.00
 Mass flow error [percent of total massflow]:   3.29
ENDOFMESSAGE
MESSAGE
CONVERGENCEFAIL 342500 JUNCTION      2 KNOTEN    3462.62 DEGCRA
 The iteration of the junction massflow failed to
 converge within  25 iterations.
                    24 iteration   25 iteration
 Pressure    [Pa]:    255259.27      255259.27
 Difference in percent of meanvalue:    0.00
 Mass flow error [percent of total massflow]:  -0.94
ENDOFMESSAGE
MESSAGE
CONVERGENCEFAIL 342500 JUNCTION      2 KNOTEN    3463.49 DEGCRA
 The iteration of the junction massflow failed to
 converge within  25 iterations.
                    24 iteration   25 iteration
 Pressure    [Pa]:    253975.17      253975.17
 Difference in percent of meanvalue:    0.00
 Mass flow error [percent of total massflow]:  -0.59
ENDOFMESSAGE
MESSAGE
CONVERGENCEFAIL 342500 JUNCTION      2 KNOTEN    3485.29 DEGCRA
 The iteration of the junction massflow failed to
 converge within  25 iterations.
                    24 iteration   25 iteration
 Pressure    [Pa]:    262800.13      262800.13
 Difference in percent of meanvalue:    0.00
 Mass flow error [percent of total massflow]:   1.24
ENDOFMESSAGE
MESSAGE
CONVERGENCEFAIL 342500 JUNCTION      2 KNOTEN    3486.18 DEGCRA
 The iteration of the junction massflow failed to
 converge within  25 iterations.
                    24 iteration   25 iteration
 Pressure    [Pa]:    262800.13      262800.13
 Difference in percent of meanvalue:    0.00
 Mass flow error [percent of total massflow]:   1.30
ENDOFMESSAGE
MESSAGE
CONVERGENCEFAIL 342500 JUNCTION      2 KNOTEN    3487.05 DEGCRA
 The iteration of the junction massflow failed to
 converge within  25 iterations.
                    24 iteration   25 iteration
 Pressure    [Pa]:    262800.13      262800.13
 Difference in percent of meanvalue:    0.00
 Mass flow error [percent of total massflow]:   0.98
ENDOFMESSAGE
MESSAGE
CONVERGENCEFAIL 342500 JUNCTION      2 KNOTEN    3487.92 DEGCRA
 The iteration of the junction massflow failed to
 converge within  25 iterations.
                    24 iteration   25 iteration
 Pressure    [Pa]:    262800.13      262800.13
 Difference in percent of meanvalue:    0.00
 Mass flow error [percent of total massflow]:   0.83
ENDOFMESSAGE
MESSAGE
RUNINFO 163607 TURBOCHARGER      1 TURLAD    3600.00 DEGCRA
 Cycle number     5 completed:
 Compressorwork [J] :  0.39801E+03, average pressure ratio [-]:  2.200
 Turbinework    [J] :  0.11904E+04, average pressure ratio [-]:  2.563
 Added Mechanical Work  [J] :  0.00000E+00
 relative energy balance error [-] : -0.98247E+00
 new estimate of TurbineToTotal Massflow :  0.10000E+01
ENDOFMESSAGE
MESSAGE
CONVERGENCEFAIL 342500 JUNCTION      1 KNOTEN    3613.01 DEGCRA
 The iteration of the junction massflow failed to
 converge within  25 iterations.
                    24 iteration   25 iteration
 Pressure    [Pa]:    278021.47      278021.47
 Difference in percent of meanvalue:   -0.00
 Mass flow error [percent of total massflow]:  -0.62
ENDOFMESSAGE
MESSAGE
CONVERGENCEFAIL 342500 JUNCTION      1 KNOTEN    3613.88 DEGCRA
 The iteration of the junction massflow failed to
 converge within  25 iterations.
                    24 iteration   25 iteration
 Pressure    [Pa]:    274099.27      274099.27
 Difference in percent of meanvalue:   -0.00
 Mass flow error [percent of total massflow]:  -0.62
ENDOFMESSAGE
MESSAGE
CONVERGENCEFAIL 342500 JUNCTION      1 KNOTEN    3666.95 DEGCRA
 The iteration of the junction massflow failed to
 converge within  25 iterations.
                    24 iteration   25 iteration
 Pressure    [Pa]:    271404.44      271404.44
 Difference in percent of meanvalue:   -0.00
 Mass flow error [percent of total massflow]:  -0.78
ENDOFMESSAGE
MESSAGE
CONVERGENCEFAIL 342500 JUNCTION      2 KNOTEN    3780.43 DEGCRA
 The iteration of the junction massflow failed to
 converge within  25 iterations.
                    24 iteration   25 iteration
 Pressure    [Pa]:    454530.71      454530.71
 Difference in percent of meanvalue:    0.00
 Mass flow error [percent of total massflow]:   1.26
ENDOFMESSAGE
MESSAGE
CONVERGENCEFAIL 342500 JUNCTION      2 KNOTEN    3789.02 DEGCRA
 The iteration of the junction massflow failed to
 converge within  25 iterations.
                    24 iteration   25 iteration
 Pressure    [Pa]:    396489.05      396489.05
 Difference in percent of meanvalue:    0.00
 Mass flow error [percent of total massflow]:   0.61
ENDOFMESSAGE
MESSAGE
CONVERGENCEFAIL 342500 JUNCTION      2 KNOTEN    4743.87 DEGCRA
 The iteration of the junction massflow failed to
 converge within  25 iterations.
                    24 iteration   25 iteration
 Pressure    [Pa]:    422490.97      422490.97
 Difference in percent of meanvalue:   -0.00
 Mass flow error [percent of total massflow]:  -0.58
ENDOFMESSAGE
MESSAGE
CONVERGENCEFAIL 342500 JUNCTION      2 KNOTEN    4745.45 DEGCRA
 The iteration of the junction massflow failed to
 converge within  25 iterations.
                    24 iteration   25 iteration
 Pressure    [Pa]:    410567.90      410567.90
 Difference in percent of meanvalue:   -0.00
 Mass flow error [percent of total massflow]:  -0.67
ENDOFMESSAGE
MESSAGE
CONVERGENCEFAIL 342500 JUNCTION      1 KNOTEN    4789.88 DEGCRA
 The iteration of the junction massflow failed to
 converge within  25 iterations.
                    24 iteration   25 iteration
 Pressure    [Pa]:    320770.71      320770.71
 Difference in percent of meanvalue:    0.00
 Mass flow error [percent of total massflow]:   0.51
ENDOFMESSAGE
MESSAGE
CONVERGENCEFAIL 342500 JUNCTION      1 KNOTEN    4842.48 DEGCRA
 The iteration of the junction massflow failed to
 converge within  25 iterations.
                    24 iteration   25 iteration
 Pressure    [Pa]:    294526.83      294526.83
 Difference in percent of meanvalue:    0.00
 Mass flow error [percent of total massflow]:   0.63
ENDOFMESSAGE
MESSAGE
CONVERGENCEFAIL 342500 JUNCTION      2 KNOTEN    4890.52 DEGCRA
 The iteration of the junction massflow failed to
 converge within  25 iterations.
                    24 iteration   25 iteration
 Pressure    [Pa]:    280630.49      280630.49
 Difference in percent of meanvalue:   -0.00
 Mass flow error [percent of total massflow]:  -0.71
ENDOFMESSAGE
MESSAGE
RUNINFO 163607 TURBOCHARGER      1 TURLAD    5040.00 DEGCRA
 Cycle number     7 completed:
 Compressorwork [J] :  0.42428E+03, average pressure ratio [-]:  2.200
 Turbinework    [J] :  0.11242E+04, average pressure ratio [-]:  2.540
 Added Mechanical Work  [J] :  0.00000E+00
 relative energy balance error [-] : -0.88783E+00
 new estimate of TurbineToTotal Massflow :  0.90000E+00
ENDOFMESSAGE
MESSAGE
CONVERGENCEFAIL 342500 JUNCTION      2 KNOTEN    5712.00 DEGCRA
 The iteration of the junction massflow failed to
 converge within  25 iterations.
                    24 iteration   25 iteration
 Pressure    [Pa]:    315222.53      315222.53
 Difference in percent of meanvalue:   -0.00
 Mass flow error [percent of total massflow]:  -0.81
ENDOFMESSAGE
MESSAGE
CONVERGENCEFAIL 342500 JUNCTION      2 KNOTEN    6183.82 DEGCRA
 The iteration of the junction massflow failed to
 converge within  25 iterations.
                    24 iteration   25 iteration
 Pressure    [Pa]:    410914.03      410914.03
 Difference in percent of meanvalue:   -0.00
 Mass flow error [percent of total massflow]:  -0.70
ENDOFMESSAGE
MESSAGE
CONVERGENCEFAIL 342500 JUNCTION      2 KNOTEN    6184.60 DEGCRA
 The iteration of the junction massflow failed to
 converge within  25 iterations.
                    24 iteration   25 iteration
 Pressure    [Pa]:    403051.97      403051.97
 Difference in percent of meanvalue:   -0.00
 Mass flow error [percent of total massflow]:  -0.65
ENDOFMESSAGE
MESSAGE
CONVERGENCEFAIL 342500 JUNCTION      2 KNOTEN    6185.38 DEGCRA
 The iteration of the junction massflow failed to
 converge within  25 iterations.
                    24 iteration   25 iteration
 Pressure    [Pa]:    396022.28      396022.28
 Difference in percent of meanvalue:   -0.00
 Mass flow error [percent of total massflow]:  -0.54
ENDOFMESSAGE
MESSAGE
CONVERGENCEFAIL 342500 JUNCTION      2 KNOTEN    6242.59 DEGCRA
 The iteration of the junction massflow failed to
 converge within  25 iterations.
                    24 iteration   25 iteration
 Pressure    [Pa]:    287770.10      287770.10
 Difference in percent of meanvalue:   -0.00
 Mass flow error [percent of total massflow]:  -0.51
ENDOFMESSAGE
MESSAGE
CONVERGENCEFAIL 342500 JUNCTION      1 KNOTEN    6272.02 DEGCRA
 The iteration of the junction massflow failed to
 converge within  25 iterations.
                    24 iteration   25 iteration
 Pressure    [Pa]:    260145.72      260145.72
 Difference in percent of meanvalue:   -0.00
 Mass flow error [percent of total massflow]:  -0.64
ENDOFMESSAGE
MESSAGE
RUNINFO 163607 TURBOCHARGER      1 TURLAD    6480.00 DEGCRA
 Cycle number     9 completed:
 Compressorwork [J] :  0.43829E+03, average pressure ratio [-]:  2.200
 Turbinework    [J] :  0.96235E+03, average pressure ratio [-]:  2.342
 Added Mechanical Work  [J] :  0.00000E+00
 relative energy balance error [-] : -0.73086E+00
 new estimate of TurbineToTotal Massflow :  0.81000E+00
ENDOFMESSAGE
MESSAGE
CONVERGENCEFAIL 342500 JUNCTION      1 KNOTEN    6855.49 DEGCRA
 The iteration of the junction massflow failed to
 converge within  25 iterations.
                    24 iteration   25 iteration
 Pressure    [Pa]:    201533.71      201533.71
 Difference in percent of meanvalue:    0.00
 Mass flow error [percent of total massflow]:   0.55
ENDOFMESSAGE
MESSAGE
RUNINFO 163607 TURBOCHARGER      1 TURLAD    7920.00 DEGCRA
 Cycle number    11 completed:
 Compressorwork [J] :  0.44973E+03, average pressure ratio [-]:  2.200
 Turbinework    [J] :  0.79792E+03, average pressure ratio [-]:  2.147
 Added Mechanical Work  [J] :  0.00000E+00
 relative energy balance error [-] : -0.53947E+00
 new estimate of TurbineToTotal Massflow :  0.72900E+00
ENDOFMESSAGE
MESSAGE
RUNINFO 163607 TURBOCHARGER      1 TURLAD    9360.00 DEGCRA
 Cycle number    13 completed:
 Compressorwork [J] :  0.45619E+03, average pressure ratio [-]:  2.200
 Turbinework    [J] :  0.64804E+03, average pressure ratio [-]:  1.977
 Added Mechanical Work  [J] :  0.00000E+00
 relative energy balance error [-] : -0.32785E+00
 new estimate of TurbineToTotal Massflow :  0.65610E+00
ENDOFMESSAGE
MESSAGE
CONVERGENCEFAIL 342500 JUNCTION      1 KNOTEN   10222.45 DEGCRA
 The iteration of the junction massflow failed to
 converge within  25 iterations.
                    24 iteration   25 iteration
 Pressure    [Pa]:    190664.70      190664.70
 Difference in percent of meanvalue:   -0.00
 Mass flow error [percent of total massflow]:   0.55
ENDOFMESSAGE
MESSAGE
RUNINFO 163607 TURBOCHARGER      1 TURLAD   10800.00 DEGCRA
 Cycle number    15 completed:
 Compressorwork [J] :  0.45951E+03, average pressure ratio [-]:  2.200
 Turbinework    [J] :  0.52760E+03, average pressure ratio [-]:  1.844
 Added Mechanical Work  [J] :  0.00000E+00
 relative energy balance error [-] : -0.11784E+00
 new estimate of TurbineToTotal Massflow :  0.62472E+00
ENDOFMESSAGE
MESSAGE
CONVERGENCEFAIL 342500 JUNCTION      1 KNOTEN   11663.54 DEGCRA
 The iteration of the junction massflow failed to
 converge within  25 iterations.
                    24 iteration   25 iteration
 Pressure    [Pa]:    192851.25      192851.25
 Difference in percent of meanvalue:    0.00
 Mass flow error [percent of total massflow]:  -0.57
ENDOFMESSAGE
MESSAGE
RUNINFO 163607 TURBOCHARGER      1 TURLAD   12240.00 DEGCRA
 Cycle number    17 completed:
 Compressorwork [J] :  0.46044E+03, average pressure ratio [-]:  2.200
 Turbinework    [J] :  0.48138E+03, average pressure ratio [-]:  1.794
 Added Mechanical Work  [J] :  0.00000E+00
 relative energy balance error [-] : -0.24281E-01
 new estimate of TurbineToTotal Massflow :  0.61819E+00
ENDOFMESSAGE
MESSAGE
RUNINFO 163607 TURBOCHARGER      1 TURLAD   12960.00 DEGCRA
 Cycle number    18 completed:
 Compressorwork [J] :  0.46058E+03, average pressure ratio [-]:  2.200
 Turbinework    [J] :  0.47285E+03, average pressure ratio [-]:  1.784
 Added Mechanical Work  [J] :  0.00000E+00
 relative energy balance error [-] : -0.60769E-02
 new estimate of TurbineToTotal Massflow :  0.61642E+00
ENDOFMESSAGE
MESSAGE
RUNINFO 163607 TURBOCHARGER      1 TURLAD   13680.00 DEGCRA
 Cycle number    19 completed:
 Compressorwork [J] :  0.46060E+03, average pressure ratio [-]:  2.200
 Turbinework    [J] :  0.46939E+03, average pressure ratio [-]:  1.781
 Added Mechanical Work  [J] :  0.00000E+00
 relative energy balance error [-] : -0.13061E-02
 new estimate of TurbineToTotal Massflow :  0.61673E+00
ENDOFMESSAGE
MESSAGE
RUNINFO 163607 TURBOCHARGER      1 TURLAD   14400.00 DEGCRA
 Cycle number    20 completed:
 Compressorwork [J] :  0.46082E+03, average pressure ratio [-]:  2.200
 Turbinework    [J] :  0.46958E+03, average pressure ratio [-]:  1.781
 Added Mechanical Work  [J] :  0.00000E+00
 relative energy balance error [-] : -0.13597E-02
 new estimate of TurbineToTotal Massflow :  0.61700E+00
ENDOFMESSAGE
