 --------------------------------
 AVL - B O O S T
 Version:        v2022.1.0.0.0
 Build:          Apr 27 2022 22:44:48
 Git Build Hash: 7670062eda46b95e13935a621f250d93513addf7
 System:         x86_64-unknown-winnt_i19v19
 --------------------------------

LICENSE
-------
 sys_1DCFD_solver 2022.0@ License will expire in 223 days

PROJECT
-------
 Preprocessor Version :  2022.1
 Calculation date     : 09.10.2025
 File     : single500_GDi.bst
 Case Set : "Case Set 1"
 Case     : "Case 4"
 
 Project ID: "4-Cylinder"
 Run ID:     "WOT"
 Model date: "7.3.2000"

ELEMENTS
--------
 Element Name        Number

 PIPE                  18
 SYSTEMBOUNDARY         2
 CYLINDER               4
 RESTRICTION            8
 MEASURINGPOINT         8
 JUNCTION               2
 ENGINE                 1
 PIPE_END              36
 ALL_PIPES             18
 ALL_BOUNDARIES         2
 RESTRICTIONS           8
 ALL_PIDS               1
 PIPE_VAR_WALL_TEMP    18

GLOBAL DATA
-----------
  Engine Speed :         5500.0  rpm
  Calculationmode:        BOOST  Single
  Cycle Duration:        720.00  degrees
  Max. calc. period:   14400.00  degrees
  Cycles calculated:         20  cycles
  Calc. time steps:     1.41218  degrees (max)
                        1.07296  degrees
                        0.03251  ms
  Traces results step:  5.00000  degrees
  User concentrations:        0
  Ref. pressure:      100000.00  Pa
  Ref. temperature:     298.000  K
  Gas properties:      Variable
  Gasproperties File:     GASOLINE.BGP
     bgp_build_version:   v2013.0.0.0.0
     bgp_build_host:      boosthost
     bgp_build_user:      boost
     bgp_build_date:      2012.03.23
     bgp_build_time:      08:00:00
  Lower calorific:  0.43500E+08  J/kg
  Stoic. A/F-ratio:      14.500

  Warnings:                   4
  Convergence errors:        13

PIPES
-----

 Total number of pipe cells:     65

 Pipe   Cells   Cell size       W.Heat     Wall T    Fric. coeff.   Lam. Fric. Coeff.  Heat Factor       Volume
  nr.                [mm]         [kJ]        [K]             [-]                 [-]          [-]        [dm3]
    1       2        40.0        0.000     340.00        0.040000           64.000000     1.000000     0.070513
    2       2        30.0       -0.003     850.00        0.040000           64.000000     1.000000     0.048255
    3       2        40.0        0.000     340.00        0.040000           64.000000     1.000000     0.070513
    4       2        30.0       -0.003     850.00        0.040000           64.000000     1.000000     0.048255
    5       2        40.0        0.000     340.00        0.040000           64.000000     1.000000     0.070513
    6       2        30.0       -0.003     850.00        0.040000           64.000000     1.000000     0.048255
    7       2        40.0        0.000     340.00        0.040000           64.000000     1.000000     0.070513
    8       2        30.0       -0.003     850.00        0.040000           64.000000     1.000000     0.048255
    9       4        28.8       -0.000     300.00        0.019000           64.000000     1.000000     0.092488
   10       4        28.8       -0.000     300.00        0.019000           64.000000     1.000000     0.092488
   11       4        28.8       -0.000     300.00        0.019000           64.000000     1.000000     0.092488
   12       3        33.3       -0.019     300.00        0.019000           64.000000     1.000000     0.080425
   13       3        33.3       -0.019     300.00        0.019000           64.000000     1.000000     0.080425
   14       3        33.3       -0.019     300.00        0.019000           64.000000     1.000000     0.080425
   15       3        33.3       -0.019     300.00        0.019000           64.000000     1.000000     0.080425
   16      17        30.0       -0.262     300.00        0.019000           64.000000     1.000000     0.409845
   17       4        31.2        0.001     300.00        0.019000           64.000000     1.000000     0.100209
   18       4        28.8       -0.000     300.00        0.019000           64.000000     1.000000     0.092488


MEASURINGPOINTS: Average Values
-------------------------------
 Mp. Pipe Location   Diameter  Pressure  Temp. Ms.Temp.  Velo.   Massflow   Massflow To.Ent.f.  To.Ent.f.  Mach. Wtemp.  Converg.
 nr.  nr.     [mm]       [mm]     [bar]    [K]      [K]  [m/s]      [g/s]  [g/cycle]    [kJ/s]  [kJ/cyc.]    [-]    [K]       [-]
  1   1    10.0000    33.5000    0.8962  348.0    286.6   20.7    10.7458     0.2345    -0.093    -0.0020   0.06  340.0 0.239E-07
  2  12    10.0000    32.0000    1.2918 1156.8   1382.8   29.3    11.4760     0.2504    15.063     0.3287   0.04  300.0 0.309E-07
  3   3    10.0000    33.5000    0.8962  348.0    286.6   20.7    10.7458     0.2345    -0.093    -0.0020   0.06  340.0 0.239E-07
  4  13    10.0000    32.0000    1.2918 1156.8   1382.8   29.3    11.4760     0.2504    15.063     0.3287   0.04  300.0 0.309E-07
  5   5    10.0000    33.5000    0.8962  348.0    286.6   20.7    10.7458     0.2345    -0.093    -0.0020   0.06  340.0 0.239E-07
  6  14    10.0000    32.0000    1.2918 1156.8   1382.8   29.3    11.4760     0.2504    15.063     0.3287   0.04  300.0 0.309E-07
  7   7    10.0000    33.5000    0.8962  348.0    286.6   20.7    10.7458     0.2345    -0.093    -0.0020   0.06  340.0 0.239E-07
  8  15    10.0000    32.0000    1.2918 1156.8   1382.8   29.3    11.4760     0.2504    15.063     0.3287   0.04  300.0 0.309E-07

SYSTEMBOUNDARIES
Attachments
-----------
 Type                 Nr.   Pipe       Mass flow
                             Nr.       [g/cycle]
 SYSTEMBOUNDARY        1     17          0.9373
 SYSTEMBOUNDARY        2     16          1.0019

CYLINDERS: Average Values
-------------------------
                               Total
                              Engine         Cyl.   1       Cyl.   2       Cyl.   3       Cyl.   4
Firing TDC [deg]                                  0.00           0.00           0.00           0.00
Bore [mm]                                        86.00          86.00          86.00          86.00
Stroke [mm]                                      86.00          86.00          86.00          86.00
Conrodl. [mm]                                   143.50         143.50         143.50         143.50
Piston pin offset [mm]                            0.00           0.00           0.00           0.00
Swept Vol. [l]                   1.9982         0.4996         0.4996         0.4996         0.4996
Compression ratio [-]                            10.50          10.50          10.50          10.50
Dyn. Comp. ratio [-]                              7.99           7.99           7.99           7.99

Combustion Data:
----------------
Combustion Char.                               2Z-Vibe        2Z-Vibe        2Z-Vibe        2Z-Vibe     
Comb.start [deg]                                -10.00         -10.00         -10.00         -10.00
Comb.dur.1 [deg]                                 50.00          50.00          50.00          50.00
Peak Fir.Pres. [bar]              28.66          28.66          28.66          28.66          28.66
at Crankangle [deg]               15.15          15.15          15.15          15.15          15.15
Peak Pres.Rise[bar/deg]            1.14           1.14           1.14           1.14           1.14
at Crankangle [deg]                2.59           2.59           2.59           2.59           2.59
Peak Fir. Temp. [K]             2473.79        2473.79        2473.79        2473.79        2473.79
at Crankangle [deg]               23.73          23.73          23.73          23.73          23.73
Peak T_burned [K]               2620.19        2620.19        2620.19        2620.19        2620.19
at Crankangle [deg]               11.43          11.43          11.43          11.43          11.43
Res. Gascompr. [bar]               2.54           2.54           2.54           2.54           2.54
at Crankangle [deg]              329.34         329.34         329.34         329.34         329.34
Evaporation Energy [kJ]         -0.0190        -0.0048        -0.0048        -0.0048        -0.0048
Required O.N. [-]                 60.22          60.22          60.22          60.22          60.22
Knock Intensity [-]               -1.00           0.00           0.00           0.00           0.00

Emissions (Classic Species Transport):
--------------------------------------
NOx: Calculated based on MTZ 34 1973 (12).
CO:  Calculated based on SAE 2002-01-0006.
HC:  Calculated based on SAE 2002-01-0006.
NOX   [g/kWh]                  6.813819       6.813819       6.813819       6.813819       6.813819
NOX   [g/h]                  140.027806      35.006952      35.006952      35.006952      35.006952
NOX   [ppm]                      819.61         819.61         819.61         819.61         819.61
CO    [g/kWh]                  3.097704       3.097704       3.097704       3.097704       3.097704
CO    [g/h]                   63.659555      15.914889      15.914889      15.914889      15.914889
CO    [ppm]                      399.16         399.16         399.16         399.16         399.16
HC    [g/kWh]                  1.813681       1.813681       1.813681       1.813681       1.813681
HC    [g/h]                   37.272153       9.318038       9.318038       9.318038       9.318038
HC    [ppm]                      155.86         155.86         155.86         155.86         155.86

Performance:
------------
IMEP [bar]                       4.2582         4.2582         4.2582         4.2582         4.2582
Rel. to Ave. [-]                                1.0000         1.0000         1.0000         1.0000
IMEP Exh. [bar]                 -2.0526        -2.0526        -2.0526        -2.0526        -2.0526
IMEP Int. [bar]                  0.5788         0.5788         0.5788         0.5788         0.5788
IMEP Gasex. [bar]               -1.4738        -1.4738        -1.4738        -1.4738        -1.4738
IMEP HP [bar]                    5.7320         5.7320         5.7320         5.7320         5.7320
FMEP [bar]                       2.0143         2.0143         2.0143         2.0143         2.0143
BMEP [bar]                       2.2439         2.2439         2.2439         2.2439         2.2439
AMEP;SMEP [bar]                  0.0000         0.0000         0.0000         0.0000         0.0000
ISFC [g/kWh]                   273.5197       273.5197       273.5197       273.5197       273.5197
Rel. to Ave. [-]                                1.0000         1.0000         1.0000         1.0000
ISFC (tr.f.) [g/kWh]           273.5197       273.5197       273.5197       273.5197       273.5197
BSFC [g/kWh]                   519.0544       519.0544       519.0544       519.0544       519.0544
Indicated Eff. [-]               0.3026         0.3026         0.3026         0.3026         0.3026
Iso vol. comb. Eff [-]           0.9546         0.9546         0.9546         0.9546         0.9546
Polytropic Coeff. [-]                           1.2877         1.2877         1.2877         1.2877

Fuel Mass Balance:
------------------
Inj. Fuelmass [g]              0.064641       0.016160       0.016160       0.016160       0.016160
Asp.Trap. Fuelmass [g]         0.000006       0.000002       0.000002       0.000002       0.000002
Fuelmassfl.(A+I) [g/s]         2.963016       0.740754       0.740754       0.740754       0.740754
Fuelmass tot.trap. [g]         0.064648       0.016162       0.016162       0.016162       0.016162
Trapped Fuelm.fl.[g/s]         2.963016       0.740754       0.740754       0.740754       0.740754
Trapp. Eff. Fuel [-]             1.0000         1.0000         1.0000         1.0000         1.0000

Energy Balance Cylinder:
------------------------
Fuel Energy [kJ]                2.81293        0.70323        0.70323        0.70323        0.70323
Released Energy [kJ]            2.73015        0.68254        0.68254        0.68254        0.68254
-> Brake Power     [%]           16.423         16.423         16.423         16.423         16.423
-> Loss: Friction  [%]           14.743         14.743         14.743         14.743         14.743
-> Loss: Piston    [%]            5.125          5.125          5.125          5.125          5.125
-> Loss: Head      [%]            6.088          6.088          6.088          6.088          6.088
-> Loss: Liner     [%]            7.131          7.131          7.131          7.131          7.131
-> Loss: Int. Port [%]            0.099          0.099          0.099          0.099          0.099
-> Loss: Exh. Port [%]            0.679          0.679          0.679          0.679          0.679
-> Loss: Exh. Gas  [%]           50.179         50.179         50.179         50.179         50.179
Eff. Rel. Energy [kJ]           2.71628        0.67907        0.67907        0.67907        0.67907
Gross Rel. Energy [kJ]          2.73015        0.68254        0.68254        0.68254        0.68254
Eff.Gross Rel.Ener.[kJ]         2.71628        0.67907        0.67907        0.67907        0.67907
Energy Balance [-]               0.9988         0.9988         0.9988         0.9988         0.9988
Eff. Energy Balance [-]          0.9937         0.9937         0.9937         0.9937         0.9937

Blowby:
-------
Blowbymass [g]                 0.000000       0.000000       0.000000       0.000000       0.000000
Blowbymassfl. [g/s]            0.000000       0.000000       0.000000       0.000000       0.000000
Blowby Heat Flow [kJ]          0.000000       0.000000       0.000000       0.000000       0.000000

Reference Values at Start of High Pressure:
-------------------------------------------
Pressure at SHP[bar]             0.8034         0.8034         0.8034         0.8034         0.8034
Temperature [K]                  441.12         441.12         441.12         441.12         441.12
Air Massfl.  [g/s]            42.958174      10.739544      10.739544      10.739544      10.739544
Fuel Massfl. [g/s]             2.963016       0.740754       0.740754       0.740754       0.740754
Trapp. Eff. Air [-]              1.0000         1.0000         1.0000         1.0000         1.0000
Trapp. Eff.Fuel [-]              1.0000         1.0000         1.0000         1.0000         1.0000
A/F-Ratio (Cmb.) [-]              14.65          14.65          14.65          14.65          14.65
Excess Air Ratio [-]             1.0105         1.0105         1.0105         1.0105         1.0105

Reference Values at Start Of Combustion:
----------------------------------------
Pressure [bar]                  10.7640        10.7640        10.7640        10.7640        10.7640
Temperature [K]                  799.97         799.97         799.97         799.97         799.97

Residual Gas:
-------------
Res.gas content [-]              0.1272         0.1272         0.1272         0.1272         0.1272
External EGR [-]                 0.0000         0.0000         0.0000         0.0000         0.0000
Internal EGR [-]                 0.1272         0.1272         0.1272         0.1272         0.1272
Com.Prod.Mass. at EO [g]       1.139475       0.284869       0.284869       0.284869       0.284869
Res.gas mass at SHP [g]        0.138321       0.034580       0.034580       0.034580       0.034580
Res.gas aspirated IN [g]       0.000001       0.000000       0.000000       0.000000       0.000000
Res.gas from intake [g]        0.046699       0.011675       0.011675       0.011675       0.011675
Rel. to Total [-]                0.3376         0.3376         0.3376         0.3376         0.3376
Res.gas flow EX [g]            1.001200       0.250300       0.250300       0.250300       0.250300
Res.gas from exhaust [g]       0.009051       0.002263       0.002263       0.002263       0.002263
Rel. to Total [-]                0.0654         0.0654         0.0654         0.0654         0.0654

Gas Exchange:
-------------
Volumetric Eff. [-]              0.4013         0.4013         0.4013         0.4013         0.4013
Rel. to Ave. [-]                                1.0000         1.0000         1.0000         1.0000
Total Mass at SHP[g]             1.0872         0.2718         0.2718         0.2718         0.2718
Mass Delivered [g]              0.93719        0.23430        0.23430        0.23430        0.23430
Mass Delivered [g/s]           42.95471       10.73868       10.73868       10.73868       10.73868
Delivery Ratio [-]               0.4013         0.4013         0.4013         0.4013         0.4013
Rel. to Ave. [-]                                1.0000         1.0000         1.0000         1.0000
Av.Airmass at SHP[g]             0.9373         0.2343         0.2343         0.2343         0.2343
Air Delivered [g]               0.93727        0.23432        0.23432        0.23432        0.23432
Air Delivered [g/s]            42.95817       10.73954       10.73954       10.73954       10.73954
Airdeliveryratio [-]             0.4013         0.4013         0.4013         0.4013         0.4013
Rel. to Ave. [-]                                1.0000         1.0000         1.0000         1.0000
Airmass Trapped [g]             0.93727        0.23432        0.23432        0.23432        0.23432
Airmass Trapped [g/s]          42.95817       10.73954       10.73954       10.73954       10.73954
Trapp. Eff. Air [-]              1.0000         1.0000         1.0000         1.0000         1.0000
Rel. to Ave. [-]                                1.0000         1.0000         1.0000         1.0000
Airpurity [-]                    0.8621         0.8621         0.8621         0.8621         0.8621
Dyn. Swirl [-]                   0.0000         0.0000         0.0000         0.0000         0.0000
Dyn. Tumble [-]                  0.0000         0.0000         0.0000         0.0000         0.0000

Wall Heatlosses:
----------------
Piston [kJ]                     -0.1399        -0.0350        -0.0350        -0.0350        -0.0350
Piston Temperature [K]                          555.00         555.00         555.00         555.00
Cylinderhead [kJ]              -0.16622       -0.04155       -0.04155       -0.04155       -0.04155
Head Temperature [K]                            625.00         625.00         625.00         625.00
Cylinderliner [kJ]             -0.19467       -0.04867       -0.04867       -0.04867       -0.04867
LinerTDC Temperature [K]                        453.00         453.00         453.00         453.00
LinerBDC Temperature [K]                        447.00         447.00         447.00         447.00
Sum of Wallheat [kJ]           -0.50080       -0.12520       -0.12520       -0.12520       -0.12520
Wall Heatlosses in High Pressure Phase:
Piston HP [kJ]                 -0.09534       -0.02383       -0.02383       -0.02383       -0.02383
Cylinderhead HP [kJ]           -0.11608       -0.02902       -0.02902       -0.02902       -0.02902
Cylinderliner HP [kJ]          -0.07207       -0.01802       -0.01802       -0.01802       -0.01802
Sum of Wallheat HP [kJ]        -0.28348       -0.07087       -0.07087       -0.07087       -0.07087
Wall Heatlosses Related to Heatinput:
Piston [-]                      -0.0498        -0.0498        -0.0498        -0.0498        -0.0498
Cylinderhead [-]                -0.0591        -0.0591        -0.0591        -0.0591        -0.0591
Cylinderliner [-]               -0.0692        -0.0692        -0.0692        -0.0692        -0.0692
Sum of Wallheat [-]             -0.1781        -0.1781        -0.1781        -0.1781        -0.1781
M. Eff. HTC [W/m2/K]             338.98         338.98         338.98         338.98         338.98
M. Eff. Temp. [K]               1365.12        1365.12        1365.12        1365.12        1365.12

Reference Values at EO:
-----------------------
Pressure [bar]                     2.72           2.72           2.72           2.72           2.72
Temperature [K]                 1628.99        1628.99        1628.99        1628.99        1628.99
A/F-Ratio [-]                     14.50          14.50          14.50          14.50          14.50
Com.Prod.Conc. [-]              0.99934        0.99934        0.99934        0.99934        0.99934
Fuel Concentr. [-]             0.000045       0.000045       0.000045       0.000045       0.000045

Average Values of Pipeattachements:
-----------------------------------
 Attached Pipe                                       1              3              5              7
Vlv/Prt.Op.Clr.0mm[deg]                         340.00         340.00         340.00         340.00
Vlv/Prt.Op.Eff.0mm[deg]                         340.00         340.00         340.00         340.00
Vlv/Prt.Op.Eff.1mm[deg]                         362.50         362.50         362.50         362.50
Vlv/Prt.Op.Udef.mm[deg]                         340.00         340.00         340.00         340.00
Vlv/Prt.Cl.Clr.0mm[deg]                         610.00         610.00         610.00         610.00
Vlv/Prt.Cl.Eff.0mm[deg]                         610.00         610.00         610.00         610.00
Vlv/Prt.Cl.Eff.1mm[deg]                         577.52         577.52         577.52         577.52
Vlv/Prt.Cl.Udef.mm[deg]                         610.00         610.00         610.00         610.00
Cam Phasing [deg]                                 0.00           0.00           0.00           0.00
Massflow [g/cycle]                            0.234298       0.234298       0.234298       0.234298
Wallheat [kJ/cycle]                          -0.000676      -0.000676      -0.000676      -0.000676
rel.to Heatinp.[-]                             -0.0010        -0.0010        -0.0010        -0.0010
 Attached Pipe                                       2              4              6              8
Vlv/Prt.Op.Clr.0mm[deg]                         130.00         130.00         130.00         130.00
Vlv/Prt.Op.Eff.0mm[deg]                         130.00         130.00         130.00         130.00
Vlv/Prt.Op.Eff.1mm[deg]                         150.84         150.84         150.84         150.84
Vlv/Prt.Op.Udef.mm[deg]                         130.00         130.00         130.00         130.00
Vlv/Prt.Cl.Clr.0mm[deg]                         390.00         390.00         390.00         390.00
Vlv/Prt.Cl.Eff.0mm[deg]                         390.00         390.00         390.00         390.00
Vlv/Prt.Cl.Eff.1mm[deg]                         356.00         356.00         356.00         356.00
Vlv/Prt.Cl.Udef.mm[deg]                         390.00         390.00         390.00         390.00
Cam Phasing [deg]                                 0.00           0.00           0.00           0.00
Massflow [g/cycle]                            0.250464       0.250464       0.250464       0.250464
Wallheat [kJ/cycle]                          -0.004633      -0.004633      -0.004633      -0.004633
rel.to Heatinp.[-]                             -0.0066        -0.0066        -0.0066        -0.0066

FLOWRESTRICTIONS: Average Values
--------------------------------
 Flr. Att.Pi.  Massflow  Att.Pi.  Massflow
  nr.  number [g/cycle]   number [g/cycle]
    1       2    0.2505       12    0.2505
    2       1    0.2343       18    0.2342
    3       4    0.2505       13    0.2505
    4       3    0.2343        9    0.2342
    5       6    0.2505       14    0.2505
    6       5    0.2343       10    0.2342
    7       8    0.2505       15    0.2505
    8       7    0.2343       11    0.2342

JUNCTIONS: Average Values
-------------------------
Junction   1: Attached pipe   9:     -0.2342 g/cycle
              Attached pipe  10:     -0.2342 g/cycle
              Attached pipe  11:     -0.2342 g/cycle
              Attached pipe  17:     -0.9373 g/cycle
              Attached pipe  18:     -0.2342 g/cycle
Junction   2: Attached pipe  12:     -0.2505 g/cycle
              Attached pipe  13:     -0.2505 g/cycle
              Attached pipe  14:     -0.2505 g/cycle
              Attached pipe  15:     -0.2505 g/cycle
              Attached pipe  16:     -1.0019 g/cycle

OVERALL ENGINE PERFORMANCE:
===========================

Indicated Torque          :     67.71 Nm                    Indicated Specific Torque :     33.89 Nm/l
Indicated Power           :     39.00 kW,        53.02 PS   Indicated Specific Power  :     19.52 kW/l,      26.54 PS/l
Friction Torque           :     32.03 Nm                    Friction Power            :     18.45 kW
Effective Torque          :     35.68 Nm                    Effective Specific Torque :     17.86 Nm/l
Effective Power           :     20.55 kW,        27.94 PS   Effective Specific Power  :     10.28 kW/l,      13.98 PS/l

Required time for reading the inputfile and initialisation:       0.08 min
Required time for the calculation: .........................      0.21 min
Required time for writing the outputfile: ..................      0.00 min
Required total time: .......................................      0.29 min
Required total CPU-time: ...................................      7.55 sec
