 --------------------------------
 AVL - B O O S T
 Version:        v2022.1.0.0.0
 Build:          Apr 27 2022 22:44:48
 Git Build Hash: 7670062eda46b95e13935a621f250d93513addf7
 System:         x86_64-unknown-winnt_i19v19
 --------------------------------

LICENSE
-------
 sys_1DCFD_solver 2022.0@ License will expire in 217 days

PROJECT
-------
 Preprocessor Version :  2022.1
 Calculation date     : 15.10.2025
 File     : single500_GDi.bst
 Case Set : "Case Set 1"
 Case     : "4_5k"
 
 Project ID: "4-Cylinder"
 Run ID:     "WOT"
 Model date: "7.3.2000"

ELEMENTS
--------
 Element Name        Number

 PIPE                  24
 SYSTEMBOUNDARY         2
 CYLINDER               4
 RESTRICTION            8
 MEASURINGPOINT         8
 JUNCTION               8
 ENGINE                 1
 PIPE_END              48
 ALL_PIPES             24
 ALL_BOUNDARIES         2
 RESTRICTIONS           8
 ALL_PIDS               1
 PIPE_VAR_WALL_TEMP    24

GLOBAL DATA
-----------
  Engine Speed :         4500.0  rpm
  Calculationmode:        BOOST  Single
  Cycle Duration:        720.00  degrees
  Max. calc. period:   14400.00  degrees
  Cycles calculated:         20  cycles
  Calc. time steps:     1.15542  degrees (max)
                        0.74206  degrees
                        0.02748  ms
  Traces results step:  5.00000  degrees
  User concentrations:        0
  Ref. pressure:      100000.00  Pa
  Ref. temperature:     298.000  K
  Gas properties:      Variable
  Gasproperties File:     GASOLINE.BGP
     bgp_build_version:   v2013.0.0.0.0
     bgp_build_host:      boosthost
     bgp_build_user:      boost
     bgp_build_date:      2012.03.23
     bgp_build_time:      08:00:00
  Lower calorific:  0.43500E+08  J/kg
  Stoic. A/F-ratio:      14.500

  Warnings:                   0
  Convergence errors:        75

PIPES
-----

 Total number of pipe cells:    122

 Pipe   Cells   Cell size       W.Heat     Wall T    Fric. coeff.   Lam. Fric. Coeff.  Heat Factor       Volume
  nr.                [mm]         [kJ]        [K]             [-]                 [-]          [-]        [dm3]
    1       2        40.0        0.001     340.00        0.040000           64.000000     1.000000     0.070513
    2       2        30.0       -0.007     850.00        0.040000           64.000000     1.000000     0.048255
    3       2        40.0        0.001     340.00        0.040000           64.000000     1.000000     0.070513
    4       2        30.0       -0.006     850.00        0.040000           64.000000     1.000000     0.048255
    5       2        40.0        0.001     340.00        0.040000           64.000000     1.000000     0.070513
    6       2        30.0       -0.006     850.00        0.040000           64.000000     1.000000     0.048255
    7       2        40.0        0.001     340.00        0.040000           64.000000     1.000000     0.070513
    8       2        30.0       -0.006     850.00        0.040000           64.000000     1.000000     0.048255
    9       8        30.0        0.001     300.00        0.019000           64.000000     1.000000     0.244290
   10       3        36.7        0.001     300.00        0.019000           64.000000     1.000000     0.111966
   11       8        30.0        0.001     300.00        0.019000           64.000000     1.000000     0.244290
   12       8        30.0        0.001     300.00        0.019000           64.000000     1.000000     0.244290
   13       3        36.7        0.000     300.00        0.019000           64.000000     1.000000     0.111966
   14       3        36.7        0.000     300.00        0.019000           64.000000     1.000000     0.111966
   15       8        30.0        0.000     300.00        0.019000           64.000000     1.000000     0.244290
   16       7        31.4       -0.092     300.00        0.019000           64.000000     1.000000     0.249505
   17       7        31.4       -0.089     300.00        0.019000           64.000000     1.000000     0.249505
   18       7        31.4       -0.095     300.00        0.019000           64.000000     1.000000     0.249505
   19       7        31.4       -0.093     300.00        0.019000           64.000000     1.000000     0.249505
   20       8        31.2       -0.177     300.00        0.019000           64.000000     1.000000     0.314159
   21       8        31.2       -0.172     300.00        0.019000           64.000000     1.000000     0.314159
   22      10        31.3       -0.208     300.00        0.019000           64.000000     1.000000     0.433089
   23       8        30.7        0.002     300.00        0.019000           64.000000     1.000000     0.250194
   24       3        36.7        0.001     300.00        0.019000           64.000000     1.000000     0.111966


MEASURINGPOINTS: Average Values
-------------------------------
 Mp. Pipe Location   Diameter  Pressure  Temp. Ms.Temp.  Velo.   Massflow   Massflow To.Ent.f.  To.Ent.f.  Mach. Wtemp.  Converg.
 nr.  nr.     [mm]       [mm]     [bar]    [K]      [K]  [m/s]      [g/s]  [g/cycle]    [kJ/s]  [kJ/cyc.]    [-]    [K]       [-]
  1   1    10.0000    33.5000    0.9506  297.3    289.0   25.6    24.3253     0.6487    -0.047    -0.0013   0.08  340.0 0.310E-08
  2  18    10.0000    38.0000    1.2075 1016.4   1271.7   59.8    26.0083     0.6936    31.707     0.8455   0.09  300.0 0.388E-06
  3   3    10.0000    33.5000    0.9392  299.9    287.1   24.3    22.1327     0.5902    -0.041    -0.0011   0.07  340.0 0.451E-07
  4  16    10.0000    38.0000    1.1999 1028.8   1271.9   56.7    23.6624     0.6310    28.727     0.7660   0.08  300.0 0.197E-06
  5   5    10.0000    33.5000    0.9332  299.5    284.9   23.4    20.3504     0.5427    -0.107    -0.0029   0.07  340.0 0.667E-08
  6  17    10.0000    38.0000    1.2007 1039.1   1271.4   53.9    21.7521     0.5801    26.293     0.7011   0.08  300.0 0.111E-06
  7   7    10.0000    33.5000    0.9395  297.3    290.6   25.2    23.3270     0.6221    -0.020    -0.0005   0.07  340.0 0.627E-07
  8  19    10.0000    38.0000    1.2069 1022.7   1274.1   57.9    24.9407     0.6651    30.394     0.8105   0.09  300.0 0.171E-07

SYSTEMBOUNDARIES
Attachments
-----------
 Type                 Nr.   Pipe       Mass flow
                             Nr.       [g/cycle]
 SYSTEMBOUNDARY        1     23          2.4028
 SYSTEMBOUNDARY        2     22          2.5696

CYLINDERS: Average Values
-------------------------
                               Total
                              Engine         Cyl.   1       Cyl.   2       Cyl.   3       Cyl.   4
Firing TDC [deg]                                  0.00         540.00         180.00         360.00
Bore [mm]                                        86.00          86.00          86.00          86.00
Stroke [mm]                                      86.00          86.00          86.00          86.00
Conrodl. [mm]                                   143.50         143.50         143.50         143.50
Piston pin offset [mm]                            0.00           0.00           0.00           0.00
Swept Vol. [l]                   1.9982         0.4996         0.4996         0.4996         0.4996
Compression ratio [-]                            10.50          10.50          10.50          10.50
Dyn. Comp. ratio [-]                              8.01           8.00           8.00           8.01

Combustion Data:
----------------
Combustion Char.                               2Z-Vibe        2Z-Vibe        2Z-Vibe        2Z-Vibe     
Comb.start [deg]                                -10.00         -10.00         -10.00         -10.00
Comb.dur.1 [deg]                                 50.00          50.00          50.00          50.00
Peak Fir.Pres. [bar]              68.94          74.47          67.74          62.10          71.47
at Crankangle [deg]               14.93          14.94          14.91          14.90          14.98
Peak Pres.Rise[bar/deg]            2.94           3.17           2.89           2.66           3.05
at Crankangle [deg]                2.25           2.26           2.25           2.25           2.26
Peak Fir. Temp. [K]             2602.07        2609.99        2600.56        2590.90        2606.83
at Crankangle [deg]               24.32          24.26          24.32          24.17          24.52
Peak T_burned [K]               2758.90        2767.49        2756.98        2747.05        2764.06
at Crankangle [deg]               11.43          11.44          11.41          11.40          11.46
Res. Gascompr. [bar]               1.00           1.21           0.77           0.79           1.22
at Crankangle [deg]              325.85         297.67         355.01         353.71         297.01
Evaporation Energy [kJ]         -0.0487        -0.0131        -0.0120        -0.0110        -0.0126
Required O.N. [-]                 93.91          93.91          89.14          84.27          92.13
Knock Intensity [-]               -1.00           0.00           0.00           0.00           0.00

Emissions (Classic Species Transport):
--------------------------------------
NOx: Calculated based on MTZ 34 1973 (12).
CO:  Calculated based on SAE 2002-01-0006.
HC:  Calculated based on SAE 2002-01-0006.
NOX   [g/kWh]                 10.736686      10.960394      10.674246      10.329899      10.907987
NOX   [g/h]                 1019.749467     284.143146     248.454193     217.785604     269.366525
NOX   [ppm]                     2840.50        2932.20        2818.68        2687.48        2899.01
CO    [g/kWh]                  0.716903       0.693865       0.725335       0.741938       0.711768
CO    [g/h]                   68.090037      17.988122      16.882921      15.642296      17.576699
CO    [ppm]                      203.18         198.85         205.18         206.78         202.64
HC    [g/kWh]                  0.445004       0.416210       0.451538       0.487212       0.433038
HC    [g/h]                   42.265619      10.790056      10.510025      10.271901      10.693638
HC    [ppm]                       84.11          79.55          85.19          90.56          82.22

Performance:
------------
IMEP [bar]                      14.3750        15.5387        14.1249        12.9543        14.8820
Rel. to Ave. [-]                                1.0810         0.9826         0.9012         1.0353
IMEP Exh. [bar]                 -1.1083        -1.1357        -1.0970        -1.0745        -1.1260
IMEP Int. [bar]                  0.8127         0.8348         0.8141         0.7801         0.8220
IMEP Gasex. [bar]               -0.2956        -0.3009        -0.2829        -0.2945        -0.3040
IMEP HP [bar]                   14.6705        15.8396        14.4078        13.2487        15.1860
FMEP [bar]                       1.7000         1.7000         1.7000         1.7000         1.7000
BMEP [bar]                      12.6750        13.8387        12.4249        11.2543        13.1820
AMEP;SMEP [bar]                  0.0000         0.0000         0.0000         0.0000         0.0000
ISFC [g/kWh]                   207.6677       207.3864       207.5947       208.0556       207.6931
Rel. to Ave. [-]                                0.9986         0.9996         1.0019         1.0001
ISFC (tr.f.) [g/kWh]           207.6650       207.3814       207.5919       208.0525       207.6930
BSFC [g/kWh]                   235.5207       232.8626       235.9983       239.4833       234.4780
Indicated Eff. [-]               0.3985         0.3991         0.3987         0.3978         0.3985
Iso vol. comb. Eff [-]           0.9565         0.9565         0.9565         0.9565         0.9564
Polytropic Coeff. [-]                           1.2885         1.2893         1.2913         1.2881

Fuel Mass Balance:
------------------
Inj. Fuelmass [g]              0.165698       0.044717       0.040690       0.037400       0.042891
Asp.Trap. Fuelmass [g]        -0.000002      -0.000001      -0.000001      -0.000001      -0.000000
Fuelmassfl.(A+I) [g/s]         6.213693       1.676904       1.525863       1.402509       1.608417
Fuelmass tot.trap. [g]         0.165696       0.044716       0.040689       0.037400       0.042891
Trapped Fuelm.fl.[g/s]         6.213610       1.676864       1.525842       1.402488       1.608416
Trapp. Eff. Fuel [-]             1.0000         1.0000         1.0000         1.0000         1.0000

Energy Balance Cylinder:
------------------------
Fuel Energy [kJ]                7.20883        1.94549        1.77021        1.62712        1.86601
Released Energy [kJ]            6.99002        1.88623        1.71658        1.57767        1.80954
-> Brake Power     [%]           36.234         36.651         36.159         35.636         36.391
-> Loss: Friction  [%]            4.860          4.502          4.947          5.383          4.693
-> Loss: Piston    [%]            3.752          3.704          3.768          3.808          3.737
-> Loss: Head      [%]            4.553          4.498          4.572          4.616          4.537
-> Loss: Liner     [%]            4.517          4.456          4.540          4.583          4.500
-> Loss: Int. Port [%]           -0.022         -0.021         -0.022         -0.024         -0.022
-> Loss: Exh. Port [%]            0.370          0.355          0.373          0.390          0.364
-> Loss: Exh. Gas  [%]           46.209         46.324         46.137         46.087         46.263
Eff. Rel. Energy [kJ]           6.97412        1.88195        1.71268        1.57408        1.80541
Gross Rel. Energy [kJ]          6.99002        1.88623        1.71658        1.57767        1.80954
Eff.Gross Rel.Ener.[kJ]         6.97412        1.88195        1.71268        1.57408        1.80541
Energy Balance [-]               0.9988         0.9987         0.9989         0.9988         0.9989
Eff. Energy Balance [-]          0.9965         0.9964         0.9966         0.9965         0.9966

Blowby:
-------
Blowbymass [g]                 0.000000       0.000000       0.000000       0.000000       0.000000
Blowbymassfl. [g/s]            0.000000       0.000000       0.000000       0.000000       0.000000
Blowby Heat Flow [kJ]          0.000000       0.000000       0.000000       0.000000       0.000000

Reference Values at Start of High Pressure:
-------------------------------------------
Pressure at SHP[bar]             1.6624         1.7989         1.6357         1.4824         1.7327
Temperature [K]                  397.13         399.47         397.39         391.34         400.34
Air Massfl.  [g/s]            90.147236      24.330840      22.134508      20.349246      23.332641
Fuel Massfl. [g/s]             6.213693       1.676904       1.525863       1.402509       1.608417
Trapp. Eff. Air [-]              0.9995         0.9994         0.9996         0.9994         0.9995
Trapp. Eff.Fuel [-]              1.0000         1.0000         1.0000         1.0000         1.0000
A/F-Ratio (Cmb.) [-]              14.56          14.56          14.56          14.56          14.56
Excess Air Ratio [-]             1.0042         1.0042         1.0042         1.0042         1.0042

Reference Values at Start Of Combustion:
----------------------------------------
Pressure [bar]                  22.7340        24.5181        22.4133        20.2431        23.7615
Temperature [K]                  731.61         734.55         732.31         722.83         736.77

Residual Gas:
-------------
Res.gas content [-]              0.0236         0.0212         0.0247         0.0262         0.0228
External EGR [-]                 0.0000        -0.0000         0.0000         0.0000         0.0000
Internal EGR [-]                 0.0236         0.0212         0.0247         0.0262         0.0228
Com.Prod.Mass. at EO [g]       2.624682       0.706638       0.645248       0.593886       0.678909
Res.gas mass at SHP [g]        0.058740       0.014219       0.015107       0.014755       0.014660
Res.gas aspirated IN [g]       0.000000      -0.000000       0.000000       0.000000       0.000000
Res.gas from intake [g]        0.000000       0.000000       0.000000       0.000000       0.000000
Rel. to Total [-]                0.0000         0.0000         0.0000         0.0000         0.0000
Res.gas flow EX [g]            2.566000       0.692431       0.630149       0.579156       0.664263
Res.gas from exhaust [g]       0.006103       0.001340       0.001685       0.001542       0.001535
Rel. to Total [-]                0.1039         0.0943         0.1115         0.1045         0.1047

Gas Exchange:
-------------
Volumetric Eff. [-]              1.0287         1.1105         1.0105         0.9288         1.0651
Rel. to Ave. [-]                                1.0795         0.9823         0.9028         1.0354
Total Mass at SHP[g]             2.4912         0.6707         0.6124         0.5638         0.6443
Mass Delivered [g]              2.40393        0.64882        0.59025        0.54265        0.62220
Mass Delivered [g/s]           90.14724       24.33084       22.13451       20.34925       23.33264
Delivery Ratio [-]               1.0293         1.1112         1.0109         0.9294         1.0656
Rel. to Ave. [-]                                1.0796         0.9821         0.9029         1.0353
Av.Airmass at SHP[g]             2.4026         0.6484         0.5900         0.5423         0.6219
Air Delivered [g]               2.40393        0.64882        0.59025        0.54265        0.62220
Air Delivered [g/s]            90.14724       24.33084       22.13451       20.34925       23.33264
Airdeliveryratio [-]             1.0293         1.1112         1.0109         0.9294         1.0656
Rel. to Ave. [-]                                1.0796         0.9821         0.9029         1.0353
Airmass Trapped [g]             2.40263        0.64841        0.59000        0.54230        0.62192
Airmass Trapped [g/s]          90.09859       24.31520       22.12503       20.33636       23.32200
Trapp. Eff. Air [-]              0.9995         0.9994         0.9996         0.9994         0.9995
Rel. to Ave. [-]                                0.9999         1.0001         0.9999         1.0001
Airpurity [-]                    0.9644         0.9668         0.9634         0.9619         0.9653
Dyn. Swirl [-]                   0.0000         0.0000         0.0000         0.0000         0.0000
Dyn. Tumble [-]                  0.0000         0.0000         0.0000         0.0000         0.0000

Wall Heatlosses:
----------------
Piston [kJ]                     -0.2623        -0.0699        -0.0647        -0.0601        -0.0676
Piston Temperature [K]                          545.00         545.00         545.00         545.00
Cylinderhead [kJ]              -0.31826       -0.08485       -0.07848       -0.07283       -0.08210
Head Temperature [K]                            602.00         602.00         602.00         602.00
Cylinderliner [kJ]             -0.31573       -0.08406       -0.07794       -0.07230       -0.08143
LinerTDC Temperature [K]                        447.00         447.00         447.00         447.00
LinerBDC Temperature [K]                        443.00         443.00         443.00         443.00
Sum of Wallheat [kJ]           -0.89625       -0.23877       -0.22111       -0.20521       -0.23116
Wall Heatlosses in High Pressure Phase:
Piston HP [kJ]                 -0.22963       -0.06131       -0.05655       -0.05252       -0.05925
Cylinderhead HP [kJ]           -0.28455       -0.07599       -0.07007       -0.06506       -0.07343
Cylinderliner HP [kJ]          -0.16882       -0.04504       -0.04151       -0.03872       -0.04354
Sum of Wallheat HP [kJ]        -0.68300       -0.18233       -0.16814       -0.15631       -0.17622
Wall Heatlosses Related to Heatinput:
Piston [-]                      -0.0364        -0.0359        -0.0365        -0.0369        -0.0362
Cylinderhead [-]                -0.0442        -0.0436        -0.0443        -0.0448        -0.0440
Cylinderliner [-]               -0.0438        -0.0432        -0.0440        -0.0444        -0.0436
Sum of Wallheat [-]             -0.1243        -0.1228        -0.1249        -0.1261        -0.1239
M. Eff. HTC [W/m2/K]             492.11         519.10         487.08         458.28         503.97
M. Eff. Temp. [K]               1400.95        1410.07        1398.67        1387.80        1407.28

Reference Values at EO:
-----------------------
Pressure [bar]                     6.68           7.22           6.57           5.99           6.92
Temperature [K]                 1733.50        1740.18        1732.99        1723.03        1737.80
A/F-Ratio [-]                     14.50          14.50          14.50          14.50          14.50
Com.Prod.Conc. [-]              0.99912        0.99903        0.99916        0.99908        0.99920
Fuel Concentr. [-]             0.000059       0.000065       0.000056       0.000061       0.000054

Average Values of Pipeattachements:
-----------------------------------
 Attached Pipe                                       1              3              5              7
Vlv/Prt.Op.Clr.0mm[deg]                         340.00         340.00         340.00         340.00
Vlv/Prt.Op.Eff.0mm[deg]                         340.00         340.00         340.00         340.00
Vlv/Prt.Op.Eff.1mm[deg]                         362.50         362.50         362.50         362.50
Vlv/Prt.Op.Udef.mm[deg]                         340.00         340.00         340.00         340.00
Vlv/Prt.Cl.Clr.0mm[deg]                         610.00         610.00         610.00         610.00
Vlv/Prt.Cl.Eff.0mm[deg]                         610.00         610.00         610.00         610.00
Vlv/Prt.Cl.Eff.1mm[deg]                         577.52         577.52         577.52         577.52
Vlv/Prt.Cl.Udef.mm[deg]                         610.00         610.00         610.00         610.00
Cam Phasing [deg]                                 0.00           0.00           0.00           0.00
Massflow [g/cycle]                            0.648822       0.590254       0.542647       0.622204
Wallheat [kJ/cycle]                           0.000404       0.000372       0.000374       0.000391
rel.to Heatinp.[-]                              0.0002         0.0002         0.0002         0.0002
 Attached Pipe                                       2              4              6              8
Vlv/Prt.Op.Clr.0mm[deg]                         130.00         130.00         130.00         130.00
Vlv/Prt.Op.Eff.0mm[deg]                         130.00         130.00         130.00         130.00
Vlv/Prt.Op.Eff.1mm[deg]                         150.84         150.84         150.84         150.84
Vlv/Prt.Op.Udef.mm[deg]                         130.00         130.00         130.00         130.00
Vlv/Prt.Cl.Clr.0mm[deg]                         390.00         390.00         390.00         390.00
Vlv/Prt.Cl.Eff.0mm[deg]                         390.00         390.00         390.00         390.00
Vlv/Prt.Cl.Eff.1mm[deg]                         356.00         356.00         356.00         356.00
Vlv/Prt.Cl.Udef.mm[deg]                         390.00         390.00         390.00         390.00
Cam Phasing [deg]                                 0.00           0.00           0.00           0.00
Massflow [g/cycle]                            0.693539       0.630945       0.580046       0.665095
Wallheat [kJ/cycle]                          -0.006694      -0.006407      -0.006160      -0.006582
rel.to Heatinp.[-]                             -0.0034        -0.0036        -0.0038        -0.0035

FLOWRESTRICTIONS: Average Values
--------------------------------
 Flr. Att.Pi.  Massflow  Att.Pi.  Massflow
  nr.  number [g/cycle]   number [g/cycle]
    1       2    0.6935       18    0.6936
    2       1    0.6488        9    0.6489
    3       4    0.6309       16    0.6311
    4       3    0.5903       11    0.5903
    5       6    0.5800       17    0.5801
    6       5    0.5426       12    0.5427
    7       8    0.6651       19    0.6652
    8       7    0.6222       15    0.6221

JUNCTIONS: Average Values
-------------------------
Junction   1: Attached pipe   9:     -0.6489 g/cycle
              Attached pipe  10:     -1.7549 g/cycle
              Attached pipe  24:     -2.4037 g/cycle
Junction   2: Attached pipe  10:     -1.7549 g/cycle
              Attached pipe  11:     -0.5903 g/cycle
              Attached pipe  13:     -1.1642 g/cycle
Junction   3: Attached pipe  12:     -0.5427 g/cycle
              Attached pipe  13:     -1.1642 g/cycle
              Attached pipe  14:     -0.6213 g/cycle
Junction   4: Attached pipe  14:     -0.6213 g/cycle
              Attached pipe  15:     -0.6221 g/cycle
Junction   5: Attached pipe  16:     -0.6311 g/cycle
              Attached pipe  17:     -0.5802 g/cycle
              Attached pipe  21:     -1.2110 g/cycle
Junction   6: Attached pipe  18:     -0.6936 g/cycle
              Attached pipe  19:     -0.6652 g/cycle
              Attached pipe  20:     -1.3586 g/cycle
Junction   7: Attached pipe  20:     -1.3586 g/cycle
              Attached pipe  21:     -1.2110 g/cycle
              Attached pipe  22:     -2.5696 g/cycle
Junction   8: Attached pipe  23:     -2.4028 g/cycle
              Attached pipe  24:     -2.4037 g/cycle

OVERALL ENGINE PERFORMANCE:
===========================

Indicated Torque          :    228.58 Nm                    Indicated Specific Torque :    114.39 Nm/l
Indicated Power           :    107.72 kW,       146.45 PS   Indicated Specific Power  :     53.91 kW/l,      73.29 PS/l
Friction Torque           :     27.03 Nm                    Friction Power            :     12.74 kW
Effective Torque          :    201.55 Nm                    Effective Specific Torque :    100.86 Nm/l
Effective Power           :     94.98 kW,       129.13 PS   Effective Specific Power  :     47.53 kW/l,      64.62 PS/l

Required time for reading the inputfile and initialisation:       0.07 min
Required time for the calculation: .........................      0.12 min
Required time for writing the outputfile: ..................      0.00 min
Required total time: .......................................      0.19 min
Required total CPU-time: ...................................      6.61 sec
